[2022-11-06T17:14:35.567-0300] {taskinstance.py:1165} INFO - Dependencies all met for <TaskInstance: get_urls_deca.get_urls_produtos manual__2022-11-06T20:14:32.130987+00:00 [queued]>
[2022-11-06T17:14:35.585-0300] {taskinstance.py:1165} INFO - Dependencies all met for <TaskInstance: get_urls_deca.get_urls_produtos manual__2022-11-06T20:14:32.130987+00:00 [queued]>
[2022-11-06T17:14:35.587-0300] {taskinstance.py:1362} INFO - 
--------------------------------------------------------------------------------
[2022-11-06T17:14:35.587-0300] {taskinstance.py:1363} INFO - Starting attempt 1 of 1
[2022-11-06T17:14:35.587-0300] {taskinstance.py:1364} INFO - 
--------------------------------------------------------------------------------
[2022-11-06T17:14:35.607-0300] {taskinstance.py:1383} INFO - Executing <Task(PythonOperator): get_urls_produtos> on 2022-11-06 20:14:32.130987+00:00
[2022-11-06T17:14:35.613-0300] {standard_task_runner.py:55} INFO - Started process 33427 to run task
[2022-11-06T17:14:35.616-0300] {standard_task_runner.py:82} INFO - Running: ['airflow', 'tasks', 'run', 'get_urls_deca', 'get_urls_produtos', 'manual__2022-11-06T20:14:32.130987+00:00', '--job-id', '406', '--raw', '--subdir', 'DAGS_FOLDER/teste_excom.py', '--cfg-path', '/tmp/tmpegy_j0qv']
[2022-11-06T17:14:35.617-0300] {standard_task_runner.py:83} INFO - Job 406: Subtask get_urls_produtos
[2022-11-06T17:14:35.843-0300] {task_command.py:376} INFO - Running <TaskInstance: get_urls_deca.get_urls_produtos manual__2022-11-06T20:14:32.130987+00:00 [running]> on host debian
[2022-11-06T17:14:36.011-0300] {taskinstance.py:1590} INFO - Exporting the following env vars:
AIRFLOW_CTX_DAG_OWNER=airflow
AIRFLOW_CTX_DAG_ID=get_urls_deca
AIRFLOW_CTX_TASK_ID=get_urls_produtos
AIRFLOW_CTX_EXECUTION_DATE=2022-11-06T20:14:32.130987+00:00
AIRFLOW_CTX_TRY_NUMBER=1
AIRFLOW_CTX_DAG_RUN_ID=manual__2022-11-06T20:14:32.130987+00:00
[2022-11-06T17:14:42.471-0300] {python.py:177} INFO - Done. Returned value was: None
[2022-11-06T17:14:42.527-0300] {taskinstance.py:1401} INFO - Marking task as SUCCESS. dag_id=get_urls_deca, task_id=get_urls_produtos, execution_date=20221106T201432, start_date=20221106T201435, end_date=20221106T201442
[2022-11-06T17:14:42.580-0300] {local_task_job.py:164} INFO - Task exited with return code 0
[2022-11-06T17:14:42.624-0300] {local_task_job.py:273} INFO - 1 downstream tasks scheduled from follow-on schedule check
