[2022-11-06T19:39:46.983-0300] {taskinstance.py:1165} INFO - Dependencies all met for <TaskInstance: Dag_ETL.task_deca manual__2022-11-06T22:32:15.887990+00:00 [queued]>
[2022-11-06T19:39:46.996-0300] {taskinstance.py:1165} INFO - Dependencies all met for <TaskInstance: Dag_ETL.task_deca manual__2022-11-06T22:32:15.887990+00:00 [queued]>
[2022-11-06T19:39:46.996-0300] {taskinstance.py:1362} INFO - 
--------------------------------------------------------------------------------
[2022-11-06T19:39:46.996-0300] {taskinstance.py:1363} INFO - Starting attempt 2 of 2
[2022-11-06T19:39:46.996-0300] {taskinstance.py:1364} INFO - 
--------------------------------------------------------------------------------
[2022-11-06T19:39:47.009-0300] {taskinstance.py:1383} INFO - Executing <Task(PythonOperator): task_deca> on 2022-11-06 22:32:15.887990+00:00
[2022-11-06T19:39:47.016-0300] {standard_task_runner.py:55} INFO - Started process 18613 to run task
[2022-11-06T19:39:47.022-0300] {standard_task_runner.py:82} INFO - Running: ['airflow', 'tasks', 'run', 'Dag_ETL', 'task_deca', 'manual__2022-11-06T22:32:15.887990+00:00', '--job-id', '505', '--raw', '--subdir', 'DAGS_FOLDER/teste_excom.py', '--cfg-path', '/tmp/tmp9rbrbgxo']
[2022-11-06T19:39:47.027-0300] {standard_task_runner.py:83} INFO - Job 505: Subtask task_deca
[2022-11-06T19:39:47.144-0300] {task_command.py:376} INFO - Running <TaskInstance: Dag_ETL.task_deca manual__2022-11-06T22:32:15.887990+00:00 [running]> on host debian
[2022-11-06T19:39:47.222-0300] {taskinstance.py:1590} INFO - Exporting the following env vars:
AIRFLOW_CTX_DAG_OWNER=airflow
AIRFLOW_CTX_DAG_ID=Dag_ETL
AIRFLOW_CTX_TASK_ID=task_deca
AIRFLOW_CTX_EXECUTION_DATE=2022-11-06T22:32:15.887990+00:00
AIRFLOW_CTX_TRY_NUMBER=2
AIRFLOW_CTX_DAG_RUN_ID=manual__2022-11-06T22:32:15.887990+00:00
[2022-11-06T19:39:47.222-0300] {logging_mixin.py:120} INFO - teste
[2022-11-06T19:39:47.250-0300] {local_task_job.py:164} INFO - Task exited with return code 1
[2022-11-06T19:39:47.280-0300] {local_task_job.py:273} INFO - 0 downstream tasks scheduled from follow-on schedule check
