[2022-11-06T21:00:21.998-0300] {processor.py:154} INFO - Started process (PID=61275) to work on /home/debian/etlhausz/airflow/dags/ETL_google_urls_sellers.py
[2022-11-06T21:00:21.999-0300] {processor.py:756} INFO - Processing file /home/debian/etlhausz/airflow/dags/ETL_google_urls_sellers.py for tasks to queue
[2022-11-06T21:00:22.000-0300] {logging_mixin.py:120} INFO - [2022-11-06T21:00:21.999-0300] {dagbag.py:537} INFO - Filling up the DagBag from /home/debian/etlhausz/airflow/dags/ETL_google_urls_sellers.py
[2022-11-06T21:00:23.293-0300] {logging_mixin.py:120} WARNING - /home/debian/etlhausz/venv/lib/python3.9/site-packages/airflow/models/dag.py:3405 RemovedInAirflow3Warning: Param `schedule_interval` is deprecated and will be removed in a future release. Please use `schedule` instead.
[2022-11-06T21:00:23.304-0300] {processor.py:766} INFO - DAG(s) dict_keys(['get_urls_googleshopping']) retrieved from /home/debian/etlhausz/airflow/dags/ETL_google_urls_sellers.py
[2022-11-06T21:00:23.340-0300] {logging_mixin.py:120} INFO - [2022-11-06T21:00:23.339-0300] {dag.py:2585} INFO - Sync 1 DAGs
[2022-11-06T21:00:23.363-0300] {logging_mixin.py:120} INFO - [2022-11-06T21:00:23.362-0300] {dag.py:3336} INFO - Setting next_dagrun for get_urls_googleshopping to None, run_after=None
[2022-11-06T21:00:23.386-0300] {processor.py:176} INFO - Processing /home/debian/etlhausz/airflow/dags/ETL_google_urls_sellers.py took 1.393 seconds
[2022-11-06T21:00:53.986-0300] {processor.py:154} INFO - Started process (PID=61842) to work on /home/debian/etlhausz/airflow/dags/ETL_google_urls_sellers.py
[2022-11-06T21:00:53.993-0300] {processor.py:756} INFO - Processing file /home/debian/etlhausz/airflow/dags/ETL_google_urls_sellers.py for tasks to queue
[2022-11-06T21:00:53.994-0300] {logging_mixin.py:120} INFO - [2022-11-06T21:00:53.994-0300] {dagbag.py:537} INFO - Filling up the DagBag from /home/debian/etlhausz/airflow/dags/ETL_google_urls_sellers.py
[2022-11-06T21:00:55.103-0300] {logging_mixin.py:120} WARNING - /home/debian/etlhausz/venv/lib/python3.9/site-packages/airflow/models/dag.py:3405 RemovedInAirflow3Warning: Param `schedule_interval` is deprecated and will be removed in a future release. Please use `schedule` instead.
[2022-11-06T21:00:55.111-0300] {processor.py:766} INFO - DAG(s) dict_keys(['get_urls_googleshopping']) retrieved from /home/debian/etlhausz/airflow/dags/ETL_google_urls_sellers.py
[2022-11-06T21:00:55.151-0300] {logging_mixin.py:120} INFO - [2022-11-06T21:00:55.151-0300] {dag.py:2585} INFO - Sync 1 DAGs
[2022-11-06T21:00:55.173-0300] {logging_mixin.py:120} INFO - [2022-11-06T21:00:55.172-0300] {dag.py:3336} INFO - Setting next_dagrun for get_urls_googleshopping to None, run_after=None
[2022-11-06T21:00:55.202-0300] {processor.py:176} INFO - Processing /home/debian/etlhausz/airflow/dags/ETL_google_urls_sellers.py took 1.219 seconds
[2022-11-06T21:01:25.395-0300] {processor.py:154} INFO - Started process (PID=62449) to work on /home/debian/etlhausz/airflow/dags/ETL_google_urls_sellers.py
[2022-11-06T21:01:25.396-0300] {processor.py:756} INFO - Processing file /home/debian/etlhausz/airflow/dags/ETL_google_urls_sellers.py for tasks to queue
[2022-11-06T21:01:25.399-0300] {logging_mixin.py:120} INFO - [2022-11-06T21:01:25.399-0300] {dagbag.py:537} INFO - Filling up the DagBag from /home/debian/etlhausz/airflow/dags/ETL_google_urls_sellers.py
[2022-11-06T21:01:27.933-0300] {logging_mixin.py:120} WARNING - /home/debian/etlhausz/venv/lib/python3.9/site-packages/airflow/models/dag.py:3405 RemovedInAirflow3Warning: Param `schedule_interval` is deprecated and will be removed in a future release. Please use `schedule` instead.
[2022-11-06T21:01:27.960-0300] {processor.py:766} INFO - DAG(s) dict_keys(['get_urls_googleshopping']) retrieved from /home/debian/etlhausz/airflow/dags/ETL_google_urls_sellers.py
[2022-11-06T21:01:28.042-0300] {logging_mixin.py:120} INFO - [2022-11-06T21:01:28.042-0300] {dag.py:2585} INFO - Sync 1 DAGs
[2022-11-06T21:01:28.136-0300] {logging_mixin.py:120} INFO - [2022-11-06T21:01:28.136-0300] {dag.py:3336} INFO - Setting next_dagrun for get_urls_googleshopping to None, run_after=None
[2022-11-06T21:01:28.368-0300] {processor.py:176} INFO - Processing /home/debian/etlhausz/airflow/dags/ETL_google_urls_sellers.py took 2.979 seconds
[2022-11-06T21:01:58.548-0300] {processor.py:154} INFO - Started process (PID=63012) to work on /home/debian/etlhausz/airflow/dags/ETL_google_urls_sellers.py
[2022-11-06T21:01:58.549-0300] {processor.py:756} INFO - Processing file /home/debian/etlhausz/airflow/dags/ETL_google_urls_sellers.py for tasks to queue
[2022-11-06T21:01:58.551-0300] {logging_mixin.py:120} INFO - [2022-11-06T21:01:58.551-0300] {dagbag.py:537} INFO - Filling up the DagBag from /home/debian/etlhausz/airflow/dags/ETL_google_urls_sellers.py
[2022-11-06T21:02:00.009-0300] {logging_mixin.py:120} WARNING - /home/debian/etlhausz/venv/lib/python3.9/site-packages/airflow/models/dag.py:3405 RemovedInAirflow3Warning: Param `schedule_interval` is deprecated and will be removed in a future release. Please use `schedule` instead.
[2022-11-06T21:02:00.024-0300] {processor.py:766} INFO - DAG(s) dict_keys(['get_urls_googleshopping']) retrieved from /home/debian/etlhausz/airflow/dags/ETL_google_urls_sellers.py
[2022-11-06T21:02:00.068-0300] {logging_mixin.py:120} INFO - [2022-11-06T21:02:00.068-0300] {dag.py:2585} INFO - Sync 1 DAGs
[2022-11-06T21:02:00.108-0300] {logging_mixin.py:120} INFO - [2022-11-06T21:02:00.108-0300] {dag.py:3336} INFO - Setting next_dagrun for get_urls_googleshopping to None, run_after=None
[2022-11-06T21:02:00.133-0300] {processor.py:176} INFO - Processing /home/debian/etlhausz/airflow/dags/ETL_google_urls_sellers.py took 1.592 seconds
[2022-11-06T21:02:30.242-0300] {processor.py:154} INFO - Started process (PID=63573) to work on /home/debian/etlhausz/airflow/dags/ETL_google_urls_sellers.py
[2022-11-06T21:02:30.245-0300] {processor.py:756} INFO - Processing file /home/debian/etlhausz/airflow/dags/ETL_google_urls_sellers.py for tasks to queue
[2022-11-06T21:02:30.246-0300] {logging_mixin.py:120} INFO - [2022-11-06T21:02:30.246-0300] {dagbag.py:537} INFO - Filling up the DagBag from /home/debian/etlhausz/airflow/dags/ETL_google_urls_sellers.py
[2022-11-06T21:02:31.505-0300] {logging_mixin.py:120} WARNING - /home/debian/etlhausz/venv/lib/python3.9/site-packages/airflow/models/dag.py:3405 RemovedInAirflow3Warning: Param `schedule_interval` is deprecated and will be removed in a future release. Please use `schedule` instead.
[2022-11-06T21:02:31.515-0300] {processor.py:766} INFO - DAG(s) dict_keys(['get_urls_googleshopping']) retrieved from /home/debian/etlhausz/airflow/dags/ETL_google_urls_sellers.py
[2022-11-06T21:02:31.676-0300] {logging_mixin.py:120} INFO - [2022-11-06T21:02:31.675-0300] {dag.py:2585} INFO - Sync 1 DAGs
[2022-11-06T21:02:31.798-0300] {logging_mixin.py:120} INFO - [2022-11-06T21:02:31.798-0300] {dag.py:3336} INFO - Setting next_dagrun for get_urls_googleshopping to None, run_after=None
[2022-11-06T21:02:31.819-0300] {processor.py:176} INFO - Processing /home/debian/etlhausz/airflow/dags/ETL_google_urls_sellers.py took 1.580 seconds
[2022-11-06T21:03:02.201-0300] {processor.py:154} INFO - Started process (PID=64174) to work on /home/debian/etlhausz/airflow/dags/ETL_google_urls_sellers.py
[2022-11-06T21:03:02.202-0300] {processor.py:756} INFO - Processing file /home/debian/etlhausz/airflow/dags/ETL_google_urls_sellers.py for tasks to queue
[2022-11-06T21:03:02.203-0300] {logging_mixin.py:120} INFO - [2022-11-06T21:03:02.202-0300] {dagbag.py:537} INFO - Filling up the DagBag from /home/debian/etlhausz/airflow/dags/ETL_google_urls_sellers.py
[2022-11-06T21:03:03.360-0300] {logging_mixin.py:120} WARNING - /home/debian/etlhausz/venv/lib/python3.9/site-packages/airflow/models/dag.py:3405 RemovedInAirflow3Warning: Param `schedule_interval` is deprecated and will be removed in a future release. Please use `schedule` instead.
[2022-11-06T21:03:03.372-0300] {processor.py:766} INFO - DAG(s) dict_keys(['get_urls_googleshopping']) retrieved from /home/debian/etlhausz/airflow/dags/ETL_google_urls_sellers.py
[2022-11-06T21:03:03.420-0300] {logging_mixin.py:120} INFO - [2022-11-06T21:03:03.420-0300] {dag.py:2585} INFO - Sync 1 DAGs
[2022-11-06T21:03:03.437-0300] {logging_mixin.py:120} INFO - [2022-11-06T21:03:03.437-0300] {dag.py:3336} INFO - Setting next_dagrun for get_urls_googleshopping to None, run_after=None
[2022-11-06T21:03:03.467-0300] {processor.py:176} INFO - Processing /home/debian/etlhausz/airflow/dags/ETL_google_urls_sellers.py took 1.269 seconds
[2022-11-06T21:03:34.029-0300] {processor.py:154} INFO - Started process (PID=64753) to work on /home/debian/etlhausz/airflow/dags/ETL_google_urls_sellers.py
[2022-11-06T21:03:34.031-0300] {processor.py:756} INFO - Processing file /home/debian/etlhausz/airflow/dags/ETL_google_urls_sellers.py for tasks to queue
[2022-11-06T21:03:34.031-0300] {logging_mixin.py:120} INFO - [2022-11-06T21:03:34.031-0300] {dagbag.py:537} INFO - Filling up the DagBag from /home/debian/etlhausz/airflow/dags/ETL_google_urls_sellers.py
[2022-11-06T21:03:35.392-0300] {logging_mixin.py:120} WARNING - /home/debian/etlhausz/venv/lib/python3.9/site-packages/airflow/models/dag.py:3405 RemovedInAirflow3Warning: Param `schedule_interval` is deprecated and will be removed in a future release. Please use `schedule` instead.
[2022-11-06T21:03:35.400-0300] {processor.py:766} INFO - DAG(s) dict_keys(['get_urls_googleshopping']) retrieved from /home/debian/etlhausz/airflow/dags/ETL_google_urls_sellers.py
[2022-11-06T21:03:35.499-0300] {logging_mixin.py:120} INFO - [2022-11-06T21:03:35.499-0300] {dag.py:2585} INFO - Sync 1 DAGs
[2022-11-06T21:03:35.743-0300] {logging_mixin.py:120} INFO - [2022-11-06T21:03:35.743-0300] {dag.py:3336} INFO - Setting next_dagrun for get_urls_googleshopping to None, run_after=None
[2022-11-06T21:03:36.046-0300] {processor.py:176} INFO - Processing /home/debian/etlhausz/airflow/dags/ETL_google_urls_sellers.py took 2.022 seconds
[2022-11-06T21:04:06.306-0300] {processor.py:154} INFO - Started process (PID=65412) to work on /home/debian/etlhausz/airflow/dags/ETL_google_urls_sellers.py
[2022-11-06T21:04:06.307-0300] {processor.py:756} INFO - Processing file /home/debian/etlhausz/airflow/dags/ETL_google_urls_sellers.py for tasks to queue
[2022-11-06T21:04:06.308-0300] {logging_mixin.py:120} INFO - [2022-11-06T21:04:06.308-0300] {dagbag.py:537} INFO - Filling up the DagBag from /home/debian/etlhausz/airflow/dags/ETL_google_urls_sellers.py
[2022-11-06T21:04:08.116-0300] {logging_mixin.py:120} WARNING - /home/debian/etlhausz/venv/lib/python3.9/site-packages/airflow/models/dag.py:3405 RemovedInAirflow3Warning: Param `schedule_interval` is deprecated and will be removed in a future release. Please use `schedule` instead.
[2022-11-06T21:04:08.167-0300] {processor.py:766} INFO - DAG(s) dict_keys(['get_urls_googleshopping']) retrieved from /home/debian/etlhausz/airflow/dags/ETL_google_urls_sellers.py
[2022-11-06T21:04:08.298-0300] {logging_mixin.py:120} INFO - [2022-11-06T21:04:08.285-0300] {dag.py:2585} INFO - Sync 1 DAGs
[2022-11-06T21:04:08.333-0300] {logging_mixin.py:120} INFO - [2022-11-06T21:04:08.333-0300] {dag.py:3336} INFO - Setting next_dagrun for get_urls_googleshopping to None, run_after=None
[2022-11-06T21:04:08.355-0300] {processor.py:176} INFO - Processing /home/debian/etlhausz/airflow/dags/ETL_google_urls_sellers.py took 2.054 seconds
[2022-11-06T22:01:33.007-0300] {processor.py:154} INFO - Started process (PID=4862) to work on /home/debian/etlhausz/airflow/dags/ETL_google_urls_sellers.py
[2022-11-06T22:01:33.009-0300] {processor.py:756} INFO - Processing file /home/debian/etlhausz/airflow/dags/ETL_google_urls_sellers.py for tasks to queue
[2022-11-06T22:01:33.009-0300] {logging_mixin.py:120} INFO - [2022-11-06T22:01:33.009-0300] {dagbag.py:537} INFO - Filling up the DagBag from /home/debian/etlhausz/airflow/dags/ETL_google_urls_sellers.py
[2022-11-06T22:01:35.120-0300] {logging_mixin.py:120} WARNING - /home/debian/etlhausz/venv/lib/python3.9/site-packages/airflow/models/dag.py:3405 RemovedInAirflow3Warning: Param `schedule_interval` is deprecated and will be removed in a future release. Please use `schedule` instead.
[2022-11-06T22:01:35.157-0300] {processor.py:766} INFO - DAG(s) dict_keys(['get_urls_googleshopping']) retrieved from /home/debian/etlhausz/airflow/dags/ETL_google_urls_sellers.py
[2022-11-06T22:01:35.318-0300] {logging_mixin.py:120} INFO - [2022-11-06T22:01:35.318-0300] {dag.py:2585} INFO - Sync 1 DAGs
[2022-11-06T22:01:35.427-0300] {logging_mixin.py:120} INFO - [2022-11-06T22:01:35.427-0300] {dag.py:3336} INFO - Setting next_dagrun for get_urls_googleshopping to None, run_after=None
[2022-11-06T22:01:35.540-0300] {processor.py:176} INFO - Processing /home/debian/etlhausz/airflow/dags/ETL_google_urls_sellers.py took 2.536 seconds
[2022-11-06T22:02:05.985-0300] {processor.py:154} INFO - Started process (PID=5572) to work on /home/debian/etlhausz/airflow/dags/ETL_google_urls_sellers.py
[2022-11-06T22:02:06.008-0300] {processor.py:756} INFO - Processing file /home/debian/etlhausz/airflow/dags/ETL_google_urls_sellers.py for tasks to queue
[2022-11-06T22:02:06.009-0300] {logging_mixin.py:120} INFO - [2022-11-06T22:02:06.009-0300] {dagbag.py:537} INFO - Filling up the DagBag from /home/debian/etlhausz/airflow/dags/ETL_google_urls_sellers.py
[2022-11-06T22:02:07.702-0300] {logging_mixin.py:120} WARNING - /home/debian/etlhausz/venv/lib/python3.9/site-packages/airflow/models/dag.py:3405 RemovedInAirflow3Warning: Param `schedule_interval` is deprecated and will be removed in a future release. Please use `schedule` instead.
[2022-11-06T22:02:07.711-0300] {processor.py:766} INFO - DAG(s) dict_keys(['get_urls_googleshopping']) retrieved from /home/debian/etlhausz/airflow/dags/ETL_google_urls_sellers.py
[2022-11-06T22:02:07.827-0300] {logging_mixin.py:120} INFO - [2022-11-06T22:02:07.827-0300] {dag.py:2585} INFO - Sync 1 DAGs
[2022-11-06T22:02:07.858-0300] {logging_mixin.py:120} INFO - [2022-11-06T22:02:07.858-0300] {dag.py:3336} INFO - Setting next_dagrun for get_urls_googleshopping to None, run_after=None
[2022-11-06T22:02:07.880-0300] {processor.py:176} INFO - Processing /home/debian/etlhausz/airflow/dags/ETL_google_urls_sellers.py took 1.903 seconds
[2022-11-06T22:02:38.258-0300] {processor.py:154} INFO - Started process (PID=6206) to work on /home/debian/etlhausz/airflow/dags/ETL_google_urls_sellers.py
[2022-11-06T22:02:38.259-0300] {processor.py:756} INFO - Processing file /home/debian/etlhausz/airflow/dags/ETL_google_urls_sellers.py for tasks to queue
[2022-11-06T22:02:38.260-0300] {logging_mixin.py:120} INFO - [2022-11-06T22:02:38.260-0300] {dagbag.py:537} INFO - Filling up the DagBag from /home/debian/etlhausz/airflow/dags/ETL_google_urls_sellers.py
[2022-11-06T22:02:39.838-0300] {logging_mixin.py:120} WARNING - /home/debian/etlhausz/venv/lib/python3.9/site-packages/airflow/models/dag.py:3405 RemovedInAirflow3Warning: Param `schedule_interval` is deprecated and will be removed in a future release. Please use `schedule` instead.
[2022-11-06T22:02:39.849-0300] {processor.py:766} INFO - DAG(s) dict_keys(['get_urls_googleshopping']) retrieved from /home/debian/etlhausz/airflow/dags/ETL_google_urls_sellers.py
[2022-11-06T22:02:40.081-0300] {logging_mixin.py:120} INFO - [2022-11-06T22:02:40.081-0300] {dag.py:2585} INFO - Sync 1 DAGs
[2022-11-06T22:02:40.185-0300] {logging_mixin.py:120} INFO - [2022-11-06T22:02:40.185-0300] {dag.py:3336} INFO - Setting next_dagrun for get_urls_googleshopping to None, run_after=None
[2022-11-06T22:02:40.233-0300] {processor.py:176} INFO - Processing /home/debian/etlhausz/airflow/dags/ETL_google_urls_sellers.py took 1.980 seconds
[2022-11-06T22:03:10.302-0300] {processor.py:154} INFO - Started process (PID=6811) to work on /home/debian/etlhausz/airflow/dags/ETL_google_urls_sellers.py
[2022-11-06T22:03:10.317-0300] {processor.py:756} INFO - Processing file /home/debian/etlhausz/airflow/dags/ETL_google_urls_sellers.py for tasks to queue
[2022-11-06T22:03:10.318-0300] {logging_mixin.py:120} INFO - [2022-11-06T22:03:10.318-0300] {dagbag.py:537} INFO - Filling up the DagBag from /home/debian/etlhausz/airflow/dags/ETL_google_urls_sellers.py
[2022-11-06T22:03:12.045-0300] {logging_mixin.py:120} WARNING - /home/debian/etlhausz/venv/lib/python3.9/site-packages/airflow/models/dag.py:3405 RemovedInAirflow3Warning: Param `schedule_interval` is deprecated and will be removed in a future release. Please use `schedule` instead.
[2022-11-06T22:03:12.065-0300] {processor.py:766} INFO - DAG(s) dict_keys(['get_urls_googleshopping']) retrieved from /home/debian/etlhausz/airflow/dags/ETL_google_urls_sellers.py
[2022-11-06T22:03:12.253-0300] {logging_mixin.py:120} INFO - [2022-11-06T22:03:12.252-0300] {dag.py:2585} INFO - Sync 1 DAGs
[2022-11-06T22:03:12.496-0300] {logging_mixin.py:120} INFO - [2022-11-06T22:03:12.459-0300] {dag.py:3336} INFO - Setting next_dagrun for get_urls_googleshopping to None, run_after=None
[2022-11-06T22:03:12.733-0300] {processor.py:176} INFO - Processing /home/debian/etlhausz/airflow/dags/ETL_google_urls_sellers.py took 2.434 seconds
[2022-11-06T22:03:42.897-0300] {processor.py:154} INFO - Started process (PID=7407) to work on /home/debian/etlhausz/airflow/dags/ETL_google_urls_sellers.py
[2022-11-06T22:03:42.901-0300] {processor.py:756} INFO - Processing file /home/debian/etlhausz/airflow/dags/ETL_google_urls_sellers.py for tasks to queue
[2022-11-06T22:03:42.906-0300] {logging_mixin.py:120} INFO - [2022-11-06T22:03:42.905-0300] {dagbag.py:537} INFO - Filling up the DagBag from /home/debian/etlhausz/airflow/dags/ETL_google_urls_sellers.py
[2022-11-06T22:03:44.323-0300] {logging_mixin.py:120} WARNING - /home/debian/etlhausz/venv/lib/python3.9/site-packages/airflow/models/dag.py:3405 RemovedInAirflow3Warning: Param `schedule_interval` is deprecated and will be removed in a future release. Please use `schedule` instead.
[2022-11-06T22:03:44.340-0300] {processor.py:766} INFO - DAG(s) dict_keys(['get_urls_googleshopping']) retrieved from /home/debian/etlhausz/airflow/dags/ETL_google_urls_sellers.py
[2022-11-06T22:03:44.398-0300] {logging_mixin.py:120} INFO - [2022-11-06T22:03:44.398-0300] {dag.py:2585} INFO - Sync 1 DAGs
[2022-11-06T22:03:44.427-0300] {logging_mixin.py:120} INFO - [2022-11-06T22:03:44.426-0300] {dag.py:3336} INFO - Setting next_dagrun for get_urls_googleshopping to None, run_after=None
[2022-11-06T22:03:44.453-0300] {processor.py:176} INFO - Processing /home/debian/etlhausz/airflow/dags/ETL_google_urls_sellers.py took 1.572 seconds
[2022-11-06T22:04:15.019-0300] {processor.py:154} INFO - Started process (PID=8123) to work on /home/debian/etlhausz/airflow/dags/ETL_google_urls_sellers.py
[2022-11-06T22:04:15.022-0300] {processor.py:756} INFO - Processing file /home/debian/etlhausz/airflow/dags/ETL_google_urls_sellers.py for tasks to queue
[2022-11-06T22:04:15.022-0300] {logging_mixin.py:120} INFO - [2022-11-06T22:04:15.022-0300] {dagbag.py:537} INFO - Filling up the DagBag from /home/debian/etlhausz/airflow/dags/ETL_google_urls_sellers.py
[2022-11-06T22:04:16.267-0300] {logging_mixin.py:120} WARNING - /home/debian/etlhausz/venv/lib/python3.9/site-packages/airflow/models/dag.py:3405 RemovedInAirflow3Warning: Param `schedule_interval` is deprecated and will be removed in a future release. Please use `schedule` instead.
[2022-11-06T22:04:16.277-0300] {processor.py:766} INFO - DAG(s) dict_keys(['get_urls_googleshopping']) retrieved from /home/debian/etlhausz/airflow/dags/ETL_google_urls_sellers.py
[2022-11-06T22:04:16.338-0300] {logging_mixin.py:120} INFO - [2022-11-06T22:04:16.338-0300] {dag.py:2585} INFO - Sync 1 DAGs
[2022-11-06T22:04:16.377-0300] {logging_mixin.py:120} INFO - [2022-11-06T22:04:16.376-0300] {dag.py:3336} INFO - Setting next_dagrun for get_urls_googleshopping to None, run_after=None
[2022-11-06T22:04:16.406-0300] {processor.py:176} INFO - Processing /home/debian/etlhausz/airflow/dags/ETL_google_urls_sellers.py took 1.390 seconds
[2022-11-06T22:04:46.483-0300] {processor.py:154} INFO - Started process (PID=8649) to work on /home/debian/etlhausz/airflow/dags/ETL_google_urls_sellers.py
[2022-11-06T22:04:46.485-0300] {processor.py:756} INFO - Processing file /home/debian/etlhausz/airflow/dags/ETL_google_urls_sellers.py for tasks to queue
[2022-11-06T22:04:46.485-0300] {logging_mixin.py:120} INFO - [2022-11-06T22:04:46.485-0300] {dagbag.py:537} INFO - Filling up the DagBag from /home/debian/etlhausz/airflow/dags/ETL_google_urls_sellers.py
[2022-11-06T22:04:48.412-0300] {logging_mixin.py:120} WARNING - /home/debian/etlhausz/venv/lib/python3.9/site-packages/airflow/models/dag.py:3405 RemovedInAirflow3Warning: Param `schedule_interval` is deprecated and will be removed in a future release. Please use `schedule` instead.
[2022-11-06T22:04:48.420-0300] {processor.py:766} INFO - DAG(s) dict_keys(['get_urls_googleshopping']) retrieved from /home/debian/etlhausz/airflow/dags/ETL_google_urls_sellers.py
[2022-11-06T22:04:48.568-0300] {logging_mixin.py:120} INFO - [2022-11-06T22:04:48.568-0300] {dag.py:2585} INFO - Sync 1 DAGs
[2022-11-06T22:04:48.615-0300] {logging_mixin.py:120} INFO - [2022-11-06T22:04:48.615-0300] {dag.py:3336} INFO - Setting next_dagrun for get_urls_googleshopping to None, run_after=None
[2022-11-06T22:04:48.648-0300] {processor.py:176} INFO - Processing /home/debian/etlhausz/airflow/dags/ETL_google_urls_sellers.py took 2.167 seconds
[2022-11-06T22:05:26.240-0300] {processor.py:154} INFO - Started process (PID=9606) to work on /home/debian/etlhausz/airflow/dags/ETL_google_urls_sellers.py
[2022-11-06T22:05:26.241-0300] {processor.py:756} INFO - Processing file /home/debian/etlhausz/airflow/dags/ETL_google_urls_sellers.py for tasks to queue
[2022-11-06T22:05:26.241-0300] {logging_mixin.py:120} INFO - [2022-11-06T22:05:26.241-0300] {dagbag.py:537} INFO - Filling up the DagBag from /home/debian/etlhausz/airflow/dags/ETL_google_urls_sellers.py
[2022-11-06T22:05:28.005-0300] {logging_mixin.py:120} WARNING - /home/debian/etlhausz/venv/lib/python3.9/site-packages/airflow/models/dag.py:3405 RemovedInAirflow3Warning: Param `schedule_interval` is deprecated and will be removed in a future release. Please use `schedule` instead.
[2022-11-06T22:05:28.109-0300] {processor.py:766} INFO - DAG(s) dict_keys(['get_urls_googleshopping']) retrieved from /home/debian/etlhausz/airflow/dags/ETL_google_urls_sellers.py
[2022-11-06T22:05:28.263-0300] {logging_mixin.py:120} INFO - [2022-11-06T22:05:28.261-0300] {dag.py:2585} INFO - Sync 1 DAGs
[2022-11-06T22:05:28.471-0300] {logging_mixin.py:120} INFO - [2022-11-06T22:05:28.471-0300] {dag.py:3336} INFO - Setting next_dagrun for get_urls_googleshopping to None, run_after=None
[2022-11-06T22:05:28.628-0300] {processor.py:176} INFO - Processing /home/debian/etlhausz/airflow/dags/ETL_google_urls_sellers.py took 2.403 seconds
[2022-11-06T22:05:59.493-0300] {processor.py:154} INFO - Started process (PID=10302) to work on /home/debian/etlhausz/airflow/dags/ETL_google_urls_sellers.py
[2022-11-06T22:05:59.495-0300] {processor.py:756} INFO - Processing file /home/debian/etlhausz/airflow/dags/ETL_google_urls_sellers.py for tasks to queue
[2022-11-06T22:05:59.498-0300] {logging_mixin.py:120} INFO - [2022-11-06T22:05:59.498-0300] {dagbag.py:537} INFO - Filling up the DagBag from /home/debian/etlhausz/airflow/dags/ETL_google_urls_sellers.py
[2022-11-06T22:06:00.525-0300] {logging_mixin.py:120} WARNING - /home/debian/etlhausz/venv/lib/python3.9/site-packages/airflow/models/dag.py:3405 RemovedInAirflow3Warning: Param `schedule_interval` is deprecated and will be removed in a future release. Please use `schedule` instead.
[2022-11-06T22:06:00.531-0300] {processor.py:766} INFO - DAG(s) dict_keys(['get_urls_googleshopping']) retrieved from /home/debian/etlhausz/airflow/dags/ETL_google_urls_sellers.py
[2022-11-06T22:06:00.606-0300] {logging_mixin.py:120} INFO - [2022-11-06T22:06:00.606-0300] {dag.py:2585} INFO - Sync 1 DAGs
[2022-11-06T22:06:00.666-0300] {logging_mixin.py:120} INFO - [2022-11-06T22:06:00.663-0300] {dag.py:3336} INFO - Setting next_dagrun for get_urls_googleshopping to None, run_after=None
[2022-11-06T22:06:00.791-0300] {processor.py:176} INFO - Processing /home/debian/etlhausz/airflow/dags/ETL_google_urls_sellers.py took 1.313 seconds
[2022-11-06T22:06:31.621-0300] {processor.py:154} INFO - Started process (PID=10955) to work on /home/debian/etlhausz/airflow/dags/ETL_google_urls_sellers.py
[2022-11-06T22:06:31.623-0300] {processor.py:756} INFO - Processing file /home/debian/etlhausz/airflow/dags/ETL_google_urls_sellers.py for tasks to queue
[2022-11-06T22:06:31.623-0300] {logging_mixin.py:120} INFO - [2022-11-06T22:06:31.623-0300] {dagbag.py:537} INFO - Filling up the DagBag from /home/debian/etlhausz/airflow/dags/ETL_google_urls_sellers.py
[2022-11-06T22:06:32.606-0300] {logging_mixin.py:120} WARNING - /home/debian/etlhausz/venv/lib/python3.9/site-packages/airflow/models/dag.py:3405 RemovedInAirflow3Warning: Param `schedule_interval` is deprecated and will be removed in a future release. Please use `schedule` instead.
[2022-11-06T22:06:32.616-0300] {processor.py:766} INFO - DAG(s) dict_keys(['get_urls_googleshopping']) retrieved from /home/debian/etlhausz/airflow/dags/ETL_google_urls_sellers.py
[2022-11-06T22:06:32.653-0300] {logging_mixin.py:120} INFO - [2022-11-06T22:06:32.653-0300] {dag.py:2585} INFO - Sync 1 DAGs
[2022-11-06T22:06:32.671-0300] {logging_mixin.py:120} INFO - [2022-11-06T22:06:32.670-0300] {dag.py:3336} INFO - Setting next_dagrun for get_urls_googleshopping to None, run_after=None
[2022-11-06T22:06:32.690-0300] {processor.py:176} INFO - Processing /home/debian/etlhausz/airflow/dags/ETL_google_urls_sellers.py took 1.072 seconds
[2022-11-06T22:07:02.916-0300] {processor.py:154} INFO - Started process (PID=11538) to work on /home/debian/etlhausz/airflow/dags/ETL_google_urls_sellers.py
[2022-11-06T22:07:02.917-0300] {processor.py:756} INFO - Processing file /home/debian/etlhausz/airflow/dags/ETL_google_urls_sellers.py for tasks to queue
[2022-11-06T22:07:02.918-0300] {logging_mixin.py:120} INFO - [2022-11-06T22:07:02.917-0300] {dagbag.py:537} INFO - Filling up the DagBag from /home/debian/etlhausz/airflow/dags/ETL_google_urls_sellers.py
[2022-11-06T22:07:03.947-0300] {logging_mixin.py:120} WARNING - /home/debian/etlhausz/venv/lib/python3.9/site-packages/airflow/models/dag.py:3405 RemovedInAirflow3Warning: Param `schedule_interval` is deprecated and will be removed in a future release. Please use `schedule` instead.
[2022-11-06T22:07:03.953-0300] {processor.py:766} INFO - DAG(s) dict_keys(['get_urls_googleshopping']) retrieved from /home/debian/etlhausz/airflow/dags/ETL_google_urls_sellers.py
[2022-11-06T22:07:03.991-0300] {logging_mixin.py:120} INFO - [2022-11-06T22:07:03.991-0300] {dag.py:2585} INFO - Sync 1 DAGs
[2022-11-06T22:07:04.012-0300] {logging_mixin.py:120} INFO - [2022-11-06T22:07:04.011-0300] {dag.py:3336} INFO - Setting next_dagrun for get_urls_googleshopping to None, run_after=None
[2022-11-06T22:07:04.053-0300] {processor.py:176} INFO - Processing /home/debian/etlhausz/airflow/dags/ETL_google_urls_sellers.py took 1.141 seconds
[2022-11-06T22:07:34.361-0300] {processor.py:154} INFO - Started process (PID=12096) to work on /home/debian/etlhausz/airflow/dags/ETL_google_urls_sellers.py
[2022-11-06T22:07:34.364-0300] {processor.py:756} INFO - Processing file /home/debian/etlhausz/airflow/dags/ETL_google_urls_sellers.py for tasks to queue
[2022-11-06T22:07:34.365-0300] {logging_mixin.py:120} INFO - [2022-11-06T22:07:34.365-0300] {dagbag.py:537} INFO - Filling up the DagBag from /home/debian/etlhausz/airflow/dags/ETL_google_urls_sellers.py
[2022-11-06T22:07:35.747-0300] {logging_mixin.py:120} WARNING - /home/debian/etlhausz/venv/lib/python3.9/site-packages/airflow/models/dag.py:3405 RemovedInAirflow3Warning: Param `schedule_interval` is deprecated and will be removed in a future release. Please use `schedule` instead.
[2022-11-06T22:07:35.754-0300] {processor.py:766} INFO - DAG(s) dict_keys(['get_urls_googleshopping']) retrieved from /home/debian/etlhausz/airflow/dags/ETL_google_urls_sellers.py
[2022-11-06T22:07:35.795-0300] {logging_mixin.py:120} INFO - [2022-11-06T22:07:35.795-0300] {dag.py:2585} INFO - Sync 1 DAGs
[2022-11-06T22:07:35.819-0300] {logging_mixin.py:120} INFO - [2022-11-06T22:07:35.818-0300] {dag.py:3336} INFO - Setting next_dagrun for get_urls_googleshopping to None, run_after=None
[2022-11-06T22:07:35.839-0300] {processor.py:176} INFO - Processing /home/debian/etlhausz/airflow/dags/ETL_google_urls_sellers.py took 1.481 seconds
[2022-11-06T22:08:06.724-0300] {processor.py:154} INFO - Started process (PID=12805) to work on /home/debian/etlhausz/airflow/dags/ETL_google_urls_sellers.py
[2022-11-06T22:08:06.725-0300] {processor.py:756} INFO - Processing file /home/debian/etlhausz/airflow/dags/ETL_google_urls_sellers.py for tasks to queue
[2022-11-06T22:08:06.725-0300] {logging_mixin.py:120} INFO - [2022-11-06T22:08:06.725-0300] {dagbag.py:537} INFO - Filling up the DagBag from /home/debian/etlhausz/airflow/dags/ETL_google_urls_sellers.py
[2022-11-06T22:08:07.795-0300] {logging_mixin.py:120} WARNING - /home/debian/etlhausz/venv/lib/python3.9/site-packages/airflow/models/dag.py:3405 RemovedInAirflow3Warning: Param `schedule_interval` is deprecated and will be removed in a future release. Please use `schedule` instead.
[2022-11-06T22:08:07.808-0300] {processor.py:766} INFO - DAG(s) dict_keys(['get_urls_googleshopping']) retrieved from /home/debian/etlhausz/airflow/dags/ETL_google_urls_sellers.py
[2022-11-06T22:08:07.852-0300] {logging_mixin.py:120} INFO - [2022-11-06T22:08:07.852-0300] {dag.py:2585} INFO - Sync 1 DAGs
[2022-11-06T22:08:07.888-0300] {logging_mixin.py:120} INFO - [2022-11-06T22:08:07.888-0300] {dag.py:3336} INFO - Setting next_dagrun for get_urls_googleshopping to None, run_after=None
[2022-11-06T22:08:07.919-0300] {processor.py:176} INFO - Processing /home/debian/etlhausz/airflow/dags/ETL_google_urls_sellers.py took 1.202 seconds
[2022-11-06T22:08:38.458-0300] {processor.py:154} INFO - Started process (PID=13507) to work on /home/debian/etlhausz/airflow/dags/ETL_google_urls_sellers.py
[2022-11-06T22:08:38.459-0300] {processor.py:756} INFO - Processing file /home/debian/etlhausz/airflow/dags/ETL_google_urls_sellers.py for tasks to queue
[2022-11-06T22:08:38.460-0300] {logging_mixin.py:120} INFO - [2022-11-06T22:08:38.460-0300] {dagbag.py:537} INFO - Filling up the DagBag from /home/debian/etlhausz/airflow/dags/ETL_google_urls_sellers.py
[2022-11-06T22:08:39.529-0300] {logging_mixin.py:120} WARNING - /home/debian/etlhausz/venv/lib/python3.9/site-packages/airflow/models/dag.py:3405 RemovedInAirflow3Warning: Param `schedule_interval` is deprecated and will be removed in a future release. Please use `schedule` instead.
[2022-11-06T22:08:39.538-0300] {processor.py:766} INFO - DAG(s) dict_keys(['get_urls_googleshopping']) retrieved from /home/debian/etlhausz/airflow/dags/ETL_google_urls_sellers.py
[2022-11-06T22:08:39.574-0300] {logging_mixin.py:120} INFO - [2022-11-06T22:08:39.574-0300] {dag.py:2585} INFO - Sync 1 DAGs
[2022-11-06T22:08:39.594-0300] {logging_mixin.py:120} INFO - [2022-11-06T22:08:39.594-0300] {dag.py:3336} INFO - Setting next_dagrun for get_urls_googleshopping to None, run_after=None
[2022-11-06T22:08:39.610-0300] {processor.py:176} INFO - Processing /home/debian/etlhausz/airflow/dags/ETL_google_urls_sellers.py took 1.155 seconds
[2022-11-06T22:09:10.052-0300] {processor.py:154} INFO - Started process (PID=14152) to work on /home/debian/etlhausz/airflow/dags/ETL_google_urls_sellers.py
[2022-11-06T22:09:10.053-0300] {processor.py:756} INFO - Processing file /home/debian/etlhausz/airflow/dags/ETL_google_urls_sellers.py for tasks to queue
[2022-11-06T22:09:10.054-0300] {logging_mixin.py:120} INFO - [2022-11-06T22:09:10.054-0300] {dagbag.py:537} INFO - Filling up the DagBag from /home/debian/etlhausz/airflow/dags/ETL_google_urls_sellers.py
[2022-11-06T22:09:11.479-0300] {logging_mixin.py:120} WARNING - /home/debian/etlhausz/venv/lib/python3.9/site-packages/airflow/models/dag.py:3405 RemovedInAirflow3Warning: Param `schedule_interval` is deprecated and will be removed in a future release. Please use `schedule` instead.
[2022-11-06T22:09:11.492-0300] {processor.py:766} INFO - DAG(s) dict_keys(['get_urls_googleshopping']) retrieved from /home/debian/etlhausz/airflow/dags/ETL_google_urls_sellers.py
[2022-11-06T22:09:11.602-0300] {logging_mixin.py:120} INFO - [2022-11-06T22:09:11.602-0300] {dag.py:2585} INFO - Sync 1 DAGs
[2022-11-06T22:09:11.643-0300] {logging_mixin.py:120} INFO - [2022-11-06T22:09:11.643-0300] {dag.py:3336} INFO - Setting next_dagrun for get_urls_googleshopping to None, run_after=None
[2022-11-06T22:09:11.710-0300] {processor.py:176} INFO - Processing /home/debian/etlhausz/airflow/dags/ETL_google_urls_sellers.py took 1.661 seconds
[2022-11-06T22:09:41.897-0300] {processor.py:154} INFO - Started process (PID=14777) to work on /home/debian/etlhausz/airflow/dags/ETL_google_urls_sellers.py
[2022-11-06T22:09:41.898-0300] {processor.py:756} INFO - Processing file /home/debian/etlhausz/airflow/dags/ETL_google_urls_sellers.py for tasks to queue
[2022-11-06T22:09:41.898-0300] {logging_mixin.py:120} INFO - [2022-11-06T22:09:41.898-0300] {dagbag.py:537} INFO - Filling up the DagBag from /home/debian/etlhausz/airflow/dags/ETL_google_urls_sellers.py
[2022-11-06T22:09:43.620-0300] {logging_mixin.py:120} WARNING - /home/debian/etlhausz/venv/lib/python3.9/site-packages/airflow/models/dag.py:3405 RemovedInAirflow3Warning: Param `schedule_interval` is deprecated and will be removed in a future release. Please use `schedule` instead.
[2022-11-06T22:09:43.626-0300] {processor.py:766} INFO - DAG(s) dict_keys(['get_urls_googleshopping']) retrieved from /home/debian/etlhausz/airflow/dags/ETL_google_urls_sellers.py
[2022-11-06T22:09:43.743-0300] {logging_mixin.py:120} INFO - [2022-11-06T22:09:43.743-0300] {dag.py:2585} INFO - Sync 1 DAGs
[2022-11-06T22:09:43.794-0300] {logging_mixin.py:120} INFO - [2022-11-06T22:09:43.794-0300] {dag.py:3336} INFO - Setting next_dagrun for get_urls_googleshopping to None, run_after=None
[2022-11-06T22:09:43.837-0300] {processor.py:176} INFO - Processing /home/debian/etlhausz/airflow/dags/ETL_google_urls_sellers.py took 1.943 seconds
[2022-11-06T22:10:14.876-0300] {processor.py:154} INFO - Started process (PID=15401) to work on /home/debian/etlhausz/airflow/dags/ETL_google_urls_sellers.py
[2022-11-06T22:10:14.879-0300] {processor.py:756} INFO - Processing file /home/debian/etlhausz/airflow/dags/ETL_google_urls_sellers.py for tasks to queue
[2022-11-06T22:10:14.880-0300] {logging_mixin.py:120} INFO - [2022-11-06T22:10:14.880-0300] {dagbag.py:537} INFO - Filling up the DagBag from /home/debian/etlhausz/airflow/dags/ETL_google_urls_sellers.py
[2022-11-06T22:10:16.415-0300] {logging_mixin.py:120} WARNING - /home/debian/etlhausz/venv/lib/python3.9/site-packages/airflow/models/dag.py:3405 RemovedInAirflow3Warning: Param `schedule_interval` is deprecated and will be removed in a future release. Please use `schedule` instead.
[2022-11-06T22:10:16.421-0300] {processor.py:766} INFO - DAG(s) dict_keys(['get_urls_googleshopping']) retrieved from /home/debian/etlhausz/airflow/dags/ETL_google_urls_sellers.py
[2022-11-06T22:10:16.478-0300] {logging_mixin.py:120} INFO - [2022-11-06T22:10:16.478-0300] {dag.py:2585} INFO - Sync 1 DAGs
[2022-11-06T22:10:16.511-0300] {logging_mixin.py:120} INFO - [2022-11-06T22:10:16.511-0300] {dag.py:3336} INFO - Setting next_dagrun for get_urls_googleshopping to None, run_after=None
[2022-11-06T22:10:16.536-0300] {processor.py:176} INFO - Processing /home/debian/etlhausz/airflow/dags/ETL_google_urls_sellers.py took 1.662 seconds
[2022-11-06T22:10:46.565-0300] {processor.py:154} INFO - Started process (PID=16019) to work on /home/debian/etlhausz/airflow/dags/ETL_google_urls_sellers.py
[2022-11-06T22:10:46.567-0300] {processor.py:756} INFO - Processing file /home/debian/etlhausz/airflow/dags/ETL_google_urls_sellers.py for tasks to queue
[2022-11-06T22:10:46.567-0300] {logging_mixin.py:120} INFO - [2022-11-06T22:10:46.567-0300] {dagbag.py:537} INFO - Filling up the DagBag from /home/debian/etlhausz/airflow/dags/ETL_google_urls_sellers.py
[2022-11-06T22:10:47.819-0300] {logging_mixin.py:120} WARNING - /home/debian/etlhausz/venv/lib/python3.9/site-packages/airflow/models/dag.py:3405 RemovedInAirflow3Warning: Param `schedule_interval` is deprecated and will be removed in a future release. Please use `schedule` instead.
[2022-11-06T22:10:47.824-0300] {processor.py:766} INFO - DAG(s) dict_keys(['get_urls_googleshopping']) retrieved from /home/debian/etlhausz/airflow/dags/ETL_google_urls_sellers.py
[2022-11-06T22:10:47.889-0300] {logging_mixin.py:120} INFO - [2022-11-06T22:10:47.888-0300] {dag.py:2585} INFO - Sync 1 DAGs
[2022-11-06T22:10:47.910-0300] {logging_mixin.py:120} INFO - [2022-11-06T22:10:47.910-0300] {dag.py:3336} INFO - Setting next_dagrun for get_urls_googleshopping to None, run_after=None
[2022-11-06T22:10:47.925-0300] {processor.py:176} INFO - Processing /home/debian/etlhausz/airflow/dags/ETL_google_urls_sellers.py took 1.363 seconds
[2022-11-06T22:11:19.983-0300] {processor.py:154} INFO - Started process (PID=16620) to work on /home/debian/etlhausz/airflow/dags/ETL_google_urls_sellers.py
[2022-11-06T22:11:19.985-0300] {processor.py:756} INFO - Processing file /home/debian/etlhausz/airflow/dags/ETL_google_urls_sellers.py for tasks to queue
[2022-11-06T22:11:19.985-0300] {logging_mixin.py:120} INFO - [2022-11-06T22:11:19.985-0300] {dagbag.py:537} INFO - Filling up the DagBag from /home/debian/etlhausz/airflow/dags/ETL_google_urls_sellers.py
[2022-11-06T22:11:21.372-0300] {logging_mixin.py:120} WARNING - /home/debian/etlhausz/venv/lib/python3.9/site-packages/airflow/models/dag.py:3405 RemovedInAirflow3Warning: Param `schedule_interval` is deprecated and will be removed in a future release. Please use `schedule` instead.
[2022-11-06T22:11:21.380-0300] {processor.py:766} INFO - DAG(s) dict_keys(['get_urls_googleshopping']) retrieved from /home/debian/etlhausz/airflow/dags/ETL_google_urls_sellers.py
[2022-11-06T22:11:21.449-0300] {logging_mixin.py:120} INFO - [2022-11-06T22:11:21.449-0300] {dag.py:2585} INFO - Sync 1 DAGs
[2022-11-06T22:11:21.488-0300] {logging_mixin.py:120} INFO - [2022-11-06T22:11:21.487-0300] {dag.py:3336} INFO - Setting next_dagrun for get_urls_googleshopping to None, run_after=None
[2022-11-06T22:11:21.530-0300] {processor.py:176} INFO - Processing /home/debian/etlhausz/airflow/dags/ETL_google_urls_sellers.py took 1.550 seconds
[2022-11-06T22:11:53.081-0300] {processor.py:154} INFO - Started process (PID=17163) to work on /home/debian/etlhausz/airflow/dags/ETL_google_urls_sellers.py
[2022-11-06T22:11:53.083-0300] {processor.py:756} INFO - Processing file /home/debian/etlhausz/airflow/dags/ETL_google_urls_sellers.py for tasks to queue
[2022-11-06T22:11:53.084-0300] {logging_mixin.py:120} INFO - [2022-11-06T22:11:53.084-0300] {dagbag.py:537} INFO - Filling up the DagBag from /home/debian/etlhausz/airflow/dags/ETL_google_urls_sellers.py
[2022-11-06T22:11:55.381-0300] {logging_mixin.py:120} WARNING - /home/debian/etlhausz/venv/lib/python3.9/site-packages/airflow/models/dag.py:3405 RemovedInAirflow3Warning: Param `schedule_interval` is deprecated and will be removed in a future release. Please use `schedule` instead.
[2022-11-06T22:11:55.411-0300] {processor.py:766} INFO - DAG(s) dict_keys(['get_urls_googleshopping']) retrieved from /home/debian/etlhausz/airflow/dags/ETL_google_urls_sellers.py
[2022-11-06T22:11:55.609-0300] {logging_mixin.py:120} INFO - [2022-11-06T22:11:55.609-0300] {dag.py:2585} INFO - Sync 1 DAGs
[2022-11-06T22:11:55.649-0300] {logging_mixin.py:120} INFO - [2022-11-06T22:11:55.648-0300] {dag.py:3336} INFO - Setting next_dagrun for get_urls_googleshopping to None, run_after=None
[2022-11-06T22:11:55.708-0300] {processor.py:176} INFO - Processing /home/debian/etlhausz/airflow/dags/ETL_google_urls_sellers.py took 2.630 seconds
[2022-11-06T22:12:26.251-0300] {processor.py:154} INFO - Started process (PID=17834) to work on /home/debian/etlhausz/airflow/dags/ETL_google_urls_sellers.py
[2022-11-06T22:12:26.252-0300] {processor.py:756} INFO - Processing file /home/debian/etlhausz/airflow/dags/ETL_google_urls_sellers.py for tasks to queue
[2022-11-06T22:12:26.253-0300] {logging_mixin.py:120} INFO - [2022-11-06T22:12:26.253-0300] {dagbag.py:537} INFO - Filling up the DagBag from /home/debian/etlhausz/airflow/dags/ETL_google_urls_sellers.py
[2022-11-06T22:12:27.455-0300] {logging_mixin.py:120} WARNING - /home/debian/etlhausz/venv/lib/python3.9/site-packages/airflow/models/dag.py:3405 RemovedInAirflow3Warning: Param `schedule_interval` is deprecated and will be removed in a future release. Please use `schedule` instead.
[2022-11-06T22:12:27.475-0300] {processor.py:766} INFO - DAG(s) dict_keys(['get_urls_googleshopping']) retrieved from /home/debian/etlhausz/airflow/dags/ETL_google_urls_sellers.py
[2022-11-06T22:12:27.561-0300] {logging_mixin.py:120} INFO - [2022-11-06T22:12:27.561-0300] {dag.py:2585} INFO - Sync 1 DAGs
[2022-11-06T22:12:27.589-0300] {logging_mixin.py:120} INFO - [2022-11-06T22:12:27.589-0300] {dag.py:3336} INFO - Setting next_dagrun for get_urls_googleshopping to None, run_after=None
[2022-11-06T22:12:27.612-0300] {processor.py:176} INFO - Processing /home/debian/etlhausz/airflow/dags/ETL_google_urls_sellers.py took 1.370 seconds
[2022-11-06T22:12:57.827-0300] {processor.py:154} INFO - Started process (PID=18411) to work on /home/debian/etlhausz/airflow/dags/ETL_google_urls_sellers.py
[2022-11-06T22:12:57.829-0300] {processor.py:756} INFO - Processing file /home/debian/etlhausz/airflow/dags/ETL_google_urls_sellers.py for tasks to queue
[2022-11-06T22:12:57.829-0300] {logging_mixin.py:120} INFO - [2022-11-06T22:12:57.829-0300] {dagbag.py:537} INFO - Filling up the DagBag from /home/debian/etlhausz/airflow/dags/ETL_google_urls_sellers.py
[2022-11-06T22:12:59.107-0300] {logging_mixin.py:120} WARNING - /home/debian/etlhausz/venv/lib/python3.9/site-packages/airflow/models/dag.py:3405 RemovedInAirflow3Warning: Param `schedule_interval` is deprecated and will be removed in a future release. Please use `schedule` instead.
[2022-11-06T22:12:59.116-0300] {processor.py:766} INFO - DAG(s) dict_keys(['get_urls_googleshopping']) retrieved from /home/debian/etlhausz/airflow/dags/ETL_google_urls_sellers.py
[2022-11-06T22:12:59.231-0300] {logging_mixin.py:120} INFO - [2022-11-06T22:12:59.231-0300] {dag.py:2585} INFO - Sync 1 DAGs
[2022-11-06T22:12:59.262-0300] {logging_mixin.py:120} INFO - [2022-11-06T22:12:59.261-0300] {dag.py:3336} INFO - Setting next_dagrun for get_urls_googleshopping to None, run_after=None
[2022-11-06T22:12:59.289-0300] {processor.py:176} INFO - Processing /home/debian/etlhausz/airflow/dags/ETL_google_urls_sellers.py took 1.466 seconds
[2022-11-06T22:13:29.914-0300] {processor.py:154} INFO - Started process (PID=19033) to work on /home/debian/etlhausz/airflow/dags/ETL_google_urls_sellers.py
[2022-11-06T22:13:29.915-0300] {processor.py:756} INFO - Processing file /home/debian/etlhausz/airflow/dags/ETL_google_urls_sellers.py for tasks to queue
[2022-11-06T22:13:29.915-0300] {logging_mixin.py:120} INFO - [2022-11-06T22:13:29.915-0300] {dagbag.py:537} INFO - Filling up the DagBag from /home/debian/etlhausz/airflow/dags/ETL_google_urls_sellers.py
[2022-11-06T22:13:30.960-0300] {logging_mixin.py:120} WARNING - /home/debian/etlhausz/venv/lib/python3.9/site-packages/airflow/models/dag.py:3405 RemovedInAirflow3Warning: Param `schedule_interval` is deprecated and will be removed in a future release. Please use `schedule` instead.
[2022-11-06T22:13:30.977-0300] {processor.py:766} INFO - DAG(s) dict_keys(['get_urls_googleshopping']) retrieved from /home/debian/etlhausz/airflow/dags/ETL_google_urls_sellers.py
[2022-11-06T22:13:31.061-0300] {logging_mixin.py:120} INFO - [2022-11-06T22:13:31.060-0300] {dag.py:2585} INFO - Sync 1 DAGs
[2022-11-06T22:13:31.138-0300] {logging_mixin.py:120} INFO - [2022-11-06T22:13:31.138-0300] {dag.py:3336} INFO - Setting next_dagrun for get_urls_googleshopping to None, run_after=None
[2022-11-06T22:13:31.175-0300] {processor.py:176} INFO - Processing /home/debian/etlhausz/airflow/dags/ETL_google_urls_sellers.py took 1.265 seconds
[2022-11-06T22:14:01.743-0300] {processor.py:154} INFO - Started process (PID=19625) to work on /home/debian/etlhausz/airflow/dags/ETL_google_urls_sellers.py
[2022-11-06T22:14:01.744-0300] {processor.py:756} INFO - Processing file /home/debian/etlhausz/airflow/dags/ETL_google_urls_sellers.py for tasks to queue
[2022-11-06T22:14:01.745-0300] {logging_mixin.py:120} INFO - [2022-11-06T22:14:01.745-0300] {dagbag.py:537} INFO - Filling up the DagBag from /home/debian/etlhausz/airflow/dags/ETL_google_urls_sellers.py
[2022-11-06T22:14:03.313-0300] {logging_mixin.py:120} WARNING - /home/debian/etlhausz/venv/lib/python3.9/site-packages/airflow/models/dag.py:3405 RemovedInAirflow3Warning: Param `schedule_interval` is deprecated and will be removed in a future release. Please use `schedule` instead.
[2022-11-06T22:14:03.319-0300] {processor.py:766} INFO - DAG(s) dict_keys(['get_urls_googleshopping']) retrieved from /home/debian/etlhausz/airflow/dags/ETL_google_urls_sellers.py
[2022-11-06T22:14:03.380-0300] {logging_mixin.py:120} INFO - [2022-11-06T22:14:03.380-0300] {dag.py:2585} INFO - Sync 1 DAGs
[2022-11-06T22:14:03.401-0300] {logging_mixin.py:120} INFO - [2022-11-06T22:14:03.400-0300] {dag.py:3336} INFO - Setting next_dagrun for get_urls_googleshopping to None, run_after=None
[2022-11-06T22:14:03.419-0300] {processor.py:176} INFO - Processing /home/debian/etlhausz/airflow/dags/ETL_google_urls_sellers.py took 1.679 seconds
[2022-11-06T22:14:34.320-0300] {processor.py:154} INFO - Started process (PID=20275) to work on /home/debian/etlhausz/airflow/dags/ETL_google_urls_sellers.py
[2022-11-06T22:14:34.323-0300] {processor.py:756} INFO - Processing file /home/debian/etlhausz/airflow/dags/ETL_google_urls_sellers.py for tasks to queue
[2022-11-06T22:14:34.324-0300] {logging_mixin.py:120} INFO - [2022-11-06T22:14:34.324-0300] {dagbag.py:537} INFO - Filling up the DagBag from /home/debian/etlhausz/airflow/dags/ETL_google_urls_sellers.py
[2022-11-06T22:14:36.250-0300] {logging_mixin.py:120} WARNING - /home/debian/etlhausz/venv/lib/python3.9/site-packages/airflow/models/dag.py:3405 RemovedInAirflow3Warning: Param `schedule_interval` is deprecated and will be removed in a future release. Please use `schedule` instead.
[2022-11-06T22:14:36.256-0300] {processor.py:766} INFO - DAG(s) dict_keys(['get_urls_googleshopping']) retrieved from /home/debian/etlhausz/airflow/dags/ETL_google_urls_sellers.py
[2022-11-06T22:14:36.308-0300] {logging_mixin.py:120} INFO - [2022-11-06T22:14:36.308-0300] {dag.py:2585} INFO - Sync 1 DAGs
[2022-11-06T22:14:36.337-0300] {logging_mixin.py:120} INFO - [2022-11-06T22:14:36.337-0300] {dag.py:3336} INFO - Setting next_dagrun for get_urls_googleshopping to None, run_after=None
[2022-11-06T22:14:36.364-0300] {processor.py:176} INFO - Processing /home/debian/etlhausz/airflow/dags/ETL_google_urls_sellers.py took 2.051 seconds
[2022-11-06T22:15:07.951-0300] {processor.py:154} INFO - Started process (PID=20933) to work on /home/debian/etlhausz/airflow/dags/ETL_google_urls_sellers.py
[2022-11-06T22:15:07.953-0300] {processor.py:756} INFO - Processing file /home/debian/etlhausz/airflow/dags/ETL_google_urls_sellers.py for tasks to queue
[2022-11-06T22:15:07.954-0300] {logging_mixin.py:120} INFO - [2022-11-06T22:15:07.953-0300] {dagbag.py:537} INFO - Filling up the DagBag from /home/debian/etlhausz/airflow/dags/ETL_google_urls_sellers.py
[2022-11-06T22:15:09.135-0300] {logging_mixin.py:120} WARNING - /home/debian/etlhausz/venv/lib/python3.9/site-packages/airflow/models/dag.py:3405 RemovedInAirflow3Warning: Param `schedule_interval` is deprecated and will be removed in a future release. Please use `schedule` instead.
[2022-11-06T22:15:09.143-0300] {processor.py:766} INFO - DAG(s) dict_keys(['get_urls_googleshopping']) retrieved from /home/debian/etlhausz/airflow/dags/ETL_google_urls_sellers.py
[2022-11-06T22:15:09.196-0300] {logging_mixin.py:120} INFO - [2022-11-06T22:15:09.196-0300] {dag.py:2585} INFO - Sync 1 DAGs
[2022-11-06T22:15:09.217-0300] {logging_mixin.py:120} INFO - [2022-11-06T22:15:09.217-0300] {dag.py:3336} INFO - Setting next_dagrun for get_urls_googleshopping to None, run_after=None
[2022-11-06T22:15:09.242-0300] {processor.py:176} INFO - Processing /home/debian/etlhausz/airflow/dags/ETL_google_urls_sellers.py took 1.295 seconds
[2022-11-06T22:15:40.199-0300] {processor.py:154} INFO - Started process (PID=21602) to work on /home/debian/etlhausz/airflow/dags/ETL_google_urls_sellers.py
[2022-11-06T22:15:40.200-0300] {processor.py:756} INFO - Processing file /home/debian/etlhausz/airflow/dags/ETL_google_urls_sellers.py for tasks to queue
[2022-11-06T22:15:40.201-0300] {logging_mixin.py:120} INFO - [2022-11-06T22:15:40.201-0300] {dagbag.py:537} INFO - Filling up the DagBag from /home/debian/etlhausz/airflow/dags/ETL_google_urls_sellers.py
[2022-11-06T22:15:41.279-0300] {logging_mixin.py:120} WARNING - /home/debian/etlhausz/venv/lib/python3.9/site-packages/airflow/models/dag.py:3405 RemovedInAirflow3Warning: Param `schedule_interval` is deprecated and will be removed in a future release. Please use `schedule` instead.
[2022-11-06T22:15:41.285-0300] {processor.py:766} INFO - DAG(s) dict_keys(['get_urls_googleshopping']) retrieved from /home/debian/etlhausz/airflow/dags/ETL_google_urls_sellers.py
[2022-11-06T22:15:41.339-0300] {logging_mixin.py:120} INFO - [2022-11-06T22:15:41.339-0300] {dag.py:2585} INFO - Sync 1 DAGs
[2022-11-06T22:15:41.374-0300] {logging_mixin.py:120} INFO - [2022-11-06T22:15:41.374-0300] {dag.py:3336} INFO - Setting next_dagrun for get_urls_googleshopping to None, run_after=None
[2022-11-06T22:15:41.402-0300] {processor.py:176} INFO - Processing /home/debian/etlhausz/airflow/dags/ETL_google_urls_sellers.py took 1.205 seconds
[2022-11-06T22:16:11.937-0300] {processor.py:154} INFO - Started process (PID=22221) to work on /home/debian/etlhausz/airflow/dags/ETL_google_urls_sellers.py
[2022-11-06T22:16:11.939-0300] {processor.py:756} INFO - Processing file /home/debian/etlhausz/airflow/dags/ETL_google_urls_sellers.py for tasks to queue
[2022-11-06T22:16:11.946-0300] {logging_mixin.py:120} INFO - [2022-11-06T22:16:11.944-0300] {dagbag.py:537} INFO - Filling up the DagBag from /home/debian/etlhausz/airflow/dags/ETL_google_urls_sellers.py
[2022-11-06T22:16:13.232-0300] {logging_mixin.py:120} WARNING - /home/debian/etlhausz/venv/lib/python3.9/site-packages/airflow/models/dag.py:3405 RemovedInAirflow3Warning: Param `schedule_interval` is deprecated and will be removed in a future release. Please use `schedule` instead.
[2022-11-06T22:16:13.246-0300] {processor.py:766} INFO - DAG(s) dict_keys(['get_urls_googleshopping']) retrieved from /home/debian/etlhausz/airflow/dags/ETL_google_urls_sellers.py
[2022-11-06T22:16:13.324-0300] {logging_mixin.py:120} INFO - [2022-11-06T22:16:13.324-0300] {dag.py:2585} INFO - Sync 1 DAGs
[2022-11-06T22:16:13.355-0300] {logging_mixin.py:120} INFO - [2022-11-06T22:16:13.355-0300] {dag.py:3336} INFO - Setting next_dagrun for get_urls_googleshopping to None, run_after=None
[2022-11-06T22:16:13.395-0300] {processor.py:176} INFO - Processing /home/debian/etlhausz/airflow/dags/ETL_google_urls_sellers.py took 1.462 seconds
[2022-11-06T22:16:45.944-0300] {processor.py:154} INFO - Started process (PID=22876) to work on /home/debian/etlhausz/airflow/dags/ETL_google_urls_sellers.py
[2022-11-06T22:16:45.947-0300] {processor.py:756} INFO - Processing file /home/debian/etlhausz/airflow/dags/ETL_google_urls_sellers.py for tasks to queue
[2022-11-06T22:16:45.947-0300] {logging_mixin.py:120} INFO - [2022-11-06T22:16:45.947-0300] {dagbag.py:537} INFO - Filling up the DagBag from /home/debian/etlhausz/airflow/dags/ETL_google_urls_sellers.py
[2022-11-06T22:16:47.286-0300] {logging_mixin.py:120} WARNING - /home/debian/etlhausz/venv/lib/python3.9/site-packages/airflow/models/dag.py:3405 RemovedInAirflow3Warning: Param `schedule_interval` is deprecated and will be removed in a future release. Please use `schedule` instead.
[2022-11-06T22:16:47.293-0300] {processor.py:766} INFO - DAG(s) dict_keys(['get_urls_googleshopping']) retrieved from /home/debian/etlhausz/airflow/dags/ETL_google_urls_sellers.py
[2022-11-06T22:16:47.343-0300] {logging_mixin.py:120} INFO - [2022-11-06T22:16:47.342-0300] {dag.py:2585} INFO - Sync 1 DAGs
[2022-11-06T22:16:47.377-0300] {logging_mixin.py:120} INFO - [2022-11-06T22:16:47.376-0300] {dag.py:3336} INFO - Setting next_dagrun for get_urls_googleshopping to None, run_after=None
[2022-11-06T22:16:47.432-0300] {processor.py:176} INFO - Processing /home/debian/etlhausz/airflow/dags/ETL_google_urls_sellers.py took 1.491 seconds
[2022-11-06T22:17:17.781-0300] {processor.py:154} INFO - Started process (PID=23497) to work on /home/debian/etlhausz/airflow/dags/ETL_google_urls_sellers.py
[2022-11-06T22:17:17.783-0300] {processor.py:756} INFO - Processing file /home/debian/etlhausz/airflow/dags/ETL_google_urls_sellers.py for tasks to queue
[2022-11-06T22:17:17.784-0300] {logging_mixin.py:120} INFO - [2022-11-06T22:17:17.783-0300] {dagbag.py:537} INFO - Filling up the DagBag from /home/debian/etlhausz/airflow/dags/ETL_google_urls_sellers.py
[2022-11-06T22:17:18.955-0300] {logging_mixin.py:120} WARNING - /home/debian/etlhausz/venv/lib/python3.9/site-packages/airflow/models/dag.py:3405 RemovedInAirflow3Warning: Param `schedule_interval` is deprecated and will be removed in a future release. Please use `schedule` instead.
[2022-11-06T22:17:18.961-0300] {processor.py:766} INFO - DAG(s) dict_keys(['get_urls_googleshopping']) retrieved from /home/debian/etlhausz/airflow/dags/ETL_google_urls_sellers.py
[2022-11-06T22:17:19.016-0300] {logging_mixin.py:120} INFO - [2022-11-06T22:17:19.016-0300] {dag.py:2585} INFO - Sync 1 DAGs
[2022-11-06T22:17:19.052-0300] {logging_mixin.py:120} INFO - [2022-11-06T22:17:19.052-0300] {dag.py:3336} INFO - Setting next_dagrun for get_urls_googleshopping to None, run_after=None
[2022-11-06T22:17:19.079-0300] {processor.py:176} INFO - Processing /home/debian/etlhausz/airflow/dags/ETL_google_urls_sellers.py took 1.300 seconds
[2022-11-06T22:17:49.142-0300] {processor.py:154} INFO - Started process (PID=24085) to work on /home/debian/etlhausz/airflow/dags/ETL_google_urls_sellers.py
[2022-11-06T22:17:49.144-0300] {processor.py:756} INFO - Processing file /home/debian/etlhausz/airflow/dags/ETL_google_urls_sellers.py for tasks to queue
[2022-11-06T22:17:49.144-0300] {logging_mixin.py:120} INFO - [2022-11-06T22:17:49.144-0300] {dagbag.py:537} INFO - Filling up the DagBag from /home/debian/etlhausz/airflow/dags/ETL_google_urls_sellers.py
[2022-11-06T22:17:50.766-0300] {logging_mixin.py:120} WARNING - /home/debian/etlhausz/venv/lib/python3.9/site-packages/airflow/models/dag.py:3405 RemovedInAirflow3Warning: Param `schedule_interval` is deprecated and will be removed in a future release. Please use `schedule` instead.
[2022-11-06T22:17:50.811-0300] {processor.py:766} INFO - DAG(s) dict_keys(['get_urls_googleshopping']) retrieved from /home/debian/etlhausz/airflow/dags/ETL_google_urls_sellers.py
[2022-11-06T22:17:50.862-0300] {logging_mixin.py:120} INFO - [2022-11-06T22:17:50.861-0300] {dag.py:2585} INFO - Sync 1 DAGs
[2022-11-06T22:17:50.885-0300] {logging_mixin.py:120} INFO - [2022-11-06T22:17:50.885-0300] {dag.py:3336} INFO - Setting next_dagrun for get_urls_googleshopping to None, run_after=None
[2022-11-06T22:17:50.906-0300] {processor.py:176} INFO - Processing /home/debian/etlhausz/airflow/dags/ETL_google_urls_sellers.py took 1.768 seconds
[2022-11-06T22:18:21.120-0300] {processor.py:154} INFO - Started process (PID=24723) to work on /home/debian/etlhausz/airflow/dags/ETL_google_urls_sellers.py
[2022-11-06T22:18:21.121-0300] {processor.py:756} INFO - Processing file /home/debian/etlhausz/airflow/dags/ETL_google_urls_sellers.py for tasks to queue
[2022-11-06T22:18:21.122-0300] {logging_mixin.py:120} INFO - [2022-11-06T22:18:21.122-0300] {dagbag.py:537} INFO - Filling up the DagBag from /home/debian/etlhausz/airflow/dags/ETL_google_urls_sellers.py
[2022-11-06T22:18:22.358-0300] {logging_mixin.py:120} WARNING - /home/debian/etlhausz/venv/lib/python3.9/site-packages/airflow/models/dag.py:3405 RemovedInAirflow3Warning: Param `schedule_interval` is deprecated and will be removed in a future release. Please use `schedule` instead.
[2022-11-06T22:18:22.364-0300] {processor.py:766} INFO - DAG(s) dict_keys(['get_urls_googleshopping']) retrieved from /home/debian/etlhausz/airflow/dags/ETL_google_urls_sellers.py
[2022-11-06T22:18:22.407-0300] {logging_mixin.py:120} INFO - [2022-11-06T22:18:22.407-0300] {dag.py:2585} INFO - Sync 1 DAGs
[2022-11-06T22:18:22.428-0300] {logging_mixin.py:120} INFO - [2022-11-06T22:18:22.428-0300] {dag.py:3336} INFO - Setting next_dagrun for get_urls_googleshopping to None, run_after=None
[2022-11-06T22:18:22.456-0300] {processor.py:176} INFO - Processing /home/debian/etlhausz/airflow/dags/ETL_google_urls_sellers.py took 1.339 seconds
[2022-11-06T22:18:53.583-0300] {processor.py:154} INFO - Started process (PID=25349) to work on /home/debian/etlhausz/airflow/dags/ETL_google_urls_sellers.py
[2022-11-06T22:18:53.584-0300] {processor.py:756} INFO - Processing file /home/debian/etlhausz/airflow/dags/ETL_google_urls_sellers.py for tasks to queue
[2022-11-06T22:18:53.585-0300] {logging_mixin.py:120} INFO - [2022-11-06T22:18:53.585-0300] {dagbag.py:537} INFO - Filling up the DagBag from /home/debian/etlhausz/airflow/dags/ETL_google_urls_sellers.py
[2022-11-06T22:18:55.250-0300] {logging_mixin.py:120} WARNING - /home/debian/etlhausz/venv/lib/python3.9/site-packages/airflow/models/dag.py:3405 RemovedInAirflow3Warning: Param `schedule_interval` is deprecated and will be removed in a future release. Please use `schedule` instead.
[2022-11-06T22:18:55.293-0300] {processor.py:766} INFO - DAG(s) dict_keys(['get_urls_googleshopping']) retrieved from /home/debian/etlhausz/airflow/dags/ETL_google_urls_sellers.py
[2022-11-06T22:18:55.545-0300] {logging_mixin.py:120} INFO - [2022-11-06T22:18:55.545-0300] {dag.py:2585} INFO - Sync 1 DAGs
[2022-11-06T22:18:55.587-0300] {logging_mixin.py:120} INFO - [2022-11-06T22:18:55.587-0300] {dag.py:3336} INFO - Setting next_dagrun for get_urls_googleshopping to None, run_after=None
[2022-11-06T22:18:55.637-0300] {processor.py:176} INFO - Processing /home/debian/etlhausz/airflow/dags/ETL_google_urls_sellers.py took 2.057 seconds
[2022-11-06T22:19:15.850-0300] {processor.py:154} INFO - Started process (PID=26080) to work on /home/debian/etlhausz/airflow/dags/ETL_google_urls_sellers.py
[2022-11-06T22:19:15.851-0300] {processor.py:756} INFO - Processing file /home/debian/etlhausz/airflow/dags/ETL_google_urls_sellers.py for tasks to queue
[2022-11-06T22:19:15.851-0300] {logging_mixin.py:120} INFO - [2022-11-06T22:19:15.851-0300] {dagbag.py:537} INFO - Filling up the DagBag from /home/debian/etlhausz/airflow/dags/ETL_google_urls_sellers.py
[2022-11-06T22:19:17.364-0300] {logging_mixin.py:120} WARNING - /home/debian/etlhausz/venv/lib/python3.9/site-packages/airflow/models/dag.py:3405 RemovedInAirflow3Warning: Param `schedule_interval` is deprecated and will be removed in a future release. Please use `schedule` instead.
[2022-11-06T22:19:17.394-0300] {processor.py:766} INFO - DAG(s) dict_keys(['get_urls_googleshopping']) retrieved from /home/debian/etlhausz/airflow/dags/ETL_google_urls_sellers.py
[2022-11-06T22:19:17.481-0300] {logging_mixin.py:120} INFO - [2022-11-06T22:19:17.481-0300] {dag.py:2585} INFO - Sync 1 DAGs
[2022-11-06T22:19:17.521-0300] {logging_mixin.py:120} INFO - [2022-11-06T22:19:17.521-0300] {dag.py:3336} INFO - Setting next_dagrun for get_urls_googleshopping to None, run_after=None
[2022-11-06T22:19:17.594-0300] {processor.py:176} INFO - Processing /home/debian/etlhausz/airflow/dags/ETL_google_urls_sellers.py took 1.755 seconds
[2022-11-06T22:19:48.141-0300] {processor.py:154} INFO - Started process (PID=26672) to work on /home/debian/etlhausz/airflow/dags/ETL_google_urls_sellers.py
[2022-11-06T22:19:48.144-0300] {processor.py:756} INFO - Processing file /home/debian/etlhausz/airflow/dags/ETL_google_urls_sellers.py for tasks to queue
[2022-11-06T22:19:48.145-0300] {logging_mixin.py:120} INFO - [2022-11-06T22:19:48.144-0300] {dagbag.py:537} INFO - Filling up the DagBag from /home/debian/etlhausz/airflow/dags/ETL_google_urls_sellers.py
[2022-11-06T22:19:49.518-0300] {logging_mixin.py:120} WARNING - /home/debian/etlhausz/venv/lib/python3.9/site-packages/airflow/models/dag.py:3405 RemovedInAirflow3Warning: Param `schedule_interval` is deprecated and will be removed in a future release. Please use `schedule` instead.
[2022-11-06T22:19:49.526-0300] {processor.py:766} INFO - DAG(s) dict_keys(['get_urls_googleshopping']) retrieved from /home/debian/etlhausz/airflow/dags/ETL_google_urls_sellers.py
[2022-11-06T22:19:49.566-0300] {logging_mixin.py:120} INFO - [2022-11-06T22:19:49.566-0300] {dag.py:2585} INFO - Sync 1 DAGs
[2022-11-06T22:19:49.586-0300] {logging_mixin.py:120} INFO - [2022-11-06T22:19:49.586-0300] {dag.py:3336} INFO - Setting next_dagrun for get_urls_googleshopping to None, run_after=None
[2022-11-06T22:19:49.610-0300] {processor.py:176} INFO - Processing /home/debian/etlhausz/airflow/dags/ETL_google_urls_sellers.py took 1.471 seconds
[2022-11-06T22:20:20.523-0300] {processor.py:154} INFO - Started process (PID=27478) to work on /home/debian/etlhausz/airflow/dags/ETL_google_urls_sellers.py
[2022-11-06T22:20:20.526-0300] {processor.py:756} INFO - Processing file /home/debian/etlhausz/airflow/dags/ETL_google_urls_sellers.py for tasks to queue
[2022-11-06T22:20:20.526-0300] {logging_mixin.py:120} INFO - [2022-11-06T22:20:20.526-0300] {dagbag.py:537} INFO - Filling up the DagBag from /home/debian/etlhausz/airflow/dags/ETL_google_urls_sellers.py
[2022-11-06T22:20:21.277-0300] {logging_mixin.py:120} WARNING - /home/debian/etlhausz/venv/lib/python3.9/site-packages/airflow/models/dag.py:3405 RemovedInAirflow3Warning: Param `schedule_interval` is deprecated and will be removed in a future release. Please use `schedule` instead.
[2022-11-06T22:20:21.284-0300] {processor.py:766} INFO - DAG(s) dict_keys(['get_urls_googleshopping']) retrieved from /home/debian/etlhausz/airflow/dags/ETL_google_urls_sellers.py
[2022-11-06T22:20:21.346-0300] {logging_mixin.py:120} INFO - [2022-11-06T22:20:21.346-0300] {dag.py:2585} INFO - Sync 1 DAGs
[2022-11-06T22:20:21.363-0300] {logging_mixin.py:120} INFO - [2022-11-06T22:20:21.363-0300] {dag.py:3336} INFO - Setting next_dagrun for get_urls_googleshopping to None, run_after=None
[2022-11-06T22:20:21.377-0300] {processor.py:176} INFO - Processing /home/debian/etlhausz/airflow/dags/ETL_google_urls_sellers.py took 0.857 seconds
[2022-11-06T22:20:51.728-0300] {processor.py:154} INFO - Started process (PID=28122) to work on /home/debian/etlhausz/airflow/dags/ETL_google_urls_sellers.py
[2022-11-06T22:20:51.729-0300] {processor.py:756} INFO - Processing file /home/debian/etlhausz/airflow/dags/ETL_google_urls_sellers.py for tasks to queue
[2022-11-06T22:20:51.730-0300] {logging_mixin.py:120} INFO - [2022-11-06T22:20:51.729-0300] {dagbag.py:537} INFO - Filling up the DagBag from /home/debian/etlhausz/airflow/dags/ETL_google_urls_sellers.py
[2022-11-06T22:20:53.112-0300] {logging_mixin.py:120} WARNING - /home/debian/etlhausz/venv/lib/python3.9/site-packages/airflow/models/dag.py:3405 RemovedInAirflow3Warning: Param `schedule_interval` is deprecated and will be removed in a future release. Please use `schedule` instead.
[2022-11-06T22:20:53.119-0300] {processor.py:766} INFO - DAG(s) dict_keys(['get_urls_googleshopping']) retrieved from /home/debian/etlhausz/airflow/dags/ETL_google_urls_sellers.py
[2022-11-06T22:20:53.178-0300] {logging_mixin.py:120} INFO - [2022-11-06T22:20:53.178-0300] {dag.py:2585} INFO - Sync 1 DAGs
[2022-11-06T22:20:53.195-0300] {logging_mixin.py:120} INFO - [2022-11-06T22:20:53.195-0300] {dag.py:3336} INFO - Setting next_dagrun for get_urls_googleshopping to None, run_after=None
[2022-11-06T22:20:53.210-0300] {processor.py:176} INFO - Processing /home/debian/etlhausz/airflow/dags/ETL_google_urls_sellers.py took 1.490 seconds
[2022-11-06T22:21:25.041-0300] {processor.py:154} INFO - Started process (PID=28785) to work on /home/debian/etlhausz/airflow/dags/ETL_google_urls_sellers.py
[2022-11-06T22:21:25.042-0300] {processor.py:756} INFO - Processing file /home/debian/etlhausz/airflow/dags/ETL_google_urls_sellers.py for tasks to queue
[2022-11-06T22:21:25.043-0300] {logging_mixin.py:120} INFO - [2022-11-06T22:21:25.043-0300] {dagbag.py:537} INFO - Filling up the DagBag from /home/debian/etlhausz/airflow/dags/ETL_google_urls_sellers.py
[2022-11-06T22:21:26.918-0300] {logging_mixin.py:120} WARNING - /home/debian/etlhausz/venv/lib/python3.9/site-packages/airflow/models/dag.py:3405 RemovedInAirflow3Warning: Param `schedule_interval` is deprecated and will be removed in a future release. Please use `schedule` instead.
[2022-11-06T22:21:26.960-0300] {processor.py:766} INFO - DAG(s) dict_keys(['get_urls_googleshopping']) retrieved from /home/debian/etlhausz/airflow/dags/ETL_google_urls_sellers.py
[2022-11-06T22:21:27.052-0300] {logging_mixin.py:120} INFO - [2022-11-06T22:21:27.052-0300] {dag.py:2585} INFO - Sync 1 DAGs
[2022-11-06T22:21:27.120-0300] {logging_mixin.py:120} INFO - [2022-11-06T22:21:27.120-0300] {dag.py:3336} INFO - Setting next_dagrun for get_urls_googleshopping to None, run_after=None
[2022-11-06T22:21:27.212-0300] {processor.py:176} INFO - Processing /home/debian/etlhausz/airflow/dags/ETL_google_urls_sellers.py took 2.173 seconds
[2022-11-06T22:21:58.125-0300] {processor.py:154} INFO - Started process (PID=29366) to work on /home/debian/etlhausz/airflow/dags/ETL_google_urls_sellers.py
[2022-11-06T22:21:58.126-0300] {processor.py:756} INFO - Processing file /home/debian/etlhausz/airflow/dags/ETL_google_urls_sellers.py for tasks to queue
[2022-11-06T22:21:58.138-0300] {logging_mixin.py:120} INFO - [2022-11-06T22:21:58.137-0300] {dagbag.py:537} INFO - Filling up the DagBag from /home/debian/etlhausz/airflow/dags/ETL_google_urls_sellers.py
[2022-11-06T22:22:00.356-0300] {logging_mixin.py:120} WARNING - /home/debian/etlhausz/venv/lib/python3.9/site-packages/airflow/models/dag.py:3405 RemovedInAirflow3Warning: Param `schedule_interval` is deprecated and will be removed in a future release. Please use `schedule` instead.
[2022-11-06T22:22:00.389-0300] {processor.py:766} INFO - DAG(s) dict_keys(['get_urls_googleshopping']) retrieved from /home/debian/etlhausz/airflow/dags/ETL_google_urls_sellers.py
[2022-11-06T22:22:00.519-0300] {logging_mixin.py:120} INFO - [2022-11-06T22:22:00.519-0300] {dag.py:2585} INFO - Sync 1 DAGs
[2022-11-06T22:22:00.565-0300] {logging_mixin.py:120} INFO - [2022-11-06T22:22:00.565-0300] {dag.py:3336} INFO - Setting next_dagrun for get_urls_googleshopping to None, run_after=None
[2022-11-06T22:22:00.652-0300] {processor.py:176} INFO - Processing /home/debian/etlhausz/airflow/dags/ETL_google_urls_sellers.py took 2.530 seconds
[2022-11-06T22:22:30.927-0300] {processor.py:154} INFO - Started process (PID=30054) to work on /home/debian/etlhausz/airflow/dags/ETL_google_urls_sellers.py
[2022-11-06T22:22:30.928-0300] {processor.py:756} INFO - Processing file /home/debian/etlhausz/airflow/dags/ETL_google_urls_sellers.py for tasks to queue
[2022-11-06T22:22:30.928-0300] {logging_mixin.py:120} INFO - [2022-11-06T22:22:30.928-0300] {dagbag.py:537} INFO - Filling up the DagBag from /home/debian/etlhausz/airflow/dags/ETL_google_urls_sellers.py
[2022-11-06T22:22:31.941-0300] {logging_mixin.py:120} WARNING - /home/debian/etlhausz/venv/lib/python3.9/site-packages/airflow/models/dag.py:3405 RemovedInAirflow3Warning: Param `schedule_interval` is deprecated and will be removed in a future release. Please use `schedule` instead.
[2022-11-06T22:22:31.952-0300] {processor.py:766} INFO - DAG(s) dict_keys(['get_urls_googleshopping']) retrieved from /home/debian/etlhausz/airflow/dags/ETL_google_urls_sellers.py
[2022-11-06T22:22:32.012-0300] {logging_mixin.py:120} INFO - [2022-11-06T22:22:32.012-0300] {dag.py:2585} INFO - Sync 1 DAGs
[2022-11-06T22:22:32.049-0300] {logging_mixin.py:120} INFO - [2022-11-06T22:22:32.049-0300] {dag.py:3336} INFO - Setting next_dagrun for get_urls_googleshopping to None, run_after=None
[2022-11-06T22:22:32.079-0300] {processor.py:176} INFO - Processing /home/debian/etlhausz/airflow/dags/ETL_google_urls_sellers.py took 1.156 seconds
[2022-11-06T22:23:04.087-0300] {processor.py:154} INFO - Started process (PID=30718) to work on /home/debian/etlhausz/airflow/dags/ETL_google_urls_sellers.py
[2022-11-06T22:23:04.088-0300] {processor.py:756} INFO - Processing file /home/debian/etlhausz/airflow/dags/ETL_google_urls_sellers.py for tasks to queue
[2022-11-06T22:23:04.089-0300] {logging_mixin.py:120} INFO - [2022-11-06T22:23:04.089-0300] {dagbag.py:537} INFO - Filling up the DagBag from /home/debian/etlhausz/airflow/dags/ETL_google_urls_sellers.py
[2022-11-06T22:23:07.280-0300] {logging_mixin.py:120} WARNING - /home/debian/etlhausz/venv/lib/python3.9/site-packages/airflow/models/dag.py:3405 RemovedInAirflow3Warning: Param `schedule_interval` is deprecated and will be removed in a future release. Please use `schedule` instead.
[2022-11-06T22:23:07.300-0300] {processor.py:766} INFO - DAG(s) dict_keys(['get_urls_googleshopping']) retrieved from /home/debian/etlhausz/airflow/dags/ETL_google_urls_sellers.py
[2022-11-06T22:23:07.537-0300] {logging_mixin.py:120} INFO - [2022-11-06T22:23:07.537-0300] {dag.py:2585} INFO - Sync 1 DAGs
[2022-11-06T22:23:07.663-0300] {logging_mixin.py:120} INFO - [2022-11-06T22:23:07.663-0300] {dag.py:3336} INFO - Setting next_dagrun for get_urls_googleshopping to None, run_after=None
[2022-11-06T22:23:07.745-0300] {processor.py:176} INFO - Processing /home/debian/etlhausz/airflow/dags/ETL_google_urls_sellers.py took 3.670 seconds
[2022-11-06T22:23:38.408-0300] {processor.py:154} INFO - Started process (PID=31368) to work on /home/debian/etlhausz/airflow/dags/ETL_google_urls_sellers.py
[2022-11-06T22:23:38.409-0300] {processor.py:756} INFO - Processing file /home/debian/etlhausz/airflow/dags/ETL_google_urls_sellers.py for tasks to queue
[2022-11-06T22:23:38.415-0300] {logging_mixin.py:120} INFO - [2022-11-06T22:23:38.414-0300] {dagbag.py:537} INFO - Filling up the DagBag from /home/debian/etlhausz/airflow/dags/ETL_google_urls_sellers.py
[2022-11-06T22:23:39.767-0300] {logging_mixin.py:120} WARNING - /home/debian/etlhausz/venv/lib/python3.9/site-packages/airflow/models/dag.py:3405 RemovedInAirflow3Warning: Param `schedule_interval` is deprecated and will be removed in a future release. Please use `schedule` instead.
[2022-11-06T22:23:39.773-0300] {processor.py:766} INFO - DAG(s) dict_keys(['get_urls_googleshopping']) retrieved from /home/debian/etlhausz/airflow/dags/ETL_google_urls_sellers.py
[2022-11-06T22:23:39.864-0300] {logging_mixin.py:120} INFO - [2022-11-06T22:23:39.864-0300] {dag.py:2585} INFO - Sync 1 DAGs
[2022-11-06T22:23:39.890-0300] {logging_mixin.py:120} INFO - [2022-11-06T22:23:39.890-0300] {dag.py:3336} INFO - Setting next_dagrun for get_urls_googleshopping to None, run_after=None
[2022-11-06T22:23:39.926-0300] {processor.py:176} INFO - Processing /home/debian/etlhausz/airflow/dags/ETL_google_urls_sellers.py took 1.520 seconds
[2022-11-06T22:24:10.167-0300] {processor.py:154} INFO - Started process (PID=32045) to work on /home/debian/etlhausz/airflow/dags/ETL_google_urls_sellers.py
[2022-11-06T22:24:10.170-0300] {processor.py:756} INFO - Processing file /home/debian/etlhausz/airflow/dags/ETL_google_urls_sellers.py for tasks to queue
[2022-11-06T22:24:10.173-0300] {logging_mixin.py:120} INFO - [2022-11-06T22:24:10.173-0300] {dagbag.py:537} INFO - Filling up the DagBag from /home/debian/etlhausz/airflow/dags/ETL_google_urls_sellers.py
[2022-11-06T22:24:11.639-0300] {logging_mixin.py:120} WARNING - /home/debian/etlhausz/venv/lib/python3.9/site-packages/airflow/models/dag.py:3405 RemovedInAirflow3Warning: Param `schedule_interval` is deprecated and will be removed in a future release. Please use `schedule` instead.
[2022-11-06T22:24:11.650-0300] {processor.py:766} INFO - DAG(s) dict_keys(['get_urls_googleshopping']) retrieved from /home/debian/etlhausz/airflow/dags/ETL_google_urls_sellers.py
[2022-11-06T22:24:11.780-0300] {logging_mixin.py:120} INFO - [2022-11-06T22:24:11.780-0300] {dag.py:2585} INFO - Sync 1 DAGs
[2022-11-06T22:24:11.801-0300] {logging_mixin.py:120} INFO - [2022-11-06T22:24:11.800-0300] {dag.py:3336} INFO - Setting next_dagrun for get_urls_googleshopping to None, run_after=None
[2022-11-06T22:24:11.821-0300] {processor.py:176} INFO - Processing /home/debian/etlhausz/airflow/dags/ETL_google_urls_sellers.py took 1.681 seconds
[2022-11-06T22:24:41.969-0300] {processor.py:154} INFO - Started process (PID=32638) to work on /home/debian/etlhausz/airflow/dags/ETL_google_urls_sellers.py
[2022-11-06T22:24:41.978-0300] {processor.py:756} INFO - Processing file /home/debian/etlhausz/airflow/dags/ETL_google_urls_sellers.py for tasks to queue
[2022-11-06T22:24:41.979-0300] {logging_mixin.py:120} INFO - [2022-11-06T22:24:41.979-0300] {dagbag.py:537} INFO - Filling up the DagBag from /home/debian/etlhausz/airflow/dags/ETL_google_urls_sellers.py
[2022-11-06T22:24:43.293-0300] {logging_mixin.py:120} WARNING - /home/debian/etlhausz/venv/lib/python3.9/site-packages/airflow/models/dag.py:3405 RemovedInAirflow3Warning: Param `schedule_interval` is deprecated and will be removed in a future release. Please use `schedule` instead.
[2022-11-06T22:24:43.304-0300] {processor.py:766} INFO - DAG(s) dict_keys(['get_urls_googleshopping']) retrieved from /home/debian/etlhausz/airflow/dags/ETL_google_urls_sellers.py
[2022-11-06T22:24:43.341-0300] {logging_mixin.py:120} INFO - [2022-11-06T22:24:43.341-0300] {dag.py:2585} INFO - Sync 1 DAGs
[2022-11-06T22:24:43.358-0300] {logging_mixin.py:120} INFO - [2022-11-06T22:24:43.358-0300] {dag.py:3336} INFO - Setting next_dagrun for get_urls_googleshopping to None, run_after=None
[2022-11-06T22:24:43.383-0300] {processor.py:176} INFO - Processing /home/debian/etlhausz/airflow/dags/ETL_google_urls_sellers.py took 1.423 seconds
[2022-11-06T22:25:13.583-0300] {processor.py:154} INFO - Started process (PID=33370) to work on /home/debian/etlhausz/airflow/dags/ETL_google_urls_sellers.py
[2022-11-06T22:25:13.585-0300] {processor.py:756} INFO - Processing file /home/debian/etlhausz/airflow/dags/ETL_google_urls_sellers.py for tasks to queue
[2022-11-06T22:25:13.586-0300] {logging_mixin.py:120} INFO - [2022-11-06T22:25:13.586-0300] {dagbag.py:537} INFO - Filling up the DagBag from /home/debian/etlhausz/airflow/dags/ETL_google_urls_sellers.py
[2022-11-06T22:25:14.925-0300] {logging_mixin.py:120} WARNING - /home/debian/etlhausz/venv/lib/python3.9/site-packages/airflow/models/dag.py:3405 RemovedInAirflow3Warning: Param `schedule_interval` is deprecated and will be removed in a future release. Please use `schedule` instead.
[2022-11-06T22:25:14.945-0300] {processor.py:766} INFO - DAG(s) dict_keys(['get_urls_googleshopping']) retrieved from /home/debian/etlhausz/airflow/dags/ETL_google_urls_sellers.py
[2022-11-06T22:25:15.062-0300] {logging_mixin.py:120} INFO - [2022-11-06T22:25:15.061-0300] {dag.py:2585} INFO - Sync 1 DAGs
[2022-11-06T22:25:15.133-0300] {logging_mixin.py:120} INFO - [2022-11-06T22:25:15.133-0300] {dag.py:3336} INFO - Setting next_dagrun for get_urls_googleshopping to None, run_after=None
[2022-11-06T22:25:15.268-0300] {processor.py:176} INFO - Processing /home/debian/etlhausz/airflow/dags/ETL_google_urls_sellers.py took 1.695 seconds
[2022-11-06T22:25:45.500-0300] {processor.py:154} INFO - Started process (PID=33913) to work on /home/debian/etlhausz/airflow/dags/ETL_google_urls_sellers.py
[2022-11-06T22:25:45.501-0300] {processor.py:756} INFO - Processing file /home/debian/etlhausz/airflow/dags/ETL_google_urls_sellers.py for tasks to queue
[2022-11-06T22:25:45.501-0300] {logging_mixin.py:120} INFO - [2022-11-06T22:25:45.501-0300] {dagbag.py:537} INFO - Filling up the DagBag from /home/debian/etlhausz/airflow/dags/ETL_google_urls_sellers.py
[2022-11-06T22:25:46.694-0300] {logging_mixin.py:120} WARNING - /home/debian/etlhausz/venv/lib/python3.9/site-packages/airflow/models/dag.py:3405 RemovedInAirflow3Warning: Param `schedule_interval` is deprecated and will be removed in a future release. Please use `schedule` instead.
[2022-11-06T22:25:46.701-0300] {processor.py:766} INFO - DAG(s) dict_keys(['get_urls_googleshopping']) retrieved from /home/debian/etlhausz/airflow/dags/ETL_google_urls_sellers.py
[2022-11-06T22:25:46.756-0300] {logging_mixin.py:120} INFO - [2022-11-06T22:25:46.756-0300] {dag.py:2585} INFO - Sync 1 DAGs
[2022-11-06T22:25:46.903-0300] {logging_mixin.py:120} INFO - [2022-11-06T22:25:46.903-0300] {dag.py:3336} INFO - Setting next_dagrun for get_urls_googleshopping to None, run_after=None
[2022-11-06T22:25:46.992-0300] {processor.py:176} INFO - Processing /home/debian/etlhausz/airflow/dags/ETL_google_urls_sellers.py took 1.497 seconds
[2022-11-06T22:26:17.358-0300] {processor.py:154} INFO - Started process (PID=34476) to work on /home/debian/etlhausz/airflow/dags/ETL_google_urls_sellers.py
[2022-11-06T22:26:17.361-0300] {processor.py:756} INFO - Processing file /home/debian/etlhausz/airflow/dags/ETL_google_urls_sellers.py for tasks to queue
[2022-11-06T22:26:17.361-0300] {logging_mixin.py:120} INFO - [2022-11-06T22:26:17.361-0300] {dagbag.py:537} INFO - Filling up the DagBag from /home/debian/etlhausz/airflow/dags/ETL_google_urls_sellers.py
[2022-11-06T22:26:19.031-0300] {logging_mixin.py:120} WARNING - /home/debian/etlhausz/venv/lib/python3.9/site-packages/airflow/models/dag.py:3405 RemovedInAirflow3Warning: Param `schedule_interval` is deprecated and will be removed in a future release. Please use `schedule` instead.
[2022-11-06T22:26:19.047-0300] {processor.py:766} INFO - DAG(s) dict_keys(['get_urls_googleshopping']) retrieved from /home/debian/etlhausz/airflow/dags/ETL_google_urls_sellers.py
[2022-11-06T22:26:19.124-0300] {logging_mixin.py:120} INFO - [2022-11-06T22:26:19.124-0300] {dag.py:2585} INFO - Sync 1 DAGs
[2022-11-06T22:26:19.152-0300] {logging_mixin.py:120} INFO - [2022-11-06T22:26:19.151-0300] {dag.py:3336} INFO - Setting next_dagrun for get_urls_googleshopping to None, run_after=None
[2022-11-06T22:26:19.179-0300] {processor.py:176} INFO - Processing /home/debian/etlhausz/airflow/dags/ETL_google_urls_sellers.py took 1.826 seconds
[2022-11-06T22:26:49.850-0300] {processor.py:154} INFO - Started process (PID=35043) to work on /home/debian/etlhausz/airflow/dags/ETL_google_urls_sellers.py
[2022-11-06T22:26:49.857-0300] {processor.py:756} INFO - Processing file /home/debian/etlhausz/airflow/dags/ETL_google_urls_sellers.py for tasks to queue
[2022-11-06T22:26:49.859-0300] {logging_mixin.py:120} INFO - [2022-11-06T22:26:49.858-0300] {dagbag.py:537} INFO - Filling up the DagBag from /home/debian/etlhausz/airflow/dags/ETL_google_urls_sellers.py
[2022-11-06T22:26:51.022-0300] {logging_mixin.py:120} WARNING - /home/debian/etlhausz/venv/lib/python3.9/site-packages/airflow/models/dag.py:3405 RemovedInAirflow3Warning: Param `schedule_interval` is deprecated and will be removed in a future release. Please use `schedule` instead.
[2022-11-06T22:26:51.029-0300] {processor.py:766} INFO - DAG(s) dict_keys(['get_urls_googleshopping']) retrieved from /home/debian/etlhausz/airflow/dags/ETL_google_urls_sellers.py
[2022-11-06T22:26:51.095-0300] {logging_mixin.py:120} INFO - [2022-11-06T22:26:51.095-0300] {dag.py:2585} INFO - Sync 1 DAGs
[2022-11-06T22:26:51.112-0300] {logging_mixin.py:120} INFO - [2022-11-06T22:26:51.112-0300] {dag.py:3336} INFO - Setting next_dagrun for get_urls_googleshopping to None, run_after=None
[2022-11-06T22:26:51.131-0300] {processor.py:176} INFO - Processing /home/debian/etlhausz/airflow/dags/ETL_google_urls_sellers.py took 1.285 seconds
[2022-11-06T22:27:21.396-0300] {processor.py:154} INFO - Started process (PID=35588) to work on /home/debian/etlhausz/airflow/dags/ETL_google_urls_sellers.py
[2022-11-06T22:27:21.407-0300] {processor.py:756} INFO - Processing file /home/debian/etlhausz/airflow/dags/ETL_google_urls_sellers.py for tasks to queue
[2022-11-06T22:27:21.408-0300] {logging_mixin.py:120} INFO - [2022-11-06T22:27:21.408-0300] {dagbag.py:537} INFO - Filling up the DagBag from /home/debian/etlhausz/airflow/dags/ETL_google_urls_sellers.py
[2022-11-06T22:27:21.949-0300] {logging_mixin.py:120} WARNING - /home/debian/etlhausz/venv/lib/python3.9/site-packages/airflow/models/dag.py:3405 RemovedInAirflow3Warning: Param `schedule_interval` is deprecated and will be removed in a future release. Please use `schedule` instead.
[2022-11-06T22:27:21.957-0300] {processor.py:766} INFO - DAG(s) dict_keys(['get_urls_googleshopping']) retrieved from /home/debian/etlhausz/airflow/dags/ETL_google_urls_sellers.py
[2022-11-06T22:27:21.996-0300] {logging_mixin.py:120} INFO - [2022-11-06T22:27:21.995-0300] {dag.py:2585} INFO - Sync 1 DAGs
[2022-11-06T22:27:22.015-0300] {logging_mixin.py:120} INFO - [2022-11-06T22:27:22.015-0300] {dag.py:3336} INFO - Setting next_dagrun for get_urls_googleshopping to None, run_after=None
[2022-11-06T22:27:22.031-0300] {processor.py:176} INFO - Processing /home/debian/etlhausz/airflow/dags/ETL_google_urls_sellers.py took 0.641 seconds
[2022-11-06T22:27:52.357-0300] {processor.py:154} INFO - Started process (PID=36148) to work on /home/debian/etlhausz/airflow/dags/ETL_google_urls_sellers.py
[2022-11-06T22:27:52.359-0300] {processor.py:756} INFO - Processing file /home/debian/etlhausz/airflow/dags/ETL_google_urls_sellers.py for tasks to queue
[2022-11-06T22:27:52.360-0300] {logging_mixin.py:120} INFO - [2022-11-06T22:27:52.360-0300] {dagbag.py:537} INFO - Filling up the DagBag from /home/debian/etlhausz/airflow/dags/ETL_google_urls_sellers.py
[2022-11-06T22:27:53.330-0300] {logging_mixin.py:120} WARNING - /home/debian/etlhausz/venv/lib/python3.9/site-packages/airflow/models/dag.py:3405 RemovedInAirflow3Warning: Param `schedule_interval` is deprecated and will be removed in a future release. Please use `schedule` instead.
[2022-11-06T22:27:53.339-0300] {processor.py:766} INFO - DAG(s) dict_keys(['get_urls_googleshopping']) retrieved from /home/debian/etlhausz/airflow/dags/ETL_google_urls_sellers.py
[2022-11-06T22:27:53.385-0300] {logging_mixin.py:120} INFO - [2022-11-06T22:27:53.385-0300] {dag.py:2585} INFO - Sync 1 DAGs
[2022-11-06T22:27:53.403-0300] {logging_mixin.py:120} INFO - [2022-11-06T22:27:53.403-0300] {dag.py:3336} INFO - Setting next_dagrun for get_urls_googleshopping to None, run_after=None
[2022-11-06T22:27:53.434-0300] {processor.py:176} INFO - Processing /home/debian/etlhausz/airflow/dags/ETL_google_urls_sellers.py took 1.081 seconds
[2022-11-06T22:28:23.884-0300] {processor.py:154} INFO - Started process (PID=36822) to work on /home/debian/etlhausz/airflow/dags/ETL_google_urls_sellers.py
[2022-11-06T22:28:23.885-0300] {processor.py:756} INFO - Processing file /home/debian/etlhausz/airflow/dags/ETL_google_urls_sellers.py for tasks to queue
[2022-11-06T22:28:23.886-0300] {logging_mixin.py:120} INFO - [2022-11-06T22:28:23.885-0300] {dagbag.py:537} INFO - Filling up the DagBag from /home/debian/etlhausz/airflow/dags/ETL_google_urls_sellers.py
[2022-11-06T22:28:25.000-0300] {logging_mixin.py:120} WARNING - /home/debian/etlhausz/venv/lib/python3.9/site-packages/airflow/models/dag.py:3405 RemovedInAirflow3Warning: Param `schedule_interval` is deprecated and will be removed in a future release. Please use `schedule` instead.
[2022-11-06T22:28:25.014-0300] {processor.py:766} INFO - DAG(s) dict_keys(['get_urls_googleshopping']) retrieved from /home/debian/etlhausz/airflow/dags/ETL_google_urls_sellers.py
[2022-11-06T22:28:25.061-0300] {logging_mixin.py:120} INFO - [2022-11-06T22:28:25.061-0300] {dag.py:2585} INFO - Sync 1 DAGs
[2022-11-06T22:28:25.080-0300] {logging_mixin.py:120} INFO - [2022-11-06T22:28:25.080-0300] {dag.py:3336} INFO - Setting next_dagrun for get_urls_googleshopping to None, run_after=None
[2022-11-06T22:28:25.101-0300] {processor.py:176} INFO - Processing /home/debian/etlhausz/airflow/dags/ETL_google_urls_sellers.py took 1.220 seconds
[2022-11-06T22:28:55.202-0300] {processor.py:154} INFO - Started process (PID=37368) to work on /home/debian/etlhausz/airflow/dags/ETL_google_urls_sellers.py
[2022-11-06T22:28:55.203-0300] {processor.py:756} INFO - Processing file /home/debian/etlhausz/airflow/dags/ETL_google_urls_sellers.py for tasks to queue
[2022-11-06T22:28:55.204-0300] {logging_mixin.py:120} INFO - [2022-11-06T22:28:55.204-0300] {dagbag.py:537} INFO - Filling up the DagBag from /home/debian/etlhausz/airflow/dags/ETL_google_urls_sellers.py
[2022-11-06T22:28:56.473-0300] {logging_mixin.py:120} WARNING - /home/debian/etlhausz/venv/lib/python3.9/site-packages/airflow/models/dag.py:3405 RemovedInAirflow3Warning: Param `schedule_interval` is deprecated and will be removed in a future release. Please use `schedule` instead.
[2022-11-06T22:28:56.482-0300] {processor.py:766} INFO - DAG(s) dict_keys(['get_urls_googleshopping']) retrieved from /home/debian/etlhausz/airflow/dags/ETL_google_urls_sellers.py
[2022-11-06T22:28:56.555-0300] {logging_mixin.py:120} INFO - [2022-11-06T22:28:56.555-0300] {dag.py:2585} INFO - Sync 1 DAGs
[2022-11-06T22:28:56.589-0300] {logging_mixin.py:120} INFO - [2022-11-06T22:28:56.588-0300] {dag.py:3336} INFO - Setting next_dagrun for get_urls_googleshopping to None, run_after=None
[2022-11-06T22:28:56.629-0300] {processor.py:176} INFO - Processing /home/debian/etlhausz/airflow/dags/ETL_google_urls_sellers.py took 1.434 seconds
[2022-11-06T22:29:26.873-0300] {processor.py:154} INFO - Started process (PID=37924) to work on /home/debian/etlhausz/airflow/dags/ETL_google_urls_sellers.py
[2022-11-06T22:29:26.875-0300] {processor.py:756} INFO - Processing file /home/debian/etlhausz/airflow/dags/ETL_google_urls_sellers.py for tasks to queue
[2022-11-06T22:29:26.875-0300] {logging_mixin.py:120} INFO - [2022-11-06T22:29:26.875-0300] {dagbag.py:537} INFO - Filling up the DagBag from /home/debian/etlhausz/airflow/dags/ETL_google_urls_sellers.py
[2022-11-06T22:29:28.169-0300] {logging_mixin.py:120} WARNING - /home/debian/etlhausz/venv/lib/python3.9/site-packages/airflow/models/dag.py:3405 RemovedInAirflow3Warning: Param `schedule_interval` is deprecated and will be removed in a future release. Please use `schedule` instead.
[2022-11-06T22:29:28.184-0300] {processor.py:766} INFO - DAG(s) dict_keys(['get_urls_googleshopping']) retrieved from /home/debian/etlhausz/airflow/dags/ETL_google_urls_sellers.py
[2022-11-06T22:29:28.279-0300] {logging_mixin.py:120} INFO - [2022-11-06T22:29:28.278-0300] {dag.py:2585} INFO - Sync 1 DAGs
[2022-11-06T22:29:28.318-0300] {logging_mixin.py:120} INFO - [2022-11-06T22:29:28.317-0300] {dag.py:3336} INFO - Setting next_dagrun for get_urls_googleshopping to None, run_after=None
[2022-11-06T22:29:28.347-0300] {processor.py:176} INFO - Processing /home/debian/etlhausz/airflow/dags/ETL_google_urls_sellers.py took 1.477 seconds
[2022-11-06T22:29:59.230-0300] {processor.py:154} INFO - Started process (PID=38519) to work on /home/debian/etlhausz/airflow/dags/ETL_google_urls_sellers.py
[2022-11-06T22:29:59.231-0300] {processor.py:756} INFO - Processing file /home/debian/etlhausz/airflow/dags/ETL_google_urls_sellers.py for tasks to queue
[2022-11-06T22:29:59.232-0300] {logging_mixin.py:120} INFO - [2022-11-06T22:29:59.232-0300] {dagbag.py:537} INFO - Filling up the DagBag from /home/debian/etlhausz/airflow/dags/ETL_google_urls_sellers.py
[2022-11-06T22:30:00.197-0300] {logging_mixin.py:120} WARNING - /home/debian/etlhausz/venv/lib/python3.9/site-packages/airflow/models/dag.py:3405 RemovedInAirflow3Warning: Param `schedule_interval` is deprecated and will be removed in a future release. Please use `schedule` instead.
[2022-11-06T22:30:00.203-0300] {processor.py:766} INFO - DAG(s) dict_keys(['get_urls_googleshopping']) retrieved from /home/debian/etlhausz/airflow/dags/ETL_google_urls_sellers.py
[2022-11-06T22:30:00.255-0300] {logging_mixin.py:120} INFO - [2022-11-06T22:30:00.255-0300] {dag.py:2585} INFO - Sync 1 DAGs
[2022-11-06T22:30:00.278-0300] {logging_mixin.py:120} INFO - [2022-11-06T22:30:00.278-0300] {dag.py:3336} INFO - Setting next_dagrun for get_urls_googleshopping to None, run_after=None
[2022-11-06T22:30:00.300-0300] {processor.py:176} INFO - Processing /home/debian/etlhausz/airflow/dags/ETL_google_urls_sellers.py took 1.072 seconds
[2022-11-06T22:30:31.077-0300] {processor.py:154} INFO - Started process (PID=39177) to work on /home/debian/etlhausz/airflow/dags/ETL_google_urls_sellers.py
[2022-11-06T22:30:31.079-0300] {processor.py:756} INFO - Processing file /home/debian/etlhausz/airflow/dags/ETL_google_urls_sellers.py for tasks to queue
[2022-11-06T22:30:31.079-0300] {logging_mixin.py:120} INFO - [2022-11-06T22:30:31.079-0300] {dagbag.py:537} INFO - Filling up the DagBag from /home/debian/etlhausz/airflow/dags/ETL_google_urls_sellers.py
[2022-11-06T22:30:32.124-0300] {logging_mixin.py:120} WARNING - /home/debian/etlhausz/venv/lib/python3.9/site-packages/airflow/models/dag.py:3405 RemovedInAirflow3Warning: Param `schedule_interval` is deprecated and will be removed in a future release. Please use `schedule` instead.
[2022-11-06T22:30:32.132-0300] {processor.py:766} INFO - DAG(s) dict_keys(['get_urls_googleshopping']) retrieved from /home/debian/etlhausz/airflow/dags/ETL_google_urls_sellers.py
[2022-11-06T22:30:32.198-0300] {logging_mixin.py:120} INFO - [2022-11-06T22:30:32.198-0300] {dag.py:2585} INFO - Sync 1 DAGs
[2022-11-06T22:30:32.254-0300] {logging_mixin.py:120} INFO - [2022-11-06T22:30:32.254-0300] {dag.py:3336} INFO - Setting next_dagrun for get_urls_googleshopping to None, run_after=None
[2022-11-06T22:30:32.277-0300] {processor.py:176} INFO - Processing /home/debian/etlhausz/airflow/dags/ETL_google_urls_sellers.py took 1.202 seconds
[2022-11-06T22:31:02.566-0300] {processor.py:154} INFO - Started process (PID=39715) to work on /home/debian/etlhausz/airflow/dags/ETL_google_urls_sellers.py
[2022-11-06T22:31:02.567-0300] {processor.py:756} INFO - Processing file /home/debian/etlhausz/airflow/dags/ETL_google_urls_sellers.py for tasks to queue
[2022-11-06T22:31:02.568-0300] {logging_mixin.py:120} INFO - [2022-11-06T22:31:02.568-0300] {dagbag.py:537} INFO - Filling up the DagBag from /home/debian/etlhausz/airflow/dags/ETL_google_urls_sellers.py
[2022-11-06T22:31:04.072-0300] {logging_mixin.py:120} WARNING - /home/debian/etlhausz/venv/lib/python3.9/site-packages/airflow/models/dag.py:3405 RemovedInAirflow3Warning: Param `schedule_interval` is deprecated and will be removed in a future release. Please use `schedule` instead.
[2022-11-06T22:31:04.080-0300] {processor.py:766} INFO - DAG(s) dict_keys(['get_urls_googleshopping']) retrieved from /home/debian/etlhausz/airflow/dags/ETL_google_urls_sellers.py
[2022-11-06T22:31:04.127-0300] {logging_mixin.py:120} INFO - [2022-11-06T22:31:04.127-0300] {dag.py:2585} INFO - Sync 1 DAGs
[2022-11-06T22:31:04.145-0300] {logging_mixin.py:120} INFO - [2022-11-06T22:31:04.144-0300] {dag.py:3336} INFO - Setting next_dagrun for get_urls_googleshopping to None, run_after=None
[2022-11-06T22:31:04.163-0300] {processor.py:176} INFO - Processing /home/debian/etlhausz/airflow/dags/ETL_google_urls_sellers.py took 1.599 seconds
[2022-11-06T22:31:34.354-0300] {processor.py:154} INFO - Started process (PID=40263) to work on /home/debian/etlhausz/airflow/dags/ETL_google_urls_sellers.py
[2022-11-06T22:31:34.355-0300] {processor.py:756} INFO - Processing file /home/debian/etlhausz/airflow/dags/ETL_google_urls_sellers.py for tasks to queue
[2022-11-06T22:31:34.356-0300] {logging_mixin.py:120} INFO - [2022-11-06T22:31:34.356-0300] {dagbag.py:537} INFO - Filling up the DagBag from /home/debian/etlhausz/airflow/dags/ETL_google_urls_sellers.py
[2022-11-06T22:31:36.286-0300] {logging_mixin.py:120} WARNING - /home/debian/etlhausz/venv/lib/python3.9/site-packages/airflow/models/dag.py:3405 RemovedInAirflow3Warning: Param `schedule_interval` is deprecated and will be removed in a future release. Please use `schedule` instead.
[2022-11-06T22:31:36.339-0300] {processor.py:766} INFO - DAG(s) dict_keys(['get_urls_googleshopping']) retrieved from /home/debian/etlhausz/airflow/dags/ETL_google_urls_sellers.py
[2022-11-06T22:31:36.548-0300] {logging_mixin.py:120} INFO - [2022-11-06T22:31:36.548-0300] {dag.py:2585} INFO - Sync 1 DAGs
[2022-11-06T22:31:36.685-0300] {logging_mixin.py:120} INFO - [2022-11-06T22:31:36.673-0300] {dag.py:3336} INFO - Setting next_dagrun for get_urls_googleshopping to None, run_after=None
[2022-11-06T22:31:36.809-0300] {processor.py:176} INFO - Processing /home/debian/etlhausz/airflow/dags/ETL_google_urls_sellers.py took 2.458 seconds
