[2022-11-06T21:00:16.852-0300] {processor.py:154} INFO - Started process (PID=61065) to work on /home/debian/etlhausz/airflow/dags/get_endpoint.py
[2022-11-06T21:00:16.854-0300] {processor.py:756} INFO - Processing file /home/debian/etlhausz/airflow/dags/get_endpoint.py for tasks to queue
[2022-11-06T21:00:16.854-0300] {logging_mixin.py:120} INFO - [2022-11-06T21:00:16.854-0300] {dagbag.py:537} INFO - Filling up the DagBag from /home/debian/etlhausz/airflow/dags/get_endpoint.py
[2022-11-06T21:00:16.885-0300] {logging_mixin.py:120} WARNING - /home/debian/etlhausz/venv/lib/python3.9/site-packages/airflow/models/dag.py:3405 RemovedInAirflow3Warning: Param `schedule_interval` is deprecated and will be removed in a future release. Please use `schedule` instead.
[2022-11-06T21:00:16.895-0300] {processor.py:766} INFO - DAG(s) dict_keys(['get_all_nfe_supply']) retrieved from /home/debian/etlhausz/airflow/dags/get_endpoint.py
[2022-11-06T21:00:17.061-0300] {logging_mixin.py:120} INFO - [2022-11-06T21:00:17.061-0300] {dag.py:2585} INFO - Sync 1 DAGs
[2022-11-06T21:00:17.093-0300] {logging_mixin.py:120} INFO - [2022-11-06T21:00:17.093-0300] {dag.py:3336} INFO - Setting next_dagrun for get_all_nfe_supply to 2022-11-06T00:00:00+00:00, run_after=2022-11-07T00:00:00+00:00
[2022-11-06T21:00:17.119-0300] {processor.py:176} INFO - Processing /home/debian/etlhausz/airflow/dags/get_endpoint.py took 0.274 seconds
[2022-11-06T21:00:47.554-0300] {processor.py:154} INFO - Started process (PID=61644) to work on /home/debian/etlhausz/airflow/dags/get_endpoint.py
[2022-11-06T21:00:47.555-0300] {processor.py:756} INFO - Processing file /home/debian/etlhausz/airflow/dags/get_endpoint.py for tasks to queue
[2022-11-06T21:00:47.556-0300] {logging_mixin.py:120} INFO - [2022-11-06T21:00:47.556-0300] {dagbag.py:537} INFO - Filling up the DagBag from /home/debian/etlhausz/airflow/dags/get_endpoint.py
[2022-11-06T21:00:47.575-0300] {logging_mixin.py:120} WARNING - /home/debian/etlhausz/venv/lib/python3.9/site-packages/airflow/models/dag.py:3405 RemovedInAirflow3Warning: Param `schedule_interval` is deprecated and will be removed in a future release. Please use `schedule` instead.
[2022-11-06T21:00:47.584-0300] {processor.py:766} INFO - DAG(s) dict_keys(['get_all_nfe_supply']) retrieved from /home/debian/etlhausz/airflow/dags/get_endpoint.py
[2022-11-06T21:00:47.806-0300] {logging_mixin.py:120} INFO - [2022-11-06T21:00:47.806-0300] {dag.py:2585} INFO - Sync 1 DAGs
[2022-11-06T21:00:47.852-0300] {logging_mixin.py:120} INFO - [2022-11-06T21:00:47.852-0300] {dag.py:3336} INFO - Setting next_dagrun for get_all_nfe_supply to 2022-11-06T00:00:00+00:00, run_after=2022-11-07T00:00:00+00:00
[2022-11-06T21:00:47.872-0300] {processor.py:176} INFO - Processing /home/debian/etlhausz/airflow/dags/get_endpoint.py took 0.321 seconds
[2022-11-06T21:01:18.257-0300] {processor.py:154} INFO - Started process (PID=62226) to work on /home/debian/etlhausz/airflow/dags/get_endpoint.py
[2022-11-06T21:01:18.302-0300] {processor.py:756} INFO - Processing file /home/debian/etlhausz/airflow/dags/get_endpoint.py for tasks to queue
[2022-11-06T21:01:18.313-0300] {logging_mixin.py:120} INFO - [2022-11-06T21:01:18.313-0300] {dagbag.py:537} INFO - Filling up the DagBag from /home/debian/etlhausz/airflow/dags/get_endpoint.py
[2022-11-06T21:01:18.411-0300] {logging_mixin.py:120} WARNING - /home/debian/etlhausz/venv/lib/python3.9/site-packages/airflow/models/dag.py:3405 RemovedInAirflow3Warning: Param `schedule_interval` is deprecated and will be removed in a future release. Please use `schedule` instead.
[2022-11-06T21:01:18.432-0300] {processor.py:766} INFO - DAG(s) dict_keys(['get_all_nfe_supply']) retrieved from /home/debian/etlhausz/airflow/dags/get_endpoint.py
[2022-11-06T21:01:18.899-0300] {logging_mixin.py:120} INFO - [2022-11-06T21:01:18.899-0300] {dag.py:2585} INFO - Sync 1 DAGs
[2022-11-06T21:01:18.929-0300] {logging_mixin.py:120} INFO - [2022-11-06T21:01:18.929-0300] {dag.py:3336} INFO - Setting next_dagrun for get_all_nfe_supply to 2022-11-06T00:00:00+00:00, run_after=2022-11-07T00:00:00+00:00
[2022-11-06T21:01:19.070-0300] {processor.py:176} INFO - Processing /home/debian/etlhausz/airflow/dags/get_endpoint.py took 0.829 seconds
[2022-11-06T21:01:49.169-0300] {processor.py:154} INFO - Started process (PID=62792) to work on /home/debian/etlhausz/airflow/dags/get_endpoint.py
[2022-11-06T21:01:49.171-0300] {processor.py:756} INFO - Processing file /home/debian/etlhausz/airflow/dags/get_endpoint.py for tasks to queue
[2022-11-06T21:01:49.171-0300] {logging_mixin.py:120} INFO - [2022-11-06T21:01:49.171-0300] {dagbag.py:537} INFO - Filling up the DagBag from /home/debian/etlhausz/airflow/dags/get_endpoint.py
[2022-11-06T21:01:49.196-0300] {logging_mixin.py:120} WARNING - /home/debian/etlhausz/venv/lib/python3.9/site-packages/airflow/models/dag.py:3405 RemovedInAirflow3Warning: Param `schedule_interval` is deprecated and will be removed in a future release. Please use `schedule` instead.
[2022-11-06T21:01:49.321-0300] {processor.py:766} INFO - DAG(s) dict_keys(['get_all_nfe_supply']) retrieved from /home/debian/etlhausz/airflow/dags/get_endpoint.py
[2022-11-06T21:01:49.357-0300] {logging_mixin.py:120} INFO - [2022-11-06T21:01:49.357-0300] {dag.py:2585} INFO - Sync 1 DAGs
[2022-11-06T21:01:49.400-0300] {logging_mixin.py:120} INFO - [2022-11-06T21:01:49.399-0300] {dag.py:3336} INFO - Setting next_dagrun for get_all_nfe_supply to 2022-11-06T00:00:00+00:00, run_after=2022-11-07T00:00:00+00:00
[2022-11-06T21:01:49.436-0300] {processor.py:176} INFO - Processing /home/debian/etlhausz/airflow/dags/get_endpoint.py took 0.271 seconds
[2022-11-06T21:02:19.853-0300] {processor.py:154} INFO - Started process (PID=63335) to work on /home/debian/etlhausz/airflow/dags/get_endpoint.py
[2022-11-06T21:02:19.855-0300] {processor.py:756} INFO - Processing file /home/debian/etlhausz/airflow/dags/get_endpoint.py for tasks to queue
[2022-11-06T21:02:19.856-0300] {logging_mixin.py:120} INFO - [2022-11-06T21:02:19.856-0300] {dagbag.py:537} INFO - Filling up the DagBag from /home/debian/etlhausz/airflow/dags/get_endpoint.py
[2022-11-06T21:02:19.904-0300] {logging_mixin.py:120} WARNING - /home/debian/etlhausz/venv/lib/python3.9/site-packages/airflow/models/dag.py:3405 RemovedInAirflow3Warning: Param `schedule_interval` is deprecated and will be removed in a future release. Please use `schedule` instead.
[2022-11-06T21:02:19.922-0300] {processor.py:766} INFO - DAG(s) dict_keys(['get_all_nfe_supply']) retrieved from /home/debian/etlhausz/airflow/dags/get_endpoint.py
[2022-11-06T21:02:19.982-0300] {logging_mixin.py:120} INFO - [2022-11-06T21:02:19.981-0300] {dag.py:2585} INFO - Sync 1 DAGs
[2022-11-06T21:02:20.151-0300] {logging_mixin.py:120} INFO - [2022-11-06T21:02:20.150-0300] {dag.py:3336} INFO - Setting next_dagrun for get_all_nfe_supply to 2022-11-06T00:00:00+00:00, run_after=2022-11-07T00:00:00+00:00
[2022-11-06T21:02:20.184-0300] {processor.py:176} INFO - Processing /home/debian/etlhausz/airflow/dags/get_endpoint.py took 0.337 seconds
[2022-11-06T21:02:50.632-0300] {processor.py:154} INFO - Started process (PID=63930) to work on /home/debian/etlhausz/airflow/dags/get_endpoint.py
[2022-11-06T21:02:50.635-0300] {processor.py:756} INFO - Processing file /home/debian/etlhausz/airflow/dags/get_endpoint.py for tasks to queue
[2022-11-06T21:02:50.646-0300] {logging_mixin.py:120} INFO - [2022-11-06T21:02:50.643-0300] {dagbag.py:537} INFO - Filling up the DagBag from /home/debian/etlhausz/airflow/dags/get_endpoint.py
[2022-11-06T21:02:50.811-0300] {logging_mixin.py:120} WARNING - /home/debian/etlhausz/venv/lib/python3.9/site-packages/airflow/models/dag.py:3405 RemovedInAirflow3Warning: Param `schedule_interval` is deprecated and will be removed in a future release. Please use `schedule` instead.
[2022-11-06T21:02:50.854-0300] {processor.py:766} INFO - DAG(s) dict_keys(['get_all_nfe_supply']) retrieved from /home/debian/etlhausz/airflow/dags/get_endpoint.py
[2022-11-06T21:02:51.060-0300] {logging_mixin.py:120} INFO - [2022-11-06T21:02:51.060-0300] {dag.py:2585} INFO - Sync 1 DAGs
[2022-11-06T21:02:51.083-0300] {logging_mixin.py:120} INFO - [2022-11-06T21:02:51.083-0300] {dag.py:3336} INFO - Setting next_dagrun for get_all_nfe_supply to 2022-11-06T00:00:00+00:00, run_after=2022-11-07T00:00:00+00:00
[2022-11-06T21:02:51.110-0300] {processor.py:176} INFO - Processing /home/debian/etlhausz/airflow/dags/get_endpoint.py took 0.482 seconds
[2022-11-06T21:03:22.042-0300] {processor.py:154} INFO - Started process (PID=64411) to work on /home/debian/etlhausz/airflow/dags/get_endpoint.py
[2022-11-06T21:03:22.045-0300] {processor.py:756} INFO - Processing file /home/debian/etlhausz/airflow/dags/get_endpoint.py for tasks to queue
[2022-11-06T21:03:22.046-0300] {logging_mixin.py:120} INFO - [2022-11-06T21:03:22.045-0300] {dagbag.py:537} INFO - Filling up the DagBag from /home/debian/etlhausz/airflow/dags/get_endpoint.py
[2022-11-06T21:03:22.085-0300] {logging_mixin.py:120} WARNING - /home/debian/etlhausz/venv/lib/python3.9/site-packages/airflow/models/dag.py:3405 RemovedInAirflow3Warning: Param `schedule_interval` is deprecated and will be removed in a future release. Please use `schedule` instead.
[2022-11-06T21:03:22.123-0300] {processor.py:766} INFO - DAG(s) dict_keys(['get_all_nfe_supply']) retrieved from /home/debian/etlhausz/airflow/dags/get_endpoint.py
[2022-11-06T21:03:22.466-0300] {logging_mixin.py:120} INFO - [2022-11-06T21:03:22.466-0300] {dag.py:2585} INFO - Sync 1 DAGs
[2022-11-06T21:03:22.511-0300] {logging_mixin.py:120} INFO - [2022-11-06T21:03:22.511-0300] {dag.py:3336} INFO - Setting next_dagrun for get_all_nfe_supply to 2022-11-06T00:00:00+00:00, run_after=2022-11-07T00:00:00+00:00
[2022-11-06T21:03:22.774-0300] {processor.py:176} INFO - Processing /home/debian/etlhausz/airflow/dags/get_endpoint.py took 0.740 seconds
[2022-11-06T21:03:53.306-0300] {processor.py:154} INFO - Started process (PID=65062) to work on /home/debian/etlhausz/airflow/dags/get_endpoint.py
[2022-11-06T21:03:53.313-0300] {processor.py:756} INFO - Processing file /home/debian/etlhausz/airflow/dags/get_endpoint.py for tasks to queue
[2022-11-06T21:03:53.323-0300] {logging_mixin.py:120} INFO - [2022-11-06T21:03:53.321-0300] {dagbag.py:537} INFO - Filling up the DagBag from /home/debian/etlhausz/airflow/dags/get_endpoint.py
[2022-11-06T21:03:53.430-0300] {logging_mixin.py:120} WARNING - /home/debian/etlhausz/venv/lib/python3.9/site-packages/airflow/models/dag.py:3405 RemovedInAirflow3Warning: Param `schedule_interval` is deprecated and will be removed in a future release. Please use `schedule` instead.
[2022-11-06T21:03:53.754-0300] {processor.py:766} INFO - DAG(s) dict_keys(['get_all_nfe_supply']) retrieved from /home/debian/etlhausz/airflow/dags/get_endpoint.py
[2022-11-06T21:03:53.805-0300] {logging_mixin.py:120} INFO - [2022-11-06T21:03:53.805-0300] {dag.py:2585} INFO - Sync 1 DAGs
[2022-11-06T21:03:53.862-0300] {logging_mixin.py:120} INFO - [2022-11-06T21:03:53.862-0300] {dag.py:3336} INFO - Setting next_dagrun for get_all_nfe_supply to 2022-11-06T00:00:00+00:00, run_after=2022-11-07T00:00:00+00:00
[2022-11-06T21:03:53.970-0300] {processor.py:176} INFO - Processing /home/debian/etlhausz/airflow/dags/get_endpoint.py took 0.670 seconds
[2022-11-06T22:01:30.024-0300] {processor.py:154} INFO - Started process (PID=4682) to work on /home/debian/etlhausz/airflow/dags/get_endpoint.py
[2022-11-06T22:01:30.025-0300] {processor.py:756} INFO - Processing file /home/debian/etlhausz/airflow/dags/get_endpoint.py for tasks to queue
[2022-11-06T22:01:30.026-0300] {logging_mixin.py:120} INFO - [2022-11-06T22:01:30.026-0300] {dagbag.py:537} INFO - Filling up the DagBag from /home/debian/etlhausz/airflow/dags/get_endpoint.py
[2022-11-06T22:01:30.047-0300] {logging_mixin.py:120} WARNING - /home/debian/etlhausz/venv/lib/python3.9/site-packages/airflow/models/dag.py:3405 RemovedInAirflow3Warning: Param `schedule_interval` is deprecated and will be removed in a future release. Please use `schedule` instead.
[2022-11-06T22:01:30.057-0300] {processor.py:766} INFO - DAG(s) dict_keys(['get_all_nfe_supply']) retrieved from /home/debian/etlhausz/airflow/dags/get_endpoint.py
[2022-11-06T22:01:30.170-0300] {logging_mixin.py:120} INFO - [2022-11-06T22:01:30.169-0300] {dag.py:2585} INFO - Sync 1 DAGs
[2022-11-06T22:01:30.260-0300] {logging_mixin.py:120} INFO - [2022-11-06T22:01:30.259-0300] {dag.py:3336} INFO - Setting next_dagrun for get_all_nfe_supply to 2022-11-06T00:00:00+00:00, run_after=2022-11-07T00:00:00+00:00
[2022-11-06T22:01:30.393-0300] {processor.py:176} INFO - Processing /home/debian/etlhausz/airflow/dags/get_endpoint.py took 0.371 seconds
[2022-11-06T22:02:00.629-0300] {processor.py:154} INFO - Started process (PID=5405) to work on /home/debian/etlhausz/airflow/dags/get_endpoint.py
[2022-11-06T22:02:00.631-0300] {processor.py:756} INFO - Processing file /home/debian/etlhausz/airflow/dags/get_endpoint.py for tasks to queue
[2022-11-06T22:02:00.634-0300] {logging_mixin.py:120} INFO - [2022-11-06T22:02:00.633-0300] {dagbag.py:537} INFO - Filling up the DagBag from /home/debian/etlhausz/airflow/dags/get_endpoint.py
[2022-11-06T22:02:00.663-0300] {logging_mixin.py:120} WARNING - /home/debian/etlhausz/venv/lib/python3.9/site-packages/airflow/models/dag.py:3405 RemovedInAirflow3Warning: Param `schedule_interval` is deprecated and will be removed in a future release. Please use `schedule` instead.
[2022-11-06T22:02:00.679-0300] {processor.py:766} INFO - DAG(s) dict_keys(['get_all_nfe_supply']) retrieved from /home/debian/etlhausz/airflow/dags/get_endpoint.py
[2022-11-06T22:02:00.810-0300] {logging_mixin.py:120} INFO - [2022-11-06T22:02:00.809-0300] {dag.py:2585} INFO - Sync 1 DAGs
[2022-11-06T22:02:00.882-0300] {logging_mixin.py:120} INFO - [2022-11-06T22:02:00.881-0300] {dag.py:3336} INFO - Setting next_dagrun for get_all_nfe_supply to 2022-11-06T00:00:00+00:00, run_after=2022-11-07T00:00:00+00:00
[2022-11-06T22:02:01.002-0300] {processor.py:176} INFO - Processing /home/debian/etlhausz/airflow/dags/get_endpoint.py took 0.379 seconds
[2022-11-06T22:02:31.730-0300] {processor.py:154} INFO - Started process (PID=6013) to work on /home/debian/etlhausz/airflow/dags/get_endpoint.py
[2022-11-06T22:02:31.730-0300] {processor.py:756} INFO - Processing file /home/debian/etlhausz/airflow/dags/get_endpoint.py for tasks to queue
[2022-11-06T22:02:31.731-0300] {logging_mixin.py:120} INFO - [2022-11-06T22:02:31.731-0300] {dagbag.py:537} INFO - Filling up the DagBag from /home/debian/etlhausz/airflow/dags/get_endpoint.py
[2022-11-06T22:02:31.749-0300] {logging_mixin.py:120} WARNING - /home/debian/etlhausz/venv/lib/python3.9/site-packages/airflow/models/dag.py:3405 RemovedInAirflow3Warning: Param `schedule_interval` is deprecated and will be removed in a future release. Please use `schedule` instead.
[2022-11-06T22:02:31.759-0300] {processor.py:766} INFO - DAG(s) dict_keys(['get_all_nfe_supply']) retrieved from /home/debian/etlhausz/airflow/dags/get_endpoint.py
[2022-11-06T22:02:31.796-0300] {logging_mixin.py:120} INFO - [2022-11-06T22:02:31.796-0300] {dag.py:2585} INFO - Sync 1 DAGs
[2022-11-06T22:02:31.818-0300] {logging_mixin.py:120} INFO - [2022-11-06T22:02:31.818-0300] {dag.py:3336} INFO - Setting next_dagrun for get_all_nfe_supply to 2022-11-06T00:00:00+00:00, run_after=2022-11-07T00:00:00+00:00
[2022-11-06T22:02:31.845-0300] {processor.py:176} INFO - Processing /home/debian/etlhausz/airflow/dags/get_endpoint.py took 0.117 seconds
[2022-11-06T22:03:01.977-0300] {processor.py:154} INFO - Started process (PID=6642) to work on /home/debian/etlhausz/airflow/dags/get_endpoint.py
[2022-11-06T22:03:01.979-0300] {processor.py:756} INFO - Processing file /home/debian/etlhausz/airflow/dags/get_endpoint.py for tasks to queue
[2022-11-06T22:03:01.980-0300] {logging_mixin.py:120} INFO - [2022-11-06T22:03:01.979-0300] {dagbag.py:537} INFO - Filling up the DagBag from /home/debian/etlhausz/airflow/dags/get_endpoint.py
[2022-11-06T22:03:02.000-0300] {logging_mixin.py:120} WARNING - /home/debian/etlhausz/venv/lib/python3.9/site-packages/airflow/models/dag.py:3405 RemovedInAirflow3Warning: Param `schedule_interval` is deprecated and will be removed in a future release. Please use `schedule` instead.
[2022-11-06T22:03:02.013-0300] {processor.py:766} INFO - DAG(s) dict_keys(['get_all_nfe_supply']) retrieved from /home/debian/etlhausz/airflow/dags/get_endpoint.py
[2022-11-06T22:03:02.059-0300] {logging_mixin.py:120} INFO - [2022-11-06T22:03:02.059-0300] {dag.py:2585} INFO - Sync 1 DAGs
[2022-11-06T22:03:02.132-0300] {logging_mixin.py:120} INFO - [2022-11-06T22:03:02.132-0300] {dag.py:3336} INFO - Setting next_dagrun for get_all_nfe_supply to 2022-11-06T00:00:00+00:00, run_after=2022-11-07T00:00:00+00:00
[2022-11-06T22:03:02.176-0300] {processor.py:176} INFO - Processing /home/debian/etlhausz/airflow/dags/get_endpoint.py took 0.203 seconds
[2022-11-06T22:03:32.532-0300] {processor.py:154} INFO - Started process (PID=7252) to work on /home/debian/etlhausz/airflow/dags/get_endpoint.py
[2022-11-06T22:03:32.534-0300] {processor.py:756} INFO - Processing file /home/debian/etlhausz/airflow/dags/get_endpoint.py for tasks to queue
[2022-11-06T22:03:32.534-0300] {logging_mixin.py:120} INFO - [2022-11-06T22:03:32.534-0300] {dagbag.py:537} INFO - Filling up the DagBag from /home/debian/etlhausz/airflow/dags/get_endpoint.py
[2022-11-06T22:03:32.563-0300] {logging_mixin.py:120} WARNING - /home/debian/etlhausz/venv/lib/python3.9/site-packages/airflow/models/dag.py:3405 RemovedInAirflow3Warning: Param `schedule_interval` is deprecated and will be removed in a future release. Please use `schedule` instead.
[2022-11-06T22:03:32.581-0300] {processor.py:766} INFO - DAG(s) dict_keys(['get_all_nfe_supply']) retrieved from /home/debian/etlhausz/airflow/dags/get_endpoint.py
[2022-11-06T22:03:32.628-0300] {logging_mixin.py:120} INFO - [2022-11-06T22:03:32.628-0300] {dag.py:2585} INFO - Sync 1 DAGs
[2022-11-06T22:03:32.657-0300] {logging_mixin.py:120} INFO - [2022-11-06T22:03:32.656-0300] {dag.py:3336} INFO - Setting next_dagrun for get_all_nfe_supply to 2022-11-06T00:00:00+00:00, run_after=2022-11-07T00:00:00+00:00
[2022-11-06T22:03:32.677-0300] {processor.py:176} INFO - Processing /home/debian/etlhausz/airflow/dags/get_endpoint.py took 0.157 seconds
[2022-11-06T22:04:03.586-0300] {processor.py:154} INFO - Started process (PID=7935) to work on /home/debian/etlhausz/airflow/dags/get_endpoint.py
[2022-11-06T22:04:03.589-0300] {processor.py:756} INFO - Processing file /home/debian/etlhausz/airflow/dags/get_endpoint.py for tasks to queue
[2022-11-06T22:04:03.590-0300] {logging_mixin.py:120} INFO - [2022-11-06T22:04:03.590-0300] {dagbag.py:537} INFO - Filling up the DagBag from /home/debian/etlhausz/airflow/dags/get_endpoint.py
[2022-11-06T22:04:03.623-0300] {logging_mixin.py:120} WARNING - /home/debian/etlhausz/venv/lib/python3.9/site-packages/airflow/models/dag.py:3405 RemovedInAirflow3Warning: Param `schedule_interval` is deprecated and will be removed in a future release. Please use `schedule` instead.
[2022-11-06T22:04:03.635-0300] {processor.py:766} INFO - DAG(s) dict_keys(['get_all_nfe_supply']) retrieved from /home/debian/etlhausz/airflow/dags/get_endpoint.py
[2022-11-06T22:04:03.795-0300] {logging_mixin.py:120} INFO - [2022-11-06T22:04:03.795-0300] {dag.py:2585} INFO - Sync 1 DAGs
[2022-11-06T22:04:03.871-0300] {logging_mixin.py:120} INFO - [2022-11-06T22:04:03.870-0300] {dag.py:3336} INFO - Setting next_dagrun for get_all_nfe_supply to 2022-11-06T00:00:00+00:00, run_after=2022-11-07T00:00:00+00:00
[2022-11-06T22:04:03.892-0300] {processor.py:176} INFO - Processing /home/debian/etlhausz/airflow/dags/get_endpoint.py took 0.312 seconds
[2022-11-06T22:04:34.248-0300] {processor.py:154} INFO - Started process (PID=8505) to work on /home/debian/etlhausz/airflow/dags/get_endpoint.py
[2022-11-06T22:04:34.249-0300] {processor.py:756} INFO - Processing file /home/debian/etlhausz/airflow/dags/get_endpoint.py for tasks to queue
[2022-11-06T22:04:34.250-0300] {logging_mixin.py:120} INFO - [2022-11-06T22:04:34.250-0300] {dagbag.py:537} INFO - Filling up the DagBag from /home/debian/etlhausz/airflow/dags/get_endpoint.py
[2022-11-06T22:04:34.300-0300] {logging_mixin.py:120} WARNING - /home/debian/etlhausz/venv/lib/python3.9/site-packages/airflow/models/dag.py:3405 RemovedInAirflow3Warning: Param `schedule_interval` is deprecated and will be removed in a future release. Please use `schedule` instead.
[2022-11-06T22:04:34.324-0300] {processor.py:766} INFO - DAG(s) dict_keys(['get_all_nfe_supply']) retrieved from /home/debian/etlhausz/airflow/dags/get_endpoint.py
[2022-11-06T22:04:34.405-0300] {logging_mixin.py:120} INFO - [2022-11-06T22:04:34.404-0300] {dag.py:2585} INFO - Sync 1 DAGs
[2022-11-06T22:04:34.452-0300] {logging_mixin.py:120} INFO - [2022-11-06T22:04:34.452-0300] {dag.py:3336} INFO - Setting next_dagrun for get_all_nfe_supply to 2022-11-06T00:00:00+00:00, run_after=2022-11-07T00:00:00+00:00
[2022-11-06T22:04:34.472-0300] {processor.py:176} INFO - Processing /home/debian/etlhausz/airflow/dags/get_endpoint.py took 0.228 seconds
[2022-11-06T22:05:05.049-0300] {processor.py:154} INFO - Started process (PID=9161) to work on /home/debian/etlhausz/airflow/dags/get_endpoint.py
[2022-11-06T22:05:05.060-0300] {processor.py:756} INFO - Processing file /home/debian/etlhausz/airflow/dags/get_endpoint.py for tasks to queue
[2022-11-06T22:05:05.066-0300] {logging_mixin.py:120} INFO - [2022-11-06T22:05:05.066-0300] {dagbag.py:537} INFO - Filling up the DagBag from /home/debian/etlhausz/airflow/dags/get_endpoint.py
[2022-11-06T22:05:05.104-0300] {logging_mixin.py:120} WARNING - /home/debian/etlhausz/venv/lib/python3.9/site-packages/airflow/models/dag.py:3405 RemovedInAirflow3Warning: Param `schedule_interval` is deprecated and will be removed in a future release. Please use `schedule` instead.
[2022-11-06T22:05:05.139-0300] {processor.py:766} INFO - DAG(s) dict_keys(['get_all_nfe_supply']) retrieved from /home/debian/etlhausz/airflow/dags/get_endpoint.py
[2022-11-06T22:05:05.357-0300] {logging_mixin.py:120} INFO - [2022-11-06T22:05:05.357-0300] {dag.py:2585} INFO - Sync 1 DAGs
[2022-11-06T22:05:05.412-0300] {logging_mixin.py:120} INFO - [2022-11-06T22:05:05.411-0300] {dag.py:3336} INFO - Setting next_dagrun for get_all_nfe_supply to 2022-11-06T00:00:00+00:00, run_after=2022-11-07T00:00:00+00:00
[2022-11-06T22:05:05.481-0300] {processor.py:176} INFO - Processing /home/debian/etlhausz/airflow/dags/get_endpoint.py took 0.446 seconds
[2022-11-06T22:05:23.701-0300] {processor.py:154} INFO - Started process (PID=9433) to work on /home/debian/etlhausz/airflow/dags/get_endpoint.py
[2022-11-06T22:05:23.702-0300] {processor.py:756} INFO - Processing file /home/debian/etlhausz/airflow/dags/get_endpoint.py for tasks to queue
[2022-11-06T22:05:23.704-0300] {logging_mixin.py:120} INFO - [2022-11-06T22:05:23.703-0300] {dagbag.py:537} INFO - Filling up the DagBag from /home/debian/etlhausz/airflow/dags/get_endpoint.py
[2022-11-06T22:05:23.753-0300] {logging_mixin.py:120} WARNING - /home/debian/etlhausz/venv/lib/python3.9/site-packages/airflow/models/dag.py:3405 RemovedInAirflow3Warning: Param `schedule_interval` is deprecated and will be removed in a future release. Please use `schedule` instead.
[2022-11-06T22:05:23.802-0300] {processor.py:766} INFO - DAG(s) dict_keys(['get_all_nfe_supply']) retrieved from /home/debian/etlhausz/airflow/dags/get_endpoint.py
[2022-11-06T22:05:24.048-0300] {logging_mixin.py:120} INFO - [2022-11-06T22:05:24.047-0300] {dag.py:2585} INFO - Sync 1 DAGs
[2022-11-06T22:05:24.137-0300] {logging_mixin.py:120} INFO - [2022-11-06T22:05:24.137-0300] {dag.py:3336} INFO - Setting next_dagrun for get_all_nfe_supply to 2022-11-06T00:00:00+00:00, run_after=2022-11-07T00:00:00+00:00
[2022-11-06T22:05:24.163-0300] {processor.py:176} INFO - Processing /home/debian/etlhausz/airflow/dags/get_endpoint.py took 0.478 seconds
[2022-11-06T22:05:54.384-0300] {processor.py:154} INFO - Started process (PID=10021) to work on /home/debian/etlhausz/airflow/dags/get_endpoint.py
[2022-11-06T22:05:54.393-0300] {processor.py:756} INFO - Processing file /home/debian/etlhausz/airflow/dags/get_endpoint.py for tasks to queue
[2022-11-06T22:05:54.395-0300] {logging_mixin.py:120} INFO - [2022-11-06T22:05:54.394-0300] {dagbag.py:537} INFO - Filling up the DagBag from /home/debian/etlhausz/airflow/dags/get_endpoint.py
[2022-11-06T22:05:54.450-0300] {logging_mixin.py:120} WARNING - /home/debian/etlhausz/venv/lib/python3.9/site-packages/airflow/models/dag.py:3405 RemovedInAirflow3Warning: Param `schedule_interval` is deprecated and will be removed in a future release. Please use `schedule` instead.
[2022-11-06T22:05:54.511-0300] {processor.py:766} INFO - DAG(s) dict_keys(['get_all_nfe_supply']) retrieved from /home/debian/etlhausz/airflow/dags/get_endpoint.py
[2022-11-06T22:05:54.616-0300] {logging_mixin.py:120} INFO - [2022-11-06T22:05:54.616-0300] {dag.py:2585} INFO - Sync 1 DAGs
[2022-11-06T22:05:54.645-0300] {logging_mixin.py:120} INFO - [2022-11-06T22:05:54.644-0300] {dag.py:3336} INFO - Setting next_dagrun for get_all_nfe_supply to 2022-11-06T00:00:00+00:00, run_after=2022-11-07T00:00:00+00:00
[2022-11-06T22:05:54.687-0300] {processor.py:176} INFO - Processing /home/debian/etlhausz/airflow/dags/get_endpoint.py took 0.306 seconds
[2022-11-06T22:06:24.774-0300] {processor.py:154} INFO - Started process (PID=10675) to work on /home/debian/etlhausz/airflow/dags/get_endpoint.py
[2022-11-06T22:06:24.775-0300] {processor.py:756} INFO - Processing file /home/debian/etlhausz/airflow/dags/get_endpoint.py for tasks to queue
[2022-11-06T22:06:24.775-0300] {logging_mixin.py:120} INFO - [2022-11-06T22:06:24.775-0300] {dagbag.py:537} INFO - Filling up the DagBag from /home/debian/etlhausz/airflow/dags/get_endpoint.py
[2022-11-06T22:06:24.796-0300] {logging_mixin.py:120} WARNING - /home/debian/etlhausz/venv/lib/python3.9/site-packages/airflow/models/dag.py:3405 RemovedInAirflow3Warning: Param `schedule_interval` is deprecated and will be removed in a future release. Please use `schedule` instead.
[2022-11-06T22:06:24.810-0300] {processor.py:766} INFO - DAG(s) dict_keys(['get_all_nfe_supply']) retrieved from /home/debian/etlhausz/airflow/dags/get_endpoint.py
[2022-11-06T22:06:24.850-0300] {logging_mixin.py:120} INFO - [2022-11-06T22:06:24.850-0300] {dag.py:2585} INFO - Sync 1 DAGs
[2022-11-06T22:06:24.868-0300] {logging_mixin.py:120} INFO - [2022-11-06T22:06:24.868-0300] {dag.py:3336} INFO - Setting next_dagrun for get_all_nfe_supply to 2022-11-06T00:00:00+00:00, run_after=2022-11-07T00:00:00+00:00
[2022-11-06T22:06:24.889-0300] {processor.py:176} INFO - Processing /home/debian/etlhausz/airflow/dags/get_endpoint.py took 0.118 seconds
[2022-11-06T22:06:55.254-0300] {processor.py:154} INFO - Started process (PID=11223) to work on /home/debian/etlhausz/airflow/dags/get_endpoint.py
[2022-11-06T22:06:55.257-0300] {processor.py:756} INFO - Processing file /home/debian/etlhausz/airflow/dags/get_endpoint.py for tasks to queue
[2022-11-06T22:06:55.258-0300] {logging_mixin.py:120} INFO - [2022-11-06T22:06:55.258-0300] {dagbag.py:537} INFO - Filling up the DagBag from /home/debian/etlhausz/airflow/dags/get_endpoint.py
[2022-11-06T22:06:55.297-0300] {logging_mixin.py:120} WARNING - /home/debian/etlhausz/venv/lib/python3.9/site-packages/airflow/models/dag.py:3405 RemovedInAirflow3Warning: Param `schedule_interval` is deprecated and will be removed in a future release. Please use `schedule` instead.
[2022-11-06T22:06:55.315-0300] {processor.py:766} INFO - DAG(s) dict_keys(['get_all_nfe_supply']) retrieved from /home/debian/etlhausz/airflow/dags/get_endpoint.py
[2022-11-06T22:06:55.369-0300] {logging_mixin.py:120} INFO - [2022-11-06T22:06:55.368-0300] {dag.py:2585} INFO - Sync 1 DAGs
[2022-11-06T22:06:55.389-0300] {logging_mixin.py:120} INFO - [2022-11-06T22:06:55.389-0300] {dag.py:3336} INFO - Setting next_dagrun for get_all_nfe_supply to 2022-11-06T00:00:00+00:00, run_after=2022-11-07T00:00:00+00:00
[2022-11-06T22:06:55.409-0300] {processor.py:176} INFO - Processing /home/debian/etlhausz/airflow/dags/get_endpoint.py took 0.160 seconds
[2022-11-06T22:07:25.846-0300] {processor.py:154} INFO - Started process (PID=11914) to work on /home/debian/etlhausz/airflow/dags/get_endpoint.py
[2022-11-06T22:07:25.848-0300] {processor.py:756} INFO - Processing file /home/debian/etlhausz/airflow/dags/get_endpoint.py for tasks to queue
[2022-11-06T22:07:25.849-0300] {logging_mixin.py:120} INFO - [2022-11-06T22:07:25.849-0300] {dagbag.py:537} INFO - Filling up the DagBag from /home/debian/etlhausz/airflow/dags/get_endpoint.py
[2022-11-06T22:07:25.872-0300] {logging_mixin.py:120} WARNING - /home/debian/etlhausz/venv/lib/python3.9/site-packages/airflow/models/dag.py:3405 RemovedInAirflow3Warning: Param `schedule_interval` is deprecated and will be removed in a future release. Please use `schedule` instead.
[2022-11-06T22:07:25.885-0300] {processor.py:766} INFO - DAG(s) dict_keys(['get_all_nfe_supply']) retrieved from /home/debian/etlhausz/airflow/dags/get_endpoint.py
[2022-11-06T22:07:25.937-0300] {logging_mixin.py:120} INFO - [2022-11-06T22:07:25.937-0300] {dag.py:2585} INFO - Sync 1 DAGs
[2022-11-06T22:07:25.960-0300] {logging_mixin.py:120} INFO - [2022-11-06T22:07:25.960-0300] {dag.py:3336} INFO - Setting next_dagrun for get_all_nfe_supply to 2022-11-06T00:00:00+00:00, run_after=2022-11-07T00:00:00+00:00
[2022-11-06T22:07:25.983-0300] {processor.py:176} INFO - Processing /home/debian/etlhausz/airflow/dags/get_endpoint.py took 0.140 seconds
[2022-11-06T22:07:56.791-0300] {processor.py:154} INFO - Started process (PID=12599) to work on /home/debian/etlhausz/airflow/dags/get_endpoint.py
[2022-11-06T22:07:56.809-0300] {processor.py:756} INFO - Processing file /home/debian/etlhausz/airflow/dags/get_endpoint.py for tasks to queue
[2022-11-06T22:07:56.809-0300] {logging_mixin.py:120} INFO - [2022-11-06T22:07:56.809-0300] {dagbag.py:537} INFO - Filling up the DagBag from /home/debian/etlhausz/airflow/dags/get_endpoint.py
[2022-11-06T22:07:56.905-0300] {logging_mixin.py:120} WARNING - /home/debian/etlhausz/venv/lib/python3.9/site-packages/airflow/models/dag.py:3405 RemovedInAirflow3Warning: Param `schedule_interval` is deprecated and will be removed in a future release. Please use `schedule` instead.
[2022-11-06T22:07:56.922-0300] {processor.py:766} INFO - DAG(s) dict_keys(['get_all_nfe_supply']) retrieved from /home/debian/etlhausz/airflow/dags/get_endpoint.py
[2022-11-06T22:07:57.026-0300] {logging_mixin.py:120} INFO - [2022-11-06T22:07:57.026-0300] {dag.py:2585} INFO - Sync 1 DAGs
[2022-11-06T22:07:57.074-0300] {logging_mixin.py:120} INFO - [2022-11-06T22:07:57.073-0300] {dag.py:3336} INFO - Setting next_dagrun for get_all_nfe_supply to 2022-11-06T00:00:00+00:00, run_after=2022-11-07T00:00:00+00:00
[2022-11-06T22:07:57.117-0300] {processor.py:176} INFO - Processing /home/debian/etlhausz/airflow/dags/get_endpoint.py took 0.330 seconds
[2022-11-06T22:08:27.909-0300] {processor.py:154} INFO - Started process (PID=13270) to work on /home/debian/etlhausz/airflow/dags/get_endpoint.py
[2022-11-06T22:08:27.911-0300] {processor.py:756} INFO - Processing file /home/debian/etlhausz/airflow/dags/get_endpoint.py for tasks to queue
[2022-11-06T22:08:27.912-0300] {logging_mixin.py:120} INFO - [2022-11-06T22:08:27.912-0300] {dagbag.py:537} INFO - Filling up the DagBag from /home/debian/etlhausz/airflow/dags/get_endpoint.py
[2022-11-06T22:08:27.951-0300] {logging_mixin.py:120} WARNING - /home/debian/etlhausz/venv/lib/python3.9/site-packages/airflow/models/dag.py:3405 RemovedInAirflow3Warning: Param `schedule_interval` is deprecated and will be removed in a future release. Please use `schedule` instead.
[2022-11-06T22:08:27.963-0300] {processor.py:766} INFO - DAG(s) dict_keys(['get_all_nfe_supply']) retrieved from /home/debian/etlhausz/airflow/dags/get_endpoint.py
[2022-11-06T22:08:28.032-0300] {logging_mixin.py:120} INFO - [2022-11-06T22:08:28.032-0300] {dag.py:2585} INFO - Sync 1 DAGs
[2022-11-06T22:08:28.059-0300] {logging_mixin.py:120} INFO - [2022-11-06T22:08:28.059-0300] {dag.py:3336} INFO - Setting next_dagrun for get_all_nfe_supply to 2022-11-06T00:00:00+00:00, run_after=2022-11-07T00:00:00+00:00
[2022-11-06T22:08:28.089-0300] {processor.py:176} INFO - Processing /home/debian/etlhausz/airflow/dags/get_endpoint.py took 0.186 seconds
[2022-11-06T22:08:58.558-0300] {processor.py:154} INFO - Started process (PID=13929) to work on /home/debian/etlhausz/airflow/dags/get_endpoint.py
[2022-11-06T22:08:58.559-0300] {processor.py:756} INFO - Processing file /home/debian/etlhausz/airflow/dags/get_endpoint.py for tasks to queue
[2022-11-06T22:08:58.560-0300] {logging_mixin.py:120} INFO - [2022-11-06T22:08:58.560-0300] {dagbag.py:537} INFO - Filling up the DagBag from /home/debian/etlhausz/airflow/dags/get_endpoint.py
[2022-11-06T22:08:58.584-0300] {logging_mixin.py:120} WARNING - /home/debian/etlhausz/venv/lib/python3.9/site-packages/airflow/models/dag.py:3405 RemovedInAirflow3Warning: Param `schedule_interval` is deprecated and will be removed in a future release. Please use `schedule` instead.
[2022-11-06T22:08:58.597-0300] {processor.py:766} INFO - DAG(s) dict_keys(['get_all_nfe_supply']) retrieved from /home/debian/etlhausz/airflow/dags/get_endpoint.py
[2022-11-06T22:08:58.640-0300] {logging_mixin.py:120} INFO - [2022-11-06T22:08:58.640-0300] {dag.py:2585} INFO - Sync 1 DAGs
[2022-11-06T22:08:58.664-0300] {logging_mixin.py:120} INFO - [2022-11-06T22:08:58.664-0300] {dag.py:3336} INFO - Setting next_dagrun for get_all_nfe_supply to 2022-11-06T00:00:00+00:00, run_after=2022-11-07T00:00:00+00:00
[2022-11-06T22:08:58.696-0300] {processor.py:176} INFO - Processing /home/debian/etlhausz/airflow/dags/get_endpoint.py took 0.142 seconds
[2022-11-06T22:09:28.889-0300] {processor.py:154} INFO - Started process (PID=14601) to work on /home/debian/etlhausz/airflow/dags/get_endpoint.py
[2022-11-06T22:09:28.891-0300] {processor.py:756} INFO - Processing file /home/debian/etlhausz/airflow/dags/get_endpoint.py for tasks to queue
[2022-11-06T22:09:28.891-0300] {logging_mixin.py:120} INFO - [2022-11-06T22:09:28.891-0300] {dagbag.py:537} INFO - Filling up the DagBag from /home/debian/etlhausz/airflow/dags/get_endpoint.py
[2022-11-06T22:09:28.924-0300] {logging_mixin.py:120} WARNING - /home/debian/etlhausz/venv/lib/python3.9/site-packages/airflow/models/dag.py:3405 RemovedInAirflow3Warning: Param `schedule_interval` is deprecated and will be removed in a future release. Please use `schedule` instead.
[2022-11-06T22:09:28.937-0300] {processor.py:766} INFO - DAG(s) dict_keys(['get_all_nfe_supply']) retrieved from /home/debian/etlhausz/airflow/dags/get_endpoint.py
[2022-11-06T22:09:28.992-0300] {logging_mixin.py:120} INFO - [2022-11-06T22:09:28.992-0300] {dag.py:2585} INFO - Sync 1 DAGs
[2022-11-06T22:09:29.028-0300] {logging_mixin.py:120} INFO - [2022-11-06T22:09:29.027-0300] {dag.py:3336} INFO - Setting next_dagrun for get_all_nfe_supply to 2022-11-06T00:00:00+00:00, run_after=2022-11-07T00:00:00+00:00
[2022-11-06T22:09:29.052-0300] {processor.py:176} INFO - Processing /home/debian/etlhausz/airflow/dags/get_endpoint.py took 0.169 seconds
[2022-11-06T22:09:59.801-0300] {processor.py:154} INFO - Started process (PID=15194) to work on /home/debian/etlhausz/airflow/dags/get_endpoint.py
[2022-11-06T22:09:59.802-0300] {processor.py:756} INFO - Processing file /home/debian/etlhausz/airflow/dags/get_endpoint.py for tasks to queue
[2022-11-06T22:09:59.803-0300] {logging_mixin.py:120} INFO - [2022-11-06T22:09:59.803-0300] {dagbag.py:537} INFO - Filling up the DagBag from /home/debian/etlhausz/airflow/dags/get_endpoint.py
[2022-11-06T22:09:59.825-0300] {logging_mixin.py:120} WARNING - /home/debian/etlhausz/venv/lib/python3.9/site-packages/airflow/models/dag.py:3405 RemovedInAirflow3Warning: Param `schedule_interval` is deprecated and will be removed in a future release. Please use `schedule` instead.
[2022-11-06T22:09:59.910-0300] {processor.py:766} INFO - DAG(s) dict_keys(['get_all_nfe_supply']) retrieved from /home/debian/etlhausz/airflow/dags/get_endpoint.py
[2022-11-06T22:09:59.954-0300] {logging_mixin.py:120} INFO - [2022-11-06T22:09:59.954-0300] {dag.py:2585} INFO - Sync 1 DAGs
[2022-11-06T22:09:59.978-0300] {logging_mixin.py:120} INFO - [2022-11-06T22:09:59.978-0300] {dag.py:3336} INFO - Setting next_dagrun for get_all_nfe_supply to 2022-11-06T00:00:00+00:00, run_after=2022-11-07T00:00:00+00:00
[2022-11-06T22:09:59.996-0300] {processor.py:176} INFO - Processing /home/debian/etlhausz/airflow/dags/get_endpoint.py took 0.204 seconds
[2022-11-06T22:10:30.442-0300] {processor.py:154} INFO - Started process (PID=15838) to work on /home/debian/etlhausz/airflow/dags/get_endpoint.py
[2022-11-06T22:10:30.444-0300] {processor.py:756} INFO - Processing file /home/debian/etlhausz/airflow/dags/get_endpoint.py for tasks to queue
[2022-11-06T22:10:30.445-0300] {logging_mixin.py:120} INFO - [2022-11-06T22:10:30.445-0300] {dagbag.py:537} INFO - Filling up the DagBag from /home/debian/etlhausz/airflow/dags/get_endpoint.py
[2022-11-06T22:10:30.491-0300] {logging_mixin.py:120} WARNING - /home/debian/etlhausz/venv/lib/python3.9/site-packages/airflow/models/dag.py:3405 RemovedInAirflow3Warning: Param `schedule_interval` is deprecated and will be removed in a future release. Please use `schedule` instead.
[2022-11-06T22:10:30.514-0300] {processor.py:766} INFO - DAG(s) dict_keys(['get_all_nfe_supply']) retrieved from /home/debian/etlhausz/airflow/dags/get_endpoint.py
[2022-11-06T22:10:30.579-0300] {logging_mixin.py:120} INFO - [2022-11-06T22:10:30.578-0300] {dag.py:2585} INFO - Sync 1 DAGs
[2022-11-06T22:10:30.630-0300] {logging_mixin.py:120} INFO - [2022-11-06T22:10:30.630-0300] {dag.py:3336} INFO - Setting next_dagrun for get_all_nfe_supply to 2022-11-06T00:00:00+00:00, run_after=2022-11-07T00:00:00+00:00
[2022-11-06T22:10:30.704-0300] {processor.py:176} INFO - Processing /home/debian/etlhausz/airflow/dags/get_endpoint.py took 0.265 seconds
[2022-11-06T22:11:01.440-0300] {processor.py:154} INFO - Started process (PID=16398) to work on /home/debian/etlhausz/airflow/dags/get_endpoint.py
[2022-11-06T22:11:01.475-0300] {processor.py:756} INFO - Processing file /home/debian/etlhausz/airflow/dags/get_endpoint.py for tasks to queue
[2022-11-06T22:11:01.476-0300] {logging_mixin.py:120} INFO - [2022-11-06T22:11:01.476-0300] {dagbag.py:537} INFO - Filling up the DagBag from /home/debian/etlhausz/airflow/dags/get_endpoint.py
[2022-11-06T22:11:01.520-0300] {logging_mixin.py:120} WARNING - /home/debian/etlhausz/venv/lib/python3.9/site-packages/airflow/models/dag.py:3405 RemovedInAirflow3Warning: Param `schedule_interval` is deprecated and will be removed in a future release. Please use `schedule` instead.
[2022-11-06T22:11:01.551-0300] {processor.py:766} INFO - DAG(s) dict_keys(['get_all_nfe_supply']) retrieved from /home/debian/etlhausz/airflow/dags/get_endpoint.py
[2022-11-06T22:11:01.709-0300] {logging_mixin.py:120} INFO - [2022-11-06T22:11:01.709-0300] {dag.py:2585} INFO - Sync 1 DAGs
[2022-11-06T22:11:01.812-0300] {logging_mixin.py:120} INFO - [2022-11-06T22:11:01.812-0300] {dag.py:3336} INFO - Setting next_dagrun for get_all_nfe_supply to 2022-11-06T00:00:00+00:00, run_after=2022-11-07T00:00:00+00:00
[2022-11-06T22:11:01.997-0300] {processor.py:176} INFO - Processing /home/debian/etlhausz/airflow/dags/get_endpoint.py took 0.560 seconds
[2022-11-06T22:11:32.363-0300] {processor.py:154} INFO - Started process (PID=16983) to work on /home/debian/etlhausz/airflow/dags/get_endpoint.py
[2022-11-06T22:11:32.365-0300] {processor.py:756} INFO - Processing file /home/debian/etlhausz/airflow/dags/get_endpoint.py for tasks to queue
[2022-11-06T22:11:32.366-0300] {logging_mixin.py:120} INFO - [2022-11-06T22:11:32.366-0300] {dagbag.py:537} INFO - Filling up the DagBag from /home/debian/etlhausz/airflow/dags/get_endpoint.py
[2022-11-06T22:11:32.386-0300] {logging_mixin.py:120} WARNING - /home/debian/etlhausz/venv/lib/python3.9/site-packages/airflow/models/dag.py:3405 RemovedInAirflow3Warning: Param `schedule_interval` is deprecated and will be removed in a future release. Please use `schedule` instead.
[2022-11-06T22:11:32.399-0300] {processor.py:766} INFO - DAG(s) dict_keys(['get_all_nfe_supply']) retrieved from /home/debian/etlhausz/airflow/dags/get_endpoint.py
[2022-11-06T22:11:32.442-0300] {logging_mixin.py:120} INFO - [2022-11-06T22:11:32.441-0300] {dag.py:2585} INFO - Sync 1 DAGs
[2022-11-06T22:11:32.581-0300] {logging_mixin.py:120} INFO - [2022-11-06T22:11:32.581-0300] {dag.py:3336} INFO - Setting next_dagrun for get_all_nfe_supply to 2022-11-06T00:00:00+00:00, run_after=2022-11-07T00:00:00+00:00
[2022-11-06T22:11:32.597-0300] {processor.py:176} INFO - Processing /home/debian/etlhausz/airflow/dags/get_endpoint.py took 0.237 seconds
[2022-11-06T22:12:03.205-0300] {processor.py:154} INFO - Started process (PID=17514) to work on /home/debian/etlhausz/airflow/dags/get_endpoint.py
[2022-11-06T22:12:03.208-0300] {processor.py:756} INFO - Processing file /home/debian/etlhausz/airflow/dags/get_endpoint.py for tasks to queue
[2022-11-06T22:12:03.209-0300] {logging_mixin.py:120} INFO - [2022-11-06T22:12:03.209-0300] {dagbag.py:537} INFO - Filling up the DagBag from /home/debian/etlhausz/airflow/dags/get_endpoint.py
[2022-11-06T22:12:03.240-0300] {logging_mixin.py:120} WARNING - /home/debian/etlhausz/venv/lib/python3.9/site-packages/airflow/models/dag.py:3405 RemovedInAirflow3Warning: Param `schedule_interval` is deprecated and will be removed in a future release. Please use `schedule` instead.
[2022-11-06T22:12:03.250-0300] {processor.py:766} INFO - DAG(s) dict_keys(['get_all_nfe_supply']) retrieved from /home/debian/etlhausz/airflow/dags/get_endpoint.py
[2022-11-06T22:12:03.412-0300] {logging_mixin.py:120} INFO - [2022-11-06T22:12:03.412-0300] {dag.py:2585} INFO - Sync 1 DAGs
[2022-11-06T22:12:03.430-0300] {logging_mixin.py:120} INFO - [2022-11-06T22:12:03.430-0300] {dag.py:3336} INFO - Setting next_dagrun for get_all_nfe_supply to 2022-11-06T00:00:00+00:00, run_after=2022-11-07T00:00:00+00:00
[2022-11-06T22:12:03.449-0300] {processor.py:176} INFO - Processing /home/debian/etlhausz/airflow/dags/get_endpoint.py took 0.251 seconds
[2022-11-06T22:12:33.633-0300] {processor.py:154} INFO - Started process (PID=18134) to work on /home/debian/etlhausz/airflow/dags/get_endpoint.py
[2022-11-06T22:12:33.635-0300] {processor.py:756} INFO - Processing file /home/debian/etlhausz/airflow/dags/get_endpoint.py for tasks to queue
[2022-11-06T22:12:33.635-0300] {logging_mixin.py:120} INFO - [2022-11-06T22:12:33.635-0300] {dagbag.py:537} INFO - Filling up the DagBag from /home/debian/etlhausz/airflow/dags/get_endpoint.py
[2022-11-06T22:12:33.653-0300] {logging_mixin.py:120} WARNING - /home/debian/etlhausz/venv/lib/python3.9/site-packages/airflow/models/dag.py:3405 RemovedInAirflow3Warning: Param `schedule_interval` is deprecated and will be removed in a future release. Please use `schedule` instead.
[2022-11-06T22:12:33.663-0300] {processor.py:766} INFO - DAG(s) dict_keys(['get_all_nfe_supply']) retrieved from /home/debian/etlhausz/airflow/dags/get_endpoint.py
[2022-11-06T22:12:33.795-0300] {logging_mixin.py:120} INFO - [2022-11-06T22:12:33.795-0300] {dag.py:2585} INFO - Sync 1 DAGs
[2022-11-06T22:12:33.816-0300] {logging_mixin.py:120} INFO - [2022-11-06T22:12:33.816-0300] {dag.py:3336} INFO - Setting next_dagrun for get_all_nfe_supply to 2022-11-06T00:00:00+00:00, run_after=2022-11-07T00:00:00+00:00
[2022-11-06T22:12:33.838-0300] {processor.py:176} INFO - Processing /home/debian/etlhausz/airflow/dags/get_endpoint.py took 0.208 seconds
[2022-11-06T22:13:04.340-0300] {processor.py:154} INFO - Started process (PID=18745) to work on /home/debian/etlhausz/airflow/dags/get_endpoint.py
[2022-11-06T22:13:04.341-0300] {processor.py:756} INFO - Processing file /home/debian/etlhausz/airflow/dags/get_endpoint.py for tasks to queue
[2022-11-06T22:13:04.342-0300] {logging_mixin.py:120} INFO - [2022-11-06T22:13:04.342-0300] {dagbag.py:537} INFO - Filling up the DagBag from /home/debian/etlhausz/airflow/dags/get_endpoint.py
[2022-11-06T22:13:04.482-0300] {logging_mixin.py:120} WARNING - /home/debian/etlhausz/venv/lib/python3.9/site-packages/airflow/models/dag.py:3405 RemovedInAirflow3Warning: Param `schedule_interval` is deprecated and will be removed in a future release. Please use `schedule` instead.
[2022-11-06T22:13:04.497-0300] {processor.py:766} INFO - DAG(s) dict_keys(['get_all_nfe_supply']) retrieved from /home/debian/etlhausz/airflow/dags/get_endpoint.py
[2022-11-06T22:13:04.534-0300] {logging_mixin.py:120} INFO - [2022-11-06T22:13:04.533-0300] {dag.py:2585} INFO - Sync 1 DAGs
[2022-11-06T22:13:04.554-0300] {logging_mixin.py:120} INFO - [2022-11-06T22:13:04.554-0300] {dag.py:3336} INFO - Setting next_dagrun for get_all_nfe_supply to 2022-11-06T00:00:00+00:00, run_after=2022-11-07T00:00:00+00:00
[2022-11-06T22:13:04.582-0300] {processor.py:176} INFO - Processing /home/debian/etlhausz/airflow/dags/get_endpoint.py took 0.245 seconds
[2022-11-06T22:13:35.035-0300] {processor.py:154} INFO - Started process (PID=19327) to work on /home/debian/etlhausz/airflow/dags/get_endpoint.py
[2022-11-06T22:13:35.036-0300] {processor.py:756} INFO - Processing file /home/debian/etlhausz/airflow/dags/get_endpoint.py for tasks to queue
[2022-11-06T22:13:35.037-0300] {logging_mixin.py:120} INFO - [2022-11-06T22:13:35.037-0300] {dagbag.py:537} INFO - Filling up the DagBag from /home/debian/etlhausz/airflow/dags/get_endpoint.py
[2022-11-06T22:13:35.054-0300] {logging_mixin.py:120} WARNING - /home/debian/etlhausz/venv/lib/python3.9/site-packages/airflow/models/dag.py:3405 RemovedInAirflow3Warning: Param `schedule_interval` is deprecated and will be removed in a future release. Please use `schedule` instead.
[2022-11-06T22:13:35.064-0300] {processor.py:766} INFO - DAG(s) dict_keys(['get_all_nfe_supply']) retrieved from /home/debian/etlhausz/airflow/dags/get_endpoint.py
[2022-11-06T22:13:35.107-0300] {logging_mixin.py:120} INFO - [2022-11-06T22:13:35.107-0300] {dag.py:2585} INFO - Sync 1 DAGs
[2022-11-06T22:13:35.231-0300] {logging_mixin.py:120} INFO - [2022-11-06T22:13:35.231-0300] {dag.py:3336} INFO - Setting next_dagrun for get_all_nfe_supply to 2022-11-06T00:00:00+00:00, run_after=2022-11-07T00:00:00+00:00
[2022-11-06T22:13:35.253-0300] {processor.py:176} INFO - Processing /home/debian/etlhausz/airflow/dags/get_endpoint.py took 0.221 seconds
[2022-11-06T22:14:07.118-0300] {processor.py:154} INFO - Started process (PID=19911) to work on /home/debian/etlhausz/airflow/dags/get_endpoint.py
[2022-11-06T22:14:07.120-0300] {processor.py:756} INFO - Processing file /home/debian/etlhausz/airflow/dags/get_endpoint.py for tasks to queue
[2022-11-06T22:14:07.121-0300] {logging_mixin.py:120} INFO - [2022-11-06T22:14:07.120-0300] {dagbag.py:537} INFO - Filling up the DagBag from /home/debian/etlhausz/airflow/dags/get_endpoint.py
[2022-11-06T22:14:07.152-0300] {logging_mixin.py:120} WARNING - /home/debian/etlhausz/venv/lib/python3.9/site-packages/airflow/models/dag.py:3405 RemovedInAirflow3Warning: Param `schedule_interval` is deprecated and will be removed in a future release. Please use `schedule` instead.
[2022-11-06T22:14:07.173-0300] {processor.py:766} INFO - DAG(s) dict_keys(['get_all_nfe_supply']) retrieved from /home/debian/etlhausz/airflow/dags/get_endpoint.py
[2022-11-06T22:14:07.379-0300] {logging_mixin.py:120} INFO - [2022-11-06T22:14:07.378-0300] {dag.py:2585} INFO - Sync 1 DAGs
[2022-11-06T22:14:07.403-0300] {logging_mixin.py:120} INFO - [2022-11-06T22:14:07.402-0300] {dag.py:3336} INFO - Setting next_dagrun for get_all_nfe_supply to 2022-11-06T00:00:00+00:00, run_after=2022-11-07T00:00:00+00:00
[2022-11-06T22:14:07.416-0300] {processor.py:176} INFO - Processing /home/debian/etlhausz/airflow/dags/get_endpoint.py took 0.302 seconds
[2022-11-06T22:14:39.360-0300] {processor.py:154} INFO - Started process (PID=20525) to work on /home/debian/etlhausz/airflow/dags/get_endpoint.py
[2022-11-06T22:14:39.362-0300] {processor.py:756} INFO - Processing file /home/debian/etlhausz/airflow/dags/get_endpoint.py for tasks to queue
[2022-11-06T22:14:39.363-0300] {logging_mixin.py:120} INFO - [2022-11-06T22:14:39.363-0300] {dagbag.py:537} INFO - Filling up the DagBag from /home/debian/etlhausz/airflow/dags/get_endpoint.py
[2022-11-06T22:14:39.394-0300] {logging_mixin.py:120} WARNING - /home/debian/etlhausz/venv/lib/python3.9/site-packages/airflow/models/dag.py:3405 RemovedInAirflow3Warning: Param `schedule_interval` is deprecated and will be removed in a future release. Please use `schedule` instead.
[2022-11-06T22:14:39.407-0300] {processor.py:766} INFO - DAG(s) dict_keys(['get_all_nfe_supply']) retrieved from /home/debian/etlhausz/airflow/dags/get_endpoint.py
[2022-11-06T22:14:39.607-0300] {logging_mixin.py:120} INFO - [2022-11-06T22:14:39.607-0300] {dag.py:2585} INFO - Sync 1 DAGs
[2022-11-06T22:14:39.656-0300] {logging_mixin.py:120} INFO - [2022-11-06T22:14:39.656-0300] {dag.py:3336} INFO - Setting next_dagrun for get_all_nfe_supply to 2022-11-06T00:00:00+00:00, run_after=2022-11-07T00:00:00+00:00
[2022-11-06T22:14:39.698-0300] {processor.py:176} INFO - Processing /home/debian/etlhausz/airflow/dags/get_endpoint.py took 0.341 seconds
[2022-11-06T22:15:10.651-0300] {processor.py:154} INFO - Started process (PID=21113) to work on /home/debian/etlhausz/airflow/dags/get_endpoint.py
[2022-11-06T22:15:10.651-0300] {processor.py:756} INFO - Processing file /home/debian/etlhausz/airflow/dags/get_endpoint.py for tasks to queue
[2022-11-06T22:15:10.653-0300] {logging_mixin.py:120} INFO - [2022-11-06T22:15:10.653-0300] {dagbag.py:537} INFO - Filling up the DagBag from /home/debian/etlhausz/airflow/dags/get_endpoint.py
[2022-11-06T22:15:10.771-0300] {logging_mixin.py:120} WARNING - /home/debian/etlhausz/venv/lib/python3.9/site-packages/airflow/models/dag.py:3405 RemovedInAirflow3Warning: Param `schedule_interval` is deprecated and will be removed in a future release. Please use `schedule` instead.
[2022-11-06T22:15:10.778-0300] {processor.py:766} INFO - DAG(s) dict_keys(['get_all_nfe_supply']) retrieved from /home/debian/etlhausz/airflow/dags/get_endpoint.py
[2022-11-06T22:15:10.815-0300] {logging_mixin.py:120} INFO - [2022-11-06T22:15:10.815-0300] {dag.py:2585} INFO - Sync 1 DAGs
[2022-11-06T22:15:10.834-0300] {logging_mixin.py:120} INFO - [2022-11-06T22:15:10.833-0300] {dag.py:3336} INFO - Setting next_dagrun for get_all_nfe_supply to 2022-11-06T00:00:00+00:00, run_after=2022-11-07T00:00:00+00:00
[2022-11-06T22:15:10.854-0300] {processor.py:176} INFO - Processing /home/debian/etlhausz/airflow/dags/get_endpoint.py took 0.207 seconds
[2022-11-06T22:15:42.819-0300] {processor.py:154} INFO - Started process (PID=21750) to work on /home/debian/etlhausz/airflow/dags/get_endpoint.py
[2022-11-06T22:15:42.820-0300] {processor.py:756} INFO - Processing file /home/debian/etlhausz/airflow/dags/get_endpoint.py for tasks to queue
[2022-11-06T22:15:42.821-0300] {logging_mixin.py:120} INFO - [2022-11-06T22:15:42.821-0300] {dagbag.py:537} INFO - Filling up the DagBag from /home/debian/etlhausz/airflow/dags/get_endpoint.py
[2022-11-06T22:15:42.837-0300] {logging_mixin.py:120} WARNING - /home/debian/etlhausz/venv/lib/python3.9/site-packages/airflow/models/dag.py:3405 RemovedInAirflow3Warning: Param `schedule_interval` is deprecated and will be removed in a future release. Please use `schedule` instead.
[2022-11-06T22:15:42.845-0300] {processor.py:766} INFO - DAG(s) dict_keys(['get_all_nfe_supply']) retrieved from /home/debian/etlhausz/airflow/dags/get_endpoint.py
[2022-11-06T22:15:42.883-0300] {logging_mixin.py:120} INFO - [2022-11-06T22:15:42.883-0300] {dag.py:2585} INFO - Sync 1 DAGs
[2022-11-06T22:15:43.080-0300] {logging_mixin.py:120} INFO - [2022-11-06T22:15:43.080-0300] {dag.py:3336} INFO - Setting next_dagrun for get_all_nfe_supply to 2022-11-06T00:00:00+00:00, run_after=2022-11-07T00:00:00+00:00
[2022-11-06T22:15:43.113-0300] {processor.py:176} INFO - Processing /home/debian/etlhausz/airflow/dags/get_endpoint.py took 0.297 seconds
[2022-11-06T22:16:14.087-0300] {processor.py:154} INFO - Started process (PID=22337) to work on /home/debian/etlhausz/airflow/dags/get_endpoint.py
[2022-11-06T22:16:14.089-0300] {processor.py:756} INFO - Processing file /home/debian/etlhausz/airflow/dags/get_endpoint.py for tasks to queue
[2022-11-06T22:16:14.090-0300] {logging_mixin.py:120} INFO - [2022-11-06T22:16:14.089-0300] {dagbag.py:537} INFO - Filling up the DagBag from /home/debian/etlhausz/airflow/dags/get_endpoint.py
[2022-11-06T22:16:14.116-0300] {logging_mixin.py:120} WARNING - /home/debian/etlhausz/venv/lib/python3.9/site-packages/airflow/models/dag.py:3405 RemovedInAirflow3Warning: Param `schedule_interval` is deprecated and will be removed in a future release. Please use `schedule` instead.
[2022-11-06T22:16:14.147-0300] {processor.py:766} INFO - DAG(s) dict_keys(['get_all_nfe_supply']) retrieved from /home/debian/etlhausz/airflow/dags/get_endpoint.py
[2022-11-06T22:16:14.323-0300] {logging_mixin.py:120} INFO - [2022-11-06T22:16:14.323-0300] {dag.py:2585} INFO - Sync 1 DAGs
[2022-11-06T22:16:14.339-0300] {logging_mixin.py:120} INFO - [2022-11-06T22:16:14.339-0300] {dag.py:3336} INFO - Setting next_dagrun for get_all_nfe_supply to 2022-11-06T00:00:00+00:00, run_after=2022-11-07T00:00:00+00:00
[2022-11-06T22:16:14.367-0300] {processor.py:176} INFO - Processing /home/debian/etlhausz/airflow/dags/get_endpoint.py took 0.284 seconds
[2022-11-06T22:16:45.917-0300] {processor.py:154} INFO - Started process (PID=22871) to work on /home/debian/etlhausz/airflow/dags/get_endpoint.py
[2022-11-06T22:16:45.922-0300] {processor.py:756} INFO - Processing file /home/debian/etlhausz/airflow/dags/get_endpoint.py for tasks to queue
[2022-11-06T22:16:45.922-0300] {logging_mixin.py:120} INFO - [2022-11-06T22:16:45.922-0300] {dagbag.py:537} INFO - Filling up the DagBag from /home/debian/etlhausz/airflow/dags/get_endpoint.py
[2022-11-06T22:16:45.945-0300] {logging_mixin.py:120} WARNING - /home/debian/etlhausz/venv/lib/python3.9/site-packages/airflow/models/dag.py:3405 RemovedInAirflow3Warning: Param `schedule_interval` is deprecated and will be removed in a future release. Please use `schedule` instead.
[2022-11-06T22:16:46.048-0300] {processor.py:766} INFO - DAG(s) dict_keys(['get_all_nfe_supply']) retrieved from /home/debian/etlhausz/airflow/dags/get_endpoint.py
[2022-11-06T22:16:46.081-0300] {logging_mixin.py:120} INFO - [2022-11-06T22:16:46.081-0300] {dag.py:2585} INFO - Sync 1 DAGs
[2022-11-06T22:16:46.098-0300] {logging_mixin.py:120} INFO - [2022-11-06T22:16:46.098-0300] {dag.py:3336} INFO - Setting next_dagrun for get_all_nfe_supply to 2022-11-06T00:00:00+00:00, run_after=2022-11-07T00:00:00+00:00
[2022-11-06T22:16:46.117-0300] {processor.py:176} INFO - Processing /home/debian/etlhausz/airflow/dags/get_endpoint.py took 0.207 seconds
[2022-11-06T22:17:16.520-0300] {processor.py:154} INFO - Started process (PID=23404) to work on /home/debian/etlhausz/airflow/dags/get_endpoint.py
[2022-11-06T22:17:16.520-0300] {processor.py:756} INFO - Processing file /home/debian/etlhausz/airflow/dags/get_endpoint.py for tasks to queue
[2022-11-06T22:17:16.521-0300] {logging_mixin.py:120} INFO - [2022-11-06T22:17:16.521-0300] {dagbag.py:537} INFO - Filling up the DagBag from /home/debian/etlhausz/airflow/dags/get_endpoint.py
[2022-11-06T22:17:16.689-0300] {logging_mixin.py:120} WARNING - /home/debian/etlhausz/venv/lib/python3.9/site-packages/airflow/models/dag.py:3405 RemovedInAirflow3Warning: Param `schedule_interval` is deprecated and will be removed in a future release. Please use `schedule` instead.
[2022-11-06T22:17:16.698-0300] {processor.py:766} INFO - DAG(s) dict_keys(['get_all_nfe_supply']) retrieved from /home/debian/etlhausz/airflow/dags/get_endpoint.py
[2022-11-06T22:17:16.738-0300] {logging_mixin.py:120} INFO - [2022-11-06T22:17:16.738-0300] {dag.py:2585} INFO - Sync 1 DAGs
[2022-11-06T22:17:16.759-0300] {logging_mixin.py:120} INFO - [2022-11-06T22:17:16.759-0300] {dag.py:3336} INFO - Setting next_dagrun for get_all_nfe_supply to 2022-11-06T00:00:00+00:00, run_after=2022-11-07T00:00:00+00:00
[2022-11-06T22:17:16.781-0300] {processor.py:176} INFO - Processing /home/debian/etlhausz/airflow/dags/get_endpoint.py took 0.264 seconds
[2022-11-06T22:17:47.614-0300] {processor.py:154} INFO - Started process (PID=24034) to work on /home/debian/etlhausz/airflow/dags/get_endpoint.py
[2022-11-06T22:17:47.615-0300] {processor.py:756} INFO - Processing file /home/debian/etlhausz/airflow/dags/get_endpoint.py for tasks to queue
[2022-11-06T22:17:47.617-0300] {logging_mixin.py:120} INFO - [2022-11-06T22:17:47.617-0300] {dagbag.py:537} INFO - Filling up the DagBag from /home/debian/etlhausz/airflow/dags/get_endpoint.py
[2022-11-06T22:17:47.636-0300] {logging_mixin.py:120} WARNING - /home/debian/etlhausz/venv/lib/python3.9/site-packages/airflow/models/dag.py:3405 RemovedInAirflow3Warning: Param `schedule_interval` is deprecated and will be removed in a future release. Please use `schedule` instead.
[2022-11-06T22:17:47.644-0300] {processor.py:766} INFO - DAG(s) dict_keys(['get_all_nfe_supply']) retrieved from /home/debian/etlhausz/airflow/dags/get_endpoint.py
[2022-11-06T22:17:47.689-0300] {logging_mixin.py:120} INFO - [2022-11-06T22:17:47.688-0300] {dag.py:2585} INFO - Sync 1 DAGs
[2022-11-06T22:17:47.821-0300] {logging_mixin.py:120} INFO - [2022-11-06T22:17:47.821-0300] {dag.py:3336} INFO - Setting next_dagrun for get_all_nfe_supply to 2022-11-06T00:00:00+00:00, run_after=2022-11-07T00:00:00+00:00
[2022-11-06T22:17:47.859-0300] {processor.py:176} INFO - Processing /home/debian/etlhausz/airflow/dags/get_endpoint.py took 0.249 seconds
[2022-11-06T22:18:18.538-0300] {processor.py:154} INFO - Started process (PID=24650) to work on /home/debian/etlhausz/airflow/dags/get_endpoint.py
[2022-11-06T22:18:18.540-0300] {processor.py:756} INFO - Processing file /home/debian/etlhausz/airflow/dags/get_endpoint.py for tasks to queue
[2022-11-06T22:18:18.540-0300] {logging_mixin.py:120} INFO - [2022-11-06T22:18:18.540-0300] {dagbag.py:537} INFO - Filling up the DagBag from /home/debian/etlhausz/airflow/dags/get_endpoint.py
[2022-11-06T22:18:18.558-0300] {logging_mixin.py:120} WARNING - /home/debian/etlhausz/venv/lib/python3.9/site-packages/airflow/models/dag.py:3405 RemovedInAirflow3Warning: Param `schedule_interval` is deprecated and will be removed in a future release. Please use `schedule` instead.
[2022-11-06T22:18:18.567-0300] {processor.py:766} INFO - DAG(s) dict_keys(['get_all_nfe_supply']) retrieved from /home/debian/etlhausz/airflow/dags/get_endpoint.py
[2022-11-06T22:18:18.708-0300] {logging_mixin.py:120} INFO - [2022-11-06T22:18:18.708-0300] {dag.py:2585} INFO - Sync 1 DAGs
[2022-11-06T22:18:18.727-0300] {logging_mixin.py:120} INFO - [2022-11-06T22:18:18.726-0300] {dag.py:3336} INFO - Setting next_dagrun for get_all_nfe_supply to 2022-11-06T00:00:00+00:00, run_after=2022-11-07T00:00:00+00:00
[2022-11-06T22:18:18.744-0300] {processor.py:176} INFO - Processing /home/debian/etlhausz/airflow/dags/get_endpoint.py took 0.209 seconds
[2022-11-06T22:18:50.717-0300] {processor.py:154} INFO - Started process (PID=25277) to work on /home/debian/etlhausz/airflow/dags/get_endpoint.py
[2022-11-06T22:18:50.720-0300] {processor.py:756} INFO - Processing file /home/debian/etlhausz/airflow/dags/get_endpoint.py for tasks to queue
[2022-11-06T22:18:50.721-0300] {logging_mixin.py:120} INFO - [2022-11-06T22:18:50.721-0300] {dagbag.py:537} INFO - Filling up the DagBag from /home/debian/etlhausz/airflow/dags/get_endpoint.py
[2022-11-06T22:18:50.745-0300] {logging_mixin.py:120} WARNING - /home/debian/etlhausz/venv/lib/python3.9/site-packages/airflow/models/dag.py:3405 RemovedInAirflow3Warning: Param `schedule_interval` is deprecated and will be removed in a future release. Please use `schedule` instead.
[2022-11-06T22:18:50.860-0300] {processor.py:766} INFO - DAG(s) dict_keys(['get_all_nfe_supply']) retrieved from /home/debian/etlhausz/airflow/dags/get_endpoint.py
[2022-11-06T22:18:50.981-0300] {logging_mixin.py:120} INFO - [2022-11-06T22:18:50.980-0300] {dag.py:2585} INFO - Sync 1 DAGs
[2022-11-06T22:18:51.049-0300] {logging_mixin.py:120} INFO - [2022-11-06T22:18:51.048-0300] {dag.py:3336} INFO - Setting next_dagrun for get_all_nfe_supply to 2022-11-06T00:00:00+00:00, run_after=2022-11-07T00:00:00+00:00
[2022-11-06T22:18:51.250-0300] {processor.py:176} INFO - Processing /home/debian/etlhausz/airflow/dags/get_endpoint.py took 0.549 seconds
[2022-11-06T22:19:12.040-0300] {processor.py:154} INFO - Started process (PID=25848) to work on /home/debian/etlhausz/airflow/dags/get_endpoint.py
[2022-11-06T22:19:12.041-0300] {processor.py:756} INFO - Processing file /home/debian/etlhausz/airflow/dags/get_endpoint.py for tasks to queue
[2022-11-06T22:19:12.043-0300] {logging_mixin.py:120} INFO - [2022-11-06T22:19:12.043-0300] {dagbag.py:537} INFO - Filling up the DagBag from /home/debian/etlhausz/airflow/dags/get_endpoint.py
[2022-11-06T22:19:12.089-0300] {logging_mixin.py:120} WARNING - /home/debian/etlhausz/venv/lib/python3.9/site-packages/airflow/models/dag.py:3405 RemovedInAirflow3Warning: Param `schedule_interval` is deprecated and will be removed in a future release. Please use `schedule` instead.
[2022-11-06T22:19:12.102-0300] {processor.py:766} INFO - DAG(s) dict_keys(['get_all_nfe_supply']) retrieved from /home/debian/etlhausz/airflow/dags/get_endpoint.py
[2022-11-06T22:19:12.308-0300] {logging_mixin.py:120} INFO - [2022-11-06T22:19:12.308-0300] {dag.py:2585} INFO - Sync 1 DAGs
[2022-11-06T22:19:12.563-0300] {logging_mixin.py:120} INFO - [2022-11-06T22:19:12.563-0300] {dag.py:3336} INFO - Setting next_dagrun for get_all_nfe_supply to 2022-11-06T00:00:00+00:00, run_after=2022-11-07T00:00:00+00:00
[2022-11-06T22:19:12.767-0300] {processor.py:176} INFO - Processing /home/debian/etlhausz/airflow/dags/get_endpoint.py took 0.730 seconds
[2022-11-06T22:19:43.128-0300] {processor.py:154} INFO - Started process (PID=26427) to work on /home/debian/etlhausz/airflow/dags/get_endpoint.py
[2022-11-06T22:19:43.130-0300] {processor.py:756} INFO - Processing file /home/debian/etlhausz/airflow/dags/get_endpoint.py for tasks to queue
[2022-11-06T22:19:43.131-0300] {logging_mixin.py:120} INFO - [2022-11-06T22:19:43.131-0300] {dagbag.py:537} INFO - Filling up the DagBag from /home/debian/etlhausz/airflow/dags/get_endpoint.py
[2022-11-06T22:19:43.149-0300] {logging_mixin.py:120} WARNING - /home/debian/etlhausz/venv/lib/python3.9/site-packages/airflow/models/dag.py:3405 RemovedInAirflow3Warning: Param `schedule_interval` is deprecated and will be removed in a future release. Please use `schedule` instead.
[2022-11-06T22:19:43.162-0300] {processor.py:766} INFO - DAG(s) dict_keys(['get_all_nfe_supply']) retrieved from /home/debian/etlhausz/airflow/dags/get_endpoint.py
[2022-11-06T22:19:43.222-0300] {logging_mixin.py:120} INFO - [2022-11-06T22:19:43.221-0300] {dag.py:2585} INFO - Sync 1 DAGs
[2022-11-06T22:19:43.277-0300] {logging_mixin.py:120} INFO - [2022-11-06T22:19:43.276-0300] {dag.py:3336} INFO - Setting next_dagrun for get_all_nfe_supply to 2022-11-06T00:00:00+00:00, run_after=2022-11-07T00:00:00+00:00
[2022-11-06T22:19:43.397-0300] {processor.py:176} INFO - Processing /home/debian/etlhausz/airflow/dags/get_endpoint.py took 0.272 seconds
[2022-11-06T22:20:13.944-0300] {processor.py:154} INFO - Started process (PID=27204) to work on /home/debian/etlhausz/airflow/dags/get_endpoint.py
[2022-11-06T22:20:13.944-0300] {processor.py:756} INFO - Processing file /home/debian/etlhausz/airflow/dags/get_endpoint.py for tasks to queue
[2022-11-06T22:20:13.945-0300] {logging_mixin.py:120} INFO - [2022-11-06T22:20:13.945-0300] {dagbag.py:537} INFO - Filling up the DagBag from /home/debian/etlhausz/airflow/dags/get_endpoint.py
[2022-11-06T22:20:13.976-0300] {logging_mixin.py:120} WARNING - /home/debian/etlhausz/venv/lib/python3.9/site-packages/airflow/models/dag.py:3405 RemovedInAirflow3Warning: Param `schedule_interval` is deprecated and will be removed in a future release. Please use `schedule` instead.
[2022-11-06T22:20:13.988-0300] {processor.py:766} INFO - DAG(s) dict_keys(['get_all_nfe_supply']) retrieved from /home/debian/etlhausz/airflow/dags/get_endpoint.py
[2022-11-06T22:20:14.061-0300] {logging_mixin.py:120} INFO - [2022-11-06T22:20:14.061-0300] {dag.py:2585} INFO - Sync 1 DAGs
[2022-11-06T22:20:14.107-0300] {logging_mixin.py:120} INFO - [2022-11-06T22:20:14.106-0300] {dag.py:3336} INFO - Setting next_dagrun for get_all_nfe_supply to 2022-11-06T00:00:00+00:00, run_after=2022-11-07T00:00:00+00:00
[2022-11-06T22:20:14.125-0300] {processor.py:176} INFO - Processing /home/debian/etlhausz/airflow/dags/get_endpoint.py took 0.190 seconds
[2022-11-06T22:20:44.407-0300] {processor.py:154} INFO - Started process (PID=27854) to work on /home/debian/etlhausz/airflow/dags/get_endpoint.py
[2022-11-06T22:20:44.418-0300] {processor.py:756} INFO - Processing file /home/debian/etlhausz/airflow/dags/get_endpoint.py for tasks to queue
[2022-11-06T22:20:44.419-0300] {logging_mixin.py:120} INFO - [2022-11-06T22:20:44.419-0300] {dagbag.py:537} INFO - Filling up the DagBag from /home/debian/etlhausz/airflow/dags/get_endpoint.py
[2022-11-06T22:20:44.725-0300] {logging_mixin.py:120} WARNING - /home/debian/etlhausz/venv/lib/python3.9/site-packages/airflow/models/dag.py:3405 RemovedInAirflow3Warning: Param `schedule_interval` is deprecated and will be removed in a future release. Please use `schedule` instead.
[2022-11-06T22:20:44.842-0300] {processor.py:766} INFO - DAG(s) dict_keys(['get_all_nfe_supply']) retrieved from /home/debian/etlhausz/airflow/dags/get_endpoint.py
[2022-11-06T22:20:45.124-0300] {logging_mixin.py:120} INFO - [2022-11-06T22:20:45.124-0300] {dag.py:2585} INFO - Sync 1 DAGs
[2022-11-06T22:20:45.172-0300] {logging_mixin.py:120} INFO - [2022-11-06T22:20:45.172-0300] {dag.py:3336} INFO - Setting next_dagrun for get_all_nfe_supply to 2022-11-06T00:00:00+00:00, run_after=2022-11-07T00:00:00+00:00
[2022-11-06T22:20:45.206-0300] {processor.py:176} INFO - Processing /home/debian/etlhausz/airflow/dags/get_endpoint.py took 0.827 seconds
[2022-11-06T22:21:15.709-0300] {processor.py:154} INFO - Started process (PID=28514) to work on /home/debian/etlhausz/airflow/dags/get_endpoint.py
[2022-11-06T22:21:15.710-0300] {processor.py:756} INFO - Processing file /home/debian/etlhausz/airflow/dags/get_endpoint.py for tasks to queue
[2022-11-06T22:21:15.711-0300] {logging_mixin.py:120} INFO - [2022-11-06T22:21:15.711-0300] {dagbag.py:537} INFO - Filling up the DagBag from /home/debian/etlhausz/airflow/dags/get_endpoint.py
[2022-11-06T22:21:15.730-0300] {logging_mixin.py:120} WARNING - /home/debian/etlhausz/venv/lib/python3.9/site-packages/airflow/models/dag.py:3405 RemovedInAirflow3Warning: Param `schedule_interval` is deprecated and will be removed in a future release. Please use `schedule` instead.
[2022-11-06T22:21:15.740-0300] {processor.py:766} INFO - DAG(s) dict_keys(['get_all_nfe_supply']) retrieved from /home/debian/etlhausz/airflow/dags/get_endpoint.py
[2022-11-06T22:21:15.774-0300] {logging_mixin.py:120} INFO - [2022-11-06T22:21:15.774-0300] {dag.py:2585} INFO - Sync 1 DAGs
[2022-11-06T22:21:15.798-0300] {logging_mixin.py:120} INFO - [2022-11-06T22:21:15.798-0300] {dag.py:3336} INFO - Setting next_dagrun for get_all_nfe_supply to 2022-11-06T00:00:00+00:00, run_after=2022-11-07T00:00:00+00:00
[2022-11-06T22:21:15.857-0300] {processor.py:176} INFO - Processing /home/debian/etlhausz/airflow/dags/get_endpoint.py took 0.151 seconds
[2022-11-06T22:21:46.261-0300] {processor.py:154} INFO - Started process (PID=29093) to work on /home/debian/etlhausz/airflow/dags/get_endpoint.py
[2022-11-06T22:21:46.263-0300] {processor.py:756} INFO - Processing file /home/debian/etlhausz/airflow/dags/get_endpoint.py for tasks to queue
[2022-11-06T22:21:46.264-0300] {logging_mixin.py:120} INFO - [2022-11-06T22:21:46.263-0300] {dagbag.py:537} INFO - Filling up the DagBag from /home/debian/etlhausz/airflow/dags/get_endpoint.py
[2022-11-06T22:21:46.282-0300] {logging_mixin.py:120} WARNING - /home/debian/etlhausz/venv/lib/python3.9/site-packages/airflow/models/dag.py:3405 RemovedInAirflow3Warning: Param `schedule_interval` is deprecated and will be removed in a future release. Please use `schedule` instead.
[2022-11-06T22:21:46.291-0300] {processor.py:766} INFO - DAG(s) dict_keys(['get_all_nfe_supply']) retrieved from /home/debian/etlhausz/airflow/dags/get_endpoint.py
[2022-11-06T22:21:46.348-0300] {logging_mixin.py:120} INFO - [2022-11-06T22:21:46.348-0300] {dag.py:2585} INFO - Sync 1 DAGs
[2022-11-06T22:21:46.370-0300] {logging_mixin.py:120} INFO - [2022-11-06T22:21:46.370-0300] {dag.py:3336} INFO - Setting next_dagrun for get_all_nfe_supply to 2022-11-06T00:00:00+00:00, run_after=2022-11-07T00:00:00+00:00
[2022-11-06T22:21:46.397-0300] {processor.py:176} INFO - Processing /home/debian/etlhausz/airflow/dags/get_endpoint.py took 0.141 seconds
[2022-11-06T22:22:16.510-0300] {processor.py:154} INFO - Started process (PID=29688) to work on /home/debian/etlhausz/airflow/dags/get_endpoint.py
[2022-11-06T22:22:16.512-0300] {processor.py:756} INFO - Processing file /home/debian/etlhausz/airflow/dags/get_endpoint.py for tasks to queue
[2022-11-06T22:22:16.512-0300] {logging_mixin.py:120} INFO - [2022-11-06T22:22:16.512-0300] {dagbag.py:537} INFO - Filling up the DagBag from /home/debian/etlhausz/airflow/dags/get_endpoint.py
[2022-11-06T22:22:16.539-0300] {logging_mixin.py:120} WARNING - /home/debian/etlhausz/venv/lib/python3.9/site-packages/airflow/models/dag.py:3405 RemovedInAirflow3Warning: Param `schedule_interval` is deprecated and will be removed in a future release. Please use `schedule` instead.
[2022-11-06T22:22:16.548-0300] {processor.py:766} INFO - DAG(s) dict_keys(['get_all_nfe_supply']) retrieved from /home/debian/etlhausz/airflow/dags/get_endpoint.py
[2022-11-06T22:22:16.613-0300] {logging_mixin.py:120} INFO - [2022-11-06T22:22:16.613-0300] {dag.py:2585} INFO - Sync 1 DAGs
[2022-11-06T22:22:16.635-0300] {logging_mixin.py:120} INFO - [2022-11-06T22:22:16.635-0300] {dag.py:3336} INFO - Setting next_dagrun for get_all_nfe_supply to 2022-11-06T00:00:00+00:00, run_after=2022-11-07T00:00:00+00:00
[2022-11-06T22:22:16.659-0300] {processor.py:176} INFO - Processing /home/debian/etlhausz/airflow/dags/get_endpoint.py took 0.152 seconds
[2022-11-06T22:22:47.485-0300] {processor.py:154} INFO - Started process (PID=30359) to work on /home/debian/etlhausz/airflow/dags/get_endpoint.py
[2022-11-06T22:22:47.486-0300] {processor.py:756} INFO - Processing file /home/debian/etlhausz/airflow/dags/get_endpoint.py for tasks to queue
[2022-11-06T22:22:47.488-0300] {logging_mixin.py:120} INFO - [2022-11-06T22:22:47.487-0300] {dagbag.py:537} INFO - Filling up the DagBag from /home/debian/etlhausz/airflow/dags/get_endpoint.py
[2022-11-06T22:22:47.590-0300] {logging_mixin.py:120} WARNING - /home/debian/etlhausz/venv/lib/python3.9/site-packages/airflow/models/dag.py:3405 RemovedInAirflow3Warning: Param `schedule_interval` is deprecated and will be removed in a future release. Please use `schedule` instead.
[2022-11-06T22:22:47.614-0300] {processor.py:766} INFO - DAG(s) dict_keys(['get_all_nfe_supply']) retrieved from /home/debian/etlhausz/airflow/dags/get_endpoint.py
[2022-11-06T22:22:47.772-0300] {logging_mixin.py:120} INFO - [2022-11-06T22:22:47.772-0300] {dag.py:2585} INFO - Sync 1 DAGs
[2022-11-06T22:22:47.798-0300] {logging_mixin.py:120} INFO - [2022-11-06T22:22:47.797-0300] {dag.py:3336} INFO - Setting next_dagrun for get_all_nfe_supply to 2022-11-06T00:00:00+00:00, run_after=2022-11-07T00:00:00+00:00
[2022-11-06T22:22:47.914-0300] {processor.py:176} INFO - Processing /home/debian/etlhausz/airflow/dags/get_endpoint.py took 0.437 seconds
[2022-11-06T22:23:18.825-0300] {processor.py:154} INFO - Started process (PID=31103) to work on /home/debian/etlhausz/airflow/dags/get_endpoint.py
[2022-11-06T22:23:18.843-0300] {processor.py:756} INFO - Processing file /home/debian/etlhausz/airflow/dags/get_endpoint.py for tasks to queue
[2022-11-06T22:23:18.843-0300] {logging_mixin.py:120} INFO - [2022-11-06T22:23:18.843-0300] {dagbag.py:537} INFO - Filling up the DagBag from /home/debian/etlhausz/airflow/dags/get_endpoint.py
[2022-11-06T22:23:18.963-0300] {logging_mixin.py:120} WARNING - /home/debian/etlhausz/venv/lib/python3.9/site-packages/airflow/models/dag.py:3405 RemovedInAirflow3Warning: Param `schedule_interval` is deprecated and will be removed in a future release. Please use `schedule` instead.
[2022-11-06T22:23:19.074-0300] {processor.py:766} INFO - DAG(s) dict_keys(['get_all_nfe_supply']) retrieved from /home/debian/etlhausz/airflow/dags/get_endpoint.py
[2022-11-06T22:23:19.146-0300] {logging_mixin.py:120} INFO - [2022-11-06T22:23:19.146-0300] {dag.py:2585} INFO - Sync 1 DAGs
[2022-11-06T22:23:19.199-0300] {logging_mixin.py:120} INFO - [2022-11-06T22:23:19.199-0300] {dag.py:3336} INFO - Setting next_dagrun for get_all_nfe_supply to 2022-11-06T00:00:00+00:00, run_after=2022-11-07T00:00:00+00:00
[2022-11-06T22:23:19.226-0300] {processor.py:176} INFO - Processing /home/debian/etlhausz/airflow/dags/get_endpoint.py took 0.445 seconds
[2022-11-06T22:23:49.367-0300] {processor.py:154} INFO - Started process (PID=31670) to work on /home/debian/etlhausz/airflow/dags/get_endpoint.py
[2022-11-06T22:23:49.368-0300] {processor.py:756} INFO - Processing file /home/debian/etlhausz/airflow/dags/get_endpoint.py for tasks to queue
[2022-11-06T22:23:49.368-0300] {logging_mixin.py:120} INFO - [2022-11-06T22:23:49.368-0300] {dagbag.py:537} INFO - Filling up the DagBag from /home/debian/etlhausz/airflow/dags/get_endpoint.py
[2022-11-06T22:23:49.388-0300] {logging_mixin.py:120} WARNING - /home/debian/etlhausz/venv/lib/python3.9/site-packages/airflow/models/dag.py:3405 RemovedInAirflow3Warning: Param `schedule_interval` is deprecated and will be removed in a future release. Please use `schedule` instead.
[2022-11-06T22:23:49.402-0300] {processor.py:766} INFO - DAG(s) dict_keys(['get_all_nfe_supply']) retrieved from /home/debian/etlhausz/airflow/dags/get_endpoint.py
[2022-11-06T22:23:49.449-0300] {logging_mixin.py:120} INFO - [2022-11-06T22:23:49.448-0300] {dag.py:2585} INFO - Sync 1 DAGs
[2022-11-06T22:23:49.470-0300] {logging_mixin.py:120} INFO - [2022-11-06T22:23:49.469-0300] {dag.py:3336} INFO - Setting next_dagrun for get_all_nfe_supply to 2022-11-06T00:00:00+00:00, run_after=2022-11-07T00:00:00+00:00
[2022-11-06T22:23:49.491-0300] {processor.py:176} INFO - Processing /home/debian/etlhausz/airflow/dags/get_endpoint.py took 0.127 seconds
[2022-11-06T22:24:19.813-0300] {processor.py:154} INFO - Started process (PID=32300) to work on /home/debian/etlhausz/airflow/dags/get_endpoint.py
[2022-11-06T22:24:19.815-0300] {processor.py:756} INFO - Processing file /home/debian/etlhausz/airflow/dags/get_endpoint.py for tasks to queue
[2022-11-06T22:24:19.815-0300] {logging_mixin.py:120} INFO - [2022-11-06T22:24:19.815-0300] {dagbag.py:537} INFO - Filling up the DagBag from /home/debian/etlhausz/airflow/dags/get_endpoint.py
[2022-11-06T22:24:19.872-0300] {logging_mixin.py:120} WARNING - /home/debian/etlhausz/venv/lib/python3.9/site-packages/airflow/models/dag.py:3405 RemovedInAirflow3Warning: Param `schedule_interval` is deprecated and will be removed in a future release. Please use `schedule` instead.
[2022-11-06T22:24:19.939-0300] {processor.py:766} INFO - DAG(s) dict_keys(['get_all_nfe_supply']) retrieved from /home/debian/etlhausz/airflow/dags/get_endpoint.py
[2022-11-06T22:24:20.056-0300] {logging_mixin.py:120} INFO - [2022-11-06T22:24:20.056-0300] {dag.py:2585} INFO - Sync 1 DAGs
[2022-11-06T22:24:20.133-0300] {logging_mixin.py:120} INFO - [2022-11-06T22:24:20.133-0300] {dag.py:3336} INFO - Setting next_dagrun for get_all_nfe_supply to 2022-11-06T00:00:00+00:00, run_after=2022-11-07T00:00:00+00:00
[2022-11-06T22:24:20.171-0300] {processor.py:176} INFO - Processing /home/debian/etlhausz/airflow/dags/get_endpoint.py took 0.370 seconds
[2022-11-06T22:24:50.483-0300] {processor.py:154} INFO - Started process (PID=32929) to work on /home/debian/etlhausz/airflow/dags/get_endpoint.py
[2022-11-06T22:24:50.485-0300] {processor.py:756} INFO - Processing file /home/debian/etlhausz/airflow/dags/get_endpoint.py for tasks to queue
[2022-11-06T22:24:50.485-0300] {logging_mixin.py:120} INFO - [2022-11-06T22:24:50.485-0300] {dagbag.py:537} INFO - Filling up the DagBag from /home/debian/etlhausz/airflow/dags/get_endpoint.py
[2022-11-06T22:24:50.518-0300] {logging_mixin.py:120} WARNING - /home/debian/etlhausz/venv/lib/python3.9/site-packages/airflow/models/dag.py:3405 RemovedInAirflow3Warning: Param `schedule_interval` is deprecated and will be removed in a future release. Please use `schedule` instead.
[2022-11-06T22:24:50.527-0300] {processor.py:766} INFO - DAG(s) dict_keys(['get_all_nfe_supply']) retrieved from /home/debian/etlhausz/airflow/dags/get_endpoint.py
[2022-11-06T22:24:50.583-0300] {logging_mixin.py:120} INFO - [2022-11-06T22:24:50.583-0300] {dag.py:2585} INFO - Sync 1 DAGs
[2022-11-06T22:24:50.608-0300] {logging_mixin.py:120} INFO - [2022-11-06T22:24:50.608-0300] {dag.py:3336} INFO - Setting next_dagrun for get_all_nfe_supply to 2022-11-06T00:00:00+00:00, run_after=2022-11-07T00:00:00+00:00
[2022-11-06T22:24:50.907-0300] {processor.py:176} INFO - Processing /home/debian/etlhausz/airflow/dags/get_endpoint.py took 0.441 seconds
[2022-11-06T22:25:21.690-0300] {processor.py:154} INFO - Started process (PID=33584) to work on /home/debian/etlhausz/airflow/dags/get_endpoint.py
[2022-11-06T22:25:21.691-0300] {processor.py:756} INFO - Processing file /home/debian/etlhausz/airflow/dags/get_endpoint.py for tasks to queue
[2022-11-06T22:25:21.692-0300] {logging_mixin.py:120} INFO - [2022-11-06T22:25:21.692-0300] {dagbag.py:537} INFO - Filling up the DagBag from /home/debian/etlhausz/airflow/dags/get_endpoint.py
[2022-11-06T22:25:21.715-0300] {logging_mixin.py:120} WARNING - /home/debian/etlhausz/venv/lib/python3.9/site-packages/airflow/models/dag.py:3405 RemovedInAirflow3Warning: Param `schedule_interval` is deprecated and will be removed in a future release. Please use `schedule` instead.
[2022-11-06T22:25:21.724-0300] {processor.py:766} INFO - DAG(s) dict_keys(['get_all_nfe_supply']) retrieved from /home/debian/etlhausz/airflow/dags/get_endpoint.py
[2022-11-06T22:25:21.773-0300] {logging_mixin.py:120} INFO - [2022-11-06T22:25:21.772-0300] {dag.py:2585} INFO - Sync 1 DAGs
[2022-11-06T22:25:21.874-0300] {logging_mixin.py:120} INFO - [2022-11-06T22:25:21.874-0300] {dag.py:3336} INFO - Setting next_dagrun for get_all_nfe_supply to 2022-11-06T00:00:00+00:00, run_after=2022-11-07T00:00:00+00:00
[2022-11-06T22:25:21.892-0300] {processor.py:176} INFO - Processing /home/debian/etlhausz/airflow/dags/get_endpoint.py took 0.205 seconds
[2022-11-06T22:25:51.938-0300] {processor.py:154} INFO - Started process (PID=34127) to work on /home/debian/etlhausz/airflow/dags/get_endpoint.py
[2022-11-06T22:25:51.939-0300] {processor.py:756} INFO - Processing file /home/debian/etlhausz/airflow/dags/get_endpoint.py for tasks to queue
[2022-11-06T22:25:51.940-0300] {logging_mixin.py:120} INFO - [2022-11-06T22:25:51.940-0300] {dagbag.py:537} INFO - Filling up the DagBag from /home/debian/etlhausz/airflow/dags/get_endpoint.py
[2022-11-06T22:25:51.957-0300] {logging_mixin.py:120} WARNING - /home/debian/etlhausz/venv/lib/python3.9/site-packages/airflow/models/dag.py:3405 RemovedInAirflow3Warning: Param `schedule_interval` is deprecated and will be removed in a future release. Please use `schedule` instead.
[2022-11-06T22:25:51.965-0300] {processor.py:766} INFO - DAG(s) dict_keys(['get_all_nfe_supply']) retrieved from /home/debian/etlhausz/airflow/dags/get_endpoint.py
[2022-11-06T22:25:52.003-0300] {logging_mixin.py:120} INFO - [2022-11-06T22:25:52.003-0300] {dag.py:2585} INFO - Sync 1 DAGs
[2022-11-06T22:25:52.139-0300] {logging_mixin.py:120} INFO - [2022-11-06T22:25:52.138-0300] {dag.py:3336} INFO - Setting next_dagrun for get_all_nfe_supply to 2022-11-06T00:00:00+00:00, run_after=2022-11-07T00:00:00+00:00
[2022-11-06T22:25:52.168-0300] {processor.py:176} INFO - Processing /home/debian/etlhausz/airflow/dags/get_endpoint.py took 0.233 seconds
[2022-11-06T22:26:22.646-0300] {processor.py:154} INFO - Started process (PID=34668) to work on /home/debian/etlhausz/airflow/dags/get_endpoint.py
[2022-11-06T22:26:22.647-0300] {processor.py:756} INFO - Processing file /home/debian/etlhausz/airflow/dags/get_endpoint.py for tasks to queue
[2022-11-06T22:26:22.648-0300] {logging_mixin.py:120} INFO - [2022-11-06T22:26:22.648-0300] {dagbag.py:537} INFO - Filling up the DagBag from /home/debian/etlhausz/airflow/dags/get_endpoint.py
[2022-11-06T22:26:22.665-0300] {logging_mixin.py:120} WARNING - /home/debian/etlhausz/venv/lib/python3.9/site-packages/airflow/models/dag.py:3405 RemovedInAirflow3Warning: Param `schedule_interval` is deprecated and will be removed in a future release. Please use `schedule` instead.
[2022-11-06T22:26:22.674-0300] {processor.py:766} INFO - DAG(s) dict_keys(['get_all_nfe_supply']) retrieved from /home/debian/etlhausz/airflow/dags/get_endpoint.py
[2022-11-06T22:26:22.815-0300] {logging_mixin.py:120} INFO - [2022-11-06T22:26:22.815-0300] {dag.py:2585} INFO - Sync 1 DAGs
[2022-11-06T22:26:22.835-0300] {logging_mixin.py:120} INFO - [2022-11-06T22:26:22.835-0300] {dag.py:3336} INFO - Setting next_dagrun for get_all_nfe_supply to 2022-11-06T00:00:00+00:00, run_after=2022-11-07T00:00:00+00:00
[2022-11-06T22:26:22.857-0300] {processor.py:176} INFO - Processing /home/debian/etlhausz/airflow/dags/get_endpoint.py took 0.214 seconds
[2022-11-06T22:26:53.683-0300] {processor.py:154} INFO - Started process (PID=35206) to work on /home/debian/etlhausz/airflow/dags/get_endpoint.py
[2022-11-06T22:26:53.685-0300] {processor.py:756} INFO - Processing file /home/debian/etlhausz/airflow/dags/get_endpoint.py for tasks to queue
[2022-11-06T22:26:53.686-0300] {logging_mixin.py:120} INFO - [2022-11-06T22:26:53.686-0300] {dagbag.py:537} INFO - Filling up the DagBag from /home/debian/etlhausz/airflow/dags/get_endpoint.py
[2022-11-06T22:26:53.725-0300] {logging_mixin.py:120} WARNING - /home/debian/etlhausz/venv/lib/python3.9/site-packages/airflow/models/dag.py:3405 RemovedInAirflow3Warning: Param `schedule_interval` is deprecated and will be removed in a future release. Please use `schedule` instead.
[2022-11-06T22:26:53.829-0300] {processor.py:766} INFO - DAG(s) dict_keys(['get_all_nfe_supply']) retrieved from /home/debian/etlhausz/airflow/dags/get_endpoint.py
[2022-11-06T22:26:53.888-0300] {logging_mixin.py:120} INFO - [2022-11-06T22:26:53.888-0300] {dag.py:2585} INFO - Sync 1 DAGs
[2022-11-06T22:26:53.924-0300] {logging_mixin.py:120} INFO - [2022-11-06T22:26:53.924-0300] {dag.py:3336} INFO - Setting next_dagrun for get_all_nfe_supply to 2022-11-06T00:00:00+00:00, run_after=2022-11-07T00:00:00+00:00
[2022-11-06T22:26:53.951-0300] {processor.py:176} INFO - Processing /home/debian/etlhausz/airflow/dags/get_endpoint.py took 0.271 seconds
[2022-11-06T22:27:24.367-0300] {processor.py:154} INFO - Started process (PID=35750) to work on /home/debian/etlhausz/airflow/dags/get_endpoint.py
[2022-11-06T22:27:24.369-0300] {processor.py:756} INFO - Processing file /home/debian/etlhausz/airflow/dags/get_endpoint.py for tasks to queue
[2022-11-06T22:27:24.371-0300] {logging_mixin.py:120} INFO - [2022-11-06T22:27:24.371-0300] {dagbag.py:537} INFO - Filling up the DagBag from /home/debian/etlhausz/airflow/dags/get_endpoint.py
[2022-11-06T22:27:24.402-0300] {logging_mixin.py:120} WARNING - /home/debian/etlhausz/venv/lib/python3.9/site-packages/airflow/models/dag.py:3405 RemovedInAirflow3Warning: Param `schedule_interval` is deprecated and will be removed in a future release. Please use `schedule` instead.
[2022-11-06T22:27:24.413-0300] {processor.py:766} INFO - DAG(s) dict_keys(['get_all_nfe_supply']) retrieved from /home/debian/etlhausz/airflow/dags/get_endpoint.py
[2022-11-06T22:27:24.460-0300] {logging_mixin.py:120} INFO - [2022-11-06T22:27:24.458-0300] {dag.py:2585} INFO - Sync 1 DAGs
[2022-11-06T22:27:24.586-0300] {logging_mixin.py:120} INFO - [2022-11-06T22:27:24.586-0300] {dag.py:3336} INFO - Setting next_dagrun for get_all_nfe_supply to 2022-11-06T00:00:00+00:00, run_after=2022-11-07T00:00:00+00:00
[2022-11-06T22:27:24.612-0300] {processor.py:176} INFO - Processing /home/debian/etlhausz/airflow/dags/get_endpoint.py took 0.248 seconds
[2022-11-06T22:27:55.096-0300] {processor.py:154} INFO - Started process (PID=36277) to work on /home/debian/etlhausz/airflow/dags/get_endpoint.py
[2022-11-06T22:27:55.097-0300] {processor.py:756} INFO - Processing file /home/debian/etlhausz/airflow/dags/get_endpoint.py for tasks to queue
[2022-11-06T22:27:55.097-0300] {logging_mixin.py:120} INFO - [2022-11-06T22:27:55.097-0300] {dagbag.py:537} INFO - Filling up the DagBag from /home/debian/etlhausz/airflow/dags/get_endpoint.py
[2022-11-06T22:27:55.132-0300] {logging_mixin.py:120} WARNING - /home/debian/etlhausz/venv/lib/python3.9/site-packages/airflow/models/dag.py:3405 RemovedInAirflow3Warning: Param `schedule_interval` is deprecated and will be removed in a future release. Please use `schedule` instead.
[2022-11-06T22:27:55.142-0300] {processor.py:766} INFO - DAG(s) dict_keys(['get_all_nfe_supply']) retrieved from /home/debian/etlhausz/airflow/dags/get_endpoint.py
[2022-11-06T22:27:55.196-0300] {logging_mixin.py:120} INFO - [2022-11-06T22:27:55.196-0300] {dag.py:2585} INFO - Sync 1 DAGs
[2022-11-06T22:27:55.355-0300] {logging_mixin.py:120} INFO - [2022-11-06T22:27:55.355-0300] {dag.py:3336} INFO - Setting next_dagrun for get_all_nfe_supply to 2022-11-06T00:00:00+00:00, run_after=2022-11-07T00:00:00+00:00
[2022-11-06T22:27:55.398-0300] {processor.py:176} INFO - Processing /home/debian/etlhausz/airflow/dags/get_endpoint.py took 0.309 seconds
[2022-11-06T22:28:25.819-0300] {processor.py:154} INFO - Started process (PID=36936) to work on /home/debian/etlhausz/airflow/dags/get_endpoint.py
[2022-11-06T22:28:25.820-0300] {processor.py:756} INFO - Processing file /home/debian/etlhausz/airflow/dags/get_endpoint.py for tasks to queue
[2022-11-06T22:28:25.821-0300] {logging_mixin.py:120} INFO - [2022-11-06T22:28:25.821-0300] {dagbag.py:537} INFO - Filling up the DagBag from /home/debian/etlhausz/airflow/dags/get_endpoint.py
[2022-11-06T22:28:25.844-0300] {logging_mixin.py:120} WARNING - /home/debian/etlhausz/venv/lib/python3.9/site-packages/airflow/models/dag.py:3405 RemovedInAirflow3Warning: Param `schedule_interval` is deprecated and will be removed in a future release. Please use `schedule` instead.
[2022-11-06T22:28:25.853-0300] {processor.py:766} INFO - DAG(s) dict_keys(['get_all_nfe_supply']) retrieved from /home/debian/etlhausz/airflow/dags/get_endpoint.py
[2022-11-06T22:28:26.263-0300] {logging_mixin.py:120} INFO - [2022-11-06T22:28:26.262-0300] {dag.py:2585} INFO - Sync 1 DAGs
[2022-11-06T22:28:26.379-0300] {logging_mixin.py:120} INFO - [2022-11-06T22:28:26.379-0300] {dag.py:3336} INFO - Setting next_dagrun for get_all_nfe_supply to 2022-11-06T00:00:00+00:00, run_after=2022-11-07T00:00:00+00:00
[2022-11-06T22:28:26.475-0300] {processor.py:176} INFO - Processing /home/debian/etlhausz/airflow/dags/get_endpoint.py took 0.675 seconds
[2022-11-06T22:28:57.072-0300] {processor.py:154} INFO - Started process (PID=37479) to work on /home/debian/etlhausz/airflow/dags/get_endpoint.py
[2022-11-06T22:28:57.073-0300] {processor.py:756} INFO - Processing file /home/debian/etlhausz/airflow/dags/get_endpoint.py for tasks to queue
[2022-11-06T22:28:57.074-0300] {logging_mixin.py:120} INFO - [2022-11-06T22:28:57.074-0300] {dagbag.py:537} INFO - Filling up the DagBag from /home/debian/etlhausz/airflow/dags/get_endpoint.py
[2022-11-06T22:28:57.092-0300] {logging_mixin.py:120} WARNING - /home/debian/etlhausz/venv/lib/python3.9/site-packages/airflow/models/dag.py:3405 RemovedInAirflow3Warning: Param `schedule_interval` is deprecated and will be removed in a future release. Please use `schedule` instead.
[2022-11-06T22:28:57.204-0300] {processor.py:766} INFO - DAG(s) dict_keys(['get_all_nfe_supply']) retrieved from /home/debian/etlhausz/airflow/dags/get_endpoint.py
[2022-11-06T22:28:57.251-0300] {logging_mixin.py:120} INFO - [2022-11-06T22:28:57.251-0300] {dag.py:2585} INFO - Sync 1 DAGs
[2022-11-06T22:28:57.314-0300] {logging_mixin.py:120} INFO - [2022-11-06T22:28:57.312-0300] {dag.py:3336} INFO - Setting next_dagrun for get_all_nfe_supply to 2022-11-06T00:00:00+00:00, run_after=2022-11-07T00:00:00+00:00
[2022-11-06T22:28:57.363-0300] {processor.py:176} INFO - Processing /home/debian/etlhausz/airflow/dags/get_endpoint.py took 0.293 seconds
[2022-11-06T22:29:28.030-0300] {processor.py:154} INFO - Started process (PID=37990) to work on /home/debian/etlhausz/airflow/dags/get_endpoint.py
[2022-11-06T22:29:28.034-0300] {processor.py:756} INFO - Processing file /home/debian/etlhausz/airflow/dags/get_endpoint.py for tasks to queue
[2022-11-06T22:29:28.037-0300] {logging_mixin.py:120} INFO - [2022-11-06T22:29:28.037-0300] {dagbag.py:537} INFO - Filling up the DagBag from /home/debian/etlhausz/airflow/dags/get_endpoint.py
[2022-11-06T22:29:28.107-0300] {logging_mixin.py:120} WARNING - /home/debian/etlhausz/venv/lib/python3.9/site-packages/airflow/models/dag.py:3405 RemovedInAirflow3Warning: Param `schedule_interval` is deprecated and will be removed in a future release. Please use `schedule` instead.
[2022-11-06T22:29:28.137-0300] {processor.py:766} INFO - DAG(s) dict_keys(['get_all_nfe_supply']) retrieved from /home/debian/etlhausz/airflow/dags/get_endpoint.py
[2022-11-06T22:29:28.270-0300] {logging_mixin.py:120} INFO - [2022-11-06T22:29:28.270-0300] {dag.py:2585} INFO - Sync 1 DAGs
[2022-11-06T22:29:28.409-0300] {logging_mixin.py:120} INFO - [2022-11-06T22:29:28.408-0300] {dag.py:3336} INFO - Setting next_dagrun for get_all_nfe_supply to 2022-11-06T00:00:00+00:00, run_after=2022-11-07T00:00:00+00:00
[2022-11-06T22:29:28.445-0300] {processor.py:176} INFO - Processing /home/debian/etlhausz/airflow/dags/get_endpoint.py took 0.424 seconds
[2022-11-06T22:29:59.220-0300] {processor.py:154} INFO - Started process (PID=38516) to work on /home/debian/etlhausz/airflow/dags/get_endpoint.py
[2022-11-06T22:29:59.221-0300] {processor.py:756} INFO - Processing file /home/debian/etlhausz/airflow/dags/get_endpoint.py for tasks to queue
[2022-11-06T22:29:59.221-0300] {logging_mixin.py:120} INFO - [2022-11-06T22:29:59.221-0300] {dagbag.py:537} INFO - Filling up the DagBag from /home/debian/etlhausz/airflow/dags/get_endpoint.py
[2022-11-06T22:29:59.239-0300] {logging_mixin.py:120} WARNING - /home/debian/etlhausz/venv/lib/python3.9/site-packages/airflow/models/dag.py:3405 RemovedInAirflow3Warning: Param `schedule_interval` is deprecated and will be removed in a future release. Please use `schedule` instead.
[2022-11-06T22:29:59.248-0300] {processor.py:766} INFO - DAG(s) dict_keys(['get_all_nfe_supply']) retrieved from /home/debian/etlhausz/airflow/dags/get_endpoint.py
[2022-11-06T22:29:59.381-0300] {logging_mixin.py:120} INFO - [2022-11-06T22:29:59.381-0300] {dag.py:2585} INFO - Sync 1 DAGs
[2022-11-06T22:29:59.397-0300] {logging_mixin.py:120} INFO - [2022-11-06T22:29:59.397-0300] {dag.py:3336} INFO - Setting next_dagrun for get_all_nfe_supply to 2022-11-06T00:00:00+00:00, run_after=2022-11-07T00:00:00+00:00
[2022-11-06T22:29:59.416-0300] {processor.py:176} INFO - Processing /home/debian/etlhausz/airflow/dags/get_endpoint.py took 0.198 seconds
[2022-11-06T22:30:29.740-0300] {processor.py:154} INFO - Started process (PID=39151) to work on /home/debian/etlhausz/airflow/dags/get_endpoint.py
[2022-11-06T22:30:29.741-0300] {processor.py:756} INFO - Processing file /home/debian/etlhausz/airflow/dags/get_endpoint.py for tasks to queue
[2022-11-06T22:30:29.743-0300] {logging_mixin.py:120} INFO - [2022-11-06T22:30:29.743-0300] {dagbag.py:537} INFO - Filling up the DagBag from /home/debian/etlhausz/airflow/dags/get_endpoint.py
[2022-11-06T22:30:29.764-0300] {logging_mixin.py:120} WARNING - /home/debian/etlhausz/venv/lib/python3.9/site-packages/airflow/models/dag.py:3405 RemovedInAirflow3Warning: Param `schedule_interval` is deprecated and will be removed in a future release. Please use `schedule` instead.
[2022-11-06T22:30:29.774-0300] {processor.py:766} INFO - DAG(s) dict_keys(['get_all_nfe_supply']) retrieved from /home/debian/etlhausz/airflow/dags/get_endpoint.py
[2022-11-06T22:30:29.910-0300] {logging_mixin.py:120} INFO - [2022-11-06T22:30:29.909-0300] {dag.py:2585} INFO - Sync 1 DAGs
[2022-11-06T22:30:29.931-0300] {logging_mixin.py:120} INFO - [2022-11-06T22:30:29.931-0300] {dag.py:3336} INFO - Setting next_dagrun for get_all_nfe_supply to 2022-11-06T00:00:00+00:00, run_after=2022-11-07T00:00:00+00:00
[2022-11-06T22:30:29.950-0300] {processor.py:176} INFO - Processing /home/debian/etlhausz/airflow/dags/get_endpoint.py took 0.215 seconds
[2022-11-06T22:31:00.107-0300] {processor.py:154} INFO - Started process (PID=39670) to work on /home/debian/etlhausz/airflow/dags/get_endpoint.py
[2022-11-06T22:31:00.125-0300] {processor.py:756} INFO - Processing file /home/debian/etlhausz/airflow/dags/get_endpoint.py for tasks to queue
[2022-11-06T22:31:00.128-0300] {logging_mixin.py:120} INFO - [2022-11-06T22:31:00.127-0300] {dagbag.py:537} INFO - Filling up the DagBag from /home/debian/etlhausz/airflow/dags/get_endpoint.py
[2022-11-06T22:31:00.188-0300] {logging_mixin.py:120} WARNING - /home/debian/etlhausz/venv/lib/python3.9/site-packages/airflow/models/dag.py:3405 RemovedInAirflow3Warning: Param `schedule_interval` is deprecated and will be removed in a future release. Please use `schedule` instead.
[2022-11-06T22:31:00.367-0300] {processor.py:766} INFO - DAG(s) dict_keys(['get_all_nfe_supply']) retrieved from /home/debian/etlhausz/airflow/dags/get_endpoint.py
[2022-11-06T22:31:00.399-0300] {logging_mixin.py:120} INFO - [2022-11-06T22:31:00.399-0300] {dag.py:2585} INFO - Sync 1 DAGs
[2022-11-06T22:31:00.420-0300] {logging_mixin.py:120} INFO - [2022-11-06T22:31:00.420-0300] {dag.py:3336} INFO - Setting next_dagrun for get_all_nfe_supply to 2022-11-06T00:00:00+00:00, run_after=2022-11-07T00:00:00+00:00
[2022-11-06T22:31:00.437-0300] {processor.py:176} INFO - Processing /home/debian/etlhausz/airflow/dags/get_endpoint.py took 0.339 seconds
[2022-11-06T22:31:31.317-0300] {processor.py:154} INFO - Started process (PID=40133) to work on /home/debian/etlhausz/airflow/dags/get_endpoint.py
[2022-11-06T22:31:31.318-0300] {processor.py:756} INFO - Processing file /home/debian/etlhausz/airflow/dags/get_endpoint.py for tasks to queue
[2022-11-06T22:31:31.319-0300] {logging_mixin.py:120} INFO - [2022-11-06T22:31:31.319-0300] {dagbag.py:537} INFO - Filling up the DagBag from /home/debian/etlhausz/airflow/dags/get_endpoint.py
[2022-11-06T22:31:31.336-0300] {logging_mixin.py:120} WARNING - /home/debian/etlhausz/venv/lib/python3.9/site-packages/airflow/models/dag.py:3405 RemovedInAirflow3Warning: Param `schedule_interval` is deprecated and will be removed in a future release. Please use `schedule` instead.
[2022-11-06T22:31:31.345-0300] {processor.py:766} INFO - DAG(s) dict_keys(['get_all_nfe_supply']) retrieved from /home/debian/etlhausz/airflow/dags/get_endpoint.py
[2022-11-06T22:31:31.389-0300] {logging_mixin.py:120} INFO - [2022-11-06T22:31:31.389-0300] {dag.py:2585} INFO - Sync 1 DAGs
[2022-11-06T22:31:31.599-0300] {logging_mixin.py:120} INFO - [2022-11-06T22:31:31.599-0300] {dag.py:3336} INFO - Setting next_dagrun for get_all_nfe_supply to 2022-11-06T00:00:00+00:00, run_after=2022-11-07T00:00:00+00:00
[2022-11-06T22:31:31.636-0300] {processor.py:176} INFO - Processing /home/debian/etlhausz/airflow/dags/get_endpoint.py took 0.322 seconds
