[2022-11-06T21:00:18.803-0300] {processor.py:154} INFO - Started process (PID=61091) to work on /home/debian/etlhausz/venv/lib/python3.9/site-packages/airflow/example_dags/example_kubernetes_executor.py
[2022-11-06T21:00:18.804-0300] {processor.py:756} INFO - Processing file /home/debian/etlhausz/venv/lib/python3.9/site-packages/airflow/example_dags/example_kubernetes_executor.py for tasks to queue
[2022-11-06T21:00:18.804-0300] {logging_mixin.py:120} INFO - [2022-11-06T21:00:18.804-0300] {dagbag.py:537} INFO - Filling up the DagBag from /home/debian/etlhausz/venv/lib/python3.9/site-packages/airflow/example_dags/example_kubernetes_executor.py
[2022-11-06T21:00:18.815-0300] {logging_mixin.py:120} INFO - [2022-11-06T21:00:18.815-0300] {example_kubernetes_executor.py:41} WARNING - The example_kubernetes_executor example DAG requires the kubernetes provider. Please install it with: pip install apache-airflow[cncf.kubernetes]
[2022-11-06T21:00:18.816-0300] {processor.py:768} WARNING - No viable dags retrieved from /home/debian/etlhausz/venv/lib/python3.9/site-packages/airflow/example_dags/example_kubernetes_executor.py
[2022-11-06T21:00:18.840-0300] {processor.py:176} INFO - Processing /home/debian/etlhausz/venv/lib/python3.9/site-packages/airflow/example_dags/example_kubernetes_executor.py took 0.045 seconds
[2022-11-06T21:00:48.932-0300] {processor.py:154} INFO - Started process (PID=61659) to work on /home/debian/etlhausz/venv/lib/python3.9/site-packages/airflow/example_dags/example_kubernetes_executor.py
[2022-11-06T21:00:48.933-0300] {processor.py:756} INFO - Processing file /home/debian/etlhausz/venv/lib/python3.9/site-packages/airflow/example_dags/example_kubernetes_executor.py for tasks to queue
[2022-11-06T21:00:48.934-0300] {logging_mixin.py:120} INFO - [2022-11-06T21:00:48.934-0300] {dagbag.py:537} INFO - Filling up the DagBag from /home/debian/etlhausz/venv/lib/python3.9/site-packages/airflow/example_dags/example_kubernetes_executor.py
[2022-11-06T21:00:48.947-0300] {logging_mixin.py:120} INFO - [2022-11-06T21:00:48.947-0300] {example_kubernetes_executor.py:41} WARNING - The example_kubernetes_executor example DAG requires the kubernetes provider. Please install it with: pip install apache-airflow[cncf.kubernetes]
[2022-11-06T21:00:48.947-0300] {processor.py:768} WARNING - No viable dags retrieved from /home/debian/etlhausz/venv/lib/python3.9/site-packages/airflow/example_dags/example_kubernetes_executor.py
[2022-11-06T21:00:48.972-0300] {processor.py:176} INFO - Processing /home/debian/etlhausz/venv/lib/python3.9/site-packages/airflow/example_dags/example_kubernetes_executor.py took 0.047 seconds
[2022-11-06T21:01:19.112-0300] {processor.py:154} INFO - Started process (PID=62239) to work on /home/debian/etlhausz/venv/lib/python3.9/site-packages/airflow/example_dags/example_kubernetes_executor.py
[2022-11-06T21:01:19.114-0300] {processor.py:756} INFO - Processing file /home/debian/etlhausz/venv/lib/python3.9/site-packages/airflow/example_dags/example_kubernetes_executor.py for tasks to queue
[2022-11-06T21:01:19.115-0300] {logging_mixin.py:120} INFO - [2022-11-06T21:01:19.115-0300] {dagbag.py:537} INFO - Filling up the DagBag from /home/debian/etlhausz/venv/lib/python3.9/site-packages/airflow/example_dags/example_kubernetes_executor.py
[2022-11-06T21:01:19.128-0300] {logging_mixin.py:120} INFO - [2022-11-06T21:01:19.128-0300] {example_kubernetes_executor.py:41} WARNING - The example_kubernetes_executor example DAG requires the kubernetes provider. Please install it with: pip install apache-airflow[cncf.kubernetes]
[2022-11-06T21:01:19.128-0300] {processor.py:768} WARNING - No viable dags retrieved from /home/debian/etlhausz/venv/lib/python3.9/site-packages/airflow/example_dags/example_kubernetes_executor.py
[2022-11-06T21:01:19.146-0300] {processor.py:176} INFO - Processing /home/debian/etlhausz/venv/lib/python3.9/site-packages/airflow/example_dags/example_kubernetes_executor.py took 0.037 seconds
[2022-11-06T21:01:49.484-0300] {processor.py:154} INFO - Started process (PID=62804) to work on /home/debian/etlhausz/venv/lib/python3.9/site-packages/airflow/example_dags/example_kubernetes_executor.py
[2022-11-06T21:01:49.485-0300] {processor.py:756} INFO - Processing file /home/debian/etlhausz/venv/lib/python3.9/site-packages/airflow/example_dags/example_kubernetes_executor.py for tasks to queue
[2022-11-06T21:01:49.485-0300] {logging_mixin.py:120} INFO - [2022-11-06T21:01:49.485-0300] {dagbag.py:537} INFO - Filling up the DagBag from /home/debian/etlhausz/venv/lib/python3.9/site-packages/airflow/example_dags/example_kubernetes_executor.py
[2022-11-06T21:01:49.517-0300] {logging_mixin.py:120} INFO - [2022-11-06T21:01:49.517-0300] {example_kubernetes_executor.py:41} WARNING - The example_kubernetes_executor example DAG requires the kubernetes provider. Please install it with: pip install apache-airflow[cncf.kubernetes]
[2022-11-06T21:01:49.517-0300] {processor.py:768} WARNING - No viable dags retrieved from /home/debian/etlhausz/venv/lib/python3.9/site-packages/airflow/example_dags/example_kubernetes_executor.py
[2022-11-06T21:01:49.552-0300] {processor.py:176} INFO - Processing /home/debian/etlhausz/venv/lib/python3.9/site-packages/airflow/example_dags/example_kubernetes_executor.py took 0.073 seconds
[2022-11-06T21:02:20.242-0300] {processor.py:154} INFO - Started process (PID=63345) to work on /home/debian/etlhausz/venv/lib/python3.9/site-packages/airflow/example_dags/example_kubernetes_executor.py
[2022-11-06T21:02:20.245-0300] {processor.py:756} INFO - Processing file /home/debian/etlhausz/venv/lib/python3.9/site-packages/airflow/example_dags/example_kubernetes_executor.py for tasks to queue
[2022-11-06T21:02:20.247-0300] {logging_mixin.py:120} INFO - [2022-11-06T21:02:20.247-0300] {dagbag.py:537} INFO - Filling up the DagBag from /home/debian/etlhausz/venv/lib/python3.9/site-packages/airflow/example_dags/example_kubernetes_executor.py
[2022-11-06T21:02:20.282-0300] {logging_mixin.py:120} INFO - [2022-11-06T21:02:20.282-0300] {example_kubernetes_executor.py:41} WARNING - The example_kubernetes_executor example DAG requires the kubernetes provider. Please install it with: pip install apache-airflow[cncf.kubernetes]
[2022-11-06T21:02:20.282-0300] {processor.py:768} WARNING - No viable dags retrieved from /home/debian/etlhausz/venv/lib/python3.9/site-packages/airflow/example_dags/example_kubernetes_executor.py
[2022-11-06T21:02:20.329-0300] {processor.py:176} INFO - Processing /home/debian/etlhausz/venv/lib/python3.9/site-packages/airflow/example_dags/example_kubernetes_executor.py took 0.096 seconds
[2022-11-06T21:02:51.140-0300] {processor.py:154} INFO - Started process (PID=63943) to work on /home/debian/etlhausz/venv/lib/python3.9/site-packages/airflow/example_dags/example_kubernetes_executor.py
[2022-11-06T21:02:51.142-0300] {processor.py:756} INFO - Processing file /home/debian/etlhausz/venv/lib/python3.9/site-packages/airflow/example_dags/example_kubernetes_executor.py for tasks to queue
[2022-11-06T21:02:51.143-0300] {logging_mixin.py:120} INFO - [2022-11-06T21:02:51.142-0300] {dagbag.py:537} INFO - Filling up the DagBag from /home/debian/etlhausz/venv/lib/python3.9/site-packages/airflow/example_dags/example_kubernetes_executor.py
[2022-11-06T21:02:51.153-0300] {logging_mixin.py:120} INFO - [2022-11-06T21:02:51.153-0300] {example_kubernetes_executor.py:41} WARNING - The example_kubernetes_executor example DAG requires the kubernetes provider. Please install it with: pip install apache-airflow[cncf.kubernetes]
[2022-11-06T21:02:51.153-0300] {processor.py:768} WARNING - No viable dags retrieved from /home/debian/etlhausz/venv/lib/python3.9/site-packages/airflow/example_dags/example_kubernetes_executor.py
[2022-11-06T21:02:51.170-0300] {processor.py:176} INFO - Processing /home/debian/etlhausz/venv/lib/python3.9/site-packages/airflow/example_dags/example_kubernetes_executor.py took 0.033 seconds
[2022-11-06T21:03:22.989-0300] {processor.py:154} INFO - Started process (PID=64485) to work on /home/debian/etlhausz/venv/lib/python3.9/site-packages/airflow/example_dags/example_kubernetes_executor.py
[2022-11-06T21:03:22.991-0300] {processor.py:756} INFO - Processing file /home/debian/etlhausz/venv/lib/python3.9/site-packages/airflow/example_dags/example_kubernetes_executor.py for tasks to queue
[2022-11-06T21:03:22.992-0300] {logging_mixin.py:120} INFO - [2022-11-06T21:03:22.991-0300] {dagbag.py:537} INFO - Filling up the DagBag from /home/debian/etlhausz/venv/lib/python3.9/site-packages/airflow/example_dags/example_kubernetes_executor.py
[2022-11-06T21:03:23.013-0300] {logging_mixin.py:120} INFO - [2022-11-06T21:03:23.013-0300] {example_kubernetes_executor.py:41} WARNING - The example_kubernetes_executor example DAG requires the kubernetes provider. Please install it with: pip install apache-airflow[cncf.kubernetes]
[2022-11-06T21:03:23.013-0300] {processor.py:768} WARNING - No viable dags retrieved from /home/debian/etlhausz/venv/lib/python3.9/site-packages/airflow/example_dags/example_kubernetes_executor.py
[2022-11-06T21:03:23.054-0300] {processor.py:176} INFO - Processing /home/debian/etlhausz/venv/lib/python3.9/site-packages/airflow/example_dags/example_kubernetes_executor.py took 0.070 seconds
[2022-11-06T21:03:54.058-0300] {processor.py:154} INFO - Started process (PID=65070) to work on /home/debian/etlhausz/venv/lib/python3.9/site-packages/airflow/example_dags/example_kubernetes_executor.py
[2022-11-06T21:03:54.065-0300] {processor.py:756} INFO - Processing file /home/debian/etlhausz/venv/lib/python3.9/site-packages/airflow/example_dags/example_kubernetes_executor.py for tasks to queue
[2022-11-06T21:03:54.068-0300] {logging_mixin.py:120} INFO - [2022-11-06T21:03:54.067-0300] {dagbag.py:537} INFO - Filling up the DagBag from /home/debian/etlhausz/venv/lib/python3.9/site-packages/airflow/example_dags/example_kubernetes_executor.py
[2022-11-06T21:03:54.095-0300] {logging_mixin.py:120} INFO - [2022-11-06T21:03:54.095-0300] {example_kubernetes_executor.py:41} WARNING - The example_kubernetes_executor example DAG requires the kubernetes provider. Please install it with: pip install apache-airflow[cncf.kubernetes]
[2022-11-06T21:03:54.096-0300] {processor.py:768} WARNING - No viable dags retrieved from /home/debian/etlhausz/venv/lib/python3.9/site-packages/airflow/example_dags/example_kubernetes_executor.py
[2022-11-06T21:03:54.133-0300] {processor.py:176} INFO - Processing /home/debian/etlhausz/venv/lib/python3.9/site-packages/airflow/example_dags/example_kubernetes_executor.py took 0.077 seconds
[2022-11-06T22:01:40.975-0300] {processor.py:154} INFO - Started process (PID=5228) to work on /home/debian/etlhausz/venv/lib/python3.9/site-packages/airflow/example_dags/example_kubernetes_executor.py
[2022-11-06T22:01:40.977-0300] {processor.py:756} INFO - Processing file /home/debian/etlhausz/venv/lib/python3.9/site-packages/airflow/example_dags/example_kubernetes_executor.py for tasks to queue
[2022-11-06T22:01:40.978-0300] {logging_mixin.py:120} INFO - [2022-11-06T22:01:40.978-0300] {dagbag.py:537} INFO - Filling up the DagBag from /home/debian/etlhausz/venv/lib/python3.9/site-packages/airflow/example_dags/example_kubernetes_executor.py
[2022-11-06T22:01:41.007-0300] {logging_mixin.py:120} INFO - [2022-11-06T22:01:41.007-0300] {example_kubernetes_executor.py:41} WARNING - The example_kubernetes_executor example DAG requires the kubernetes provider. Please install it with: pip install apache-airflow[cncf.kubernetes]
[2022-11-06T22:01:41.007-0300] {processor.py:768} WARNING - No viable dags retrieved from /home/debian/etlhausz/venv/lib/python3.9/site-packages/airflow/example_dags/example_kubernetes_executor.py
[2022-11-06T22:01:41.123-0300] {processor.py:176} INFO - Processing /home/debian/etlhausz/venv/lib/python3.9/site-packages/airflow/example_dags/example_kubernetes_executor.py took 0.151 seconds
[2022-11-06T22:02:11.717-0300] {processor.py:154} INFO - Started process (PID=5869) to work on /home/debian/etlhausz/venv/lib/python3.9/site-packages/airflow/example_dags/example_kubernetes_executor.py
[2022-11-06T22:02:11.719-0300] {processor.py:756} INFO - Processing file /home/debian/etlhausz/venv/lib/python3.9/site-packages/airflow/example_dags/example_kubernetes_executor.py for tasks to queue
[2022-11-06T22:02:11.719-0300] {logging_mixin.py:120} INFO - [2022-11-06T22:02:11.719-0300] {dagbag.py:537} INFO - Filling up the DagBag from /home/debian/etlhausz/venv/lib/python3.9/site-packages/airflow/example_dags/example_kubernetes_executor.py
[2022-11-06T22:02:11.735-0300] {logging_mixin.py:120} INFO - [2022-11-06T22:02:11.735-0300] {example_kubernetes_executor.py:41} WARNING - The example_kubernetes_executor example DAG requires the kubernetes provider. Please install it with: pip install apache-airflow[cncf.kubernetes]
[2022-11-06T22:02:11.735-0300] {processor.py:768} WARNING - No viable dags retrieved from /home/debian/etlhausz/venv/lib/python3.9/site-packages/airflow/example_dags/example_kubernetes_executor.py
[2022-11-06T22:02:11.765-0300] {processor.py:176} INFO - Processing /home/debian/etlhausz/venv/lib/python3.9/site-packages/airflow/example_dags/example_kubernetes_executor.py took 0.056 seconds
[2022-11-06T22:02:43.031-0300] {processor.py:154} INFO - Started process (PID=6528) to work on /home/debian/etlhausz/venv/lib/python3.9/site-packages/airflow/example_dags/example_kubernetes_executor.py
[2022-11-06T22:02:43.032-0300] {processor.py:756} INFO - Processing file /home/debian/etlhausz/venv/lib/python3.9/site-packages/airflow/example_dags/example_kubernetes_executor.py for tasks to queue
[2022-11-06T22:02:43.033-0300] {logging_mixin.py:120} INFO - [2022-11-06T22:02:43.033-0300] {dagbag.py:537} INFO - Filling up the DagBag from /home/debian/etlhausz/venv/lib/python3.9/site-packages/airflow/example_dags/example_kubernetes_executor.py
[2022-11-06T22:02:43.044-0300] {logging_mixin.py:120} INFO - [2022-11-06T22:02:43.044-0300] {example_kubernetes_executor.py:41} WARNING - The example_kubernetes_executor example DAG requires the kubernetes provider. Please install it with: pip install apache-airflow[cncf.kubernetes]
[2022-11-06T22:02:43.045-0300] {processor.py:768} WARNING - No viable dags retrieved from /home/debian/etlhausz/venv/lib/python3.9/site-packages/airflow/example_dags/example_kubernetes_executor.py
[2022-11-06T22:02:43.071-0300] {processor.py:176} INFO - Processing /home/debian/etlhausz/venv/lib/python3.9/site-packages/airflow/example_dags/example_kubernetes_executor.py took 0.043 seconds
[2022-11-06T22:03:16.918-0300] {processor.py:154} INFO - Started process (PID=7132) to work on /home/debian/etlhausz/venv/lib/python3.9/site-packages/airflow/example_dags/example_kubernetes_executor.py
[2022-11-06T22:03:16.920-0300] {processor.py:756} INFO - Processing file /home/debian/etlhausz/venv/lib/python3.9/site-packages/airflow/example_dags/example_kubernetes_executor.py for tasks to queue
[2022-11-06T22:03:16.924-0300] {logging_mixin.py:120} INFO - [2022-11-06T22:03:16.924-0300] {dagbag.py:537} INFO - Filling up the DagBag from /home/debian/etlhausz/venv/lib/python3.9/site-packages/airflow/example_dags/example_kubernetes_executor.py
[2022-11-06T22:03:16.953-0300] {logging_mixin.py:120} INFO - [2022-11-06T22:03:16.953-0300] {example_kubernetes_executor.py:41} WARNING - The example_kubernetes_executor example DAG requires the kubernetes provider. Please install it with: pip install apache-airflow[cncf.kubernetes]
[2022-11-06T22:03:16.953-0300] {processor.py:768} WARNING - No viable dags retrieved from /home/debian/etlhausz/venv/lib/python3.9/site-packages/airflow/example_dags/example_kubernetes_executor.py
[2022-11-06T22:03:16.995-0300] {processor.py:176} INFO - Processing /home/debian/etlhausz/venv/lib/python3.9/site-packages/airflow/example_dags/example_kubernetes_executor.py took 0.080 seconds
[2022-11-06T22:03:47.258-0300] {processor.py:154} INFO - Started process (PID=7788) to work on /home/debian/etlhausz/venv/lib/python3.9/site-packages/airflow/example_dags/example_kubernetes_executor.py
[2022-11-06T22:03:47.259-0300] {processor.py:756} INFO - Processing file /home/debian/etlhausz/venv/lib/python3.9/site-packages/airflow/example_dags/example_kubernetes_executor.py for tasks to queue
[2022-11-06T22:03:47.260-0300] {logging_mixin.py:120} INFO - [2022-11-06T22:03:47.260-0300] {dagbag.py:537} INFO - Filling up the DagBag from /home/debian/etlhausz/venv/lib/python3.9/site-packages/airflow/example_dags/example_kubernetes_executor.py
[2022-11-06T22:03:47.271-0300] {logging_mixin.py:120} INFO - [2022-11-06T22:03:47.271-0300] {example_kubernetes_executor.py:41} WARNING - The example_kubernetes_executor example DAG requires the kubernetes provider. Please install it with: pip install apache-airflow[cncf.kubernetes]
[2022-11-06T22:03:47.272-0300] {processor.py:768} WARNING - No viable dags retrieved from /home/debian/etlhausz/venv/lib/python3.9/site-packages/airflow/example_dags/example_kubernetes_executor.py
[2022-11-06T22:03:47.298-0300] {processor.py:176} INFO - Processing /home/debian/etlhausz/venv/lib/python3.9/site-packages/airflow/example_dags/example_kubernetes_executor.py took 0.043 seconds
[2022-11-06T22:04:18.399-0300] {processor.py:154} INFO - Started process (PID=8414) to work on /home/debian/etlhausz/venv/lib/python3.9/site-packages/airflow/example_dags/example_kubernetes_executor.py
[2022-11-06T22:04:18.403-0300] {processor.py:756} INFO - Processing file /home/debian/etlhausz/venv/lib/python3.9/site-packages/airflow/example_dags/example_kubernetes_executor.py for tasks to queue
[2022-11-06T22:04:18.403-0300] {logging_mixin.py:120} INFO - [2022-11-06T22:04:18.403-0300] {dagbag.py:537} INFO - Filling up the DagBag from /home/debian/etlhausz/venv/lib/python3.9/site-packages/airflow/example_dags/example_kubernetes_executor.py
[2022-11-06T22:04:18.415-0300] {logging_mixin.py:120} INFO - [2022-11-06T22:04:18.415-0300] {example_kubernetes_executor.py:41} WARNING - The example_kubernetes_executor example DAG requires the kubernetes provider. Please install it with: pip install apache-airflow[cncf.kubernetes]
[2022-11-06T22:04:18.415-0300] {processor.py:768} WARNING - No viable dags retrieved from /home/debian/etlhausz/venv/lib/python3.9/site-packages/airflow/example_dags/example_kubernetes_executor.py
[2022-11-06T22:04:18.437-0300] {processor.py:176} INFO - Processing /home/debian/etlhausz/venv/lib/python3.9/site-packages/airflow/example_dags/example_kubernetes_executor.py took 0.046 seconds
[2022-11-06T22:04:50.896-0300] {processor.py:154} INFO - Started process (PID=9013) to work on /home/debian/etlhausz/venv/lib/python3.9/site-packages/airflow/example_dags/example_kubernetes_executor.py
[2022-11-06T22:04:50.898-0300] {processor.py:756} INFO - Processing file /home/debian/etlhausz/venv/lib/python3.9/site-packages/airflow/example_dags/example_kubernetes_executor.py for tasks to queue
[2022-11-06T22:04:50.899-0300] {logging_mixin.py:120} INFO - [2022-11-06T22:04:50.899-0300] {dagbag.py:537} INFO - Filling up the DagBag from /home/debian/etlhausz/venv/lib/python3.9/site-packages/airflow/example_dags/example_kubernetes_executor.py
[2022-11-06T22:04:50.911-0300] {logging_mixin.py:120} INFO - [2022-11-06T22:04:50.910-0300] {example_kubernetes_executor.py:41} WARNING - The example_kubernetes_executor example DAG requires the kubernetes provider. Please install it with: pip install apache-airflow[cncf.kubernetes]
[2022-11-06T22:04:50.911-0300] {processor.py:768} WARNING - No viable dags retrieved from /home/debian/etlhausz/venv/lib/python3.9/site-packages/airflow/example_dags/example_kubernetes_executor.py
[2022-11-06T22:04:50.938-0300] {processor.py:176} INFO - Processing /home/debian/etlhausz/venv/lib/python3.9/site-packages/airflow/example_dags/example_kubernetes_executor.py took 0.046 seconds
[2022-11-06T22:05:32.515-0300] {processor.py:154} INFO - Started process (PID=9921) to work on /home/debian/etlhausz/venv/lib/python3.9/site-packages/airflow/example_dags/example_kubernetes_executor.py
[2022-11-06T22:05:32.516-0300] {processor.py:756} INFO - Processing file /home/debian/etlhausz/venv/lib/python3.9/site-packages/airflow/example_dags/example_kubernetes_executor.py for tasks to queue
[2022-11-06T22:05:32.516-0300] {logging_mixin.py:120} INFO - [2022-11-06T22:05:32.516-0300] {dagbag.py:537} INFO - Filling up the DagBag from /home/debian/etlhausz/venv/lib/python3.9/site-packages/airflow/example_dags/example_kubernetes_executor.py
[2022-11-06T22:05:32.530-0300] {logging_mixin.py:120} INFO - [2022-11-06T22:05:32.530-0300] {example_kubernetes_executor.py:41} WARNING - The example_kubernetes_executor example DAG requires the kubernetes provider. Please install it with: pip install apache-airflow[cncf.kubernetes]
[2022-11-06T22:05:32.530-0300] {processor.py:768} WARNING - No viable dags retrieved from /home/debian/etlhausz/venv/lib/python3.9/site-packages/airflow/example_dags/example_kubernetes_executor.py
[2022-11-06T22:05:32.556-0300] {processor.py:176} INFO - Processing /home/debian/etlhausz/venv/lib/python3.9/site-packages/airflow/example_dags/example_kubernetes_executor.py took 0.044 seconds
[2022-11-06T22:06:04.690-0300] {processor.py:154} INFO - Started process (PID=10533) to work on /home/debian/etlhausz/venv/lib/python3.9/site-packages/airflow/example_dags/example_kubernetes_executor.py
[2022-11-06T22:06:04.702-0300] {processor.py:756} INFO - Processing file /home/debian/etlhausz/venv/lib/python3.9/site-packages/airflow/example_dags/example_kubernetes_executor.py for tasks to queue
[2022-11-06T22:06:04.713-0300] {logging_mixin.py:120} INFO - [2022-11-06T22:06:04.713-0300] {dagbag.py:537} INFO - Filling up the DagBag from /home/debian/etlhausz/venv/lib/python3.9/site-packages/airflow/example_dags/example_kubernetes_executor.py
[2022-11-06T22:06:04.793-0300] {logging_mixin.py:120} INFO - [2022-11-06T22:06:04.791-0300] {example_kubernetes_executor.py:41} WARNING - The example_kubernetes_executor example DAG requires the kubernetes provider. Please install it with: pip install apache-airflow[cncf.kubernetes]
[2022-11-06T22:06:04.794-0300] {processor.py:768} WARNING - No viable dags retrieved from /home/debian/etlhausz/venv/lib/python3.9/site-packages/airflow/example_dags/example_kubernetes_executor.py
[2022-11-06T22:06:04.851-0300] {processor.py:176} INFO - Processing /home/debian/etlhausz/venv/lib/python3.9/site-packages/airflow/example_dags/example_kubernetes_executor.py took 0.175 seconds
[2022-11-06T22:06:35.202-0300] {processor.py:154} INFO - Started process (PID=11129) to work on /home/debian/etlhausz/venv/lib/python3.9/site-packages/airflow/example_dags/example_kubernetes_executor.py
[2022-11-06T22:06:35.204-0300] {processor.py:756} INFO - Processing file /home/debian/etlhausz/venv/lib/python3.9/site-packages/airflow/example_dags/example_kubernetes_executor.py for tasks to queue
[2022-11-06T22:06:35.204-0300] {logging_mixin.py:120} INFO - [2022-11-06T22:06:35.204-0300] {dagbag.py:537} INFO - Filling up the DagBag from /home/debian/etlhausz/venv/lib/python3.9/site-packages/airflow/example_dags/example_kubernetes_executor.py
[2022-11-06T22:06:35.215-0300] {logging_mixin.py:120} INFO - [2022-11-06T22:06:35.215-0300] {example_kubernetes_executor.py:41} WARNING - The example_kubernetes_executor example DAG requires the kubernetes provider. Please install it with: pip install apache-airflow[cncf.kubernetes]
[2022-11-06T22:06:35.215-0300] {processor.py:768} WARNING - No viable dags retrieved from /home/debian/etlhausz/venv/lib/python3.9/site-packages/airflow/example_dags/example_kubernetes_executor.py
[2022-11-06T22:06:35.243-0300] {processor.py:176} INFO - Processing /home/debian/etlhausz/venv/lib/python3.9/site-packages/airflow/example_dags/example_kubernetes_executor.py took 0.044 seconds
[2022-11-06T22:07:06.119-0300] {processor.py:154} INFO - Started process (PID=11681) to work on /home/debian/etlhausz/venv/lib/python3.9/site-packages/airflow/example_dags/example_kubernetes_executor.py
[2022-11-06T22:07:06.121-0300] {processor.py:756} INFO - Processing file /home/debian/etlhausz/venv/lib/python3.9/site-packages/airflow/example_dags/example_kubernetes_executor.py for tasks to queue
[2022-11-06T22:07:06.121-0300] {logging_mixin.py:120} INFO - [2022-11-06T22:07:06.121-0300] {dagbag.py:537} INFO - Filling up the DagBag from /home/debian/etlhausz/venv/lib/python3.9/site-packages/airflow/example_dags/example_kubernetes_executor.py
[2022-11-06T22:07:06.135-0300] {logging_mixin.py:120} INFO - [2022-11-06T22:07:06.135-0300] {example_kubernetes_executor.py:41} WARNING - The example_kubernetes_executor example DAG requires the kubernetes provider. Please install it with: pip install apache-airflow[cncf.kubernetes]
[2022-11-06T22:07:06.135-0300] {processor.py:768} WARNING - No viable dags retrieved from /home/debian/etlhausz/venv/lib/python3.9/site-packages/airflow/example_dags/example_kubernetes_executor.py
[2022-11-06T22:07:06.244-0300] {processor.py:176} INFO - Processing /home/debian/etlhausz/venv/lib/python3.9/site-packages/airflow/example_dags/example_kubernetes_executor.py took 0.129 seconds
[2022-11-06T22:07:39.831-0300] {processor.py:154} INFO - Started process (PID=12376) to work on /home/debian/etlhausz/venv/lib/python3.9/site-packages/airflow/example_dags/example_kubernetes_executor.py
[2022-11-06T22:07:39.848-0300] {processor.py:756} INFO - Processing file /home/debian/etlhausz/venv/lib/python3.9/site-packages/airflow/example_dags/example_kubernetes_executor.py for tasks to queue
[2022-11-06T22:07:39.870-0300] {logging_mixin.py:120} INFO - [2022-11-06T22:07:39.869-0300] {dagbag.py:537} INFO - Filling up the DagBag from /home/debian/etlhausz/venv/lib/python3.9/site-packages/airflow/example_dags/example_kubernetes_executor.py
[2022-11-06T22:07:39.951-0300] {logging_mixin.py:120} INFO - [2022-11-06T22:07:39.951-0300] {example_kubernetes_executor.py:41} WARNING - The example_kubernetes_executor example DAG requires the kubernetes provider. Please install it with: pip install apache-airflow[cncf.kubernetes]
[2022-11-06T22:07:39.963-0300] {processor.py:768} WARNING - No viable dags retrieved from /home/debian/etlhausz/venv/lib/python3.9/site-packages/airflow/example_dags/example_kubernetes_executor.py
[2022-11-06T22:07:40.066-0300] {processor.py:176} INFO - Processing /home/debian/etlhausz/venv/lib/python3.9/site-packages/airflow/example_dags/example_kubernetes_executor.py took 0.253 seconds
[2022-11-06T22:08:10.831-0300] {processor.py:154} INFO - Started process (PID=13104) to work on /home/debian/etlhausz/venv/lib/python3.9/site-packages/airflow/example_dags/example_kubernetes_executor.py
[2022-11-06T22:08:10.832-0300] {processor.py:756} INFO - Processing file /home/debian/etlhausz/venv/lib/python3.9/site-packages/airflow/example_dags/example_kubernetes_executor.py for tasks to queue
[2022-11-06T22:08:10.833-0300] {logging_mixin.py:120} INFO - [2022-11-06T22:08:10.833-0300] {dagbag.py:537} INFO - Filling up the DagBag from /home/debian/etlhausz/venv/lib/python3.9/site-packages/airflow/example_dags/example_kubernetes_executor.py
[2022-11-06T22:08:10.844-0300] {logging_mixin.py:120} INFO - [2022-11-06T22:08:10.844-0300] {example_kubernetes_executor.py:41} WARNING - The example_kubernetes_executor example DAG requires the kubernetes provider. Please install it with: pip install apache-airflow[cncf.kubernetes]
[2022-11-06T22:08:10.844-0300] {processor.py:768} WARNING - No viable dags retrieved from /home/debian/etlhausz/venv/lib/python3.9/site-packages/airflow/example_dags/example_kubernetes_executor.py
[2022-11-06T22:08:10.871-0300] {processor.py:176} INFO - Processing /home/debian/etlhausz/venv/lib/python3.9/site-packages/airflow/example_dags/example_kubernetes_executor.py took 0.043 seconds
[2022-11-06T22:08:41.501-0300] {processor.py:154} INFO - Started process (PID=13787) to work on /home/debian/etlhausz/venv/lib/python3.9/site-packages/airflow/example_dags/example_kubernetes_executor.py
[2022-11-06T22:08:41.503-0300] {processor.py:756} INFO - Processing file /home/debian/etlhausz/venv/lib/python3.9/site-packages/airflow/example_dags/example_kubernetes_executor.py for tasks to queue
[2022-11-06T22:08:41.504-0300] {logging_mixin.py:120} INFO - [2022-11-06T22:08:41.504-0300] {dagbag.py:537} INFO - Filling up the DagBag from /home/debian/etlhausz/venv/lib/python3.9/site-packages/airflow/example_dags/example_kubernetes_executor.py
[2022-11-06T22:08:41.518-0300] {logging_mixin.py:120} INFO - [2022-11-06T22:08:41.518-0300] {example_kubernetes_executor.py:41} WARNING - The example_kubernetes_executor example DAG requires the kubernetes provider. Please install it with: pip install apache-airflow[cncf.kubernetes]
[2022-11-06T22:08:41.518-0300] {processor.py:768} WARNING - No viable dags retrieved from /home/debian/etlhausz/venv/lib/python3.9/site-packages/airflow/example_dags/example_kubernetes_executor.py
[2022-11-06T22:08:41.545-0300] {processor.py:176} INFO - Processing /home/debian/etlhausz/venv/lib/python3.9/site-packages/airflow/example_dags/example_kubernetes_executor.py took 0.049 seconds
[2022-11-06T22:09:14.220-0300] {processor.py:154} INFO - Started process (PID=14458) to work on /home/debian/etlhausz/venv/lib/python3.9/site-packages/airflow/example_dags/example_kubernetes_executor.py
[2022-11-06T22:09:14.221-0300] {processor.py:756} INFO - Processing file /home/debian/etlhausz/venv/lib/python3.9/site-packages/airflow/example_dags/example_kubernetes_executor.py for tasks to queue
[2022-11-06T22:09:14.222-0300] {logging_mixin.py:120} INFO - [2022-11-06T22:09:14.222-0300] {dagbag.py:537} INFO - Filling up the DagBag from /home/debian/etlhausz/venv/lib/python3.9/site-packages/airflow/example_dags/example_kubernetes_executor.py
[2022-11-06T22:09:14.234-0300] {logging_mixin.py:120} INFO - [2022-11-06T22:09:14.234-0300] {example_kubernetes_executor.py:41} WARNING - The example_kubernetes_executor example DAG requires the kubernetes provider. Please install it with: pip install apache-airflow[cncf.kubernetes]
[2022-11-06T22:09:14.234-0300] {processor.py:768} WARNING - No viable dags retrieved from /home/debian/etlhausz/venv/lib/python3.9/site-packages/airflow/example_dags/example_kubernetes_executor.py
[2022-11-06T22:09:14.260-0300] {processor.py:176} INFO - Processing /home/debian/etlhausz/venv/lib/python3.9/site-packages/airflow/example_dags/example_kubernetes_executor.py took 0.044 seconds
[2022-11-06T22:09:46.644-0300] {processor.py:154} INFO - Started process (PID=15080) to work on /home/debian/etlhausz/venv/lib/python3.9/site-packages/airflow/example_dags/example_kubernetes_executor.py
[2022-11-06T22:09:46.645-0300] {processor.py:756} INFO - Processing file /home/debian/etlhausz/venv/lib/python3.9/site-packages/airflow/example_dags/example_kubernetes_executor.py for tasks to queue
[2022-11-06T22:09:46.647-0300] {logging_mixin.py:120} INFO - [2022-11-06T22:09:46.647-0300] {dagbag.py:537} INFO - Filling up the DagBag from /home/debian/etlhausz/venv/lib/python3.9/site-packages/airflow/example_dags/example_kubernetes_executor.py
[2022-11-06T22:09:46.665-0300] {logging_mixin.py:120} INFO - [2022-11-06T22:09:46.665-0300] {example_kubernetes_executor.py:41} WARNING - The example_kubernetes_executor example DAG requires the kubernetes provider. Please install it with: pip install apache-airflow[cncf.kubernetes]
[2022-11-06T22:09:46.665-0300] {processor.py:768} WARNING - No viable dags retrieved from /home/debian/etlhausz/venv/lib/python3.9/site-packages/airflow/example_dags/example_kubernetes_executor.py
[2022-11-06T22:09:46.700-0300] {processor.py:176} INFO - Processing /home/debian/etlhausz/venv/lib/python3.9/site-packages/airflow/example_dags/example_kubernetes_executor.py took 0.059 seconds
[2022-11-06T22:10:19.235-0300] {processor.py:154} INFO - Started process (PID=15685) to work on /home/debian/etlhausz/venv/lib/python3.9/site-packages/airflow/example_dags/example_kubernetes_executor.py
[2022-11-06T22:10:19.244-0300] {processor.py:756} INFO - Processing file /home/debian/etlhausz/venv/lib/python3.9/site-packages/airflow/example_dags/example_kubernetes_executor.py for tasks to queue
[2022-11-06T22:10:19.245-0300] {logging_mixin.py:120} INFO - [2022-11-06T22:10:19.245-0300] {dagbag.py:537} INFO - Filling up the DagBag from /home/debian/etlhausz/venv/lib/python3.9/site-packages/airflow/example_dags/example_kubernetes_executor.py
[2022-11-06T22:10:19.281-0300] {logging_mixin.py:120} INFO - [2022-11-06T22:10:19.281-0300] {example_kubernetes_executor.py:41} WARNING - The example_kubernetes_executor example DAG requires the kubernetes provider. Please install it with: pip install apache-airflow[cncf.kubernetes]
[2022-11-06T22:10:19.282-0300] {processor.py:768} WARNING - No viable dags retrieved from /home/debian/etlhausz/venv/lib/python3.9/site-packages/airflow/example_dags/example_kubernetes_executor.py
[2022-11-06T22:10:19.342-0300] {processor.py:176} INFO - Processing /home/debian/etlhausz/venv/lib/python3.9/site-packages/airflow/example_dags/example_kubernetes_executor.py took 0.109 seconds
[2022-11-06T22:10:50.998-0300] {processor.py:154} INFO - Started process (PID=16309) to work on /home/debian/etlhausz/venv/lib/python3.9/site-packages/airflow/example_dags/example_kubernetes_executor.py
[2022-11-06T22:10:51.000-0300] {processor.py:756} INFO - Processing file /home/debian/etlhausz/venv/lib/python3.9/site-packages/airflow/example_dags/example_kubernetes_executor.py for tasks to queue
[2022-11-06T22:10:51.001-0300] {logging_mixin.py:120} INFO - [2022-11-06T22:10:51.001-0300] {dagbag.py:537} INFO - Filling up the DagBag from /home/debian/etlhausz/venv/lib/python3.9/site-packages/airflow/example_dags/example_kubernetes_executor.py
[2022-11-06T22:10:51.016-0300] {logging_mixin.py:120} INFO - [2022-11-06T22:10:51.016-0300] {example_kubernetes_executor.py:41} WARNING - The example_kubernetes_executor example DAG requires the kubernetes provider. Please install it with: pip install apache-airflow[cncf.kubernetes]
[2022-11-06T22:10:51.017-0300] {processor.py:768} WARNING - No viable dags retrieved from /home/debian/etlhausz/venv/lib/python3.9/site-packages/airflow/example_dags/example_kubernetes_executor.py
[2022-11-06T22:10:51.045-0300] {processor.py:176} INFO - Processing /home/debian/etlhausz/venv/lib/python3.9/site-packages/airflow/example_dags/example_kubernetes_executor.py took 0.051 seconds
[2022-11-06T22:11:24.752-0300] {processor.py:154} INFO - Started process (PID=16901) to work on /home/debian/etlhausz/venv/lib/python3.9/site-packages/airflow/example_dags/example_kubernetes_executor.py
[2022-11-06T22:11:24.753-0300] {processor.py:756} INFO - Processing file /home/debian/etlhausz/venv/lib/python3.9/site-packages/airflow/example_dags/example_kubernetes_executor.py for tasks to queue
[2022-11-06T22:11:24.754-0300] {logging_mixin.py:120} INFO - [2022-11-06T22:11:24.753-0300] {dagbag.py:537} INFO - Filling up the DagBag from /home/debian/etlhausz/venv/lib/python3.9/site-packages/airflow/example_dags/example_kubernetes_executor.py
[2022-11-06T22:11:24.763-0300] {logging_mixin.py:120} INFO - [2022-11-06T22:11:24.763-0300] {example_kubernetes_executor.py:41} WARNING - The example_kubernetes_executor example DAG requires the kubernetes provider. Please install it with: pip install apache-airflow[cncf.kubernetes]
[2022-11-06T22:11:24.764-0300] {processor.py:768} WARNING - No viable dags retrieved from /home/debian/etlhausz/venv/lib/python3.9/site-packages/airflow/example_dags/example_kubernetes_executor.py
[2022-11-06T22:11:24.801-0300] {processor.py:176} INFO - Processing /home/debian/etlhausz/venv/lib/python3.9/site-packages/airflow/example_dags/example_kubernetes_executor.py took 0.054 seconds
[2022-11-06T22:12:01.850-0300] {processor.py:154} INFO - Started process (PID=17463) to work on /home/debian/etlhausz/venv/lib/python3.9/site-packages/airflow/example_dags/example_kubernetes_executor.py
[2022-11-06T22:12:01.852-0300] {processor.py:756} INFO - Processing file /home/debian/etlhausz/venv/lib/python3.9/site-packages/airflow/example_dags/example_kubernetes_executor.py for tasks to queue
[2022-11-06T22:12:01.853-0300] {logging_mixin.py:120} INFO - [2022-11-06T22:12:01.853-0300] {dagbag.py:537} INFO - Filling up the DagBag from /home/debian/etlhausz/venv/lib/python3.9/site-packages/airflow/example_dags/example_kubernetes_executor.py
[2022-11-06T22:12:01.880-0300] {logging_mixin.py:120} INFO - [2022-11-06T22:12:01.879-0300] {example_kubernetes_executor.py:41} WARNING - The example_kubernetes_executor example DAG requires the kubernetes provider. Please install it with: pip install apache-airflow[cncf.kubernetes]
[2022-11-06T22:12:01.880-0300] {processor.py:768} WARNING - No viable dags retrieved from /home/debian/etlhausz/venv/lib/python3.9/site-packages/airflow/example_dags/example_kubernetes_executor.py
[2022-11-06T22:12:01.899-0300] {processor.py:176} INFO - Processing /home/debian/etlhausz/venv/lib/python3.9/site-packages/airflow/example_dags/example_kubernetes_executor.py took 0.058 seconds
[2022-11-06T22:12:32.361-0300] {processor.py:154} INFO - Started process (PID=18057) to work on /home/debian/etlhausz/venv/lib/python3.9/site-packages/airflow/example_dags/example_kubernetes_executor.py
[2022-11-06T22:12:32.363-0300] {processor.py:756} INFO - Processing file /home/debian/etlhausz/venv/lib/python3.9/site-packages/airflow/example_dags/example_kubernetes_executor.py for tasks to queue
[2022-11-06T22:12:32.363-0300] {logging_mixin.py:120} INFO - [2022-11-06T22:12:32.363-0300] {dagbag.py:537} INFO - Filling up the DagBag from /home/debian/etlhausz/venv/lib/python3.9/site-packages/airflow/example_dags/example_kubernetes_executor.py
[2022-11-06T22:12:32.381-0300] {logging_mixin.py:120} INFO - [2022-11-06T22:12:32.381-0300] {example_kubernetes_executor.py:41} WARNING - The example_kubernetes_executor example DAG requires the kubernetes provider. Please install it with: pip install apache-airflow[cncf.kubernetes]
[2022-11-06T22:12:32.381-0300] {processor.py:768} WARNING - No viable dags retrieved from /home/debian/etlhausz/venv/lib/python3.9/site-packages/airflow/example_dags/example_kubernetes_executor.py
[2022-11-06T22:12:32.430-0300] {processor.py:176} INFO - Processing /home/debian/etlhausz/venv/lib/python3.9/site-packages/airflow/example_dags/example_kubernetes_executor.py took 0.071 seconds
[2022-11-06T22:13:03.418-0300] {processor.py:154} INFO - Started process (PID=18705) to work on /home/debian/etlhausz/venv/lib/python3.9/site-packages/airflow/example_dags/example_kubernetes_executor.py
[2022-11-06T22:13:03.420-0300] {processor.py:756} INFO - Processing file /home/debian/etlhausz/venv/lib/python3.9/site-packages/airflow/example_dags/example_kubernetes_executor.py for tasks to queue
[2022-11-06T22:13:03.421-0300] {logging_mixin.py:120} INFO - [2022-11-06T22:13:03.421-0300] {dagbag.py:537} INFO - Filling up the DagBag from /home/debian/etlhausz/venv/lib/python3.9/site-packages/airflow/example_dags/example_kubernetes_executor.py
[2022-11-06T22:13:03.434-0300] {logging_mixin.py:120} INFO - [2022-11-06T22:13:03.434-0300] {example_kubernetes_executor.py:41} WARNING - The example_kubernetes_executor example DAG requires the kubernetes provider. Please install it with: pip install apache-airflow[cncf.kubernetes]
[2022-11-06T22:13:03.434-0300] {processor.py:768} WARNING - No viable dags retrieved from /home/debian/etlhausz/venv/lib/python3.9/site-packages/airflow/example_dags/example_kubernetes_executor.py
[2022-11-06T22:13:03.461-0300] {processor.py:176} INFO - Processing /home/debian/etlhausz/venv/lib/python3.9/site-packages/airflow/example_dags/example_kubernetes_executor.py took 0.047 seconds
[2022-11-06T22:13:34.593-0300] {processor.py:154} INFO - Started process (PID=19303) to work on /home/debian/etlhausz/venv/lib/python3.9/site-packages/airflow/example_dags/example_kubernetes_executor.py
[2022-11-06T22:13:34.594-0300] {processor.py:756} INFO - Processing file /home/debian/etlhausz/venv/lib/python3.9/site-packages/airflow/example_dags/example_kubernetes_executor.py for tasks to queue
[2022-11-06T22:13:34.595-0300] {logging_mixin.py:120} INFO - [2022-11-06T22:13:34.594-0300] {dagbag.py:537} INFO - Filling up the DagBag from /home/debian/etlhausz/venv/lib/python3.9/site-packages/airflow/example_dags/example_kubernetes_executor.py
[2022-11-06T22:13:34.607-0300] {logging_mixin.py:120} INFO - [2022-11-06T22:13:34.607-0300] {example_kubernetes_executor.py:41} WARNING - The example_kubernetes_executor example DAG requires the kubernetes provider. Please install it with: pip install apache-airflow[cncf.kubernetes]
[2022-11-06T22:13:34.607-0300] {processor.py:768} WARNING - No viable dags retrieved from /home/debian/etlhausz/venv/lib/python3.9/site-packages/airflow/example_dags/example_kubernetes_executor.py
[2022-11-06T22:13:34.632-0300] {processor.py:176} INFO - Processing /home/debian/etlhausz/venv/lib/python3.9/site-packages/airflow/example_dags/example_kubernetes_executor.py took 0.042 seconds
[2022-11-06T22:14:06.707-0300] {processor.py:154} INFO - Started process (PID=19893) to work on /home/debian/etlhausz/venv/lib/python3.9/site-packages/airflow/example_dags/example_kubernetes_executor.py
[2022-11-06T22:14:06.709-0300] {processor.py:756} INFO - Processing file /home/debian/etlhausz/venv/lib/python3.9/site-packages/airflow/example_dags/example_kubernetes_executor.py for tasks to queue
[2022-11-06T22:14:06.710-0300] {logging_mixin.py:120} INFO - [2022-11-06T22:14:06.710-0300] {dagbag.py:537} INFO - Filling up the DagBag from /home/debian/etlhausz/venv/lib/python3.9/site-packages/airflow/example_dags/example_kubernetes_executor.py
[2022-11-06T22:14:06.721-0300] {logging_mixin.py:120} INFO - [2022-11-06T22:14:06.721-0300] {example_kubernetes_executor.py:41} WARNING - The example_kubernetes_executor example DAG requires the kubernetes provider. Please install it with: pip install apache-airflow[cncf.kubernetes]
[2022-11-06T22:14:06.722-0300] {processor.py:768} WARNING - No viable dags retrieved from /home/debian/etlhausz/venv/lib/python3.9/site-packages/airflow/example_dags/example_kubernetes_executor.py
[2022-11-06T22:14:06.750-0300] {processor.py:176} INFO - Processing /home/debian/etlhausz/venv/lib/python3.9/site-packages/airflow/example_dags/example_kubernetes_executor.py took 0.046 seconds
[2022-11-06T22:14:39.264-0300] {processor.py:154} INFO - Started process (PID=20514) to work on /home/debian/etlhausz/venv/lib/python3.9/site-packages/airflow/example_dags/example_kubernetes_executor.py
[2022-11-06T22:14:39.266-0300] {processor.py:756} INFO - Processing file /home/debian/etlhausz/venv/lib/python3.9/site-packages/airflow/example_dags/example_kubernetes_executor.py for tasks to queue
[2022-11-06T22:14:39.267-0300] {logging_mixin.py:120} INFO - [2022-11-06T22:14:39.267-0300] {dagbag.py:537} INFO - Filling up the DagBag from /home/debian/etlhausz/venv/lib/python3.9/site-packages/airflow/example_dags/example_kubernetes_executor.py
[2022-11-06T22:14:39.288-0300] {logging_mixin.py:120} INFO - [2022-11-06T22:14:39.287-0300] {example_kubernetes_executor.py:41} WARNING - The example_kubernetes_executor example DAG requires the kubernetes provider. Please install it with: pip install apache-airflow[cncf.kubernetes]
[2022-11-06T22:14:39.288-0300] {processor.py:768} WARNING - No viable dags retrieved from /home/debian/etlhausz/venv/lib/python3.9/site-packages/airflow/example_dags/example_kubernetes_executor.py
[2022-11-06T22:14:39.324-0300] {processor.py:176} INFO - Processing /home/debian/etlhausz/venv/lib/python3.9/site-packages/airflow/example_dags/example_kubernetes_executor.py took 0.067 seconds
[2022-11-06T22:15:10.531-0300] {processor.py:154} INFO - Started process (PID=21101) to work on /home/debian/etlhausz/venv/lib/python3.9/site-packages/airflow/example_dags/example_kubernetes_executor.py
[2022-11-06T22:15:10.532-0300] {processor.py:756} INFO - Processing file /home/debian/etlhausz/venv/lib/python3.9/site-packages/airflow/example_dags/example_kubernetes_executor.py for tasks to queue
[2022-11-06T22:15:10.533-0300] {logging_mixin.py:120} INFO - [2022-11-06T22:15:10.533-0300] {dagbag.py:537} INFO - Filling up the DagBag from /home/debian/etlhausz/venv/lib/python3.9/site-packages/airflow/example_dags/example_kubernetes_executor.py
[2022-11-06T22:15:10.545-0300] {logging_mixin.py:120} INFO - [2022-11-06T22:15:10.545-0300] {example_kubernetes_executor.py:41} WARNING - The example_kubernetes_executor example DAG requires the kubernetes provider. Please install it with: pip install apache-airflow[cncf.kubernetes]
[2022-11-06T22:15:10.545-0300] {processor.py:768} WARNING - No viable dags retrieved from /home/debian/etlhausz/venv/lib/python3.9/site-packages/airflow/example_dags/example_kubernetes_executor.py
[2022-11-06T22:15:10.568-0300] {processor.py:176} INFO - Processing /home/debian/etlhausz/venv/lib/python3.9/site-packages/airflow/example_dags/example_kubernetes_executor.py took 0.040 seconds
[2022-11-06T22:15:43.776-0300] {processor.py:154} INFO - Started process (PID=21786) to work on /home/debian/etlhausz/venv/lib/python3.9/site-packages/airflow/example_dags/example_kubernetes_executor.py
[2022-11-06T22:15:43.778-0300] {processor.py:756} INFO - Processing file /home/debian/etlhausz/venv/lib/python3.9/site-packages/airflow/example_dags/example_kubernetes_executor.py for tasks to queue
[2022-11-06T22:15:43.779-0300] {logging_mixin.py:120} INFO - [2022-11-06T22:15:43.779-0300] {dagbag.py:537} INFO - Filling up the DagBag from /home/debian/etlhausz/venv/lib/python3.9/site-packages/airflow/example_dags/example_kubernetes_executor.py
[2022-11-06T22:15:43.791-0300] {logging_mixin.py:120} INFO - [2022-11-06T22:15:43.791-0300] {example_kubernetes_executor.py:41} WARNING - The example_kubernetes_executor example DAG requires the kubernetes provider. Please install it with: pip install apache-airflow[cncf.kubernetes]
[2022-11-06T22:15:43.791-0300] {processor.py:768} WARNING - No viable dags retrieved from /home/debian/etlhausz/venv/lib/python3.9/site-packages/airflow/example_dags/example_kubernetes_executor.py
[2022-11-06T22:15:43.814-0300] {processor.py:176} INFO - Processing /home/debian/etlhausz/venv/lib/python3.9/site-packages/airflow/example_dags/example_kubernetes_executor.py took 0.041 seconds
[2022-11-06T22:16:15.955-0300] {processor.py:154} INFO - Started process (PID=22409) to work on /home/debian/etlhausz/venv/lib/python3.9/site-packages/airflow/example_dags/example_kubernetes_executor.py
[2022-11-06T22:16:15.956-0300] {processor.py:756} INFO - Processing file /home/debian/etlhausz/venv/lib/python3.9/site-packages/airflow/example_dags/example_kubernetes_executor.py for tasks to queue
[2022-11-06T22:16:15.956-0300] {logging_mixin.py:120} INFO - [2022-11-06T22:16:15.956-0300] {dagbag.py:537} INFO - Filling up the DagBag from /home/debian/etlhausz/venv/lib/python3.9/site-packages/airflow/example_dags/example_kubernetes_executor.py
[2022-11-06T22:16:15.970-0300] {logging_mixin.py:120} INFO - [2022-11-06T22:16:15.970-0300] {example_kubernetes_executor.py:41} WARNING - The example_kubernetes_executor example DAG requires the kubernetes provider. Please install it with: pip install apache-airflow[cncf.kubernetes]
[2022-11-06T22:16:15.971-0300] {processor.py:768} WARNING - No viable dags retrieved from /home/debian/etlhausz/venv/lib/python3.9/site-packages/airflow/example_dags/example_kubernetes_executor.py
[2022-11-06T22:16:15.996-0300] {processor.py:176} INFO - Processing /home/debian/etlhausz/venv/lib/python3.9/site-packages/airflow/example_dags/example_kubernetes_executor.py took 0.045 seconds
[2022-11-06T22:16:49.376-0300] {processor.py:154} INFO - Started process (PID=23033) to work on /home/debian/etlhausz/venv/lib/python3.9/site-packages/airflow/example_dags/example_kubernetes_executor.py
[2022-11-06T22:16:49.377-0300] {processor.py:756} INFO - Processing file /home/debian/etlhausz/venv/lib/python3.9/site-packages/airflow/example_dags/example_kubernetes_executor.py for tasks to queue
[2022-11-06T22:16:49.379-0300] {logging_mixin.py:120} INFO - [2022-11-06T22:16:49.378-0300] {dagbag.py:537} INFO - Filling up the DagBag from /home/debian/etlhausz/venv/lib/python3.9/site-packages/airflow/example_dags/example_kubernetes_executor.py
[2022-11-06T22:16:49.397-0300] {logging_mixin.py:120} INFO - [2022-11-06T22:16:49.397-0300] {example_kubernetes_executor.py:41} WARNING - The example_kubernetes_executor example DAG requires the kubernetes provider. Please install it with: pip install apache-airflow[cncf.kubernetes]
[2022-11-06T22:16:49.397-0300] {processor.py:768} WARNING - No viable dags retrieved from /home/debian/etlhausz/venv/lib/python3.9/site-packages/airflow/example_dags/example_kubernetes_executor.py
[2022-11-06T22:16:49.441-0300] {processor.py:176} INFO - Processing /home/debian/etlhausz/venv/lib/python3.9/site-packages/airflow/example_dags/example_kubernetes_executor.py took 0.068 seconds
[2022-11-06T22:17:20.799-0300] {processor.py:154} INFO - Started process (PID=23655) to work on /home/debian/etlhausz/venv/lib/python3.9/site-packages/airflow/example_dags/example_kubernetes_executor.py
[2022-11-06T22:17:20.803-0300] {processor.py:756} INFO - Processing file /home/debian/etlhausz/venv/lib/python3.9/site-packages/airflow/example_dags/example_kubernetes_executor.py for tasks to queue
[2022-11-06T22:17:20.804-0300] {logging_mixin.py:120} INFO - [2022-11-06T22:17:20.804-0300] {dagbag.py:537} INFO - Filling up the DagBag from /home/debian/etlhausz/venv/lib/python3.9/site-packages/airflow/example_dags/example_kubernetes_executor.py
[2022-11-06T22:17:20.950-0300] {logging_mixin.py:120} INFO - [2022-11-06T22:17:20.950-0300] {example_kubernetes_executor.py:41} WARNING - The example_kubernetes_executor example DAG requires the kubernetes provider. Please install it with: pip install apache-airflow[cncf.kubernetes]
[2022-11-06T22:17:20.950-0300] {processor.py:768} WARNING - No viable dags retrieved from /home/debian/etlhausz/venv/lib/python3.9/site-packages/airflow/example_dags/example_kubernetes_executor.py
[2022-11-06T22:17:20.982-0300] {processor.py:176} INFO - Processing /home/debian/etlhausz/venv/lib/python3.9/site-packages/airflow/example_dags/example_kubernetes_executor.py took 0.186 seconds
[2022-11-06T22:17:52.319-0300] {processor.py:154} INFO - Started process (PID=24298) to work on /home/debian/etlhausz/venv/lib/python3.9/site-packages/airflow/example_dags/example_kubernetes_executor.py
[2022-11-06T22:17:52.320-0300] {processor.py:756} INFO - Processing file /home/debian/etlhausz/venv/lib/python3.9/site-packages/airflow/example_dags/example_kubernetes_executor.py for tasks to queue
[2022-11-06T22:17:52.324-0300] {logging_mixin.py:120} INFO - [2022-11-06T22:17:52.323-0300] {dagbag.py:537} INFO - Filling up the DagBag from /home/debian/etlhausz/venv/lib/python3.9/site-packages/airflow/example_dags/example_kubernetes_executor.py
[2022-11-06T22:17:52.336-0300] {logging_mixin.py:120} INFO - [2022-11-06T22:17:52.336-0300] {example_kubernetes_executor.py:41} WARNING - The example_kubernetes_executor example DAG requires the kubernetes provider. Please install it with: pip install apache-airflow[cncf.kubernetes]
[2022-11-06T22:17:52.337-0300] {processor.py:768} WARNING - No viable dags retrieved from /home/debian/etlhausz/venv/lib/python3.9/site-packages/airflow/example_dags/example_kubernetes_executor.py
[2022-11-06T22:17:52.363-0300] {processor.py:176} INFO - Processing /home/debian/etlhausz/venv/lib/python3.9/site-packages/airflow/example_dags/example_kubernetes_executor.py took 0.049 seconds
[2022-11-06T22:18:23.508-0300] {processor.py:154} INFO - Started process (PID=24942) to work on /home/debian/etlhausz/venv/lib/python3.9/site-packages/airflow/example_dags/example_kubernetes_executor.py
[2022-11-06T22:18:23.510-0300] {processor.py:756} INFO - Processing file /home/debian/etlhausz/venv/lib/python3.9/site-packages/airflow/example_dags/example_kubernetes_executor.py for tasks to queue
[2022-11-06T22:18:23.511-0300] {logging_mixin.py:120} INFO - [2022-11-06T22:18:23.511-0300] {dagbag.py:537} INFO - Filling up the DagBag from /home/debian/etlhausz/venv/lib/python3.9/site-packages/airflow/example_dags/example_kubernetes_executor.py
[2022-11-06T22:18:23.522-0300] {logging_mixin.py:120} INFO - [2022-11-06T22:18:23.522-0300] {example_kubernetes_executor.py:41} WARNING - The example_kubernetes_executor example DAG requires the kubernetes provider. Please install it with: pip install apache-airflow[cncf.kubernetes]
[2022-11-06T22:18:23.523-0300] {processor.py:768} WARNING - No viable dags retrieved from /home/debian/etlhausz/venv/lib/python3.9/site-packages/airflow/example_dags/example_kubernetes_executor.py
[2022-11-06T22:18:23.554-0300] {processor.py:176} INFO - Processing /home/debian/etlhausz/venv/lib/python3.9/site-packages/airflow/example_dags/example_kubernetes_executor.py took 0.048 seconds
[2022-11-06T22:18:59.729-0300] {processor.py:154} INFO - Started process (PID=25641) to work on /home/debian/etlhausz/venv/lib/python3.9/site-packages/airflow/example_dags/example_kubernetes_executor.py
[2022-11-06T22:18:59.735-0300] {processor.py:756} INFO - Processing file /home/debian/etlhausz/venv/lib/python3.9/site-packages/airflow/example_dags/example_kubernetes_executor.py for tasks to queue
[2022-11-06T22:18:59.737-0300] {logging_mixin.py:120} INFO - [2022-11-06T22:18:59.736-0300] {dagbag.py:537} INFO - Filling up the DagBag from /home/debian/etlhausz/venv/lib/python3.9/site-packages/airflow/example_dags/example_kubernetes_executor.py
[2022-11-06T22:18:59.753-0300] {logging_mixin.py:120} INFO - [2022-11-06T22:18:59.753-0300] {example_kubernetes_executor.py:41} WARNING - The example_kubernetes_executor example DAG requires the kubernetes provider. Please install it with: pip install apache-airflow[cncf.kubernetes]
[2022-11-06T22:18:59.753-0300] {processor.py:768} WARNING - No viable dags retrieved from /home/debian/etlhausz/venv/lib/python3.9/site-packages/airflow/example_dags/example_kubernetes_executor.py
[2022-11-06T22:18:59.800-0300] {processor.py:176} INFO - Processing /home/debian/etlhausz/venv/lib/python3.9/site-packages/airflow/example_dags/example_kubernetes_executor.py took 0.077 seconds
[2022-11-06T22:19:21.439-0300] {processor.py:154} INFO - Started process (PID=26330) to work on /home/debian/etlhausz/venv/lib/python3.9/site-packages/airflow/example_dags/example_kubernetes_executor.py
[2022-11-06T22:19:21.440-0300] {processor.py:756} INFO - Processing file /home/debian/etlhausz/venv/lib/python3.9/site-packages/airflow/example_dags/example_kubernetes_executor.py for tasks to queue
[2022-11-06T22:19:21.441-0300] {logging_mixin.py:120} INFO - [2022-11-06T22:19:21.441-0300] {dagbag.py:537} INFO - Filling up the DagBag from /home/debian/etlhausz/venv/lib/python3.9/site-packages/airflow/example_dags/example_kubernetes_executor.py
[2022-11-06T22:19:21.471-0300] {logging_mixin.py:120} INFO - [2022-11-06T22:19:21.471-0300] {example_kubernetes_executor.py:41} WARNING - The example_kubernetes_executor example DAG requires the kubernetes provider. Please install it with: pip install apache-airflow[cncf.kubernetes]
[2022-11-06T22:19:21.472-0300] {processor.py:768} WARNING - No viable dags retrieved from /home/debian/etlhausz/venv/lib/python3.9/site-packages/airflow/example_dags/example_kubernetes_executor.py
[2022-11-06T22:19:21.493-0300] {processor.py:176} INFO - Processing /home/debian/etlhausz/venv/lib/python3.9/site-packages/airflow/example_dags/example_kubernetes_executor.py took 0.064 seconds
[2022-11-06T22:19:51.984-0300] {processor.py:154} INFO - Started process (PID=26916) to work on /home/debian/etlhausz/venv/lib/python3.9/site-packages/airflow/example_dags/example_kubernetes_executor.py
[2022-11-06T22:19:51.986-0300] {processor.py:756} INFO - Processing file /home/debian/etlhausz/venv/lib/python3.9/site-packages/airflow/example_dags/example_kubernetes_executor.py for tasks to queue
[2022-11-06T22:19:51.986-0300] {logging_mixin.py:120} INFO - [2022-11-06T22:19:51.986-0300] {dagbag.py:537} INFO - Filling up the DagBag from /home/debian/etlhausz/venv/lib/python3.9/site-packages/airflow/example_dags/example_kubernetes_executor.py
[2022-11-06T22:19:52.000-0300] {logging_mixin.py:120} INFO - [2022-11-06T22:19:52.000-0300] {example_kubernetes_executor.py:41} WARNING - The example_kubernetes_executor example DAG requires the kubernetes provider. Please install it with: pip install apache-airflow[cncf.kubernetes]
[2022-11-06T22:19:52.000-0300] {processor.py:768} WARNING - No viable dags retrieved from /home/debian/etlhausz/venv/lib/python3.9/site-packages/airflow/example_dags/example_kubernetes_executor.py
[2022-11-06T22:19:52.026-0300] {processor.py:176} INFO - Processing /home/debian/etlhausz/venv/lib/python3.9/site-packages/airflow/example_dags/example_kubernetes_executor.py took 0.044 seconds
[2022-11-06T22:20:23.441-0300] {processor.py:154} INFO - Started process (PID=27689) to work on /home/debian/etlhausz/venv/lib/python3.9/site-packages/airflow/example_dags/example_kubernetes_executor.py
[2022-11-06T22:20:23.442-0300] {processor.py:756} INFO - Processing file /home/debian/etlhausz/venv/lib/python3.9/site-packages/airflow/example_dags/example_kubernetes_executor.py for tasks to queue
[2022-11-06T22:20:23.444-0300] {logging_mixin.py:120} INFO - [2022-11-06T22:20:23.444-0300] {dagbag.py:537} INFO - Filling up the DagBag from /home/debian/etlhausz/venv/lib/python3.9/site-packages/airflow/example_dags/example_kubernetes_executor.py
[2022-11-06T22:20:23.456-0300] {logging_mixin.py:120} INFO - [2022-11-06T22:20:23.454-0300] {example_kubernetes_executor.py:41} WARNING - The example_kubernetes_executor example DAG requires the kubernetes provider. Please install it with: pip install apache-airflow[cncf.kubernetes]
[2022-11-06T22:20:23.457-0300] {processor.py:768} WARNING - No viable dags retrieved from /home/debian/etlhausz/venv/lib/python3.9/site-packages/airflow/example_dags/example_kubernetes_executor.py
[2022-11-06T22:20:23.484-0300] {processor.py:176} INFO - Processing /home/debian/etlhausz/venv/lib/python3.9/site-packages/airflow/example_dags/example_kubernetes_executor.py took 0.045 seconds
[2022-11-06T22:20:55.817-0300] {processor.py:154} INFO - Started process (PID=28372) to work on /home/debian/etlhausz/venv/lib/python3.9/site-packages/airflow/example_dags/example_kubernetes_executor.py
[2022-11-06T22:20:55.819-0300] {processor.py:756} INFO - Processing file /home/debian/etlhausz/venv/lib/python3.9/site-packages/airflow/example_dags/example_kubernetes_executor.py for tasks to queue
[2022-11-06T22:20:55.820-0300] {logging_mixin.py:120} INFO - [2022-11-06T22:20:55.819-0300] {dagbag.py:537} INFO - Filling up the DagBag from /home/debian/etlhausz/venv/lib/python3.9/site-packages/airflow/example_dags/example_kubernetes_executor.py
[2022-11-06T22:20:55.832-0300] {logging_mixin.py:120} INFO - [2022-11-06T22:20:55.831-0300] {example_kubernetes_executor.py:41} WARNING - The example_kubernetes_executor example DAG requires the kubernetes provider. Please install it with: pip install apache-airflow[cncf.kubernetes]
[2022-11-06T22:20:55.833-0300] {processor.py:768} WARNING - No viable dags retrieved from /home/debian/etlhausz/venv/lib/python3.9/site-packages/airflow/example_dags/example_kubernetes_executor.py
[2022-11-06T22:20:55.872-0300] {processor.py:176} INFO - Processing /home/debian/etlhausz/venv/lib/python3.9/site-packages/airflow/example_dags/example_kubernetes_executor.py took 0.057 seconds
[2022-11-06T22:21:29.597-0300] {processor.py:154} INFO - Started process (PID=29001) to work on /home/debian/etlhausz/venv/lib/python3.9/site-packages/airflow/example_dags/example_kubernetes_executor.py
[2022-11-06T22:21:29.599-0300] {processor.py:756} INFO - Processing file /home/debian/etlhausz/venv/lib/python3.9/site-packages/airflow/example_dags/example_kubernetes_executor.py for tasks to queue
[2022-11-06T22:21:29.600-0300] {logging_mixin.py:120} INFO - [2022-11-06T22:21:29.600-0300] {dagbag.py:537} INFO - Filling up the DagBag from /home/debian/etlhausz/venv/lib/python3.9/site-packages/airflow/example_dags/example_kubernetes_executor.py
[2022-11-06T22:21:29.614-0300] {logging_mixin.py:120} INFO - [2022-11-06T22:21:29.614-0300] {example_kubernetes_executor.py:41} WARNING - The example_kubernetes_executor example DAG requires the kubernetes provider. Please install it with: pip install apache-airflow[cncf.kubernetes]
[2022-11-06T22:21:29.615-0300] {processor.py:768} WARNING - No viable dags retrieved from /home/debian/etlhausz/venv/lib/python3.9/site-packages/airflow/example_dags/example_kubernetes_executor.py
[2022-11-06T22:21:29.640-0300] {processor.py:176} INFO - Processing /home/debian/etlhausz/venv/lib/python3.9/site-packages/airflow/example_dags/example_kubernetes_executor.py took 0.055 seconds
[2022-11-06T22:22:02.846-0300] {processor.py:154} INFO - Started process (PID=29544) to work on /home/debian/etlhausz/venv/lib/python3.9/site-packages/airflow/example_dags/example_kubernetes_executor.py
[2022-11-06T22:22:02.847-0300] {processor.py:756} INFO - Processing file /home/debian/etlhausz/venv/lib/python3.9/site-packages/airflow/example_dags/example_kubernetes_executor.py for tasks to queue
[2022-11-06T22:22:02.848-0300] {logging_mixin.py:120} INFO - [2022-11-06T22:22:02.848-0300] {dagbag.py:537} INFO - Filling up the DagBag from /home/debian/etlhausz/venv/lib/python3.9/site-packages/airflow/example_dags/example_kubernetes_executor.py
[2022-11-06T22:22:02.859-0300] {logging_mixin.py:120} INFO - [2022-11-06T22:22:02.859-0300] {example_kubernetes_executor.py:41} WARNING - The example_kubernetes_executor example DAG requires the kubernetes provider. Please install it with: pip install apache-airflow[cncf.kubernetes]
[2022-11-06T22:22:02.860-0300] {processor.py:768} WARNING - No viable dags retrieved from /home/debian/etlhausz/venv/lib/python3.9/site-packages/airflow/example_dags/example_kubernetes_executor.py
[2022-11-06T22:22:02.882-0300] {processor.py:176} INFO - Processing /home/debian/etlhausz/venv/lib/python3.9/site-packages/airflow/example_dags/example_kubernetes_executor.py took 0.039 seconds
[2022-11-06T22:22:33.225-0300] {processor.py:154} INFO - Started process (PID=30191) to work on /home/debian/etlhausz/venv/lib/python3.9/site-packages/airflow/example_dags/example_kubernetes_executor.py
[2022-11-06T22:22:33.231-0300] {processor.py:756} INFO - Processing file /home/debian/etlhausz/venv/lib/python3.9/site-packages/airflow/example_dags/example_kubernetes_executor.py for tasks to queue
[2022-11-06T22:22:33.231-0300] {logging_mixin.py:120} INFO - [2022-11-06T22:22:33.231-0300] {dagbag.py:537} INFO - Filling up the DagBag from /home/debian/etlhausz/venv/lib/python3.9/site-packages/airflow/example_dags/example_kubernetes_executor.py
[2022-11-06T22:22:33.260-0300] {logging_mixin.py:120} INFO - [2022-11-06T22:22:33.259-0300] {example_kubernetes_executor.py:41} WARNING - The example_kubernetes_executor example DAG requires the kubernetes provider. Please install it with: pip install apache-airflow[cncf.kubernetes]
[2022-11-06T22:22:33.263-0300] {processor.py:768} WARNING - No viable dags retrieved from /home/debian/etlhausz/venv/lib/python3.9/site-packages/airflow/example_dags/example_kubernetes_executor.py
[2022-11-06T22:22:33.287-0300] {processor.py:176} INFO - Processing /home/debian/etlhausz/venv/lib/python3.9/site-packages/airflow/example_dags/example_kubernetes_executor.py took 0.066 seconds
[2022-11-06T22:23:11.160-0300] {processor.py:154} INFO - Started process (PID=31017) to work on /home/debian/etlhausz/venv/lib/python3.9/site-packages/airflow/example_dags/example_kubernetes_executor.py
[2022-11-06T22:23:11.162-0300] {processor.py:756} INFO - Processing file /home/debian/etlhausz/venv/lib/python3.9/site-packages/airflow/example_dags/example_kubernetes_executor.py for tasks to queue
[2022-11-06T22:23:11.163-0300] {logging_mixin.py:120} INFO - [2022-11-06T22:23:11.163-0300] {dagbag.py:537} INFO - Filling up the DagBag from /home/debian/etlhausz/venv/lib/python3.9/site-packages/airflow/example_dags/example_kubernetes_executor.py
[2022-11-06T22:23:11.206-0300] {logging_mixin.py:120} INFO - [2022-11-06T22:23:11.206-0300] {example_kubernetes_executor.py:41} WARNING - The example_kubernetes_executor example DAG requires the kubernetes provider. Please install it with: pip install apache-airflow[cncf.kubernetes]
[2022-11-06T22:23:11.206-0300] {processor.py:768} WARNING - No viable dags retrieved from /home/debian/etlhausz/venv/lib/python3.9/site-packages/airflow/example_dags/example_kubernetes_executor.py
[2022-11-06T22:23:11.266-0300] {processor.py:176} INFO - Processing /home/debian/etlhausz/venv/lib/python3.9/site-packages/airflow/example_dags/example_kubernetes_executor.py took 0.110 seconds
[2022-11-06T22:23:42.415-0300] {processor.py:154} INFO - Started process (PID=31559) to work on /home/debian/etlhausz/venv/lib/python3.9/site-packages/airflow/example_dags/example_kubernetes_executor.py
[2022-11-06T22:23:42.420-0300] {processor.py:756} INFO - Processing file /home/debian/etlhausz/venv/lib/python3.9/site-packages/airflow/example_dags/example_kubernetes_executor.py for tasks to queue
[2022-11-06T22:23:42.421-0300] {logging_mixin.py:120} INFO - [2022-11-06T22:23:42.421-0300] {dagbag.py:537} INFO - Filling up the DagBag from /home/debian/etlhausz/venv/lib/python3.9/site-packages/airflow/example_dags/example_kubernetes_executor.py
[2022-11-06T22:23:42.439-0300] {logging_mixin.py:120} INFO - [2022-11-06T22:23:42.439-0300] {example_kubernetes_executor.py:41} WARNING - The example_kubernetes_executor example DAG requires the kubernetes provider. Please install it with: pip install apache-airflow[cncf.kubernetes]
[2022-11-06T22:23:42.439-0300] {processor.py:768} WARNING - No viable dags retrieved from /home/debian/etlhausz/venv/lib/python3.9/site-packages/airflow/example_dags/example_kubernetes_executor.py
[2022-11-06T22:23:42.465-0300] {processor.py:176} INFO - Processing /home/debian/etlhausz/venv/lib/python3.9/site-packages/airflow/example_dags/example_kubernetes_executor.py took 0.054 seconds
[2022-11-06T22:24:14.171-0300] {processor.py:154} INFO - Started process (PID=32217) to work on /home/debian/etlhausz/venv/lib/python3.9/site-packages/airflow/example_dags/example_kubernetes_executor.py
[2022-11-06T22:24:14.177-0300] {processor.py:756} INFO - Processing file /home/debian/etlhausz/venv/lib/python3.9/site-packages/airflow/example_dags/example_kubernetes_executor.py for tasks to queue
[2022-11-06T22:24:14.179-0300] {logging_mixin.py:120} INFO - [2022-11-06T22:24:14.178-0300] {dagbag.py:537} INFO - Filling up the DagBag from /home/debian/etlhausz/venv/lib/python3.9/site-packages/airflow/example_dags/example_kubernetes_executor.py
[2022-11-06T22:24:14.208-0300] {logging_mixin.py:120} INFO - [2022-11-06T22:24:14.208-0300] {example_kubernetes_executor.py:41} WARNING - The example_kubernetes_executor example DAG requires the kubernetes provider. Please install it with: pip install apache-airflow[cncf.kubernetes]
[2022-11-06T22:24:14.208-0300] {processor.py:768} WARNING - No viable dags retrieved from /home/debian/etlhausz/venv/lib/python3.9/site-packages/airflow/example_dags/example_kubernetes_executor.py
[2022-11-06T22:24:14.318-0300] {processor.py:176} INFO - Processing /home/debian/etlhausz/venv/lib/python3.9/site-packages/airflow/example_dags/example_kubernetes_executor.py took 0.154 seconds
[2022-11-06T22:24:44.683-0300] {processor.py:154} INFO - Started process (PID=32821) to work on /home/debian/etlhausz/venv/lib/python3.9/site-packages/airflow/example_dags/example_kubernetes_executor.py
[2022-11-06T22:24:44.687-0300] {processor.py:756} INFO - Processing file /home/debian/etlhausz/venv/lib/python3.9/site-packages/airflow/example_dags/example_kubernetes_executor.py for tasks to queue
[2022-11-06T22:24:44.689-0300] {logging_mixin.py:120} INFO - [2022-11-06T22:24:44.688-0300] {dagbag.py:537} INFO - Filling up the DagBag from /home/debian/etlhausz/venv/lib/python3.9/site-packages/airflow/example_dags/example_kubernetes_executor.py
[2022-11-06T22:24:44.704-0300] {logging_mixin.py:120} INFO - [2022-11-06T22:24:44.704-0300] {example_kubernetes_executor.py:41} WARNING - The example_kubernetes_executor example DAG requires the kubernetes provider. Please install it with: pip install apache-airflow[cncf.kubernetes]
[2022-11-06T22:24:44.705-0300] {processor.py:768} WARNING - No viable dags retrieved from /home/debian/etlhausz/venv/lib/python3.9/site-packages/airflow/example_dags/example_kubernetes_executor.py
[2022-11-06T22:24:44.727-0300] {processor.py:176} INFO - Processing /home/debian/etlhausz/venv/lib/python3.9/site-packages/airflow/example_dags/example_kubernetes_executor.py took 0.056 seconds
[2022-11-06T22:25:17.322-0300] {processor.py:154} INFO - Started process (PID=33498) to work on /home/debian/etlhausz/venv/lib/python3.9/site-packages/airflow/example_dags/example_kubernetes_executor.py
[2022-11-06T22:25:17.325-0300] {processor.py:756} INFO - Processing file /home/debian/etlhausz/venv/lib/python3.9/site-packages/airflow/example_dags/example_kubernetes_executor.py for tasks to queue
[2022-11-06T22:25:17.328-0300] {logging_mixin.py:120} INFO - [2022-11-06T22:25:17.328-0300] {dagbag.py:537} INFO - Filling up the DagBag from /home/debian/etlhausz/venv/lib/python3.9/site-packages/airflow/example_dags/example_kubernetes_executor.py
[2022-11-06T22:25:17.356-0300] {logging_mixin.py:120} INFO - [2022-11-06T22:25:17.356-0300] {example_kubernetes_executor.py:41} WARNING - The example_kubernetes_executor example DAG requires the kubernetes provider. Please install it with: pip install apache-airflow[cncf.kubernetes]
[2022-11-06T22:25:17.356-0300] {processor.py:768} WARNING - No viable dags retrieved from /home/debian/etlhausz/venv/lib/python3.9/site-packages/airflow/example_dags/example_kubernetes_executor.py
[2022-11-06T22:25:17.380-0300] {processor.py:176} INFO - Processing /home/debian/etlhausz/venv/lib/python3.9/site-packages/airflow/example_dags/example_kubernetes_executor.py took 0.061 seconds
[2022-11-06T22:25:48.005-0300] {processor.py:154} INFO - Started process (PID=34044) to work on /home/debian/etlhausz/venv/lib/python3.9/site-packages/airflow/example_dags/example_kubernetes_executor.py
[2022-11-06T22:25:48.010-0300] {processor.py:756} INFO - Processing file /home/debian/etlhausz/venv/lib/python3.9/site-packages/airflow/example_dags/example_kubernetes_executor.py for tasks to queue
[2022-11-06T22:25:48.010-0300] {logging_mixin.py:120} INFO - [2022-11-06T22:25:48.010-0300] {dagbag.py:537} INFO - Filling up the DagBag from /home/debian/etlhausz/venv/lib/python3.9/site-packages/airflow/example_dags/example_kubernetes_executor.py
[2022-11-06T22:25:48.043-0300] {logging_mixin.py:120} INFO - [2022-11-06T22:25:48.043-0300] {example_kubernetes_executor.py:41} WARNING - The example_kubernetes_executor example DAG requires the kubernetes provider. Please install it with: pip install apache-airflow[cncf.kubernetes]
[2022-11-06T22:25:48.045-0300] {processor.py:768} WARNING - No viable dags retrieved from /home/debian/etlhausz/venv/lib/python3.9/site-packages/airflow/example_dags/example_kubernetes_executor.py
[2022-11-06T22:25:48.100-0300] {processor.py:176} INFO - Processing /home/debian/etlhausz/venv/lib/python3.9/site-packages/airflow/example_dags/example_kubernetes_executor.py took 0.104 seconds
[2022-11-06T22:26:19.592-0300] {processor.py:154} INFO - Started process (PID=34588) to work on /home/debian/etlhausz/venv/lib/python3.9/site-packages/airflow/example_dags/example_kubernetes_executor.py
[2022-11-06T22:26:19.594-0300] {processor.py:756} INFO - Processing file /home/debian/etlhausz/venv/lib/python3.9/site-packages/airflow/example_dags/example_kubernetes_executor.py for tasks to queue
[2022-11-06T22:26:19.595-0300] {logging_mixin.py:120} INFO - [2022-11-06T22:26:19.594-0300] {dagbag.py:537} INFO - Filling up the DagBag from /home/debian/etlhausz/venv/lib/python3.9/site-packages/airflow/example_dags/example_kubernetes_executor.py
[2022-11-06T22:26:19.607-0300] {logging_mixin.py:120} INFO - [2022-11-06T22:26:19.607-0300] {example_kubernetes_executor.py:41} WARNING - The example_kubernetes_executor example DAG requires the kubernetes provider. Please install it with: pip install apache-airflow[cncf.kubernetes]
[2022-11-06T22:26:19.608-0300] {processor.py:768} WARNING - No viable dags retrieved from /home/debian/etlhausz/venv/lib/python3.9/site-packages/airflow/example_dags/example_kubernetes_executor.py
[2022-11-06T22:26:19.640-0300] {processor.py:176} INFO - Processing /home/debian/etlhausz/venv/lib/python3.9/site-packages/airflow/example_dags/example_kubernetes_executor.py took 0.052 seconds
[2022-11-06T22:26:50.716-0300] {processor.py:154} INFO - Started process (PID=35069) to work on /home/debian/etlhausz/venv/lib/python3.9/site-packages/airflow/example_dags/example_kubernetes_executor.py
[2022-11-06T22:26:50.717-0300] {processor.py:756} INFO - Processing file /home/debian/etlhausz/venv/lib/python3.9/site-packages/airflow/example_dags/example_kubernetes_executor.py for tasks to queue
[2022-11-06T22:26:50.718-0300] {logging_mixin.py:120} INFO - [2022-11-06T22:26:50.718-0300] {dagbag.py:537} INFO - Filling up the DagBag from /home/debian/etlhausz/venv/lib/python3.9/site-packages/airflow/example_dags/example_kubernetes_executor.py
[2022-11-06T22:26:50.729-0300] {logging_mixin.py:120} INFO - [2022-11-06T22:26:50.729-0300] {example_kubernetes_executor.py:41} WARNING - The example_kubernetes_executor example DAG requires the kubernetes provider. Please install it with: pip install apache-airflow[cncf.kubernetes]
[2022-11-06T22:26:50.729-0300] {processor.py:768} WARNING - No viable dags retrieved from /home/debian/etlhausz/venv/lib/python3.9/site-packages/airflow/example_dags/example_kubernetes_executor.py
[2022-11-06T22:26:50.754-0300] {processor.py:176} INFO - Processing /home/debian/etlhausz/venv/lib/python3.9/site-packages/airflow/example_dags/example_kubernetes_executor.py took 0.040 seconds
[2022-11-06T22:27:21.957-0300] {processor.py:154} INFO - Started process (PID=35669) to work on /home/debian/etlhausz/venv/lib/python3.9/site-packages/airflow/example_dags/example_kubernetes_executor.py
[2022-11-06T22:27:21.959-0300] {processor.py:756} INFO - Processing file /home/debian/etlhausz/venv/lib/python3.9/site-packages/airflow/example_dags/example_kubernetes_executor.py for tasks to queue
[2022-11-06T22:27:21.960-0300] {logging_mixin.py:120} INFO - [2022-11-06T22:27:21.960-0300] {dagbag.py:537} INFO - Filling up the DagBag from /home/debian/etlhausz/venv/lib/python3.9/site-packages/airflow/example_dags/example_kubernetes_executor.py
[2022-11-06T22:27:21.971-0300] {logging_mixin.py:120} INFO - [2022-11-06T22:27:21.971-0300] {example_kubernetes_executor.py:41} WARNING - The example_kubernetes_executor example DAG requires the kubernetes provider. Please install it with: pip install apache-airflow[cncf.kubernetes]
[2022-11-06T22:27:21.971-0300] {processor.py:768} WARNING - No viable dags retrieved from /home/debian/etlhausz/venv/lib/python3.9/site-packages/airflow/example_dags/example_kubernetes_executor.py
[2022-11-06T22:27:21.996-0300] {processor.py:176} INFO - Processing /home/debian/etlhausz/venv/lib/python3.9/site-packages/airflow/example_dags/example_kubernetes_executor.py took 0.042 seconds
[2022-11-06T22:27:52.290-0300] {processor.py:154} INFO - Started process (PID=36141) to work on /home/debian/etlhausz/venv/lib/python3.9/site-packages/airflow/example_dags/example_kubernetes_executor.py
[2022-11-06T22:27:52.292-0300] {processor.py:756} INFO - Processing file /home/debian/etlhausz/venv/lib/python3.9/site-packages/airflow/example_dags/example_kubernetes_executor.py for tasks to queue
[2022-11-06T22:27:52.292-0300] {logging_mixin.py:120} INFO - [2022-11-06T22:27:52.292-0300] {dagbag.py:537} INFO - Filling up the DagBag from /home/debian/etlhausz/venv/lib/python3.9/site-packages/airflow/example_dags/example_kubernetes_executor.py
[2022-11-06T22:27:52.304-0300] {logging_mixin.py:120} INFO - [2022-11-06T22:27:52.304-0300] {example_kubernetes_executor.py:41} WARNING - The example_kubernetes_executor example DAG requires the kubernetes provider. Please install it with: pip install apache-airflow[cncf.kubernetes]
[2022-11-06T22:27:52.304-0300] {processor.py:768} WARNING - No viable dags retrieved from /home/debian/etlhausz/venv/lib/python3.9/site-packages/airflow/example_dags/example_kubernetes_executor.py
[2022-11-06T22:27:52.327-0300] {processor.py:176} INFO - Processing /home/debian/etlhausz/venv/lib/python3.9/site-packages/airflow/example_dags/example_kubernetes_executor.py took 0.040 seconds
[2022-11-06T22:28:23.157-0300] {processor.py:154} INFO - Started process (PID=36798) to work on /home/debian/etlhausz/venv/lib/python3.9/site-packages/airflow/example_dags/example_kubernetes_executor.py
[2022-11-06T22:28:23.159-0300] {processor.py:756} INFO - Processing file /home/debian/etlhausz/venv/lib/python3.9/site-packages/airflow/example_dags/example_kubernetes_executor.py for tasks to queue
[2022-11-06T22:28:23.160-0300] {logging_mixin.py:120} INFO - [2022-11-06T22:28:23.160-0300] {dagbag.py:537} INFO - Filling up the DagBag from /home/debian/etlhausz/venv/lib/python3.9/site-packages/airflow/example_dags/example_kubernetes_executor.py
[2022-11-06T22:28:23.171-0300] {logging_mixin.py:120} INFO - [2022-11-06T22:28:23.171-0300] {example_kubernetes_executor.py:41} WARNING - The example_kubernetes_executor example DAG requires the kubernetes provider. Please install it with: pip install apache-airflow[cncf.kubernetes]
[2022-11-06T22:28:23.172-0300] {processor.py:768} WARNING - No viable dags retrieved from /home/debian/etlhausz/venv/lib/python3.9/site-packages/airflow/example_dags/example_kubernetes_executor.py
[2022-11-06T22:28:23.203-0300] {processor.py:176} INFO - Processing /home/debian/etlhausz/venv/lib/python3.9/site-packages/airflow/example_dags/example_kubernetes_executor.py took 0.049 seconds
[2022-11-06T22:28:54.391-0300] {processor.py:154} INFO - Started process (PID=37338) to work on /home/debian/etlhausz/venv/lib/python3.9/site-packages/airflow/example_dags/example_kubernetes_executor.py
[2022-11-06T22:28:54.396-0300] {processor.py:756} INFO - Processing file /home/debian/etlhausz/venv/lib/python3.9/site-packages/airflow/example_dags/example_kubernetes_executor.py for tasks to queue
[2022-11-06T22:28:54.397-0300] {logging_mixin.py:120} INFO - [2022-11-06T22:28:54.397-0300] {dagbag.py:537} INFO - Filling up the DagBag from /home/debian/etlhausz/venv/lib/python3.9/site-packages/airflow/example_dags/example_kubernetes_executor.py
[2022-11-06T22:28:54.418-0300] {logging_mixin.py:120} INFO - [2022-11-06T22:28:54.418-0300] {example_kubernetes_executor.py:41} WARNING - The example_kubernetes_executor example DAG requires the kubernetes provider. Please install it with: pip install apache-airflow[cncf.kubernetes]
[2022-11-06T22:28:54.418-0300] {processor.py:768} WARNING - No viable dags retrieved from /home/debian/etlhausz/venv/lib/python3.9/site-packages/airflow/example_dags/example_kubernetes_executor.py
[2022-11-06T22:28:54.459-0300] {processor.py:176} INFO - Processing /home/debian/etlhausz/venv/lib/python3.9/site-packages/airflow/example_dags/example_kubernetes_executor.py took 0.074 seconds
[2022-11-06T22:29:25.622-0300] {processor.py:154} INFO - Started process (PID=37882) to work on /home/debian/etlhausz/venv/lib/python3.9/site-packages/airflow/example_dags/example_kubernetes_executor.py
[2022-11-06T22:29:25.626-0300] {processor.py:756} INFO - Processing file /home/debian/etlhausz/venv/lib/python3.9/site-packages/airflow/example_dags/example_kubernetes_executor.py for tasks to queue
[2022-11-06T22:29:25.627-0300] {logging_mixin.py:120} INFO - [2022-11-06T22:29:25.626-0300] {dagbag.py:537} INFO - Filling up the DagBag from /home/debian/etlhausz/venv/lib/python3.9/site-packages/airflow/example_dags/example_kubernetes_executor.py
[2022-11-06T22:29:25.638-0300] {logging_mixin.py:120} INFO - [2022-11-06T22:29:25.638-0300] {example_kubernetes_executor.py:41} WARNING - The example_kubernetes_executor example DAG requires the kubernetes provider. Please install it with: pip install apache-airflow[cncf.kubernetes]
[2022-11-06T22:29:25.638-0300] {processor.py:768} WARNING - No viable dags retrieved from /home/debian/etlhausz/venv/lib/python3.9/site-packages/airflow/example_dags/example_kubernetes_executor.py
[2022-11-06T22:29:25.679-0300] {processor.py:176} INFO - Processing /home/debian/etlhausz/venv/lib/python3.9/site-packages/airflow/example_dags/example_kubernetes_executor.py took 0.060 seconds
[2022-11-06T22:29:56.738-0300] {processor.py:154} INFO - Started process (PID=38358) to work on /home/debian/etlhausz/venv/lib/python3.9/site-packages/airflow/example_dags/example_kubernetes_executor.py
[2022-11-06T22:29:56.739-0300] {processor.py:756} INFO - Processing file /home/debian/etlhausz/venv/lib/python3.9/site-packages/airflow/example_dags/example_kubernetes_executor.py for tasks to queue
[2022-11-06T22:29:56.740-0300] {logging_mixin.py:120} INFO - [2022-11-06T22:29:56.740-0300] {dagbag.py:537} INFO - Filling up the DagBag from /home/debian/etlhausz/venv/lib/python3.9/site-packages/airflow/example_dags/example_kubernetes_executor.py
[2022-11-06T22:29:56.777-0300] {logging_mixin.py:120} INFO - [2022-11-06T22:29:56.777-0300] {example_kubernetes_executor.py:41} WARNING - The example_kubernetes_executor example DAG requires the kubernetes provider. Please install it with: pip install apache-airflow[cncf.kubernetes]
[2022-11-06T22:29:56.778-0300] {processor.py:768} WARNING - No viable dags retrieved from /home/debian/etlhausz/venv/lib/python3.9/site-packages/airflow/example_dags/example_kubernetes_executor.py
[2022-11-06T22:29:56.819-0300] {processor.py:176} INFO - Processing /home/debian/etlhausz/venv/lib/python3.9/site-packages/airflow/example_dags/example_kubernetes_executor.py took 0.090 seconds
[2022-11-06T22:30:27.474-0300] {processor.py:154} INFO - Started process (PID=39024) to work on /home/debian/etlhausz/venv/lib/python3.9/site-packages/airflow/example_dags/example_kubernetes_executor.py
[2022-11-06T22:30:27.476-0300] {processor.py:756} INFO - Processing file /home/debian/etlhausz/venv/lib/python3.9/site-packages/airflow/example_dags/example_kubernetes_executor.py for tasks to queue
[2022-11-06T22:30:27.477-0300] {logging_mixin.py:120} INFO - [2022-11-06T22:30:27.476-0300] {dagbag.py:537} INFO - Filling up the DagBag from /home/debian/etlhausz/venv/lib/python3.9/site-packages/airflow/example_dags/example_kubernetes_executor.py
[2022-11-06T22:30:27.489-0300] {logging_mixin.py:120} INFO - [2022-11-06T22:30:27.489-0300] {example_kubernetes_executor.py:41} WARNING - The example_kubernetes_executor example DAG requires the kubernetes provider. Please install it with: pip install apache-airflow[cncf.kubernetes]
[2022-11-06T22:30:27.489-0300] {processor.py:768} WARNING - No viable dags retrieved from /home/debian/etlhausz/venv/lib/python3.9/site-packages/airflow/example_dags/example_kubernetes_executor.py
[2022-11-06T22:30:27.515-0300] {processor.py:176} INFO - Processing /home/debian/etlhausz/venv/lib/python3.9/site-packages/airflow/example_dags/example_kubernetes_executor.py took 0.046 seconds
[2022-11-06T22:30:58.683-0300] {processor.py:154} INFO - Started process (PID=39557) to work on /home/debian/etlhausz/venv/lib/python3.9/site-packages/airflow/example_dags/example_kubernetes_executor.py
[2022-11-06T22:30:58.684-0300] {processor.py:756} INFO - Processing file /home/debian/etlhausz/venv/lib/python3.9/site-packages/airflow/example_dags/example_kubernetes_executor.py for tasks to queue
[2022-11-06T22:30:58.685-0300] {logging_mixin.py:120} INFO - [2022-11-06T22:30:58.685-0300] {dagbag.py:537} INFO - Filling up the DagBag from /home/debian/etlhausz/venv/lib/python3.9/site-packages/airflow/example_dags/example_kubernetes_executor.py
[2022-11-06T22:30:58.722-0300] {logging_mixin.py:120} INFO - [2022-11-06T22:30:58.721-0300] {example_kubernetes_executor.py:41} WARNING - The example_kubernetes_executor example DAG requires the kubernetes provider. Please install it with: pip install apache-airflow[cncf.kubernetes]
[2022-11-06T22:30:58.722-0300] {processor.py:768} WARNING - No viable dags retrieved from /home/debian/etlhausz/venv/lib/python3.9/site-packages/airflow/example_dags/example_kubernetes_executor.py
[2022-11-06T22:30:58.771-0300] {processor.py:176} INFO - Processing /home/debian/etlhausz/venv/lib/python3.9/site-packages/airflow/example_dags/example_kubernetes_executor.py took 0.093 seconds
[2022-11-06T22:31:29.344-0300] {processor.py:154} INFO - Started process (PID=40031) to work on /home/debian/etlhausz/venv/lib/python3.9/site-packages/airflow/example_dags/example_kubernetes_executor.py
[2022-11-06T22:31:29.354-0300] {processor.py:756} INFO - Processing file /home/debian/etlhausz/venv/lib/python3.9/site-packages/airflow/example_dags/example_kubernetes_executor.py for tasks to queue
[2022-11-06T22:31:29.356-0300] {logging_mixin.py:120} INFO - [2022-11-06T22:31:29.356-0300] {dagbag.py:537} INFO - Filling up the DagBag from /home/debian/etlhausz/venv/lib/python3.9/site-packages/airflow/example_dags/example_kubernetes_executor.py
[2022-11-06T22:31:29.393-0300] {logging_mixin.py:120} INFO - [2022-11-06T22:31:29.392-0300] {example_kubernetes_executor.py:41} WARNING - The example_kubernetes_executor example DAG requires the kubernetes provider. Please install it with: pip install apache-airflow[cncf.kubernetes]
[2022-11-06T22:31:29.394-0300] {processor.py:768} WARNING - No viable dags retrieved from /home/debian/etlhausz/venv/lib/python3.9/site-packages/airflow/example_dags/example_kubernetes_executor.py
[2022-11-06T22:31:29.484-0300] {processor.py:176} INFO - Processing /home/debian/etlhausz/venv/lib/python3.9/site-packages/airflow/example_dags/example_kubernetes_executor.py took 0.143 seconds
