[2022-11-06T21:00:00.637-0300] {processor.py:154} INFO - Started process (PID=60883) to work on /home/debian/etlhausz/venv/lib/python3.9/site-packages/airflow/example_dags/example_short_circuit_decorator.py
[2022-11-06T21:00:00.638-0300] {processor.py:756} INFO - Processing file /home/debian/etlhausz/venv/lib/python3.9/site-packages/airflow/example_dags/example_short_circuit_decorator.py for tasks to queue
[2022-11-06T21:00:00.639-0300] {logging_mixin.py:120} INFO - [2022-11-06T21:00:00.638-0300] {dagbag.py:537} INFO - Filling up the DagBag from /home/debian/etlhausz/venv/lib/python3.9/site-packages/airflow/example_dags/example_short_circuit_decorator.py
[2022-11-06T21:00:00.792-0300] {processor.py:766} INFO - DAG(s) dict_keys(['example_short_circuit_decorator']) retrieved from /home/debian/etlhausz/venv/lib/python3.9/site-packages/airflow/example_dags/example_short_circuit_decorator.py
[2022-11-06T21:00:00.826-0300] {logging_mixin.py:120} INFO - [2022-11-06T21:00:00.826-0300] {dag.py:2585} INFO - Sync 1 DAGs
[2022-11-06T21:00:00.844-0300] {logging_mixin.py:120} INFO - [2022-11-06T21:00:00.844-0300] {dag.py:3336} INFO - Setting next_dagrun for example_short_circuit_decorator to 2022-11-06T00:00:00.844396+00:00, run_after=2022-11-07T00:00:00.844396+00:00
[2022-11-06T21:00:00.859-0300] {processor.py:176} INFO - Processing /home/debian/etlhausz/venv/lib/python3.9/site-packages/airflow/example_dags/example_short_circuit_decorator.py took 0.225 seconds
[2022-11-06T21:00:31.762-0300] {processor.py:154} INFO - Started process (PID=61424) to work on /home/debian/etlhausz/venv/lib/python3.9/site-packages/airflow/example_dags/example_short_circuit_decorator.py
[2022-11-06T21:00:31.773-0300] {processor.py:756} INFO - Processing file /home/debian/etlhausz/venv/lib/python3.9/site-packages/airflow/example_dags/example_short_circuit_decorator.py for tasks to queue
[2022-11-06T21:00:31.777-0300] {logging_mixin.py:120} INFO - [2022-11-06T21:00:31.777-0300] {dagbag.py:537} INFO - Filling up the DagBag from /home/debian/etlhausz/venv/lib/python3.9/site-packages/airflow/example_dags/example_short_circuit_decorator.py
[2022-11-06T21:00:31.834-0300] {processor.py:766} INFO - DAG(s) dict_keys(['example_short_circuit_decorator']) retrieved from /home/debian/etlhausz/venv/lib/python3.9/site-packages/airflow/example_dags/example_short_circuit_decorator.py
[2022-11-06T21:00:32.025-0300] {logging_mixin.py:120} INFO - [2022-11-06T21:00:32.025-0300] {dag.py:2585} INFO - Sync 1 DAGs
[2022-11-06T21:00:32.152-0300] {logging_mixin.py:120} INFO - [2022-11-06T21:00:32.152-0300] {dag.py:3336} INFO - Setting next_dagrun for example_short_circuit_decorator to 2022-11-06T00:00:32.151984+00:00, run_after=2022-11-07T00:00:32.151984+00:00
[2022-11-06T21:00:32.180-0300] {processor.py:176} INFO - Processing /home/debian/etlhausz/venv/lib/python3.9/site-packages/airflow/example_dags/example_short_circuit_decorator.py took 0.433 seconds
[2022-11-06T21:01:02.686-0300] {processor.py:154} INFO - Started process (PID=62023) to work on /home/debian/etlhausz/venv/lib/python3.9/site-packages/airflow/example_dags/example_short_circuit_decorator.py
[2022-11-06T21:01:02.704-0300] {processor.py:756} INFO - Processing file /home/debian/etlhausz/venv/lib/python3.9/site-packages/airflow/example_dags/example_short_circuit_decorator.py for tasks to queue
[2022-11-06T21:01:02.705-0300] {logging_mixin.py:120} INFO - [2022-11-06T21:01:02.705-0300] {dagbag.py:537} INFO - Filling up the DagBag from /home/debian/etlhausz/venv/lib/python3.9/site-packages/airflow/example_dags/example_short_circuit_decorator.py
[2022-11-06T21:01:02.763-0300] {processor.py:766} INFO - DAG(s) dict_keys(['example_short_circuit_decorator']) retrieved from /home/debian/etlhausz/venv/lib/python3.9/site-packages/airflow/example_dags/example_short_circuit_decorator.py
[2022-11-06T21:01:02.989-0300] {logging_mixin.py:120} INFO - [2022-11-06T21:01:02.989-0300] {dag.py:2585} INFO - Sync 1 DAGs
[2022-11-06T21:01:03.009-0300] {logging_mixin.py:120} INFO - [2022-11-06T21:01:03.009-0300] {dag.py:3336} INFO - Setting next_dagrun for example_short_circuit_decorator to 2022-11-06T00:01:03.008947+00:00, run_after=2022-11-07T00:01:03.008947+00:00
[2022-11-06T21:01:03.045-0300] {processor.py:176} INFO - Processing /home/debian/etlhausz/venv/lib/python3.9/site-packages/airflow/example_dags/example_short_circuit_decorator.py took 0.369 seconds
[2022-11-06T21:01:33.503-0300] {processor.py:154} INFO - Started process (PID=62607) to work on /home/debian/etlhausz/venv/lib/python3.9/site-packages/airflow/example_dags/example_short_circuit_decorator.py
[2022-11-06T21:01:33.505-0300] {processor.py:756} INFO - Processing file /home/debian/etlhausz/venv/lib/python3.9/site-packages/airflow/example_dags/example_short_circuit_decorator.py for tasks to queue
[2022-11-06T21:01:33.505-0300] {logging_mixin.py:120} INFO - [2022-11-06T21:01:33.505-0300] {dagbag.py:537} INFO - Filling up the DagBag from /home/debian/etlhausz/venv/lib/python3.9/site-packages/airflow/example_dags/example_short_circuit_decorator.py
[2022-11-06T21:01:33.529-0300] {processor.py:766} INFO - DAG(s) dict_keys(['example_short_circuit_decorator']) retrieved from /home/debian/etlhausz/venv/lib/python3.9/site-packages/airflow/example_dags/example_short_circuit_decorator.py
[2022-11-06T21:01:33.978-0300] {logging_mixin.py:120} INFO - [2022-11-06T21:01:33.978-0300] {dag.py:2585} INFO - Sync 1 DAGs
[2022-11-06T21:01:33.997-0300] {logging_mixin.py:120} INFO - [2022-11-06T21:01:33.997-0300] {dag.py:3336} INFO - Setting next_dagrun for example_short_circuit_decorator to 2022-11-06T00:01:33.996900+00:00, run_after=2022-11-07T00:01:33.996900+00:00
[2022-11-06T21:01:34.021-0300] {processor.py:176} INFO - Processing /home/debian/etlhausz/venv/lib/python3.9/site-packages/airflow/example_dags/example_short_circuit_decorator.py took 0.521 seconds
[2022-11-06T21:02:04.496-0300] {processor.py:154} INFO - Started process (PID=63148) to work on /home/debian/etlhausz/venv/lib/python3.9/site-packages/airflow/example_dags/example_short_circuit_decorator.py
[2022-11-06T21:02:04.498-0300] {processor.py:756} INFO - Processing file /home/debian/etlhausz/venv/lib/python3.9/site-packages/airflow/example_dags/example_short_circuit_decorator.py for tasks to queue
[2022-11-06T21:02:04.499-0300] {logging_mixin.py:120} INFO - [2022-11-06T21:02:04.499-0300] {dagbag.py:537} INFO - Filling up the DagBag from /home/debian/etlhausz/venv/lib/python3.9/site-packages/airflow/example_dags/example_short_circuit_decorator.py
[2022-11-06T21:02:04.642-0300] {processor.py:766} INFO - DAG(s) dict_keys(['example_short_circuit_decorator']) retrieved from /home/debian/etlhausz/venv/lib/python3.9/site-packages/airflow/example_dags/example_short_circuit_decorator.py
[2022-11-06T21:02:04.677-0300] {logging_mixin.py:120} INFO - [2022-11-06T21:02:04.677-0300] {dag.py:2585} INFO - Sync 1 DAGs
[2022-11-06T21:02:04.696-0300] {logging_mixin.py:120} INFO - [2022-11-06T21:02:04.696-0300] {dag.py:3336} INFO - Setting next_dagrun for example_short_circuit_decorator to 2022-11-06T00:02:04.695963+00:00, run_after=2022-11-07T00:02:04.695963+00:00
[2022-11-06T21:02:04.725-0300] {processor.py:176} INFO - Processing /home/debian/etlhausz/venv/lib/python3.9/site-packages/airflow/example_dags/example_short_circuit_decorator.py took 0.233 seconds
[2022-11-06T21:02:35.707-0300] {processor.py:154} INFO - Started process (PID=63715) to work on /home/debian/etlhausz/venv/lib/python3.9/site-packages/airflow/example_dags/example_short_circuit_decorator.py
[2022-11-06T21:02:35.715-0300] {processor.py:756} INFO - Processing file /home/debian/etlhausz/venv/lib/python3.9/site-packages/airflow/example_dags/example_short_circuit_decorator.py for tasks to queue
[2022-11-06T21:02:35.716-0300] {logging_mixin.py:120} INFO - [2022-11-06T21:02:35.716-0300] {dagbag.py:537} INFO - Filling up the DagBag from /home/debian/etlhausz/venv/lib/python3.9/site-packages/airflow/example_dags/example_short_circuit_decorator.py
[2022-11-06T21:02:35.740-0300] {processor.py:766} INFO - DAG(s) dict_keys(['example_short_circuit_decorator']) retrieved from /home/debian/etlhausz/venv/lib/python3.9/site-packages/airflow/example_dags/example_short_circuit_decorator.py
[2022-11-06T21:02:35.795-0300] {logging_mixin.py:120} INFO - [2022-11-06T21:02:35.795-0300] {dag.py:2585} INFO - Sync 1 DAGs
[2022-11-06T21:02:35.987-0300] {logging_mixin.py:120} INFO - [2022-11-06T21:02:35.987-0300] {dag.py:3336} INFO - Setting next_dagrun for example_short_circuit_decorator to 2022-11-06T00:02:35.986991+00:00, run_after=2022-11-07T00:02:35.986991+00:00
[2022-11-06T21:02:36.027-0300] {processor.py:176} INFO - Processing /home/debian/etlhausz/venv/lib/python3.9/site-packages/airflow/example_dags/example_short_circuit_decorator.py took 0.323 seconds
[2022-11-06T21:03:06.919-0300] {processor.py:154} INFO - Started process (PID=64288) to work on /home/debian/etlhausz/venv/lib/python3.9/site-packages/airflow/example_dags/example_short_circuit_decorator.py
[2022-11-06T21:03:06.929-0300] {processor.py:756} INFO - Processing file /home/debian/etlhausz/venv/lib/python3.9/site-packages/airflow/example_dags/example_short_circuit_decorator.py for tasks to queue
[2022-11-06T21:03:06.930-0300] {logging_mixin.py:120} INFO - [2022-11-06T21:03:06.930-0300] {dagbag.py:537} INFO - Filling up the DagBag from /home/debian/etlhausz/venv/lib/python3.9/site-packages/airflow/example_dags/example_short_circuit_decorator.py
[2022-11-06T21:03:06.996-0300] {processor.py:766} INFO - DAG(s) dict_keys(['example_short_circuit_decorator']) retrieved from /home/debian/etlhausz/venv/lib/python3.9/site-packages/airflow/example_dags/example_short_circuit_decorator.py
[2022-11-06T21:03:07.403-0300] {logging_mixin.py:120} INFO - [2022-11-06T21:03:07.402-0300] {dag.py:2585} INFO - Sync 1 DAGs
[2022-11-06T21:03:07.431-0300] {logging_mixin.py:120} INFO - [2022-11-06T21:03:07.431-0300] {dag.py:3336} INFO - Setting next_dagrun for example_short_circuit_decorator to 2022-11-06T00:03:07.431251+00:00, run_after=2022-11-07T00:03:07.431251+00:00
[2022-11-06T21:03:07.492-0300] {processor.py:176} INFO - Processing /home/debian/etlhausz/venv/lib/python3.9/site-packages/airflow/example_dags/example_short_circuit_decorator.py took 0.603 seconds
[2022-11-06T21:03:37.731-0300] {processor.py:154} INFO - Started process (PID=64892) to work on /home/debian/etlhausz/venv/lib/python3.9/site-packages/airflow/example_dags/example_short_circuit_decorator.py
[2022-11-06T21:03:37.736-0300] {processor.py:756} INFO - Processing file /home/debian/etlhausz/venv/lib/python3.9/site-packages/airflow/example_dags/example_short_circuit_decorator.py for tasks to queue
[2022-11-06T21:03:37.738-0300] {logging_mixin.py:120} INFO - [2022-11-06T21:03:37.737-0300] {dagbag.py:537} INFO - Filling up the DagBag from /home/debian/etlhausz/venv/lib/python3.9/site-packages/airflow/example_dags/example_short_circuit_decorator.py
[2022-11-06T21:03:37.773-0300] {processor.py:766} INFO - DAG(s) dict_keys(['example_short_circuit_decorator']) retrieved from /home/debian/etlhausz/venv/lib/python3.9/site-packages/airflow/example_dags/example_short_circuit_decorator.py
[2022-11-06T21:03:38.016-0300] {logging_mixin.py:120} INFO - [2022-11-06T21:03:38.016-0300] {dag.py:2585} INFO - Sync 1 DAGs
[2022-11-06T21:03:38.035-0300] {logging_mixin.py:120} INFO - [2022-11-06T21:03:38.035-0300] {dag.py:3336} INFO - Setting next_dagrun for example_short_circuit_decorator to 2022-11-06T00:03:38.034861+00:00, run_after=2022-11-07T00:03:38.034861+00:00
[2022-11-06T21:03:38.067-0300] {processor.py:176} INFO - Processing /home/debian/etlhausz/venv/lib/python3.9/site-packages/airflow/example_dags/example_short_circuit_decorator.py took 0.346 seconds
[2022-11-06T21:04:09.708-0300] {processor.py:154} INFO - Started process (PID=65517) to work on /home/debian/etlhausz/venv/lib/python3.9/site-packages/airflow/example_dags/example_short_circuit_decorator.py
[2022-11-06T21:04:09.709-0300] {processor.py:756} INFO - Processing file /home/debian/etlhausz/venv/lib/python3.9/site-packages/airflow/example_dags/example_short_circuit_decorator.py for tasks to queue
[2022-11-06T21:04:09.710-0300] {logging_mixin.py:120} INFO - [2022-11-06T21:04:09.709-0300] {dagbag.py:537} INFO - Filling up the DagBag from /home/debian/etlhausz/venv/lib/python3.9/site-packages/airflow/example_dags/example_short_circuit_decorator.py
[2022-11-06T21:04:09.895-0300] {processor.py:766} INFO - DAG(s) dict_keys(['example_short_circuit_decorator']) retrieved from /home/debian/etlhausz/venv/lib/python3.9/site-packages/airflow/example_dags/example_short_circuit_decorator.py
[2022-11-06T21:04:09.991-0300] {logging_mixin.py:120} INFO - [2022-11-06T21:04:09.991-0300] {dag.py:2585} INFO - Sync 1 DAGs
[2022-11-06T21:04:10.012-0300] {logging_mixin.py:120} INFO - [2022-11-06T21:04:10.011-0300] {dag.py:3336} INFO - Setting next_dagrun for example_short_circuit_decorator to 2022-11-06T00:04:10.011683+00:00, run_after=2022-11-07T00:04:10.011683+00:00
[2022-11-06T21:04:10.048-0300] {processor.py:176} INFO - Processing /home/debian/etlhausz/venv/lib/python3.9/site-packages/airflow/example_dags/example_short_circuit_decorator.py took 0.346 seconds
[2022-11-06T22:01:36.743-0300] {processor.py:154} INFO - Started process (PID=5107) to work on /home/debian/etlhausz/venv/lib/python3.9/site-packages/airflow/example_dags/example_short_circuit_decorator.py
[2022-11-06T22:01:36.744-0300] {processor.py:756} INFO - Processing file /home/debian/etlhausz/venv/lib/python3.9/site-packages/airflow/example_dags/example_short_circuit_decorator.py for tasks to queue
[2022-11-06T22:01:36.745-0300] {logging_mixin.py:120} INFO - [2022-11-06T22:01:36.745-0300] {dagbag.py:537} INFO - Filling up the DagBag from /home/debian/etlhausz/venv/lib/python3.9/site-packages/airflow/example_dags/example_short_circuit_decorator.py
[2022-11-06T22:01:36.766-0300] {processor.py:766} INFO - DAG(s) dict_keys(['example_short_circuit_decorator']) retrieved from /home/debian/etlhausz/venv/lib/python3.9/site-packages/airflow/example_dags/example_short_circuit_decorator.py
[2022-11-06T22:01:36.833-0300] {logging_mixin.py:120} INFO - [2022-11-06T22:01:36.833-0300] {dag.py:2585} INFO - Sync 1 DAGs
[2022-11-06T22:01:36.865-0300] {logging_mixin.py:120} INFO - [2022-11-06T22:01:36.864-0300] {dag.py:3336} INFO - Setting next_dagrun for example_short_circuit_decorator to 2022-11-06T01:01:36.863924+00:00, run_after=2022-11-07T01:01:36.863924+00:00
[2022-11-06T22:01:37.018-0300] {processor.py:176} INFO - Processing /home/debian/etlhausz/venv/lib/python3.9/site-packages/airflow/example_dags/example_short_circuit_decorator.py took 0.284 seconds
[2022-11-06T22:02:08.526-0300] {processor.py:154} INFO - Started process (PID=5758) to work on /home/debian/etlhausz/venv/lib/python3.9/site-packages/airflow/example_dags/example_short_circuit_decorator.py
[2022-11-06T22:02:08.527-0300] {processor.py:756} INFO - Processing file /home/debian/etlhausz/venv/lib/python3.9/site-packages/airflow/example_dags/example_short_circuit_decorator.py for tasks to queue
[2022-11-06T22:02:08.528-0300] {logging_mixin.py:120} INFO - [2022-11-06T22:02:08.528-0300] {dagbag.py:537} INFO - Filling up the DagBag from /home/debian/etlhausz/venv/lib/python3.9/site-packages/airflow/example_dags/example_short_circuit_decorator.py
[2022-11-06T22:02:08.583-0300] {processor.py:766} INFO - DAG(s) dict_keys(['example_short_circuit_decorator']) retrieved from /home/debian/etlhausz/venv/lib/python3.9/site-packages/airflow/example_dags/example_short_circuit_decorator.py
[2022-11-06T22:02:08.715-0300] {logging_mixin.py:120} INFO - [2022-11-06T22:02:08.715-0300] {dag.py:2585} INFO - Sync 1 DAGs
[2022-11-06T22:02:08.755-0300] {logging_mixin.py:120} INFO - [2022-11-06T22:02:08.755-0300] {dag.py:3336} INFO - Setting next_dagrun for example_short_circuit_decorator to 2022-11-06T01:02:08.753734+00:00, run_after=2022-11-07T01:02:08.753734+00:00
[2022-11-06T22:02:08.781-0300] {processor.py:176} INFO - Processing /home/debian/etlhausz/venv/lib/python3.9/site-packages/airflow/example_dags/example_short_circuit_decorator.py took 0.270 seconds
[2022-11-06T22:02:41.370-0300] {processor.py:154} INFO - Started process (PID=6419) to work on /home/debian/etlhausz/venv/lib/python3.9/site-packages/airflow/example_dags/example_short_circuit_decorator.py
[2022-11-06T22:02:41.373-0300] {processor.py:756} INFO - Processing file /home/debian/etlhausz/venv/lib/python3.9/site-packages/airflow/example_dags/example_short_circuit_decorator.py for tasks to queue
[2022-11-06T22:02:41.373-0300] {logging_mixin.py:120} INFO - [2022-11-06T22:02:41.373-0300] {dagbag.py:537} INFO - Filling up the DagBag from /home/debian/etlhausz/venv/lib/python3.9/site-packages/airflow/example_dags/example_short_circuit_decorator.py
[2022-11-06T22:02:41.405-0300] {processor.py:766} INFO - DAG(s) dict_keys(['example_short_circuit_decorator']) retrieved from /home/debian/etlhausz/venv/lib/python3.9/site-packages/airflow/example_dags/example_short_circuit_decorator.py
[2022-11-06T22:02:41.446-0300] {logging_mixin.py:120} INFO - [2022-11-06T22:02:41.445-0300] {dag.py:2585} INFO - Sync 1 DAGs
[2022-11-06T22:02:41.475-0300] {logging_mixin.py:120} INFO - [2022-11-06T22:02:41.475-0300] {dag.py:3336} INFO - Setting next_dagrun for example_short_circuit_decorator to 2022-11-06T01:02:41.474996+00:00, run_after=2022-11-07T01:02:41.474996+00:00
[2022-11-06T22:02:41.496-0300] {processor.py:176} INFO - Processing /home/debian/etlhausz/venv/lib/python3.9/site-packages/airflow/example_dags/example_short_circuit_decorator.py took 0.129 seconds
[2022-11-06T22:03:13.848-0300] {processor.py:154} INFO - Started process (PID=6997) to work on /home/debian/etlhausz/venv/lib/python3.9/site-packages/airflow/example_dags/example_short_circuit_decorator.py
[2022-11-06T22:03:13.852-0300] {processor.py:756} INFO - Processing file /home/debian/etlhausz/venv/lib/python3.9/site-packages/airflow/example_dags/example_short_circuit_decorator.py for tasks to queue
[2022-11-06T22:03:13.853-0300] {logging_mixin.py:120} INFO - [2022-11-06T22:03:13.853-0300] {dagbag.py:537} INFO - Filling up the DagBag from /home/debian/etlhausz/venv/lib/python3.9/site-packages/airflow/example_dags/example_short_circuit_decorator.py
[2022-11-06T22:03:13.880-0300] {processor.py:766} INFO - DAG(s) dict_keys(['example_short_circuit_decorator']) retrieved from /home/debian/etlhausz/venv/lib/python3.9/site-packages/airflow/example_dags/example_short_circuit_decorator.py
[2022-11-06T22:03:13.940-0300] {logging_mixin.py:120} INFO - [2022-11-06T22:03:13.939-0300] {dag.py:2585} INFO - Sync 1 DAGs
[2022-11-06T22:03:13.971-0300] {logging_mixin.py:120} INFO - [2022-11-06T22:03:13.970-0300] {dag.py:3336} INFO - Setting next_dagrun for example_short_circuit_decorator to 2022-11-06T01:03:13.970724+00:00, run_after=2022-11-07T01:03:13.970724+00:00
[2022-11-06T22:03:14.006-0300] {processor.py:176} INFO - Processing /home/debian/etlhausz/venv/lib/python3.9/site-packages/airflow/example_dags/example_short_circuit_decorator.py took 0.159 seconds
[2022-11-06T22:03:45.438-0300] {processor.py:154} INFO - Started process (PID=7684) to work on /home/debian/etlhausz/venv/lib/python3.9/site-packages/airflow/example_dags/example_short_circuit_decorator.py
[2022-11-06T22:03:45.438-0300] {processor.py:756} INFO - Processing file /home/debian/etlhausz/venv/lib/python3.9/site-packages/airflow/example_dags/example_short_circuit_decorator.py for tasks to queue
[2022-11-06T22:03:45.439-0300] {logging_mixin.py:120} INFO - [2022-11-06T22:03:45.439-0300] {dagbag.py:537} INFO - Filling up the DagBag from /home/debian/etlhausz/venv/lib/python3.9/site-packages/airflow/example_dags/example_short_circuit_decorator.py
[2022-11-06T22:03:45.460-0300] {processor.py:766} INFO - DAG(s) dict_keys(['example_short_circuit_decorator']) retrieved from /home/debian/etlhausz/venv/lib/python3.9/site-packages/airflow/example_dags/example_short_circuit_decorator.py
[2022-11-06T22:03:45.503-0300] {logging_mixin.py:120} INFO - [2022-11-06T22:03:45.503-0300] {dag.py:2585} INFO - Sync 1 DAGs
[2022-11-06T22:03:45.524-0300] {logging_mixin.py:120} INFO - [2022-11-06T22:03:45.523-0300] {dag.py:3336} INFO - Setting next_dagrun for example_short_circuit_decorator to 2022-11-06T01:03:45.523733+00:00, run_after=2022-11-07T01:03:45.523733+00:00
[2022-11-06T22:03:45.548-0300] {processor.py:176} INFO - Processing /home/debian/etlhausz/venv/lib/python3.9/site-packages/airflow/example_dags/example_short_circuit_decorator.py took 0.114 seconds
[2022-11-06T22:04:16.802-0300] {processor.py:154} INFO - Started process (PID=8305) to work on /home/debian/etlhausz/venv/lib/python3.9/site-packages/airflow/example_dags/example_short_circuit_decorator.py
[2022-11-06T22:04:16.804-0300] {processor.py:756} INFO - Processing file /home/debian/etlhausz/venv/lib/python3.9/site-packages/airflow/example_dags/example_short_circuit_decorator.py for tasks to queue
[2022-11-06T22:04:16.805-0300] {logging_mixin.py:120} INFO - [2022-11-06T22:04:16.805-0300] {dagbag.py:537} INFO - Filling up the DagBag from /home/debian/etlhausz/venv/lib/python3.9/site-packages/airflow/example_dags/example_short_circuit_decorator.py
[2022-11-06T22:04:16.829-0300] {processor.py:766} INFO - DAG(s) dict_keys(['example_short_circuit_decorator']) retrieved from /home/debian/etlhausz/venv/lib/python3.9/site-packages/airflow/example_dags/example_short_circuit_decorator.py
[2022-11-06T22:04:16.873-0300] {logging_mixin.py:120} INFO - [2022-11-06T22:04:16.872-0300] {dag.py:2585} INFO - Sync 1 DAGs
[2022-11-06T22:04:16.891-0300] {logging_mixin.py:120} INFO - [2022-11-06T22:04:16.891-0300] {dag.py:3336} INFO - Setting next_dagrun for example_short_circuit_decorator to 2022-11-06T01:04:16.891237+00:00, run_after=2022-11-07T01:04:16.891237+00:00
[2022-11-06T22:04:16.913-0300] {processor.py:176} INFO - Processing /home/debian/etlhausz/venv/lib/python3.9/site-packages/airflow/example_dags/example_short_circuit_decorator.py took 0.115 seconds
[2022-11-06T22:04:49.177-0300] {processor.py:154} INFO - Started process (PID=8817) to work on /home/debian/etlhausz/venv/lib/python3.9/site-packages/airflow/example_dags/example_short_circuit_decorator.py
[2022-11-06T22:04:49.180-0300] {processor.py:756} INFO - Processing file /home/debian/etlhausz/venv/lib/python3.9/site-packages/airflow/example_dags/example_short_circuit_decorator.py for tasks to queue
[2022-11-06T22:04:49.180-0300] {logging_mixin.py:120} INFO - [2022-11-06T22:04:49.180-0300] {dagbag.py:537} INFO - Filling up the DagBag from /home/debian/etlhausz/venv/lib/python3.9/site-packages/airflow/example_dags/example_short_circuit_decorator.py
[2022-11-06T22:04:49.197-0300] {processor.py:766} INFO - DAG(s) dict_keys(['example_short_circuit_decorator']) retrieved from /home/debian/etlhausz/venv/lib/python3.9/site-packages/airflow/example_dags/example_short_circuit_decorator.py
[2022-11-06T22:04:49.256-0300] {logging_mixin.py:120} INFO - [2022-11-06T22:04:49.256-0300] {dag.py:2585} INFO - Sync 1 DAGs
[2022-11-06T22:04:49.295-0300] {logging_mixin.py:120} INFO - [2022-11-06T22:04:49.295-0300] {dag.py:3336} INFO - Setting next_dagrun for example_short_circuit_decorator to 2022-11-06T01:04:49.295105+00:00, run_after=2022-11-07T01:04:49.295105+00:00
[2022-11-06T22:04:49.343-0300] {processor.py:176} INFO - Processing /home/debian/etlhausz/venv/lib/python3.9/site-packages/airflow/example_dags/example_short_circuit_decorator.py took 0.169 seconds
[2022-11-06T22:05:29.198-0300] {processor.py:154} INFO - Started process (PID=9810) to work on /home/debian/etlhausz/venv/lib/python3.9/site-packages/airflow/example_dags/example_short_circuit_decorator.py
[2022-11-06T22:05:29.200-0300] {processor.py:756} INFO - Processing file /home/debian/etlhausz/venv/lib/python3.9/site-packages/airflow/example_dags/example_short_circuit_decorator.py for tasks to queue
[2022-11-06T22:05:29.202-0300] {logging_mixin.py:120} INFO - [2022-11-06T22:05:29.201-0300] {dagbag.py:537} INFO - Filling up the DagBag from /home/debian/etlhausz/venv/lib/python3.9/site-packages/airflow/example_dags/example_short_circuit_decorator.py
[2022-11-06T22:05:29.309-0300] {processor.py:766} INFO - DAG(s) dict_keys(['example_short_circuit_decorator']) retrieved from /home/debian/etlhausz/venv/lib/python3.9/site-packages/airflow/example_dags/example_short_circuit_decorator.py
[2022-11-06T22:05:29.630-0300] {logging_mixin.py:120} INFO - [2022-11-06T22:05:29.619-0300] {dag.py:2585} INFO - Sync 1 DAGs
[2022-11-06T22:05:29.714-0300] {logging_mixin.py:120} INFO - [2022-11-06T22:05:29.713-0300] {dag.py:3336} INFO - Setting next_dagrun for example_short_circuit_decorator to 2022-11-06T01:05:29.713756+00:00, run_after=2022-11-07T01:05:29.713756+00:00
[2022-11-06T22:05:29.842-0300] {processor.py:176} INFO - Processing /home/debian/etlhausz/venv/lib/python3.9/site-packages/airflow/example_dags/example_short_circuit_decorator.py took 0.650 seconds
[2022-11-06T22:06:00.074-0300] {processor.py:154} INFO - Started process (PID=10334) to work on /home/debian/etlhausz/venv/lib/python3.9/site-packages/airflow/example_dags/example_short_circuit_decorator.py
[2022-11-06T22:06:00.075-0300] {processor.py:756} INFO - Processing file /home/debian/etlhausz/venv/lib/python3.9/site-packages/airflow/example_dags/example_short_circuit_decorator.py for tasks to queue
[2022-11-06T22:06:00.076-0300] {logging_mixin.py:120} INFO - [2022-11-06T22:06:00.075-0300] {dagbag.py:537} INFO - Filling up the DagBag from /home/debian/etlhausz/venv/lib/python3.9/site-packages/airflow/example_dags/example_short_circuit_decorator.py
[2022-11-06T22:06:00.096-0300] {processor.py:766} INFO - DAG(s) dict_keys(['example_short_circuit_decorator']) retrieved from /home/debian/etlhausz/venv/lib/python3.9/site-packages/airflow/example_dags/example_short_circuit_decorator.py
[2022-11-06T22:06:00.170-0300] {logging_mixin.py:120} INFO - [2022-11-06T22:06:00.169-0300] {dag.py:2585} INFO - Sync 1 DAGs
[2022-11-06T22:06:00.209-0300] {logging_mixin.py:120} INFO - [2022-11-06T22:06:00.209-0300] {dag.py:3336} INFO - Setting next_dagrun for example_short_circuit_decorator to 2022-11-06T01:06:00.209188+00:00, run_after=2022-11-07T01:06:00.209188+00:00
[2022-11-06T22:06:00.234-0300] {processor.py:176} INFO - Processing /home/debian/etlhausz/venv/lib/python3.9/site-packages/airflow/example_dags/example_short_circuit_decorator.py took 0.164 seconds
[2022-11-06T22:06:30.436-0300] {processor.py:154} INFO - Started process (PID=10941) to work on /home/debian/etlhausz/venv/lib/python3.9/site-packages/airflow/example_dags/example_short_circuit_decorator.py
[2022-11-06T22:06:30.437-0300] {processor.py:756} INFO - Processing file /home/debian/etlhausz/venv/lib/python3.9/site-packages/airflow/example_dags/example_short_circuit_decorator.py for tasks to queue
[2022-11-06T22:06:30.437-0300] {logging_mixin.py:120} INFO - [2022-11-06T22:06:30.437-0300] {dagbag.py:537} INFO - Filling up the DagBag from /home/debian/etlhausz/venv/lib/python3.9/site-packages/airflow/example_dags/example_short_circuit_decorator.py
[2022-11-06T22:06:30.459-0300] {processor.py:766} INFO - DAG(s) dict_keys(['example_short_circuit_decorator']) retrieved from /home/debian/etlhausz/venv/lib/python3.9/site-packages/airflow/example_dags/example_short_circuit_decorator.py
[2022-11-06T22:06:30.510-0300] {logging_mixin.py:120} INFO - [2022-11-06T22:06:30.510-0300] {dag.py:2585} INFO - Sync 1 DAGs
[2022-11-06T22:06:30.528-0300] {logging_mixin.py:120} INFO - [2022-11-06T22:06:30.528-0300] {dag.py:3336} INFO - Setting next_dagrun for example_short_circuit_decorator to 2022-11-06T01:06:30.528391+00:00, run_after=2022-11-07T01:06:30.528391+00:00
[2022-11-06T22:06:30.544-0300] {processor.py:176} INFO - Processing /home/debian/etlhausz/venv/lib/python3.9/site-packages/airflow/example_dags/example_short_circuit_decorator.py took 0.111 seconds
[2022-11-06T22:07:02.259-0300] {processor.py:154} INFO - Started process (PID=11494) to work on /home/debian/etlhausz/venv/lib/python3.9/site-packages/airflow/example_dags/example_short_circuit_decorator.py
[2022-11-06T22:07:02.261-0300] {processor.py:756} INFO - Processing file /home/debian/etlhausz/venv/lib/python3.9/site-packages/airflow/example_dags/example_short_circuit_decorator.py for tasks to queue
[2022-11-06T22:07:02.262-0300] {logging_mixin.py:120} INFO - [2022-11-06T22:07:02.262-0300] {dagbag.py:537} INFO - Filling up the DagBag from /home/debian/etlhausz/venv/lib/python3.9/site-packages/airflow/example_dags/example_short_circuit_decorator.py
[2022-11-06T22:07:02.284-0300] {processor.py:766} INFO - DAG(s) dict_keys(['example_short_circuit_decorator']) retrieved from /home/debian/etlhausz/venv/lib/python3.9/site-packages/airflow/example_dags/example_short_circuit_decorator.py
[2022-11-06T22:07:02.331-0300] {logging_mixin.py:120} INFO - [2022-11-06T22:07:02.331-0300] {dag.py:2585} INFO - Sync 1 DAGs
[2022-11-06T22:07:02.353-0300] {logging_mixin.py:120} INFO - [2022-11-06T22:07:02.353-0300] {dag.py:3336} INFO - Setting next_dagrun for example_short_circuit_decorator to 2022-11-06T01:07:02.353211+00:00, run_after=2022-11-07T01:07:02.353211+00:00
[2022-11-06T22:07:02.374-0300] {processor.py:176} INFO - Processing /home/debian/etlhausz/venv/lib/python3.9/site-packages/airflow/example_dags/example_short_circuit_decorator.py took 0.118 seconds
[2022-11-06T22:07:36.233-0300] {processor.py:154} INFO - Started process (PID=12269) to work on /home/debian/etlhausz/venv/lib/python3.9/site-packages/airflow/example_dags/example_short_circuit_decorator.py
[2022-11-06T22:07:36.235-0300] {processor.py:756} INFO - Processing file /home/debian/etlhausz/venv/lib/python3.9/site-packages/airflow/example_dags/example_short_circuit_decorator.py for tasks to queue
[2022-11-06T22:07:36.236-0300] {logging_mixin.py:120} INFO - [2022-11-06T22:07:36.236-0300] {dagbag.py:537} INFO - Filling up the DagBag from /home/debian/etlhausz/venv/lib/python3.9/site-packages/airflow/example_dags/example_short_circuit_decorator.py
[2022-11-06T22:07:36.264-0300] {processor.py:766} INFO - DAG(s) dict_keys(['example_short_circuit_decorator']) retrieved from /home/debian/etlhausz/venv/lib/python3.9/site-packages/airflow/example_dags/example_short_circuit_decorator.py
[2022-11-06T22:07:36.308-0300] {logging_mixin.py:120} INFO - [2022-11-06T22:07:36.308-0300] {dag.py:2585} INFO - Sync 1 DAGs
[2022-11-06T22:07:36.329-0300] {logging_mixin.py:120} INFO - [2022-11-06T22:07:36.329-0300] {dag.py:3336} INFO - Setting next_dagrun for example_short_circuit_decorator to 2022-11-06T01:07:36.329142+00:00, run_after=2022-11-07T01:07:36.329142+00:00
[2022-11-06T22:07:36.350-0300] {processor.py:176} INFO - Processing /home/debian/etlhausz/venv/lib/python3.9/site-packages/airflow/example_dags/example_short_circuit_decorator.py took 0.120 seconds
[2022-11-06T22:08:08.361-0300] {processor.py:154} INFO - Started process (PID=13002) to work on /home/debian/etlhausz/venv/lib/python3.9/site-packages/airflow/example_dags/example_short_circuit_decorator.py
[2022-11-06T22:08:08.363-0300] {processor.py:756} INFO - Processing file /home/debian/etlhausz/venv/lib/python3.9/site-packages/airflow/example_dags/example_short_circuit_decorator.py for tasks to queue
[2022-11-06T22:08:08.363-0300] {logging_mixin.py:120} INFO - [2022-11-06T22:08:08.363-0300] {dagbag.py:537} INFO - Filling up the DagBag from /home/debian/etlhausz/venv/lib/python3.9/site-packages/airflow/example_dags/example_short_circuit_decorator.py
[2022-11-06T22:08:08.384-0300] {processor.py:766} INFO - DAG(s) dict_keys(['example_short_circuit_decorator']) retrieved from /home/debian/etlhausz/venv/lib/python3.9/site-packages/airflow/example_dags/example_short_circuit_decorator.py
[2022-11-06T22:08:08.423-0300] {logging_mixin.py:120} INFO - [2022-11-06T22:08:08.423-0300] {dag.py:2585} INFO - Sync 1 DAGs
[2022-11-06T22:08:08.440-0300] {logging_mixin.py:120} INFO - [2022-11-06T22:08:08.440-0300] {dag.py:3336} INFO - Setting next_dagrun for example_short_circuit_decorator to 2022-11-06T01:08:08.440550+00:00, run_after=2022-11-07T01:08:08.440550+00:00
[2022-11-06T22:08:08.456-0300] {processor.py:176} INFO - Processing /home/debian/etlhausz/venv/lib/python3.9/site-packages/airflow/example_dags/example_short_circuit_decorator.py took 0.098 seconds
[2022-11-06T22:08:40.005-0300] {processor.py:154} INFO - Started process (PID=13679) to work on /home/debian/etlhausz/venv/lib/python3.9/site-packages/airflow/example_dags/example_short_circuit_decorator.py
[2022-11-06T22:08:40.006-0300] {processor.py:756} INFO - Processing file /home/debian/etlhausz/venv/lib/python3.9/site-packages/airflow/example_dags/example_short_circuit_decorator.py for tasks to queue
[2022-11-06T22:08:40.006-0300] {logging_mixin.py:120} INFO - [2022-11-06T22:08:40.006-0300] {dagbag.py:537} INFO - Filling up the DagBag from /home/debian/etlhausz/venv/lib/python3.9/site-packages/airflow/example_dags/example_short_circuit_decorator.py
[2022-11-06T22:08:40.029-0300] {processor.py:766} INFO - DAG(s) dict_keys(['example_short_circuit_decorator']) retrieved from /home/debian/etlhausz/venv/lib/python3.9/site-packages/airflow/example_dags/example_short_circuit_decorator.py
[2022-11-06T22:08:40.076-0300] {logging_mixin.py:120} INFO - [2022-11-06T22:08:40.076-0300] {dag.py:2585} INFO - Sync 1 DAGs
[2022-11-06T22:08:40.099-0300] {logging_mixin.py:120} INFO - [2022-11-06T22:08:40.099-0300] {dag.py:3336} INFO - Setting next_dagrun for example_short_circuit_decorator to 2022-11-06T01:08:40.098040+00:00, run_after=2022-11-07T01:08:40.098040+00:00
[2022-11-06T22:08:40.122-0300] {processor.py:176} INFO - Processing /home/debian/etlhausz/venv/lib/python3.9/site-packages/airflow/example_dags/example_short_circuit_decorator.py took 0.121 seconds
[2022-11-06T22:09:12.332-0300] {processor.py:154} INFO - Started process (PID=14350) to work on /home/debian/etlhausz/venv/lib/python3.9/site-packages/airflow/example_dags/example_short_circuit_decorator.py
[2022-11-06T22:09:12.337-0300] {processor.py:756} INFO - Processing file /home/debian/etlhausz/venv/lib/python3.9/site-packages/airflow/example_dags/example_short_circuit_decorator.py for tasks to queue
[2022-11-06T22:09:12.343-0300] {logging_mixin.py:120} INFO - [2022-11-06T22:09:12.341-0300] {dagbag.py:537} INFO - Filling up the DagBag from /home/debian/etlhausz/venv/lib/python3.9/site-packages/airflow/example_dags/example_short_circuit_decorator.py
[2022-11-06T22:09:12.381-0300] {processor.py:766} INFO - DAG(s) dict_keys(['example_short_circuit_decorator']) retrieved from /home/debian/etlhausz/venv/lib/python3.9/site-packages/airflow/example_dags/example_short_circuit_decorator.py
[2022-11-06T22:09:12.449-0300] {logging_mixin.py:120} INFO - [2022-11-06T22:09:12.448-0300] {dag.py:2585} INFO - Sync 1 DAGs
[2022-11-06T22:09:12.486-0300] {logging_mixin.py:120} INFO - [2022-11-06T22:09:12.486-0300] {dag.py:3336} INFO - Setting next_dagrun for example_short_circuit_decorator to 2022-11-06T01:09:12.486553+00:00, run_after=2022-11-07T01:09:12.486553+00:00
[2022-11-06T22:09:12.511-0300] {processor.py:176} INFO - Processing /home/debian/etlhausz/venv/lib/python3.9/site-packages/airflow/example_dags/example_short_circuit_decorator.py took 0.183 seconds
[2022-11-06T22:09:45.088-0300] {processor.py:154} INFO - Started process (PID=14972) to work on /home/debian/etlhausz/venv/lib/python3.9/site-packages/airflow/example_dags/example_short_circuit_decorator.py
[2022-11-06T22:09:45.089-0300] {processor.py:756} INFO - Processing file /home/debian/etlhausz/venv/lib/python3.9/site-packages/airflow/example_dags/example_short_circuit_decorator.py for tasks to queue
[2022-11-06T22:09:45.090-0300] {logging_mixin.py:120} INFO - [2022-11-06T22:09:45.090-0300] {dagbag.py:537} INFO - Filling up the DagBag from /home/debian/etlhausz/venv/lib/python3.9/site-packages/airflow/example_dags/example_short_circuit_decorator.py
[2022-11-06T22:09:45.113-0300] {processor.py:766} INFO - DAG(s) dict_keys(['example_short_circuit_decorator']) retrieved from /home/debian/etlhausz/venv/lib/python3.9/site-packages/airflow/example_dags/example_short_circuit_decorator.py
[2022-11-06T22:09:45.152-0300] {logging_mixin.py:120} INFO - [2022-11-06T22:09:45.152-0300] {dag.py:2585} INFO - Sync 1 DAGs
[2022-11-06T22:09:45.173-0300] {logging_mixin.py:120} INFO - [2022-11-06T22:09:45.173-0300] {dag.py:3336} INFO - Setting next_dagrun for example_short_circuit_decorator to 2022-11-06T01:09:45.172904+00:00, run_after=2022-11-07T01:09:45.172904+00:00
[2022-11-06T22:09:45.188-0300] {processor.py:176} INFO - Processing /home/debian/etlhausz/venv/lib/python3.9/site-packages/airflow/example_dags/example_short_circuit_decorator.py took 0.103 seconds
[2022-11-06T22:10:16.880-0300] {processor.py:154} INFO - Started process (PID=15574) to work on /home/debian/etlhausz/venv/lib/python3.9/site-packages/airflow/example_dags/example_short_circuit_decorator.py
[2022-11-06T22:10:16.882-0300] {processor.py:756} INFO - Processing file /home/debian/etlhausz/venv/lib/python3.9/site-packages/airflow/example_dags/example_short_circuit_decorator.py for tasks to queue
[2022-11-06T22:10:16.883-0300] {logging_mixin.py:120} INFO - [2022-11-06T22:10:16.883-0300] {dagbag.py:537} INFO - Filling up the DagBag from /home/debian/etlhausz/venv/lib/python3.9/site-packages/airflow/example_dags/example_short_circuit_decorator.py
[2022-11-06T22:10:16.936-0300] {processor.py:766} INFO - DAG(s) dict_keys(['example_short_circuit_decorator']) retrieved from /home/debian/etlhausz/venv/lib/python3.9/site-packages/airflow/example_dags/example_short_circuit_decorator.py
[2022-11-06T22:10:17.041-0300] {logging_mixin.py:120} INFO - [2022-11-06T22:10:17.041-0300] {dag.py:2585} INFO - Sync 1 DAGs
[2022-11-06T22:10:17.076-0300] {logging_mixin.py:120} INFO - [2022-11-06T22:10:17.076-0300] {dag.py:3336} INFO - Setting next_dagrun for example_short_circuit_decorator to 2022-11-06T01:10:17.076303+00:00, run_after=2022-11-07T01:10:17.076303+00:00
[2022-11-06T22:10:17.118-0300] {processor.py:176} INFO - Processing /home/debian/etlhausz/venv/lib/python3.9/site-packages/airflow/example_dags/example_short_circuit_decorator.py took 0.242 seconds
[2022-11-06T22:10:48.241-0300] {processor.py:154} INFO - Started process (PID=16186) to work on /home/debian/etlhausz/venv/lib/python3.9/site-packages/airflow/example_dags/example_short_circuit_decorator.py
[2022-11-06T22:10:48.243-0300] {processor.py:756} INFO - Processing file /home/debian/etlhausz/venv/lib/python3.9/site-packages/airflow/example_dags/example_short_circuit_decorator.py for tasks to queue
[2022-11-06T22:10:48.243-0300] {logging_mixin.py:120} INFO - [2022-11-06T22:10:48.243-0300] {dagbag.py:537} INFO - Filling up the DagBag from /home/debian/etlhausz/venv/lib/python3.9/site-packages/airflow/example_dags/example_short_circuit_decorator.py
[2022-11-06T22:10:48.263-0300] {processor.py:766} INFO - DAG(s) dict_keys(['example_short_circuit_decorator']) retrieved from /home/debian/etlhausz/venv/lib/python3.9/site-packages/airflow/example_dags/example_short_circuit_decorator.py
[2022-11-06T22:10:48.325-0300] {logging_mixin.py:120} INFO - [2022-11-06T22:10:48.325-0300] {dag.py:2585} INFO - Sync 1 DAGs
[2022-11-06T22:10:48.346-0300] {logging_mixin.py:120} INFO - [2022-11-06T22:10:48.346-0300] {dag.py:3336} INFO - Setting next_dagrun for example_short_circuit_decorator to 2022-11-06T01:10:48.346395+00:00, run_after=2022-11-07T01:10:48.346395+00:00
[2022-11-06T22:10:48.367-0300] {processor.py:176} INFO - Processing /home/debian/etlhausz/venv/lib/python3.9/site-packages/airflow/example_dags/example_short_circuit_decorator.py took 0.132 seconds
[2022-11-06T22:11:22.036-0300] {processor.py:154} INFO - Started process (PID=16789) to work on /home/debian/etlhausz/venv/lib/python3.9/site-packages/airflow/example_dags/example_short_circuit_decorator.py
[2022-11-06T22:11:22.037-0300] {processor.py:756} INFO - Processing file /home/debian/etlhausz/venv/lib/python3.9/site-packages/airflow/example_dags/example_short_circuit_decorator.py for tasks to queue
[2022-11-06T22:11:22.038-0300] {logging_mixin.py:120} INFO - [2022-11-06T22:11:22.038-0300] {dagbag.py:537} INFO - Filling up the DagBag from /home/debian/etlhausz/venv/lib/python3.9/site-packages/airflow/example_dags/example_short_circuit_decorator.py
[2022-11-06T22:11:22.067-0300] {processor.py:766} INFO - DAG(s) dict_keys(['example_short_circuit_decorator']) retrieved from /home/debian/etlhausz/venv/lib/python3.9/site-packages/airflow/example_dags/example_short_circuit_decorator.py
[2022-11-06T22:11:22.124-0300] {logging_mixin.py:120} INFO - [2022-11-06T22:11:22.124-0300] {dag.py:2585} INFO - Sync 1 DAGs
[2022-11-06T22:11:22.247-0300] {logging_mixin.py:120} INFO - [2022-11-06T22:11:22.247-0300] {dag.py:3336} INFO - Setting next_dagrun for example_short_circuit_decorator to 2022-11-06T01:11:22.247035+00:00, run_after=2022-11-07T01:11:22.247035+00:00
[2022-11-06T22:11:22.279-0300] {processor.py:176} INFO - Processing /home/debian/etlhausz/venv/lib/python3.9/site-packages/airflow/example_dags/example_short_circuit_decorator.py took 0.246 seconds
[2022-11-06T22:11:56.098-0300] {processor.py:154} INFO - Started process (PID=17338) to work on /home/debian/etlhausz/venv/lib/python3.9/site-packages/airflow/example_dags/example_short_circuit_decorator.py
[2022-11-06T22:11:56.100-0300] {processor.py:756} INFO - Processing file /home/debian/etlhausz/venv/lib/python3.9/site-packages/airflow/example_dags/example_short_circuit_decorator.py for tasks to queue
[2022-11-06T22:11:56.100-0300] {logging_mixin.py:120} INFO - [2022-11-06T22:11:56.100-0300] {dagbag.py:537} INFO - Filling up the DagBag from /home/debian/etlhausz/venv/lib/python3.9/site-packages/airflow/example_dags/example_short_circuit_decorator.py
[2022-11-06T22:11:56.162-0300] {processor.py:766} INFO - DAG(s) dict_keys(['example_short_circuit_decorator']) retrieved from /home/debian/etlhausz/venv/lib/python3.9/site-packages/airflow/example_dags/example_short_circuit_decorator.py
[2022-11-06T22:11:56.281-0300] {logging_mixin.py:120} INFO - [2022-11-06T22:11:56.281-0300] {dag.py:2585} INFO - Sync 1 DAGs
[2022-11-06T22:11:56.579-0300] {logging_mixin.py:120} INFO - [2022-11-06T22:11:56.579-0300] {dag.py:3336} INFO - Setting next_dagrun for example_short_circuit_decorator to 2022-11-06T01:11:56.578825+00:00, run_after=2022-11-07T01:11:56.578825+00:00
[2022-11-06T22:11:56.649-0300] {processor.py:176} INFO - Processing /home/debian/etlhausz/venv/lib/python3.9/site-packages/airflow/example_dags/example_short_circuit_decorator.py took 0.560 seconds
[2022-11-06T22:12:27.189-0300] {processor.py:154} INFO - Started process (PID=17873) to work on /home/debian/etlhausz/venv/lib/python3.9/site-packages/airflow/example_dags/example_short_circuit_decorator.py
[2022-11-06T22:12:27.191-0300] {processor.py:756} INFO - Processing file /home/debian/etlhausz/venv/lib/python3.9/site-packages/airflow/example_dags/example_short_circuit_decorator.py for tasks to queue
[2022-11-06T22:12:27.192-0300] {logging_mixin.py:120} INFO - [2022-11-06T22:12:27.192-0300] {dagbag.py:537} INFO - Filling up the DagBag from /home/debian/etlhausz/venv/lib/python3.9/site-packages/airflow/example_dags/example_short_circuit_decorator.py
[2022-11-06T22:12:27.287-0300] {processor.py:766} INFO - DAG(s) dict_keys(['example_short_circuit_decorator']) retrieved from /home/debian/etlhausz/venv/lib/python3.9/site-packages/airflow/example_dags/example_short_circuit_decorator.py
[2022-11-06T22:12:27.751-0300] {logging_mixin.py:120} INFO - [2022-11-06T22:12:27.751-0300] {dag.py:2585} INFO - Sync 1 DAGs
[2022-11-06T22:12:27.775-0300] {logging_mixin.py:120} INFO - [2022-11-06T22:12:27.775-0300] {dag.py:3336} INFO - Setting next_dagrun for example_short_circuit_decorator to 2022-11-06T01:12:27.775264+00:00, run_after=2022-11-07T01:12:27.775264+00:00
[2022-11-06T22:12:27.812-0300] {processor.py:176} INFO - Processing /home/debian/etlhausz/venv/lib/python3.9/site-packages/airflow/example_dags/example_short_circuit_decorator.py took 0.626 seconds
[2022-11-06T22:12:59.740-0300] {processor.py:154} INFO - Started process (PID=18577) to work on /home/debian/etlhausz/venv/lib/python3.9/site-packages/airflow/example_dags/example_short_circuit_decorator.py
[2022-11-06T22:12:59.746-0300] {processor.py:756} INFO - Processing file /home/debian/etlhausz/venv/lib/python3.9/site-packages/airflow/example_dags/example_short_circuit_decorator.py for tasks to queue
[2022-11-06T22:12:59.751-0300] {logging_mixin.py:120} INFO - [2022-11-06T22:12:59.751-0300] {dagbag.py:537} INFO - Filling up the DagBag from /home/debian/etlhausz/venv/lib/python3.9/site-packages/airflow/example_dags/example_short_circuit_decorator.py
[2022-11-06T22:12:59.787-0300] {processor.py:766} INFO - DAG(s) dict_keys(['example_short_circuit_decorator']) retrieved from /home/debian/etlhausz/venv/lib/python3.9/site-packages/airflow/example_dags/example_short_circuit_decorator.py
[2022-11-06T22:12:59.970-0300] {logging_mixin.py:120} INFO - [2022-11-06T22:12:59.970-0300] {dag.py:2585} INFO - Sync 1 DAGs
[2022-11-06T22:12:59.991-0300] {logging_mixin.py:120} INFO - [2022-11-06T22:12:59.991-0300] {dag.py:3336} INFO - Setting next_dagrun for example_short_circuit_decorator to 2022-11-06T01:12:59.991573+00:00, run_after=2022-11-07T01:12:59.991573+00:00
[2022-11-06T22:13:00.012-0300] {processor.py:176} INFO - Processing /home/debian/etlhausz/venv/lib/python3.9/site-packages/airflow/example_dags/example_short_circuit_decorator.py took 0.281 seconds
[2022-11-06T22:13:31.541-0300] {processor.py:154} INFO - Started process (PID=19192) to work on /home/debian/etlhausz/venv/lib/python3.9/site-packages/airflow/example_dags/example_short_circuit_decorator.py
[2022-11-06T22:13:31.542-0300] {processor.py:756} INFO - Processing file /home/debian/etlhausz/venv/lib/python3.9/site-packages/airflow/example_dags/example_short_circuit_decorator.py for tasks to queue
[2022-11-06T22:13:31.547-0300] {logging_mixin.py:120} INFO - [2022-11-06T22:13:31.544-0300] {dagbag.py:537} INFO - Filling up the DagBag from /home/debian/etlhausz/venv/lib/python3.9/site-packages/airflow/example_dags/example_short_circuit_decorator.py
[2022-11-06T22:13:31.576-0300] {processor.py:766} INFO - DAG(s) dict_keys(['example_short_circuit_decorator']) retrieved from /home/debian/etlhausz/venv/lib/python3.9/site-packages/airflow/example_dags/example_short_circuit_decorator.py
[2022-11-06T22:13:31.627-0300] {logging_mixin.py:120} INFO - [2022-11-06T22:13:31.627-0300] {dag.py:2585} INFO - Sync 1 DAGs
[2022-11-06T22:13:31.785-0300] {logging_mixin.py:120} INFO - [2022-11-06T22:13:31.785-0300] {dag.py:3336} INFO - Setting next_dagrun for example_short_circuit_decorator to 2022-11-06T01:13:31.785366+00:00, run_after=2022-11-07T01:13:31.785366+00:00
[2022-11-06T22:13:31.823-0300] {processor.py:176} INFO - Processing /home/debian/etlhausz/venv/lib/python3.9/site-packages/airflow/example_dags/example_short_circuit_decorator.py took 0.285 seconds
[2022-11-06T22:14:03.449-0300] {processor.py:154} INFO - Started process (PID=19783) to work on /home/debian/etlhausz/venv/lib/python3.9/site-packages/airflow/example_dags/example_short_circuit_decorator.py
[2022-11-06T22:14:03.450-0300] {processor.py:756} INFO - Processing file /home/debian/etlhausz/venv/lib/python3.9/site-packages/airflow/example_dags/example_short_circuit_decorator.py for tasks to queue
[2022-11-06T22:14:03.450-0300] {logging_mixin.py:120} INFO - [2022-11-06T22:14:03.450-0300] {dagbag.py:537} INFO - Filling up the DagBag from /home/debian/etlhausz/venv/lib/python3.9/site-packages/airflow/example_dags/example_short_circuit_decorator.py
[2022-11-06T22:14:03.470-0300] {processor.py:766} INFO - DAG(s) dict_keys(['example_short_circuit_decorator']) retrieved from /home/debian/etlhausz/venv/lib/python3.9/site-packages/airflow/example_dags/example_short_circuit_decorator.py
[2022-11-06T22:14:03.514-0300] {logging_mixin.py:120} INFO - [2022-11-06T22:14:03.514-0300] {dag.py:2585} INFO - Sync 1 DAGs
[2022-11-06T22:14:03.625-0300] {logging_mixin.py:120} INFO - [2022-11-06T22:14:03.625-0300] {dag.py:3336} INFO - Setting next_dagrun for example_short_circuit_decorator to 2022-11-06T01:14:03.624927+00:00, run_after=2022-11-07T01:14:03.624927+00:00
[2022-11-06T22:14:03.650-0300] {processor.py:176} INFO - Processing /home/debian/etlhausz/venv/lib/python3.9/site-packages/airflow/example_dags/example_short_circuit_decorator.py took 0.205 seconds
[2022-11-06T22:14:35.890-0300] {processor.py:154} INFO - Started process (PID=20345) to work on /home/debian/etlhausz/venv/lib/python3.9/site-packages/airflow/example_dags/example_short_circuit_decorator.py
[2022-11-06T22:14:35.891-0300] {processor.py:756} INFO - Processing file /home/debian/etlhausz/venv/lib/python3.9/site-packages/airflow/example_dags/example_short_circuit_decorator.py for tasks to queue
[2022-11-06T22:14:35.892-0300] {logging_mixin.py:120} INFO - [2022-11-06T22:14:35.892-0300] {dagbag.py:537} INFO - Filling up the DagBag from /home/debian/etlhausz/venv/lib/python3.9/site-packages/airflow/example_dags/example_short_circuit_decorator.py
[2022-11-06T22:14:35.908-0300] {processor.py:766} INFO - DAG(s) dict_keys(['example_short_circuit_decorator']) retrieved from /home/debian/etlhausz/venv/lib/python3.9/site-packages/airflow/example_dags/example_short_circuit_decorator.py
[2022-11-06T22:14:36.083-0300] {logging_mixin.py:120} INFO - [2022-11-06T22:14:36.083-0300] {dag.py:2585} INFO - Sync 1 DAGs
[2022-11-06T22:14:36.113-0300] {logging_mixin.py:120} INFO - [2022-11-06T22:14:36.113-0300] {dag.py:3336} INFO - Setting next_dagrun for example_short_circuit_decorator to 2022-11-06T01:14:36.113311+00:00, run_after=2022-11-07T01:14:36.113311+00:00
[2022-11-06T22:14:36.143-0300] {processor.py:176} INFO - Processing /home/debian/etlhausz/venv/lib/python3.9/site-packages/airflow/example_dags/example_short_circuit_decorator.py took 0.257 seconds
[2022-11-06T22:15:07.702-0300] {processor.py:154} INFO - Started process (PID=20926) to work on /home/debian/etlhausz/venv/lib/python3.9/site-packages/airflow/example_dags/example_short_circuit_decorator.py
[2022-11-06T22:15:07.703-0300] {processor.py:756} INFO - Processing file /home/debian/etlhausz/venv/lib/python3.9/site-packages/airflow/example_dags/example_short_circuit_decorator.py for tasks to queue
[2022-11-06T22:15:07.704-0300] {logging_mixin.py:120} INFO - [2022-11-06T22:15:07.704-0300] {dagbag.py:537} INFO - Filling up the DagBag from /home/debian/etlhausz/venv/lib/python3.9/site-packages/airflow/example_dags/example_short_circuit_decorator.py
[2022-11-06T22:15:07.835-0300] {processor.py:766} INFO - DAG(s) dict_keys(['example_short_circuit_decorator']) retrieved from /home/debian/etlhausz/venv/lib/python3.9/site-packages/airflow/example_dags/example_short_circuit_decorator.py
[2022-11-06T22:15:07.877-0300] {logging_mixin.py:120} INFO - [2022-11-06T22:15:07.877-0300] {dag.py:2585} INFO - Sync 1 DAGs
[2022-11-06T22:15:07.898-0300] {logging_mixin.py:120} INFO - [2022-11-06T22:15:07.898-0300] {dag.py:3336} INFO - Setting next_dagrun for example_short_circuit_decorator to 2022-11-06T01:15:07.898491+00:00, run_after=2022-11-07T01:15:07.898491+00:00
[2022-11-06T22:15:07.932-0300] {processor.py:176} INFO - Processing /home/debian/etlhausz/venv/lib/python3.9/site-packages/airflow/example_dags/example_short_circuit_decorator.py took 0.234 seconds
[2022-11-06T22:15:39.862-0300] {processor.py:154} INFO - Started process (PID=21569) to work on /home/debian/etlhausz/venv/lib/python3.9/site-packages/airflow/example_dags/example_short_circuit_decorator.py
[2022-11-06T22:15:39.866-0300] {processor.py:756} INFO - Processing file /home/debian/etlhausz/venv/lib/python3.9/site-packages/airflow/example_dags/example_short_circuit_decorator.py for tasks to queue
[2022-11-06T22:15:39.867-0300] {logging_mixin.py:120} INFO - [2022-11-06T22:15:39.867-0300] {dagbag.py:537} INFO - Filling up the DagBag from /home/debian/etlhausz/venv/lib/python3.9/site-packages/airflow/example_dags/example_short_circuit_decorator.py
[2022-11-06T22:15:39.911-0300] {processor.py:766} INFO - DAG(s) dict_keys(['example_short_circuit_decorator']) retrieved from /home/debian/etlhausz/venv/lib/python3.9/site-packages/airflow/example_dags/example_short_circuit_decorator.py
[2022-11-06T22:15:39.984-0300] {logging_mixin.py:120} INFO - [2022-11-06T22:15:39.984-0300] {dag.py:2585} INFO - Sync 1 DAGs
[2022-11-06T22:15:40.180-0300] {logging_mixin.py:120} INFO - [2022-11-06T22:15:40.179-0300] {dag.py:3336} INFO - Setting next_dagrun for example_short_circuit_decorator to 2022-11-06T01:15:40.179741+00:00, run_after=2022-11-07T01:15:40.179741+00:00
[2022-11-06T22:15:40.203-0300] {processor.py:176} INFO - Processing /home/debian/etlhausz/venv/lib/python3.9/site-packages/airflow/example_dags/example_short_circuit_decorator.py took 0.349 seconds
[2022-11-06T22:16:11.659-0300] {processor.py:154} INFO - Started process (PID=22215) to work on /home/debian/etlhausz/venv/lib/python3.9/site-packages/airflow/example_dags/example_short_circuit_decorator.py
[2022-11-06T22:16:11.662-0300] {processor.py:756} INFO - Processing file /home/debian/etlhausz/venv/lib/python3.9/site-packages/airflow/example_dags/example_short_circuit_decorator.py for tasks to queue
[2022-11-06T22:16:11.663-0300] {logging_mixin.py:120} INFO - [2022-11-06T22:16:11.663-0300] {dagbag.py:537} INFO - Filling up the DagBag from /home/debian/etlhausz/venv/lib/python3.9/site-packages/airflow/example_dags/example_short_circuit_decorator.py
[2022-11-06T22:16:11.685-0300] {processor.py:766} INFO - DAG(s) dict_keys(['example_short_circuit_decorator']) retrieved from /home/debian/etlhausz/venv/lib/python3.9/site-packages/airflow/example_dags/example_short_circuit_decorator.py
[2022-11-06T22:16:11.903-0300] {logging_mixin.py:120} INFO - [2022-11-06T22:16:11.902-0300] {dag.py:2585} INFO - Sync 1 DAGs
[2022-11-06T22:16:11.922-0300] {logging_mixin.py:120} INFO - [2022-11-06T22:16:11.922-0300] {dag.py:3336} INFO - Setting next_dagrun for example_short_circuit_decorator to 2022-11-06T01:16:11.922205+00:00, run_after=2022-11-07T01:16:11.922205+00:00
[2022-11-06T22:16:11.938-0300] {processor.py:176} INFO - Processing /home/debian/etlhausz/venv/lib/python3.9/site-packages/airflow/example_dags/example_short_circuit_decorator.py took 0.287 seconds
[2022-11-06T22:16:44.479-0300] {processor.py:154} INFO - Started process (PID=22780) to work on /home/debian/etlhausz/venv/lib/python3.9/site-packages/airflow/example_dags/example_short_circuit_decorator.py
[2022-11-06T22:16:44.480-0300] {processor.py:756} INFO - Processing file /home/debian/etlhausz/venv/lib/python3.9/site-packages/airflow/example_dags/example_short_circuit_decorator.py for tasks to queue
[2022-11-06T22:16:44.481-0300] {logging_mixin.py:120} INFO - [2022-11-06T22:16:44.481-0300] {dagbag.py:537} INFO - Filling up the DagBag from /home/debian/etlhausz/venv/lib/python3.9/site-packages/airflow/example_dags/example_short_circuit_decorator.py
[2022-11-06T22:16:44.545-0300] {processor.py:766} INFO - DAG(s) dict_keys(['example_short_circuit_decorator']) retrieved from /home/debian/etlhausz/venv/lib/python3.9/site-packages/airflow/example_dags/example_short_circuit_decorator.py
[2022-11-06T22:16:45.046-0300] {logging_mixin.py:120} INFO - [2022-11-06T22:16:45.045-0300] {dag.py:2585} INFO - Sync 1 DAGs
[2022-11-06T22:16:45.116-0300] {logging_mixin.py:120} INFO - [2022-11-06T22:16:45.115-0300] {dag.py:3336} INFO - Setting next_dagrun for example_short_circuit_decorator to 2022-11-06T01:16:45.115495+00:00, run_after=2022-11-07T01:16:45.115495+00:00
[2022-11-06T22:16:45.176-0300] {processor.py:176} INFO - Processing /home/debian/etlhausz/venv/lib/python3.9/site-packages/airflow/example_dags/example_short_circuit_decorator.py took 0.705 seconds
[2022-11-06T22:17:16.186-0300] {processor.py:154} INFO - Started process (PID=23390) to work on /home/debian/etlhausz/venv/lib/python3.9/site-packages/airflow/example_dags/example_short_circuit_decorator.py
[2022-11-06T22:17:16.187-0300] {processor.py:756} INFO - Processing file /home/debian/etlhausz/venv/lib/python3.9/site-packages/airflow/example_dags/example_short_circuit_decorator.py for tasks to queue
[2022-11-06T22:17:16.188-0300] {logging_mixin.py:120} INFO - [2022-11-06T22:17:16.188-0300] {dagbag.py:537} INFO - Filling up the DagBag from /home/debian/etlhausz/venv/lib/python3.9/site-packages/airflow/example_dags/example_short_circuit_decorator.py
[2022-11-06T22:17:16.387-0300] {processor.py:766} INFO - DAG(s) dict_keys(['example_short_circuit_decorator']) retrieved from /home/debian/etlhausz/venv/lib/python3.9/site-packages/airflow/example_dags/example_short_circuit_decorator.py
[2022-11-06T22:17:16.451-0300] {logging_mixin.py:120} INFO - [2022-11-06T22:17:16.451-0300] {dag.py:2585} INFO - Sync 1 DAGs
[2022-11-06T22:17:16.473-0300] {logging_mixin.py:120} INFO - [2022-11-06T22:17:16.472-0300] {dag.py:3336} INFO - Setting next_dagrun for example_short_circuit_decorator to 2022-11-06T01:17:16.472727+00:00, run_after=2022-11-07T01:17:16.472727+00:00
[2022-11-06T22:17:16.491-0300] {processor.py:176} INFO - Processing /home/debian/etlhausz/venv/lib/python3.9/site-packages/airflow/example_dags/example_short_circuit_decorator.py took 0.322 seconds
[2022-11-06T22:17:47.892-0300] {processor.py:154} INFO - Started process (PID=24043) to work on /home/debian/etlhausz/venv/lib/python3.9/site-packages/airflow/example_dags/example_short_circuit_decorator.py
[2022-11-06T22:17:47.893-0300] {processor.py:756} INFO - Processing file /home/debian/etlhausz/venv/lib/python3.9/site-packages/airflow/example_dags/example_short_circuit_decorator.py for tasks to queue
[2022-11-06T22:17:47.894-0300] {logging_mixin.py:120} INFO - [2022-11-06T22:17:47.894-0300] {dagbag.py:537} INFO - Filling up the DagBag from /home/debian/etlhausz/venv/lib/python3.9/site-packages/airflow/example_dags/example_short_circuit_decorator.py
[2022-11-06T22:17:47.914-0300] {processor.py:766} INFO - DAG(s) dict_keys(['example_short_circuit_decorator']) retrieved from /home/debian/etlhausz/venv/lib/python3.9/site-packages/airflow/example_dags/example_short_circuit_decorator.py
[2022-11-06T22:17:47.960-0300] {logging_mixin.py:120} INFO - [2022-11-06T22:17:47.960-0300] {dag.py:2585} INFO - Sync 1 DAGs
[2022-11-06T22:17:48.082-0300] {logging_mixin.py:120} INFO - [2022-11-06T22:17:48.082-0300] {dag.py:3336} INFO - Setting next_dagrun for example_short_circuit_decorator to 2022-11-06T01:17:48.082376+00:00, run_after=2022-11-07T01:17:48.082376+00:00
[2022-11-06T22:17:48.105-0300] {processor.py:176} INFO - Processing /home/debian/etlhausz/venv/lib/python3.9/site-packages/airflow/example_dags/example_short_circuit_decorator.py took 0.216 seconds
[2022-11-06T22:18:18.782-0300] {processor.py:154} INFO - Started process (PID=24663) to work on /home/debian/etlhausz/venv/lib/python3.9/site-packages/airflow/example_dags/example_short_circuit_decorator.py
[2022-11-06T22:18:18.783-0300] {processor.py:756} INFO - Processing file /home/debian/etlhausz/venv/lib/python3.9/site-packages/airflow/example_dags/example_short_circuit_decorator.py for tasks to queue
[2022-11-06T22:18:18.784-0300] {logging_mixin.py:120} INFO - [2022-11-06T22:18:18.783-0300] {dagbag.py:537} INFO - Filling up the DagBag from /home/debian/etlhausz/venv/lib/python3.9/site-packages/airflow/example_dags/example_short_circuit_decorator.py
[2022-11-06T22:18:18.801-0300] {processor.py:766} INFO - DAG(s) dict_keys(['example_short_circuit_decorator']) retrieved from /home/debian/etlhausz/venv/lib/python3.9/site-packages/airflow/example_dags/example_short_circuit_decorator.py
[2022-11-06T22:18:18.933-0300] {logging_mixin.py:120} INFO - [2022-11-06T22:18:18.933-0300] {dag.py:2585} INFO - Sync 1 DAGs
[2022-11-06T22:18:18.953-0300] {logging_mixin.py:120} INFO - [2022-11-06T22:18:18.953-0300] {dag.py:3336} INFO - Setting next_dagrun for example_short_circuit_decorator to 2022-11-06T01:18:18.952991+00:00, run_after=2022-11-07T01:18:18.952991+00:00
[2022-11-06T22:18:18.973-0300] {processor.py:176} INFO - Processing /home/debian/etlhausz/venv/lib/python3.9/site-packages/airflow/example_dags/example_short_circuit_decorator.py took 0.196 seconds
[2022-11-06T22:18:52.102-0300] {processor.py:154} INFO - Started process (PID=25313) to work on /home/debian/etlhausz/venv/lib/python3.9/site-packages/airflow/example_dags/example_short_circuit_decorator.py
[2022-11-06T22:18:52.104-0300] {processor.py:756} INFO - Processing file /home/debian/etlhausz/venv/lib/python3.9/site-packages/airflow/example_dags/example_short_circuit_decorator.py for tasks to queue
[2022-11-06T22:18:52.104-0300] {logging_mixin.py:120} INFO - [2022-11-06T22:18:52.104-0300] {dagbag.py:537} INFO - Filling up the DagBag from /home/debian/etlhausz/venv/lib/python3.9/site-packages/airflow/example_dags/example_short_circuit_decorator.py
[2022-11-06T22:18:52.129-0300] {processor.py:766} INFO - DAG(s) dict_keys(['example_short_circuit_decorator']) retrieved from /home/debian/etlhausz/venv/lib/python3.9/site-packages/airflow/example_dags/example_short_circuit_decorator.py
[2022-11-06T22:18:52.281-0300] {logging_mixin.py:120} INFO - [2022-11-06T22:18:52.280-0300] {dag.py:2585} INFO - Sync 1 DAGs
[2022-11-06T22:18:52.312-0300] {logging_mixin.py:120} INFO - [2022-11-06T22:18:52.312-0300] {dag.py:3336} INFO - Setting next_dagrun for example_short_circuit_decorator to 2022-11-06T01:18:52.311284+00:00, run_after=2022-11-07T01:18:52.311284+00:00
[2022-11-06T22:18:52.347-0300] {processor.py:176} INFO - Processing /home/debian/etlhausz/venv/lib/python3.9/site-packages/airflow/example_dags/example_short_circuit_decorator.py took 0.248 seconds
[2022-11-06T22:19:18.102-0300] {processor.py:154} INFO - Started process (PID=26219) to work on /home/debian/etlhausz/venv/lib/python3.9/site-packages/airflow/example_dags/example_short_circuit_decorator.py
[2022-11-06T22:19:18.112-0300] {processor.py:756} INFO - Processing file /home/debian/etlhausz/venv/lib/python3.9/site-packages/airflow/example_dags/example_short_circuit_decorator.py for tasks to queue
[2022-11-06T22:19:18.112-0300] {logging_mixin.py:120} INFO - [2022-11-06T22:19:18.112-0300] {dagbag.py:537} INFO - Filling up the DagBag from /home/debian/etlhausz/venv/lib/python3.9/site-packages/airflow/example_dags/example_short_circuit_decorator.py
[2022-11-06T22:19:18.172-0300] {processor.py:766} INFO - DAG(s) dict_keys(['example_short_circuit_decorator']) retrieved from /home/debian/etlhausz/venv/lib/python3.9/site-packages/airflow/example_dags/example_short_circuit_decorator.py
[2022-11-06T22:19:18.254-0300] {logging_mixin.py:120} INFO - [2022-11-06T22:19:18.254-0300] {dag.py:2585} INFO - Sync 1 DAGs
[2022-11-06T22:19:18.289-0300] {logging_mixin.py:120} INFO - [2022-11-06T22:19:18.289-0300] {dag.py:3336} INFO - Setting next_dagrun for example_short_circuit_decorator to 2022-11-06T01:19:18.289142+00:00, run_after=2022-11-07T01:19:18.289142+00:00
[2022-11-06T22:19:18.342-0300] {processor.py:176} INFO - Processing /home/debian/etlhausz/venv/lib/python3.9/site-packages/airflow/example_dags/example_short_circuit_decorator.py took 0.275 seconds
[2022-11-06T22:19:48.751-0300] {processor.py:154} INFO - Started process (PID=26711) to work on /home/debian/etlhausz/venv/lib/python3.9/site-packages/airflow/example_dags/example_short_circuit_decorator.py
[2022-11-06T22:19:48.752-0300] {processor.py:756} INFO - Processing file /home/debian/etlhausz/venv/lib/python3.9/site-packages/airflow/example_dags/example_short_circuit_decorator.py for tasks to queue
[2022-11-06T22:19:48.753-0300] {logging_mixin.py:120} INFO - [2022-11-06T22:19:48.753-0300] {dagbag.py:537} INFO - Filling up the DagBag from /home/debian/etlhausz/venv/lib/python3.9/site-packages/airflow/example_dags/example_short_circuit_decorator.py
[2022-11-06T22:19:48.770-0300] {processor.py:766} INFO - DAG(s) dict_keys(['example_short_circuit_decorator']) retrieved from /home/debian/etlhausz/venv/lib/python3.9/site-packages/airflow/example_dags/example_short_circuit_decorator.py
[2022-11-06T22:19:48.811-0300] {logging_mixin.py:120} INFO - [2022-11-06T22:19:48.810-0300] {dag.py:2585} INFO - Sync 1 DAGs
[2022-11-06T22:19:48.831-0300] {logging_mixin.py:120} INFO - [2022-11-06T22:19:48.831-0300] {dag.py:3336} INFO - Setting next_dagrun for example_short_circuit_decorator to 2022-11-06T01:19:48.830985+00:00, run_after=2022-11-07T01:19:48.830985+00:00
[2022-11-06T22:19:48.850-0300] {processor.py:176} INFO - Processing /home/debian/etlhausz/venv/lib/python3.9/site-packages/airflow/example_dags/example_short_circuit_decorator.py took 0.103 seconds
[2022-11-06T22:20:21.641-0300] {processor.py:154} INFO - Started process (PID=27583) to work on /home/debian/etlhausz/venv/lib/python3.9/site-packages/airflow/example_dags/example_short_circuit_decorator.py
[2022-11-06T22:20:21.643-0300] {processor.py:756} INFO - Processing file /home/debian/etlhausz/venv/lib/python3.9/site-packages/airflow/example_dags/example_short_circuit_decorator.py for tasks to queue
[2022-11-06T22:20:21.644-0300] {logging_mixin.py:120} INFO - [2022-11-06T22:20:21.644-0300] {dagbag.py:537} INFO - Filling up the DagBag from /home/debian/etlhausz/venv/lib/python3.9/site-packages/airflow/example_dags/example_short_circuit_decorator.py
[2022-11-06T22:20:21.662-0300] {processor.py:766} INFO - DAG(s) dict_keys(['example_short_circuit_decorator']) retrieved from /home/debian/etlhausz/venv/lib/python3.9/site-packages/airflow/example_dags/example_short_circuit_decorator.py
[2022-11-06T22:20:21.709-0300] {logging_mixin.py:120} INFO - [2022-11-06T22:20:21.709-0300] {dag.py:2585} INFO - Sync 1 DAGs
[2022-11-06T22:20:21.731-0300] {logging_mixin.py:120} INFO - [2022-11-06T22:20:21.731-0300] {dag.py:3336} INFO - Setting next_dagrun for example_short_circuit_decorator to 2022-11-06T01:20:21.731616+00:00, run_after=2022-11-07T01:20:21.731616+00:00
[2022-11-06T22:20:21.751-0300] {processor.py:176} INFO - Processing /home/debian/etlhausz/venv/lib/python3.9/site-packages/airflow/example_dags/example_short_circuit_decorator.py took 0.112 seconds
[2022-11-06T22:20:53.228-0300] {processor.py:154} INFO - Started process (PID=28240) to work on /home/debian/etlhausz/venv/lib/python3.9/site-packages/airflow/example_dags/example_short_circuit_decorator.py
[2022-11-06T22:20:53.229-0300] {processor.py:756} INFO - Processing file /home/debian/etlhausz/venv/lib/python3.9/site-packages/airflow/example_dags/example_short_circuit_decorator.py for tasks to queue
[2022-11-06T22:20:53.229-0300] {logging_mixin.py:120} INFO - [2022-11-06T22:20:53.229-0300] {dagbag.py:537} INFO - Filling up the DagBag from /home/debian/etlhausz/venv/lib/python3.9/site-packages/airflow/example_dags/example_short_circuit_decorator.py
[2022-11-06T22:20:53.250-0300] {processor.py:766} INFO - DAG(s) dict_keys(['example_short_circuit_decorator']) retrieved from /home/debian/etlhausz/venv/lib/python3.9/site-packages/airflow/example_dags/example_short_circuit_decorator.py
[2022-11-06T22:20:53.297-0300] {logging_mixin.py:120} INFO - [2022-11-06T22:20:53.297-0300] {dag.py:2585} INFO - Sync 1 DAGs
[2022-11-06T22:20:53.319-0300] {logging_mixin.py:120} INFO - [2022-11-06T22:20:53.319-0300] {dag.py:3336} INFO - Setting next_dagrun for example_short_circuit_decorator to 2022-11-06T01:20:53.318932+00:00, run_after=2022-11-07T01:20:53.318932+00:00
[2022-11-06T22:20:53.340-0300] {processor.py:176} INFO - Processing /home/debian/etlhausz/venv/lib/python3.9/site-packages/airflow/example_dags/example_short_circuit_decorator.py took 0.115 seconds
[2022-11-06T22:21:26.586-0300] {processor.py:154} INFO - Started process (PID=28851) to work on /home/debian/etlhausz/venv/lib/python3.9/site-packages/airflow/example_dags/example_short_circuit_decorator.py
[2022-11-06T22:21:26.587-0300] {processor.py:756} INFO - Processing file /home/debian/etlhausz/venv/lib/python3.9/site-packages/airflow/example_dags/example_short_circuit_decorator.py for tasks to queue
[2022-11-06T22:21:26.588-0300] {logging_mixin.py:120} INFO - [2022-11-06T22:21:26.588-0300] {dagbag.py:537} INFO - Filling up the DagBag from /home/debian/etlhausz/venv/lib/python3.9/site-packages/airflow/example_dags/example_short_circuit_decorator.py
[2022-11-06T22:21:26.641-0300] {processor.py:766} INFO - DAG(s) dict_keys(['example_short_circuit_decorator']) retrieved from /home/debian/etlhausz/venv/lib/python3.9/site-packages/airflow/example_dags/example_short_circuit_decorator.py
[2022-11-06T22:21:27.039-0300] {logging_mixin.py:120} INFO - [2022-11-06T22:21:27.038-0300] {dag.py:2585} INFO - Sync 1 DAGs
[2022-11-06T22:21:27.283-0300] {logging_mixin.py:120} INFO - [2022-11-06T22:21:27.283-0300] {dag.py:3336} INFO - Setting next_dagrun for example_short_circuit_decorator to 2022-11-06T01:21:27.282572+00:00, run_after=2022-11-07T01:21:27.282572+00:00
[2022-11-06T22:21:27.379-0300] {processor.py:176} INFO - Processing /home/debian/etlhausz/venv/lib/python3.9/site-packages/airflow/example_dags/example_short_circuit_decorator.py took 0.798 seconds
[2022-11-06T22:21:58.145-0300] {processor.py:154} INFO - Started process (PID=29369) to work on /home/debian/etlhausz/venv/lib/python3.9/site-packages/airflow/example_dags/example_short_circuit_decorator.py
[2022-11-06T22:21:58.151-0300] {processor.py:756} INFO - Processing file /home/debian/etlhausz/venv/lib/python3.9/site-packages/airflow/example_dags/example_short_circuit_decorator.py for tasks to queue
[2022-11-06T22:21:58.155-0300] {logging_mixin.py:120} INFO - [2022-11-06T22:21:58.152-0300] {dagbag.py:537} INFO - Filling up the DagBag from /home/debian/etlhausz/venv/lib/python3.9/site-packages/airflow/example_dags/example_short_circuit_decorator.py
[2022-11-06T22:21:58.184-0300] {processor.py:766} INFO - DAG(s) dict_keys(['example_short_circuit_decorator']) retrieved from /home/debian/etlhausz/venv/lib/python3.9/site-packages/airflow/example_dags/example_short_circuit_decorator.py
[2022-11-06T22:21:58.280-0300] {logging_mixin.py:120} INFO - [2022-11-06T22:21:58.280-0300] {dag.py:2585} INFO - Sync 1 DAGs
[2022-11-06T22:21:58.315-0300] {logging_mixin.py:120} INFO - [2022-11-06T22:21:58.315-0300] {dag.py:3336} INFO - Setting next_dagrun for example_short_circuit_decorator to 2022-11-06T01:21:58.315436+00:00, run_after=2022-11-07T01:21:58.315436+00:00
[2022-11-06T22:21:58.345-0300] {processor.py:176} INFO - Processing /home/debian/etlhausz/venv/lib/python3.9/site-packages/airflow/example_dags/example_short_circuit_decorator.py took 0.204 seconds
[2022-11-06T22:22:28.773-0300] {processor.py:154} INFO - Started process (PID=29986) to work on /home/debian/etlhausz/venv/lib/python3.9/site-packages/airflow/example_dags/example_short_circuit_decorator.py
[2022-11-06T22:22:28.782-0300] {processor.py:756} INFO - Processing file /home/debian/etlhausz/venv/lib/python3.9/site-packages/airflow/example_dags/example_short_circuit_decorator.py for tasks to queue
[2022-11-06T22:22:28.796-0300] {logging_mixin.py:120} INFO - [2022-11-06T22:22:28.796-0300] {dagbag.py:537} INFO - Filling up the DagBag from /home/debian/etlhausz/venv/lib/python3.9/site-packages/airflow/example_dags/example_short_circuit_decorator.py
[2022-11-06T22:22:28.924-0300] {processor.py:766} INFO - DAG(s) dict_keys(['example_short_circuit_decorator']) retrieved from /home/debian/etlhausz/venv/lib/python3.9/site-packages/airflow/example_dags/example_short_circuit_decorator.py
[2022-11-06T22:22:29.091-0300] {logging_mixin.py:120} INFO - [2022-11-06T22:22:29.091-0300] {dag.py:2585} INFO - Sync 1 DAGs
[2022-11-06T22:22:29.130-0300] {logging_mixin.py:120} INFO - [2022-11-06T22:22:29.126-0300] {dag.py:3336} INFO - Setting next_dagrun for example_short_circuit_decorator to 2022-11-06T01:22:29.126303+00:00, run_after=2022-11-07T01:22:29.126303+00:00
[2022-11-06T22:22:29.185-0300] {processor.py:176} INFO - Processing /home/debian/etlhausz/venv/lib/python3.9/site-packages/airflow/example_dags/example_short_circuit_decorator.py took 0.441 seconds
[2022-11-06T22:23:07.879-0300] {processor.py:154} INFO - Started process (PID=30828) to work on /home/debian/etlhausz/venv/lib/python3.9/site-packages/airflow/example_dags/example_short_circuit_decorator.py
[2022-11-06T22:23:07.880-0300] {processor.py:756} INFO - Processing file /home/debian/etlhausz/venv/lib/python3.9/site-packages/airflow/example_dags/example_short_circuit_decorator.py for tasks to queue
[2022-11-06T22:23:07.880-0300] {logging_mixin.py:120} INFO - [2022-11-06T22:23:07.880-0300] {dagbag.py:537} INFO - Filling up the DagBag from /home/debian/etlhausz/venv/lib/python3.9/site-packages/airflow/example_dags/example_short_circuit_decorator.py
[2022-11-06T22:23:08.002-0300] {processor.py:766} INFO - DAG(s) dict_keys(['example_short_circuit_decorator']) retrieved from /home/debian/etlhausz/venv/lib/python3.9/site-packages/airflow/example_dags/example_short_circuit_decorator.py
[2022-11-06T22:23:08.091-0300] {logging_mixin.py:120} INFO - [2022-11-06T22:23:08.091-0300] {dag.py:2585} INFO - Sync 1 DAGs
[2022-11-06T22:23:08.178-0300] {logging_mixin.py:120} INFO - [2022-11-06T22:23:08.178-0300] {dag.py:3336} INFO - Setting next_dagrun for example_short_circuit_decorator to 2022-11-06T01:23:08.178339+00:00, run_after=2022-11-07T01:23:08.178339+00:00
[2022-11-06T22:23:08.205-0300] {processor.py:176} INFO - Processing /home/debian/etlhausz/venv/lib/python3.9/site-packages/airflow/example_dags/example_short_circuit_decorator.py took 0.330 seconds
[2022-11-06T22:23:38.928-0300] {processor.py:154} INFO - Started process (PID=31383) to work on /home/debian/etlhausz/venv/lib/python3.9/site-packages/airflow/example_dags/example_short_circuit_decorator.py
[2022-11-06T22:23:38.929-0300] {processor.py:756} INFO - Processing file /home/debian/etlhausz/venv/lib/python3.9/site-packages/airflow/example_dags/example_short_circuit_decorator.py for tasks to queue
[2022-11-06T22:23:38.936-0300] {logging_mixin.py:120} INFO - [2022-11-06T22:23:38.936-0300] {dagbag.py:537} INFO - Filling up the DagBag from /home/debian/etlhausz/venv/lib/python3.9/site-packages/airflow/example_dags/example_short_circuit_decorator.py
[2022-11-06T22:23:38.973-0300] {processor.py:766} INFO - DAG(s) dict_keys(['example_short_circuit_decorator']) retrieved from /home/debian/etlhausz/venv/lib/python3.9/site-packages/airflow/example_dags/example_short_circuit_decorator.py
[2022-11-06T22:23:39.051-0300] {logging_mixin.py:120} INFO - [2022-11-06T22:23:39.050-0300] {dag.py:2585} INFO - Sync 1 DAGs
[2022-11-06T22:23:39.085-0300] {logging_mixin.py:120} INFO - [2022-11-06T22:23:39.085-0300] {dag.py:3336} INFO - Setting next_dagrun for example_short_circuit_decorator to 2022-11-06T01:23:39.085532+00:00, run_after=2022-11-07T01:23:39.085532+00:00
[2022-11-06T22:23:39.183-0300] {processor.py:176} INFO - Processing /home/debian/etlhausz/venv/lib/python3.9/site-packages/airflow/example_dags/example_short_circuit_decorator.py took 0.258 seconds
[2022-11-06T22:24:09.463-0300] {processor.py:154} INFO - Started process (PID=32027) to work on /home/debian/etlhausz/venv/lib/python3.9/site-packages/airflow/example_dags/example_short_circuit_decorator.py
[2022-11-06T22:24:09.471-0300] {processor.py:756} INFO - Processing file /home/debian/etlhausz/venv/lib/python3.9/site-packages/airflow/example_dags/example_short_circuit_decorator.py for tasks to queue
[2022-11-06T22:24:09.472-0300] {logging_mixin.py:120} INFO - [2022-11-06T22:24:09.472-0300] {dagbag.py:537} INFO - Filling up the DagBag from /home/debian/etlhausz/venv/lib/python3.9/site-packages/airflow/example_dags/example_short_circuit_decorator.py
[2022-11-06T22:24:09.516-0300] {processor.py:766} INFO - DAG(s) dict_keys(['example_short_circuit_decorator']) retrieved from /home/debian/etlhausz/venv/lib/python3.9/site-packages/airflow/example_dags/example_short_circuit_decorator.py
[2022-11-06T22:24:09.602-0300] {logging_mixin.py:120} INFO - [2022-11-06T22:24:09.602-0300] {dag.py:2585} INFO - Sync 1 DAGs
[2022-11-06T22:24:09.670-0300] {logging_mixin.py:120} INFO - [2022-11-06T22:24:09.670-0300] {dag.py:3336} INFO - Setting next_dagrun for example_short_circuit_decorator to 2022-11-06T01:24:09.670525+00:00, run_after=2022-11-07T01:24:09.670525+00:00
[2022-11-06T22:24:09.722-0300] {processor.py:176} INFO - Processing /home/debian/etlhausz/venv/lib/python3.9/site-packages/airflow/example_dags/example_short_circuit_decorator.py took 0.265 seconds
[2022-11-06T22:24:40.536-0300] {processor.py:154} INFO - Started process (PID=32611) to work on /home/debian/etlhausz/venv/lib/python3.9/site-packages/airflow/example_dags/example_short_circuit_decorator.py
[2022-11-06T22:24:40.537-0300] {processor.py:756} INFO - Processing file /home/debian/etlhausz/venv/lib/python3.9/site-packages/airflow/example_dags/example_short_circuit_decorator.py for tasks to queue
[2022-11-06T22:24:40.538-0300] {logging_mixin.py:120} INFO - [2022-11-06T22:24:40.538-0300] {dagbag.py:537} INFO - Filling up the DagBag from /home/debian/etlhausz/venv/lib/python3.9/site-packages/airflow/example_dags/example_short_circuit_decorator.py
[2022-11-06T22:24:40.567-0300] {processor.py:766} INFO - DAG(s) dict_keys(['example_short_circuit_decorator']) retrieved from /home/debian/etlhausz/venv/lib/python3.9/site-packages/airflow/example_dags/example_short_circuit_decorator.py
[2022-11-06T22:24:40.622-0300] {logging_mixin.py:120} INFO - [2022-11-06T22:24:40.622-0300] {dag.py:2585} INFO - Sync 1 DAGs
[2022-11-06T22:24:40.658-0300] {logging_mixin.py:120} INFO - [2022-11-06T22:24:40.658-0300] {dag.py:3336} INFO - Setting next_dagrun for example_short_circuit_decorator to 2022-11-06T01:24:40.657781+00:00, run_after=2022-11-07T01:24:40.657781+00:00
[2022-11-06T22:24:40.695-0300] {processor.py:176} INFO - Processing /home/debian/etlhausz/venv/lib/python3.9/site-packages/airflow/example_dags/example_short_circuit_decorator.py took 0.163 seconds
[2022-11-06T22:25:11.532-0300] {processor.py:154} INFO - Started process (PID=33253) to work on /home/debian/etlhausz/venv/lib/python3.9/site-packages/airflow/example_dags/example_short_circuit_decorator.py
[2022-11-06T22:25:11.533-0300] {processor.py:756} INFO - Processing file /home/debian/etlhausz/venv/lib/python3.9/site-packages/airflow/example_dags/example_short_circuit_decorator.py for tasks to queue
[2022-11-06T22:25:11.534-0300] {logging_mixin.py:120} INFO - [2022-11-06T22:25:11.533-0300] {dagbag.py:537} INFO - Filling up the DagBag from /home/debian/etlhausz/venv/lib/python3.9/site-packages/airflow/example_dags/example_short_circuit_decorator.py
[2022-11-06T22:25:11.555-0300] {processor.py:766} INFO - DAG(s) dict_keys(['example_short_circuit_decorator']) retrieved from /home/debian/etlhausz/venv/lib/python3.9/site-packages/airflow/example_dags/example_short_circuit_decorator.py
[2022-11-06T22:25:11.599-0300] {logging_mixin.py:120} INFO - [2022-11-06T22:25:11.599-0300] {dag.py:2585} INFO - Sync 1 DAGs
[2022-11-06T22:25:11.621-0300] {logging_mixin.py:120} INFO - [2022-11-06T22:25:11.621-0300] {dag.py:3336} INFO - Setting next_dagrun for example_short_circuit_decorator to 2022-11-06T01:25:11.621251+00:00, run_after=2022-11-07T01:25:11.621251+00:00
[2022-11-06T22:25:11.809-0300] {processor.py:176} INFO - Processing /home/debian/etlhausz/venv/lib/python3.9/site-packages/airflow/example_dags/example_short_circuit_decorator.py took 0.280 seconds
[2022-11-06T22:25:42.716-0300] {processor.py:154} INFO - Started process (PID=33794) to work on /home/debian/etlhausz/venv/lib/python3.9/site-packages/airflow/example_dags/example_short_circuit_decorator.py
[2022-11-06T22:25:42.718-0300] {processor.py:756} INFO - Processing file /home/debian/etlhausz/venv/lib/python3.9/site-packages/airflow/example_dags/example_short_circuit_decorator.py for tasks to queue
[2022-11-06T22:25:42.719-0300] {logging_mixin.py:120} INFO - [2022-11-06T22:25:42.719-0300] {dagbag.py:537} INFO - Filling up the DagBag from /home/debian/etlhausz/venv/lib/python3.9/site-packages/airflow/example_dags/example_short_circuit_decorator.py
[2022-11-06T22:25:42.745-0300] {processor.py:766} INFO - DAG(s) dict_keys(['example_short_circuit_decorator']) retrieved from /home/debian/etlhausz/venv/lib/python3.9/site-packages/airflow/example_dags/example_short_circuit_decorator.py
[2022-11-06T22:25:42.791-0300] {logging_mixin.py:120} INFO - [2022-11-06T22:25:42.791-0300] {dag.py:2585} INFO - Sync 1 DAGs
[2022-11-06T22:25:42.910-0300] {logging_mixin.py:120} INFO - [2022-11-06T22:25:42.909-0300] {dag.py:3336} INFO - Setting next_dagrun for example_short_circuit_decorator to 2022-11-06T01:25:42.909762+00:00, run_after=2022-11-07T01:25:42.909762+00:00
[2022-11-06T22:25:42.931-0300] {processor.py:176} INFO - Processing /home/debian/etlhausz/venv/lib/python3.9/site-packages/airflow/example_dags/example_short_circuit_decorator.py took 0.219 seconds
[2022-11-06T22:26:13.700-0300] {processor.py:154} INFO - Started process (PID=34328) to work on /home/debian/etlhausz/venv/lib/python3.9/site-packages/airflow/example_dags/example_short_circuit_decorator.py
[2022-11-06T22:26:13.702-0300] {processor.py:756} INFO - Processing file /home/debian/etlhausz/venv/lib/python3.9/site-packages/airflow/example_dags/example_short_circuit_decorator.py for tasks to queue
[2022-11-06T22:26:13.710-0300] {logging_mixin.py:120} INFO - [2022-11-06T22:26:13.708-0300] {dagbag.py:537} INFO - Filling up the DagBag from /home/debian/etlhausz/venv/lib/python3.9/site-packages/airflow/example_dags/example_short_circuit_decorator.py
[2022-11-06T22:26:13.753-0300] {processor.py:766} INFO - DAG(s) dict_keys(['example_short_circuit_decorator']) retrieved from /home/debian/etlhausz/venv/lib/python3.9/site-packages/airflow/example_dags/example_short_circuit_decorator.py
[2022-11-06T22:26:14.093-0300] {logging_mixin.py:120} INFO - [2022-11-06T22:26:14.093-0300] {dag.py:2585} INFO - Sync 1 DAGs
[2022-11-06T22:26:14.131-0300] {logging_mixin.py:120} INFO - [2022-11-06T22:26:14.131-0300] {dag.py:3336} INFO - Setting next_dagrun for example_short_circuit_decorator to 2022-11-06T01:26:14.131161+00:00, run_after=2022-11-07T01:26:14.131161+00:00
[2022-11-06T22:26:14.198-0300] {processor.py:176} INFO - Processing /home/debian/etlhausz/venv/lib/python3.9/site-packages/airflow/example_dags/example_short_circuit_decorator.py took 0.503 seconds
[2022-11-06T22:26:44.856-0300] {processor.py:154} INFO - Started process (PID=34846) to work on /home/debian/etlhausz/venv/lib/python3.9/site-packages/airflow/example_dags/example_short_circuit_decorator.py
[2022-11-06T22:26:44.858-0300] {processor.py:756} INFO - Processing file /home/debian/etlhausz/venv/lib/python3.9/site-packages/airflow/example_dags/example_short_circuit_decorator.py for tasks to queue
[2022-11-06T22:26:44.860-0300] {logging_mixin.py:120} INFO - [2022-11-06T22:26:44.859-0300] {dagbag.py:537} INFO - Filling up the DagBag from /home/debian/etlhausz/venv/lib/python3.9/site-packages/airflow/example_dags/example_short_circuit_decorator.py
[2022-11-06T22:26:44.931-0300] {processor.py:766} INFO - DAG(s) dict_keys(['example_short_circuit_decorator']) retrieved from /home/debian/etlhausz/venv/lib/python3.9/site-packages/airflow/example_dags/example_short_circuit_decorator.py
[2022-11-06T22:26:45.146-0300] {logging_mixin.py:120} INFO - [2022-11-06T22:26:45.146-0300] {dag.py:2585} INFO - Sync 1 DAGs
[2022-11-06T22:26:45.165-0300] {logging_mixin.py:120} INFO - [2022-11-06T22:26:45.165-0300] {dag.py:3336} INFO - Setting next_dagrun for example_short_circuit_decorator to 2022-11-06T01:26:45.165553+00:00, run_after=2022-11-07T01:26:45.165553+00:00
[2022-11-06T22:26:45.188-0300] {processor.py:176} INFO - Processing /home/debian/etlhausz/venv/lib/python3.9/site-packages/airflow/example_dags/example_short_circuit_decorator.py took 0.339 seconds
[2022-11-06T22:27:15.434-0300] {processor.py:154} INFO - Started process (PID=35347) to work on /home/debian/etlhausz/venv/lib/python3.9/site-packages/airflow/example_dags/example_short_circuit_decorator.py
[2022-11-06T22:27:15.440-0300] {processor.py:756} INFO - Processing file /home/debian/etlhausz/venv/lib/python3.9/site-packages/airflow/example_dags/example_short_circuit_decorator.py for tasks to queue
[2022-11-06T22:27:15.442-0300] {logging_mixin.py:120} INFO - [2022-11-06T22:27:15.442-0300] {dagbag.py:537} INFO - Filling up the DagBag from /home/debian/etlhausz/venv/lib/python3.9/site-packages/airflow/example_dags/example_short_circuit_decorator.py
[2022-11-06T22:27:15.622-0300] {processor.py:766} INFO - DAG(s) dict_keys(['example_short_circuit_decorator']) retrieved from /home/debian/etlhausz/venv/lib/python3.9/site-packages/airflow/example_dags/example_short_circuit_decorator.py
[2022-11-06T22:27:15.744-0300] {logging_mixin.py:120} INFO - [2022-11-06T22:27:15.744-0300] {dag.py:2585} INFO - Sync 1 DAGs
[2022-11-06T22:27:15.801-0300] {logging_mixin.py:120} INFO - [2022-11-06T22:27:15.800-0300] {dag.py:3336} INFO - Setting next_dagrun for example_short_circuit_decorator to 2022-11-06T01:27:15.800682+00:00, run_after=2022-11-07T01:27:15.800682+00:00
[2022-11-06T22:27:15.872-0300] {processor.py:176} INFO - Processing /home/debian/etlhausz/venv/lib/python3.9/site-packages/airflow/example_dags/example_short_circuit_decorator.py took 0.440 seconds
[2022-11-06T22:27:46.038-0300] {processor.py:154} INFO - Started process (PID=35887) to work on /home/debian/etlhausz/venv/lib/python3.9/site-packages/airflow/example_dags/example_short_circuit_decorator.py
[2022-11-06T22:27:46.040-0300] {processor.py:756} INFO - Processing file /home/debian/etlhausz/venv/lib/python3.9/site-packages/airflow/example_dags/example_short_circuit_decorator.py for tasks to queue
[2022-11-06T22:27:46.040-0300] {logging_mixin.py:120} INFO - [2022-11-06T22:27:46.040-0300] {dagbag.py:537} INFO - Filling up the DagBag from /home/debian/etlhausz/venv/lib/python3.9/site-packages/airflow/example_dags/example_short_circuit_decorator.py
[2022-11-06T22:27:46.076-0300] {processor.py:766} INFO - DAG(s) dict_keys(['example_short_circuit_decorator']) retrieved from /home/debian/etlhausz/venv/lib/python3.9/site-packages/airflow/example_dags/example_short_circuit_decorator.py
[2022-11-06T22:27:46.143-0300] {logging_mixin.py:120} INFO - [2022-11-06T22:27:46.143-0300] {dag.py:2585} INFO - Sync 1 DAGs
[2022-11-06T22:27:46.321-0300] {logging_mixin.py:120} INFO - [2022-11-06T22:27:46.321-0300] {dag.py:3336} INFO - Setting next_dagrun for example_short_circuit_decorator to 2022-11-06T01:27:46.321617+00:00, run_after=2022-11-07T01:27:46.321617+00:00
[2022-11-06T22:27:46.341-0300] {processor.py:176} INFO - Processing /home/debian/etlhausz/venv/lib/python3.9/site-packages/airflow/example_dags/example_short_circuit_decorator.py took 0.309 seconds
[2022-11-06T22:28:16.804-0300] {processor.py:154} INFO - Started process (PID=36511) to work on /home/debian/etlhausz/venv/lib/python3.9/site-packages/airflow/example_dags/example_short_circuit_decorator.py
[2022-11-06T22:28:16.808-0300] {processor.py:756} INFO - Processing file /home/debian/etlhausz/venv/lib/python3.9/site-packages/airflow/example_dags/example_short_circuit_decorator.py for tasks to queue
[2022-11-06T22:28:16.809-0300] {logging_mixin.py:120} INFO - [2022-11-06T22:28:16.809-0300] {dagbag.py:537} INFO - Filling up the DagBag from /home/debian/etlhausz/venv/lib/python3.9/site-packages/airflow/example_dags/example_short_circuit_decorator.py
[2022-11-06T22:28:16.848-0300] {processor.py:766} INFO - DAG(s) dict_keys(['example_short_circuit_decorator']) retrieved from /home/debian/etlhausz/venv/lib/python3.9/site-packages/airflow/example_dags/example_short_circuit_decorator.py
[2022-11-06T22:28:17.114-0300] {logging_mixin.py:120} INFO - [2022-11-06T22:28:17.114-0300] {dag.py:2585} INFO - Sync 1 DAGs
[2022-11-06T22:28:17.149-0300] {logging_mixin.py:120} INFO - [2022-11-06T22:28:17.149-0300] {dag.py:3336} INFO - Setting next_dagrun for example_short_circuit_decorator to 2022-11-06T01:28:17.148933+00:00, run_after=2022-11-07T01:28:17.148933+00:00
[2022-11-06T22:28:17.180-0300] {processor.py:176} INFO - Processing /home/debian/etlhausz/venv/lib/python3.9/site-packages/airflow/example_dags/example_short_circuit_decorator.py took 0.386 seconds
[2022-11-06T22:28:47.575-0300] {processor.py:154} INFO - Started process (PID=37085) to work on /home/debian/etlhausz/venv/lib/python3.9/site-packages/airflow/example_dags/example_short_circuit_decorator.py
[2022-11-06T22:28:47.576-0300] {processor.py:756} INFO - Processing file /home/debian/etlhausz/venv/lib/python3.9/site-packages/airflow/example_dags/example_short_circuit_decorator.py for tasks to queue
[2022-11-06T22:28:47.577-0300] {logging_mixin.py:120} INFO - [2022-11-06T22:28:47.576-0300] {dagbag.py:537} INFO - Filling up the DagBag from /home/debian/etlhausz/venv/lib/python3.9/site-packages/airflow/example_dags/example_short_circuit_decorator.py
[2022-11-06T22:28:47.599-0300] {processor.py:766} INFO - DAG(s) dict_keys(['example_short_circuit_decorator']) retrieved from /home/debian/etlhausz/venv/lib/python3.9/site-packages/airflow/example_dags/example_short_circuit_decorator.py
[2022-11-06T22:28:47.745-0300] {logging_mixin.py:120} INFO - [2022-11-06T22:28:47.745-0300] {dag.py:2585} INFO - Sync 1 DAGs
[2022-11-06T22:28:47.767-0300] {logging_mixin.py:120} INFO - [2022-11-06T22:28:47.767-0300] {dag.py:3336} INFO - Setting next_dagrun for example_short_circuit_decorator to 2022-11-06T01:28:47.767497+00:00, run_after=2022-11-07T01:28:47.767497+00:00
[2022-11-06T22:28:47.794-0300] {processor.py:176} INFO - Processing /home/debian/etlhausz/venv/lib/python3.9/site-packages/airflow/example_dags/example_short_circuit_decorator.py took 0.224 seconds
[2022-11-06T22:29:18.649-0300] {processor.py:154} INFO - Started process (PID=37615) to work on /home/debian/etlhausz/venv/lib/python3.9/site-packages/airflow/example_dags/example_short_circuit_decorator.py
[2022-11-06T22:29:18.650-0300] {processor.py:756} INFO - Processing file /home/debian/etlhausz/venv/lib/python3.9/site-packages/airflow/example_dags/example_short_circuit_decorator.py for tasks to queue
[2022-11-06T22:29:18.651-0300] {logging_mixin.py:120} INFO - [2022-11-06T22:29:18.651-0300] {dagbag.py:537} INFO - Filling up the DagBag from /home/debian/etlhausz/venv/lib/python3.9/site-packages/airflow/example_dags/example_short_circuit_decorator.py
[2022-11-06T22:29:18.692-0300] {processor.py:766} INFO - DAG(s) dict_keys(['example_short_circuit_decorator']) retrieved from /home/debian/etlhausz/venv/lib/python3.9/site-packages/airflow/example_dags/example_short_circuit_decorator.py
[2022-11-06T22:29:18.743-0300] {logging_mixin.py:120} INFO - [2022-11-06T22:29:18.743-0300] {dag.py:2585} INFO - Sync 1 DAGs
[2022-11-06T22:29:18.765-0300] {logging_mixin.py:120} INFO - [2022-11-06T22:29:18.764-0300] {dag.py:3336} INFO - Setting next_dagrun for example_short_circuit_decorator to 2022-11-06T01:29:18.764789+00:00, run_after=2022-11-07T01:29:18.764789+00:00
[2022-11-06T22:29:18.881-0300] {processor.py:176} INFO - Processing /home/debian/etlhausz/venv/lib/python3.9/site-packages/airflow/example_dags/example_short_circuit_decorator.py took 0.237 seconds
[2022-11-06T22:29:49.706-0300] {processor.py:154} INFO - Started process (PID=38114) to work on /home/debian/etlhausz/venv/lib/python3.9/site-packages/airflow/example_dags/example_short_circuit_decorator.py
[2022-11-06T22:29:49.708-0300] {processor.py:756} INFO - Processing file /home/debian/etlhausz/venv/lib/python3.9/site-packages/airflow/example_dags/example_short_circuit_decorator.py for tasks to queue
[2022-11-06T22:29:49.708-0300] {logging_mixin.py:120} INFO - [2022-11-06T22:29:49.708-0300] {dagbag.py:537} INFO - Filling up the DagBag from /home/debian/etlhausz/venv/lib/python3.9/site-packages/airflow/example_dags/example_short_circuit_decorator.py
[2022-11-06T22:29:49.728-0300] {processor.py:766} INFO - DAG(s) dict_keys(['example_short_circuit_decorator']) retrieved from /home/debian/etlhausz/venv/lib/python3.9/site-packages/airflow/example_dags/example_short_circuit_decorator.py
[2022-11-06T22:29:49.797-0300] {logging_mixin.py:120} INFO - [2022-11-06T22:29:49.797-0300] {dag.py:2585} INFO - Sync 1 DAGs
[2022-11-06T22:29:50.067-0300] {logging_mixin.py:120} INFO - [2022-11-06T22:29:50.067-0300] {dag.py:3336} INFO - Setting next_dagrun for example_short_circuit_decorator to 2022-11-06T01:29:50.067633+00:00, run_after=2022-11-07T01:29:50.067633+00:00
[2022-11-06T22:29:50.105-0300] {processor.py:176} INFO - Processing /home/debian/etlhausz/venv/lib/python3.9/site-packages/airflow/example_dags/example_short_circuit_decorator.py took 0.401 seconds
[2022-11-06T22:30:20.284-0300] {processor.py:154} INFO - Started process (PID=38770) to work on /home/debian/etlhausz/venv/lib/python3.9/site-packages/airflow/example_dags/example_short_circuit_decorator.py
[2022-11-06T22:30:20.285-0300] {processor.py:756} INFO - Processing file /home/debian/etlhausz/venv/lib/python3.9/site-packages/airflow/example_dags/example_short_circuit_decorator.py for tasks to queue
[2022-11-06T22:30:20.285-0300] {logging_mixin.py:120} INFO - [2022-11-06T22:30:20.285-0300] {dagbag.py:537} INFO - Filling up the DagBag from /home/debian/etlhausz/venv/lib/python3.9/site-packages/airflow/example_dags/example_short_circuit_decorator.py
[2022-11-06T22:30:20.314-0300] {processor.py:766} INFO - DAG(s) dict_keys(['example_short_circuit_decorator']) retrieved from /home/debian/etlhausz/venv/lib/python3.9/site-packages/airflow/example_dags/example_short_circuit_decorator.py
[2022-11-06T22:30:20.459-0300] {logging_mixin.py:120} INFO - [2022-11-06T22:30:20.458-0300] {dag.py:2585} INFO - Sync 1 DAGs
[2022-11-06T22:30:20.476-0300] {logging_mixin.py:120} INFO - [2022-11-06T22:30:20.476-0300] {dag.py:3336} INFO - Setting next_dagrun for example_short_circuit_decorator to 2022-11-06T01:30:20.476545+00:00, run_after=2022-11-07T01:30:20.476545+00:00
[2022-11-06T22:30:20.524-0300] {processor.py:176} INFO - Processing /home/debian/etlhausz/venv/lib/python3.9/site-packages/airflow/example_dags/example_short_circuit_decorator.py took 0.244 seconds
[2022-11-06T22:30:51.184-0300] {processor.py:154} INFO - Started process (PID=39310) to work on /home/debian/etlhausz/venv/lib/python3.9/site-packages/airflow/example_dags/example_short_circuit_decorator.py
[2022-11-06T22:30:51.189-0300] {processor.py:756} INFO - Processing file /home/debian/etlhausz/venv/lib/python3.9/site-packages/airflow/example_dags/example_short_circuit_decorator.py for tasks to queue
[2022-11-06T22:30:51.189-0300] {logging_mixin.py:120} INFO - [2022-11-06T22:30:51.189-0300] {dagbag.py:537} INFO - Filling up the DagBag from /home/debian/etlhausz/venv/lib/python3.9/site-packages/airflow/example_dags/example_short_circuit_decorator.py
[2022-11-06T22:30:51.214-0300] {processor.py:766} INFO - DAG(s) dict_keys(['example_short_circuit_decorator']) retrieved from /home/debian/etlhausz/venv/lib/python3.9/site-packages/airflow/example_dags/example_short_circuit_decorator.py
[2022-11-06T22:30:51.369-0300] {logging_mixin.py:120} INFO - [2022-11-06T22:30:51.369-0300] {dag.py:2585} INFO - Sync 1 DAGs
[2022-11-06T22:30:51.387-0300] {logging_mixin.py:120} INFO - [2022-11-06T22:30:51.387-0300] {dag.py:3336} INFO - Setting next_dagrun for example_short_circuit_decorator to 2022-11-06T01:30:51.387489+00:00, run_after=2022-11-07T01:30:51.387489+00:00
[2022-11-06T22:30:51.402-0300] {processor.py:176} INFO - Processing /home/debian/etlhausz/venv/lib/python3.9/site-packages/airflow/example_dags/example_short_circuit_decorator.py took 0.225 seconds
[2022-11-06T22:31:21.711-0300] {processor.py:154} INFO - Started process (PID=39844) to work on /home/debian/etlhausz/venv/lib/python3.9/site-packages/airflow/example_dags/example_short_circuit_decorator.py
[2022-11-06T22:31:21.713-0300] {processor.py:756} INFO - Processing file /home/debian/etlhausz/venv/lib/python3.9/site-packages/airflow/example_dags/example_short_circuit_decorator.py for tasks to queue
[2022-11-06T22:31:21.713-0300] {logging_mixin.py:120} INFO - [2022-11-06T22:31:21.713-0300] {dagbag.py:537} INFO - Filling up the DagBag from /home/debian/etlhausz/venv/lib/python3.9/site-packages/airflow/example_dags/example_short_circuit_decorator.py
[2022-11-06T22:31:21.757-0300] {processor.py:766} INFO - DAG(s) dict_keys(['example_short_circuit_decorator']) retrieved from /home/debian/etlhausz/venv/lib/python3.9/site-packages/airflow/example_dags/example_short_circuit_decorator.py
[2022-11-06T22:31:21.799-0300] {logging_mixin.py:120} INFO - [2022-11-06T22:31:21.798-0300] {dag.py:2585} INFO - Sync 1 DAGs
[2022-11-06T22:31:21.817-0300] {logging_mixin.py:120} INFO - [2022-11-06T22:31:21.817-0300] {dag.py:3336} INFO - Setting next_dagrun for example_short_circuit_decorator to 2022-11-06T01:31:21.817096+00:00, run_after=2022-11-07T01:31:21.817096+00:00
[2022-11-06T22:31:21.951-0300] {processor.py:176} INFO - Processing /home/debian/etlhausz/venv/lib/python3.9/site-packages/airflow/example_dags/example_short_circuit_decorator.py took 0.244 seconds
