[2022-11-06T21:00:11.685-0300] {processor.py:154} INFO - Started process (PID=61018) to work on /home/debian/etlhausz/venv/lib/python3.9/site-packages/airflow/example_dags/example_branch_operator_decorator.py
[2022-11-06T21:00:11.686-0300] {processor.py:756} INFO - Processing file /home/debian/etlhausz/venv/lib/python3.9/site-packages/airflow/example_dags/example_branch_operator_decorator.py for tasks to queue
[2022-11-06T21:00:11.686-0300] {logging_mixin.py:120} INFO - [2022-11-06T21:00:11.686-0300] {dagbag.py:537} INFO - Filling up the DagBag from /home/debian/etlhausz/venv/lib/python3.9/site-packages/airflow/example_dags/example_branch_operator_decorator.py
[2022-11-06T21:00:11.807-0300] {processor.py:766} INFO - DAG(s) dict_keys(['example_branch_python_operator_decorator']) retrieved from /home/debian/etlhausz/venv/lib/python3.9/site-packages/airflow/example_dags/example_branch_operator_decorator.py
[2022-11-06T21:00:11.858-0300] {logging_mixin.py:120} INFO - [2022-11-06T21:00:11.858-0300] {dag.py:2585} INFO - Sync 1 DAGs
[2022-11-06T21:00:11.889-0300] {logging_mixin.py:120} INFO - [2022-11-06T21:00:11.889-0300] {dag.py:3336} INFO - Setting next_dagrun for example_branch_python_operator_decorator to 2022-11-06T00:00:00+00:00, run_after=2022-11-07T00:00:00+00:00
[2022-11-06T21:00:11.974-0300] {processor.py:176} INFO - Processing /home/debian/etlhausz/venv/lib/python3.9/site-packages/airflow/example_dags/example_branch_operator_decorator.py took 0.291 seconds
[2022-11-06T21:00:42.378-0300] {processor.py:154} INFO - Started process (PID=61596) to work on /home/debian/etlhausz/venv/lib/python3.9/site-packages/airflow/example_dags/example_branch_operator_decorator.py
[2022-11-06T21:00:42.379-0300] {processor.py:756} INFO - Processing file /home/debian/etlhausz/venv/lib/python3.9/site-packages/airflow/example_dags/example_branch_operator_decorator.py for tasks to queue
[2022-11-06T21:00:42.379-0300] {logging_mixin.py:120} INFO - [2022-11-06T21:00:42.379-0300] {dagbag.py:537} INFO - Filling up the DagBag from /home/debian/etlhausz/venv/lib/python3.9/site-packages/airflow/example_dags/example_branch_operator_decorator.py
[2022-11-06T21:00:42.398-0300] {processor.py:766} INFO - DAG(s) dict_keys(['example_branch_python_operator_decorator']) retrieved from /home/debian/etlhausz/venv/lib/python3.9/site-packages/airflow/example_dags/example_branch_operator_decorator.py
[2022-11-06T21:00:42.439-0300] {logging_mixin.py:120} INFO - [2022-11-06T21:00:42.439-0300] {dag.py:2585} INFO - Sync 1 DAGs
[2022-11-06T21:00:42.543-0300] {logging_mixin.py:120} INFO - [2022-11-06T21:00:42.543-0300] {dag.py:3336} INFO - Setting next_dagrun for example_branch_python_operator_decorator to 2022-11-06T00:00:00+00:00, run_after=2022-11-07T00:00:00+00:00
[2022-11-06T21:00:42.562-0300] {processor.py:176} INFO - Processing /home/debian/etlhausz/venv/lib/python3.9/site-packages/airflow/example_dags/example_branch_operator_decorator.py took 0.188 seconds
[2022-11-06T21:01:12.982-0300] {processor.py:154} INFO - Started process (PID=62165) to work on /home/debian/etlhausz/venv/lib/python3.9/site-packages/airflow/example_dags/example_branch_operator_decorator.py
[2022-11-06T21:01:12.983-0300] {processor.py:756} INFO - Processing file /home/debian/etlhausz/venv/lib/python3.9/site-packages/airflow/example_dags/example_branch_operator_decorator.py for tasks to queue
[2022-11-06T21:01:12.984-0300] {logging_mixin.py:120} INFO - [2022-11-06T21:01:12.984-0300] {dagbag.py:537} INFO - Filling up the DagBag from /home/debian/etlhausz/venv/lib/python3.9/site-packages/airflow/example_dags/example_branch_operator_decorator.py
[2022-11-06T21:01:13.004-0300] {processor.py:766} INFO - DAG(s) dict_keys(['example_branch_python_operator_decorator']) retrieved from /home/debian/etlhausz/venv/lib/python3.9/site-packages/airflow/example_dags/example_branch_operator_decorator.py
[2022-11-06T21:01:13.157-0300] {logging_mixin.py:120} INFO - [2022-11-06T21:01:13.157-0300] {dag.py:2585} INFO - Sync 1 DAGs
[2022-11-06T21:01:13.182-0300] {logging_mixin.py:120} INFO - [2022-11-06T21:01:13.182-0300] {dag.py:3336} INFO - Setting next_dagrun for example_branch_python_operator_decorator to 2022-11-06T00:00:00+00:00, run_after=2022-11-07T00:00:00+00:00
[2022-11-06T21:01:13.204-0300] {processor.py:176} INFO - Processing /home/debian/etlhausz/venv/lib/python3.9/site-packages/airflow/example_dags/example_branch_operator_decorator.py took 0.225 seconds
[2022-11-06T21:01:44.011-0300] {processor.py:154} INFO - Started process (PID=62746) to work on /home/debian/etlhausz/venv/lib/python3.9/site-packages/airflow/example_dags/example_branch_operator_decorator.py
[2022-11-06T21:01:44.012-0300] {processor.py:756} INFO - Processing file /home/debian/etlhausz/venv/lib/python3.9/site-packages/airflow/example_dags/example_branch_operator_decorator.py for tasks to queue
[2022-11-06T21:01:44.013-0300] {logging_mixin.py:120} INFO - [2022-11-06T21:01:44.013-0300] {dagbag.py:537} INFO - Filling up the DagBag from /home/debian/etlhausz/venv/lib/python3.9/site-packages/airflow/example_dags/example_branch_operator_decorator.py
[2022-11-06T21:01:44.051-0300] {processor.py:766} INFO - DAG(s) dict_keys(['example_branch_python_operator_decorator']) retrieved from /home/debian/etlhausz/venv/lib/python3.9/site-packages/airflow/example_dags/example_branch_operator_decorator.py
[2022-11-06T21:01:44.207-0300] {logging_mixin.py:120} INFO - [2022-11-06T21:01:44.207-0300] {dag.py:2585} INFO - Sync 1 DAGs
[2022-11-06T21:01:44.228-0300] {logging_mixin.py:120} INFO - [2022-11-06T21:01:44.228-0300] {dag.py:3336} INFO - Setting next_dagrun for example_branch_python_operator_decorator to 2022-11-06T00:00:00+00:00, run_after=2022-11-07T00:00:00+00:00
[2022-11-06T21:01:44.248-0300] {processor.py:176} INFO - Processing /home/debian/etlhausz/venv/lib/python3.9/site-packages/airflow/example_dags/example_branch_operator_decorator.py took 0.240 seconds
[2022-11-06T21:02:15.403-0300] {processor.py:154} INFO - Started process (PID=63223) to work on /home/debian/etlhausz/venv/lib/python3.9/site-packages/airflow/example_dags/example_branch_operator_decorator.py
[2022-11-06T21:02:15.407-0300] {processor.py:756} INFO - Processing file /home/debian/etlhausz/venv/lib/python3.9/site-packages/airflow/example_dags/example_branch_operator_decorator.py for tasks to queue
[2022-11-06T21:02:15.407-0300] {logging_mixin.py:120} INFO - [2022-11-06T21:02:15.407-0300] {dagbag.py:537} INFO - Filling up the DagBag from /home/debian/etlhausz/venv/lib/python3.9/site-packages/airflow/example_dags/example_branch_operator_decorator.py
[2022-11-06T21:02:15.883-0300] {processor.py:766} INFO - DAG(s) dict_keys(['example_branch_python_operator_decorator']) retrieved from /home/debian/etlhausz/venv/lib/python3.9/site-packages/airflow/example_dags/example_branch_operator_decorator.py
[2022-11-06T21:02:16.008-0300] {logging_mixin.py:120} INFO - [2022-11-06T21:02:16.008-0300] {dag.py:2585} INFO - Sync 1 DAGs
[2022-11-06T21:02:16.038-0300] {logging_mixin.py:120} INFO - [2022-11-06T21:02:16.038-0300] {dag.py:3336} INFO - Setting next_dagrun for example_branch_python_operator_decorator to 2022-11-06T00:00:00+00:00, run_after=2022-11-07T00:00:00+00:00
[2022-11-06T21:02:16.075-0300] {processor.py:176} INFO - Processing /home/debian/etlhausz/venv/lib/python3.9/site-packages/airflow/example_dags/example_branch_operator_decorator.py took 0.687 seconds
[2022-11-06T21:02:46.257-0300] {processor.py:154} INFO - Started process (PID=63799) to work on /home/debian/etlhausz/venv/lib/python3.9/site-packages/airflow/example_dags/example_branch_operator_decorator.py
[2022-11-06T21:02:46.259-0300] {processor.py:756} INFO - Processing file /home/debian/etlhausz/venv/lib/python3.9/site-packages/airflow/example_dags/example_branch_operator_decorator.py for tasks to queue
[2022-11-06T21:02:46.260-0300] {logging_mixin.py:120} INFO - [2022-11-06T21:02:46.259-0300] {dagbag.py:537} INFO - Filling up the DagBag from /home/debian/etlhausz/venv/lib/python3.9/site-packages/airflow/example_dags/example_branch_operator_decorator.py
[2022-11-06T21:02:46.288-0300] {processor.py:766} INFO - DAG(s) dict_keys(['example_branch_python_operator_decorator']) retrieved from /home/debian/etlhausz/venv/lib/python3.9/site-packages/airflow/example_dags/example_branch_operator_decorator.py
[2022-11-06T21:02:46.354-0300] {logging_mixin.py:120} INFO - [2022-11-06T21:02:46.354-0300] {dag.py:2585} INFO - Sync 1 DAGs
[2022-11-06T21:02:46.480-0300] {logging_mixin.py:120} INFO - [2022-11-06T21:02:46.480-0300] {dag.py:3336} INFO - Setting next_dagrun for example_branch_python_operator_decorator to 2022-11-06T00:00:00+00:00, run_after=2022-11-07T00:00:00+00:00
[2022-11-06T21:02:46.576-0300] {processor.py:176} INFO - Processing /home/debian/etlhausz/venv/lib/python3.9/site-packages/airflow/example_dags/example_branch_operator_decorator.py took 0.322 seconds
[2022-11-06T21:03:16.798-0300] {processor.py:154} INFO - Started process (PID=64357) to work on /home/debian/etlhausz/venv/lib/python3.9/site-packages/airflow/example_dags/example_branch_operator_decorator.py
[2022-11-06T21:03:16.800-0300] {processor.py:756} INFO - Processing file /home/debian/etlhausz/venv/lib/python3.9/site-packages/airflow/example_dags/example_branch_operator_decorator.py for tasks to queue
[2022-11-06T21:03:16.800-0300] {logging_mixin.py:120} INFO - [2022-11-06T21:03:16.800-0300] {dagbag.py:537} INFO - Filling up the DagBag from /home/debian/etlhausz/venv/lib/python3.9/site-packages/airflow/example_dags/example_branch_operator_decorator.py
[2022-11-06T21:03:16.820-0300] {processor.py:766} INFO - DAG(s) dict_keys(['example_branch_python_operator_decorator']) retrieved from /home/debian/etlhausz/venv/lib/python3.9/site-packages/airflow/example_dags/example_branch_operator_decorator.py
[2022-11-06T21:03:17.115-0300] {logging_mixin.py:120} INFO - [2022-11-06T21:03:17.115-0300] {dag.py:2585} INFO - Sync 1 DAGs
[2022-11-06T21:03:17.146-0300] {logging_mixin.py:120} INFO - [2022-11-06T21:03:17.146-0300] {dag.py:3336} INFO - Setting next_dagrun for example_branch_python_operator_decorator to 2022-11-06T00:00:00+00:00, run_after=2022-11-07T00:00:00+00:00
[2022-11-06T21:03:17.182-0300] {processor.py:176} INFO - Processing /home/debian/etlhausz/venv/lib/python3.9/site-packages/airflow/example_dags/example_branch_operator_decorator.py took 0.387 seconds
[2022-11-06T21:03:47.658-0300] {processor.py:154} INFO - Started process (PID=64985) to work on /home/debian/etlhausz/venv/lib/python3.9/site-packages/airflow/example_dags/example_branch_operator_decorator.py
[2022-11-06T21:03:47.659-0300] {processor.py:756} INFO - Processing file /home/debian/etlhausz/venv/lib/python3.9/site-packages/airflow/example_dags/example_branch_operator_decorator.py for tasks to queue
[2022-11-06T21:03:47.660-0300] {logging_mixin.py:120} INFO - [2022-11-06T21:03:47.660-0300] {dagbag.py:537} INFO - Filling up the DagBag from /home/debian/etlhausz/venv/lib/python3.9/site-packages/airflow/example_dags/example_branch_operator_decorator.py
[2022-11-06T21:03:47.697-0300] {processor.py:766} INFO - DAG(s) dict_keys(['example_branch_python_operator_decorator']) retrieved from /home/debian/etlhausz/venv/lib/python3.9/site-packages/airflow/example_dags/example_branch_operator_decorator.py
[2022-11-06T21:03:47.946-0300] {logging_mixin.py:120} INFO - [2022-11-06T21:03:47.946-0300] {dag.py:2585} INFO - Sync 1 DAGs
[2022-11-06T21:03:47.975-0300] {logging_mixin.py:120} INFO - [2022-11-06T21:03:47.975-0300] {dag.py:3336} INFO - Setting next_dagrun for example_branch_python_operator_decorator to 2022-11-06T00:00:00+00:00, run_after=2022-11-07T00:00:00+00:00
[2022-11-06T21:03:47.994-0300] {processor.py:176} INFO - Processing /home/debian/etlhausz/venv/lib/python3.9/site-packages/airflow/example_dags/example_branch_operator_decorator.py took 0.348 seconds
[2022-11-06T21:04:18.294-0300] {processor.py:154} INFO - Started process (PID=65588) to work on /home/debian/etlhausz/venv/lib/python3.9/site-packages/airflow/example_dags/example_branch_operator_decorator.py
[2022-11-06T21:04:18.301-0300] {processor.py:756} INFO - Processing file /home/debian/etlhausz/venv/lib/python3.9/site-packages/airflow/example_dags/example_branch_operator_decorator.py for tasks to queue
[2022-11-06T21:04:18.302-0300] {logging_mixin.py:120} INFO - [2022-11-06T21:04:18.302-0300] {dagbag.py:537} INFO - Filling up the DagBag from /home/debian/etlhausz/venv/lib/python3.9/site-packages/airflow/example_dags/example_branch_operator_decorator.py
[2022-11-06T21:04:18.501-0300] {processor.py:766} INFO - DAG(s) dict_keys(['example_branch_python_operator_decorator']) retrieved from /home/debian/etlhausz/venv/lib/python3.9/site-packages/airflow/example_dags/example_branch_operator_decorator.py
[2022-11-06T21:04:18.568-0300] {logging_mixin.py:120} INFO - [2022-11-06T21:04:18.566-0300] {dag.py:2585} INFO - Sync 1 DAGs
[2022-11-06T21:04:18.587-0300] {logging_mixin.py:120} INFO - [2022-11-06T21:04:18.587-0300] {dag.py:3336} INFO - Setting next_dagrun for example_branch_python_operator_decorator to 2022-11-06T00:00:00+00:00, run_after=2022-11-07T00:00:00+00:00
[2022-11-06T21:04:18.603-0300] {processor.py:176} INFO - Processing /home/debian/etlhausz/venv/lib/python3.9/site-packages/airflow/example_dags/example_branch_operator_decorator.py took 0.323 seconds
[2022-11-06T22:01:38.346-0300] {processor.py:154} INFO - Started process (PID=5170) to work on /home/debian/etlhausz/venv/lib/python3.9/site-packages/airflow/example_dags/example_branch_operator_decorator.py
[2022-11-06T22:01:38.348-0300] {processor.py:756} INFO - Processing file /home/debian/etlhausz/venv/lib/python3.9/site-packages/airflow/example_dags/example_branch_operator_decorator.py for tasks to queue
[2022-11-06T22:01:38.349-0300] {logging_mixin.py:120} INFO - [2022-11-06T22:01:38.349-0300] {dagbag.py:537} INFO - Filling up the DagBag from /home/debian/etlhausz/venv/lib/python3.9/site-packages/airflow/example_dags/example_branch_operator_decorator.py
[2022-11-06T22:01:38.384-0300] {processor.py:766} INFO - DAG(s) dict_keys(['example_branch_python_operator_decorator']) retrieved from /home/debian/etlhausz/venv/lib/python3.9/site-packages/airflow/example_dags/example_branch_operator_decorator.py
[2022-11-06T22:01:38.438-0300] {logging_mixin.py:120} INFO - [2022-11-06T22:01:38.437-0300] {dag.py:2585} INFO - Sync 1 DAGs
[2022-11-06T22:01:38.527-0300] {logging_mixin.py:120} INFO - [2022-11-06T22:01:38.527-0300] {dag.py:3336} INFO - Setting next_dagrun for example_branch_python_operator_decorator to 2022-11-06T00:00:00+00:00, run_after=2022-11-07T00:00:00+00:00
[2022-11-06T22:01:38.573-0300] {processor.py:176} INFO - Processing /home/debian/etlhausz/venv/lib/python3.9/site-packages/airflow/example_dags/example_branch_operator_decorator.py took 0.229 seconds
[2022-11-06T22:02:10.757-0300] {processor.py:154} INFO - Started process (PID=5819) to work on /home/debian/etlhausz/venv/lib/python3.9/site-packages/airflow/example_dags/example_branch_operator_decorator.py
[2022-11-06T22:02:10.759-0300] {processor.py:756} INFO - Processing file /home/debian/etlhausz/venv/lib/python3.9/site-packages/airflow/example_dags/example_branch_operator_decorator.py for tasks to queue
[2022-11-06T22:02:10.759-0300] {logging_mixin.py:120} INFO - [2022-11-06T22:02:10.759-0300] {dagbag.py:537} INFO - Filling up the DagBag from /home/debian/etlhausz/venv/lib/python3.9/site-packages/airflow/example_dags/example_branch_operator_decorator.py
[2022-11-06T22:02:10.781-0300] {processor.py:766} INFO - DAG(s) dict_keys(['example_branch_python_operator_decorator']) retrieved from /home/debian/etlhausz/venv/lib/python3.9/site-packages/airflow/example_dags/example_branch_operator_decorator.py
[2022-11-06T22:02:10.823-0300] {logging_mixin.py:120} INFO - [2022-11-06T22:02:10.823-0300] {dag.py:2585} INFO - Sync 1 DAGs
[2022-11-06T22:02:10.843-0300] {logging_mixin.py:120} INFO - [2022-11-06T22:02:10.842-0300] {dag.py:3336} INFO - Setting next_dagrun for example_branch_python_operator_decorator to 2022-11-06T00:00:00+00:00, run_after=2022-11-07T00:00:00+00:00
[2022-11-06T22:02:10.864-0300] {processor.py:176} INFO - Processing /home/debian/etlhausz/venv/lib/python3.9/site-packages/airflow/example_dags/example_branch_operator_decorator.py took 0.109 seconds
[2022-11-06T22:02:42.301-0300] {processor.py:154} INFO - Started process (PID=6480) to work on /home/debian/etlhausz/venv/lib/python3.9/site-packages/airflow/example_dags/example_branch_operator_decorator.py
[2022-11-06T22:02:42.304-0300] {processor.py:756} INFO - Processing file /home/debian/etlhausz/venv/lib/python3.9/site-packages/airflow/example_dags/example_branch_operator_decorator.py for tasks to queue
[2022-11-06T22:02:42.304-0300] {logging_mixin.py:120} INFO - [2022-11-06T22:02:42.304-0300] {dagbag.py:537} INFO - Filling up the DagBag from /home/debian/etlhausz/venv/lib/python3.9/site-packages/airflow/example_dags/example_branch_operator_decorator.py
[2022-11-06T22:02:42.338-0300] {processor.py:766} INFO - DAG(s) dict_keys(['example_branch_python_operator_decorator']) retrieved from /home/debian/etlhausz/venv/lib/python3.9/site-packages/airflow/example_dags/example_branch_operator_decorator.py
[2022-11-06T22:02:42.385-0300] {logging_mixin.py:120} INFO - [2022-11-06T22:02:42.384-0300] {dag.py:2585} INFO - Sync 1 DAGs
[2022-11-06T22:02:42.409-0300] {logging_mixin.py:120} INFO - [2022-11-06T22:02:42.409-0300] {dag.py:3336} INFO - Setting next_dagrun for example_branch_python_operator_decorator to 2022-11-06T00:00:00+00:00, run_after=2022-11-07T00:00:00+00:00
[2022-11-06T22:02:42.432-0300] {processor.py:176} INFO - Processing /home/debian/etlhausz/venv/lib/python3.9/site-packages/airflow/example_dags/example_branch_operator_decorator.py took 0.141 seconds
[2022-11-06T22:03:15.126-0300] {processor.py:154} INFO - Started process (PID=7081) to work on /home/debian/etlhausz/venv/lib/python3.9/site-packages/airflow/example_dags/example_branch_operator_decorator.py
[2022-11-06T22:03:15.131-0300] {processor.py:756} INFO - Processing file /home/debian/etlhausz/venv/lib/python3.9/site-packages/airflow/example_dags/example_branch_operator_decorator.py for tasks to queue
[2022-11-06T22:03:15.141-0300] {logging_mixin.py:120} INFO - [2022-11-06T22:03:15.132-0300] {dagbag.py:537} INFO - Filling up the DagBag from /home/debian/etlhausz/venv/lib/python3.9/site-packages/airflow/example_dags/example_branch_operator_decorator.py
[2022-11-06T22:03:15.191-0300] {processor.py:766} INFO - DAG(s) dict_keys(['example_branch_python_operator_decorator']) retrieved from /home/debian/etlhausz/venv/lib/python3.9/site-packages/airflow/example_dags/example_branch_operator_decorator.py
[2022-11-06T22:03:15.414-0300] {logging_mixin.py:120} INFO - [2022-11-06T22:03:15.414-0300] {dag.py:2585} INFO - Sync 1 DAGs
[2022-11-06T22:03:15.481-0300] {logging_mixin.py:120} INFO - [2022-11-06T22:03:15.474-0300] {dag.py:3336} INFO - Setting next_dagrun for example_branch_python_operator_decorator to 2022-11-06T00:00:00+00:00, run_after=2022-11-07T00:00:00+00:00
[2022-11-06T22:03:15.569-0300] {processor.py:176} INFO - Processing /home/debian/etlhausz/venv/lib/python3.9/site-packages/airflow/example_dags/example_branch_operator_decorator.py took 0.447 seconds
[2022-11-06T22:03:46.196-0300] {processor.py:154} INFO - Started process (PID=7742) to work on /home/debian/etlhausz/venv/lib/python3.9/site-packages/airflow/example_dags/example_branch_operator_decorator.py
[2022-11-06T22:03:46.196-0300] {processor.py:756} INFO - Processing file /home/debian/etlhausz/venv/lib/python3.9/site-packages/airflow/example_dags/example_branch_operator_decorator.py for tasks to queue
[2022-11-06T22:03:46.197-0300] {logging_mixin.py:120} INFO - [2022-11-06T22:03:46.197-0300] {dagbag.py:537} INFO - Filling up the DagBag from /home/debian/etlhausz/venv/lib/python3.9/site-packages/airflow/example_dags/example_branch_operator_decorator.py
[2022-11-06T22:03:46.221-0300] {processor.py:766} INFO - DAG(s) dict_keys(['example_branch_python_operator_decorator']) retrieved from /home/debian/etlhausz/venv/lib/python3.9/site-packages/airflow/example_dags/example_branch_operator_decorator.py
[2022-11-06T22:03:46.266-0300] {logging_mixin.py:120} INFO - [2022-11-06T22:03:46.265-0300] {dag.py:2585} INFO - Sync 1 DAGs
[2022-11-06T22:03:46.288-0300] {logging_mixin.py:120} INFO - [2022-11-06T22:03:46.288-0300] {dag.py:3336} INFO - Setting next_dagrun for example_branch_python_operator_decorator to 2022-11-06T00:00:00+00:00, run_after=2022-11-07T00:00:00+00:00
[2022-11-06T22:03:46.308-0300] {processor.py:176} INFO - Processing /home/debian/etlhausz/venv/lib/python3.9/site-packages/airflow/example_dags/example_branch_operator_decorator.py took 0.116 seconds
[2022-11-06T22:04:17.837-0300] {processor.py:154} INFO - Started process (PID=8365) to work on /home/debian/etlhausz/venv/lib/python3.9/site-packages/airflow/example_dags/example_branch_operator_decorator.py
[2022-11-06T22:04:17.839-0300] {processor.py:756} INFO - Processing file /home/debian/etlhausz/venv/lib/python3.9/site-packages/airflow/example_dags/example_branch_operator_decorator.py for tasks to queue
[2022-11-06T22:04:17.840-0300] {logging_mixin.py:120} INFO - [2022-11-06T22:04:17.840-0300] {dagbag.py:537} INFO - Filling up the DagBag from /home/debian/etlhausz/venv/lib/python3.9/site-packages/airflow/example_dags/example_branch_operator_decorator.py
[2022-11-06T22:04:17.863-0300] {processor.py:766} INFO - DAG(s) dict_keys(['example_branch_python_operator_decorator']) retrieved from /home/debian/etlhausz/venv/lib/python3.9/site-packages/airflow/example_dags/example_branch_operator_decorator.py
[2022-11-06T22:04:17.910-0300] {logging_mixin.py:120} INFO - [2022-11-06T22:04:17.910-0300] {dag.py:2585} INFO - Sync 1 DAGs
[2022-11-06T22:04:17.931-0300] {logging_mixin.py:120} INFO - [2022-11-06T22:04:17.931-0300] {dag.py:3336} INFO - Setting next_dagrun for example_branch_python_operator_decorator to 2022-11-06T00:00:00+00:00, run_after=2022-11-07T00:00:00+00:00
[2022-11-06T22:04:17.954-0300] {processor.py:176} INFO - Processing /home/debian/etlhausz/venv/lib/python3.9/site-packages/airflow/example_dags/example_branch_operator_decorator.py took 0.120 seconds
[2022-11-06T22:04:50.235-0300] {processor.py:154} INFO - Started process (PID=8939) to work on /home/debian/etlhausz/venv/lib/python3.9/site-packages/airflow/example_dags/example_branch_operator_decorator.py
[2022-11-06T22:04:50.236-0300] {processor.py:756} INFO - Processing file /home/debian/etlhausz/venv/lib/python3.9/site-packages/airflow/example_dags/example_branch_operator_decorator.py for tasks to queue
[2022-11-06T22:04:50.237-0300] {logging_mixin.py:120} INFO - [2022-11-06T22:04:50.237-0300] {dagbag.py:537} INFO - Filling up the DagBag from /home/debian/etlhausz/venv/lib/python3.9/site-packages/airflow/example_dags/example_branch_operator_decorator.py
[2022-11-06T22:04:50.257-0300] {processor.py:766} INFO - DAG(s) dict_keys(['example_branch_python_operator_decorator']) retrieved from /home/debian/etlhausz/venv/lib/python3.9/site-packages/airflow/example_dags/example_branch_operator_decorator.py
[2022-11-06T22:04:50.299-0300] {logging_mixin.py:120} INFO - [2022-11-06T22:04:50.298-0300] {dag.py:2585} INFO - Sync 1 DAGs
[2022-11-06T22:04:50.320-0300] {logging_mixin.py:120} INFO - [2022-11-06T22:04:50.320-0300] {dag.py:3336} INFO - Setting next_dagrun for example_branch_python_operator_decorator to 2022-11-06T00:00:00+00:00, run_after=2022-11-07T00:00:00+00:00
[2022-11-06T22:04:50.343-0300] {processor.py:176} INFO - Processing /home/debian/etlhausz/venv/lib/python3.9/site-packages/airflow/example_dags/example_branch_operator_decorator.py took 0.113 seconds
[2022-11-06T22:05:31.513-0300] {processor.py:154} INFO - Started process (PID=9869) to work on /home/debian/etlhausz/venv/lib/python3.9/site-packages/airflow/example_dags/example_branch_operator_decorator.py
[2022-11-06T22:05:31.518-0300] {processor.py:756} INFO - Processing file /home/debian/etlhausz/venv/lib/python3.9/site-packages/airflow/example_dags/example_branch_operator_decorator.py for tasks to queue
[2022-11-06T22:05:31.519-0300] {logging_mixin.py:120} INFO - [2022-11-06T22:05:31.519-0300] {dagbag.py:537} INFO - Filling up the DagBag from /home/debian/etlhausz/venv/lib/python3.9/site-packages/airflow/example_dags/example_branch_operator_decorator.py
[2022-11-06T22:05:31.551-0300] {processor.py:766} INFO - DAG(s) dict_keys(['example_branch_python_operator_decorator']) retrieved from /home/debian/etlhausz/venv/lib/python3.9/site-packages/airflow/example_dags/example_branch_operator_decorator.py
[2022-11-06T22:05:31.626-0300] {logging_mixin.py:120} INFO - [2022-11-06T22:05:31.626-0300] {dag.py:2585} INFO - Sync 1 DAGs
[2022-11-06T22:05:31.674-0300] {logging_mixin.py:120} INFO - [2022-11-06T22:05:31.674-0300] {dag.py:3336} INFO - Setting next_dagrun for example_branch_python_operator_decorator to 2022-11-06T00:00:00+00:00, run_after=2022-11-07T00:00:00+00:00
[2022-11-06T22:05:31.695-0300] {processor.py:176} INFO - Processing /home/debian/etlhausz/venv/lib/python3.9/site-packages/airflow/example_dags/example_branch_operator_decorator.py took 0.185 seconds
[2022-11-06T22:06:02.595-0300] {processor.py:154} INFO - Started process (PID=10483) to work on /home/debian/etlhausz/venv/lib/python3.9/site-packages/airflow/example_dags/example_branch_operator_decorator.py
[2022-11-06T22:06:02.596-0300] {processor.py:756} INFO - Processing file /home/debian/etlhausz/venv/lib/python3.9/site-packages/airflow/example_dags/example_branch_operator_decorator.py for tasks to queue
[2022-11-06T22:06:02.596-0300] {logging_mixin.py:120} INFO - [2022-11-06T22:06:02.596-0300] {dagbag.py:537} INFO - Filling up the DagBag from /home/debian/etlhausz/venv/lib/python3.9/site-packages/airflow/example_dags/example_branch_operator_decorator.py
[2022-11-06T22:06:02.626-0300] {processor.py:766} INFO - DAG(s) dict_keys(['example_branch_python_operator_decorator']) retrieved from /home/debian/etlhausz/venv/lib/python3.9/site-packages/airflow/example_dags/example_branch_operator_decorator.py
[2022-11-06T22:06:02.671-0300] {logging_mixin.py:120} INFO - [2022-11-06T22:06:02.671-0300] {dag.py:2585} INFO - Sync 1 DAGs
[2022-11-06T22:06:02.703-0300] {logging_mixin.py:120} INFO - [2022-11-06T22:06:02.703-0300] {dag.py:3336} INFO - Setting next_dagrun for example_branch_python_operator_decorator to 2022-11-06T00:00:00+00:00, run_after=2022-11-07T00:00:00+00:00
[2022-11-06T22:06:02.724-0300] {processor.py:176} INFO - Processing /home/debian/etlhausz/venv/lib/python3.9/site-packages/airflow/example_dags/example_branch_operator_decorator.py took 0.132 seconds
[2022-11-06T22:06:33.654-0300] {processor.py:154} INFO - Started process (PID=11080) to work on /home/debian/etlhausz/venv/lib/python3.9/site-packages/airflow/example_dags/example_branch_operator_decorator.py
[2022-11-06T22:06:33.656-0300] {processor.py:756} INFO - Processing file /home/debian/etlhausz/venv/lib/python3.9/site-packages/airflow/example_dags/example_branch_operator_decorator.py for tasks to queue
[2022-11-06T22:06:33.657-0300] {logging_mixin.py:120} INFO - [2022-11-06T22:06:33.657-0300] {dagbag.py:537} INFO - Filling up the DagBag from /home/debian/etlhausz/venv/lib/python3.9/site-packages/airflow/example_dags/example_branch_operator_decorator.py
[2022-11-06T22:06:33.679-0300] {processor.py:766} INFO - DAG(s) dict_keys(['example_branch_python_operator_decorator']) retrieved from /home/debian/etlhausz/venv/lib/python3.9/site-packages/airflow/example_dags/example_branch_operator_decorator.py
[2022-11-06T22:06:33.721-0300] {logging_mixin.py:120} INFO - [2022-11-06T22:06:33.721-0300] {dag.py:2585} INFO - Sync 1 DAGs
[2022-11-06T22:06:33.742-0300] {logging_mixin.py:120} INFO - [2022-11-06T22:06:33.742-0300] {dag.py:3336} INFO - Setting next_dagrun for example_branch_python_operator_decorator to 2022-11-06T00:00:00+00:00, run_after=2022-11-07T00:00:00+00:00
[2022-11-06T22:06:33.765-0300] {processor.py:176} INFO - Processing /home/debian/etlhausz/venv/lib/python3.9/site-packages/airflow/example_dags/example_branch_operator_decorator.py took 0.115 seconds
[2022-11-06T22:07:04.136-0300] {processor.py:154} INFO - Started process (PID=11627) to work on /home/debian/etlhausz/venv/lib/python3.9/site-packages/airflow/example_dags/example_branch_operator_decorator.py
[2022-11-06T22:07:04.137-0300] {processor.py:756} INFO - Processing file /home/debian/etlhausz/venv/lib/python3.9/site-packages/airflow/example_dags/example_branch_operator_decorator.py for tasks to queue
[2022-11-06T22:07:04.140-0300] {logging_mixin.py:120} INFO - [2022-11-06T22:07:04.139-0300] {dagbag.py:537} INFO - Filling up the DagBag from /home/debian/etlhausz/venv/lib/python3.9/site-packages/airflow/example_dags/example_branch_operator_decorator.py
[2022-11-06T22:07:04.177-0300] {processor.py:766} INFO - DAG(s) dict_keys(['example_branch_python_operator_decorator']) retrieved from /home/debian/etlhausz/venv/lib/python3.9/site-packages/airflow/example_dags/example_branch_operator_decorator.py
[2022-11-06T22:07:04.257-0300] {logging_mixin.py:120} INFO - [2022-11-06T22:07:04.257-0300] {dag.py:2585} INFO - Sync 1 DAGs
[2022-11-06T22:07:04.285-0300] {logging_mixin.py:120} INFO - [2022-11-06T22:07:04.285-0300] {dag.py:3336} INFO - Setting next_dagrun for example_branch_python_operator_decorator to 2022-11-06T00:00:00+00:00, run_after=2022-11-07T00:00:00+00:00
[2022-11-06T22:07:04.307-0300] {processor.py:176} INFO - Processing /home/debian/etlhausz/venv/lib/python3.9/site-packages/airflow/example_dags/example_branch_operator_decorator.py took 0.183 seconds
[2022-11-06T22:07:38.710-0300] {processor.py:154} INFO - Started process (PID=12329) to work on /home/debian/etlhausz/venv/lib/python3.9/site-packages/airflow/example_dags/example_branch_operator_decorator.py
[2022-11-06T22:07:38.713-0300] {processor.py:756} INFO - Processing file /home/debian/etlhausz/venv/lib/python3.9/site-packages/airflow/example_dags/example_branch_operator_decorator.py for tasks to queue
[2022-11-06T22:07:38.720-0300] {logging_mixin.py:120} INFO - [2022-11-06T22:07:38.718-0300] {dagbag.py:537} INFO - Filling up the DagBag from /home/debian/etlhausz/venv/lib/python3.9/site-packages/airflow/example_dags/example_branch_operator_decorator.py
[2022-11-06T22:07:38.766-0300] {processor.py:766} INFO - DAG(s) dict_keys(['example_branch_python_operator_decorator']) retrieved from /home/debian/etlhausz/venv/lib/python3.9/site-packages/airflow/example_dags/example_branch_operator_decorator.py
[2022-11-06T22:07:38.854-0300] {logging_mixin.py:120} INFO - [2022-11-06T22:07:38.854-0300] {dag.py:2585} INFO - Sync 1 DAGs
[2022-11-06T22:07:38.986-0300] {logging_mixin.py:120} INFO - [2022-11-06T22:07:38.985-0300] {dag.py:3336} INFO - Setting next_dagrun for example_branch_python_operator_decorator to 2022-11-06T00:00:00+00:00, run_after=2022-11-07T00:00:00+00:00
[2022-11-06T22:07:39.117-0300] {processor.py:176} INFO - Processing /home/debian/etlhausz/venv/lib/python3.9/site-packages/airflow/example_dags/example_branch_operator_decorator.py took 0.411 seconds
[2022-11-06T22:08:09.362-0300] {processor.py:154} INFO - Started process (PID=13060) to work on /home/debian/etlhausz/venv/lib/python3.9/site-packages/airflow/example_dags/example_branch_operator_decorator.py
[2022-11-06T22:08:09.363-0300] {processor.py:756} INFO - Processing file /home/debian/etlhausz/venv/lib/python3.9/site-packages/airflow/example_dags/example_branch_operator_decorator.py for tasks to queue
[2022-11-06T22:08:09.363-0300] {logging_mixin.py:120} INFO - [2022-11-06T22:08:09.363-0300] {dagbag.py:537} INFO - Filling up the DagBag from /home/debian/etlhausz/venv/lib/python3.9/site-packages/airflow/example_dags/example_branch_operator_decorator.py
[2022-11-06T22:08:09.384-0300] {processor.py:766} INFO - DAG(s) dict_keys(['example_branch_python_operator_decorator']) retrieved from /home/debian/etlhausz/venv/lib/python3.9/site-packages/airflow/example_dags/example_branch_operator_decorator.py
[2022-11-06T22:08:09.429-0300] {logging_mixin.py:120} INFO - [2022-11-06T22:08:09.429-0300] {dag.py:2585} INFO - Sync 1 DAGs
[2022-11-06T22:08:09.451-0300] {logging_mixin.py:120} INFO - [2022-11-06T22:08:09.450-0300] {dag.py:3336} INFO - Setting next_dagrun for example_branch_python_operator_decorator to 2022-11-06T00:00:00+00:00, run_after=2022-11-07T00:00:00+00:00
[2022-11-06T22:08:09.472-0300] {processor.py:176} INFO - Processing /home/debian/etlhausz/venv/lib/python3.9/site-packages/airflow/example_dags/example_branch_operator_decorator.py took 0.113 seconds
[2022-11-06T22:08:40.776-0300] {processor.py:154} INFO - Started process (PID=13739) to work on /home/debian/etlhausz/venv/lib/python3.9/site-packages/airflow/example_dags/example_branch_operator_decorator.py
[2022-11-06T22:08:40.777-0300] {processor.py:756} INFO - Processing file /home/debian/etlhausz/venv/lib/python3.9/site-packages/airflow/example_dags/example_branch_operator_decorator.py for tasks to queue
[2022-11-06T22:08:40.778-0300] {logging_mixin.py:120} INFO - [2022-11-06T22:08:40.778-0300] {dagbag.py:537} INFO - Filling up the DagBag from /home/debian/etlhausz/venv/lib/python3.9/site-packages/airflow/example_dags/example_branch_operator_decorator.py
[2022-11-06T22:08:40.822-0300] {processor.py:766} INFO - DAG(s) dict_keys(['example_branch_python_operator_decorator']) retrieved from /home/debian/etlhausz/venv/lib/python3.9/site-packages/airflow/example_dags/example_branch_operator_decorator.py
[2022-11-06T22:08:40.879-0300] {logging_mixin.py:120} INFO - [2022-11-06T22:08:40.879-0300] {dag.py:2585} INFO - Sync 1 DAGs
[2022-11-06T22:08:40.914-0300] {logging_mixin.py:120} INFO - [2022-11-06T22:08:40.914-0300] {dag.py:3336} INFO - Setting next_dagrun for example_branch_python_operator_decorator to 2022-11-06T00:00:00+00:00, run_after=2022-11-07T00:00:00+00:00
[2022-11-06T22:08:40.937-0300] {processor.py:176} INFO - Processing /home/debian/etlhausz/venv/lib/python3.9/site-packages/airflow/example_dags/example_branch_operator_decorator.py took 0.165 seconds
[2022-11-06T22:09:13.461-0300] {processor.py:154} INFO - Started process (PID=14410) to work on /home/debian/etlhausz/venv/lib/python3.9/site-packages/airflow/example_dags/example_branch_operator_decorator.py
[2022-11-06T22:09:13.463-0300] {processor.py:756} INFO - Processing file /home/debian/etlhausz/venv/lib/python3.9/site-packages/airflow/example_dags/example_branch_operator_decorator.py for tasks to queue
[2022-11-06T22:09:13.464-0300] {logging_mixin.py:120} INFO - [2022-11-06T22:09:13.464-0300] {dagbag.py:537} INFO - Filling up the DagBag from /home/debian/etlhausz/venv/lib/python3.9/site-packages/airflow/example_dags/example_branch_operator_decorator.py
[2022-11-06T22:09:13.502-0300] {processor.py:766} INFO - DAG(s) dict_keys(['example_branch_python_operator_decorator']) retrieved from /home/debian/etlhausz/venv/lib/python3.9/site-packages/airflow/example_dags/example_branch_operator_decorator.py
[2022-11-06T22:09:13.570-0300] {logging_mixin.py:120} INFO - [2022-11-06T22:09:13.569-0300] {dag.py:2585} INFO - Sync 1 DAGs
[2022-11-06T22:09:13.596-0300] {logging_mixin.py:120} INFO - [2022-11-06T22:09:13.595-0300] {dag.py:3336} INFO - Setting next_dagrun for example_branch_python_operator_decorator to 2022-11-06T00:00:00+00:00, run_after=2022-11-07T00:00:00+00:00
[2022-11-06T22:09:13.632-0300] {processor.py:176} INFO - Processing /home/debian/etlhausz/venv/lib/python3.9/site-packages/airflow/example_dags/example_branch_operator_decorator.py took 0.172 seconds
[2022-11-06T22:09:45.917-0300] {processor.py:154} INFO - Started process (PID=15031) to work on /home/debian/etlhausz/venv/lib/python3.9/site-packages/airflow/example_dags/example_branch_operator_decorator.py
[2022-11-06T22:09:45.918-0300] {processor.py:756} INFO - Processing file /home/debian/etlhausz/venv/lib/python3.9/site-packages/airflow/example_dags/example_branch_operator_decorator.py for tasks to queue
[2022-11-06T22:09:45.919-0300] {logging_mixin.py:120} INFO - [2022-11-06T22:09:45.919-0300] {dagbag.py:537} INFO - Filling up the DagBag from /home/debian/etlhausz/venv/lib/python3.9/site-packages/airflow/example_dags/example_branch_operator_decorator.py
[2022-11-06T22:09:45.940-0300] {processor.py:766} INFO - DAG(s) dict_keys(['example_branch_python_operator_decorator']) retrieved from /home/debian/etlhausz/venv/lib/python3.9/site-packages/airflow/example_dags/example_branch_operator_decorator.py
[2022-11-06T22:09:45.988-0300] {logging_mixin.py:120} INFO - [2022-11-06T22:09:45.988-0300] {dag.py:2585} INFO - Sync 1 DAGs
[2022-11-06T22:09:46.017-0300] {logging_mixin.py:120} INFO - [2022-11-06T22:09:46.017-0300] {dag.py:3336} INFO - Setting next_dagrun for example_branch_python_operator_decorator to 2022-11-06T00:00:00+00:00, run_after=2022-11-07T00:00:00+00:00
[2022-11-06T22:09:46.040-0300] {processor.py:176} INFO - Processing /home/debian/etlhausz/venv/lib/python3.9/site-packages/airflow/example_dags/example_branch_operator_decorator.py took 0.126 seconds
[2022-11-06T22:10:18.071-0300] {processor.py:154} INFO - Started process (PID=15638) to work on /home/debian/etlhausz/venv/lib/python3.9/site-packages/airflow/example_dags/example_branch_operator_decorator.py
[2022-11-06T22:10:18.072-0300] {processor.py:756} INFO - Processing file /home/debian/etlhausz/venv/lib/python3.9/site-packages/airflow/example_dags/example_branch_operator_decorator.py for tasks to queue
[2022-11-06T22:10:18.073-0300] {logging_mixin.py:120} INFO - [2022-11-06T22:10:18.073-0300] {dagbag.py:537} INFO - Filling up the DagBag from /home/debian/etlhausz/venv/lib/python3.9/site-packages/airflow/example_dags/example_branch_operator_decorator.py
[2022-11-06T22:10:18.104-0300] {processor.py:766} INFO - DAG(s) dict_keys(['example_branch_python_operator_decorator']) retrieved from /home/debian/etlhausz/venv/lib/python3.9/site-packages/airflow/example_dags/example_branch_operator_decorator.py
[2022-11-06T22:10:18.153-0300] {logging_mixin.py:120} INFO - [2022-11-06T22:10:18.153-0300] {dag.py:2585} INFO - Sync 1 DAGs
[2022-11-06T22:10:18.198-0300] {logging_mixin.py:120} INFO - [2022-11-06T22:10:18.198-0300] {dag.py:3336} INFO - Setting next_dagrun for example_branch_python_operator_decorator to 2022-11-06T00:00:00+00:00, run_after=2022-11-07T00:00:00+00:00
[2022-11-06T22:10:18.223-0300] {processor.py:176} INFO - Processing /home/debian/etlhausz/venv/lib/python3.9/site-packages/airflow/example_dags/example_branch_operator_decorator.py took 0.155 seconds
[2022-11-06T22:10:49.778-0300] {processor.py:154} INFO - Started process (PID=16263) to work on /home/debian/etlhausz/venv/lib/python3.9/site-packages/airflow/example_dags/example_branch_operator_decorator.py
[2022-11-06T22:10:49.784-0300] {processor.py:756} INFO - Processing file /home/debian/etlhausz/venv/lib/python3.9/site-packages/airflow/example_dags/example_branch_operator_decorator.py for tasks to queue
[2022-11-06T22:10:49.786-0300] {logging_mixin.py:120} INFO - [2022-11-06T22:10:49.786-0300] {dagbag.py:537} INFO - Filling up the DagBag from /home/debian/etlhausz/venv/lib/python3.9/site-packages/airflow/example_dags/example_branch_operator_decorator.py
[2022-11-06T22:10:49.870-0300] {processor.py:766} INFO - DAG(s) dict_keys(['example_branch_python_operator_decorator']) retrieved from /home/debian/etlhausz/venv/lib/python3.9/site-packages/airflow/example_dags/example_branch_operator_decorator.py
[2022-11-06T22:10:49.960-0300] {logging_mixin.py:120} INFO - [2022-11-06T22:10:49.960-0300] {dag.py:2585} INFO - Sync 1 DAGs
[2022-11-06T22:10:50.042-0300] {logging_mixin.py:120} INFO - [2022-11-06T22:10:50.041-0300] {dag.py:3336} INFO - Setting next_dagrun for example_branch_python_operator_decorator to 2022-11-06T00:00:00+00:00, run_after=2022-11-07T00:00:00+00:00
[2022-11-06T22:10:50.077-0300] {processor.py:176} INFO - Processing /home/debian/etlhausz/venv/lib/python3.9/site-packages/airflow/example_dags/example_branch_operator_decorator.py took 0.303 seconds
[2022-11-06T22:11:23.453-0300] {processor.py:154} INFO - Started process (PID=16850) to work on /home/debian/etlhausz/venv/lib/python3.9/site-packages/airflow/example_dags/example_branch_operator_decorator.py
[2022-11-06T22:11:23.455-0300] {processor.py:756} INFO - Processing file /home/debian/etlhausz/venv/lib/python3.9/site-packages/airflow/example_dags/example_branch_operator_decorator.py for tasks to queue
[2022-11-06T22:11:23.457-0300] {logging_mixin.py:120} INFO - [2022-11-06T22:11:23.457-0300] {dagbag.py:537} INFO - Filling up the DagBag from /home/debian/etlhausz/venv/lib/python3.9/site-packages/airflow/example_dags/example_branch_operator_decorator.py
[2022-11-06T22:11:23.484-0300] {processor.py:766} INFO - DAG(s) dict_keys(['example_branch_python_operator_decorator']) retrieved from /home/debian/etlhausz/venv/lib/python3.9/site-packages/airflow/example_dags/example_branch_operator_decorator.py
[2022-11-06T22:11:23.542-0300] {logging_mixin.py:120} INFO - [2022-11-06T22:11:23.542-0300] {dag.py:2585} INFO - Sync 1 DAGs
[2022-11-06T22:11:23.731-0300] {logging_mixin.py:120} INFO - [2022-11-06T22:11:23.731-0300] {dag.py:3336} INFO - Setting next_dagrun for example_branch_python_operator_decorator to 2022-11-06T00:00:00+00:00, run_after=2022-11-07T00:00:00+00:00
[2022-11-06T22:11:23.760-0300] {processor.py:176} INFO - Processing /home/debian/etlhausz/venv/lib/python3.9/site-packages/airflow/example_dags/example_branch_operator_decorator.py took 0.310 seconds
[2022-11-06T22:11:58.725-0300] {processor.py:154} INFO - Started process (PID=17410) to work on /home/debian/etlhausz/venv/lib/python3.9/site-packages/airflow/example_dags/example_branch_operator_decorator.py
[2022-11-06T22:11:58.735-0300] {processor.py:756} INFO - Processing file /home/debian/etlhausz/venv/lib/python3.9/site-packages/airflow/example_dags/example_branch_operator_decorator.py for tasks to queue
[2022-11-06T22:11:58.745-0300] {logging_mixin.py:120} INFO - [2022-11-06T22:11:58.744-0300] {dagbag.py:537} INFO - Filling up the DagBag from /home/debian/etlhausz/venv/lib/python3.9/site-packages/airflow/example_dags/example_branch_operator_decorator.py
[2022-11-06T22:11:58.822-0300] {processor.py:766} INFO - DAG(s) dict_keys(['example_branch_python_operator_decorator']) retrieved from /home/debian/etlhausz/venv/lib/python3.9/site-packages/airflow/example_dags/example_branch_operator_decorator.py
[2022-11-06T22:11:58.962-0300] {logging_mixin.py:120} INFO - [2022-11-06T22:11:58.962-0300] {dag.py:2585} INFO - Sync 1 DAGs
[2022-11-06T22:11:59.782-0300] {logging_mixin.py:120} INFO - [2022-11-06T22:11:59.781-0300] {dag.py:3336} INFO - Setting next_dagrun for example_branch_python_operator_decorator to 2022-11-06T00:00:00+00:00, run_after=2022-11-07T00:00:00+00:00
[2022-11-06T22:11:59.944-0300] {processor.py:176} INFO - Processing /home/debian/etlhausz/venv/lib/python3.9/site-packages/airflow/example_dags/example_branch_operator_decorator.py took 1.251 seconds
[2022-11-06T22:12:30.063-0300] {processor.py:154} INFO - Started process (PID=18014) to work on /home/debian/etlhausz/venv/lib/python3.9/site-packages/airflow/example_dags/example_branch_operator_decorator.py
[2022-11-06T22:12:30.065-0300] {processor.py:756} INFO - Processing file /home/debian/etlhausz/venv/lib/python3.9/site-packages/airflow/example_dags/example_branch_operator_decorator.py for tasks to queue
[2022-11-06T22:12:30.065-0300] {logging_mixin.py:120} INFO - [2022-11-06T22:12:30.065-0300] {dagbag.py:537} INFO - Filling up the DagBag from /home/debian/etlhausz/venv/lib/python3.9/site-packages/airflow/example_dags/example_branch_operator_decorator.py
[2022-11-06T22:12:30.083-0300] {processor.py:766} INFO - DAG(s) dict_keys(['example_branch_python_operator_decorator']) retrieved from /home/debian/etlhausz/venv/lib/python3.9/site-packages/airflow/example_dags/example_branch_operator_decorator.py
[2022-11-06T22:12:30.219-0300] {logging_mixin.py:120} INFO - [2022-11-06T22:12:30.219-0300] {dag.py:2585} INFO - Sync 1 DAGs
[2022-11-06T22:12:30.237-0300] {logging_mixin.py:120} INFO - [2022-11-06T22:12:30.237-0300] {dag.py:3336} INFO - Setting next_dagrun for example_branch_python_operator_decorator to 2022-11-06T00:00:00+00:00, run_after=2022-11-07T00:00:00+00:00
[2022-11-06T22:12:30.254-0300] {processor.py:176} INFO - Processing /home/debian/etlhausz/venv/lib/python3.9/site-packages/airflow/example_dags/example_branch_operator_decorator.py took 0.194 seconds
[2022-11-06T22:13:01.534-0300] {processor.py:154} INFO - Started process (PID=18637) to work on /home/debian/etlhausz/venv/lib/python3.9/site-packages/airflow/example_dags/example_branch_operator_decorator.py
[2022-11-06T22:13:01.535-0300] {processor.py:756} INFO - Processing file /home/debian/etlhausz/venv/lib/python3.9/site-packages/airflow/example_dags/example_branch_operator_decorator.py for tasks to queue
[2022-11-06T22:13:01.536-0300] {logging_mixin.py:120} INFO - [2022-11-06T22:13:01.536-0300] {dagbag.py:537} INFO - Filling up the DagBag from /home/debian/etlhausz/venv/lib/python3.9/site-packages/airflow/example_dags/example_branch_operator_decorator.py
[2022-11-06T22:13:01.683-0300] {processor.py:766} INFO - DAG(s) dict_keys(['example_branch_python_operator_decorator']) retrieved from /home/debian/etlhausz/venv/lib/python3.9/site-packages/airflow/example_dags/example_branch_operator_decorator.py
[2022-11-06T22:13:01.721-0300] {logging_mixin.py:120} INFO - [2022-11-06T22:13:01.721-0300] {dag.py:2585} INFO - Sync 1 DAGs
[2022-11-06T22:13:01.740-0300] {logging_mixin.py:120} INFO - [2022-11-06T22:13:01.740-0300] {dag.py:3336} INFO - Setting next_dagrun for example_branch_python_operator_decorator to 2022-11-06T00:00:00+00:00, run_after=2022-11-07T00:00:00+00:00
[2022-11-06T22:13:01.860-0300] {processor.py:176} INFO - Processing /home/debian/etlhausz/venv/lib/python3.9/site-packages/airflow/example_dags/example_branch_operator_decorator.py took 0.330 seconds
[2022-11-06T22:13:33.448-0300] {processor.py:154} INFO - Started process (PID=19252) to work on /home/debian/etlhausz/venv/lib/python3.9/site-packages/airflow/example_dags/example_branch_operator_decorator.py
[2022-11-06T22:13:33.451-0300] {processor.py:756} INFO - Processing file /home/debian/etlhausz/venv/lib/python3.9/site-packages/airflow/example_dags/example_branch_operator_decorator.py for tasks to queue
[2022-11-06T22:13:33.454-0300] {logging_mixin.py:120} INFO - [2022-11-06T22:13:33.453-0300] {dagbag.py:537} INFO - Filling up the DagBag from /home/debian/etlhausz/venv/lib/python3.9/site-packages/airflow/example_dags/example_branch_operator_decorator.py
[2022-11-06T22:13:33.491-0300] {processor.py:766} INFO - DAG(s) dict_keys(['example_branch_python_operator_decorator']) retrieved from /home/debian/etlhausz/venv/lib/python3.9/site-packages/airflow/example_dags/example_branch_operator_decorator.py
[2022-11-06T22:13:33.539-0300] {logging_mixin.py:120} INFO - [2022-11-06T22:13:33.539-0300] {dag.py:2585} INFO - Sync 1 DAGs
[2022-11-06T22:13:33.704-0300] {logging_mixin.py:120} INFO - [2022-11-06T22:13:33.704-0300] {dag.py:3336} INFO - Setting next_dagrun for example_branch_python_operator_decorator to 2022-11-06T00:00:00+00:00, run_after=2022-11-07T00:00:00+00:00
[2022-11-06T22:13:33.718-0300] {processor.py:176} INFO - Processing /home/debian/etlhausz/venv/lib/python3.9/site-packages/airflow/example_dags/example_branch_operator_decorator.py took 0.275 seconds
[2022-11-06T22:14:05.271-0300] {processor.py:154} INFO - Started process (PID=19845) to work on /home/debian/etlhausz/venv/lib/python3.9/site-packages/airflow/example_dags/example_branch_operator_decorator.py
[2022-11-06T22:14:05.272-0300] {processor.py:756} INFO - Processing file /home/debian/etlhausz/venv/lib/python3.9/site-packages/airflow/example_dags/example_branch_operator_decorator.py for tasks to queue
[2022-11-06T22:14:05.273-0300] {logging_mixin.py:120} INFO - [2022-11-06T22:14:05.273-0300] {dagbag.py:537} INFO - Filling up the DagBag from /home/debian/etlhausz/venv/lib/python3.9/site-packages/airflow/example_dags/example_branch_operator_decorator.py
[2022-11-06T22:14:05.295-0300] {processor.py:766} INFO - DAG(s) dict_keys(['example_branch_python_operator_decorator']) retrieved from /home/debian/etlhausz/venv/lib/python3.9/site-packages/airflow/example_dags/example_branch_operator_decorator.py
[2022-11-06T22:14:05.536-0300] {logging_mixin.py:120} INFO - [2022-11-06T22:14:05.536-0300] {dag.py:2585} INFO - Sync 1 DAGs
[2022-11-06T22:14:05.553-0300] {logging_mixin.py:120} INFO - [2022-11-06T22:14:05.553-0300] {dag.py:3336} INFO - Setting next_dagrun for example_branch_python_operator_decorator to 2022-11-06T00:00:00+00:00, run_after=2022-11-07T00:00:00+00:00
[2022-11-06T22:14:05.579-0300] {processor.py:176} INFO - Processing /home/debian/etlhausz/venv/lib/python3.9/site-packages/airflow/example_dags/example_branch_operator_decorator.py took 0.311 seconds
[2022-11-06T22:14:38.085-0300] {processor.py:154} INFO - Started process (PID=20472) to work on /home/debian/etlhausz/venv/lib/python3.9/site-packages/airflow/example_dags/example_branch_operator_decorator.py
[2022-11-06T22:14:38.087-0300] {processor.py:756} INFO - Processing file /home/debian/etlhausz/venv/lib/python3.9/site-packages/airflow/example_dags/example_branch_operator_decorator.py for tasks to queue
[2022-11-06T22:14:38.088-0300] {logging_mixin.py:120} INFO - [2022-11-06T22:14:38.088-0300] {dagbag.py:537} INFO - Filling up the DagBag from /home/debian/etlhausz/venv/lib/python3.9/site-packages/airflow/example_dags/example_branch_operator_decorator.py
[2022-11-06T22:14:38.108-0300] {processor.py:766} INFO - DAG(s) dict_keys(['example_branch_python_operator_decorator']) retrieved from /home/debian/etlhausz/venv/lib/python3.9/site-packages/airflow/example_dags/example_branch_operator_decorator.py
[2022-11-06T22:14:38.309-0300] {logging_mixin.py:120} INFO - [2022-11-06T22:14:38.309-0300] {dag.py:2585} INFO - Sync 1 DAGs
[2022-11-06T22:14:38.348-0300] {logging_mixin.py:120} INFO - [2022-11-06T22:14:38.347-0300] {dag.py:3336} INFO - Setting next_dagrun for example_branch_python_operator_decorator to 2022-11-06T00:00:00+00:00, run_after=2022-11-07T00:00:00+00:00
[2022-11-06T22:14:38.389-0300] {processor.py:176} INFO - Processing /home/debian/etlhausz/venv/lib/python3.9/site-packages/airflow/example_dags/example_branch_operator_decorator.py took 0.308 seconds
[2022-11-06T22:15:09.725-0300] {processor.py:154} INFO - Started process (PID=21058) to work on /home/debian/etlhausz/venv/lib/python3.9/site-packages/airflow/example_dags/example_branch_operator_decorator.py
[2022-11-06T22:15:09.728-0300] {processor.py:756} INFO - Processing file /home/debian/etlhausz/venv/lib/python3.9/site-packages/airflow/example_dags/example_branch_operator_decorator.py for tasks to queue
[2022-11-06T22:15:09.729-0300] {logging_mixin.py:120} INFO - [2022-11-06T22:15:09.728-0300] {dagbag.py:537} INFO - Filling up the DagBag from /home/debian/etlhausz/venv/lib/python3.9/site-packages/airflow/example_dags/example_branch_operator_decorator.py
[2022-11-06T22:15:09.844-0300] {processor.py:766} INFO - DAG(s) dict_keys(['example_branch_python_operator_decorator']) retrieved from /home/debian/etlhausz/venv/lib/python3.9/site-packages/airflow/example_dags/example_branch_operator_decorator.py
[2022-11-06T22:15:09.881-0300] {logging_mixin.py:120} INFO - [2022-11-06T22:15:09.881-0300] {dag.py:2585} INFO - Sync 1 DAGs
[2022-11-06T22:15:09.897-0300] {logging_mixin.py:120} INFO - [2022-11-06T22:15:09.897-0300] {dag.py:3336} INFO - Setting next_dagrun for example_branch_python_operator_decorator to 2022-11-06T00:00:00+00:00, run_after=2022-11-07T00:00:00+00:00
[2022-11-06T22:15:09.913-0300] {processor.py:176} INFO - Processing /home/debian/etlhausz/venv/lib/python3.9/site-packages/airflow/example_dags/example_branch_operator_decorator.py took 0.191 seconds
[2022-11-06T22:15:42.132-0300] {processor.py:154} INFO - Started process (PID=21726) to work on /home/debian/etlhausz/venv/lib/python3.9/site-packages/airflow/example_dags/example_branch_operator_decorator.py
[2022-11-06T22:15:42.133-0300] {processor.py:756} INFO - Processing file /home/debian/etlhausz/venv/lib/python3.9/site-packages/airflow/example_dags/example_branch_operator_decorator.py for tasks to queue
[2022-11-06T22:15:42.135-0300] {logging_mixin.py:120} INFO - [2022-11-06T22:15:42.135-0300] {dagbag.py:537} INFO - Filling up the DagBag from /home/debian/etlhausz/venv/lib/python3.9/site-packages/airflow/example_dags/example_branch_operator_decorator.py
[2022-11-06T22:15:42.161-0300] {processor.py:766} INFO - DAG(s) dict_keys(['example_branch_python_operator_decorator']) retrieved from /home/debian/etlhausz/venv/lib/python3.9/site-packages/airflow/example_dags/example_branch_operator_decorator.py
[2022-11-06T22:15:42.233-0300] {logging_mixin.py:120} INFO - [2022-11-06T22:15:42.233-0300] {dag.py:2585} INFO - Sync 1 DAGs
[2022-11-06T22:15:42.416-0300] {logging_mixin.py:120} INFO - [2022-11-06T22:15:42.416-0300] {dag.py:3336} INFO - Setting next_dagrun for example_branch_python_operator_decorator to 2022-11-06T00:00:00+00:00, run_after=2022-11-07T00:00:00+00:00
[2022-11-06T22:15:42.447-0300] {processor.py:176} INFO - Processing /home/debian/etlhausz/venv/lib/python3.9/site-packages/airflow/example_dags/example_branch_operator_decorator.py took 0.321 seconds
[2022-11-06T22:16:14.672-0300] {processor.py:154} INFO - Started process (PID=22363) to work on /home/debian/etlhausz/venv/lib/python3.9/site-packages/airflow/example_dags/example_branch_operator_decorator.py
[2022-11-06T22:16:14.673-0300] {processor.py:756} INFO - Processing file /home/debian/etlhausz/venv/lib/python3.9/site-packages/airflow/example_dags/example_branch_operator_decorator.py for tasks to queue
[2022-11-06T22:16:14.675-0300] {logging_mixin.py:120} INFO - [2022-11-06T22:16:14.674-0300] {dagbag.py:537} INFO - Filling up the DagBag from /home/debian/etlhausz/venv/lib/python3.9/site-packages/airflow/example_dags/example_branch_operator_decorator.py
[2022-11-06T22:16:14.696-0300] {processor.py:766} INFO - DAG(s) dict_keys(['example_branch_python_operator_decorator']) retrieved from /home/debian/etlhausz/venv/lib/python3.9/site-packages/airflow/example_dags/example_branch_operator_decorator.py
[2022-11-06T22:16:14.851-0300] {logging_mixin.py:120} INFO - [2022-11-06T22:16:14.851-0300] {dag.py:2585} INFO - Sync 1 DAGs
[2022-11-06T22:16:14.869-0300] {logging_mixin.py:120} INFO - [2022-11-06T22:16:14.869-0300] {dag.py:3336} INFO - Setting next_dagrun for example_branch_python_operator_decorator to 2022-11-06T00:00:00+00:00, run_after=2022-11-07T00:00:00+00:00
[2022-11-06T22:16:14.885-0300] {processor.py:176} INFO - Processing /home/debian/etlhausz/venv/lib/python3.9/site-packages/airflow/example_dags/example_branch_operator_decorator.py took 0.216 seconds
[2022-11-06T22:16:47.847-0300] {processor.py:154} INFO - Started process (PID=22984) to work on /home/debian/etlhausz/venv/lib/python3.9/site-packages/airflow/example_dags/example_branch_operator_decorator.py
[2022-11-06T22:16:47.849-0300] {processor.py:756} INFO - Processing file /home/debian/etlhausz/venv/lib/python3.9/site-packages/airflow/example_dags/example_branch_operator_decorator.py for tasks to queue
[2022-11-06T22:16:47.849-0300] {logging_mixin.py:120} INFO - [2022-11-06T22:16:47.849-0300] {dagbag.py:537} INFO - Filling up the DagBag from /home/debian/etlhausz/venv/lib/python3.9/site-packages/airflow/example_dags/example_branch_operator_decorator.py
[2022-11-06T22:16:47.900-0300] {processor.py:766} INFO - DAG(s) dict_keys(['example_branch_python_operator_decorator']) retrieved from /home/debian/etlhausz/venv/lib/python3.9/site-packages/airflow/example_dags/example_branch_operator_decorator.py
[2022-11-06T22:16:48.269-0300] {logging_mixin.py:120} INFO - [2022-11-06T22:16:48.268-0300] {dag.py:2585} INFO - Sync 1 DAGs
[2022-11-06T22:16:48.296-0300] {logging_mixin.py:120} INFO - [2022-11-06T22:16:48.296-0300] {dag.py:3336} INFO - Setting next_dagrun for example_branch_python_operator_decorator to 2022-11-06T00:00:00+00:00, run_after=2022-11-07T00:00:00+00:00
[2022-11-06T22:16:48.324-0300] {processor.py:176} INFO - Processing /home/debian/etlhausz/venv/lib/python3.9/site-packages/airflow/example_dags/example_branch_operator_decorator.py took 0.480 seconds
[2022-11-06T22:17:19.374-0300] {processor.py:154} INFO - Started process (PID=23606) to work on /home/debian/etlhausz/venv/lib/python3.9/site-packages/airflow/example_dags/example_branch_operator_decorator.py
[2022-11-06T22:17:19.375-0300] {processor.py:756} INFO - Processing file /home/debian/etlhausz/venv/lib/python3.9/site-packages/airflow/example_dags/example_branch_operator_decorator.py for tasks to queue
[2022-11-06T22:17:19.375-0300] {logging_mixin.py:120} INFO - [2022-11-06T22:17:19.375-0300] {dagbag.py:537} INFO - Filling up the DagBag from /home/debian/etlhausz/venv/lib/python3.9/site-packages/airflow/example_dags/example_branch_operator_decorator.py
[2022-11-06T22:17:19.487-0300] {processor.py:766} INFO - DAG(s) dict_keys(['example_branch_python_operator_decorator']) retrieved from /home/debian/etlhausz/venv/lib/python3.9/site-packages/airflow/example_dags/example_branch_operator_decorator.py
[2022-11-06T22:17:19.524-0300] {logging_mixin.py:120} INFO - [2022-11-06T22:17:19.524-0300] {dag.py:2585} INFO - Sync 1 DAGs
[2022-11-06T22:17:19.545-0300] {logging_mixin.py:120} INFO - [2022-11-06T22:17:19.545-0300] {dag.py:3336} INFO - Setting next_dagrun for example_branch_python_operator_decorator to 2022-11-06T00:00:00+00:00, run_after=2022-11-07T00:00:00+00:00
[2022-11-06T22:17:19.570-0300] {processor.py:176} INFO - Processing /home/debian/etlhausz/venv/lib/python3.9/site-packages/airflow/example_dags/example_branch_operator_decorator.py took 0.200 seconds
[2022-11-06T22:17:51.168-0300] {processor.py:154} INFO - Started process (PID=24250) to work on /home/debian/etlhausz/venv/lib/python3.9/site-packages/airflow/example_dags/example_branch_operator_decorator.py
[2022-11-06T22:17:51.170-0300] {processor.py:756} INFO - Processing file /home/debian/etlhausz/venv/lib/python3.9/site-packages/airflow/example_dags/example_branch_operator_decorator.py for tasks to queue
[2022-11-06T22:17:51.170-0300] {logging_mixin.py:120} INFO - [2022-11-06T22:17:51.170-0300] {dagbag.py:537} INFO - Filling up the DagBag from /home/debian/etlhausz/venv/lib/python3.9/site-packages/airflow/example_dags/example_branch_operator_decorator.py
[2022-11-06T22:17:51.193-0300] {processor.py:766} INFO - DAG(s) dict_keys(['example_branch_python_operator_decorator']) retrieved from /home/debian/etlhausz/venv/lib/python3.9/site-packages/airflow/example_dags/example_branch_operator_decorator.py
[2022-11-06T22:17:51.253-0300] {logging_mixin.py:120} INFO - [2022-11-06T22:17:51.253-0300] {dag.py:2585} INFO - Sync 1 DAGs
[2022-11-06T22:17:51.373-0300] {logging_mixin.py:120} INFO - [2022-11-06T22:17:51.373-0300] {dag.py:3336} INFO - Setting next_dagrun for example_branch_python_operator_decorator to 2022-11-06T00:00:00+00:00, run_after=2022-11-07T00:00:00+00:00
[2022-11-06T22:17:51.400-0300] {processor.py:176} INFO - Processing /home/debian/etlhausz/venv/lib/python3.9/site-packages/airflow/example_dags/example_branch_operator_decorator.py took 0.234 seconds
[2022-11-06T22:18:22.342-0300] {processor.py:154} INFO - Started process (PID=24863) to work on /home/debian/etlhausz/venv/lib/python3.9/site-packages/airflow/example_dags/example_branch_operator_decorator.py
[2022-11-06T22:18:22.345-0300] {processor.py:756} INFO - Processing file /home/debian/etlhausz/venv/lib/python3.9/site-packages/airflow/example_dags/example_branch_operator_decorator.py for tasks to queue
[2022-11-06T22:18:22.347-0300] {logging_mixin.py:120} INFO - [2022-11-06T22:18:22.347-0300] {dagbag.py:537} INFO - Filling up the DagBag from /home/debian/etlhausz/venv/lib/python3.9/site-packages/airflow/example_dags/example_branch_operator_decorator.py
[2022-11-06T22:18:22.368-0300] {processor.py:766} INFO - DAG(s) dict_keys(['example_branch_python_operator_decorator']) retrieved from /home/debian/etlhausz/venv/lib/python3.9/site-packages/airflow/example_dags/example_branch_operator_decorator.py
[2022-11-06T22:18:22.550-0300] {logging_mixin.py:120} INFO - [2022-11-06T22:18:22.549-0300] {dag.py:2585} INFO - Sync 1 DAGs
[2022-11-06T22:18:22.570-0300] {logging_mixin.py:120} INFO - [2022-11-06T22:18:22.570-0300] {dag.py:3336} INFO - Setting next_dagrun for example_branch_python_operator_decorator to 2022-11-06T00:00:00+00:00, run_after=2022-11-07T00:00:00+00:00
[2022-11-06T22:18:22.591-0300] {processor.py:176} INFO - Processing /home/debian/etlhausz/venv/lib/python3.9/site-packages/airflow/example_dags/example_branch_operator_decorator.py took 0.255 seconds
[2022-11-06T22:18:57.307-0300] {processor.py:154} INFO - Started process (PID=25572) to work on /home/debian/etlhausz/venv/lib/python3.9/site-packages/airflow/example_dags/example_branch_operator_decorator.py
[2022-11-06T22:18:57.309-0300] {processor.py:756} INFO - Processing file /home/debian/etlhausz/venv/lib/python3.9/site-packages/airflow/example_dags/example_branch_operator_decorator.py for tasks to queue
[2022-11-06T22:18:57.309-0300] {logging_mixin.py:120} INFO - [2022-11-06T22:18:57.309-0300] {dagbag.py:537} INFO - Filling up the DagBag from /home/debian/etlhausz/venv/lib/python3.9/site-packages/airflow/example_dags/example_branch_operator_decorator.py
[2022-11-06T22:18:57.335-0300] {processor.py:766} INFO - DAG(s) dict_keys(['example_branch_python_operator_decorator']) retrieved from /home/debian/etlhausz/venv/lib/python3.9/site-packages/airflow/example_dags/example_branch_operator_decorator.py
[2022-11-06T22:18:57.549-0300] {logging_mixin.py:120} INFO - [2022-11-06T22:18:57.549-0300] {dag.py:2585} INFO - Sync 1 DAGs
[2022-11-06T22:18:57.583-0300] {logging_mixin.py:120} INFO - [2022-11-06T22:18:57.583-0300] {dag.py:3336} INFO - Setting next_dagrun for example_branch_python_operator_decorator to 2022-11-06T00:00:00+00:00, run_after=2022-11-07T00:00:00+00:00
[2022-11-06T22:18:57.640-0300] {processor.py:176} INFO - Processing /home/debian/etlhausz/venv/lib/python3.9/site-packages/airflow/example_dags/example_branch_operator_decorator.py took 0.335 seconds
[2022-11-06T22:19:20.289-0300] {processor.py:154} INFO - Started process (PID=26283) to work on /home/debian/etlhausz/venv/lib/python3.9/site-packages/airflow/example_dags/example_branch_operator_decorator.py
[2022-11-06T22:19:20.290-0300] {processor.py:756} INFO - Processing file /home/debian/etlhausz/venv/lib/python3.9/site-packages/airflow/example_dags/example_branch_operator_decorator.py for tasks to queue
[2022-11-06T22:19:20.291-0300] {logging_mixin.py:120} INFO - [2022-11-06T22:19:20.291-0300] {dagbag.py:537} INFO - Filling up the DagBag from /home/debian/etlhausz/venv/lib/python3.9/site-packages/airflow/example_dags/example_branch_operator_decorator.py
[2022-11-06T22:19:20.329-0300] {processor.py:766} INFO - DAG(s) dict_keys(['example_branch_python_operator_decorator']) retrieved from /home/debian/etlhausz/venv/lib/python3.9/site-packages/airflow/example_dags/example_branch_operator_decorator.py
[2022-11-06T22:19:20.407-0300] {logging_mixin.py:120} INFO - [2022-11-06T22:19:20.407-0300] {dag.py:2585} INFO - Sync 1 DAGs
[2022-11-06T22:19:20.506-0300] {logging_mixin.py:120} INFO - [2022-11-06T22:19:20.503-0300] {dag.py:3336} INFO - Setting next_dagrun for example_branch_python_operator_decorator to 2022-11-06T00:00:00+00:00, run_after=2022-11-07T00:00:00+00:00
[2022-11-06T22:19:20.557-0300] {processor.py:176} INFO - Processing /home/debian/etlhausz/venv/lib/python3.9/site-packages/airflow/example_dags/example_branch_operator_decorator.py took 0.270 seconds
[2022-11-06T22:19:51.174-0300] {processor.py:154} INFO - Started process (PID=26870) to work on /home/debian/etlhausz/venv/lib/python3.9/site-packages/airflow/example_dags/example_branch_operator_decorator.py
[2022-11-06T22:19:51.175-0300] {processor.py:756} INFO - Processing file /home/debian/etlhausz/venv/lib/python3.9/site-packages/airflow/example_dags/example_branch_operator_decorator.py for tasks to queue
[2022-11-06T22:19:51.176-0300] {logging_mixin.py:120} INFO - [2022-11-06T22:19:51.176-0300] {dagbag.py:537} INFO - Filling up the DagBag from /home/debian/etlhausz/venv/lib/python3.9/site-packages/airflow/example_dags/example_branch_operator_decorator.py
[2022-11-06T22:19:51.196-0300] {processor.py:766} INFO - DAG(s) dict_keys(['example_branch_python_operator_decorator']) retrieved from /home/debian/etlhausz/venv/lib/python3.9/site-packages/airflow/example_dags/example_branch_operator_decorator.py
[2022-11-06T22:19:51.242-0300] {logging_mixin.py:120} INFO - [2022-11-06T22:19:51.242-0300] {dag.py:2585} INFO - Sync 1 DAGs
[2022-11-06T22:19:51.263-0300] {logging_mixin.py:120} INFO - [2022-11-06T22:19:51.262-0300] {dag.py:3336} INFO - Setting next_dagrun for example_branch_python_operator_decorator to 2022-11-06T00:00:00+00:00, run_after=2022-11-07T00:00:00+00:00
[2022-11-06T22:19:51.282-0300] {processor.py:176} INFO - Processing /home/debian/etlhausz/venv/lib/python3.9/site-packages/airflow/example_dags/example_branch_operator_decorator.py took 0.112 seconds
[2022-11-06T22:20:22.677-0300] {processor.py:154} INFO - Started process (PID=27641) to work on /home/debian/etlhausz/venv/lib/python3.9/site-packages/airflow/example_dags/example_branch_operator_decorator.py
[2022-11-06T22:20:22.677-0300] {processor.py:756} INFO - Processing file /home/debian/etlhausz/venv/lib/python3.9/site-packages/airflow/example_dags/example_branch_operator_decorator.py for tasks to queue
[2022-11-06T22:20:22.678-0300] {logging_mixin.py:120} INFO - [2022-11-06T22:20:22.678-0300] {dagbag.py:537} INFO - Filling up the DagBag from /home/debian/etlhausz/venv/lib/python3.9/site-packages/airflow/example_dags/example_branch_operator_decorator.py
[2022-11-06T22:20:22.709-0300] {processor.py:766} INFO - DAG(s) dict_keys(['example_branch_python_operator_decorator']) retrieved from /home/debian/etlhausz/venv/lib/python3.9/site-packages/airflow/example_dags/example_branch_operator_decorator.py
[2022-11-06T22:20:22.757-0300] {logging_mixin.py:120} INFO - [2022-11-06T22:20:22.757-0300] {dag.py:2585} INFO - Sync 1 DAGs
[2022-11-06T22:20:22.781-0300] {logging_mixin.py:120} INFO - [2022-11-06T22:20:22.781-0300] {dag.py:3336} INFO - Setting next_dagrun for example_branch_python_operator_decorator to 2022-11-06T00:00:00+00:00, run_after=2022-11-07T00:00:00+00:00
[2022-11-06T22:20:22.808-0300] {processor.py:176} INFO - Processing /home/debian/etlhausz/venv/lib/python3.9/site-packages/airflow/example_dags/example_branch_operator_decorator.py took 0.134 seconds
[2022-11-06T22:20:54.774-0300] {processor.py:154} INFO - Started process (PID=28298) to work on /home/debian/etlhausz/venv/lib/python3.9/site-packages/airflow/example_dags/example_branch_operator_decorator.py
[2022-11-06T22:20:54.777-0300] {processor.py:756} INFO - Processing file /home/debian/etlhausz/venv/lib/python3.9/site-packages/airflow/example_dags/example_branch_operator_decorator.py for tasks to queue
[2022-11-06T22:20:54.782-0300] {logging_mixin.py:120} INFO - [2022-11-06T22:20:54.781-0300] {dagbag.py:537} INFO - Filling up the DagBag from /home/debian/etlhausz/venv/lib/python3.9/site-packages/airflow/example_dags/example_branch_operator_decorator.py
[2022-11-06T22:20:54.829-0300] {processor.py:766} INFO - DAG(s) dict_keys(['example_branch_python_operator_decorator']) retrieved from /home/debian/etlhausz/venv/lib/python3.9/site-packages/airflow/example_dags/example_branch_operator_decorator.py
[2022-11-06T22:20:54.905-0300] {logging_mixin.py:120} INFO - [2022-11-06T22:20:54.904-0300] {dag.py:2585} INFO - Sync 1 DAGs
[2022-11-06T22:20:54.935-0300] {logging_mixin.py:120} INFO - [2022-11-06T22:20:54.934-0300] {dag.py:3336} INFO - Setting next_dagrun for example_branch_python_operator_decorator to 2022-11-06T00:00:00+00:00, run_after=2022-11-07T00:00:00+00:00
[2022-11-06T22:20:54.956-0300] {processor.py:176} INFO - Processing /home/debian/etlhausz/venv/lib/python3.9/site-packages/airflow/example_dags/example_branch_operator_decorator.py took 0.185 seconds
[2022-11-06T22:21:28.763-0300] {processor.py:154} INFO - Started process (PID=28951) to work on /home/debian/etlhausz/venv/lib/python3.9/site-packages/airflow/example_dags/example_branch_operator_decorator.py
[2022-11-06T22:21:28.764-0300] {processor.py:756} INFO - Processing file /home/debian/etlhausz/venv/lib/python3.9/site-packages/airflow/example_dags/example_branch_operator_decorator.py for tasks to queue
[2022-11-06T22:21:28.765-0300] {logging_mixin.py:120} INFO - [2022-11-06T22:21:28.765-0300] {dagbag.py:537} INFO - Filling up the DagBag from /home/debian/etlhausz/venv/lib/python3.9/site-packages/airflow/example_dags/example_branch_operator_decorator.py
[2022-11-06T22:21:28.786-0300] {processor.py:766} INFO - DAG(s) dict_keys(['example_branch_python_operator_decorator']) retrieved from /home/debian/etlhausz/venv/lib/python3.9/site-packages/airflow/example_dags/example_branch_operator_decorator.py
[2022-11-06T22:21:28.830-0300] {logging_mixin.py:120} INFO - [2022-11-06T22:21:28.830-0300] {dag.py:2585} INFO - Sync 1 DAGs
[2022-11-06T22:21:28.865-0300] {logging_mixin.py:120} INFO - [2022-11-06T22:21:28.864-0300] {dag.py:3336} INFO - Setting next_dagrun for example_branch_python_operator_decorator to 2022-11-06T00:00:00+00:00, run_after=2022-11-07T00:00:00+00:00
[2022-11-06T22:21:28.890-0300] {processor.py:176} INFO - Processing /home/debian/etlhausz/venv/lib/python3.9/site-packages/airflow/example_dags/example_branch_operator_decorator.py took 0.130 seconds
[2022-11-06T22:22:01.206-0300] {processor.py:154} INFO - Started process (PID=29494) to work on /home/debian/etlhausz/venv/lib/python3.9/site-packages/airflow/example_dags/example_branch_operator_decorator.py
[2022-11-06T22:22:01.208-0300] {processor.py:756} INFO - Processing file /home/debian/etlhausz/venv/lib/python3.9/site-packages/airflow/example_dags/example_branch_operator_decorator.py for tasks to queue
[2022-11-06T22:22:01.209-0300] {logging_mixin.py:120} INFO - [2022-11-06T22:22:01.209-0300] {dagbag.py:537} INFO - Filling up the DagBag from /home/debian/etlhausz/venv/lib/python3.9/site-packages/airflow/example_dags/example_branch_operator_decorator.py
[2022-11-06T22:22:01.242-0300] {processor.py:766} INFO - DAG(s) dict_keys(['example_branch_python_operator_decorator']) retrieved from /home/debian/etlhausz/venv/lib/python3.9/site-packages/airflow/example_dags/example_branch_operator_decorator.py
[2022-11-06T22:22:01.339-0300] {logging_mixin.py:120} INFO - [2022-11-06T22:22:01.338-0300] {dag.py:2585} INFO - Sync 1 DAGs
[2022-11-06T22:22:01.441-0300] {logging_mixin.py:120} INFO - [2022-11-06T22:22:01.441-0300] {dag.py:3336} INFO - Setting next_dagrun for example_branch_python_operator_decorator to 2022-11-06T00:00:00+00:00, run_after=2022-11-07T00:00:00+00:00
[2022-11-06T22:22:01.503-0300] {processor.py:176} INFO - Processing /home/debian/etlhausz/venv/lib/python3.9/site-packages/airflow/example_dags/example_branch_operator_decorator.py took 0.300 seconds
[2022-11-06T22:22:32.322-0300] {processor.py:154} INFO - Started process (PID=30143) to work on /home/debian/etlhausz/venv/lib/python3.9/site-packages/airflow/example_dags/example_branch_operator_decorator.py
[2022-11-06T22:22:32.323-0300] {processor.py:756} INFO - Processing file /home/debian/etlhausz/venv/lib/python3.9/site-packages/airflow/example_dags/example_branch_operator_decorator.py for tasks to queue
[2022-11-06T22:22:32.324-0300] {logging_mixin.py:120} INFO - [2022-11-06T22:22:32.324-0300] {dagbag.py:537} INFO - Filling up the DagBag from /home/debian/etlhausz/venv/lib/python3.9/site-packages/airflow/example_dags/example_branch_operator_decorator.py
[2022-11-06T22:22:32.349-0300] {processor.py:766} INFO - DAG(s) dict_keys(['example_branch_python_operator_decorator']) retrieved from /home/debian/etlhausz/venv/lib/python3.9/site-packages/airflow/example_dags/example_branch_operator_decorator.py
[2022-11-06T22:22:32.397-0300] {logging_mixin.py:120} INFO - [2022-11-06T22:22:32.397-0300] {dag.py:2585} INFO - Sync 1 DAGs
[2022-11-06T22:22:32.454-0300] {logging_mixin.py:120} INFO - [2022-11-06T22:22:32.453-0300] {dag.py:3336} INFO - Setting next_dagrun for example_branch_python_operator_decorator to 2022-11-06T00:00:00+00:00, run_after=2022-11-07T00:00:00+00:00
[2022-11-06T22:22:32.516-0300] {processor.py:176} INFO - Processing /home/debian/etlhausz/venv/lib/python3.9/site-packages/airflow/example_dags/example_branch_operator_decorator.py took 0.197 seconds
[2022-11-06T22:23:09.643-0300] {processor.py:154} INFO - Started process (PID=30967) to work on /home/debian/etlhausz/venv/lib/python3.9/site-packages/airflow/example_dags/example_branch_operator_decorator.py
[2022-11-06T22:23:09.653-0300] {processor.py:756} INFO - Processing file /home/debian/etlhausz/venv/lib/python3.9/site-packages/airflow/example_dags/example_branch_operator_decorator.py for tasks to queue
[2022-11-06T22:23:09.654-0300] {logging_mixin.py:120} INFO - [2022-11-06T22:23:09.653-0300] {dagbag.py:537} INFO - Filling up the DagBag from /home/debian/etlhausz/venv/lib/python3.9/site-packages/airflow/example_dags/example_branch_operator_decorator.py
[2022-11-06T22:23:09.704-0300] {processor.py:766} INFO - DAG(s) dict_keys(['example_branch_python_operator_decorator']) retrieved from /home/debian/etlhausz/venv/lib/python3.9/site-packages/airflow/example_dags/example_branch_operator_decorator.py
[2022-11-06T22:23:09.748-0300] {logging_mixin.py:120} INFO - [2022-11-06T22:23:09.748-0300] {dag.py:2585} INFO - Sync 1 DAGs
[2022-11-06T22:23:09.772-0300] {logging_mixin.py:120} INFO - [2022-11-06T22:23:09.771-0300] {dag.py:3336} INFO - Setting next_dagrun for example_branch_python_operator_decorator to 2022-11-06T00:00:00+00:00, run_after=2022-11-07T00:00:00+00:00
[2022-11-06T22:23:09.801-0300] {processor.py:176} INFO - Processing /home/debian/etlhausz/venv/lib/python3.9/site-packages/airflow/example_dags/example_branch_operator_decorator.py took 0.162 seconds
[2022-11-06T22:23:41.554-0300] {processor.py:154} INFO - Started process (PID=31510) to work on /home/debian/etlhausz/venv/lib/python3.9/site-packages/airflow/example_dags/example_branch_operator_decorator.py
[2022-11-06T22:23:41.554-0300] {processor.py:756} INFO - Processing file /home/debian/etlhausz/venv/lib/python3.9/site-packages/airflow/example_dags/example_branch_operator_decorator.py for tasks to queue
[2022-11-06T22:23:41.555-0300] {logging_mixin.py:120} INFO - [2022-11-06T22:23:41.555-0300] {dagbag.py:537} INFO - Filling up the DagBag from /home/debian/etlhausz/venv/lib/python3.9/site-packages/airflow/example_dags/example_branch_operator_decorator.py
[2022-11-06T22:23:41.577-0300] {processor.py:766} INFO - DAG(s) dict_keys(['example_branch_python_operator_decorator']) retrieved from /home/debian/etlhausz/venv/lib/python3.9/site-packages/airflow/example_dags/example_branch_operator_decorator.py
[2022-11-06T22:23:41.618-0300] {logging_mixin.py:120} INFO - [2022-11-06T22:23:41.618-0300] {dag.py:2585} INFO - Sync 1 DAGs
[2022-11-06T22:23:41.641-0300] {logging_mixin.py:120} INFO - [2022-11-06T22:23:41.641-0300] {dag.py:3336} INFO - Setting next_dagrun for example_branch_python_operator_decorator to 2022-11-06T00:00:00+00:00, run_after=2022-11-07T00:00:00+00:00
[2022-11-06T22:23:41.658-0300] {processor.py:176} INFO - Processing /home/debian/etlhausz/venv/lib/python3.9/site-packages/airflow/example_dags/example_branch_operator_decorator.py took 0.108 seconds
[2022-11-06T22:24:12.653-0300] {processor.py:154} INFO - Started process (PID=32168) to work on /home/debian/etlhausz/venv/lib/python3.9/site-packages/airflow/example_dags/example_branch_operator_decorator.py
[2022-11-06T22:24:12.658-0300] {processor.py:756} INFO - Processing file /home/debian/etlhausz/venv/lib/python3.9/site-packages/airflow/example_dags/example_branch_operator_decorator.py for tasks to queue
[2022-11-06T22:24:12.659-0300] {logging_mixin.py:120} INFO - [2022-11-06T22:24:12.659-0300] {dagbag.py:537} INFO - Filling up the DagBag from /home/debian/etlhausz/venv/lib/python3.9/site-packages/airflow/example_dags/example_branch_operator_decorator.py
[2022-11-06T22:24:12.686-0300] {processor.py:766} INFO - DAG(s) dict_keys(['example_branch_python_operator_decorator']) retrieved from /home/debian/etlhausz/venv/lib/python3.9/site-packages/airflow/example_dags/example_branch_operator_decorator.py
[2022-11-06T22:24:12.810-0300] {logging_mixin.py:120} INFO - [2022-11-06T22:24:12.809-0300] {dag.py:2585} INFO - Sync 1 DAGs
[2022-11-06T22:24:12.884-0300] {logging_mixin.py:120} INFO - [2022-11-06T22:24:12.884-0300] {dag.py:3336} INFO - Setting next_dagrun for example_branch_python_operator_decorator to 2022-11-06T00:00:00+00:00, run_after=2022-11-07T00:00:00+00:00
[2022-11-06T22:24:13.044-0300] {processor.py:176} INFO - Processing /home/debian/etlhausz/venv/lib/python3.9/site-packages/airflow/example_dags/example_branch_operator_decorator.py took 0.412 seconds
[2022-11-06T22:24:43.426-0300] {processor.py:154} INFO - Started process (PID=32773) to work on /home/debian/etlhausz/venv/lib/python3.9/site-packages/airflow/example_dags/example_branch_operator_decorator.py
[2022-11-06T22:24:43.427-0300] {processor.py:756} INFO - Processing file /home/debian/etlhausz/venv/lib/python3.9/site-packages/airflow/example_dags/example_branch_operator_decorator.py for tasks to queue
[2022-11-06T22:24:43.428-0300] {logging_mixin.py:120} INFO - [2022-11-06T22:24:43.428-0300] {dagbag.py:537} INFO - Filling up the DagBag from /home/debian/etlhausz/venv/lib/python3.9/site-packages/airflow/example_dags/example_branch_operator_decorator.py
[2022-11-06T22:24:43.460-0300] {processor.py:766} INFO - DAG(s) dict_keys(['example_branch_python_operator_decorator']) retrieved from /home/debian/etlhausz/venv/lib/python3.9/site-packages/airflow/example_dags/example_branch_operator_decorator.py
[2022-11-06T22:24:43.540-0300] {logging_mixin.py:120} INFO - [2022-11-06T22:24:43.539-0300] {dag.py:2585} INFO - Sync 1 DAGs
[2022-11-06T22:24:43.600-0300] {logging_mixin.py:120} INFO - [2022-11-06T22:24:43.599-0300] {dag.py:3336} INFO - Setting next_dagrun for example_branch_python_operator_decorator to 2022-11-06T00:00:00+00:00, run_after=2022-11-07T00:00:00+00:00
[2022-11-06T22:24:43.652-0300] {processor.py:176} INFO - Processing /home/debian/etlhausz/venv/lib/python3.9/site-packages/airflow/example_dags/example_branch_operator_decorator.py took 0.229 seconds
[2022-11-06T22:25:14.800-0300] {processor.py:154} INFO - Started process (PID=33393) to work on /home/debian/etlhausz/venv/lib/python3.9/site-packages/airflow/example_dags/example_branch_operator_decorator.py
[2022-11-06T22:25:14.801-0300] {processor.py:756} INFO - Processing file /home/debian/etlhausz/venv/lib/python3.9/site-packages/airflow/example_dags/example_branch_operator_decorator.py for tasks to queue
[2022-11-06T22:25:14.802-0300] {logging_mixin.py:120} INFO - [2022-11-06T22:25:14.802-0300] {dagbag.py:537} INFO - Filling up the DagBag from /home/debian/etlhausz/venv/lib/python3.9/site-packages/airflow/example_dags/example_branch_operator_decorator.py
[2022-11-06T22:25:14.827-0300] {processor.py:766} INFO - DAG(s) dict_keys(['example_branch_python_operator_decorator']) retrieved from /home/debian/etlhausz/venv/lib/python3.9/site-packages/airflow/example_dags/example_branch_operator_decorator.py
[2022-11-06T22:25:14.881-0300] {logging_mixin.py:120} INFO - [2022-11-06T22:25:14.881-0300] {dag.py:2585} INFO - Sync 1 DAGs
[2022-11-06T22:25:14.907-0300] {logging_mixin.py:120} INFO - [2022-11-06T22:25:14.907-0300] {dag.py:3336} INFO - Setting next_dagrun for example_branch_python_operator_decorator to 2022-11-06T00:00:00+00:00, run_after=2022-11-07T00:00:00+00:00
[2022-11-06T22:25:15.211-0300] {processor.py:176} INFO - Processing /home/debian/etlhausz/venv/lib/python3.9/site-packages/airflow/example_dags/example_branch_operator_decorator.py took 0.414 seconds
[2022-11-06T22:25:45.730-0300] {processor.py:154} INFO - Started process (PID=33922) to work on /home/debian/etlhausz/venv/lib/python3.9/site-packages/airflow/example_dags/example_branch_operator_decorator.py
[2022-11-06T22:25:45.731-0300] {processor.py:756} INFO - Processing file /home/debian/etlhausz/venv/lib/python3.9/site-packages/airflow/example_dags/example_branch_operator_decorator.py for tasks to queue
[2022-11-06T22:25:45.732-0300] {logging_mixin.py:120} INFO - [2022-11-06T22:25:45.732-0300] {dagbag.py:537} INFO - Filling up the DagBag from /home/debian/etlhausz/venv/lib/python3.9/site-packages/airflow/example_dags/example_branch_operator_decorator.py
[2022-11-06T22:25:45.751-0300] {processor.py:766} INFO - DAG(s) dict_keys(['example_branch_python_operator_decorator']) retrieved from /home/debian/etlhausz/venv/lib/python3.9/site-packages/airflow/example_dags/example_branch_operator_decorator.py
[2022-11-06T22:25:45.793-0300] {logging_mixin.py:120} INFO - [2022-11-06T22:25:45.793-0300] {dag.py:2585} INFO - Sync 1 DAGs
[2022-11-06T22:25:45.894-0300] {logging_mixin.py:120} INFO - [2022-11-06T22:25:45.894-0300] {dag.py:3336} INFO - Setting next_dagrun for example_branch_python_operator_decorator to 2022-11-06T00:00:00+00:00, run_after=2022-11-07T00:00:00+00:00
[2022-11-06T22:25:45.916-0300] {processor.py:176} INFO - Processing /home/debian/etlhausz/venv/lib/python3.9/site-packages/airflow/example_dags/example_branch_operator_decorator.py took 0.189 seconds
[2022-11-06T22:26:16.079-0300] {processor.py:154} INFO - Started process (PID=34462) to work on /home/debian/etlhausz/venv/lib/python3.9/site-packages/airflow/example_dags/example_branch_operator_decorator.py
[2022-11-06T22:26:16.079-0300] {processor.py:756} INFO - Processing file /home/debian/etlhausz/venv/lib/python3.9/site-packages/airflow/example_dags/example_branch_operator_decorator.py for tasks to queue
[2022-11-06T22:26:16.080-0300] {logging_mixin.py:120} INFO - [2022-11-06T22:26:16.080-0300] {dagbag.py:537} INFO - Filling up the DagBag from /home/debian/etlhausz/venv/lib/python3.9/site-packages/airflow/example_dags/example_branch_operator_decorator.py
[2022-11-06T22:26:16.101-0300] {processor.py:766} INFO - DAG(s) dict_keys(['example_branch_python_operator_decorator']) retrieved from /home/debian/etlhausz/venv/lib/python3.9/site-packages/airflow/example_dags/example_branch_operator_decorator.py
[2022-11-06T22:26:16.245-0300] {logging_mixin.py:120} INFO - [2022-11-06T22:26:16.245-0300] {dag.py:2585} INFO - Sync 1 DAGs
[2022-11-06T22:26:16.266-0300] {logging_mixin.py:120} INFO - [2022-11-06T22:26:16.266-0300] {dag.py:3336} INFO - Setting next_dagrun for example_branch_python_operator_decorator to 2022-11-06T00:00:00+00:00, run_after=2022-11-07T00:00:00+00:00
[2022-11-06T22:26:16.287-0300] {processor.py:176} INFO - Processing /home/debian/etlhausz/venv/lib/python3.9/site-packages/airflow/example_dags/example_branch_operator_decorator.py took 0.211 seconds
[2022-11-06T22:26:47.132-0300] {processor.py:154} INFO - Started process (PID=35009) to work on /home/debian/etlhausz/venv/lib/python3.9/site-packages/airflow/example_dags/example_branch_operator_decorator.py
[2022-11-06T22:26:47.135-0300] {processor.py:756} INFO - Processing file /home/debian/etlhausz/venv/lib/python3.9/site-packages/airflow/example_dags/example_branch_operator_decorator.py for tasks to queue
[2022-11-06T22:26:47.136-0300] {logging_mixin.py:120} INFO - [2022-11-06T22:26:47.136-0300] {dagbag.py:537} INFO - Filling up the DagBag from /home/debian/etlhausz/venv/lib/python3.9/site-packages/airflow/example_dags/example_branch_operator_decorator.py
[2022-11-06T22:26:47.156-0300] {processor.py:766} INFO - DAG(s) dict_keys(['example_branch_python_operator_decorator']) retrieved from /home/debian/etlhausz/venv/lib/python3.9/site-packages/airflow/example_dags/example_branch_operator_decorator.py
[2022-11-06T22:26:47.295-0300] {logging_mixin.py:120} INFO - [2022-11-06T22:26:47.295-0300] {dag.py:2585} INFO - Sync 1 DAGs
[2022-11-06T22:26:47.314-0300] {logging_mixin.py:120} INFO - [2022-11-06T22:26:47.314-0300] {dag.py:3336} INFO - Setting next_dagrun for example_branch_python_operator_decorator to 2022-11-06T00:00:00+00:00, run_after=2022-11-07T00:00:00+00:00
[2022-11-06T22:26:47.338-0300] {processor.py:176} INFO - Processing /home/debian/etlhausz/venv/lib/python3.9/site-packages/airflow/example_dags/example_branch_operator_decorator.py took 0.210 seconds
[2022-11-06T22:27:18.598-0300] {processor.py:154} INFO - Started process (PID=35547) to work on /home/debian/etlhausz/venv/lib/python3.9/site-packages/airflow/example_dags/example_branch_operator_decorator.py
[2022-11-06T22:27:18.599-0300] {processor.py:756} INFO - Processing file /home/debian/etlhausz/venv/lib/python3.9/site-packages/airflow/example_dags/example_branch_operator_decorator.py for tasks to queue
[2022-11-06T22:27:18.600-0300] {logging_mixin.py:120} INFO - [2022-11-06T22:27:18.600-0300] {dagbag.py:537} INFO - Filling up the DagBag from /home/debian/etlhausz/venv/lib/python3.9/site-packages/airflow/example_dags/example_branch_operator_decorator.py
[2022-11-06T22:27:18.639-0300] {processor.py:766} INFO - DAG(s) dict_keys(['example_branch_python_operator_decorator']) retrieved from /home/debian/etlhausz/venv/lib/python3.9/site-packages/airflow/example_dags/example_branch_operator_decorator.py
[2022-11-06T22:27:18.711-0300] {logging_mixin.py:120} INFO - [2022-11-06T22:27:18.711-0300] {dag.py:2585} INFO - Sync 1 DAGs
[2022-11-06T22:27:18.741-0300] {logging_mixin.py:120} INFO - [2022-11-06T22:27:18.741-0300] {dag.py:3336} INFO - Setting next_dagrun for example_branch_python_operator_decorator to 2022-11-06T00:00:00+00:00, run_after=2022-11-07T00:00:00+00:00
[2022-11-06T22:27:18.843-0300] {processor.py:176} INFO - Processing /home/debian/etlhausz/venv/lib/python3.9/site-packages/airflow/example_dags/example_branch_operator_decorator.py took 0.249 seconds
[2022-11-06T22:27:49.987-0300] {processor.py:154} INFO - Started process (PID=36030) to work on /home/debian/etlhausz/venv/lib/python3.9/site-packages/airflow/example_dags/example_branch_operator_decorator.py
[2022-11-06T22:27:49.988-0300] {processor.py:756} INFO - Processing file /home/debian/etlhausz/venv/lib/python3.9/site-packages/airflow/example_dags/example_branch_operator_decorator.py for tasks to queue
[2022-11-06T22:27:49.990-0300] {logging_mixin.py:120} INFO - [2022-11-06T22:27:49.989-0300] {dagbag.py:537} INFO - Filling up the DagBag from /home/debian/etlhausz/venv/lib/python3.9/site-packages/airflow/example_dags/example_branch_operator_decorator.py
[2022-11-06T22:27:50.022-0300] {processor.py:766} INFO - DAG(s) dict_keys(['example_branch_python_operator_decorator']) retrieved from /home/debian/etlhausz/venv/lib/python3.9/site-packages/airflow/example_dags/example_branch_operator_decorator.py
[2022-11-06T22:27:50.065-0300] {logging_mixin.py:120} INFO - [2022-11-06T22:27:50.065-0300] {dag.py:2585} INFO - Sync 1 DAGs
[2022-11-06T22:27:50.166-0300] {logging_mixin.py:120} INFO - [2022-11-06T22:27:50.166-0300] {dag.py:3336} INFO - Setting next_dagrun for example_branch_python_operator_decorator to 2022-11-06T00:00:00+00:00, run_after=2022-11-07T00:00:00+00:00
[2022-11-06T22:27:50.193-0300] {processor.py:176} INFO - Processing /home/debian/etlhausz/venv/lib/python3.9/site-packages/airflow/example_dags/example_branch_operator_decorator.py took 0.214 seconds
[2022-11-06T22:28:20.364-0300] {processor.py:154} INFO - Started process (PID=36675) to work on /home/debian/etlhausz/venv/lib/python3.9/site-packages/airflow/example_dags/example_branch_operator_decorator.py
[2022-11-06T22:28:20.365-0300] {processor.py:756} INFO - Processing file /home/debian/etlhausz/venv/lib/python3.9/site-packages/airflow/example_dags/example_branch_operator_decorator.py for tasks to queue
[2022-11-06T22:28:20.366-0300] {logging_mixin.py:120} INFO - [2022-11-06T22:28:20.366-0300] {dagbag.py:537} INFO - Filling up the DagBag from /home/debian/etlhausz/venv/lib/python3.9/site-packages/airflow/example_dags/example_branch_operator_decorator.py
[2022-11-06T22:28:20.426-0300] {processor.py:766} INFO - DAG(s) dict_keys(['example_branch_python_operator_decorator']) retrieved from /home/debian/etlhausz/venv/lib/python3.9/site-packages/airflow/example_dags/example_branch_operator_decorator.py
[2022-11-06T22:28:20.776-0300] {logging_mixin.py:120} INFO - [2022-11-06T22:28:20.776-0300] {dag.py:2585} INFO - Sync 1 DAGs
[2022-11-06T22:28:20.796-0300] {logging_mixin.py:120} INFO - [2022-11-06T22:28:20.796-0300] {dag.py:3336} INFO - Setting next_dagrun for example_branch_python_operator_decorator to 2022-11-06T00:00:00+00:00, run_after=2022-11-07T00:00:00+00:00
[2022-11-06T22:28:20.893-0300] {processor.py:176} INFO - Processing /home/debian/etlhausz/venv/lib/python3.9/site-packages/airflow/example_dags/example_branch_operator_decorator.py took 0.537 seconds
[2022-11-06T22:28:51.572-0300] {processor.py:154} INFO - Started process (PID=37216) to work on /home/debian/etlhausz/venv/lib/python3.9/site-packages/airflow/example_dags/example_branch_operator_decorator.py
[2022-11-06T22:28:51.574-0300] {processor.py:756} INFO - Processing file /home/debian/etlhausz/venv/lib/python3.9/site-packages/airflow/example_dags/example_branch_operator_decorator.py for tasks to queue
[2022-11-06T22:28:51.574-0300] {logging_mixin.py:120} INFO - [2022-11-06T22:28:51.574-0300] {dagbag.py:537} INFO - Filling up the DagBag from /home/debian/etlhausz/venv/lib/python3.9/site-packages/airflow/example_dags/example_branch_operator_decorator.py
[2022-11-06T22:28:51.594-0300] {processor.py:766} INFO - DAG(s) dict_keys(['example_branch_python_operator_decorator']) retrieved from /home/debian/etlhausz/venv/lib/python3.9/site-packages/airflow/example_dags/example_branch_operator_decorator.py
[2022-11-06T22:28:51.736-0300] {logging_mixin.py:120} INFO - [2022-11-06T22:28:51.736-0300] {dag.py:2585} INFO - Sync 1 DAGs
[2022-11-06T22:28:51.759-0300] {logging_mixin.py:120} INFO - [2022-11-06T22:28:51.759-0300] {dag.py:3336} INFO - Setting next_dagrun for example_branch_python_operator_decorator to 2022-11-06T00:00:00+00:00, run_after=2022-11-07T00:00:00+00:00
[2022-11-06T22:28:51.783-0300] {processor.py:176} INFO - Processing /home/debian/etlhausz/venv/lib/python3.9/site-packages/airflow/example_dags/example_branch_operator_decorator.py took 0.214 seconds
[2022-11-06T22:29:22.487-0300] {processor.py:154} INFO - Started process (PID=37693) to work on /home/debian/etlhausz/venv/lib/python3.9/site-packages/airflow/example_dags/example_branch_operator_decorator.py
[2022-11-06T22:29:22.489-0300] {processor.py:756} INFO - Processing file /home/debian/etlhausz/venv/lib/python3.9/site-packages/airflow/example_dags/example_branch_operator_decorator.py for tasks to queue
[2022-11-06T22:29:22.490-0300] {logging_mixin.py:120} INFO - [2022-11-06T22:29:22.489-0300] {dagbag.py:537} INFO - Filling up the DagBag from /home/debian/etlhausz/venv/lib/python3.9/site-packages/airflow/example_dags/example_branch_operator_decorator.py
[2022-11-06T22:29:22.517-0300] {processor.py:766} INFO - DAG(s) dict_keys(['example_branch_python_operator_decorator']) retrieved from /home/debian/etlhausz/venv/lib/python3.9/site-packages/airflow/example_dags/example_branch_operator_decorator.py
[2022-11-06T22:29:22.574-0300] {logging_mixin.py:120} INFO - [2022-11-06T22:29:22.574-0300] {dag.py:2585} INFO - Sync 1 DAGs
[2022-11-06T22:29:22.704-0300] {logging_mixin.py:120} INFO - [2022-11-06T22:29:22.704-0300] {dag.py:3336} INFO - Setting next_dagrun for example_branch_python_operator_decorator to 2022-11-06T00:00:00+00:00, run_after=2022-11-07T00:00:00+00:00
[2022-11-06T22:29:22.741-0300] {processor.py:176} INFO - Processing /home/debian/etlhausz/venv/lib/python3.9/site-packages/airflow/example_dags/example_branch_operator_decorator.py took 0.261 seconds
[2022-11-06T22:29:52.814-0300] {processor.py:154} INFO - Started process (PID=38229) to work on /home/debian/etlhausz/venv/lib/python3.9/site-packages/airflow/example_dags/example_branch_operator_decorator.py
[2022-11-06T22:29:52.817-0300] {processor.py:756} INFO - Processing file /home/debian/etlhausz/venv/lib/python3.9/site-packages/airflow/example_dags/example_branch_operator_decorator.py for tasks to queue
[2022-11-06T22:29:52.819-0300] {logging_mixin.py:120} INFO - [2022-11-06T22:29:52.818-0300] {dagbag.py:537} INFO - Filling up the DagBag from /home/debian/etlhausz/venv/lib/python3.9/site-packages/airflow/example_dags/example_branch_operator_decorator.py
[2022-11-06T22:29:52.863-0300] {processor.py:766} INFO - DAG(s) dict_keys(['example_branch_python_operator_decorator']) retrieved from /home/debian/etlhausz/venv/lib/python3.9/site-packages/airflow/example_dags/example_branch_operator_decorator.py
[2022-11-06T22:29:52.988-0300] {logging_mixin.py:120} INFO - [2022-11-06T22:29:52.988-0300] {dag.py:2585} INFO - Sync 1 DAGs
[2022-11-06T22:29:53.362-0300] {logging_mixin.py:120} INFO - [2022-11-06T22:29:53.362-0300] {dag.py:3336} INFO - Setting next_dagrun for example_branch_python_operator_decorator to 2022-11-06T00:00:00+00:00, run_after=2022-11-07T00:00:00+00:00
[2022-11-06T22:29:53.471-0300] {processor.py:176} INFO - Processing /home/debian/etlhausz/venv/lib/python3.9/site-packages/airflow/example_dags/example_branch_operator_decorator.py took 0.668 seconds
[2022-11-06T22:30:24.000-0300] {processor.py:154} INFO - Started process (PID=38898) to work on /home/debian/etlhausz/venv/lib/python3.9/site-packages/airflow/example_dags/example_branch_operator_decorator.py
[2022-11-06T22:30:24.002-0300] {processor.py:756} INFO - Processing file /home/debian/etlhausz/venv/lib/python3.9/site-packages/airflow/example_dags/example_branch_operator_decorator.py for tasks to queue
[2022-11-06T22:30:24.003-0300] {logging_mixin.py:120} INFO - [2022-11-06T22:30:24.002-0300] {dagbag.py:537} INFO - Filling up the DagBag from /home/debian/etlhausz/venv/lib/python3.9/site-packages/airflow/example_dags/example_branch_operator_decorator.py
[2022-11-06T22:30:24.022-0300] {processor.py:766} INFO - DAG(s) dict_keys(['example_branch_python_operator_decorator']) retrieved from /home/debian/etlhausz/venv/lib/python3.9/site-packages/airflow/example_dags/example_branch_operator_decorator.py
[2022-11-06T22:30:24.153-0300] {logging_mixin.py:120} INFO - [2022-11-06T22:30:24.153-0300] {dag.py:2585} INFO - Sync 1 DAGs
[2022-11-06T22:30:24.175-0300] {logging_mixin.py:120} INFO - [2022-11-06T22:30:24.175-0300] {dag.py:3336} INFO - Setting next_dagrun for example_branch_python_operator_decorator to 2022-11-06T00:00:00+00:00, run_after=2022-11-07T00:00:00+00:00
[2022-11-06T22:30:24.192-0300] {processor.py:176} INFO - Processing /home/debian/etlhausz/venv/lib/python3.9/site-packages/airflow/example_dags/example_branch_operator_decorator.py took 0.195 seconds
[2022-11-06T22:30:54.688-0300] {processor.py:154} INFO - Started process (PID=39438) to work on /home/debian/etlhausz/venv/lib/python3.9/site-packages/airflow/example_dags/example_branch_operator_decorator.py
[2022-11-06T22:30:54.721-0300] {processor.py:756} INFO - Processing file /home/debian/etlhausz/venv/lib/python3.9/site-packages/airflow/example_dags/example_branch_operator_decorator.py for tasks to queue
[2022-11-06T22:30:54.737-0300] {logging_mixin.py:120} INFO - [2022-11-06T22:30:54.736-0300] {dagbag.py:537} INFO - Filling up the DagBag from /home/debian/etlhausz/venv/lib/python3.9/site-packages/airflow/example_dags/example_branch_operator_decorator.py
[2022-11-06T22:30:54.920-0300] {processor.py:766} INFO - DAG(s) dict_keys(['example_branch_python_operator_decorator']) retrieved from /home/debian/etlhausz/venv/lib/python3.9/site-packages/airflow/example_dags/example_branch_operator_decorator.py
[2022-11-06T22:30:55.182-0300] {logging_mixin.py:120} INFO - [2022-11-06T22:30:55.182-0300] {dag.py:2585} INFO - Sync 1 DAGs
[2022-11-06T22:30:55.212-0300] {logging_mixin.py:120} INFO - [2022-11-06T22:30:55.212-0300] {dag.py:3336} INFO - Setting next_dagrun for example_branch_python_operator_decorator to 2022-11-06T00:00:00+00:00, run_after=2022-11-07T00:00:00+00:00
[2022-11-06T22:30:55.237-0300] {processor.py:176} INFO - Processing /home/debian/etlhausz/venv/lib/python3.9/site-packages/airflow/example_dags/example_branch_operator_decorator.py took 0.570 seconds
[2022-11-06T22:31:25.439-0300] {processor.py:154} INFO - Started process (PID=39976) to work on /home/debian/etlhausz/venv/lib/python3.9/site-packages/airflow/example_dags/example_branch_operator_decorator.py
[2022-11-06T22:31:25.439-0300] {processor.py:756} INFO - Processing file /home/debian/etlhausz/venv/lib/python3.9/site-packages/airflow/example_dags/example_branch_operator_decorator.py for tasks to queue
[2022-11-06T22:31:25.440-0300] {logging_mixin.py:120} INFO - [2022-11-06T22:31:25.440-0300] {dagbag.py:537} INFO - Filling up the DagBag from /home/debian/etlhausz/venv/lib/python3.9/site-packages/airflow/example_dags/example_branch_operator_decorator.py
[2022-11-06T22:31:25.502-0300] {processor.py:766} INFO - DAG(s) dict_keys(['example_branch_python_operator_decorator']) retrieved from /home/debian/etlhausz/venv/lib/python3.9/site-packages/airflow/example_dags/example_branch_operator_decorator.py
[2022-11-06T22:31:25.575-0300] {logging_mixin.py:120} INFO - [2022-11-06T22:31:25.575-0300] {dag.py:2585} INFO - Sync 1 DAGs
[2022-11-06T22:31:25.774-0300] {logging_mixin.py:120} INFO - [2022-11-06T22:31:25.774-0300] {dag.py:3336} INFO - Setting next_dagrun for example_branch_python_operator_decorator to 2022-11-06T00:00:00+00:00, run_after=2022-11-07T00:00:00+00:00
[2022-11-06T22:31:25.813-0300] {processor.py:176} INFO - Processing /home/debian/etlhausz/venv/lib/python3.9/site-packages/airflow/example_dags/example_branch_operator_decorator.py took 0.377 seconds
