[2022-11-06T21:00:21.190-0300] {processor.py:154} INFO - Started process (PID=61249) to work on /home/debian/etlhausz/venv/lib/python3.9/site-packages/airflow/example_dags/example_time_delta_sensor_async.py
[2022-11-06T21:00:21.191-0300] {processor.py:756} INFO - Processing file /home/debian/etlhausz/venv/lib/python3.9/site-packages/airflow/example_dags/example_time_delta_sensor_async.py for tasks to queue
[2022-11-06T21:00:21.191-0300] {logging_mixin.py:120} INFO - [2022-11-06T21:00:21.191-0300] {dagbag.py:537} INFO - Filling up the DagBag from /home/debian/etlhausz/venv/lib/python3.9/site-packages/airflow/example_dags/example_time_delta_sensor_async.py
[2022-11-06T21:00:21.203-0300] {processor.py:766} INFO - DAG(s) dict_keys(['example_time_delta_sensor_async']) retrieved from /home/debian/etlhausz/venv/lib/python3.9/site-packages/airflow/example_dags/example_time_delta_sensor_async.py
[2022-11-06T21:00:21.299-0300] {logging_mixin.py:120} INFO - [2022-11-06T21:00:21.299-0300] {dag.py:2585} INFO - Sync 1 DAGs
[2022-11-06T21:00:21.416-0300] {logging_mixin.py:120} INFO - [2022-11-06T21:00:21.415-0300] {dag.py:3336} INFO - Setting next_dagrun for example_time_delta_sensor_async to None, run_after=None
[2022-11-06T21:00:21.437-0300] {processor.py:176} INFO - Processing /home/debian/etlhausz/venv/lib/python3.9/site-packages/airflow/example_dags/example_time_delta_sensor_async.py took 0.250 seconds
[2022-11-06T21:00:52.392-0300] {processor.py:154} INFO - Started process (PID=61759) to work on /home/debian/etlhausz/venv/lib/python3.9/site-packages/airflow/example_dags/example_time_delta_sensor_async.py
[2022-11-06T21:00:52.406-0300] {processor.py:756} INFO - Processing file /home/debian/etlhausz/venv/lib/python3.9/site-packages/airflow/example_dags/example_time_delta_sensor_async.py for tasks to queue
[2022-11-06T21:00:52.409-0300] {logging_mixin.py:120} INFO - [2022-11-06T21:00:52.408-0300] {dagbag.py:537} INFO - Filling up the DagBag from /home/debian/etlhausz/venv/lib/python3.9/site-packages/airflow/example_dags/example_time_delta_sensor_async.py
[2022-11-06T21:00:52.446-0300] {processor.py:766} INFO - DAG(s) dict_keys(['example_time_delta_sensor_async']) retrieved from /home/debian/etlhausz/venv/lib/python3.9/site-packages/airflow/example_dags/example_time_delta_sensor_async.py
[2022-11-06T21:00:53.358-0300] {logging_mixin.py:120} INFO - [2022-11-06T21:00:53.358-0300] {dag.py:2585} INFO - Sync 1 DAGs
[2022-11-06T21:00:53.430-0300] {logging_mixin.py:120} INFO - [2022-11-06T21:00:53.430-0300] {dag.py:3336} INFO - Setting next_dagrun for example_time_delta_sensor_async to None, run_after=None
[2022-11-06T21:00:53.463-0300] {processor.py:176} INFO - Processing /home/debian/etlhausz/venv/lib/python3.9/site-packages/airflow/example_dags/example_time_delta_sensor_async.py took 1.076 seconds
[2022-11-06T21:01:23.797-0300] {processor.py:154} INFO - Started process (PID=62358) to work on /home/debian/etlhausz/venv/lib/python3.9/site-packages/airflow/example_dags/example_time_delta_sensor_async.py
[2022-11-06T21:01:23.798-0300] {processor.py:756} INFO - Processing file /home/debian/etlhausz/venv/lib/python3.9/site-packages/airflow/example_dags/example_time_delta_sensor_async.py for tasks to queue
[2022-11-06T21:01:23.799-0300] {logging_mixin.py:120} INFO - [2022-11-06T21:01:23.799-0300] {dagbag.py:537} INFO - Filling up the DagBag from /home/debian/etlhausz/venv/lib/python3.9/site-packages/airflow/example_dags/example_time_delta_sensor_async.py
[2022-11-06T21:01:23.809-0300] {processor.py:766} INFO - DAG(s) dict_keys(['example_time_delta_sensor_async']) retrieved from /home/debian/etlhausz/venv/lib/python3.9/site-packages/airflow/example_dags/example_time_delta_sensor_async.py
[2022-11-06T21:01:24.305-0300] {logging_mixin.py:120} INFO - [2022-11-06T21:01:24.305-0300] {dag.py:2585} INFO - Sync 1 DAGs
[2022-11-06T21:01:24.323-0300] {logging_mixin.py:120} INFO - [2022-11-06T21:01:24.323-0300] {dag.py:3336} INFO - Setting next_dagrun for example_time_delta_sensor_async to None, run_after=None
[2022-11-06T21:01:24.346-0300] {processor.py:176} INFO - Processing /home/debian/etlhausz/venv/lib/python3.9/site-packages/airflow/example_dags/example_time_delta_sensor_async.py took 0.551 seconds
[2022-11-06T21:01:55.085-0300] {processor.py:154} INFO - Started process (PID=62908) to work on /home/debian/etlhausz/venv/lib/python3.9/site-packages/airflow/example_dags/example_time_delta_sensor_async.py
[2022-11-06T21:01:55.085-0300] {processor.py:756} INFO - Processing file /home/debian/etlhausz/venv/lib/python3.9/site-packages/airflow/example_dags/example_time_delta_sensor_async.py for tasks to queue
[2022-11-06T21:01:55.086-0300] {logging_mixin.py:120} INFO - [2022-11-06T21:01:55.086-0300] {dagbag.py:537} INFO - Filling up the DagBag from /home/debian/etlhausz/venv/lib/python3.9/site-packages/airflow/example_dags/example_time_delta_sensor_async.py
[2022-11-06T21:01:55.101-0300] {processor.py:766} INFO - DAG(s) dict_keys(['example_time_delta_sensor_async']) retrieved from /home/debian/etlhausz/venv/lib/python3.9/site-packages/airflow/example_dags/example_time_delta_sensor_async.py
[2022-11-06T21:01:55.298-0300] {logging_mixin.py:120} INFO - [2022-11-06T21:01:55.298-0300] {dag.py:2585} INFO - Sync 1 DAGs
[2022-11-06T21:01:55.325-0300] {logging_mixin.py:120} INFO - [2022-11-06T21:01:55.325-0300] {dag.py:3336} INFO - Setting next_dagrun for example_time_delta_sensor_async to None, run_after=None
[2022-11-06T21:01:55.363-0300] {processor.py:176} INFO - Processing /home/debian/etlhausz/venv/lib/python3.9/site-packages/airflow/example_dags/example_time_delta_sensor_async.py took 0.280 seconds
[2022-11-06T21:02:25.862-0300] {processor.py:154} INFO - Started process (PID=63387) to work on /home/debian/etlhausz/venv/lib/python3.9/site-packages/airflow/example_dags/example_time_delta_sensor_async.py
[2022-11-06T21:02:25.864-0300] {processor.py:756} INFO - Processing file /home/debian/etlhausz/venv/lib/python3.9/site-packages/airflow/example_dags/example_time_delta_sensor_async.py for tasks to queue
[2022-11-06T21:02:25.864-0300] {logging_mixin.py:120} INFO - [2022-11-06T21:02:25.864-0300] {dagbag.py:537} INFO - Filling up the DagBag from /home/debian/etlhausz/venv/lib/python3.9/site-packages/airflow/example_dags/example_time_delta_sensor_async.py
[2022-11-06T21:02:25.881-0300] {processor.py:766} INFO - DAG(s) dict_keys(['example_time_delta_sensor_async']) retrieved from /home/debian/etlhausz/venv/lib/python3.9/site-packages/airflow/example_dags/example_time_delta_sensor_async.py
[2022-11-06T21:02:26.018-0300] {logging_mixin.py:120} INFO - [2022-11-06T21:02:26.018-0300] {dag.py:2585} INFO - Sync 1 DAGs
[2022-11-06T21:02:26.117-0300] {logging_mixin.py:120} INFO - [2022-11-06T21:02:26.116-0300] {dag.py:3336} INFO - Setting next_dagrun for example_time_delta_sensor_async to None, run_after=None
[2022-11-06T21:02:26.161-0300] {processor.py:176} INFO - Processing /home/debian/etlhausz/venv/lib/python3.9/site-packages/airflow/example_dags/example_time_delta_sensor_async.py took 0.302 seconds
[2022-11-06T21:02:56.637-0300] {processor.py:154} INFO - Started process (PID=63973) to work on /home/debian/etlhausz/venv/lib/python3.9/site-packages/airflow/example_dags/example_time_delta_sensor_async.py
[2022-11-06T21:02:56.639-0300] {processor.py:756} INFO - Processing file /home/debian/etlhausz/venv/lib/python3.9/site-packages/airflow/example_dags/example_time_delta_sensor_async.py for tasks to queue
[2022-11-06T21:02:56.641-0300] {logging_mixin.py:120} INFO - [2022-11-06T21:02:56.641-0300] {dagbag.py:537} INFO - Filling up the DagBag from /home/debian/etlhausz/venv/lib/python3.9/site-packages/airflow/example_dags/example_time_delta_sensor_async.py
[2022-11-06T21:02:56.656-0300] {processor.py:766} INFO - DAG(s) dict_keys(['example_time_delta_sensor_async']) retrieved from /home/debian/etlhausz/venv/lib/python3.9/site-packages/airflow/example_dags/example_time_delta_sensor_async.py
[2022-11-06T21:02:56.982-0300] {logging_mixin.py:120} INFO - [2022-11-06T21:02:56.981-0300] {dag.py:2585} INFO - Sync 1 DAGs
[2022-11-06T21:02:57.032-0300] {logging_mixin.py:120} INFO - [2022-11-06T21:02:57.032-0300] {dag.py:3336} INFO - Setting next_dagrun for example_time_delta_sensor_async to None, run_after=None
[2022-11-06T21:02:57.213-0300] {processor.py:176} INFO - Processing /home/debian/etlhausz/venv/lib/python3.9/site-packages/airflow/example_dags/example_time_delta_sensor_async.py took 0.579 seconds
[2022-11-06T21:03:27.308-0300] {processor.py:154} INFO - Started process (PID=64521) to work on /home/debian/etlhausz/venv/lib/python3.9/site-packages/airflow/example_dags/example_time_delta_sensor_async.py
[2022-11-06T21:03:27.310-0300] {processor.py:756} INFO - Processing file /home/debian/etlhausz/venv/lib/python3.9/site-packages/airflow/example_dags/example_time_delta_sensor_async.py for tasks to queue
[2022-11-06T21:03:27.310-0300] {logging_mixin.py:120} INFO - [2022-11-06T21:03:27.310-0300] {dagbag.py:537} INFO - Filling up the DagBag from /home/debian/etlhausz/venv/lib/python3.9/site-packages/airflow/example_dags/example_time_delta_sensor_async.py
[2022-11-06T21:03:27.325-0300] {processor.py:766} INFO - DAG(s) dict_keys(['example_time_delta_sensor_async']) retrieved from /home/debian/etlhausz/venv/lib/python3.9/site-packages/airflow/example_dags/example_time_delta_sensor_async.py
[2022-11-06T21:03:27.542-0300] {logging_mixin.py:120} INFO - [2022-11-06T21:03:27.542-0300] {dag.py:2585} INFO - Sync 1 DAGs
[2022-11-06T21:03:27.558-0300] {logging_mixin.py:120} INFO - [2022-11-06T21:03:27.558-0300] {dag.py:3336} INFO - Setting next_dagrun for example_time_delta_sensor_async to None, run_after=None
[2022-11-06T21:03:27.578-0300] {processor.py:176} INFO - Processing /home/debian/etlhausz/venv/lib/python3.9/site-packages/airflow/example_dags/example_time_delta_sensor_async.py took 0.276 seconds
[2022-11-06T21:03:58.417-0300] {processor.py:154} INFO - Started process (PID=65203) to work on /home/debian/etlhausz/venv/lib/python3.9/site-packages/airflow/example_dags/example_time_delta_sensor_async.py
[2022-11-06T21:03:58.421-0300] {processor.py:756} INFO - Processing file /home/debian/etlhausz/venv/lib/python3.9/site-packages/airflow/example_dags/example_time_delta_sensor_async.py for tasks to queue
[2022-11-06T21:03:58.422-0300] {logging_mixin.py:120} INFO - [2022-11-06T21:03:58.422-0300] {dagbag.py:537} INFO - Filling up the DagBag from /home/debian/etlhausz/venv/lib/python3.9/site-packages/airflow/example_dags/example_time_delta_sensor_async.py
[2022-11-06T21:03:58.432-0300] {processor.py:766} INFO - DAG(s) dict_keys(['example_time_delta_sensor_async']) retrieved from /home/debian/etlhausz/venv/lib/python3.9/site-packages/airflow/example_dags/example_time_delta_sensor_async.py
[2022-11-06T21:03:58.707-0300] {logging_mixin.py:120} INFO - [2022-11-06T21:03:58.707-0300] {dag.py:2585} INFO - Sync 1 DAGs
[2022-11-06T21:03:58.746-0300] {logging_mixin.py:120} INFO - [2022-11-06T21:03:58.745-0300] {dag.py:3336} INFO - Setting next_dagrun for example_time_delta_sensor_async to None, run_after=None
[2022-11-06T21:03:58.785-0300] {processor.py:176} INFO - Processing /home/debian/etlhausz/venv/lib/python3.9/site-packages/airflow/example_dags/example_time_delta_sensor_async.py took 0.371 seconds
[2022-11-06T22:01:41.587-0300] {processor.py:154} INFO - Started process (PID=5245) to work on /home/debian/etlhausz/venv/lib/python3.9/site-packages/airflow/example_dags/example_time_delta_sensor_async.py
[2022-11-06T22:01:41.589-0300] {processor.py:756} INFO - Processing file /home/debian/etlhausz/venv/lib/python3.9/site-packages/airflow/example_dags/example_time_delta_sensor_async.py for tasks to queue
[2022-11-06T22:01:41.592-0300] {logging_mixin.py:120} INFO - [2022-11-06T22:01:41.591-0300] {dagbag.py:537} INFO - Filling up the DagBag from /home/debian/etlhausz/venv/lib/python3.9/site-packages/airflow/example_dags/example_time_delta_sensor_async.py
[2022-11-06T22:01:41.630-0300] {processor.py:766} INFO - DAG(s) dict_keys(['example_time_delta_sensor_async']) retrieved from /home/debian/etlhausz/venv/lib/python3.9/site-packages/airflow/example_dags/example_time_delta_sensor_async.py
[2022-11-06T22:01:41.990-0300] {logging_mixin.py:120} INFO - [2022-11-06T22:01:41.973-0300] {dag.py:2585} INFO - Sync 1 DAGs
[2022-11-06T22:01:42.094-0300] {logging_mixin.py:120} INFO - [2022-11-06T22:01:42.094-0300] {dag.py:3336} INFO - Setting next_dagrun for example_time_delta_sensor_async to None, run_after=None
[2022-11-06T22:01:42.172-0300] {processor.py:176} INFO - Processing /home/debian/etlhausz/venv/lib/python3.9/site-packages/airflow/example_dags/example_time_delta_sensor_async.py took 0.597 seconds
[2022-11-06T22:02:12.877-0300] {processor.py:154} INFO - Started process (PID=5882) to work on /home/debian/etlhausz/venv/lib/python3.9/site-packages/airflow/example_dags/example_time_delta_sensor_async.py
[2022-11-06T22:02:12.877-0300] {processor.py:756} INFO - Processing file /home/debian/etlhausz/venv/lib/python3.9/site-packages/airflow/example_dags/example_time_delta_sensor_async.py for tasks to queue
[2022-11-06T22:02:12.878-0300] {logging_mixin.py:120} INFO - [2022-11-06T22:02:12.878-0300] {dagbag.py:537} INFO - Filling up the DagBag from /home/debian/etlhausz/venv/lib/python3.9/site-packages/airflow/example_dags/example_time_delta_sensor_async.py
[2022-11-06T22:02:12.889-0300] {processor.py:766} INFO - DAG(s) dict_keys(['example_time_delta_sensor_async']) retrieved from /home/debian/etlhausz/venv/lib/python3.9/site-packages/airflow/example_dags/example_time_delta_sensor_async.py
[2022-11-06T22:02:12.980-0300] {logging_mixin.py:120} INFO - [2022-11-06T22:02:12.980-0300] {dag.py:2585} INFO - Sync 1 DAGs
[2022-11-06T22:02:13.000-0300] {logging_mixin.py:120} INFO - [2022-11-06T22:02:13.000-0300] {dag.py:3336} INFO - Setting next_dagrun for example_time_delta_sensor_async to None, run_after=None
[2022-11-06T22:02:13.017-0300] {processor.py:176} INFO - Processing /home/debian/etlhausz/venv/lib/python3.9/site-packages/airflow/example_dags/example_time_delta_sensor_async.py took 0.158 seconds
[2022-11-06T22:02:43.216-0300] {processor.py:154} INFO - Started process (PID=6546) to work on /home/debian/etlhausz/venv/lib/python3.9/site-packages/airflow/example_dags/example_time_delta_sensor_async.py
[2022-11-06T22:02:43.217-0300] {processor.py:756} INFO - Processing file /home/debian/etlhausz/venv/lib/python3.9/site-packages/airflow/example_dags/example_time_delta_sensor_async.py for tasks to queue
[2022-11-06T22:02:43.218-0300] {logging_mixin.py:120} INFO - [2022-11-06T22:02:43.218-0300] {dagbag.py:537} INFO - Filling up the DagBag from /home/debian/etlhausz/venv/lib/python3.9/site-packages/airflow/example_dags/example_time_delta_sensor_async.py
[2022-11-06T22:02:43.228-0300] {processor.py:766} INFO - DAG(s) dict_keys(['example_time_delta_sensor_async']) retrieved from /home/debian/etlhausz/venv/lib/python3.9/site-packages/airflow/example_dags/example_time_delta_sensor_async.py
[2022-11-06T22:02:43.338-0300] {logging_mixin.py:120} INFO - [2022-11-06T22:02:43.338-0300] {dag.py:2585} INFO - Sync 1 DAGs
[2022-11-06T22:02:43.370-0300] {logging_mixin.py:120} INFO - [2022-11-06T22:02:43.370-0300] {dag.py:3336} INFO - Setting next_dagrun for example_time_delta_sensor_async to None, run_after=None
[2022-11-06T22:02:43.402-0300] {processor.py:176} INFO - Processing /home/debian/etlhausz/venv/lib/python3.9/site-packages/airflow/example_dags/example_time_delta_sensor_async.py took 0.189 seconds
[2022-11-06T22:03:17.179-0300] {processor.py:154} INFO - Started process (PID=7151) to work on /home/debian/etlhausz/venv/lib/python3.9/site-packages/airflow/example_dags/example_time_delta_sensor_async.py
[2022-11-06T22:03:17.180-0300] {processor.py:756} INFO - Processing file /home/debian/etlhausz/venv/lib/python3.9/site-packages/airflow/example_dags/example_time_delta_sensor_async.py for tasks to queue
[2022-11-06T22:03:17.180-0300] {logging_mixin.py:120} INFO - [2022-11-06T22:03:17.180-0300] {dagbag.py:537} INFO - Filling up the DagBag from /home/debian/etlhausz/venv/lib/python3.9/site-packages/airflow/example_dags/example_time_delta_sensor_async.py
[2022-11-06T22:03:17.215-0300] {processor.py:766} INFO - DAG(s) dict_keys(['example_time_delta_sensor_async']) retrieved from /home/debian/etlhausz/venv/lib/python3.9/site-packages/airflow/example_dags/example_time_delta_sensor_async.py
[2022-11-06T22:03:17.339-0300] {logging_mixin.py:120} INFO - [2022-11-06T22:03:17.339-0300] {dag.py:2585} INFO - Sync 1 DAGs
[2022-11-06T22:03:17.370-0300] {logging_mixin.py:120} INFO - [2022-11-06T22:03:17.370-0300] {dag.py:3336} INFO - Setting next_dagrun for example_time_delta_sensor_async to None, run_after=None
[2022-11-06T22:03:17.401-0300] {processor.py:176} INFO - Processing /home/debian/etlhausz/venv/lib/python3.9/site-packages/airflow/example_dags/example_time_delta_sensor_async.py took 0.225 seconds
[2022-11-06T22:03:47.480-0300] {processor.py:154} INFO - Started process (PID=7807) to work on /home/debian/etlhausz/venv/lib/python3.9/site-packages/airflow/example_dags/example_time_delta_sensor_async.py
[2022-11-06T22:03:47.483-0300] {processor.py:756} INFO - Processing file /home/debian/etlhausz/venv/lib/python3.9/site-packages/airflow/example_dags/example_time_delta_sensor_async.py for tasks to queue
[2022-11-06T22:03:47.484-0300] {logging_mixin.py:120} INFO - [2022-11-06T22:03:47.484-0300] {dagbag.py:537} INFO - Filling up the DagBag from /home/debian/etlhausz/venv/lib/python3.9/site-packages/airflow/example_dags/example_time_delta_sensor_async.py
[2022-11-06T22:03:47.494-0300] {processor.py:766} INFO - DAG(s) dict_keys(['example_time_delta_sensor_async']) retrieved from /home/debian/etlhausz/venv/lib/python3.9/site-packages/airflow/example_dags/example_time_delta_sensor_async.py
[2022-11-06T22:03:47.609-0300] {logging_mixin.py:120} INFO - [2022-11-06T22:03:47.609-0300] {dag.py:2585} INFO - Sync 1 DAGs
[2022-11-06T22:03:47.630-0300] {logging_mixin.py:120} INFO - [2022-11-06T22:03:47.630-0300] {dag.py:3336} INFO - Setting next_dagrun for example_time_delta_sensor_async to None, run_after=None
[2022-11-06T22:03:47.655-0300] {processor.py:176} INFO - Processing /home/debian/etlhausz/venv/lib/python3.9/site-packages/airflow/example_dags/example_time_delta_sensor_async.py took 0.178 seconds
[2022-11-06T22:04:18.599-0300] {processor.py:154} INFO - Started process (PID=8434) to work on /home/debian/etlhausz/venv/lib/python3.9/site-packages/airflow/example_dags/example_time_delta_sensor_async.py
[2022-11-06T22:04:18.600-0300] {processor.py:756} INFO - Processing file /home/debian/etlhausz/venv/lib/python3.9/site-packages/airflow/example_dags/example_time_delta_sensor_async.py for tasks to queue
[2022-11-06T22:04:18.600-0300] {logging_mixin.py:120} INFO - [2022-11-06T22:04:18.600-0300] {dagbag.py:537} INFO - Filling up the DagBag from /home/debian/etlhausz/venv/lib/python3.9/site-packages/airflow/example_dags/example_time_delta_sensor_async.py
[2022-11-06T22:04:18.612-0300] {processor.py:766} INFO - DAG(s) dict_keys(['example_time_delta_sensor_async']) retrieved from /home/debian/etlhausz/venv/lib/python3.9/site-packages/airflow/example_dags/example_time_delta_sensor_async.py
[2022-11-06T22:04:18.708-0300] {logging_mixin.py:120} INFO - [2022-11-06T22:04:18.708-0300] {dag.py:2585} INFO - Sync 1 DAGs
[2022-11-06T22:04:18.729-0300] {logging_mixin.py:120} INFO - [2022-11-06T22:04:18.729-0300] {dag.py:3336} INFO - Setting next_dagrun for example_time_delta_sensor_async to None, run_after=None
[2022-11-06T22:04:18.750-0300] {processor.py:176} INFO - Processing /home/debian/etlhausz/venv/lib/python3.9/site-packages/airflow/example_dags/example_time_delta_sensor_async.py took 0.154 seconds
[2022-11-06T22:04:51.141-0300] {processor.py:154} INFO - Started process (PID=9032) to work on /home/debian/etlhausz/venv/lib/python3.9/site-packages/airflow/example_dags/example_time_delta_sensor_async.py
[2022-11-06T22:04:51.144-0300] {processor.py:756} INFO - Processing file /home/debian/etlhausz/venv/lib/python3.9/site-packages/airflow/example_dags/example_time_delta_sensor_async.py for tasks to queue
[2022-11-06T22:04:51.144-0300] {logging_mixin.py:120} INFO - [2022-11-06T22:04:51.144-0300] {dagbag.py:537} INFO - Filling up the DagBag from /home/debian/etlhausz/venv/lib/python3.9/site-packages/airflow/example_dags/example_time_delta_sensor_async.py
[2022-11-06T22:04:51.154-0300] {processor.py:766} INFO - DAG(s) dict_keys(['example_time_delta_sensor_async']) retrieved from /home/debian/etlhausz/venv/lib/python3.9/site-packages/airflow/example_dags/example_time_delta_sensor_async.py
[2022-11-06T22:04:51.268-0300] {logging_mixin.py:120} INFO - [2022-11-06T22:04:51.268-0300] {dag.py:2585} INFO - Sync 1 DAGs
[2022-11-06T22:04:51.294-0300] {logging_mixin.py:120} INFO - [2022-11-06T22:04:51.293-0300] {dag.py:3336} INFO - Setting next_dagrun for example_time_delta_sensor_async to None, run_after=None
[2022-11-06T22:04:51.329-0300] {processor.py:176} INFO - Processing /home/debian/etlhausz/venv/lib/python3.9/site-packages/airflow/example_dags/example_time_delta_sensor_async.py took 0.197 seconds
[2022-11-06T22:05:32.725-0300] {processor.py:154} INFO - Started process (PID=9939) to work on /home/debian/etlhausz/venv/lib/python3.9/site-packages/airflow/example_dags/example_time_delta_sensor_async.py
[2022-11-06T22:05:32.727-0300] {processor.py:756} INFO - Processing file /home/debian/etlhausz/venv/lib/python3.9/site-packages/airflow/example_dags/example_time_delta_sensor_async.py for tasks to queue
[2022-11-06T22:05:32.727-0300] {logging_mixin.py:120} INFO - [2022-11-06T22:05:32.727-0300] {dagbag.py:537} INFO - Filling up the DagBag from /home/debian/etlhausz/venv/lib/python3.9/site-packages/airflow/example_dags/example_time_delta_sensor_async.py
[2022-11-06T22:05:32.740-0300] {processor.py:766} INFO - DAG(s) dict_keys(['example_time_delta_sensor_async']) retrieved from /home/debian/etlhausz/venv/lib/python3.9/site-packages/airflow/example_dags/example_time_delta_sensor_async.py
[2022-11-06T22:05:32.852-0300] {logging_mixin.py:120} INFO - [2022-11-06T22:05:32.851-0300] {dag.py:2585} INFO - Sync 1 DAGs
[2022-11-06T22:05:32.886-0300] {logging_mixin.py:120} INFO - [2022-11-06T22:05:32.885-0300] {dag.py:3336} INFO - Setting next_dagrun for example_time_delta_sensor_async to None, run_after=None
[2022-11-06T22:05:32.914-0300] {processor.py:176} INFO - Processing /home/debian/etlhausz/venv/lib/python3.9/site-packages/airflow/example_dags/example_time_delta_sensor_async.py took 0.193 seconds
[2022-11-06T22:06:05.194-0300] {processor.py:154} INFO - Started process (PID=10551) to work on /home/debian/etlhausz/venv/lib/python3.9/site-packages/airflow/example_dags/example_time_delta_sensor_async.py
[2022-11-06T22:06:05.196-0300] {processor.py:756} INFO - Processing file /home/debian/etlhausz/venv/lib/python3.9/site-packages/airflow/example_dags/example_time_delta_sensor_async.py for tasks to queue
[2022-11-06T22:06:05.196-0300] {logging_mixin.py:120} INFO - [2022-11-06T22:06:05.196-0300] {dagbag.py:537} INFO - Filling up the DagBag from /home/debian/etlhausz/venv/lib/python3.9/site-packages/airflow/example_dags/example_time_delta_sensor_async.py
[2022-11-06T22:06:05.214-0300] {processor.py:766} INFO - DAG(s) dict_keys(['example_time_delta_sensor_async']) retrieved from /home/debian/etlhausz/venv/lib/python3.9/site-packages/airflow/example_dags/example_time_delta_sensor_async.py
[2022-11-06T22:06:05.327-0300] {logging_mixin.py:120} INFO - [2022-11-06T22:06:05.327-0300] {dag.py:2585} INFO - Sync 1 DAGs
[2022-11-06T22:06:05.364-0300] {logging_mixin.py:120} INFO - [2022-11-06T22:06:05.364-0300] {dag.py:3336} INFO - Setting next_dagrun for example_time_delta_sensor_async to None, run_after=None
[2022-11-06T22:06:05.381-0300] {processor.py:176} INFO - Processing /home/debian/etlhausz/venv/lib/python3.9/site-packages/airflow/example_dags/example_time_delta_sensor_async.py took 0.191 seconds
[2022-11-06T22:06:35.486-0300] {processor.py:154} INFO - Started process (PID=11151) to work on /home/debian/etlhausz/venv/lib/python3.9/site-packages/airflow/example_dags/example_time_delta_sensor_async.py
[2022-11-06T22:06:35.487-0300] {processor.py:756} INFO - Processing file /home/debian/etlhausz/venv/lib/python3.9/site-packages/airflow/example_dags/example_time_delta_sensor_async.py for tasks to queue
[2022-11-06T22:06:35.488-0300] {logging_mixin.py:120} INFO - [2022-11-06T22:06:35.487-0300] {dagbag.py:537} INFO - Filling up the DagBag from /home/debian/etlhausz/venv/lib/python3.9/site-packages/airflow/example_dags/example_time_delta_sensor_async.py
[2022-11-06T22:06:35.498-0300] {processor.py:766} INFO - DAG(s) dict_keys(['example_time_delta_sensor_async']) retrieved from /home/debian/etlhausz/venv/lib/python3.9/site-packages/airflow/example_dags/example_time_delta_sensor_async.py
[2022-11-06T22:06:35.592-0300] {logging_mixin.py:120} INFO - [2022-11-06T22:06:35.592-0300] {dag.py:2585} INFO - Sync 1 DAGs
[2022-11-06T22:06:35.612-0300] {logging_mixin.py:120} INFO - [2022-11-06T22:06:35.612-0300] {dag.py:3336} INFO - Setting next_dagrun for example_time_delta_sensor_async to None, run_after=None
[2022-11-06T22:06:35.631-0300] {processor.py:176} INFO - Processing /home/debian/etlhausz/venv/lib/python3.9/site-packages/airflow/example_dags/example_time_delta_sensor_async.py took 0.149 seconds
[2022-11-06T22:07:06.565-0300] {processor.py:154} INFO - Started process (PID=11699) to work on /home/debian/etlhausz/venv/lib/python3.9/site-packages/airflow/example_dags/example_time_delta_sensor_async.py
[2022-11-06T22:07:06.568-0300] {processor.py:756} INFO - Processing file /home/debian/etlhausz/venv/lib/python3.9/site-packages/airflow/example_dags/example_time_delta_sensor_async.py for tasks to queue
[2022-11-06T22:07:06.569-0300] {logging_mixin.py:120} INFO - [2022-11-06T22:07:06.568-0300] {dagbag.py:537} INFO - Filling up the DagBag from /home/debian/etlhausz/venv/lib/python3.9/site-packages/airflow/example_dags/example_time_delta_sensor_async.py
[2022-11-06T22:07:06.596-0300] {processor.py:766} INFO - DAG(s) dict_keys(['example_time_delta_sensor_async']) retrieved from /home/debian/etlhausz/venv/lib/python3.9/site-packages/airflow/example_dags/example_time_delta_sensor_async.py
[2022-11-06T22:07:06.805-0300] {logging_mixin.py:120} INFO - [2022-11-06T22:07:06.805-0300] {dag.py:2585} INFO - Sync 1 DAGs
[2022-11-06T22:07:06.833-0300] {logging_mixin.py:120} INFO - [2022-11-06T22:07:06.832-0300] {dag.py:3336} INFO - Setting next_dagrun for example_time_delta_sensor_async to None, run_after=None
[2022-11-06T22:07:06.890-0300] {processor.py:176} INFO - Processing /home/debian/etlhausz/venv/lib/python3.9/site-packages/airflow/example_dags/example_time_delta_sensor_async.py took 0.335 seconds
[2022-11-06T22:07:41.134-0300] {processor.py:154} INFO - Started process (PID=12394) to work on /home/debian/etlhausz/venv/lib/python3.9/site-packages/airflow/example_dags/example_time_delta_sensor_async.py
[2022-11-06T22:07:41.136-0300] {processor.py:756} INFO - Processing file /home/debian/etlhausz/venv/lib/python3.9/site-packages/airflow/example_dags/example_time_delta_sensor_async.py for tasks to queue
[2022-11-06T22:07:41.136-0300] {logging_mixin.py:120} INFO - [2022-11-06T22:07:41.136-0300] {dagbag.py:537} INFO - Filling up the DagBag from /home/debian/etlhausz/venv/lib/python3.9/site-packages/airflow/example_dags/example_time_delta_sensor_async.py
[2022-11-06T22:07:41.151-0300] {processor.py:766} INFO - DAG(s) dict_keys(['example_time_delta_sensor_async']) retrieved from /home/debian/etlhausz/venv/lib/python3.9/site-packages/airflow/example_dags/example_time_delta_sensor_async.py
[2022-11-06T22:07:41.544-0300] {logging_mixin.py:120} INFO - [2022-11-06T22:07:41.544-0300] {dag.py:2585} INFO - Sync 1 DAGs
[2022-11-06T22:07:41.586-0300] {logging_mixin.py:120} INFO - [2022-11-06T22:07:41.586-0300] {dag.py:3336} INFO - Setting next_dagrun for example_time_delta_sensor_async to None, run_after=None
[2022-11-06T22:07:41.695-0300] {processor.py:176} INFO - Processing /home/debian/etlhausz/venv/lib/python3.9/site-packages/airflow/example_dags/example_time_delta_sensor_async.py took 0.571 seconds
[2022-11-06T22:08:12.095-0300] {processor.py:154} INFO - Started process (PID=13126) to work on /home/debian/etlhausz/venv/lib/python3.9/site-packages/airflow/example_dags/example_time_delta_sensor_async.py
[2022-11-06T22:08:12.096-0300] {processor.py:756} INFO - Processing file /home/debian/etlhausz/venv/lib/python3.9/site-packages/airflow/example_dags/example_time_delta_sensor_async.py for tasks to queue
[2022-11-06T22:08:12.097-0300] {logging_mixin.py:120} INFO - [2022-11-06T22:08:12.097-0300] {dagbag.py:537} INFO - Filling up the DagBag from /home/debian/etlhausz/venv/lib/python3.9/site-packages/airflow/example_dags/example_time_delta_sensor_async.py
[2022-11-06T22:08:12.107-0300] {processor.py:766} INFO - DAG(s) dict_keys(['example_time_delta_sensor_async']) retrieved from /home/debian/etlhausz/venv/lib/python3.9/site-packages/airflow/example_dags/example_time_delta_sensor_async.py
[2022-11-06T22:08:12.205-0300] {logging_mixin.py:120} INFO - [2022-11-06T22:08:12.205-0300] {dag.py:2585} INFO - Sync 1 DAGs
[2022-11-06T22:08:12.229-0300] {logging_mixin.py:120} INFO - [2022-11-06T22:08:12.229-0300] {dag.py:3336} INFO - Setting next_dagrun for example_time_delta_sensor_async to None, run_after=None
[2022-11-06T22:08:12.250-0300] {processor.py:176} INFO - Processing /home/debian/etlhausz/venv/lib/python3.9/site-packages/airflow/example_dags/example_time_delta_sensor_async.py took 0.158 seconds
[2022-11-06T22:08:42.594-0300] {processor.py:154} INFO - Started process (PID=13804) to work on /home/debian/etlhausz/venv/lib/python3.9/site-packages/airflow/example_dags/example_time_delta_sensor_async.py
[2022-11-06T22:08:42.596-0300] {processor.py:756} INFO - Processing file /home/debian/etlhausz/venv/lib/python3.9/site-packages/airflow/example_dags/example_time_delta_sensor_async.py for tasks to queue
[2022-11-06T22:08:42.597-0300] {logging_mixin.py:120} INFO - [2022-11-06T22:08:42.597-0300] {dagbag.py:537} INFO - Filling up the DagBag from /home/debian/etlhausz/venv/lib/python3.9/site-packages/airflow/example_dags/example_time_delta_sensor_async.py
[2022-11-06T22:08:42.609-0300] {processor.py:766} INFO - DAG(s) dict_keys(['example_time_delta_sensor_async']) retrieved from /home/debian/etlhausz/venv/lib/python3.9/site-packages/airflow/example_dags/example_time_delta_sensor_async.py
[2022-11-06T22:08:42.707-0300] {logging_mixin.py:120} INFO - [2022-11-06T22:08:42.707-0300] {dag.py:2585} INFO - Sync 1 DAGs
[2022-11-06T22:08:42.733-0300] {logging_mixin.py:120} INFO - [2022-11-06T22:08:42.733-0300] {dag.py:3336} INFO - Setting next_dagrun for example_time_delta_sensor_async to None, run_after=None
[2022-11-06T22:08:42.753-0300] {processor.py:176} INFO - Processing /home/debian/etlhausz/venv/lib/python3.9/site-packages/airflow/example_dags/example_time_delta_sensor_async.py took 0.162 seconds
[2022-11-06T22:09:14.470-0300] {processor.py:154} INFO - Started process (PID=14477) to work on /home/debian/etlhausz/venv/lib/python3.9/site-packages/airflow/example_dags/example_time_delta_sensor_async.py
[2022-11-06T22:09:14.471-0300] {processor.py:756} INFO - Processing file /home/debian/etlhausz/venv/lib/python3.9/site-packages/airflow/example_dags/example_time_delta_sensor_async.py for tasks to queue
[2022-11-06T22:09:14.472-0300] {logging_mixin.py:120} INFO - [2022-11-06T22:09:14.472-0300] {dagbag.py:537} INFO - Filling up the DagBag from /home/debian/etlhausz/venv/lib/python3.9/site-packages/airflow/example_dags/example_time_delta_sensor_async.py
[2022-11-06T22:09:14.483-0300] {processor.py:766} INFO - DAG(s) dict_keys(['example_time_delta_sensor_async']) retrieved from /home/debian/etlhausz/venv/lib/python3.9/site-packages/airflow/example_dags/example_time_delta_sensor_async.py
[2022-11-06T22:09:14.633-0300] {logging_mixin.py:120} INFO - [2022-11-06T22:09:14.633-0300] {dag.py:2585} INFO - Sync 1 DAGs
[2022-11-06T22:09:14.683-0300] {logging_mixin.py:120} INFO - [2022-11-06T22:09:14.683-0300] {dag.py:3336} INFO - Setting next_dagrun for example_time_delta_sensor_async to None, run_after=None
[2022-11-06T22:09:14.720-0300] {processor.py:176} INFO - Processing /home/debian/etlhausz/venv/lib/python3.9/site-packages/airflow/example_dags/example_time_delta_sensor_async.py took 0.253 seconds
[2022-11-06T22:09:46.908-0300] {processor.py:154} INFO - Started process (PID=15098) to work on /home/debian/etlhausz/venv/lib/python3.9/site-packages/airflow/example_dags/example_time_delta_sensor_async.py
[2022-11-06T22:09:46.912-0300] {processor.py:756} INFO - Processing file /home/debian/etlhausz/venv/lib/python3.9/site-packages/airflow/example_dags/example_time_delta_sensor_async.py for tasks to queue
[2022-11-06T22:09:46.913-0300] {logging_mixin.py:120} INFO - [2022-11-06T22:09:46.913-0300] {dagbag.py:537} INFO - Filling up the DagBag from /home/debian/etlhausz/venv/lib/python3.9/site-packages/airflow/example_dags/example_time_delta_sensor_async.py
[2022-11-06T22:09:46.923-0300] {processor.py:766} INFO - DAG(s) dict_keys(['example_time_delta_sensor_async']) retrieved from /home/debian/etlhausz/venv/lib/python3.9/site-packages/airflow/example_dags/example_time_delta_sensor_async.py
[2022-11-06T22:09:47.077-0300] {logging_mixin.py:120} INFO - [2022-11-06T22:09:47.077-0300] {dag.py:2585} INFO - Sync 1 DAGs
[2022-11-06T22:09:47.100-0300] {logging_mixin.py:120} INFO - [2022-11-06T22:09:47.100-0300] {dag.py:3336} INFO - Setting next_dagrun for example_time_delta_sensor_async to None, run_after=None
[2022-11-06T22:09:47.120-0300] {processor.py:176} INFO - Processing /home/debian/etlhausz/venv/lib/python3.9/site-packages/airflow/example_dags/example_time_delta_sensor_async.py took 0.214 seconds
[2022-11-06T22:10:20.038-0300] {processor.py:154} INFO - Started process (PID=15705) to work on /home/debian/etlhausz/venv/lib/python3.9/site-packages/airflow/example_dags/example_time_delta_sensor_async.py
[2022-11-06T22:10:20.040-0300] {processor.py:756} INFO - Processing file /home/debian/etlhausz/venv/lib/python3.9/site-packages/airflow/example_dags/example_time_delta_sensor_async.py for tasks to queue
[2022-11-06T22:10:20.040-0300] {logging_mixin.py:120} INFO - [2022-11-06T22:10:20.040-0300] {dagbag.py:537} INFO - Filling up the DagBag from /home/debian/etlhausz/venv/lib/python3.9/site-packages/airflow/example_dags/example_time_delta_sensor_async.py
[2022-11-06T22:10:20.067-0300] {processor.py:766} INFO - DAG(s) dict_keys(['example_time_delta_sensor_async']) retrieved from /home/debian/etlhausz/venv/lib/python3.9/site-packages/airflow/example_dags/example_time_delta_sensor_async.py
[2022-11-06T22:10:20.279-0300] {logging_mixin.py:120} INFO - [2022-11-06T22:10:20.278-0300] {dag.py:2585} INFO - Sync 1 DAGs
[2022-11-06T22:10:20.345-0300] {logging_mixin.py:120} INFO - [2022-11-06T22:10:20.344-0300] {dag.py:3336} INFO - Setting next_dagrun for example_time_delta_sensor_async to None, run_after=None
[2022-11-06T22:10:20.392-0300] {processor.py:176} INFO - Processing /home/debian/etlhausz/venv/lib/python3.9/site-packages/airflow/example_dags/example_time_delta_sensor_async.py took 0.358 seconds
[2022-11-06T22:10:51.589-0300] {processor.py:154} INFO - Started process (PID=16333) to work on /home/debian/etlhausz/venv/lib/python3.9/site-packages/airflow/example_dags/example_time_delta_sensor_async.py
[2022-11-06T22:10:51.590-0300] {processor.py:756} INFO - Processing file /home/debian/etlhausz/venv/lib/python3.9/site-packages/airflow/example_dags/example_time_delta_sensor_async.py for tasks to queue
[2022-11-06T22:10:51.590-0300] {logging_mixin.py:120} INFO - [2022-11-06T22:10:51.590-0300] {dagbag.py:537} INFO - Filling up the DagBag from /home/debian/etlhausz/venv/lib/python3.9/site-packages/airflow/example_dags/example_time_delta_sensor_async.py
[2022-11-06T22:10:51.617-0300] {processor.py:766} INFO - DAG(s) dict_keys(['example_time_delta_sensor_async']) retrieved from /home/debian/etlhausz/venv/lib/python3.9/site-packages/airflow/example_dags/example_time_delta_sensor_async.py
[2022-11-06T22:10:51.820-0300] {logging_mixin.py:120} INFO - [2022-11-06T22:10:51.820-0300] {dag.py:2585} INFO - Sync 1 DAGs
[2022-11-06T22:10:51.847-0300] {logging_mixin.py:120} INFO - [2022-11-06T22:10:51.847-0300] {dag.py:3336} INFO - Setting next_dagrun for example_time_delta_sensor_async to None, run_after=None
[2022-11-06T22:10:52.102-0300] {processor.py:176} INFO - Processing /home/debian/etlhausz/venv/lib/python3.9/site-packages/airflow/example_dags/example_time_delta_sensor_async.py took 0.518 seconds
[2022-11-06T22:11:25.037-0300] {processor.py:154} INFO - Started process (PID=16918) to work on /home/debian/etlhausz/venv/lib/python3.9/site-packages/airflow/example_dags/example_time_delta_sensor_async.py
[2022-11-06T22:11:25.038-0300] {processor.py:756} INFO - Processing file /home/debian/etlhausz/venv/lib/python3.9/site-packages/airflow/example_dags/example_time_delta_sensor_async.py for tasks to queue
[2022-11-06T22:11:25.039-0300] {logging_mixin.py:120} INFO - [2022-11-06T22:11:25.039-0300] {dagbag.py:537} INFO - Filling up the DagBag from /home/debian/etlhausz/venv/lib/python3.9/site-packages/airflow/example_dags/example_time_delta_sensor_async.py
[2022-11-06T22:11:25.049-0300] {processor.py:766} INFO - DAG(s) dict_keys(['example_time_delta_sensor_async']) retrieved from /home/debian/etlhausz/venv/lib/python3.9/site-packages/airflow/example_dags/example_time_delta_sensor_async.py
[2022-11-06T22:11:25.181-0300] {logging_mixin.py:120} INFO - [2022-11-06T22:11:25.181-0300] {dag.py:2585} INFO - Sync 1 DAGs
[2022-11-06T22:11:25.323-0300] {logging_mixin.py:120} INFO - [2022-11-06T22:11:25.323-0300] {dag.py:3336} INFO - Setting next_dagrun for example_time_delta_sensor_async to None, run_after=None
[2022-11-06T22:11:25.349-0300] {processor.py:176} INFO - Processing /home/debian/etlhausz/venv/lib/python3.9/site-packages/airflow/example_dags/example_time_delta_sensor_async.py took 0.315 seconds
[2022-11-06T22:12:02.203-0300] {processor.py:154} INFO - Started process (PID=17482) to work on /home/debian/etlhausz/venv/lib/python3.9/site-packages/airflow/example_dags/example_time_delta_sensor_async.py
[2022-11-06T22:12:02.205-0300] {processor.py:756} INFO - Processing file /home/debian/etlhausz/venv/lib/python3.9/site-packages/airflow/example_dags/example_time_delta_sensor_async.py for tasks to queue
[2022-11-06T22:12:02.205-0300] {logging_mixin.py:120} INFO - [2022-11-06T22:12:02.205-0300] {dagbag.py:537} INFO - Filling up the DagBag from /home/debian/etlhausz/venv/lib/python3.9/site-packages/airflow/example_dags/example_time_delta_sensor_async.py
[2022-11-06T22:12:02.215-0300] {processor.py:766} INFO - DAG(s) dict_keys(['example_time_delta_sensor_async']) retrieved from /home/debian/etlhausz/venv/lib/python3.9/site-packages/airflow/example_dags/example_time_delta_sensor_async.py
[2022-11-06T22:12:02.472-0300] {logging_mixin.py:120} INFO - [2022-11-06T22:12:02.472-0300] {dag.py:2585} INFO - Sync 1 DAGs
[2022-11-06T22:12:02.490-0300] {logging_mixin.py:120} INFO - [2022-11-06T22:12:02.490-0300] {dag.py:3336} INFO - Setting next_dagrun for example_time_delta_sensor_async to None, run_after=None
[2022-11-06T22:12:02.509-0300] {processor.py:176} INFO - Processing /home/debian/etlhausz/venv/lib/python3.9/site-packages/airflow/example_dags/example_time_delta_sensor_async.py took 0.309 seconds
[2022-11-06T22:12:33.113-0300] {processor.py:154} INFO - Started process (PID=18086) to work on /home/debian/etlhausz/venv/lib/python3.9/site-packages/airflow/example_dags/example_time_delta_sensor_async.py
[2022-11-06T22:12:33.115-0300] {processor.py:756} INFO - Processing file /home/debian/etlhausz/venv/lib/python3.9/site-packages/airflow/example_dags/example_time_delta_sensor_async.py for tasks to queue
[2022-11-06T22:12:33.115-0300] {logging_mixin.py:120} INFO - [2022-11-06T22:12:33.115-0300] {dagbag.py:537} INFO - Filling up the DagBag from /home/debian/etlhausz/venv/lib/python3.9/site-packages/airflow/example_dags/example_time_delta_sensor_async.py
[2022-11-06T22:12:33.126-0300] {processor.py:766} INFO - DAG(s) dict_keys(['example_time_delta_sensor_async']) retrieved from /home/debian/etlhausz/venv/lib/python3.9/site-packages/airflow/example_dags/example_time_delta_sensor_async.py
[2022-11-06T22:12:33.310-0300] {logging_mixin.py:120} INFO - [2022-11-06T22:12:33.309-0300] {dag.py:2585} INFO - Sync 1 DAGs
[2022-11-06T22:12:33.328-0300] {logging_mixin.py:120} INFO - [2022-11-06T22:12:33.328-0300] {dag.py:3336} INFO - Setting next_dagrun for example_time_delta_sensor_async to None, run_after=None
[2022-11-06T22:12:33.363-0300] {processor.py:176} INFO - Processing /home/debian/etlhausz/venv/lib/python3.9/site-packages/airflow/example_dags/example_time_delta_sensor_async.py took 0.252 seconds
[2022-11-06T22:13:04.013-0300] {processor.py:154} INFO - Started process (PID=18732) to work on /home/debian/etlhausz/venv/lib/python3.9/site-packages/airflow/example_dags/example_time_delta_sensor_async.py
[2022-11-06T22:13:04.015-0300] {processor.py:756} INFO - Processing file /home/debian/etlhausz/venv/lib/python3.9/site-packages/airflow/example_dags/example_time_delta_sensor_async.py for tasks to queue
[2022-11-06T22:13:04.016-0300] {logging_mixin.py:120} INFO - [2022-11-06T22:13:04.016-0300] {dagbag.py:537} INFO - Filling up the DagBag from /home/debian/etlhausz/venv/lib/python3.9/site-packages/airflow/example_dags/example_time_delta_sensor_async.py
[2022-11-06T22:13:04.028-0300] {processor.py:766} INFO - DAG(s) dict_keys(['example_time_delta_sensor_async']) retrieved from /home/debian/etlhausz/venv/lib/python3.9/site-packages/airflow/example_dags/example_time_delta_sensor_async.py
[2022-11-06T22:13:04.328-0300] {logging_mixin.py:120} INFO - [2022-11-06T22:13:04.328-0300] {dag.py:2585} INFO - Sync 1 DAGs
[2022-11-06T22:13:04.351-0300] {logging_mixin.py:120} INFO - [2022-11-06T22:13:04.351-0300] {dag.py:3336} INFO - Setting next_dagrun for example_time_delta_sensor_async to None, run_after=None
[2022-11-06T22:13:04.369-0300] {processor.py:176} INFO - Processing /home/debian/etlhausz/venv/lib/python3.9/site-packages/airflow/example_dags/example_time_delta_sensor_async.py took 0.361 seconds
[2022-11-06T22:13:35.110-0300] {processor.py:154} INFO - Started process (PID=19333) to work on /home/debian/etlhausz/venv/lib/python3.9/site-packages/airflow/example_dags/example_time_delta_sensor_async.py
[2022-11-06T22:13:35.111-0300] {processor.py:756} INFO - Processing file /home/debian/etlhausz/venv/lib/python3.9/site-packages/airflow/example_dags/example_time_delta_sensor_async.py for tasks to queue
[2022-11-06T22:13:35.112-0300] {logging_mixin.py:120} INFO - [2022-11-06T22:13:35.112-0300] {dagbag.py:537} INFO - Filling up the DagBag from /home/debian/etlhausz/venv/lib/python3.9/site-packages/airflow/example_dags/example_time_delta_sensor_async.py
[2022-11-06T22:13:35.123-0300] {processor.py:766} INFO - DAG(s) dict_keys(['example_time_delta_sensor_async']) retrieved from /home/debian/etlhausz/venv/lib/python3.9/site-packages/airflow/example_dags/example_time_delta_sensor_async.py
[2022-11-06T22:13:35.219-0300] {logging_mixin.py:120} INFO - [2022-11-06T22:13:35.219-0300] {dag.py:2585} INFO - Sync 1 DAGs
[2022-11-06T22:13:35.323-0300] {logging_mixin.py:120} INFO - [2022-11-06T22:13:35.323-0300] {dag.py:3336} INFO - Setting next_dagrun for example_time_delta_sensor_async to None, run_after=None
[2022-11-06T22:13:35.342-0300] {processor.py:176} INFO - Processing /home/debian/etlhausz/venv/lib/python3.9/site-packages/airflow/example_dags/example_time_delta_sensor_async.py took 0.235 seconds
[2022-11-06T22:14:07.446-0300] {processor.py:154} INFO - Started process (PID=19923) to work on /home/debian/etlhausz/venv/lib/python3.9/site-packages/airflow/example_dags/example_time_delta_sensor_async.py
[2022-11-06T22:14:07.449-0300] {processor.py:756} INFO - Processing file /home/debian/etlhausz/venv/lib/python3.9/site-packages/airflow/example_dags/example_time_delta_sensor_async.py for tasks to queue
[2022-11-06T22:14:07.451-0300] {logging_mixin.py:120} INFO - [2022-11-06T22:14:07.450-0300] {dagbag.py:537} INFO - Filling up the DagBag from /home/debian/etlhausz/venv/lib/python3.9/site-packages/airflow/example_dags/example_time_delta_sensor_async.py
[2022-11-06T22:14:07.464-0300] {processor.py:766} INFO - DAG(s) dict_keys(['example_time_delta_sensor_async']) retrieved from /home/debian/etlhausz/venv/lib/python3.9/site-packages/airflow/example_dags/example_time_delta_sensor_async.py
[2022-11-06T22:14:07.724-0300] {logging_mixin.py:120} INFO - [2022-11-06T22:14:07.724-0300] {dag.py:2585} INFO - Sync 1 DAGs
[2022-11-06T22:14:07.744-0300] {logging_mixin.py:120} INFO - [2022-11-06T22:14:07.744-0300] {dag.py:3336} INFO - Setting next_dagrun for example_time_delta_sensor_async to None, run_after=None
[2022-11-06T22:14:07.766-0300] {processor.py:176} INFO - Processing /home/debian/etlhausz/venv/lib/python3.9/site-packages/airflow/example_dags/example_time_delta_sensor_async.py took 0.323 seconds
[2022-11-06T22:14:40.303-0300] {processor.py:154} INFO - Started process (PID=20552) to work on /home/debian/etlhausz/venv/lib/python3.9/site-packages/airflow/example_dags/example_time_delta_sensor_async.py
[2022-11-06T22:14:40.306-0300] {processor.py:756} INFO - Processing file /home/debian/etlhausz/venv/lib/python3.9/site-packages/airflow/example_dags/example_time_delta_sensor_async.py for tasks to queue
[2022-11-06T22:14:40.307-0300] {logging_mixin.py:120} INFO - [2022-11-06T22:14:40.307-0300] {dagbag.py:537} INFO - Filling up the DagBag from /home/debian/etlhausz/venv/lib/python3.9/site-packages/airflow/example_dags/example_time_delta_sensor_async.py
[2022-11-06T22:14:40.318-0300] {processor.py:766} INFO - DAG(s) dict_keys(['example_time_delta_sensor_async']) retrieved from /home/debian/etlhausz/venv/lib/python3.9/site-packages/airflow/example_dags/example_time_delta_sensor_async.py
[2022-11-06T22:14:40.559-0300] {logging_mixin.py:120} INFO - [2022-11-06T22:14:40.559-0300] {dag.py:2585} INFO - Sync 1 DAGs
[2022-11-06T22:14:40.575-0300] {logging_mixin.py:120} INFO - [2022-11-06T22:14:40.575-0300] {dag.py:3336} INFO - Setting next_dagrun for example_time_delta_sensor_async to None, run_after=None
[2022-11-06T22:14:40.596-0300] {processor.py:176} INFO - Processing /home/debian/etlhausz/venv/lib/python3.9/site-packages/airflow/example_dags/example_time_delta_sensor_async.py took 0.296 seconds
[2022-11-06T22:15:11.131-0300] {processor.py:154} INFO - Started process (PID=21136) to work on /home/debian/etlhausz/venv/lib/python3.9/site-packages/airflow/example_dags/example_time_delta_sensor_async.py
[2022-11-06T22:15:11.132-0300] {processor.py:756} INFO - Processing file /home/debian/etlhausz/venv/lib/python3.9/site-packages/airflow/example_dags/example_time_delta_sensor_async.py for tasks to queue
[2022-11-06T22:15:11.133-0300] {logging_mixin.py:120} INFO - [2022-11-06T22:15:11.133-0300] {dagbag.py:537} INFO - Filling up the DagBag from /home/debian/etlhausz/venv/lib/python3.9/site-packages/airflow/example_dags/example_time_delta_sensor_async.py
[2022-11-06T22:15:11.151-0300] {processor.py:766} INFO - DAG(s) dict_keys(['example_time_delta_sensor_async']) retrieved from /home/debian/etlhausz/venv/lib/python3.9/site-packages/airflow/example_dags/example_time_delta_sensor_async.py
[2022-11-06T22:15:11.349-0300] {logging_mixin.py:120} INFO - [2022-11-06T22:15:11.349-0300] {dag.py:2585} INFO - Sync 1 DAGs
[2022-11-06T22:15:11.371-0300] {logging_mixin.py:120} INFO - [2022-11-06T22:15:11.371-0300] {dag.py:3336} INFO - Setting next_dagrun for example_time_delta_sensor_async to None, run_after=None
[2022-11-06T22:15:11.392-0300] {processor.py:176} INFO - Processing /home/debian/etlhausz/venv/lib/python3.9/site-packages/airflow/example_dags/example_time_delta_sensor_async.py took 0.266 seconds
[2022-11-06T22:15:44.173-0300] {processor.py:154} INFO - Started process (PID=21804) to work on /home/debian/etlhausz/venv/lib/python3.9/site-packages/airflow/example_dags/example_time_delta_sensor_async.py
[2022-11-06T22:15:44.175-0300] {processor.py:756} INFO - Processing file /home/debian/etlhausz/venv/lib/python3.9/site-packages/airflow/example_dags/example_time_delta_sensor_async.py for tasks to queue
[2022-11-06T22:15:44.176-0300] {logging_mixin.py:120} INFO - [2022-11-06T22:15:44.176-0300] {dagbag.py:537} INFO - Filling up the DagBag from /home/debian/etlhausz/venv/lib/python3.9/site-packages/airflow/example_dags/example_time_delta_sensor_async.py
[2022-11-06T22:15:44.191-0300] {processor.py:766} INFO - DAG(s) dict_keys(['example_time_delta_sensor_async']) retrieved from /home/debian/etlhausz/venv/lib/python3.9/site-packages/airflow/example_dags/example_time_delta_sensor_async.py
[2022-11-06T22:15:44.459-0300] {logging_mixin.py:120} INFO - [2022-11-06T22:15:44.459-0300] {dag.py:2585} INFO - Sync 1 DAGs
[2022-11-06T22:15:44.489-0300] {logging_mixin.py:120} INFO - [2022-11-06T22:15:44.488-0300] {dag.py:3336} INFO - Setting next_dagrun for example_time_delta_sensor_async to None, run_after=None
[2022-11-06T22:15:44.529-0300] {processor.py:176} INFO - Processing /home/debian/etlhausz/venv/lib/python3.9/site-packages/airflow/example_dags/example_time_delta_sensor_async.py took 0.367 seconds
[2022-11-06T22:16:16.351-0300] {processor.py:154} INFO - Started process (PID=22427) to work on /home/debian/etlhausz/venv/lib/python3.9/site-packages/airflow/example_dags/example_time_delta_sensor_async.py
[2022-11-06T22:16:16.354-0300] {processor.py:756} INFO - Processing file /home/debian/etlhausz/venv/lib/python3.9/site-packages/airflow/example_dags/example_time_delta_sensor_async.py for tasks to queue
[2022-11-06T22:16:16.358-0300] {logging_mixin.py:120} INFO - [2022-11-06T22:16:16.358-0300] {dagbag.py:537} INFO - Filling up the DagBag from /home/debian/etlhausz/venv/lib/python3.9/site-packages/airflow/example_dags/example_time_delta_sensor_async.py
[2022-11-06T22:16:16.370-0300] {processor.py:766} INFO - DAG(s) dict_keys(['example_time_delta_sensor_async']) retrieved from /home/debian/etlhausz/venv/lib/python3.9/site-packages/airflow/example_dags/example_time_delta_sensor_async.py
[2022-11-06T22:16:16.561-0300] {logging_mixin.py:120} INFO - [2022-11-06T22:16:16.561-0300] {dag.py:2585} INFO - Sync 1 DAGs
[2022-11-06T22:16:16.582-0300] {logging_mixin.py:120} INFO - [2022-11-06T22:16:16.581-0300] {dag.py:3336} INFO - Setting next_dagrun for example_time_delta_sensor_async to None, run_after=None
[2022-11-06T22:16:16.611-0300] {processor.py:176} INFO - Processing /home/debian/etlhausz/venv/lib/python3.9/site-packages/airflow/example_dags/example_time_delta_sensor_async.py took 0.277 seconds
[2022-11-06T22:16:49.791-0300] {processor.py:154} INFO - Started process (PID=23052) to work on /home/debian/etlhausz/venv/lib/python3.9/site-packages/airflow/example_dags/example_time_delta_sensor_async.py
[2022-11-06T22:16:49.792-0300] {processor.py:756} INFO - Processing file /home/debian/etlhausz/venv/lib/python3.9/site-packages/airflow/example_dags/example_time_delta_sensor_async.py for tasks to queue
[2022-11-06T22:16:49.793-0300] {logging_mixin.py:120} INFO - [2022-11-06T22:16:49.793-0300] {dagbag.py:537} INFO - Filling up the DagBag from /home/debian/etlhausz/venv/lib/python3.9/site-packages/airflow/example_dags/example_time_delta_sensor_async.py
[2022-11-06T22:16:49.805-0300] {processor.py:766} INFO - DAG(s) dict_keys(['example_time_delta_sensor_async']) retrieved from /home/debian/etlhausz/venv/lib/python3.9/site-packages/airflow/example_dags/example_time_delta_sensor_async.py
[2022-11-06T22:16:50.006-0300] {logging_mixin.py:120} INFO - [2022-11-06T22:16:50.006-0300] {dag.py:2585} INFO - Sync 1 DAGs
[2022-11-06T22:16:50.027-0300] {logging_mixin.py:120} INFO - [2022-11-06T22:16:50.027-0300] {dag.py:3336} INFO - Setting next_dagrun for example_time_delta_sensor_async to None, run_after=None
[2022-11-06T22:16:50.053-0300] {processor.py:176} INFO - Processing /home/debian/etlhausz/venv/lib/python3.9/site-packages/airflow/example_dags/example_time_delta_sensor_async.py took 0.266 seconds
[2022-11-06T22:17:21.389-0300] {processor.py:154} INFO - Started process (PID=23673) to work on /home/debian/etlhausz/venv/lib/python3.9/site-packages/airflow/example_dags/example_time_delta_sensor_async.py
[2022-11-06T22:17:21.394-0300] {processor.py:756} INFO - Processing file /home/debian/etlhausz/venv/lib/python3.9/site-packages/airflow/example_dags/example_time_delta_sensor_async.py for tasks to queue
[2022-11-06T22:17:21.395-0300] {logging_mixin.py:120} INFO - [2022-11-06T22:17:21.395-0300] {dagbag.py:537} INFO - Filling up the DagBag from /home/debian/etlhausz/venv/lib/python3.9/site-packages/airflow/example_dags/example_time_delta_sensor_async.py
[2022-11-06T22:17:21.531-0300] {processor.py:766} INFO - DAG(s) dict_keys(['example_time_delta_sensor_async']) retrieved from /home/debian/etlhausz/venv/lib/python3.9/site-packages/airflow/example_dags/example_time_delta_sensor_async.py
[2022-11-06T22:17:21.656-0300] {logging_mixin.py:120} INFO - [2022-11-06T22:17:21.655-0300] {dag.py:2585} INFO - Sync 1 DAGs
[2022-11-06T22:17:21.686-0300] {logging_mixin.py:120} INFO - [2022-11-06T22:17:21.686-0300] {dag.py:3336} INFO - Setting next_dagrun for example_time_delta_sensor_async to None, run_after=None
[2022-11-06T22:17:21.709-0300] {processor.py:176} INFO - Processing /home/debian/etlhausz/venv/lib/python3.9/site-packages/airflow/example_dags/example_time_delta_sensor_async.py took 0.330 seconds
[2022-11-06T22:17:52.703-0300] {processor.py:154} INFO - Started process (PID=24314) to work on /home/debian/etlhausz/venv/lib/python3.9/site-packages/airflow/example_dags/example_time_delta_sensor_async.py
[2022-11-06T22:17:52.705-0300] {processor.py:756} INFO - Processing file /home/debian/etlhausz/venv/lib/python3.9/site-packages/airflow/example_dags/example_time_delta_sensor_async.py for tasks to queue
[2022-11-06T22:17:52.705-0300] {logging_mixin.py:120} INFO - [2022-11-06T22:17:52.705-0300] {dagbag.py:537} INFO - Filling up the DagBag from /home/debian/etlhausz/venv/lib/python3.9/site-packages/airflow/example_dags/example_time_delta_sensor_async.py
[2022-11-06T22:17:52.725-0300] {processor.py:766} INFO - DAG(s) dict_keys(['example_time_delta_sensor_async']) retrieved from /home/debian/etlhausz/venv/lib/python3.9/site-packages/airflow/example_dags/example_time_delta_sensor_async.py
[2022-11-06T22:17:52.944-0300] {logging_mixin.py:120} INFO - [2022-11-06T22:17:52.944-0300] {dag.py:2585} INFO - Sync 1 DAGs
[2022-11-06T22:17:52.964-0300] {logging_mixin.py:120} INFO - [2022-11-06T22:17:52.964-0300] {dag.py:3336} INFO - Setting next_dagrun for example_time_delta_sensor_async to None, run_after=None
[2022-11-06T22:17:52.987-0300] {processor.py:176} INFO - Processing /home/debian/etlhausz/venv/lib/python3.9/site-packages/airflow/example_dags/example_time_delta_sensor_async.py took 0.287 seconds
[2022-11-06T22:18:23.829-0300] {processor.py:154} INFO - Started process (PID=24960) to work on /home/debian/etlhausz/venv/lib/python3.9/site-packages/airflow/example_dags/example_time_delta_sensor_async.py
[2022-11-06T22:18:23.831-0300] {processor.py:756} INFO - Processing file /home/debian/etlhausz/venv/lib/python3.9/site-packages/airflow/example_dags/example_time_delta_sensor_async.py for tasks to queue
[2022-11-06T22:18:23.831-0300] {logging_mixin.py:120} INFO - [2022-11-06T22:18:23.831-0300] {dagbag.py:537} INFO - Filling up the DagBag from /home/debian/etlhausz/venv/lib/python3.9/site-packages/airflow/example_dags/example_time_delta_sensor_async.py
[2022-11-06T22:18:23.842-0300] {processor.py:766} INFO - DAG(s) dict_keys(['example_time_delta_sensor_async']) retrieved from /home/debian/etlhausz/venv/lib/python3.9/site-packages/airflow/example_dags/example_time_delta_sensor_async.py
[2022-11-06T22:18:24.039-0300] {logging_mixin.py:120} INFO - [2022-11-06T22:18:24.039-0300] {dag.py:2585} INFO - Sync 1 DAGs
[2022-11-06T22:18:24.063-0300] {logging_mixin.py:120} INFO - [2022-11-06T22:18:24.063-0300] {dag.py:3336} INFO - Setting next_dagrun for example_time_delta_sensor_async to None, run_after=None
[2022-11-06T22:18:24.079-0300] {processor.py:176} INFO - Processing /home/debian/etlhausz/venv/lib/python3.9/site-packages/airflow/example_dags/example_time_delta_sensor_async.py took 0.253 seconds
[2022-11-06T22:19:21.819-0300] {processor.py:154} INFO - Started process (PID=26351) to work on /home/debian/etlhausz/venv/lib/python3.9/site-packages/airflow/example_dags/example_time_delta_sensor_async.py
[2022-11-06T22:19:21.831-0300] {processor.py:756} INFO - Processing file /home/debian/etlhausz/venv/lib/python3.9/site-packages/airflow/example_dags/example_time_delta_sensor_async.py for tasks to queue
[2022-11-06T22:19:21.832-0300] {logging_mixin.py:120} INFO - [2022-11-06T22:19:21.831-0300] {dagbag.py:537} INFO - Filling up the DagBag from /home/debian/etlhausz/venv/lib/python3.9/site-packages/airflow/example_dags/example_time_delta_sensor_async.py
[2022-11-06T22:19:22.024-0300] {processor.py:766} INFO - DAG(s) dict_keys(['example_time_delta_sensor_async']) retrieved from /home/debian/etlhausz/venv/lib/python3.9/site-packages/airflow/example_dags/example_time_delta_sensor_async.py
[2022-11-06T22:19:22.438-0300] {logging_mixin.py:120} INFO - [2022-11-06T22:19:22.438-0300] {dag.py:2585} INFO - Sync 1 DAGs
[2022-11-06T22:19:22.486-0300] {logging_mixin.py:120} INFO - [2022-11-06T22:19:22.486-0300] {dag.py:3336} INFO - Setting next_dagrun for example_time_delta_sensor_async to None, run_after=None
[2022-11-06T22:19:22.534-0300] {processor.py:176} INFO - Processing /home/debian/etlhausz/venv/lib/python3.9/site-packages/airflow/example_dags/example_time_delta_sensor_async.py took 0.721 seconds
[2022-11-06T22:19:53.304-0300] {processor.py:154} INFO - Started process (PID=26936) to work on /home/debian/etlhausz/venv/lib/python3.9/site-packages/airflow/example_dags/example_time_delta_sensor_async.py
[2022-11-06T22:19:53.305-0300] {processor.py:756} INFO - Processing file /home/debian/etlhausz/venv/lib/python3.9/site-packages/airflow/example_dags/example_time_delta_sensor_async.py for tasks to queue
[2022-11-06T22:19:53.307-0300] {logging_mixin.py:120} INFO - [2022-11-06T22:19:53.306-0300] {dagbag.py:537} INFO - Filling up the DagBag from /home/debian/etlhausz/venv/lib/python3.9/site-packages/airflow/example_dags/example_time_delta_sensor_async.py
[2022-11-06T22:19:53.328-0300] {processor.py:766} INFO - DAG(s) dict_keys(['example_time_delta_sensor_async']) retrieved from /home/debian/etlhausz/venv/lib/python3.9/site-packages/airflow/example_dags/example_time_delta_sensor_async.py
[2022-11-06T22:19:53.568-0300] {logging_mixin.py:120} INFO - [2022-11-06T22:19:53.568-0300] {dag.py:2585} INFO - Sync 1 DAGs
[2022-11-06T22:19:53.602-0300] {logging_mixin.py:120} INFO - [2022-11-06T22:19:53.601-0300] {dag.py:3336} INFO - Setting next_dagrun for example_time_delta_sensor_async to None, run_after=None
[2022-11-06T22:19:53.669-0300] {processor.py:176} INFO - Processing /home/debian/etlhausz/venv/lib/python3.9/site-packages/airflow/example_dags/example_time_delta_sensor_async.py took 0.370 seconds
[2022-11-06T22:20:23.763-0300] {processor.py:154} INFO - Started process (PID=27707) to work on /home/debian/etlhausz/venv/lib/python3.9/site-packages/airflow/example_dags/example_time_delta_sensor_async.py
[2022-11-06T22:20:23.766-0300] {processor.py:756} INFO - Processing file /home/debian/etlhausz/venv/lib/python3.9/site-packages/airflow/example_dags/example_time_delta_sensor_async.py for tasks to queue
[2022-11-06T22:20:23.767-0300] {logging_mixin.py:120} INFO - [2022-11-06T22:20:23.766-0300] {dagbag.py:537} INFO - Filling up the DagBag from /home/debian/etlhausz/venv/lib/python3.9/site-packages/airflow/example_dags/example_time_delta_sensor_async.py
[2022-11-06T22:20:23.779-0300] {processor.py:766} INFO - DAG(s) dict_keys(['example_time_delta_sensor_async']) retrieved from /home/debian/etlhausz/venv/lib/python3.9/site-packages/airflow/example_dags/example_time_delta_sensor_async.py
[2022-11-06T22:20:23.878-0300] {logging_mixin.py:120} INFO - [2022-11-06T22:20:23.878-0300] {dag.py:2585} INFO - Sync 1 DAGs
[2022-11-06T22:20:23.897-0300] {logging_mixin.py:120} INFO - [2022-11-06T22:20:23.897-0300] {dag.py:3336} INFO - Setting next_dagrun for example_time_delta_sensor_async to None, run_after=None
[2022-11-06T22:20:23.918-0300] {processor.py:176} INFO - Processing /home/debian/etlhausz/venv/lib/python3.9/site-packages/airflow/example_dags/example_time_delta_sensor_async.py took 0.159 seconds
[2022-11-06T22:20:56.376-0300] {processor.py:154} INFO - Started process (PID=28391) to work on /home/debian/etlhausz/venv/lib/python3.9/site-packages/airflow/example_dags/example_time_delta_sensor_async.py
[2022-11-06T22:20:56.379-0300] {processor.py:756} INFO - Processing file /home/debian/etlhausz/venv/lib/python3.9/site-packages/airflow/example_dags/example_time_delta_sensor_async.py for tasks to queue
[2022-11-06T22:20:56.380-0300] {logging_mixin.py:120} INFO - [2022-11-06T22:20:56.380-0300] {dagbag.py:537} INFO - Filling up the DagBag from /home/debian/etlhausz/venv/lib/python3.9/site-packages/airflow/example_dags/example_time_delta_sensor_async.py
[2022-11-06T22:20:56.412-0300] {processor.py:766} INFO - DAG(s) dict_keys(['example_time_delta_sensor_async']) retrieved from /home/debian/etlhausz/venv/lib/python3.9/site-packages/airflow/example_dags/example_time_delta_sensor_async.py
[2022-11-06T22:20:56.549-0300] {logging_mixin.py:120} INFO - [2022-11-06T22:20:56.549-0300] {dag.py:2585} INFO - Sync 1 DAGs
[2022-11-06T22:20:56.571-0300] {logging_mixin.py:120} INFO - [2022-11-06T22:20:56.571-0300] {dag.py:3336} INFO - Setting next_dagrun for example_time_delta_sensor_async to None, run_after=None
[2022-11-06T22:20:56.594-0300] {processor.py:176} INFO - Processing /home/debian/etlhausz/venv/lib/python3.9/site-packages/airflow/example_dags/example_time_delta_sensor_async.py took 0.239 seconds
[2022-11-06T22:21:30.299-0300] {processor.py:154} INFO - Started process (PID=29017) to work on /home/debian/etlhausz/venv/lib/python3.9/site-packages/airflow/example_dags/example_time_delta_sensor_async.py
[2022-11-06T22:21:30.302-0300] {processor.py:756} INFO - Processing file /home/debian/etlhausz/venv/lib/python3.9/site-packages/airflow/example_dags/example_time_delta_sensor_async.py for tasks to queue
[2022-11-06T22:21:30.304-0300] {logging_mixin.py:120} INFO - [2022-11-06T22:21:30.304-0300] {dagbag.py:537} INFO - Filling up the DagBag from /home/debian/etlhausz/venv/lib/python3.9/site-packages/airflow/example_dags/example_time_delta_sensor_async.py
[2022-11-06T22:21:30.381-0300] {processor.py:766} INFO - DAG(s) dict_keys(['example_time_delta_sensor_async']) retrieved from /home/debian/etlhausz/venv/lib/python3.9/site-packages/airflow/example_dags/example_time_delta_sensor_async.py
[2022-11-06T22:21:31.138-0300] {logging_mixin.py:120} INFO - [2022-11-06T22:21:31.137-0300] {dag.py:2585} INFO - Sync 1 DAGs
[2022-11-06T22:21:31.191-0300] {logging_mixin.py:120} INFO - [2022-11-06T22:21:31.191-0300] {dag.py:3336} INFO - Setting next_dagrun for example_time_delta_sensor_async to None, run_after=None
[2022-11-06T22:21:31.221-0300] {processor.py:176} INFO - Processing /home/debian/etlhausz/venv/lib/python3.9/site-packages/airflow/example_dags/example_time_delta_sensor_async.py took 0.924 seconds
[2022-11-06T22:22:03.028-0300] {processor.py:154} INFO - Started process (PID=29562) to work on /home/debian/etlhausz/venv/lib/python3.9/site-packages/airflow/example_dags/example_time_delta_sensor_async.py
[2022-11-06T22:22:03.029-0300] {processor.py:756} INFO - Processing file /home/debian/etlhausz/venv/lib/python3.9/site-packages/airflow/example_dags/example_time_delta_sensor_async.py for tasks to queue
[2022-11-06T22:22:03.032-0300] {logging_mixin.py:120} INFO - [2022-11-06T22:22:03.032-0300] {dagbag.py:537} INFO - Filling up the DagBag from /home/debian/etlhausz/venv/lib/python3.9/site-packages/airflow/example_dags/example_time_delta_sensor_async.py
[2022-11-06T22:22:03.051-0300] {processor.py:766} INFO - DAG(s) dict_keys(['example_time_delta_sensor_async']) retrieved from /home/debian/etlhausz/venv/lib/python3.9/site-packages/airflow/example_dags/example_time_delta_sensor_async.py
[2022-11-06T22:22:03.164-0300] {logging_mixin.py:120} INFO - [2022-11-06T22:22:03.164-0300] {dag.py:2585} INFO - Sync 1 DAGs
[2022-11-06T22:22:03.189-0300] {logging_mixin.py:120} INFO - [2022-11-06T22:22:03.188-0300] {dag.py:3336} INFO - Setting next_dagrun for example_time_delta_sensor_async to None, run_after=None
[2022-11-06T22:22:03.245-0300] {processor.py:176} INFO - Processing /home/debian/etlhausz/venv/lib/python3.9/site-packages/airflow/example_dags/example_time_delta_sensor_async.py took 0.220 seconds
[2022-11-06T22:22:33.560-0300] {processor.py:154} INFO - Started process (PID=30212) to work on /home/debian/etlhausz/venv/lib/python3.9/site-packages/airflow/example_dags/example_time_delta_sensor_async.py
[2022-11-06T22:22:33.562-0300] {processor.py:756} INFO - Processing file /home/debian/etlhausz/venv/lib/python3.9/site-packages/airflow/example_dags/example_time_delta_sensor_async.py for tasks to queue
[2022-11-06T22:22:33.564-0300] {logging_mixin.py:120} INFO - [2022-11-06T22:22:33.563-0300] {dagbag.py:537} INFO - Filling up the DagBag from /home/debian/etlhausz/venv/lib/python3.9/site-packages/airflow/example_dags/example_time_delta_sensor_async.py
[2022-11-06T22:22:33.575-0300] {processor.py:766} INFO - DAG(s) dict_keys(['example_time_delta_sensor_async']) retrieved from /home/debian/etlhausz/venv/lib/python3.9/site-packages/airflow/example_dags/example_time_delta_sensor_async.py
[2022-11-06T22:22:33.694-0300] {logging_mixin.py:120} INFO - [2022-11-06T22:22:33.694-0300] {dag.py:2585} INFO - Sync 1 DAGs
[2022-11-06T22:22:33.726-0300] {logging_mixin.py:120} INFO - [2022-11-06T22:22:33.723-0300] {dag.py:3336} INFO - Setting next_dagrun for example_time_delta_sensor_async to None, run_after=None
[2022-11-06T22:22:33.780-0300] {processor.py:176} INFO - Processing /home/debian/etlhausz/venv/lib/python3.9/site-packages/airflow/example_dags/example_time_delta_sensor_async.py took 0.224 seconds
[2022-11-06T22:23:11.555-0300] {processor.py:154} INFO - Started process (PID=31035) to work on /home/debian/etlhausz/venv/lib/python3.9/site-packages/airflow/example_dags/example_time_delta_sensor_async.py
[2022-11-06T22:23:11.559-0300] {processor.py:756} INFO - Processing file /home/debian/etlhausz/venv/lib/python3.9/site-packages/airflow/example_dags/example_time_delta_sensor_async.py for tasks to queue
[2022-11-06T22:23:11.560-0300] {logging_mixin.py:120} INFO - [2022-11-06T22:23:11.560-0300] {dagbag.py:537} INFO - Filling up the DagBag from /home/debian/etlhausz/venv/lib/python3.9/site-packages/airflow/example_dags/example_time_delta_sensor_async.py
[2022-11-06T22:23:11.585-0300] {processor.py:766} INFO - DAG(s) dict_keys(['example_time_delta_sensor_async']) retrieved from /home/debian/etlhausz/venv/lib/python3.9/site-packages/airflow/example_dags/example_time_delta_sensor_async.py
[2022-11-06T22:23:11.760-0300] {logging_mixin.py:120} INFO - [2022-11-06T22:23:11.760-0300] {dag.py:2585} INFO - Sync 1 DAGs
[2022-11-06T22:23:11.791-0300] {logging_mixin.py:120} INFO - [2022-11-06T22:23:11.790-0300] {dag.py:3336} INFO - Setting next_dagrun for example_time_delta_sensor_async to None, run_after=None
[2022-11-06T22:23:11.891-0300] {processor.py:176} INFO - Processing /home/debian/etlhausz/venv/lib/python3.9/site-packages/airflow/example_dags/example_time_delta_sensor_async.py took 0.340 seconds
[2022-11-06T22:23:42.698-0300] {processor.py:154} INFO - Started process (PID=31577) to work on /home/debian/etlhausz/venv/lib/python3.9/site-packages/airflow/example_dags/example_time_delta_sensor_async.py
[2022-11-06T22:23:42.699-0300] {processor.py:756} INFO - Processing file /home/debian/etlhausz/venv/lib/python3.9/site-packages/airflow/example_dags/example_time_delta_sensor_async.py for tasks to queue
[2022-11-06T22:23:42.699-0300] {logging_mixin.py:120} INFO - [2022-11-06T22:23:42.699-0300] {dagbag.py:537} INFO - Filling up the DagBag from /home/debian/etlhausz/venv/lib/python3.9/site-packages/airflow/example_dags/example_time_delta_sensor_async.py
[2022-11-06T22:23:42.710-0300] {processor.py:766} INFO - DAG(s) dict_keys(['example_time_delta_sensor_async']) retrieved from /home/debian/etlhausz/venv/lib/python3.9/site-packages/airflow/example_dags/example_time_delta_sensor_async.py
[2022-11-06T22:23:42.798-0300] {logging_mixin.py:120} INFO - [2022-11-06T22:23:42.798-0300] {dag.py:2585} INFO - Sync 1 DAGs
[2022-11-06T22:23:42.818-0300] {logging_mixin.py:120} INFO - [2022-11-06T22:23:42.817-0300] {dag.py:3336} INFO - Setting next_dagrun for example_time_delta_sensor_async to None, run_after=None
[2022-11-06T22:23:42.836-0300] {processor.py:176} INFO - Processing /home/debian/etlhausz/venv/lib/python3.9/site-packages/airflow/example_dags/example_time_delta_sensor_async.py took 0.141 seconds
[2022-11-06T22:24:14.682-0300] {processor.py:154} INFO - Started process (PID=32237) to work on /home/debian/etlhausz/venv/lib/python3.9/site-packages/airflow/example_dags/example_time_delta_sensor_async.py
[2022-11-06T22:24:14.683-0300] {processor.py:756} INFO - Processing file /home/debian/etlhausz/venv/lib/python3.9/site-packages/airflow/example_dags/example_time_delta_sensor_async.py for tasks to queue
[2022-11-06T22:24:14.684-0300] {logging_mixin.py:120} INFO - [2022-11-06T22:24:14.684-0300] {dagbag.py:537} INFO - Filling up the DagBag from /home/debian/etlhausz/venv/lib/python3.9/site-packages/airflow/example_dags/example_time_delta_sensor_async.py
[2022-11-06T22:24:14.695-0300] {processor.py:766} INFO - DAG(s) dict_keys(['example_time_delta_sensor_async']) retrieved from /home/debian/etlhausz/venv/lib/python3.9/site-packages/airflow/example_dags/example_time_delta_sensor_async.py
[2022-11-06T22:24:14.813-0300] {logging_mixin.py:120} INFO - [2022-11-06T22:24:14.813-0300] {dag.py:2585} INFO - Sync 1 DAGs
[2022-11-06T22:24:14.849-0300] {logging_mixin.py:120} INFO - [2022-11-06T22:24:14.849-0300] {dag.py:3336} INFO - Setting next_dagrun for example_time_delta_sensor_async to None, run_after=None
[2022-11-06T22:24:14.899-0300] {processor.py:176} INFO - Processing /home/debian/etlhausz/venv/lib/python3.9/site-packages/airflow/example_dags/example_time_delta_sensor_async.py took 0.221 seconds
[2022-11-06T22:24:45.165-0300] {processor.py:154} INFO - Started process (PID=32842) to work on /home/debian/etlhausz/venv/lib/python3.9/site-packages/airflow/example_dags/example_time_delta_sensor_async.py
[2022-11-06T22:24:45.166-0300] {processor.py:756} INFO - Processing file /home/debian/etlhausz/venv/lib/python3.9/site-packages/airflow/example_dags/example_time_delta_sensor_async.py for tasks to queue
[2022-11-06T22:24:45.167-0300] {logging_mixin.py:120} INFO - [2022-11-06T22:24:45.166-0300] {dagbag.py:537} INFO - Filling up the DagBag from /home/debian/etlhausz/venv/lib/python3.9/site-packages/airflow/example_dags/example_time_delta_sensor_async.py
[2022-11-06T22:24:45.181-0300] {processor.py:766} INFO - DAG(s) dict_keys(['example_time_delta_sensor_async']) retrieved from /home/debian/etlhausz/venv/lib/python3.9/site-packages/airflow/example_dags/example_time_delta_sensor_async.py
[2022-11-06T22:24:45.298-0300] {logging_mixin.py:120} INFO - [2022-11-06T22:24:45.298-0300] {dag.py:2585} INFO - Sync 1 DAGs
[2022-11-06T22:24:45.324-0300] {logging_mixin.py:120} INFO - [2022-11-06T22:24:45.324-0300] {dag.py:3336} INFO - Setting next_dagrun for example_time_delta_sensor_async to None, run_after=None
[2022-11-06T22:24:45.404-0300] {processor.py:176} INFO - Processing /home/debian/etlhausz/venv/lib/python3.9/site-packages/airflow/example_dags/example_time_delta_sensor_async.py took 0.242 seconds
[2022-11-06T22:25:17.607-0300] {processor.py:154} INFO - Started process (PID=33516) to work on /home/debian/etlhausz/venv/lib/python3.9/site-packages/airflow/example_dags/example_time_delta_sensor_async.py
[2022-11-06T22:25:17.608-0300] {processor.py:756} INFO - Processing file /home/debian/etlhausz/venv/lib/python3.9/site-packages/airflow/example_dags/example_time_delta_sensor_async.py for tasks to queue
[2022-11-06T22:25:17.609-0300] {logging_mixin.py:120} INFO - [2022-11-06T22:25:17.609-0300] {dagbag.py:537} INFO - Filling up the DagBag from /home/debian/etlhausz/venv/lib/python3.9/site-packages/airflow/example_dags/example_time_delta_sensor_async.py
[2022-11-06T22:25:17.624-0300] {processor.py:766} INFO - DAG(s) dict_keys(['example_time_delta_sensor_async']) retrieved from /home/debian/etlhausz/venv/lib/python3.9/site-packages/airflow/example_dags/example_time_delta_sensor_async.py
[2022-11-06T22:25:17.732-0300] {logging_mixin.py:120} INFO - [2022-11-06T22:25:17.732-0300] {dag.py:2585} INFO - Sync 1 DAGs
[2022-11-06T22:25:17.756-0300] {logging_mixin.py:120} INFO - [2022-11-06T22:25:17.756-0300] {dag.py:3336} INFO - Setting next_dagrun for example_time_delta_sensor_async to None, run_after=None
[2022-11-06T22:25:17.903-0300] {processor.py:176} INFO - Processing /home/debian/etlhausz/venv/lib/python3.9/site-packages/airflow/example_dags/example_time_delta_sensor_async.py took 0.300 seconds
[2022-11-06T22:25:48.609-0300] {processor.py:154} INFO - Started process (PID=34063) to work on /home/debian/etlhausz/venv/lib/python3.9/site-packages/airflow/example_dags/example_time_delta_sensor_async.py
[2022-11-06T22:25:48.611-0300] {processor.py:756} INFO - Processing file /home/debian/etlhausz/venv/lib/python3.9/site-packages/airflow/example_dags/example_time_delta_sensor_async.py for tasks to queue
[2022-11-06T22:25:48.612-0300] {logging_mixin.py:120} INFO - [2022-11-06T22:25:48.612-0300] {dagbag.py:537} INFO - Filling up the DagBag from /home/debian/etlhausz/venv/lib/python3.9/site-packages/airflow/example_dags/example_time_delta_sensor_async.py
[2022-11-06T22:25:48.689-0300] {processor.py:766} INFO - DAG(s) dict_keys(['example_time_delta_sensor_async']) retrieved from /home/debian/etlhausz/venv/lib/python3.9/site-packages/airflow/example_dags/example_time_delta_sensor_async.py
[2022-11-06T22:25:49.017-0300] {logging_mixin.py:120} INFO - [2022-11-06T22:25:49.017-0300] {dag.py:2585} INFO - Sync 1 DAGs
[2022-11-06T22:25:49.371-0300] {logging_mixin.py:120} INFO - [2022-11-06T22:25:49.371-0300] {dag.py:3336} INFO - Setting next_dagrun for example_time_delta_sensor_async to None, run_after=None
[2022-11-06T22:25:49.451-0300] {processor.py:176} INFO - Processing /home/debian/etlhausz/venv/lib/python3.9/site-packages/airflow/example_dags/example_time_delta_sensor_async.py took 0.856 seconds
[2022-11-06T22:26:20.000-0300] {processor.py:154} INFO - Started process (PID=34608) to work on /home/debian/etlhausz/venv/lib/python3.9/site-packages/airflow/example_dags/example_time_delta_sensor_async.py
[2022-11-06T22:26:20.004-0300] {processor.py:756} INFO - Processing file /home/debian/etlhausz/venv/lib/python3.9/site-packages/airflow/example_dags/example_time_delta_sensor_async.py for tasks to queue
[2022-11-06T22:26:20.005-0300] {logging_mixin.py:120} INFO - [2022-11-06T22:26:20.005-0300] {dagbag.py:537} INFO - Filling up the DagBag from /home/debian/etlhausz/venv/lib/python3.9/site-packages/airflow/example_dags/example_time_delta_sensor_async.py
[2022-11-06T22:26:20.021-0300] {processor.py:766} INFO - DAG(s) dict_keys(['example_time_delta_sensor_async']) retrieved from /home/debian/etlhausz/venv/lib/python3.9/site-packages/airflow/example_dags/example_time_delta_sensor_async.py
[2022-11-06T22:26:20.257-0300] {logging_mixin.py:120} INFO - [2022-11-06T22:26:20.257-0300] {dag.py:2585} INFO - Sync 1 DAGs
[2022-11-06T22:26:20.276-0300] {logging_mixin.py:120} INFO - [2022-11-06T22:26:20.276-0300] {dag.py:3336} INFO - Setting next_dagrun for example_time_delta_sensor_async to None, run_after=None
[2022-11-06T22:26:20.321-0300] {processor.py:176} INFO - Processing /home/debian/etlhausz/venv/lib/python3.9/site-packages/airflow/example_dags/example_time_delta_sensor_async.py took 0.339 seconds
[2022-11-06T22:26:51.161-0300] {processor.py:154} INFO - Started process (PID=35148) to work on /home/debian/etlhausz/venv/lib/python3.9/site-packages/airflow/example_dags/example_time_delta_sensor_async.py
[2022-11-06T22:26:51.162-0300] {processor.py:756} INFO - Processing file /home/debian/etlhausz/venv/lib/python3.9/site-packages/airflow/example_dags/example_time_delta_sensor_async.py for tasks to queue
[2022-11-06T22:26:51.162-0300] {logging_mixin.py:120} INFO - [2022-11-06T22:26:51.162-0300] {dagbag.py:537} INFO - Filling up the DagBag from /home/debian/etlhausz/venv/lib/python3.9/site-packages/airflow/example_dags/example_time_delta_sensor_async.py
[2022-11-06T22:26:51.174-0300] {processor.py:766} INFO - DAG(s) dict_keys(['example_time_delta_sensor_async']) retrieved from /home/debian/etlhausz/venv/lib/python3.9/site-packages/airflow/example_dags/example_time_delta_sensor_async.py
[2022-11-06T22:26:51.454-0300] {logging_mixin.py:120} INFO - [2022-11-06T22:26:51.453-0300] {dag.py:2585} INFO - Sync 1 DAGs
[2022-11-06T22:26:51.477-0300] {logging_mixin.py:120} INFO - [2022-11-06T22:26:51.477-0300] {dag.py:3336} INFO - Setting next_dagrun for example_time_delta_sensor_async to None, run_after=None
[2022-11-06T22:26:51.499-0300] {processor.py:176} INFO - Processing /home/debian/etlhausz/venv/lib/python3.9/site-packages/airflow/example_dags/example_time_delta_sensor_async.py took 0.341 seconds
[2022-11-06T22:27:22.175-0300] {processor.py:154} INFO - Started process (PID=35688) to work on /home/debian/etlhausz/venv/lib/python3.9/site-packages/airflow/example_dags/example_time_delta_sensor_async.py
[2022-11-06T22:27:22.178-0300] {processor.py:756} INFO - Processing file /home/debian/etlhausz/venv/lib/python3.9/site-packages/airflow/example_dags/example_time_delta_sensor_async.py for tasks to queue
[2022-11-06T22:27:22.179-0300] {logging_mixin.py:120} INFO - [2022-11-06T22:27:22.179-0300] {dagbag.py:537} INFO - Filling up the DagBag from /home/debian/etlhausz/venv/lib/python3.9/site-packages/airflow/example_dags/example_time_delta_sensor_async.py
[2022-11-06T22:27:22.198-0300] {processor.py:766} INFO - DAG(s) dict_keys(['example_time_delta_sensor_async']) retrieved from /home/debian/etlhausz/venv/lib/python3.9/site-packages/airflow/example_dags/example_time_delta_sensor_async.py
[2022-11-06T22:27:22.304-0300] {logging_mixin.py:120} INFO - [2022-11-06T22:27:22.304-0300] {dag.py:2585} INFO - Sync 1 DAGs
[2022-11-06T22:27:22.325-0300] {logging_mixin.py:120} INFO - [2022-11-06T22:27:22.325-0300] {dag.py:3336} INFO - Setting next_dagrun for example_time_delta_sensor_async to None, run_after=None
[2022-11-06T22:27:22.435-0300] {processor.py:176} INFO - Processing /home/debian/etlhausz/venv/lib/python3.9/site-packages/airflow/example_dags/example_time_delta_sensor_async.py took 0.264 seconds
[2022-11-06T22:27:52.832-0300] {processor.py:154} INFO - Started process (PID=36168) to work on /home/debian/etlhausz/venv/lib/python3.9/site-packages/airflow/example_dags/example_time_delta_sensor_async.py
[2022-11-06T22:27:52.833-0300] {processor.py:756} INFO - Processing file /home/debian/etlhausz/venv/lib/python3.9/site-packages/airflow/example_dags/example_time_delta_sensor_async.py for tasks to queue
[2022-11-06T22:27:52.834-0300] {logging_mixin.py:120} INFO - [2022-11-06T22:27:52.834-0300] {dagbag.py:537} INFO - Filling up the DagBag from /home/debian/etlhausz/venv/lib/python3.9/site-packages/airflow/example_dags/example_time_delta_sensor_async.py
[2022-11-06T22:27:52.844-0300] {processor.py:766} INFO - DAG(s) dict_keys(['example_time_delta_sensor_async']) retrieved from /home/debian/etlhausz/venv/lib/python3.9/site-packages/airflow/example_dags/example_time_delta_sensor_async.py
[2022-11-06T22:27:53.015-0300] {logging_mixin.py:120} INFO - [2022-11-06T22:27:53.015-0300] {dag.py:2585} INFO - Sync 1 DAGs
[2022-11-06T22:27:53.031-0300] {logging_mixin.py:120} INFO - [2022-11-06T22:27:53.031-0300] {dag.py:3336} INFO - Setting next_dagrun for example_time_delta_sensor_async to None, run_after=None
[2022-11-06T22:27:53.050-0300] {processor.py:176} INFO - Processing /home/debian/etlhausz/venv/lib/python3.9/site-packages/airflow/example_dags/example_time_delta_sensor_async.py took 0.220 seconds
[2022-11-06T22:28:23.661-0300] {processor.py:154} INFO - Started process (PID=36816) to work on /home/debian/etlhausz/venv/lib/python3.9/site-packages/airflow/example_dags/example_time_delta_sensor_async.py
[2022-11-06T22:28:23.672-0300] {processor.py:756} INFO - Processing file /home/debian/etlhausz/venv/lib/python3.9/site-packages/airflow/example_dags/example_time_delta_sensor_async.py for tasks to queue
[2022-11-06T22:28:23.674-0300] {logging_mixin.py:120} INFO - [2022-11-06T22:28:23.672-0300] {dagbag.py:537} INFO - Filling up the DagBag from /home/debian/etlhausz/venv/lib/python3.9/site-packages/airflow/example_dags/example_time_delta_sensor_async.py
[2022-11-06T22:28:23.703-0300] {processor.py:766} INFO - DAG(s) dict_keys(['example_time_delta_sensor_async']) retrieved from /home/debian/etlhausz/venv/lib/python3.9/site-packages/airflow/example_dags/example_time_delta_sensor_async.py
[2022-11-06T22:28:24.033-0300] {logging_mixin.py:120} INFO - [2022-11-06T22:28:24.033-0300] {dag.py:2585} INFO - Sync 1 DAGs
[2022-11-06T22:28:24.054-0300] {logging_mixin.py:120} INFO - [2022-11-06T22:28:24.054-0300] {dag.py:3336} INFO - Setting next_dagrun for example_time_delta_sensor_async to None, run_after=None
[2022-11-06T22:28:24.076-0300] {processor.py:176} INFO - Processing /home/debian/etlhausz/venv/lib/python3.9/site-packages/airflow/example_dags/example_time_delta_sensor_async.py took 0.435 seconds
[2022-11-06T22:28:54.821-0300] {processor.py:154} INFO - Started process (PID=37356) to work on /home/debian/etlhausz/venv/lib/python3.9/site-packages/airflow/example_dags/example_time_delta_sensor_async.py
[2022-11-06T22:28:54.836-0300] {processor.py:756} INFO - Processing file /home/debian/etlhausz/venv/lib/python3.9/site-packages/airflow/example_dags/example_time_delta_sensor_async.py for tasks to queue
[2022-11-06T22:28:54.838-0300] {logging_mixin.py:120} INFO - [2022-11-06T22:28:54.837-0300] {dagbag.py:537} INFO - Filling up the DagBag from /home/debian/etlhausz/venv/lib/python3.9/site-packages/airflow/example_dags/example_time_delta_sensor_async.py
[2022-11-06T22:28:54.860-0300] {processor.py:766} INFO - DAG(s) dict_keys(['example_time_delta_sensor_async']) retrieved from /home/debian/etlhausz/venv/lib/python3.9/site-packages/airflow/example_dags/example_time_delta_sensor_async.py
[2022-11-06T22:28:55.098-0300] {logging_mixin.py:120} INFO - [2022-11-06T22:28:55.098-0300] {dag.py:2585} INFO - Sync 1 DAGs
[2022-11-06T22:28:55.114-0300] {logging_mixin.py:120} INFO - [2022-11-06T22:28:55.114-0300] {dag.py:3336} INFO - Setting next_dagrun for example_time_delta_sensor_async to None, run_after=None
[2022-11-06T22:28:55.135-0300] {processor.py:176} INFO - Processing /home/debian/etlhausz/venv/lib/python3.9/site-packages/airflow/example_dags/example_time_delta_sensor_async.py took 0.329 seconds
[2022-11-06T22:29:26.132-0300] {processor.py:154} INFO - Started process (PID=37900) to work on /home/debian/etlhausz/venv/lib/python3.9/site-packages/airflow/example_dags/example_time_delta_sensor_async.py
[2022-11-06T22:29:26.136-0300] {processor.py:756} INFO - Processing file /home/debian/etlhausz/venv/lib/python3.9/site-packages/airflow/example_dags/example_time_delta_sensor_async.py for tasks to queue
[2022-11-06T22:29:26.138-0300] {logging_mixin.py:120} INFO - [2022-11-06T22:29:26.137-0300] {dagbag.py:537} INFO - Filling up the DagBag from /home/debian/etlhausz/venv/lib/python3.9/site-packages/airflow/example_dags/example_time_delta_sensor_async.py
[2022-11-06T22:29:26.160-0300] {processor.py:766} INFO - DAG(s) dict_keys(['example_time_delta_sensor_async']) retrieved from /home/debian/etlhausz/venv/lib/python3.9/site-packages/airflow/example_dags/example_time_delta_sensor_async.py
[2022-11-06T22:29:26.340-0300] {logging_mixin.py:120} INFO - [2022-11-06T22:29:26.340-0300] {dag.py:2585} INFO - Sync 1 DAGs
[2022-11-06T22:29:26.558-0300] {logging_mixin.py:120} INFO - [2022-11-06T22:29:26.557-0300] {dag.py:3336} INFO - Setting next_dagrun for example_time_delta_sensor_async to None, run_after=None
[2022-11-06T22:29:26.580-0300] {processor.py:176} INFO - Processing /home/debian/etlhausz/venv/lib/python3.9/site-packages/airflow/example_dags/example_time_delta_sensor_async.py took 0.456 seconds
[2022-11-06T22:29:57.267-0300] {processor.py:154} INFO - Started process (PID=38436) to work on /home/debian/etlhausz/venv/lib/python3.9/site-packages/airflow/example_dags/example_time_delta_sensor_async.py
[2022-11-06T22:29:57.269-0300] {processor.py:756} INFO - Processing file /home/debian/etlhausz/venv/lib/python3.9/site-packages/airflow/example_dags/example_time_delta_sensor_async.py for tasks to queue
[2022-11-06T22:29:57.270-0300] {logging_mixin.py:120} INFO - [2022-11-06T22:29:57.269-0300] {dagbag.py:537} INFO - Filling up the DagBag from /home/debian/etlhausz/venv/lib/python3.9/site-packages/airflow/example_dags/example_time_delta_sensor_async.py
[2022-11-06T22:29:57.289-0300] {processor.py:766} INFO - DAG(s) dict_keys(['example_time_delta_sensor_async']) retrieved from /home/debian/etlhausz/venv/lib/python3.9/site-packages/airflow/example_dags/example_time_delta_sensor_async.py
[2022-11-06T22:29:57.696-0300] {logging_mixin.py:120} INFO - [2022-11-06T22:29:57.696-0300] {dag.py:2585} INFO - Sync 1 DAGs
[2022-11-06T22:29:57.814-0300] {logging_mixin.py:120} INFO - [2022-11-06T22:29:57.814-0300] {dag.py:3336} INFO - Setting next_dagrun for example_time_delta_sensor_async to None, run_after=None
[2022-11-06T22:29:57.930-0300] {processor.py:176} INFO - Processing /home/debian/etlhausz/venv/lib/python3.9/site-packages/airflow/example_dags/example_time_delta_sensor_async.py took 0.666 seconds
[2022-11-06T22:30:28.064-0300] {processor.py:154} INFO - Started process (PID=39047) to work on /home/debian/etlhausz/venv/lib/python3.9/site-packages/airflow/example_dags/example_time_delta_sensor_async.py
[2022-11-06T22:30:28.066-0300] {processor.py:756} INFO - Processing file /home/debian/etlhausz/venv/lib/python3.9/site-packages/airflow/example_dags/example_time_delta_sensor_async.py for tasks to queue
[2022-11-06T22:30:28.066-0300] {logging_mixin.py:120} INFO - [2022-11-06T22:30:28.066-0300] {dagbag.py:537} INFO - Filling up the DagBag from /home/debian/etlhausz/venv/lib/python3.9/site-packages/airflow/example_dags/example_time_delta_sensor_async.py
[2022-11-06T22:30:28.084-0300] {processor.py:766} INFO - DAG(s) dict_keys(['example_time_delta_sensor_async']) retrieved from /home/debian/etlhausz/venv/lib/python3.9/site-packages/airflow/example_dags/example_time_delta_sensor_async.py
[2022-11-06T22:30:28.324-0300] {logging_mixin.py:120} INFO - [2022-11-06T22:30:28.324-0300] {dag.py:2585} INFO - Sync 1 DAGs
[2022-11-06T22:30:28.352-0300] {logging_mixin.py:120} INFO - [2022-11-06T22:30:28.352-0300] {dag.py:3336} INFO - Setting next_dagrun for example_time_delta_sensor_async to None, run_after=None
[2022-11-06T22:30:28.374-0300] {processor.py:176} INFO - Processing /home/debian/etlhausz/venv/lib/python3.9/site-packages/airflow/example_dags/example_time_delta_sensor_async.py took 0.312 seconds
[2022-11-06T22:30:59.239-0300] {processor.py:154} INFO - Started process (PID=39586) to work on /home/debian/etlhausz/venv/lib/python3.9/site-packages/airflow/example_dags/example_time_delta_sensor_async.py
[2022-11-06T22:30:59.240-0300] {processor.py:756} INFO - Processing file /home/debian/etlhausz/venv/lib/python3.9/site-packages/airflow/example_dags/example_time_delta_sensor_async.py for tasks to queue
[2022-11-06T22:30:59.241-0300] {logging_mixin.py:120} INFO - [2022-11-06T22:30:59.241-0300] {dagbag.py:537} INFO - Filling up the DagBag from /home/debian/etlhausz/venv/lib/python3.9/site-packages/airflow/example_dags/example_time_delta_sensor_async.py
[2022-11-06T22:30:59.253-0300] {processor.py:766} INFO - DAG(s) dict_keys(['example_time_delta_sensor_async']) retrieved from /home/debian/etlhausz/venv/lib/python3.9/site-packages/airflow/example_dags/example_time_delta_sensor_async.py
[2022-11-06T22:30:59.458-0300] {logging_mixin.py:120} INFO - [2022-11-06T22:30:59.458-0300] {dag.py:2585} INFO - Sync 1 DAGs
[2022-11-06T22:30:59.474-0300] {logging_mixin.py:120} INFO - [2022-11-06T22:30:59.474-0300] {dag.py:3336} INFO - Setting next_dagrun for example_time_delta_sensor_async to None, run_after=None
[2022-11-06T22:30:59.499-0300] {processor.py:176} INFO - Processing /home/debian/etlhausz/venv/lib/python3.9/site-packages/airflow/example_dags/example_time_delta_sensor_async.py took 0.263 seconds
[2022-11-06T22:31:31.007-0300] {processor.py:154} INFO - Started process (PID=40119) to work on /home/debian/etlhausz/venv/lib/python3.9/site-packages/airflow/example_dags/example_time_delta_sensor_async.py
[2022-11-06T22:31:31.008-0300] {processor.py:756} INFO - Processing file /home/debian/etlhausz/venv/lib/python3.9/site-packages/airflow/example_dags/example_time_delta_sensor_async.py for tasks to queue
[2022-11-06T22:31:31.009-0300] {logging_mixin.py:120} INFO - [2022-11-06T22:31:31.009-0300] {dagbag.py:537} INFO - Filling up the DagBag from /home/debian/etlhausz/venv/lib/python3.9/site-packages/airflow/example_dags/example_time_delta_sensor_async.py
[2022-11-06T22:31:31.044-0300] {processor.py:766} INFO - DAG(s) dict_keys(['example_time_delta_sensor_async']) retrieved from /home/debian/etlhausz/venv/lib/python3.9/site-packages/airflow/example_dags/example_time_delta_sensor_async.py
[2022-11-06T22:31:31.142-0300] {logging_mixin.py:120} INFO - [2022-11-06T22:31:31.142-0300] {dag.py:2585} INFO - Sync 1 DAGs
[2022-11-06T22:31:31.264-0300] {logging_mixin.py:120} INFO - [2022-11-06T22:31:31.264-0300] {dag.py:3336} INFO - Setting next_dagrun for example_time_delta_sensor_async to None, run_after=None
[2022-11-06T22:31:31.286-0300] {processor.py:176} INFO - Processing /home/debian/etlhausz/venv/lib/python3.9/site-packages/airflow/example_dags/example_time_delta_sensor_async.py took 0.290 seconds
