[2022-11-06T21:00:23.420-0300] {processor.py:154} INFO - Started process (PID=61370) to work on /home/debian/etlhausz/venv/lib/python3.9/site-packages/airflow/example_dags/example_bash_operator.py
[2022-11-06T21:00:23.421-0300] {processor.py:756} INFO - Processing file /home/debian/etlhausz/venv/lib/python3.9/site-packages/airflow/example_dags/example_bash_operator.py for tasks to queue
[2022-11-06T21:00:23.422-0300] {logging_mixin.py:120} INFO - [2022-11-06T21:00:23.421-0300] {dagbag.py:537} INFO - Filling up the DagBag from /home/debian/etlhausz/venv/lib/python3.9/site-packages/airflow/example_dags/example_bash_operator.py
[2022-11-06T21:00:23.443-0300] {processor.py:766} INFO - DAG(s) dict_keys(['example_bash_operator']) retrieved from /home/debian/etlhausz/venv/lib/python3.9/site-packages/airflow/example_dags/example_bash_operator.py
[2022-11-06T21:00:23.487-0300] {logging_mixin.py:120} INFO - [2022-11-06T21:00:23.487-0300] {dag.py:2585} INFO - Sync 1 DAGs
[2022-11-06T21:00:23.757-0300] {logging_mixin.py:120} INFO - [2022-11-06T21:00:23.757-0300] {dag.py:3336} INFO - Setting next_dagrun for example_bash_operator to 2022-11-06T00:00:00+00:00, run_after=2022-11-07T00:00:00+00:00
[2022-11-06T21:00:23.816-0300] {processor.py:176} INFO - Processing /home/debian/etlhausz/venv/lib/python3.9/site-packages/airflow/example_dags/example_bash_operator.py took 0.399 seconds
[2022-11-06T21:00:55.242-0300] {processor.py:154} INFO - Started process (PID=61946) to work on /home/debian/etlhausz/venv/lib/python3.9/site-packages/airflow/example_dags/example_bash_operator.py
[2022-11-06T21:00:55.244-0300] {processor.py:756} INFO - Processing file /home/debian/etlhausz/venv/lib/python3.9/site-packages/airflow/example_dags/example_bash_operator.py for tasks to queue
[2022-11-06T21:00:55.245-0300] {logging_mixin.py:120} INFO - [2022-11-06T21:00:55.244-0300] {dagbag.py:537} INFO - Filling up the DagBag from /home/debian/etlhausz/venv/lib/python3.9/site-packages/airflow/example_dags/example_bash_operator.py
[2022-11-06T21:00:55.266-0300] {processor.py:766} INFO - DAG(s) dict_keys(['example_bash_operator']) retrieved from /home/debian/etlhausz/venv/lib/python3.9/site-packages/airflow/example_dags/example_bash_operator.py
[2022-11-06T21:00:55.431-0300] {logging_mixin.py:120} INFO - [2022-11-06T21:00:55.431-0300] {dag.py:2585} INFO - Sync 1 DAGs
[2022-11-06T21:00:55.451-0300] {logging_mixin.py:120} INFO - [2022-11-06T21:00:55.451-0300] {dag.py:3336} INFO - Setting next_dagrun for example_bash_operator to 2022-11-06T00:00:00+00:00, run_after=2022-11-07T00:00:00+00:00
[2022-11-06T21:00:55.478-0300] {processor.py:176} INFO - Processing /home/debian/etlhausz/venv/lib/python3.9/site-packages/airflow/example_dags/example_bash_operator.py took 0.239 seconds
[2022-11-06T21:01:28.510-0300] {processor.py:154} INFO - Started process (PID=62555) to work on /home/debian/etlhausz/venv/lib/python3.9/site-packages/airflow/example_dags/example_bash_operator.py
[2022-11-06T21:01:28.512-0300] {processor.py:756} INFO - Processing file /home/debian/etlhausz/venv/lib/python3.9/site-packages/airflow/example_dags/example_bash_operator.py for tasks to queue
[2022-11-06T21:01:28.512-0300] {logging_mixin.py:120} INFO - [2022-11-06T21:01:28.512-0300] {dagbag.py:537} INFO - Filling up the DagBag from /home/debian/etlhausz/venv/lib/python3.9/site-packages/airflow/example_dags/example_bash_operator.py
[2022-11-06T21:01:28.530-0300] {processor.py:766} INFO - DAG(s) dict_keys(['example_bash_operator']) retrieved from /home/debian/etlhausz/venv/lib/python3.9/site-packages/airflow/example_dags/example_bash_operator.py
[2022-11-06T21:01:28.718-0300] {logging_mixin.py:120} INFO - [2022-11-06T21:01:28.717-0300] {dag.py:2585} INFO - Sync 1 DAGs
[2022-11-06T21:01:28.771-0300] {logging_mixin.py:120} INFO - [2022-11-06T21:01:28.771-0300] {dag.py:3336} INFO - Setting next_dagrun for example_bash_operator to 2022-11-06T00:00:00+00:00, run_after=2022-11-07T00:00:00+00:00
[2022-11-06T21:01:28.799-0300] {processor.py:176} INFO - Processing /home/debian/etlhausz/venv/lib/python3.9/site-packages/airflow/example_dags/example_bash_operator.py took 0.292 seconds
[2022-11-06T21:01:59.469-0300] {processor.py:154} INFO - Started process (PID=63037) to work on /home/debian/etlhausz/venv/lib/python3.9/site-packages/airflow/example_dags/example_bash_operator.py
[2022-11-06T21:01:59.470-0300] {processor.py:756} INFO - Processing file /home/debian/etlhausz/venv/lib/python3.9/site-packages/airflow/example_dags/example_bash_operator.py for tasks to queue
[2022-11-06T21:01:59.471-0300] {logging_mixin.py:120} INFO - [2022-11-06T21:01:59.471-0300] {dagbag.py:537} INFO - Filling up the DagBag from /home/debian/etlhausz/venv/lib/python3.9/site-packages/airflow/example_dags/example_bash_operator.py
[2022-11-06T21:01:59.611-0300] {processor.py:766} INFO - DAG(s) dict_keys(['example_bash_operator']) retrieved from /home/debian/etlhausz/venv/lib/python3.9/site-packages/airflow/example_dags/example_bash_operator.py
[2022-11-06T21:01:59.664-0300] {logging_mixin.py:120} INFO - [2022-11-06T21:01:59.664-0300] {dag.py:2585} INFO - Sync 1 DAGs
[2022-11-06T21:01:59.697-0300] {logging_mixin.py:120} INFO - [2022-11-06T21:01:59.697-0300] {dag.py:3336} INFO - Setting next_dagrun for example_bash_operator to 2022-11-06T00:00:00+00:00, run_after=2022-11-07T00:00:00+00:00
[2022-11-06T21:01:59.771-0300] {processor.py:176} INFO - Processing /home/debian/etlhausz/venv/lib/python3.9/site-packages/airflow/example_dags/example_bash_operator.py took 0.305 seconds
[2022-11-06T21:02:30.358-0300] {processor.py:154} INFO - Started process (PID=63579) to work on /home/debian/etlhausz/venv/lib/python3.9/site-packages/airflow/example_dags/example_bash_operator.py
[2022-11-06T21:02:30.360-0300] {processor.py:756} INFO - Processing file /home/debian/etlhausz/venv/lib/python3.9/site-packages/airflow/example_dags/example_bash_operator.py for tasks to queue
[2022-11-06T21:02:30.360-0300] {logging_mixin.py:120} INFO - [2022-11-06T21:02:30.360-0300] {dagbag.py:537} INFO - Filling up the DagBag from /home/debian/etlhausz/venv/lib/python3.9/site-packages/airflow/example_dags/example_bash_operator.py
[2022-11-06T21:02:30.386-0300] {processor.py:766} INFO - DAG(s) dict_keys(['example_bash_operator']) retrieved from /home/debian/etlhausz/venv/lib/python3.9/site-packages/airflow/example_dags/example_bash_operator.py
[2022-11-06T21:02:30.452-0300] {logging_mixin.py:120} INFO - [2022-11-06T21:02:30.452-0300] {dag.py:2585} INFO - Sync 1 DAGs
[2022-11-06T21:02:30.631-0300] {logging_mixin.py:120} INFO - [2022-11-06T21:02:30.631-0300] {dag.py:3336} INFO - Setting next_dagrun for example_bash_operator to 2022-11-06T00:00:00+00:00, run_after=2022-11-07T00:00:00+00:00
[2022-11-06T21:02:30.683-0300] {processor.py:176} INFO - Processing /home/debian/etlhausz/venv/lib/python3.9/site-packages/airflow/example_dags/example_bash_operator.py took 0.329 seconds
[2022-11-06T21:03:01.522-0300] {processor.py:154} INFO - Started process (PID=64150) to work on /home/debian/etlhausz/venv/lib/python3.9/site-packages/airflow/example_dags/example_bash_operator.py
[2022-11-06T21:03:01.523-0300] {processor.py:756} INFO - Processing file /home/debian/etlhausz/venv/lib/python3.9/site-packages/airflow/example_dags/example_bash_operator.py for tasks to queue
[2022-11-06T21:03:01.524-0300] {logging_mixin.py:120} INFO - [2022-11-06T21:03:01.524-0300] {dagbag.py:537} INFO - Filling up the DagBag from /home/debian/etlhausz/venv/lib/python3.9/site-packages/airflow/example_dags/example_bash_operator.py
[2022-11-06T21:03:01.569-0300] {processor.py:766} INFO - DAG(s) dict_keys(['example_bash_operator']) retrieved from /home/debian/etlhausz/venv/lib/python3.9/site-packages/airflow/example_dags/example_bash_operator.py
[2022-11-06T21:03:02.072-0300] {logging_mixin.py:120} INFO - [2022-11-06T21:03:02.072-0300] {dag.py:2585} INFO - Sync 1 DAGs
[2022-11-06T21:03:02.105-0300] {logging_mixin.py:120} INFO - [2022-11-06T21:03:02.105-0300] {dag.py:3336} INFO - Setting next_dagrun for example_bash_operator to 2022-11-06T00:00:00+00:00, run_after=2022-11-07T00:00:00+00:00
[2022-11-06T21:03:02.137-0300] {processor.py:176} INFO - Processing /home/debian/etlhausz/venv/lib/python3.9/site-packages/airflow/example_dags/example_bash_operator.py took 0.620 seconds
[2022-11-06T21:03:32.808-0300] {processor.py:154} INFO - Started process (PID=64670) to work on /home/debian/etlhausz/venv/lib/python3.9/site-packages/airflow/example_dags/example_bash_operator.py
[2022-11-06T21:03:32.810-0300] {processor.py:756} INFO - Processing file /home/debian/etlhausz/venv/lib/python3.9/site-packages/airflow/example_dags/example_bash_operator.py for tasks to queue
[2022-11-06T21:03:32.811-0300] {logging_mixin.py:120} INFO - [2022-11-06T21:03:32.811-0300] {dagbag.py:537} INFO - Filling up the DagBag from /home/debian/etlhausz/venv/lib/python3.9/site-packages/airflow/example_dags/example_bash_operator.py
[2022-11-06T21:03:32.827-0300] {processor.py:766} INFO - DAG(s) dict_keys(['example_bash_operator']) retrieved from /home/debian/etlhausz/venv/lib/python3.9/site-packages/airflow/example_dags/example_bash_operator.py
[2022-11-06T21:03:32.988-0300] {logging_mixin.py:120} INFO - [2022-11-06T21:03:32.988-0300] {dag.py:2585} INFO - Sync 1 DAGs
[2022-11-06T21:03:33.028-0300] {logging_mixin.py:120} INFO - [2022-11-06T21:03:33.028-0300] {dag.py:3336} INFO - Setting next_dagrun for example_bash_operator to 2022-11-06T00:00:00+00:00, run_after=2022-11-07T00:00:00+00:00
[2022-11-06T21:03:33.048-0300] {processor.py:176} INFO - Processing /home/debian/etlhausz/venv/lib/python3.9/site-packages/airflow/example_dags/example_bash_operator.py took 0.244 seconds
[2022-11-06T21:04:04.897-0300] {processor.py:154} INFO - Started process (PID=65326) to work on /home/debian/etlhausz/venv/lib/python3.9/site-packages/airflow/example_dags/example_bash_operator.py
[2022-11-06T21:04:04.898-0300] {processor.py:756} INFO - Processing file /home/debian/etlhausz/venv/lib/python3.9/site-packages/airflow/example_dags/example_bash_operator.py for tasks to queue
[2022-11-06T21:04:04.899-0300] {logging_mixin.py:120} INFO - [2022-11-06T21:04:04.898-0300] {dagbag.py:537} INFO - Filling up the DagBag from /home/debian/etlhausz/venv/lib/python3.9/site-packages/airflow/example_dags/example_bash_operator.py
[2022-11-06T21:04:05.055-0300] {processor.py:766} INFO - DAG(s) dict_keys(['example_bash_operator']) retrieved from /home/debian/etlhausz/venv/lib/python3.9/site-packages/airflow/example_dags/example_bash_operator.py
[2022-11-06T21:04:05.100-0300] {logging_mixin.py:120} INFO - [2022-11-06T21:04:05.100-0300] {dag.py:2585} INFO - Sync 1 DAGs
[2022-11-06T21:04:05.122-0300] {logging_mixin.py:120} INFO - [2022-11-06T21:04:05.121-0300] {dag.py:3336} INFO - Setting next_dagrun for example_bash_operator to 2022-11-06T00:00:00+00:00, run_after=2022-11-07T00:00:00+00:00
[2022-11-06T21:04:05.165-0300] {processor.py:176} INFO - Processing /home/debian/etlhausz/venv/lib/python3.9/site-packages/airflow/example_dags/example_bash_operator.py took 0.272 seconds
[2022-11-06T22:01:43.740-0300] {processor.py:154} INFO - Started process (PID=5290) to work on /home/debian/etlhausz/venv/lib/python3.9/site-packages/airflow/example_dags/example_bash_operator.py
[2022-11-06T22:01:43.746-0300] {processor.py:756} INFO - Processing file /home/debian/etlhausz/venv/lib/python3.9/site-packages/airflow/example_dags/example_bash_operator.py for tasks to queue
[2022-11-06T22:01:43.747-0300] {logging_mixin.py:120} INFO - [2022-11-06T22:01:43.747-0300] {dagbag.py:537} INFO - Filling up the DagBag from /home/debian/etlhausz/venv/lib/python3.9/site-packages/airflow/example_dags/example_bash_operator.py
[2022-11-06T22:01:43.838-0300] {processor.py:766} INFO - DAG(s) dict_keys(['example_bash_operator']) retrieved from /home/debian/etlhausz/venv/lib/python3.9/site-packages/airflow/example_dags/example_bash_operator.py
[2022-11-06T22:01:43.988-0300] {logging_mixin.py:120} INFO - [2022-11-06T22:01:43.988-0300] {dag.py:2585} INFO - Sync 1 DAGs
[2022-11-06T22:01:44.094-0300] {logging_mixin.py:120} INFO - [2022-11-06T22:01:44.094-0300] {dag.py:3336} INFO - Setting next_dagrun for example_bash_operator to 2022-11-06T00:00:00+00:00, run_after=2022-11-07T00:00:00+00:00
[2022-11-06T22:01:44.192-0300] {processor.py:176} INFO - Processing /home/debian/etlhausz/venv/lib/python3.9/site-packages/airflow/example_dags/example_bash_operator.py took 0.482 seconds
[2022-11-06T22:02:14.538-0300] {processor.py:154} INFO - Started process (PID=5927) to work on /home/debian/etlhausz/venv/lib/python3.9/site-packages/airflow/example_dags/example_bash_operator.py
[2022-11-06T22:02:14.539-0300] {processor.py:756} INFO - Processing file /home/debian/etlhausz/venv/lib/python3.9/site-packages/airflow/example_dags/example_bash_operator.py for tasks to queue
[2022-11-06T22:02:14.539-0300] {logging_mixin.py:120} INFO - [2022-11-06T22:02:14.539-0300] {dagbag.py:537} INFO - Filling up the DagBag from /home/debian/etlhausz/venv/lib/python3.9/site-packages/airflow/example_dags/example_bash_operator.py
[2022-11-06T22:02:14.561-0300] {processor.py:766} INFO - DAG(s) dict_keys(['example_bash_operator']) retrieved from /home/debian/etlhausz/venv/lib/python3.9/site-packages/airflow/example_dags/example_bash_operator.py
[2022-11-06T22:02:14.619-0300] {logging_mixin.py:120} INFO - [2022-11-06T22:02:14.619-0300] {dag.py:2585} INFO - Sync 1 DAGs
[2022-11-06T22:02:14.639-0300] {logging_mixin.py:120} INFO - [2022-11-06T22:02:14.639-0300] {dag.py:3336} INFO - Setting next_dagrun for example_bash_operator to 2022-11-06T00:00:00+00:00, run_after=2022-11-07T00:00:00+00:00
[2022-11-06T22:02:14.657-0300] {processor.py:176} INFO - Processing /home/debian/etlhausz/venv/lib/python3.9/site-packages/airflow/example_dags/example_bash_operator.py took 0.123 seconds
[2022-11-06T22:02:44.741-0300] {processor.py:154} INFO - Started process (PID=6590) to work on /home/debian/etlhausz/venv/lib/python3.9/site-packages/airflow/example_dags/example_bash_operator.py
[2022-11-06T22:02:44.743-0300] {processor.py:756} INFO - Processing file /home/debian/etlhausz/venv/lib/python3.9/site-packages/airflow/example_dags/example_bash_operator.py for tasks to queue
[2022-11-06T22:02:44.744-0300] {logging_mixin.py:120} INFO - [2022-11-06T22:02:44.744-0300] {dagbag.py:537} INFO - Filling up the DagBag from /home/debian/etlhausz/venv/lib/python3.9/site-packages/airflow/example_dags/example_bash_operator.py
[2022-11-06T22:02:44.765-0300] {processor.py:766} INFO - DAG(s) dict_keys(['example_bash_operator']) retrieved from /home/debian/etlhausz/venv/lib/python3.9/site-packages/airflow/example_dags/example_bash_operator.py
[2022-11-06T22:02:44.811-0300] {logging_mixin.py:120} INFO - [2022-11-06T22:02:44.811-0300] {dag.py:2585} INFO - Sync 1 DAGs
[2022-11-06T22:02:44.832-0300] {logging_mixin.py:120} INFO - [2022-11-06T22:02:44.832-0300] {dag.py:3336} INFO - Setting next_dagrun for example_bash_operator to 2022-11-06T00:00:00+00:00, run_after=2022-11-07T00:00:00+00:00
[2022-11-06T22:02:44.851-0300] {processor.py:176} INFO - Processing /home/debian/etlhausz/venv/lib/python3.9/site-packages/airflow/example_dags/example_bash_operator.py took 0.112 seconds
[2022-11-06T22:03:18.120-0300] {processor.py:154} INFO - Started process (PID=7191) to work on /home/debian/etlhausz/venv/lib/python3.9/site-packages/airflow/example_dags/example_bash_operator.py
[2022-11-06T22:03:18.122-0300] {processor.py:756} INFO - Processing file /home/debian/etlhausz/venv/lib/python3.9/site-packages/airflow/example_dags/example_bash_operator.py for tasks to queue
[2022-11-06T22:03:18.127-0300] {logging_mixin.py:120} INFO - [2022-11-06T22:03:18.127-0300] {dagbag.py:537} INFO - Filling up the DagBag from /home/debian/etlhausz/venv/lib/python3.9/site-packages/airflow/example_dags/example_bash_operator.py
[2022-11-06T22:03:18.184-0300] {processor.py:766} INFO - DAG(s) dict_keys(['example_bash_operator']) retrieved from /home/debian/etlhausz/venv/lib/python3.9/site-packages/airflow/example_dags/example_bash_operator.py
[2022-11-06T22:03:18.258-0300] {logging_mixin.py:120} INFO - [2022-11-06T22:03:18.258-0300] {dag.py:2585} INFO - Sync 1 DAGs
[2022-11-06T22:03:18.330-0300] {logging_mixin.py:120} INFO - [2022-11-06T22:03:18.330-0300] {dag.py:3336} INFO - Setting next_dagrun for example_bash_operator to 2022-11-06T00:00:00+00:00, run_after=2022-11-07T00:00:00+00:00
[2022-11-06T22:03:18.366-0300] {processor.py:176} INFO - Processing /home/debian/etlhausz/venv/lib/python3.9/site-packages/airflow/example_dags/example_bash_operator.py took 0.249 seconds
[2022-11-06T22:03:49.152-0300] {processor.py:154} INFO - Started process (PID=7849) to work on /home/debian/etlhausz/venv/lib/python3.9/site-packages/airflow/example_dags/example_bash_operator.py
[2022-11-06T22:03:49.157-0300] {processor.py:756} INFO - Processing file /home/debian/etlhausz/venv/lib/python3.9/site-packages/airflow/example_dags/example_bash_operator.py for tasks to queue
[2022-11-06T22:03:49.158-0300] {logging_mixin.py:120} INFO - [2022-11-06T22:03:49.158-0300] {dagbag.py:537} INFO - Filling up the DagBag from /home/debian/etlhausz/venv/lib/python3.9/site-packages/airflow/example_dags/example_bash_operator.py
[2022-11-06T22:03:49.188-0300] {processor.py:766} INFO - DAG(s) dict_keys(['example_bash_operator']) retrieved from /home/debian/etlhausz/venv/lib/python3.9/site-packages/airflow/example_dags/example_bash_operator.py
[2022-11-06T22:03:49.272-0300] {logging_mixin.py:120} INFO - [2022-11-06T22:03:49.272-0300] {dag.py:2585} INFO - Sync 1 DAGs
[2022-11-06T22:03:49.301-0300] {logging_mixin.py:120} INFO - [2022-11-06T22:03:49.301-0300] {dag.py:3336} INFO - Setting next_dagrun for example_bash_operator to 2022-11-06T00:00:00+00:00, run_after=2022-11-07T00:00:00+00:00
[2022-11-06T22:03:49.368-0300] {processor.py:176} INFO - Processing /home/debian/etlhausz/venv/lib/python3.9/site-packages/airflow/example_dags/example_bash_operator.py took 0.220 seconds
[2022-11-06T22:04:19.941-0300] {processor.py:154} INFO - Started process (PID=8474) to work on /home/debian/etlhausz/venv/lib/python3.9/site-packages/airflow/example_dags/example_bash_operator.py
[2022-11-06T22:04:19.942-0300] {processor.py:756} INFO - Processing file /home/debian/etlhausz/venv/lib/python3.9/site-packages/airflow/example_dags/example_bash_operator.py for tasks to queue
[2022-11-06T22:04:19.943-0300] {logging_mixin.py:120} INFO - [2022-11-06T22:04:19.943-0300] {dagbag.py:537} INFO - Filling up the DagBag from /home/debian/etlhausz/venv/lib/python3.9/site-packages/airflow/example_dags/example_bash_operator.py
[2022-11-06T22:04:19.963-0300] {processor.py:766} INFO - DAG(s) dict_keys(['example_bash_operator']) retrieved from /home/debian/etlhausz/venv/lib/python3.9/site-packages/airflow/example_dags/example_bash_operator.py
[2022-11-06T22:04:20.014-0300] {logging_mixin.py:120} INFO - [2022-11-06T22:04:20.014-0300] {dag.py:2585} INFO - Sync 1 DAGs
[2022-11-06T22:04:20.036-0300] {logging_mixin.py:120} INFO - [2022-11-06T22:04:20.035-0300] {dag.py:3336} INFO - Setting next_dagrun for example_bash_operator to 2022-11-06T00:00:00+00:00, run_after=2022-11-07T00:00:00+00:00
[2022-11-06T22:04:20.061-0300] {processor.py:176} INFO - Processing /home/debian/etlhausz/venv/lib/python3.9/site-packages/airflow/example_dags/example_bash_operator.py took 0.124 seconds
[2022-11-06T22:04:51.697-0300] {processor.py:154} INFO - Started process (PID=9074) to work on /home/debian/etlhausz/venv/lib/python3.9/site-packages/airflow/example_dags/example_bash_operator.py
[2022-11-06T22:04:51.700-0300] {processor.py:756} INFO - Processing file /home/debian/etlhausz/venv/lib/python3.9/site-packages/airflow/example_dags/example_bash_operator.py for tasks to queue
[2022-11-06T22:04:51.700-0300] {logging_mixin.py:120} INFO - [2022-11-06T22:04:51.700-0300] {dagbag.py:537} INFO - Filling up the DagBag from /home/debian/etlhausz/venv/lib/python3.9/site-packages/airflow/example_dags/example_bash_operator.py
[2022-11-06T22:04:51.723-0300] {processor.py:766} INFO - DAG(s) dict_keys(['example_bash_operator']) retrieved from /home/debian/etlhausz/venv/lib/python3.9/site-packages/airflow/example_dags/example_bash_operator.py
[2022-11-06T22:04:51.799-0300] {logging_mixin.py:120} INFO - [2022-11-06T22:04:51.799-0300] {dag.py:2585} INFO - Sync 1 DAGs
[2022-11-06T22:04:51.832-0300] {logging_mixin.py:120} INFO - [2022-11-06T22:04:51.832-0300] {dag.py:3336} INFO - Setting next_dagrun for example_bash_operator to 2022-11-06T00:00:00+00:00, run_after=2022-11-07T00:00:00+00:00
[2022-11-06T22:04:51.858-0300] {processor.py:176} INFO - Processing /home/debian/etlhausz/venv/lib/python3.9/site-packages/airflow/example_dags/example_bash_operator.py took 0.164 seconds
[2022-11-06T22:05:33.453-0300] {processor.py:154} INFO - Started process (PID=9984) to work on /home/debian/etlhausz/venv/lib/python3.9/site-packages/airflow/example_dags/example_bash_operator.py
[2022-11-06T22:05:33.458-0300] {processor.py:756} INFO - Processing file /home/debian/etlhausz/venv/lib/python3.9/site-packages/airflow/example_dags/example_bash_operator.py for tasks to queue
[2022-11-06T22:05:33.459-0300] {logging_mixin.py:120} INFO - [2022-11-06T22:05:33.459-0300] {dagbag.py:537} INFO - Filling up the DagBag from /home/debian/etlhausz/venv/lib/python3.9/site-packages/airflow/example_dags/example_bash_operator.py
[2022-11-06T22:05:33.482-0300] {processor.py:766} INFO - DAG(s) dict_keys(['example_bash_operator']) retrieved from /home/debian/etlhausz/venv/lib/python3.9/site-packages/airflow/example_dags/example_bash_operator.py
[2022-11-06T22:05:33.568-0300] {logging_mixin.py:120} INFO - [2022-11-06T22:05:33.568-0300] {dag.py:2585} INFO - Sync 1 DAGs
[2022-11-06T22:05:33.607-0300] {logging_mixin.py:120} INFO - [2022-11-06T22:05:33.607-0300] {dag.py:3336} INFO - Setting next_dagrun for example_bash_operator to 2022-11-06T00:00:00+00:00, run_after=2022-11-07T00:00:00+00:00
[2022-11-06T22:05:33.683-0300] {processor.py:176} INFO - Processing /home/debian/etlhausz/venv/lib/python3.9/site-packages/airflow/example_dags/example_bash_operator.py took 0.241 seconds
[2022-11-06T22:06:06.266-0300] {processor.py:154} INFO - Started process (PID=10619) to work on /home/debian/etlhausz/venv/lib/python3.9/site-packages/airflow/example_dags/example_bash_operator.py
[2022-11-06T22:06:06.268-0300] {processor.py:756} INFO - Processing file /home/debian/etlhausz/venv/lib/python3.9/site-packages/airflow/example_dags/example_bash_operator.py for tasks to queue
[2022-11-06T22:06:06.269-0300] {logging_mixin.py:120} INFO - [2022-11-06T22:06:06.269-0300] {dagbag.py:537} INFO - Filling up the DagBag from /home/debian/etlhausz/venv/lib/python3.9/site-packages/airflow/example_dags/example_bash_operator.py
[2022-11-06T22:06:06.300-0300] {processor.py:766} INFO - DAG(s) dict_keys(['example_bash_operator']) retrieved from /home/debian/etlhausz/venv/lib/python3.9/site-packages/airflow/example_dags/example_bash_operator.py
[2022-11-06T22:06:06.375-0300] {logging_mixin.py:120} INFO - [2022-11-06T22:06:06.375-0300] {dag.py:2585} INFO - Sync 1 DAGs
[2022-11-06T22:06:06.418-0300] {logging_mixin.py:120} INFO - [2022-11-06T22:06:06.418-0300] {dag.py:3336} INFO - Setting next_dagrun for example_bash_operator to 2022-11-06T00:00:00+00:00, run_after=2022-11-07T00:00:00+00:00
[2022-11-06T22:06:06.457-0300] {processor.py:176} INFO - Processing /home/debian/etlhausz/venv/lib/python3.9/site-packages/airflow/example_dags/example_bash_operator.py took 0.197 seconds
[2022-11-06T22:06:36.956-0300] {processor.py:154} INFO - Started process (PID=11191) to work on /home/debian/etlhausz/venv/lib/python3.9/site-packages/airflow/example_dags/example_bash_operator.py
[2022-11-06T22:06:36.957-0300] {processor.py:756} INFO - Processing file /home/debian/etlhausz/venv/lib/python3.9/site-packages/airflow/example_dags/example_bash_operator.py for tasks to queue
[2022-11-06T22:06:36.958-0300] {logging_mixin.py:120} INFO - [2022-11-06T22:06:36.958-0300] {dagbag.py:537} INFO - Filling up the DagBag from /home/debian/etlhausz/venv/lib/python3.9/site-packages/airflow/example_dags/example_bash_operator.py
[2022-11-06T22:06:36.975-0300] {processor.py:766} INFO - DAG(s) dict_keys(['example_bash_operator']) retrieved from /home/debian/etlhausz/venv/lib/python3.9/site-packages/airflow/example_dags/example_bash_operator.py
[2022-11-06T22:06:37.023-0300] {logging_mixin.py:120} INFO - [2022-11-06T22:06:37.023-0300] {dag.py:2585} INFO - Sync 1 DAGs
[2022-11-06T22:06:37.047-0300] {logging_mixin.py:120} INFO - [2022-11-06T22:06:37.047-0300] {dag.py:3336} INFO - Setting next_dagrun for example_bash_operator to 2022-11-06T00:00:00+00:00, run_after=2022-11-07T00:00:00+00:00
[2022-11-06T22:06:37.067-0300] {processor.py:176} INFO - Processing /home/debian/etlhausz/venv/lib/python3.9/site-packages/airflow/example_dags/example_bash_operator.py took 0.115 seconds
[2022-11-06T22:07:07.523-0300] {processor.py:154} INFO - Started process (PID=11741) to work on /home/debian/etlhausz/venv/lib/python3.9/site-packages/airflow/example_dags/example_bash_operator.py
[2022-11-06T22:07:07.528-0300] {processor.py:756} INFO - Processing file /home/debian/etlhausz/venv/lib/python3.9/site-packages/airflow/example_dags/example_bash_operator.py for tasks to queue
[2022-11-06T22:07:07.532-0300] {logging_mixin.py:120} INFO - [2022-11-06T22:07:07.532-0300] {dagbag.py:537} INFO - Filling up the DagBag from /home/debian/etlhausz/venv/lib/python3.9/site-packages/airflow/example_dags/example_bash_operator.py
[2022-11-06T22:07:07.560-0300] {processor.py:766} INFO - DAG(s) dict_keys(['example_bash_operator']) retrieved from /home/debian/etlhausz/venv/lib/python3.9/site-packages/airflow/example_dags/example_bash_operator.py
[2022-11-06T22:07:07.654-0300] {logging_mixin.py:120} INFO - [2022-11-06T22:07:07.654-0300] {dag.py:2585} INFO - Sync 1 DAGs
[2022-11-06T22:07:07.691-0300] {logging_mixin.py:120} INFO - [2022-11-06T22:07:07.691-0300] {dag.py:3336} INFO - Setting next_dagrun for example_bash_operator to 2022-11-06T00:00:00+00:00, run_after=2022-11-07T00:00:00+00:00
[2022-11-06T22:07:07.714-0300] {processor.py:176} INFO - Processing /home/debian/etlhausz/venv/lib/python3.9/site-packages/airflow/example_dags/example_bash_operator.py took 0.195 seconds
[2022-11-06T22:07:42.424-0300] {processor.py:154} INFO - Started process (PID=12437) to work on /home/debian/etlhausz/venv/lib/python3.9/site-packages/airflow/example_dags/example_bash_operator.py
[2022-11-06T22:07:42.426-0300] {processor.py:756} INFO - Processing file /home/debian/etlhausz/venv/lib/python3.9/site-packages/airflow/example_dags/example_bash_operator.py for tasks to queue
[2022-11-06T22:07:42.427-0300] {logging_mixin.py:120} INFO - [2022-11-06T22:07:42.426-0300] {dagbag.py:537} INFO - Filling up the DagBag from /home/debian/etlhausz/venv/lib/python3.9/site-packages/airflow/example_dags/example_bash_operator.py
[2022-11-06T22:07:42.465-0300] {processor.py:766} INFO - DAG(s) dict_keys(['example_bash_operator']) retrieved from /home/debian/etlhausz/venv/lib/python3.9/site-packages/airflow/example_dags/example_bash_operator.py
[2022-11-06T22:07:42.537-0300] {logging_mixin.py:120} INFO - [2022-11-06T22:07:42.537-0300] {dag.py:2585} INFO - Sync 1 DAGs
[2022-11-06T22:07:42.567-0300] {logging_mixin.py:120} INFO - [2022-11-06T22:07:42.567-0300] {dag.py:3336} INFO - Setting next_dagrun for example_bash_operator to 2022-11-06T00:00:00+00:00, run_after=2022-11-07T00:00:00+00:00
[2022-11-06T22:07:42.587-0300] {processor.py:176} INFO - Processing /home/debian/etlhausz/venv/lib/python3.9/site-packages/airflow/example_dags/example_bash_operator.py took 0.176 seconds
[2022-11-06T22:08:12.725-0300] {processor.py:154} INFO - Started process (PID=13201) to work on /home/debian/etlhausz/venv/lib/python3.9/site-packages/airflow/example_dags/example_bash_operator.py
[2022-11-06T22:08:12.727-0300] {processor.py:756} INFO - Processing file /home/debian/etlhausz/venv/lib/python3.9/site-packages/airflow/example_dags/example_bash_operator.py for tasks to queue
[2022-11-06T22:08:12.728-0300] {logging_mixin.py:120} INFO - [2022-11-06T22:08:12.728-0300] {dagbag.py:537} INFO - Filling up the DagBag from /home/debian/etlhausz/venv/lib/python3.9/site-packages/airflow/example_dags/example_bash_operator.py
[2022-11-06T22:08:12.750-0300] {processor.py:766} INFO - DAG(s) dict_keys(['example_bash_operator']) retrieved from /home/debian/etlhausz/venv/lib/python3.9/site-packages/airflow/example_dags/example_bash_operator.py
[2022-11-06T22:08:12.806-0300] {logging_mixin.py:120} INFO - [2022-11-06T22:08:12.806-0300] {dag.py:2585} INFO - Sync 1 DAGs
[2022-11-06T22:08:12.833-0300] {logging_mixin.py:120} INFO - [2022-11-06T22:08:12.833-0300] {dag.py:3336} INFO - Setting next_dagrun for example_bash_operator to 2022-11-06T00:00:00+00:00, run_after=2022-11-07T00:00:00+00:00
[2022-11-06T22:08:12.858-0300] {processor.py:176} INFO - Processing /home/debian/etlhausz/venv/lib/python3.9/site-packages/airflow/example_dags/example_bash_operator.py took 0.137 seconds
[2022-11-06T22:08:43.288-0300] {processor.py:154} INFO - Started process (PID=13875) to work on /home/debian/etlhausz/venv/lib/python3.9/site-packages/airflow/example_dags/example_bash_operator.py
[2022-11-06T22:08:43.289-0300] {processor.py:756} INFO - Processing file /home/debian/etlhausz/venv/lib/python3.9/site-packages/airflow/example_dags/example_bash_operator.py for tasks to queue
[2022-11-06T22:08:43.290-0300] {logging_mixin.py:120} INFO - [2022-11-06T22:08:43.290-0300] {dagbag.py:537} INFO - Filling up the DagBag from /home/debian/etlhausz/venv/lib/python3.9/site-packages/airflow/example_dags/example_bash_operator.py
[2022-11-06T22:08:43.309-0300] {processor.py:766} INFO - DAG(s) dict_keys(['example_bash_operator']) retrieved from /home/debian/etlhausz/venv/lib/python3.9/site-packages/airflow/example_dags/example_bash_operator.py
[2022-11-06T22:08:43.366-0300] {logging_mixin.py:120} INFO - [2022-11-06T22:08:43.366-0300] {dag.py:2585} INFO - Sync 1 DAGs
[2022-11-06T22:08:43.390-0300] {logging_mixin.py:120} INFO - [2022-11-06T22:08:43.390-0300] {dag.py:3336} INFO - Setting next_dagrun for example_bash_operator to 2022-11-06T00:00:00+00:00, run_after=2022-11-07T00:00:00+00:00
[2022-11-06T22:08:43.407-0300] {processor.py:176} INFO - Processing /home/debian/etlhausz/venv/lib/python3.9/site-packages/airflow/example_dags/example_bash_operator.py took 0.123 seconds
[2022-11-06T22:09:15.623-0300] {processor.py:154} INFO - Started process (PID=14546) to work on /home/debian/etlhausz/venv/lib/python3.9/site-packages/airflow/example_dags/example_bash_operator.py
[2022-11-06T22:09:15.624-0300] {processor.py:756} INFO - Processing file /home/debian/etlhausz/venv/lib/python3.9/site-packages/airflow/example_dags/example_bash_operator.py for tasks to queue
[2022-11-06T22:09:15.625-0300] {logging_mixin.py:120} INFO - [2022-11-06T22:09:15.625-0300] {dagbag.py:537} INFO - Filling up the DagBag from /home/debian/etlhausz/venv/lib/python3.9/site-packages/airflow/example_dags/example_bash_operator.py
[2022-11-06T22:09:15.641-0300] {processor.py:766} INFO - DAG(s) dict_keys(['example_bash_operator']) retrieved from /home/debian/etlhausz/venv/lib/python3.9/site-packages/airflow/example_dags/example_bash_operator.py
[2022-11-06T22:09:15.690-0300] {logging_mixin.py:120} INFO - [2022-11-06T22:09:15.690-0300] {dag.py:2585} INFO - Sync 1 DAGs
[2022-11-06T22:09:15.716-0300] {logging_mixin.py:120} INFO - [2022-11-06T22:09:15.716-0300] {dag.py:3336} INFO - Setting next_dagrun for example_bash_operator to 2022-11-06T00:00:00+00:00, run_after=2022-11-07T00:00:00+00:00
[2022-11-06T22:09:15.738-0300] {processor.py:176} INFO - Processing /home/debian/etlhausz/venv/lib/python3.9/site-packages/airflow/example_dags/example_bash_operator.py took 0.118 seconds
[2022-11-06T22:09:47.616-0300] {processor.py:154} INFO - Started process (PID=15140) to work on /home/debian/etlhausz/venv/lib/python3.9/site-packages/airflow/example_dags/example_bash_operator.py
[2022-11-06T22:09:47.618-0300] {processor.py:756} INFO - Processing file /home/debian/etlhausz/venv/lib/python3.9/site-packages/airflow/example_dags/example_bash_operator.py for tasks to queue
[2022-11-06T22:09:47.618-0300] {logging_mixin.py:120} INFO - [2022-11-06T22:09:47.618-0300] {dagbag.py:537} INFO - Filling up the DagBag from /home/debian/etlhausz/venv/lib/python3.9/site-packages/airflow/example_dags/example_bash_operator.py
[2022-11-06T22:09:47.635-0300] {processor.py:766} INFO - DAG(s) dict_keys(['example_bash_operator']) retrieved from /home/debian/etlhausz/venv/lib/python3.9/site-packages/airflow/example_dags/example_bash_operator.py
[2022-11-06T22:09:47.696-0300] {logging_mixin.py:120} INFO - [2022-11-06T22:09:47.696-0300] {dag.py:2585} INFO - Sync 1 DAGs
[2022-11-06T22:09:47.734-0300] {logging_mixin.py:120} INFO - [2022-11-06T22:09:47.734-0300] {dag.py:3336} INFO - Setting next_dagrun for example_bash_operator to 2022-11-06T00:00:00+00:00, run_after=2022-11-07T00:00:00+00:00
[2022-11-06T22:09:47.758-0300] {processor.py:176} INFO - Processing /home/debian/etlhausz/venv/lib/python3.9/site-packages/airflow/example_dags/example_bash_operator.py took 0.145 seconds
[2022-11-06T22:10:21.104-0300] {processor.py:154} INFO - Started process (PID=15745) to work on /home/debian/etlhausz/venv/lib/python3.9/site-packages/airflow/example_dags/example_bash_operator.py
[2022-11-06T22:10:21.107-0300] {processor.py:756} INFO - Processing file /home/debian/etlhausz/venv/lib/python3.9/site-packages/airflow/example_dags/example_bash_operator.py for tasks to queue
[2022-11-06T22:10:21.107-0300] {logging_mixin.py:120} INFO - [2022-11-06T22:10:21.107-0300] {dagbag.py:537} INFO - Filling up the DagBag from /home/debian/etlhausz/venv/lib/python3.9/site-packages/airflow/example_dags/example_bash_operator.py
[2022-11-06T22:10:21.133-0300] {processor.py:766} INFO - DAG(s) dict_keys(['example_bash_operator']) retrieved from /home/debian/etlhausz/venv/lib/python3.9/site-packages/airflow/example_dags/example_bash_operator.py
[2022-11-06T22:10:21.188-0300] {logging_mixin.py:120} INFO - [2022-11-06T22:10:21.187-0300] {dag.py:2585} INFO - Sync 1 DAGs
[2022-11-06T22:10:21.211-0300] {logging_mixin.py:120} INFO - [2022-11-06T22:10:21.211-0300] {dag.py:3336} INFO - Setting next_dagrun for example_bash_operator to 2022-11-06T00:00:00+00:00, run_after=2022-11-07T00:00:00+00:00
[2022-11-06T22:10:21.243-0300] {processor.py:176} INFO - Processing /home/debian/etlhausz/venv/lib/python3.9/site-packages/airflow/example_dags/example_bash_operator.py took 0.142 seconds
[2022-11-06T22:10:52.939-0300] {processor.py:154} INFO - Started process (PID=16375) to work on /home/debian/etlhausz/venv/lib/python3.9/site-packages/airflow/example_dags/example_bash_operator.py
[2022-11-06T22:10:52.939-0300] {processor.py:756} INFO - Processing file /home/debian/etlhausz/venv/lib/python3.9/site-packages/airflow/example_dags/example_bash_operator.py for tasks to queue
[2022-11-06T22:10:52.940-0300] {logging_mixin.py:120} INFO - [2022-11-06T22:10:52.940-0300] {dagbag.py:537} INFO - Filling up the DagBag from /home/debian/etlhausz/venv/lib/python3.9/site-packages/airflow/example_dags/example_bash_operator.py
[2022-11-06T22:10:53.018-0300] {processor.py:766} INFO - DAG(s) dict_keys(['example_bash_operator']) retrieved from /home/debian/etlhausz/venv/lib/python3.9/site-packages/airflow/example_dags/example_bash_operator.py
[2022-11-06T22:10:53.174-0300] {logging_mixin.py:120} INFO - [2022-11-06T22:10:53.173-0300] {dag.py:2585} INFO - Sync 1 DAGs
[2022-11-06T22:10:53.306-0300] {logging_mixin.py:120} INFO - [2022-11-06T22:10:53.306-0300] {dag.py:3336} INFO - Setting next_dagrun for example_bash_operator to 2022-11-06T00:00:00+00:00, run_after=2022-11-07T00:00:00+00:00
[2022-11-06T22:10:53.381-0300] {processor.py:176} INFO - Processing /home/debian/etlhausz/venv/lib/python3.9/site-packages/airflow/example_dags/example_bash_operator.py took 0.445 seconds
[2022-11-06T22:11:26.044-0300] {processor.py:154} INFO - Started process (PID=16959) to work on /home/debian/etlhausz/venv/lib/python3.9/site-packages/airflow/example_dags/example_bash_operator.py
[2022-11-06T22:11:26.046-0300] {processor.py:756} INFO - Processing file /home/debian/etlhausz/venv/lib/python3.9/site-packages/airflow/example_dags/example_bash_operator.py for tasks to queue
[2022-11-06T22:11:26.047-0300] {logging_mixin.py:120} INFO - [2022-11-06T22:11:26.047-0300] {dagbag.py:537} INFO - Filling up the DagBag from /home/debian/etlhausz/venv/lib/python3.9/site-packages/airflow/example_dags/example_bash_operator.py
[2022-11-06T22:11:26.072-0300] {processor.py:766} INFO - DAG(s) dict_keys(['example_bash_operator']) retrieved from /home/debian/etlhausz/venv/lib/python3.9/site-packages/airflow/example_dags/example_bash_operator.py
[2022-11-06T22:11:26.117-0300] {logging_mixin.py:120} INFO - [2022-11-06T22:11:26.116-0300] {dag.py:2585} INFO - Sync 1 DAGs
[2022-11-06T22:11:26.248-0300] {logging_mixin.py:120} INFO - [2022-11-06T22:11:26.248-0300] {dag.py:3336} INFO - Setting next_dagrun for example_bash_operator to 2022-11-06T00:00:00+00:00, run_after=2022-11-07T00:00:00+00:00
[2022-11-06T22:11:26.274-0300] {processor.py:176} INFO - Processing /home/debian/etlhausz/venv/lib/python3.9/site-packages/airflow/example_dags/example_bash_operator.py took 0.233 seconds
[2022-11-06T22:12:03.860-0300] {processor.py:154} INFO - Started process (PID=17542) to work on /home/debian/etlhausz/venv/lib/python3.9/site-packages/airflow/example_dags/example_bash_operator.py
[2022-11-06T22:12:03.862-0300] {processor.py:756} INFO - Processing file /home/debian/etlhausz/venv/lib/python3.9/site-packages/airflow/example_dags/example_bash_operator.py for tasks to queue
[2022-11-06T22:12:03.862-0300] {logging_mixin.py:120} INFO - [2022-11-06T22:12:03.862-0300] {dagbag.py:537} INFO - Filling up the DagBag from /home/debian/etlhausz/venv/lib/python3.9/site-packages/airflow/example_dags/example_bash_operator.py
[2022-11-06T22:12:03.922-0300] {processor.py:766} INFO - DAG(s) dict_keys(['example_bash_operator']) retrieved from /home/debian/etlhausz/venv/lib/python3.9/site-packages/airflow/example_dags/example_bash_operator.py
[2022-11-06T22:12:04.118-0300] {logging_mixin.py:120} INFO - [2022-11-06T22:12:04.118-0300] {dag.py:2585} INFO - Sync 1 DAGs
[2022-11-06T22:12:04.136-0300] {logging_mixin.py:120} INFO - [2022-11-06T22:12:04.136-0300] {dag.py:3336} INFO - Setting next_dagrun for example_bash_operator to 2022-11-06T00:00:00+00:00, run_after=2022-11-07T00:00:00+00:00
[2022-11-06T22:12:04.189-0300] {processor.py:176} INFO - Processing /home/debian/etlhausz/venv/lib/python3.9/site-packages/airflow/example_dags/example_bash_operator.py took 0.351 seconds
[2022-11-06T22:12:34.343-0300] {processor.py:154} INFO - Started process (PID=18171) to work on /home/debian/etlhausz/venv/lib/python3.9/site-packages/airflow/example_dags/example_bash_operator.py
[2022-11-06T22:12:34.344-0300] {processor.py:756} INFO - Processing file /home/debian/etlhausz/venv/lib/python3.9/site-packages/airflow/example_dags/example_bash_operator.py for tasks to queue
[2022-11-06T22:12:34.345-0300] {logging_mixin.py:120} INFO - [2022-11-06T22:12:34.345-0300] {dagbag.py:537} INFO - Filling up the DagBag from /home/debian/etlhausz/venv/lib/python3.9/site-packages/airflow/example_dags/example_bash_operator.py
[2022-11-06T22:12:34.363-0300] {processor.py:766} INFO - DAG(s) dict_keys(['example_bash_operator']) retrieved from /home/debian/etlhausz/venv/lib/python3.9/site-packages/airflow/example_dags/example_bash_operator.py
[2022-11-06T22:12:34.495-0300] {logging_mixin.py:120} INFO - [2022-11-06T22:12:34.495-0300] {dag.py:2585} INFO - Sync 1 DAGs
[2022-11-06T22:12:34.512-0300] {logging_mixin.py:120} INFO - [2022-11-06T22:12:34.512-0300] {dag.py:3336} INFO - Setting next_dagrun for example_bash_operator to 2022-11-06T00:00:00+00:00, run_after=2022-11-07T00:00:00+00:00
[2022-11-06T22:12:34.535-0300] {processor.py:176} INFO - Processing /home/debian/etlhausz/venv/lib/python3.9/site-packages/airflow/example_dags/example_bash_operator.py took 0.195 seconds
[2022-11-06T22:13:05.318-0300] {processor.py:154} INFO - Started process (PID=18786) to work on /home/debian/etlhausz/venv/lib/python3.9/site-packages/airflow/example_dags/example_bash_operator.py
[2022-11-06T22:13:05.319-0300] {processor.py:756} INFO - Processing file /home/debian/etlhausz/venv/lib/python3.9/site-packages/airflow/example_dags/example_bash_operator.py for tasks to queue
[2022-11-06T22:13:05.320-0300] {logging_mixin.py:120} INFO - [2022-11-06T22:13:05.319-0300] {dagbag.py:537} INFO - Filling up the DagBag from /home/debian/etlhausz/venv/lib/python3.9/site-packages/airflow/example_dags/example_bash_operator.py
[2022-11-06T22:13:05.432-0300] {processor.py:766} INFO - DAG(s) dict_keys(['example_bash_operator']) retrieved from /home/debian/etlhausz/venv/lib/python3.9/site-packages/airflow/example_dags/example_bash_operator.py
[2022-11-06T22:13:05.491-0300] {logging_mixin.py:120} INFO - [2022-11-06T22:13:05.491-0300] {dag.py:2585} INFO - Sync 1 DAGs
[2022-11-06T22:13:05.516-0300] {logging_mixin.py:120} INFO - [2022-11-06T22:13:05.515-0300] {dag.py:3336} INFO - Setting next_dagrun for example_bash_operator to 2022-11-06T00:00:00+00:00, run_after=2022-11-07T00:00:00+00:00
[2022-11-06T22:13:05.545-0300] {processor.py:176} INFO - Processing /home/debian/etlhausz/venv/lib/python3.9/site-packages/airflow/example_dags/example_bash_operator.py took 0.231 seconds
[2022-11-06T22:13:36.025-0300] {processor.py:154} INFO - Started process (PID=19376) to work on /home/debian/etlhausz/venv/lib/python3.9/site-packages/airflow/example_dags/example_bash_operator.py
[2022-11-06T22:13:36.026-0300] {processor.py:756} INFO - Processing file /home/debian/etlhausz/venv/lib/python3.9/site-packages/airflow/example_dags/example_bash_operator.py for tasks to queue
[2022-11-06T22:13:36.027-0300] {logging_mixin.py:120} INFO - [2022-11-06T22:13:36.026-0300] {dagbag.py:537} INFO - Filling up the DagBag from /home/debian/etlhausz/venv/lib/python3.9/site-packages/airflow/example_dags/example_bash_operator.py
[2022-11-06T22:13:36.044-0300] {processor.py:766} INFO - DAG(s) dict_keys(['example_bash_operator']) retrieved from /home/debian/etlhausz/venv/lib/python3.9/site-packages/airflow/example_dags/example_bash_operator.py
[2022-11-06T22:13:36.087-0300] {logging_mixin.py:120} INFO - [2022-11-06T22:13:36.086-0300] {dag.py:2585} INFO - Sync 1 DAGs
[2022-11-06T22:13:36.193-0300] {logging_mixin.py:120} INFO - [2022-11-06T22:13:36.193-0300] {dag.py:3336} INFO - Setting next_dagrun for example_bash_operator to 2022-11-06T00:00:00+00:00, run_after=2022-11-07T00:00:00+00:00
[2022-11-06T22:13:36.212-0300] {processor.py:176} INFO - Processing /home/debian/etlhausz/venv/lib/python3.9/site-packages/airflow/example_dags/example_bash_operator.py took 0.190 seconds
[2022-11-06T22:14:08.580-0300] {processor.py:154} INFO - Started process (PID=19965) to work on /home/debian/etlhausz/venv/lib/python3.9/site-packages/airflow/example_dags/example_bash_operator.py
[2022-11-06T22:14:08.583-0300] {processor.py:756} INFO - Processing file /home/debian/etlhausz/venv/lib/python3.9/site-packages/airflow/example_dags/example_bash_operator.py for tasks to queue
[2022-11-06T22:14:08.585-0300] {logging_mixin.py:120} INFO - [2022-11-06T22:14:08.585-0300] {dagbag.py:537} INFO - Filling up the DagBag from /home/debian/etlhausz/venv/lib/python3.9/site-packages/airflow/example_dags/example_bash_operator.py
[2022-11-06T22:14:08.627-0300] {processor.py:766} INFO - DAG(s) dict_keys(['example_bash_operator']) retrieved from /home/debian/etlhausz/venv/lib/python3.9/site-packages/airflow/example_dags/example_bash_operator.py
[2022-11-06T22:14:08.820-0300] {logging_mixin.py:120} INFO - [2022-11-06T22:14:08.819-0300] {dag.py:2585} INFO - Sync 1 DAGs
[2022-11-06T22:14:08.863-0300] {logging_mixin.py:120} INFO - [2022-11-06T22:14:08.863-0300] {dag.py:3336} INFO - Setting next_dagrun for example_bash_operator to 2022-11-06T00:00:00+00:00, run_after=2022-11-07T00:00:00+00:00
[2022-11-06T22:14:08.903-0300] {processor.py:176} INFO - Processing /home/debian/etlhausz/venv/lib/python3.9/site-packages/airflow/example_dags/example_bash_operator.py took 0.334 seconds
[2022-11-06T22:14:41.582-0300] {processor.py:154} INFO - Started process (PID=20592) to work on /home/debian/etlhausz/venv/lib/python3.9/site-packages/airflow/example_dags/example_bash_operator.py
[2022-11-06T22:14:41.584-0300] {processor.py:756} INFO - Processing file /home/debian/etlhausz/venv/lib/python3.9/site-packages/airflow/example_dags/example_bash_operator.py for tasks to queue
[2022-11-06T22:14:41.585-0300] {logging_mixin.py:120} INFO - [2022-11-06T22:14:41.585-0300] {dagbag.py:537} INFO - Filling up the DagBag from /home/debian/etlhausz/venv/lib/python3.9/site-packages/airflow/example_dags/example_bash_operator.py
[2022-11-06T22:14:41.601-0300] {processor.py:766} INFO - DAG(s) dict_keys(['example_bash_operator']) retrieved from /home/debian/etlhausz/venv/lib/python3.9/site-packages/airflow/example_dags/example_bash_operator.py
[2022-11-06T22:14:41.796-0300] {logging_mixin.py:120} INFO - [2022-11-06T22:14:41.796-0300] {dag.py:2585} INFO - Sync 1 DAGs
[2022-11-06T22:14:41.830-0300] {logging_mixin.py:120} INFO - [2022-11-06T22:14:41.830-0300] {dag.py:3336} INFO - Setting next_dagrun for example_bash_operator to 2022-11-06T00:00:00+00:00, run_after=2022-11-07T00:00:00+00:00
[2022-11-06T22:14:41.864-0300] {processor.py:176} INFO - Processing /home/debian/etlhausz/venv/lib/python3.9/site-packages/airflow/example_dags/example_bash_operator.py took 0.285 seconds
[2022-11-06T22:15:12.288-0300] {processor.py:154} INFO - Started process (PID=21179) to work on /home/debian/etlhausz/venv/lib/python3.9/site-packages/airflow/example_dags/example_bash_operator.py
[2022-11-06T22:15:12.289-0300] {processor.py:756} INFO - Processing file /home/debian/etlhausz/venv/lib/python3.9/site-packages/airflow/example_dags/example_bash_operator.py for tasks to queue
[2022-11-06T22:15:12.289-0300] {logging_mixin.py:120} INFO - [2022-11-06T22:15:12.289-0300] {dagbag.py:537} INFO - Filling up the DagBag from /home/debian/etlhausz/venv/lib/python3.9/site-packages/airflow/example_dags/example_bash_operator.py
[2022-11-06T22:15:12.401-0300] {processor.py:766} INFO - DAG(s) dict_keys(['example_bash_operator']) retrieved from /home/debian/etlhausz/venv/lib/python3.9/site-packages/airflow/example_dags/example_bash_operator.py
[2022-11-06T22:15:12.448-0300] {logging_mixin.py:120} INFO - [2022-11-06T22:15:12.448-0300] {dag.py:2585} INFO - Sync 1 DAGs
[2022-11-06T22:15:12.470-0300] {logging_mixin.py:120} INFO - [2022-11-06T22:15:12.470-0300] {dag.py:3336} INFO - Setting next_dagrun for example_bash_operator to 2022-11-06T00:00:00+00:00, run_after=2022-11-07T00:00:00+00:00
[2022-11-06T22:15:12.491-0300] {processor.py:176} INFO - Processing /home/debian/etlhausz/venv/lib/python3.9/site-packages/airflow/example_dags/example_bash_operator.py took 0.210 seconds
[2022-11-06T22:15:45.476-0300] {processor.py:154} INFO - Started process (PID=21848) to work on /home/debian/etlhausz/venv/lib/python3.9/site-packages/airflow/example_dags/example_bash_operator.py
[2022-11-06T22:15:45.478-0300] {processor.py:756} INFO - Processing file /home/debian/etlhausz/venv/lib/python3.9/site-packages/airflow/example_dags/example_bash_operator.py for tasks to queue
[2022-11-06T22:15:45.479-0300] {logging_mixin.py:120} INFO - [2022-11-06T22:15:45.478-0300] {dagbag.py:537} INFO - Filling up the DagBag from /home/debian/etlhausz/venv/lib/python3.9/site-packages/airflow/example_dags/example_bash_operator.py
[2022-11-06T22:15:45.496-0300] {processor.py:766} INFO - DAG(s) dict_keys(['example_bash_operator']) retrieved from /home/debian/etlhausz/venv/lib/python3.9/site-packages/airflow/example_dags/example_bash_operator.py
[2022-11-06T22:15:45.577-0300] {logging_mixin.py:120} INFO - [2022-11-06T22:15:45.577-0300] {dag.py:2585} INFO - Sync 1 DAGs
[2022-11-06T22:15:45.692-0300] {logging_mixin.py:120} INFO - [2022-11-06T22:15:45.692-0300] {dag.py:3336} INFO - Setting next_dagrun for example_bash_operator to 2022-11-06T00:00:00+00:00, run_after=2022-11-07T00:00:00+00:00
[2022-11-06T22:15:45.712-0300] {processor.py:176} INFO - Processing /home/debian/etlhausz/venv/lib/python3.9/site-packages/airflow/example_dags/example_bash_operator.py took 0.238 seconds
[2022-11-06T22:16:17.554-0300] {processor.py:154} INFO - Started process (PID=22469) to work on /home/debian/etlhausz/venv/lib/python3.9/site-packages/airflow/example_dags/example_bash_operator.py
[2022-11-06T22:16:17.555-0300] {processor.py:756} INFO - Processing file /home/debian/etlhausz/venv/lib/python3.9/site-packages/airflow/example_dags/example_bash_operator.py for tasks to queue
[2022-11-06T22:16:17.556-0300] {logging_mixin.py:120} INFO - [2022-11-06T22:16:17.556-0300] {dagbag.py:537} INFO - Filling up the DagBag from /home/debian/etlhausz/venv/lib/python3.9/site-packages/airflow/example_dags/example_bash_operator.py
[2022-11-06T22:16:17.593-0300] {processor.py:766} INFO - DAG(s) dict_keys(['example_bash_operator']) retrieved from /home/debian/etlhausz/venv/lib/python3.9/site-packages/airflow/example_dags/example_bash_operator.py
[2022-11-06T22:16:17.766-0300] {logging_mixin.py:120} INFO - [2022-11-06T22:16:17.764-0300] {dag.py:2585} INFO - Sync 1 DAGs
[2022-11-06T22:16:17.785-0300] {logging_mixin.py:120} INFO - [2022-11-06T22:16:17.785-0300] {dag.py:3336} INFO - Setting next_dagrun for example_bash_operator to 2022-11-06T00:00:00+00:00, run_after=2022-11-07T00:00:00+00:00
[2022-11-06T22:16:17.805-0300] {processor.py:176} INFO - Processing /home/debian/etlhausz/venv/lib/python3.9/site-packages/airflow/example_dags/example_bash_operator.py took 0.254 seconds
[2022-11-06T22:16:50.965-0300] {processor.py:154} INFO - Started process (PID=23093) to work on /home/debian/etlhausz/venv/lib/python3.9/site-packages/airflow/example_dags/example_bash_operator.py
[2022-11-06T22:16:50.977-0300] {processor.py:756} INFO - Processing file /home/debian/etlhausz/venv/lib/python3.9/site-packages/airflow/example_dags/example_bash_operator.py for tasks to queue
[2022-11-06T22:16:50.978-0300] {logging_mixin.py:120} INFO - [2022-11-06T22:16:50.978-0300] {dagbag.py:537} INFO - Filling up the DagBag from /home/debian/etlhausz/venv/lib/python3.9/site-packages/airflow/example_dags/example_bash_operator.py
[2022-11-06T22:16:51.025-0300] {processor.py:766} INFO - DAG(s) dict_keys(['example_bash_operator']) retrieved from /home/debian/etlhausz/venv/lib/python3.9/site-packages/airflow/example_dags/example_bash_operator.py
[2022-11-06T22:16:51.179-0300] {logging_mixin.py:120} INFO - [2022-11-06T22:16:51.179-0300] {dag.py:2585} INFO - Sync 1 DAGs
[2022-11-06T22:16:51.204-0300] {logging_mixin.py:120} INFO - [2022-11-06T22:16:51.204-0300] {dag.py:3336} INFO - Setting next_dagrun for example_bash_operator to 2022-11-06T00:00:00+00:00, run_after=2022-11-07T00:00:00+00:00
[2022-11-06T22:16:51.229-0300] {processor.py:176} INFO - Processing /home/debian/etlhausz/venv/lib/python3.9/site-packages/airflow/example_dags/example_bash_operator.py took 0.269 seconds
[2022-11-06T22:17:22.647-0300] {processor.py:154} INFO - Started process (PID=23713) to work on /home/debian/etlhausz/venv/lib/python3.9/site-packages/airflow/example_dags/example_bash_operator.py
[2022-11-06T22:17:22.649-0300] {processor.py:756} INFO - Processing file /home/debian/etlhausz/venv/lib/python3.9/site-packages/airflow/example_dags/example_bash_operator.py for tasks to queue
[2022-11-06T22:17:22.651-0300] {logging_mixin.py:120} INFO - [2022-11-06T22:17:22.651-0300] {dagbag.py:537} INFO - Filling up the DagBag from /home/debian/etlhausz/venv/lib/python3.9/site-packages/airflow/example_dags/example_bash_operator.py
[2022-11-06T22:17:22.669-0300] {processor.py:766} INFO - DAG(s) dict_keys(['example_bash_operator']) retrieved from /home/debian/etlhausz/venv/lib/python3.9/site-packages/airflow/example_dags/example_bash_operator.py
[2022-11-06T22:17:22.715-0300] {logging_mixin.py:120} INFO - [2022-11-06T22:17:22.715-0300] {dag.py:2585} INFO - Sync 1 DAGs
[2022-11-06T22:17:22.845-0300] {logging_mixin.py:120} INFO - [2022-11-06T22:17:22.845-0300] {dag.py:3336} INFO - Setting next_dagrun for example_bash_operator to 2022-11-06T00:00:00+00:00, run_after=2022-11-07T00:00:00+00:00
[2022-11-06T22:17:22.876-0300] {processor.py:176} INFO - Processing /home/debian/etlhausz/venv/lib/python3.9/site-packages/airflow/example_dags/example_bash_operator.py took 0.232 seconds
[2022-11-06T22:17:54.132-0300] {processor.py:154} INFO - Started process (PID=24357) to work on /home/debian/etlhausz/venv/lib/python3.9/site-packages/airflow/example_dags/example_bash_operator.py
[2022-11-06T22:17:54.134-0300] {processor.py:756} INFO - Processing file /home/debian/etlhausz/venv/lib/python3.9/site-packages/airflow/example_dags/example_bash_operator.py for tasks to queue
[2022-11-06T22:17:54.134-0300] {logging_mixin.py:120} INFO - [2022-11-06T22:17:54.134-0300] {dagbag.py:537} INFO - Filling up the DagBag from /home/debian/etlhausz/venv/lib/python3.9/site-packages/airflow/example_dags/example_bash_operator.py
[2022-11-06T22:17:54.170-0300] {processor.py:766} INFO - DAG(s) dict_keys(['example_bash_operator']) retrieved from /home/debian/etlhausz/venv/lib/python3.9/site-packages/airflow/example_dags/example_bash_operator.py
[2022-11-06T22:17:54.226-0300] {logging_mixin.py:120} INFO - [2022-11-06T22:17:54.226-0300] {dag.py:2585} INFO - Sync 1 DAGs
[2022-11-06T22:17:54.374-0300] {logging_mixin.py:120} INFO - [2022-11-06T22:17:54.373-0300] {dag.py:3336} INFO - Setting next_dagrun for example_bash_operator to 2022-11-06T00:00:00+00:00, run_after=2022-11-07T00:00:00+00:00
[2022-11-06T22:17:54.391-0300] {processor.py:176} INFO - Processing /home/debian/etlhausz/venv/lib/python3.9/site-packages/airflow/example_dags/example_bash_operator.py took 0.274 seconds
[2022-11-06T22:18:24.987-0300] {processor.py:154} INFO - Started process (PID=25002) to work on /home/debian/etlhausz/venv/lib/python3.9/site-packages/airflow/example_dags/example_bash_operator.py
[2022-11-06T22:18:24.989-0300] {processor.py:756} INFO - Processing file /home/debian/etlhausz/venv/lib/python3.9/site-packages/airflow/example_dags/example_bash_operator.py for tasks to queue
[2022-11-06T22:18:24.990-0300] {logging_mixin.py:120} INFO - [2022-11-06T22:18:24.990-0300] {dagbag.py:537} INFO - Filling up the DagBag from /home/debian/etlhausz/venv/lib/python3.9/site-packages/airflow/example_dags/example_bash_operator.py
[2022-11-06T22:18:25.040-0300] {processor.py:766} INFO - DAG(s) dict_keys(['example_bash_operator']) retrieved from /home/debian/etlhausz/venv/lib/python3.9/site-packages/airflow/example_dags/example_bash_operator.py
[2022-11-06T22:18:25.207-0300] {logging_mixin.py:120} INFO - [2022-11-06T22:18:25.207-0300] {dag.py:2585} INFO - Sync 1 DAGs
[2022-11-06T22:18:25.230-0300] {logging_mixin.py:120} INFO - [2022-11-06T22:18:25.230-0300] {dag.py:3336} INFO - Setting next_dagrun for example_bash_operator to 2022-11-06T00:00:00+00:00, run_after=2022-11-07T00:00:00+00:00
[2022-11-06T22:18:25.265-0300] {processor.py:176} INFO - Processing /home/debian/etlhausz/venv/lib/python3.9/site-packages/airflow/example_dags/example_bash_operator.py took 0.293 seconds
[2022-11-06T22:19:24.607-0300] {processor.py:154} INFO - Started process (PID=26394) to work on /home/debian/etlhausz/venv/lib/python3.9/site-packages/airflow/example_dags/example_bash_operator.py
[2022-11-06T22:19:24.613-0300] {processor.py:756} INFO - Processing file /home/debian/etlhausz/venv/lib/python3.9/site-packages/airflow/example_dags/example_bash_operator.py for tasks to queue
[2022-11-06T22:19:24.614-0300] {logging_mixin.py:120} INFO - [2022-11-06T22:19:24.614-0300] {dagbag.py:537} INFO - Filling up the DagBag from /home/debian/etlhausz/venv/lib/python3.9/site-packages/airflow/example_dags/example_bash_operator.py
[2022-11-06T22:19:24.710-0300] {processor.py:766} INFO - DAG(s) dict_keys(['example_bash_operator']) retrieved from /home/debian/etlhausz/venv/lib/python3.9/site-packages/airflow/example_dags/example_bash_operator.py
[2022-11-06T22:19:24.774-0300] {logging_mixin.py:120} INFO - [2022-11-06T22:19:24.774-0300] {dag.py:2585} INFO - Sync 1 DAGs
[2022-11-06T22:19:24.838-0300] {logging_mixin.py:120} INFO - [2022-11-06T22:19:24.838-0300] {dag.py:3336} INFO - Setting next_dagrun for example_bash_operator to 2022-11-06T00:00:00+00:00, run_after=2022-11-07T00:00:00+00:00
[2022-11-06T22:19:24.873-0300] {processor.py:176} INFO - Processing /home/debian/etlhausz/venv/lib/python3.9/site-packages/airflow/example_dags/example_bash_operator.py took 0.273 seconds
[2022-11-06T22:19:55.361-0300] {processor.py:154} INFO - Started process (PID=26976) to work on /home/debian/etlhausz/venv/lib/python3.9/site-packages/airflow/example_dags/example_bash_operator.py
[2022-11-06T22:19:55.362-0300] {processor.py:756} INFO - Processing file /home/debian/etlhausz/venv/lib/python3.9/site-packages/airflow/example_dags/example_bash_operator.py for tasks to queue
[2022-11-06T22:19:55.363-0300] {logging_mixin.py:120} INFO - [2022-11-06T22:19:55.363-0300] {dagbag.py:537} INFO - Filling up the DagBag from /home/debian/etlhausz/venv/lib/python3.9/site-packages/airflow/example_dags/example_bash_operator.py
[2022-11-06T22:19:55.381-0300] {processor.py:766} INFO - DAG(s) dict_keys(['example_bash_operator']) retrieved from /home/debian/etlhausz/venv/lib/python3.9/site-packages/airflow/example_dags/example_bash_operator.py
[2022-11-06T22:19:55.456-0300] {logging_mixin.py:120} INFO - [2022-11-06T22:19:55.455-0300] {dag.py:2585} INFO - Sync 1 DAGs
[2022-11-06T22:19:55.493-0300] {logging_mixin.py:120} INFO - [2022-11-06T22:19:55.493-0300] {dag.py:3336} INFO - Setting next_dagrun for example_bash_operator to 2022-11-06T00:00:00+00:00, run_after=2022-11-07T00:00:00+00:00
[2022-11-06T22:19:55.527-0300] {processor.py:176} INFO - Processing /home/debian/etlhausz/venv/lib/python3.9/site-packages/airflow/example_dags/example_bash_operator.py took 0.170 seconds
[2022-11-06T22:20:25.645-0300] {processor.py:154} INFO - Started process (PID=27775) to work on /home/debian/etlhausz/venv/lib/python3.9/site-packages/airflow/example_dags/example_bash_operator.py
[2022-11-06T22:20:25.646-0300] {processor.py:756} INFO - Processing file /home/debian/etlhausz/venv/lib/python3.9/site-packages/airflow/example_dags/example_bash_operator.py for tasks to queue
[2022-11-06T22:20:25.647-0300] {logging_mixin.py:120} INFO - [2022-11-06T22:20:25.647-0300] {dagbag.py:537} INFO - Filling up the DagBag from /home/debian/etlhausz/venv/lib/python3.9/site-packages/airflow/example_dags/example_bash_operator.py
[2022-11-06T22:20:25.680-0300] {processor.py:766} INFO - DAG(s) dict_keys(['example_bash_operator']) retrieved from /home/debian/etlhausz/venv/lib/python3.9/site-packages/airflow/example_dags/example_bash_operator.py
[2022-11-06T22:20:25.759-0300] {logging_mixin.py:120} INFO - [2022-11-06T22:20:25.759-0300] {dag.py:2585} INFO - Sync 1 DAGs
[2022-11-06T22:20:25.817-0300] {logging_mixin.py:120} INFO - [2022-11-06T22:20:25.817-0300] {dag.py:3336} INFO - Setting next_dagrun for example_bash_operator to 2022-11-06T00:00:00+00:00, run_after=2022-11-07T00:00:00+00:00
[2022-11-06T22:20:25.851-0300] {processor.py:176} INFO - Processing /home/debian/etlhausz/venv/lib/python3.9/site-packages/airflow/example_dags/example_bash_operator.py took 0.218 seconds
[2022-11-06T22:20:57.109-0300] {processor.py:154} INFO - Started process (PID=28431) to work on /home/debian/etlhausz/venv/lib/python3.9/site-packages/airflow/example_dags/example_bash_operator.py
[2022-11-06T22:20:57.110-0300] {processor.py:756} INFO - Processing file /home/debian/etlhausz/venv/lib/python3.9/site-packages/airflow/example_dags/example_bash_operator.py for tasks to queue
[2022-11-06T22:20:57.111-0300] {logging_mixin.py:120} INFO - [2022-11-06T22:20:57.111-0300] {dagbag.py:537} INFO - Filling up the DagBag from /home/debian/etlhausz/venv/lib/python3.9/site-packages/airflow/example_dags/example_bash_operator.py
[2022-11-06T22:20:57.179-0300] {processor.py:766} INFO - DAG(s) dict_keys(['example_bash_operator']) retrieved from /home/debian/etlhausz/venv/lib/python3.9/site-packages/airflow/example_dags/example_bash_operator.py
[2022-11-06T22:20:57.361-0300] {logging_mixin.py:120} INFO - [2022-11-06T22:20:57.361-0300] {dag.py:2585} INFO - Sync 1 DAGs
[2022-11-06T22:20:57.483-0300] {logging_mixin.py:120} INFO - [2022-11-06T22:20:57.483-0300] {dag.py:3336} INFO - Setting next_dagrun for example_bash_operator to 2022-11-06T00:00:00+00:00, run_after=2022-11-07T00:00:00+00:00
[2022-11-06T22:20:57.553-0300] {processor.py:176} INFO - Processing /home/debian/etlhausz/venv/lib/python3.9/site-packages/airflow/example_dags/example_bash_operator.py took 0.447 seconds
[2022-11-06T22:21:31.898-0300] {processor.py:154} INFO - Started process (PID=29060) to work on /home/debian/etlhausz/venv/lib/python3.9/site-packages/airflow/example_dags/example_bash_operator.py
[2022-11-06T22:21:31.901-0300] {processor.py:756} INFO - Processing file /home/debian/etlhausz/venv/lib/python3.9/site-packages/airflow/example_dags/example_bash_operator.py for tasks to queue
[2022-11-06T22:21:31.902-0300] {logging_mixin.py:120} INFO - [2022-11-06T22:21:31.902-0300] {dagbag.py:537} INFO - Filling up the DagBag from /home/debian/etlhausz/venv/lib/python3.9/site-packages/airflow/example_dags/example_bash_operator.py
[2022-11-06T22:21:31.925-0300] {processor.py:766} INFO - DAG(s) dict_keys(['example_bash_operator']) retrieved from /home/debian/etlhausz/venv/lib/python3.9/site-packages/airflow/example_dags/example_bash_operator.py
[2022-11-06T22:21:31.984-0300] {logging_mixin.py:120} INFO - [2022-11-06T22:21:31.983-0300] {dag.py:2585} INFO - Sync 1 DAGs
[2022-11-06T22:21:32.029-0300] {logging_mixin.py:120} INFO - [2022-11-06T22:21:32.028-0300] {dag.py:3336} INFO - Setting next_dagrun for example_bash_operator to 2022-11-06T00:00:00+00:00, run_after=2022-11-07T00:00:00+00:00
[2022-11-06T22:21:32.067-0300] {processor.py:176} INFO - Processing /home/debian/etlhausz/venv/lib/python3.9/site-packages/airflow/example_dags/example_bash_operator.py took 0.172 seconds
[2022-11-06T22:22:04.249-0300] {processor.py:154} INFO - Started process (PID=29605) to work on /home/debian/etlhausz/venv/lib/python3.9/site-packages/airflow/example_dags/example_bash_operator.py
[2022-11-06T22:22:04.250-0300] {processor.py:756} INFO - Processing file /home/debian/etlhausz/venv/lib/python3.9/site-packages/airflow/example_dags/example_bash_operator.py for tasks to queue
[2022-11-06T22:22:04.251-0300] {logging_mixin.py:120} INFO - [2022-11-06T22:22:04.251-0300] {dagbag.py:537} INFO - Filling up the DagBag from /home/debian/etlhausz/venv/lib/python3.9/site-packages/airflow/example_dags/example_bash_operator.py
[2022-11-06T22:22:04.268-0300] {processor.py:766} INFO - DAG(s) dict_keys(['example_bash_operator']) retrieved from /home/debian/etlhausz/venv/lib/python3.9/site-packages/airflow/example_dags/example_bash_operator.py
[2022-11-06T22:22:04.315-0300] {logging_mixin.py:120} INFO - [2022-11-06T22:22:04.315-0300] {dag.py:2585} INFO - Sync 1 DAGs
[2022-11-06T22:22:04.338-0300] {logging_mixin.py:120} INFO - [2022-11-06T22:22:04.338-0300] {dag.py:3336} INFO - Setting next_dagrun for example_bash_operator to 2022-11-06T00:00:00+00:00, run_after=2022-11-07T00:00:00+00:00
[2022-11-06T22:22:04.364-0300] {processor.py:176} INFO - Processing /home/debian/etlhausz/venv/lib/python3.9/site-packages/airflow/example_dags/example_bash_operator.py took 0.118 seconds
[2022-11-06T22:22:35.227-0300] {processor.py:154} INFO - Started process (PID=30282) to work on /home/debian/etlhausz/venv/lib/python3.9/site-packages/airflow/example_dags/example_bash_operator.py
[2022-11-06T22:22:35.229-0300] {processor.py:756} INFO - Processing file /home/debian/etlhausz/venv/lib/python3.9/site-packages/airflow/example_dags/example_bash_operator.py for tasks to queue
[2022-11-06T22:22:35.229-0300] {logging_mixin.py:120} INFO - [2022-11-06T22:22:35.229-0300] {dagbag.py:537} INFO - Filling up the DagBag from /home/debian/etlhausz/venv/lib/python3.9/site-packages/airflow/example_dags/example_bash_operator.py
[2022-11-06T22:22:35.248-0300] {processor.py:766} INFO - DAG(s) dict_keys(['example_bash_operator']) retrieved from /home/debian/etlhausz/venv/lib/python3.9/site-packages/airflow/example_dags/example_bash_operator.py
[2022-11-06T22:22:35.298-0300] {logging_mixin.py:120} INFO - [2022-11-06T22:22:35.298-0300] {dag.py:2585} INFO - Sync 1 DAGs
[2022-11-06T22:22:35.318-0300] {logging_mixin.py:120} INFO - [2022-11-06T22:22:35.318-0300] {dag.py:3336} INFO - Setting next_dagrun for example_bash_operator to 2022-11-06T00:00:00+00:00, run_after=2022-11-07T00:00:00+00:00
[2022-11-06T22:22:35.338-0300] {processor.py:176} INFO - Processing /home/debian/etlhausz/venv/lib/python3.9/site-packages/airflow/example_dags/example_bash_operator.py took 0.115 seconds
[2022-11-06T22:23:12.518-0300] {processor.py:154} INFO - Started process (PID=31078) to work on /home/debian/etlhausz/venv/lib/python3.9/site-packages/airflow/example_dags/example_bash_operator.py
[2022-11-06T22:23:12.520-0300] {processor.py:756} INFO - Processing file /home/debian/etlhausz/venv/lib/python3.9/site-packages/airflow/example_dags/example_bash_operator.py for tasks to queue
[2022-11-06T22:23:12.520-0300] {logging_mixin.py:120} INFO - [2022-11-06T22:23:12.520-0300] {dagbag.py:537} INFO - Filling up the DagBag from /home/debian/etlhausz/venv/lib/python3.9/site-packages/airflow/example_dags/example_bash_operator.py
[2022-11-06T22:23:12.541-0300] {processor.py:766} INFO - DAG(s) dict_keys(['example_bash_operator']) retrieved from /home/debian/etlhausz/venv/lib/python3.9/site-packages/airflow/example_dags/example_bash_operator.py
[2022-11-06T22:23:12.593-0300] {logging_mixin.py:120} INFO - [2022-11-06T22:23:12.593-0300] {dag.py:2585} INFO - Sync 1 DAGs
[2022-11-06T22:23:12.621-0300] {logging_mixin.py:120} INFO - [2022-11-06T22:23:12.621-0300] {dag.py:3336} INFO - Setting next_dagrun for example_bash_operator to 2022-11-06T00:00:00+00:00, run_after=2022-11-07T00:00:00+00:00
[2022-11-06T22:23:12.643-0300] {processor.py:176} INFO - Processing /home/debian/etlhausz/venv/lib/python3.9/site-packages/airflow/example_dags/example_bash_operator.py took 0.129 seconds
[2022-11-06T22:23:43.193-0300] {processor.py:154} INFO - Started process (PID=31619) to work on /home/debian/etlhausz/venv/lib/python3.9/site-packages/airflow/example_dags/example_bash_operator.py
[2022-11-06T22:23:43.194-0300] {processor.py:756} INFO - Processing file /home/debian/etlhausz/venv/lib/python3.9/site-packages/airflow/example_dags/example_bash_operator.py for tasks to queue
[2022-11-06T22:23:43.195-0300] {logging_mixin.py:120} INFO - [2022-11-06T22:23:43.195-0300] {dagbag.py:537} INFO - Filling up the DagBag from /home/debian/etlhausz/venv/lib/python3.9/site-packages/airflow/example_dags/example_bash_operator.py
[2022-11-06T22:23:43.213-0300] {processor.py:766} INFO - DAG(s) dict_keys(['example_bash_operator']) retrieved from /home/debian/etlhausz/venv/lib/python3.9/site-packages/airflow/example_dags/example_bash_operator.py
[2022-11-06T22:23:43.265-0300] {logging_mixin.py:120} INFO - [2022-11-06T22:23:43.265-0300] {dag.py:2585} INFO - Sync 1 DAGs
[2022-11-06T22:23:43.289-0300] {logging_mixin.py:120} INFO - [2022-11-06T22:23:43.289-0300] {dag.py:3336} INFO - Setting next_dagrun for example_bash_operator to 2022-11-06T00:00:00+00:00, run_after=2022-11-07T00:00:00+00:00
[2022-11-06T22:23:43.315-0300] {processor.py:176} INFO - Processing /home/debian/etlhausz/venv/lib/python3.9/site-packages/airflow/example_dags/example_bash_operator.py took 0.127 seconds
[2022-11-06T22:24:16.380-0300] {processor.py:154} INFO - Started process (PID=32278) to work on /home/debian/etlhausz/venv/lib/python3.9/site-packages/airflow/example_dags/example_bash_operator.py
[2022-11-06T22:24:16.382-0300] {processor.py:756} INFO - Processing file /home/debian/etlhausz/venv/lib/python3.9/site-packages/airflow/example_dags/example_bash_operator.py for tasks to queue
[2022-11-06T22:24:16.385-0300] {logging_mixin.py:120} INFO - [2022-11-06T22:24:16.384-0300] {dagbag.py:537} INFO - Filling up the DagBag from /home/debian/etlhausz/venv/lib/python3.9/site-packages/airflow/example_dags/example_bash_operator.py
[2022-11-06T22:24:16.436-0300] {processor.py:766} INFO - DAG(s) dict_keys(['example_bash_operator']) retrieved from /home/debian/etlhausz/venv/lib/python3.9/site-packages/airflow/example_dags/example_bash_operator.py
[2022-11-06T22:24:16.526-0300] {logging_mixin.py:120} INFO - [2022-11-06T22:24:16.525-0300] {dag.py:2585} INFO - Sync 1 DAGs
[2022-11-06T22:24:16.564-0300] {logging_mixin.py:120} INFO - [2022-11-06T22:24:16.564-0300] {dag.py:3336} INFO - Setting next_dagrun for example_bash_operator to 2022-11-06T00:00:00+00:00, run_after=2022-11-07T00:00:00+00:00
[2022-11-06T22:24:16.589-0300] {processor.py:176} INFO - Processing /home/debian/etlhausz/venv/lib/python3.9/site-packages/airflow/example_dags/example_bash_operator.py took 0.219 seconds
[2022-11-06T22:24:47.522-0300] {processor.py:154} INFO - Started process (PID=32885) to work on /home/debian/etlhausz/venv/lib/python3.9/site-packages/airflow/example_dags/example_bash_operator.py
[2022-11-06T22:24:47.533-0300] {processor.py:756} INFO - Processing file /home/debian/etlhausz/venv/lib/python3.9/site-packages/airflow/example_dags/example_bash_operator.py for tasks to queue
[2022-11-06T22:24:47.535-0300] {logging_mixin.py:120} INFO - [2022-11-06T22:24:47.535-0300] {dagbag.py:537} INFO - Filling up the DagBag from /home/debian/etlhausz/venv/lib/python3.9/site-packages/airflow/example_dags/example_bash_operator.py
[2022-11-06T22:24:47.602-0300] {processor.py:766} INFO - DAG(s) dict_keys(['example_bash_operator']) retrieved from /home/debian/etlhausz/venv/lib/python3.9/site-packages/airflow/example_dags/example_bash_operator.py
[2022-11-06T22:24:47.992-0300] {logging_mixin.py:120} INFO - [2022-11-06T22:24:47.991-0300] {dag.py:2585} INFO - Sync 1 DAGs
[2022-11-06T22:24:48.092-0300] {logging_mixin.py:120} INFO - [2022-11-06T22:24:48.092-0300] {dag.py:3336} INFO - Setting next_dagrun for example_bash_operator to 2022-11-06T00:00:00+00:00, run_after=2022-11-07T00:00:00+00:00
[2022-11-06T22:24:48.251-0300] {processor.py:176} INFO - Processing /home/debian/etlhausz/venv/lib/python3.9/site-packages/airflow/example_dags/example_bash_operator.py took 0.738 seconds
[2022-11-06T22:25:19.275-0300] {processor.py:154} INFO - Started process (PID=33566) to work on /home/debian/etlhausz/venv/lib/python3.9/site-packages/airflow/example_dags/example_bash_operator.py
[2022-11-06T22:25:19.276-0300] {processor.py:756} INFO - Processing file /home/debian/etlhausz/venv/lib/python3.9/site-packages/airflow/example_dags/example_bash_operator.py for tasks to queue
[2022-11-06T22:25:19.276-0300] {logging_mixin.py:120} INFO - [2022-11-06T22:25:19.276-0300] {dagbag.py:537} INFO - Filling up the DagBag from /home/debian/etlhausz/venv/lib/python3.9/site-packages/airflow/example_dags/example_bash_operator.py
[2022-11-06T22:25:19.294-0300] {processor.py:766} INFO - DAG(s) dict_keys(['example_bash_operator']) retrieved from /home/debian/etlhausz/venv/lib/python3.9/site-packages/airflow/example_dags/example_bash_operator.py
[2022-11-06T22:25:19.368-0300] {logging_mixin.py:120} INFO - [2022-11-06T22:25:19.367-0300] {dag.py:2585} INFO - Sync 1 DAGs
[2022-11-06T22:25:19.420-0300] {logging_mixin.py:120} INFO - [2022-11-06T22:25:19.419-0300] {dag.py:3336} INFO - Setting next_dagrun for example_bash_operator to 2022-11-06T00:00:00+00:00, run_after=2022-11-07T00:00:00+00:00
[2022-11-06T22:25:19.644-0300] {processor.py:176} INFO - Processing /home/debian/etlhausz/venv/lib/python3.9/site-packages/airflow/example_dags/example_bash_operator.py took 0.374 seconds
[2022-11-06T22:25:50.489-0300] {processor.py:154} INFO - Started process (PID=34112) to work on /home/debian/etlhausz/venv/lib/python3.9/site-packages/airflow/example_dags/example_bash_operator.py
[2022-11-06T22:25:50.491-0300] {processor.py:756} INFO - Processing file /home/debian/etlhausz/venv/lib/python3.9/site-packages/airflow/example_dags/example_bash_operator.py for tasks to queue
[2022-11-06T22:25:50.492-0300] {logging_mixin.py:120} INFO - [2022-11-06T22:25:50.492-0300] {dagbag.py:537} INFO - Filling up the DagBag from /home/debian/etlhausz/venv/lib/python3.9/site-packages/airflow/example_dags/example_bash_operator.py
[2022-11-06T22:25:50.510-0300] {processor.py:766} INFO - DAG(s) dict_keys(['example_bash_operator']) retrieved from /home/debian/etlhausz/venv/lib/python3.9/site-packages/airflow/example_dags/example_bash_operator.py
[2022-11-06T22:25:50.561-0300] {logging_mixin.py:120} INFO - [2022-11-06T22:25:50.561-0300] {dag.py:2585} INFO - Sync 1 DAGs
[2022-11-06T22:25:50.678-0300] {logging_mixin.py:120} INFO - [2022-11-06T22:25:50.678-0300] {dag.py:3336} INFO - Setting next_dagrun for example_bash_operator to 2022-11-06T00:00:00+00:00, run_after=2022-11-07T00:00:00+00:00
[2022-11-06T22:25:50.697-0300] {processor.py:176} INFO - Processing /home/debian/etlhausz/venv/lib/python3.9/site-packages/airflow/example_dags/example_bash_operator.py took 0.211 seconds
[2022-11-06T22:26:21.063-0300] {processor.py:154} INFO - Started process (PID=34650) to work on /home/debian/etlhausz/venv/lib/python3.9/site-packages/airflow/example_dags/example_bash_operator.py
[2022-11-06T22:26:21.063-0300] {processor.py:756} INFO - Processing file /home/debian/etlhausz/venv/lib/python3.9/site-packages/airflow/example_dags/example_bash_operator.py for tasks to queue
[2022-11-06T22:26:21.064-0300] {logging_mixin.py:120} INFO - [2022-11-06T22:26:21.064-0300] {dagbag.py:537} INFO - Filling up the DagBag from /home/debian/etlhausz/venv/lib/python3.9/site-packages/airflow/example_dags/example_bash_operator.py
[2022-11-06T22:26:21.081-0300] {processor.py:766} INFO - DAG(s) dict_keys(['example_bash_operator']) retrieved from /home/debian/etlhausz/venv/lib/python3.9/site-packages/airflow/example_dags/example_bash_operator.py
[2022-11-06T22:26:21.435-0300] {logging_mixin.py:120} INFO - [2022-11-06T22:26:21.434-0300] {dag.py:2585} INFO - Sync 1 DAGs
[2022-11-06T22:26:21.476-0300] {logging_mixin.py:120} INFO - [2022-11-06T22:26:21.476-0300] {dag.py:3336} INFO - Setting next_dagrun for example_bash_operator to 2022-11-06T00:00:00+00:00, run_after=2022-11-07T00:00:00+00:00
[2022-11-06T22:26:21.557-0300] {processor.py:176} INFO - Processing /home/debian/etlhausz/venv/lib/python3.9/site-packages/airflow/example_dags/example_bash_operator.py took 0.497 seconds
[2022-11-06T22:26:52.520-0300] {processor.py:154} INFO - Started process (PID=35191) to work on /home/debian/etlhausz/venv/lib/python3.9/site-packages/airflow/example_dags/example_bash_operator.py
[2022-11-06T22:26:52.522-0300] {processor.py:756} INFO - Processing file /home/debian/etlhausz/venv/lib/python3.9/site-packages/airflow/example_dags/example_bash_operator.py for tasks to queue
[2022-11-06T22:26:52.523-0300] {logging_mixin.py:120} INFO - [2022-11-06T22:26:52.523-0300] {dagbag.py:537} INFO - Filling up the DagBag from /home/debian/etlhausz/venv/lib/python3.9/site-packages/airflow/example_dags/example_bash_operator.py
[2022-11-06T22:26:52.545-0300] {processor.py:766} INFO - DAG(s) dict_keys(['example_bash_operator']) retrieved from /home/debian/etlhausz/venv/lib/python3.9/site-packages/airflow/example_dags/example_bash_operator.py
[2022-11-06T22:26:52.731-0300] {logging_mixin.py:120} INFO - [2022-11-06T22:26:52.731-0300] {dag.py:2585} INFO - Sync 1 DAGs
[2022-11-06T22:26:52.753-0300] {logging_mixin.py:120} INFO - [2022-11-06T22:26:52.753-0300] {dag.py:3336} INFO - Setting next_dagrun for example_bash_operator to 2022-11-06T00:00:00+00:00, run_after=2022-11-07T00:00:00+00:00
[2022-11-06T22:26:52.788-0300] {processor.py:176} INFO - Processing /home/debian/etlhausz/venv/lib/python3.9/site-packages/airflow/example_dags/example_bash_operator.py took 0.271 seconds
[2022-11-06T22:27:24.012-0300] {processor.py:154} INFO - Started process (PID=35737) to work on /home/debian/etlhausz/venv/lib/python3.9/site-packages/airflow/example_dags/example_bash_operator.py
[2022-11-06T22:27:24.017-0300] {processor.py:756} INFO - Processing file /home/debian/etlhausz/venv/lib/python3.9/site-packages/airflow/example_dags/example_bash_operator.py for tasks to queue
[2022-11-06T22:27:24.019-0300] {logging_mixin.py:120} INFO - [2022-11-06T22:27:24.019-0300] {dagbag.py:537} INFO - Filling up the DagBag from /home/debian/etlhausz/venv/lib/python3.9/site-packages/airflow/example_dags/example_bash_operator.py
[2022-11-06T22:27:24.106-0300] {processor.py:766} INFO - DAG(s) dict_keys(['example_bash_operator']) retrieved from /home/debian/etlhausz/venv/lib/python3.9/site-packages/airflow/example_dags/example_bash_operator.py
[2022-11-06T22:27:24.179-0300] {logging_mixin.py:120} INFO - [2022-11-06T22:27:24.177-0300] {dag.py:2585} INFO - Sync 1 DAGs
[2022-11-06T22:27:24.206-0300] {logging_mixin.py:120} INFO - [2022-11-06T22:27:24.206-0300] {dag.py:3336} INFO - Setting next_dagrun for example_bash_operator to 2022-11-06T00:00:00+00:00, run_after=2022-11-07T00:00:00+00:00
[2022-11-06T22:27:24.324-0300] {processor.py:176} INFO - Processing /home/debian/etlhausz/venv/lib/python3.9/site-packages/airflow/example_dags/example_bash_operator.py took 0.318 seconds
[2022-11-06T22:27:55.521-0300] {processor.py:154} INFO - Started process (PID=36289) to work on /home/debian/etlhausz/venv/lib/python3.9/site-packages/airflow/example_dags/example_bash_operator.py
[2022-11-06T22:27:55.524-0300] {processor.py:756} INFO - Processing file /home/debian/etlhausz/venv/lib/python3.9/site-packages/airflow/example_dags/example_bash_operator.py for tasks to queue
[2022-11-06T22:27:55.525-0300] {logging_mixin.py:120} INFO - [2022-11-06T22:27:55.524-0300] {dagbag.py:537} INFO - Filling up the DagBag from /home/debian/etlhausz/venv/lib/python3.9/site-packages/airflow/example_dags/example_bash_operator.py
[2022-11-06T22:27:55.578-0300] {processor.py:766} INFO - DAG(s) dict_keys(['example_bash_operator']) retrieved from /home/debian/etlhausz/venv/lib/python3.9/site-packages/airflow/example_dags/example_bash_operator.py
[2022-11-06T22:27:55.702-0300] {logging_mixin.py:120} INFO - [2022-11-06T22:27:55.701-0300] {dag.py:2585} INFO - Sync 1 DAGs
[2022-11-06T22:27:55.897-0300] {logging_mixin.py:120} INFO - [2022-11-06T22:27:55.897-0300] {dag.py:3336} INFO - Setting next_dagrun for example_bash_operator to 2022-11-06T00:00:00+00:00, run_after=2022-11-07T00:00:00+00:00
[2022-11-06T22:27:55.914-0300] {processor.py:176} INFO - Processing /home/debian/etlhausz/venv/lib/python3.9/site-packages/airflow/example_dags/example_bash_operator.py took 0.398 seconds
[2022-11-06T22:28:26.661-0300] {processor.py:154} INFO - Started process (PID=36949) to work on /home/debian/etlhausz/venv/lib/python3.9/site-packages/airflow/example_dags/example_bash_operator.py
[2022-11-06T22:28:26.662-0300] {processor.py:756} INFO - Processing file /home/debian/etlhausz/venv/lib/python3.9/site-packages/airflow/example_dags/example_bash_operator.py for tasks to queue
[2022-11-06T22:28:26.664-0300] {logging_mixin.py:120} INFO - [2022-11-06T22:28:26.663-0300] {dagbag.py:537} INFO - Filling up the DagBag from /home/debian/etlhausz/venv/lib/python3.9/site-packages/airflow/example_dags/example_bash_operator.py
[2022-11-06T22:28:26.697-0300] {processor.py:766} INFO - DAG(s) dict_keys(['example_bash_operator']) retrieved from /home/debian/etlhausz/venv/lib/python3.9/site-packages/airflow/example_dags/example_bash_operator.py
[2022-11-06T22:28:27.121-0300] {logging_mixin.py:120} INFO - [2022-11-06T22:28:27.121-0300] {dag.py:2585} INFO - Sync 1 DAGs
[2022-11-06T22:28:27.148-0300] {logging_mixin.py:120} INFO - [2022-11-06T22:28:27.148-0300] {dag.py:3336} INFO - Setting next_dagrun for example_bash_operator to 2022-11-06T00:00:00+00:00, run_after=2022-11-07T00:00:00+00:00
[2022-11-06T22:28:27.202-0300] {processor.py:176} INFO - Processing /home/debian/etlhausz/venv/lib/python3.9/site-packages/airflow/example_dags/example_bash_operator.py took 0.553 seconds
[2022-11-06T22:28:57.402-0300] {processor.py:154} INFO - Started process (PID=37489) to work on /home/debian/etlhausz/venv/lib/python3.9/site-packages/airflow/example_dags/example_bash_operator.py
[2022-11-06T22:28:57.403-0300] {processor.py:756} INFO - Processing file /home/debian/etlhausz/venv/lib/python3.9/site-packages/airflow/example_dags/example_bash_operator.py for tasks to queue
[2022-11-06T22:28:57.403-0300] {logging_mixin.py:120} INFO - [2022-11-06T22:28:57.403-0300] {dagbag.py:537} INFO - Filling up the DagBag from /home/debian/etlhausz/venv/lib/python3.9/site-packages/airflow/example_dags/example_bash_operator.py
[2022-11-06T22:28:57.443-0300] {processor.py:766} INFO - DAG(s) dict_keys(['example_bash_operator']) retrieved from /home/debian/etlhausz/venv/lib/python3.9/site-packages/airflow/example_dags/example_bash_operator.py
[2022-11-06T22:28:57.688-0300] {logging_mixin.py:120} INFO - [2022-11-06T22:28:57.688-0300] {dag.py:2585} INFO - Sync 1 DAGs
[2022-11-06T22:28:57.710-0300] {logging_mixin.py:120} INFO - [2022-11-06T22:28:57.710-0300] {dag.py:3336} INFO - Setting next_dagrun for example_bash_operator to 2022-11-06T00:00:00+00:00, run_after=2022-11-07T00:00:00+00:00
[2022-11-06T22:28:57.728-0300] {processor.py:176} INFO - Processing /home/debian/etlhausz/venv/lib/python3.9/site-packages/airflow/example_dags/example_bash_operator.py took 0.330 seconds
[2022-11-06T22:29:28.494-0300] {processor.py:154} INFO - Started process (PID=38033) to work on /home/debian/etlhausz/venv/lib/python3.9/site-packages/airflow/example_dags/example_bash_operator.py
[2022-11-06T22:29:28.497-0300] {processor.py:756} INFO - Processing file /home/debian/etlhausz/venv/lib/python3.9/site-packages/airflow/example_dags/example_bash_operator.py for tasks to queue
[2022-11-06T22:29:28.497-0300] {logging_mixin.py:120} INFO - [2022-11-06T22:29:28.497-0300] {dagbag.py:537} INFO - Filling up the DagBag from /home/debian/etlhausz/venv/lib/python3.9/site-packages/airflow/example_dags/example_bash_operator.py
[2022-11-06T22:29:28.571-0300] {processor.py:766} INFO - DAG(s) dict_keys(['example_bash_operator']) retrieved from /home/debian/etlhausz/venv/lib/python3.9/site-packages/airflow/example_dags/example_bash_operator.py
[2022-11-06T22:29:28.752-0300] {logging_mixin.py:120} INFO - [2022-11-06T22:29:28.752-0300] {dag.py:2585} INFO - Sync 1 DAGs
[2022-11-06T22:29:29.043-0300] {logging_mixin.py:120} INFO - [2022-11-06T22:29:29.042-0300] {dag.py:3336} INFO - Setting next_dagrun for example_bash_operator to 2022-11-06T00:00:00+00:00, run_after=2022-11-07T00:00:00+00:00
[2022-11-06T22:29:29.128-0300] {processor.py:176} INFO - Processing /home/debian/etlhausz/venv/lib/python3.9/site-packages/airflow/example_dags/example_bash_operator.py took 0.641 seconds
[2022-11-06T22:29:59.666-0300] {processor.py:154} INFO - Started process (PID=38536) to work on /home/debian/etlhausz/venv/lib/python3.9/site-packages/airflow/example_dags/example_bash_operator.py
[2022-11-06T22:29:59.667-0300] {processor.py:756} INFO - Processing file /home/debian/etlhausz/venv/lib/python3.9/site-packages/airflow/example_dags/example_bash_operator.py for tasks to queue
[2022-11-06T22:29:59.667-0300] {logging_mixin.py:120} INFO - [2022-11-06T22:29:59.667-0300] {dagbag.py:537} INFO - Filling up the DagBag from /home/debian/etlhausz/venv/lib/python3.9/site-packages/airflow/example_dags/example_bash_operator.py
[2022-11-06T22:29:59.683-0300] {processor.py:766} INFO - DAG(s) dict_keys(['example_bash_operator']) retrieved from /home/debian/etlhausz/venv/lib/python3.9/site-packages/airflow/example_dags/example_bash_operator.py
[2022-11-06T22:29:59.731-0300] {logging_mixin.py:120} INFO - [2022-11-06T22:29:59.731-0300] {dag.py:2585} INFO - Sync 1 DAGs
[2022-11-06T22:29:59.835-0300] {logging_mixin.py:120} INFO - [2022-11-06T22:29:59.835-0300] {dag.py:3336} INFO - Setting next_dagrun for example_bash_operator to 2022-11-06T00:00:00+00:00, run_after=2022-11-07T00:00:00+00:00
[2022-11-06T22:29:59.859-0300] {processor.py:176} INFO - Processing /home/debian/etlhausz/venv/lib/python3.9/site-packages/airflow/example_dags/example_bash_operator.py took 0.196 seconds
[2022-11-06T22:30:30.016-0300] {processor.py:154} INFO - Started process (PID=39169) to work on /home/debian/etlhausz/venv/lib/python3.9/site-packages/airflow/example_dags/example_bash_operator.py
[2022-11-06T22:30:30.018-0300] {processor.py:756} INFO - Processing file /home/debian/etlhausz/venv/lib/python3.9/site-packages/airflow/example_dags/example_bash_operator.py for tasks to queue
[2022-11-06T22:30:30.019-0300] {logging_mixin.py:120} INFO - [2022-11-06T22:30:30.019-0300] {dagbag.py:537} INFO - Filling up the DagBag from /home/debian/etlhausz/venv/lib/python3.9/site-packages/airflow/example_dags/example_bash_operator.py
[2022-11-06T22:30:30.036-0300] {processor.py:766} INFO - DAG(s) dict_keys(['example_bash_operator']) retrieved from /home/debian/etlhausz/venv/lib/python3.9/site-packages/airflow/example_dags/example_bash_operator.py
[2022-11-06T22:30:30.158-0300] {logging_mixin.py:120} INFO - [2022-11-06T22:30:30.158-0300] {dag.py:2585} INFO - Sync 1 DAGs
[2022-11-06T22:30:30.176-0300] {logging_mixin.py:120} INFO - [2022-11-06T22:30:30.176-0300] {dag.py:3336} INFO - Setting next_dagrun for example_bash_operator to 2022-11-06T00:00:00+00:00, run_after=2022-11-07T00:00:00+00:00
[2022-11-06T22:30:30.194-0300] {processor.py:176} INFO - Processing /home/debian/etlhausz/venv/lib/python3.9/site-packages/airflow/example_dags/example_bash_operator.py took 0.181 seconds
[2022-11-06T22:31:01.271-0300] {processor.py:154} INFO - Started process (PID=39707) to work on /home/debian/etlhausz/venv/lib/python3.9/site-packages/airflow/example_dags/example_bash_operator.py
[2022-11-06T22:31:01.275-0300] {processor.py:756} INFO - Processing file /home/debian/etlhausz/venv/lib/python3.9/site-packages/airflow/example_dags/example_bash_operator.py for tasks to queue
[2022-11-06T22:31:01.281-0300] {logging_mixin.py:120} INFO - [2022-11-06T22:31:01.279-0300] {dagbag.py:537} INFO - Filling up the DagBag from /home/debian/etlhausz/venv/lib/python3.9/site-packages/airflow/example_dags/example_bash_operator.py
[2022-11-06T22:31:01.300-0300] {processor.py:766} INFO - DAG(s) dict_keys(['example_bash_operator']) retrieved from /home/debian/etlhausz/venv/lib/python3.9/site-packages/airflow/example_dags/example_bash_operator.py
[2022-11-06T22:31:01.472-0300] {logging_mixin.py:120} INFO - [2022-11-06T22:31:01.472-0300] {dag.py:2585} INFO - Sync 1 DAGs
[2022-11-06T22:31:01.490-0300] {logging_mixin.py:120} INFO - [2022-11-06T22:31:01.490-0300] {dag.py:3336} INFO - Setting next_dagrun for example_bash_operator to 2022-11-06T00:00:00+00:00, run_after=2022-11-07T00:00:00+00:00
[2022-11-06T22:31:01.513-0300] {processor.py:176} INFO - Processing /home/debian/etlhausz/venv/lib/python3.9/site-packages/airflow/example_dags/example_bash_operator.py took 0.246 seconds
[2022-11-06T22:31:33.054-0300] {processor.py:154} INFO - Started process (PID=40244) to work on /home/debian/etlhausz/venv/lib/python3.9/site-packages/airflow/example_dags/example_bash_operator.py
[2022-11-06T22:31:33.055-0300] {processor.py:756} INFO - Processing file /home/debian/etlhausz/venv/lib/python3.9/site-packages/airflow/example_dags/example_bash_operator.py for tasks to queue
[2022-11-06T22:31:33.056-0300] {logging_mixin.py:120} INFO - [2022-11-06T22:31:33.056-0300] {dagbag.py:537} INFO - Filling up the DagBag from /home/debian/etlhausz/venv/lib/python3.9/site-packages/airflow/example_dags/example_bash_operator.py
[2022-11-06T22:31:33.077-0300] {processor.py:766} INFO - DAG(s) dict_keys(['example_bash_operator']) retrieved from /home/debian/etlhausz/venv/lib/python3.9/site-packages/airflow/example_dags/example_bash_operator.py
[2022-11-06T22:31:33.197-0300] {logging_mixin.py:120} INFO - [2022-11-06T22:31:33.195-0300] {dag.py:2585} INFO - Sync 1 DAGs
[2022-11-06T22:31:33.335-0300] {logging_mixin.py:120} INFO - [2022-11-06T22:31:33.335-0300] {dag.py:3336} INFO - Setting next_dagrun for example_bash_operator to 2022-11-06T00:00:00+00:00, run_after=2022-11-07T00:00:00+00:00
[2022-11-06T22:31:33.354-0300] {processor.py:176} INFO - Processing /home/debian/etlhausz/venv/lib/python3.9/site-packages/airflow/example_dags/example_bash_operator.py took 0.302 seconds
