[2022-11-06T21:00:14.553-0300] {processor.py:154} INFO - Started process (PID=61050) to work on /home/debian/etlhausz/venv/lib/python3.9/site-packages/airflow/example_dags/example_branch_labels.py
[2022-11-06T21:00:14.554-0300] {processor.py:756} INFO - Processing file /home/debian/etlhausz/venv/lib/python3.9/site-packages/airflow/example_dags/example_branch_labels.py for tasks to queue
[2022-11-06T21:00:14.554-0300] {logging_mixin.py:120} INFO - [2022-11-06T21:00:14.554-0300] {dagbag.py:537} INFO - Filling up the DagBag from /home/debian/etlhausz/venv/lib/python3.9/site-packages/airflow/example_dags/example_branch_labels.py
[2022-11-06T21:00:14.568-0300] {processor.py:766} INFO - DAG(s) dict_keys(['example_branch_labels']) retrieved from /home/debian/etlhausz/venv/lib/python3.9/site-packages/airflow/example_dags/example_branch_labels.py
[2022-11-06T21:00:14.618-0300] {logging_mixin.py:120} INFO - [2022-11-06T21:00:14.618-0300] {dag.py:2585} INFO - Sync 1 DAGs
[2022-11-06T21:00:14.641-0300] {logging_mixin.py:120} INFO - [2022-11-06T21:00:14.641-0300] {dag.py:3336} INFO - Setting next_dagrun for example_branch_labels to 2022-11-06T00:00:00+00:00, run_after=2022-11-07T00:00:00+00:00
[2022-11-06T21:00:14.671-0300] {processor.py:176} INFO - Processing /home/debian/etlhausz/venv/lib/python3.9/site-packages/airflow/example_dags/example_branch_labels.py took 0.120 seconds
[2022-11-06T21:00:45.067-0300] {processor.py:154} INFO - Started process (PID=61628) to work on /home/debian/etlhausz/venv/lib/python3.9/site-packages/airflow/example_dags/example_branch_labels.py
[2022-11-06T21:00:45.081-0300] {processor.py:756} INFO - Processing file /home/debian/etlhausz/venv/lib/python3.9/site-packages/airflow/example_dags/example_branch_labels.py for tasks to queue
[2022-11-06T21:00:45.083-0300] {logging_mixin.py:120} INFO - [2022-11-06T21:00:45.082-0300] {dagbag.py:537} INFO - Filling up the DagBag from /home/debian/etlhausz/venv/lib/python3.9/site-packages/airflow/example_dags/example_branch_labels.py
[2022-11-06T21:00:45.104-0300] {processor.py:766} INFO - DAG(s) dict_keys(['example_branch_labels']) retrieved from /home/debian/etlhausz/venv/lib/python3.9/site-packages/airflow/example_dags/example_branch_labels.py
[2022-11-06T21:00:45.147-0300] {logging_mixin.py:120} INFO - [2022-11-06T21:00:45.147-0300] {dag.py:2585} INFO - Sync 1 DAGs
[2022-11-06T21:00:45.282-0300] {logging_mixin.py:120} INFO - [2022-11-06T21:00:45.282-0300] {dag.py:3336} INFO - Setting next_dagrun for example_branch_labels to 2022-11-06T00:00:00+00:00, run_after=2022-11-07T00:00:00+00:00
[2022-11-06T21:00:45.341-0300] {processor.py:176} INFO - Processing /home/debian/etlhausz/venv/lib/python3.9/site-packages/airflow/example_dags/example_branch_labels.py took 0.277 seconds
[2022-11-06T21:01:15.549-0300] {processor.py:154} INFO - Started process (PID=62196) to work on /home/debian/etlhausz/venv/lib/python3.9/site-packages/airflow/example_dags/example_branch_labels.py
[2022-11-06T21:01:15.550-0300] {processor.py:756} INFO - Processing file /home/debian/etlhausz/venv/lib/python3.9/site-packages/airflow/example_dags/example_branch_labels.py for tasks to queue
[2022-11-06T21:01:15.550-0300] {logging_mixin.py:120} INFO - [2022-11-06T21:01:15.550-0300] {dagbag.py:537} INFO - Filling up the DagBag from /home/debian/etlhausz/venv/lib/python3.9/site-packages/airflow/example_dags/example_branch_labels.py
[2022-11-06T21:01:15.591-0300] {processor.py:766} INFO - DAG(s) dict_keys(['example_branch_labels']) retrieved from /home/debian/etlhausz/venv/lib/python3.9/site-packages/airflow/example_dags/example_branch_labels.py
[2022-11-06T21:01:15.737-0300] {logging_mixin.py:120} INFO - [2022-11-06T21:01:15.737-0300] {dag.py:2585} INFO - Sync 1 DAGs
[2022-11-06T21:01:15.760-0300] {logging_mixin.py:120} INFO - [2022-11-06T21:01:15.759-0300] {dag.py:3336} INFO - Setting next_dagrun for example_branch_labels to 2022-11-06T00:00:00+00:00, run_after=2022-11-07T00:00:00+00:00
[2022-11-06T21:01:15.795-0300] {processor.py:176} INFO - Processing /home/debian/etlhausz/venv/lib/python3.9/site-packages/airflow/example_dags/example_branch_labels.py took 0.250 seconds
[2022-11-06T21:01:46.197-0300] {processor.py:154} INFO - Started process (PID=62774) to work on /home/debian/etlhausz/venv/lib/python3.9/site-packages/airflow/example_dags/example_branch_labels.py
[2022-11-06T21:01:46.209-0300] {processor.py:756} INFO - Processing file /home/debian/etlhausz/venv/lib/python3.9/site-packages/airflow/example_dags/example_branch_labels.py for tasks to queue
[2022-11-06T21:01:46.210-0300] {logging_mixin.py:120} INFO - [2022-11-06T21:01:46.210-0300] {dagbag.py:537} INFO - Filling up the DagBag from /home/debian/etlhausz/venv/lib/python3.9/site-packages/airflow/example_dags/example_branch_labels.py
[2022-11-06T21:01:46.323-0300] {processor.py:766} INFO - DAG(s) dict_keys(['example_branch_labels']) retrieved from /home/debian/etlhausz/venv/lib/python3.9/site-packages/airflow/example_dags/example_branch_labels.py
[2022-11-06T21:01:46.684-0300] {logging_mixin.py:120} INFO - [2022-11-06T21:01:46.684-0300] {dag.py:2585} INFO - Sync 1 DAGs
[2022-11-06T21:01:46.718-0300] {logging_mixin.py:120} INFO - [2022-11-06T21:01:46.718-0300] {dag.py:3336} INFO - Setting next_dagrun for example_branch_labels to 2022-11-06T00:00:00+00:00, run_after=2022-11-07T00:00:00+00:00
[2022-11-06T21:01:46.733-0300] {processor.py:176} INFO - Processing /home/debian/etlhausz/venv/lib/python3.9/site-packages/airflow/example_dags/example_branch_labels.py took 0.543 seconds
[2022-11-06T21:02:17.430-0300] {processor.py:154} INFO - Started process (PID=63320) to work on /home/debian/etlhausz/venv/lib/python3.9/site-packages/airflow/example_dags/example_branch_labels.py
[2022-11-06T21:02:17.431-0300] {processor.py:756} INFO - Processing file /home/debian/etlhausz/venv/lib/python3.9/site-packages/airflow/example_dags/example_branch_labels.py for tasks to queue
[2022-11-06T21:02:17.432-0300] {logging_mixin.py:120} INFO - [2022-11-06T21:02:17.432-0300] {dagbag.py:537} INFO - Filling up the DagBag from /home/debian/etlhausz/venv/lib/python3.9/site-packages/airflow/example_dags/example_branch_labels.py
[2022-11-06T21:02:17.497-0300] {processor.py:766} INFO - DAG(s) dict_keys(['example_branch_labels']) retrieved from /home/debian/etlhausz/venv/lib/python3.9/site-packages/airflow/example_dags/example_branch_labels.py
[2022-11-06T21:02:17.608-0300] {logging_mixin.py:120} INFO - [2022-11-06T21:02:17.607-0300] {dag.py:2585} INFO - Sync 1 DAGs
[2022-11-06T21:02:17.654-0300] {logging_mixin.py:120} INFO - [2022-11-06T21:02:17.654-0300] {dag.py:3336} INFO - Setting next_dagrun for example_branch_labels to 2022-11-06T00:00:00+00:00, run_after=2022-11-07T00:00:00+00:00
[2022-11-06T21:02:17.683-0300] {processor.py:176} INFO - Processing /home/debian/etlhausz/venv/lib/python3.9/site-packages/airflow/example_dags/example_branch_labels.py took 0.256 seconds
[2022-11-06T21:02:49.193-0300] {processor.py:154} INFO - Started process (PID=63866) to work on /home/debian/etlhausz/venv/lib/python3.9/site-packages/airflow/example_dags/example_branch_labels.py
[2022-11-06T21:02:49.194-0300] {processor.py:756} INFO - Processing file /home/debian/etlhausz/venv/lib/python3.9/site-packages/airflow/example_dags/example_branch_labels.py for tasks to queue
[2022-11-06T21:02:49.195-0300] {logging_mixin.py:120} INFO - [2022-11-06T21:02:49.195-0300] {dagbag.py:537} INFO - Filling up the DagBag from /home/debian/etlhausz/venv/lib/python3.9/site-packages/airflow/example_dags/example_branch_labels.py
[2022-11-06T21:02:49.211-0300] {processor.py:766} INFO - DAG(s) dict_keys(['example_branch_labels']) retrieved from /home/debian/etlhausz/venv/lib/python3.9/site-packages/airflow/example_dags/example_branch_labels.py
[2022-11-06T21:02:49.277-0300] {logging_mixin.py:120} INFO - [2022-11-06T21:02:49.277-0300] {dag.py:2585} INFO - Sync 1 DAGs
[2022-11-06T21:02:50.150-0300] {logging_mixin.py:120} INFO - [2022-11-06T21:02:50.149-0300] {dag.py:3336} INFO - Setting next_dagrun for example_branch_labels to 2022-11-06T00:00:00+00:00, run_after=2022-11-07T00:00:00+00:00
[2022-11-06T21:02:50.237-0300] {processor.py:176} INFO - Processing /home/debian/etlhausz/venv/lib/python3.9/site-packages/airflow/example_dags/example_branch_labels.py took 1.048 seconds
[2022-11-06T21:03:21.120-0300] {processor.py:154} INFO - Started process (PID=64392) to work on /home/debian/etlhausz/venv/lib/python3.9/site-packages/airflow/example_dags/example_branch_labels.py
[2022-11-06T21:03:21.127-0300] {processor.py:756} INFO - Processing file /home/debian/etlhausz/venv/lib/python3.9/site-packages/airflow/example_dags/example_branch_labels.py for tasks to queue
[2022-11-06T21:03:21.128-0300] {logging_mixin.py:120} INFO - [2022-11-06T21:03:21.127-0300] {dagbag.py:537} INFO - Filling up the DagBag from /home/debian/etlhausz/venv/lib/python3.9/site-packages/airflow/example_dags/example_branch_labels.py
[2022-11-06T21:03:21.162-0300] {processor.py:766} INFO - DAG(s) dict_keys(['example_branch_labels']) retrieved from /home/debian/etlhausz/venv/lib/python3.9/site-packages/airflow/example_dags/example_branch_labels.py
[2022-11-06T21:03:21.404-0300] {logging_mixin.py:120} INFO - [2022-11-06T21:03:21.404-0300] {dag.py:2585} INFO - Sync 1 DAGs
[2022-11-06T21:03:21.447-0300] {logging_mixin.py:120} INFO - [2022-11-06T21:03:21.447-0300] {dag.py:3336} INFO - Setting next_dagrun for example_branch_labels to 2022-11-06T00:00:00+00:00, run_after=2022-11-07T00:00:00+00:00
[2022-11-06T21:03:21.475-0300] {processor.py:176} INFO - Processing /home/debian/etlhausz/venv/lib/python3.9/site-packages/airflow/example_dags/example_branch_labels.py took 0.358 seconds
[2022-11-06T21:03:51.970-0300] {processor.py:154} INFO - Started process (PID=65048) to work on /home/debian/etlhausz/venv/lib/python3.9/site-packages/airflow/example_dags/example_branch_labels.py
[2022-11-06T21:03:51.972-0300] {processor.py:756} INFO - Processing file /home/debian/etlhausz/venv/lib/python3.9/site-packages/airflow/example_dags/example_branch_labels.py for tasks to queue
[2022-11-06T21:03:51.973-0300] {logging_mixin.py:120} INFO - [2022-11-06T21:03:51.973-0300] {dagbag.py:537} INFO - Filling up the DagBag from /home/debian/etlhausz/venv/lib/python3.9/site-packages/airflow/example_dags/example_branch_labels.py
[2022-11-06T21:03:52.025-0300] {processor.py:766} INFO - DAG(s) dict_keys(['example_branch_labels']) retrieved from /home/debian/etlhausz/venv/lib/python3.9/site-packages/airflow/example_dags/example_branch_labels.py
[2022-11-06T21:03:52.198-0300] {logging_mixin.py:120} INFO - [2022-11-06T21:03:52.198-0300] {dag.py:2585} INFO - Sync 1 DAGs
[2022-11-06T21:03:52.217-0300] {logging_mixin.py:120} INFO - [2022-11-06T21:03:52.217-0300] {dag.py:3336} INFO - Setting next_dagrun for example_branch_labels to 2022-11-06T00:00:00+00:00, run_after=2022-11-07T00:00:00+00:00
[2022-11-06T21:03:52.238-0300] {processor.py:176} INFO - Processing /home/debian/etlhausz/venv/lib/python3.9/site-packages/airflow/example_dags/example_branch_labels.py took 0.271 seconds
[2022-11-06T22:01:39.395-0300] {processor.py:154} INFO - Started process (PID=5202) to work on /home/debian/etlhausz/venv/lib/python3.9/site-packages/airflow/example_dags/example_branch_labels.py
[2022-11-06T22:01:39.399-0300] {processor.py:756} INFO - Processing file /home/debian/etlhausz/venv/lib/python3.9/site-packages/airflow/example_dags/example_branch_labels.py for tasks to queue
[2022-11-06T22:01:39.401-0300] {logging_mixin.py:120} INFO - [2022-11-06T22:01:39.401-0300] {dagbag.py:537} INFO - Filling up the DagBag from /home/debian/etlhausz/venv/lib/python3.9/site-packages/airflow/example_dags/example_branch_labels.py
[2022-11-06T22:01:39.424-0300] {processor.py:766} INFO - DAG(s) dict_keys(['example_branch_labels']) retrieved from /home/debian/etlhausz/venv/lib/python3.9/site-packages/airflow/example_dags/example_branch_labels.py
[2022-11-06T22:01:39.539-0300] {logging_mixin.py:120} INFO - [2022-11-06T22:01:39.539-0300] {dag.py:2585} INFO - Sync 1 DAGs
[2022-11-06T22:01:39.604-0300] {logging_mixin.py:120} INFO - [2022-11-06T22:01:39.599-0300] {dag.py:3336} INFO - Setting next_dagrun for example_branch_labels to 2022-11-06T00:00:00+00:00, run_after=2022-11-07T00:00:00+00:00
[2022-11-06T22:01:39.676-0300] {processor.py:176} INFO - Processing /home/debian/etlhausz/venv/lib/python3.9/site-packages/airflow/example_dags/example_branch_labels.py took 0.293 seconds
[2022-11-06T22:02:11.028-0300] {processor.py:154} INFO - Started process (PID=5843) to work on /home/debian/etlhausz/venv/lib/python3.9/site-packages/airflow/example_dags/example_branch_labels.py
[2022-11-06T22:02:11.029-0300] {processor.py:756} INFO - Processing file /home/debian/etlhausz/venv/lib/python3.9/site-packages/airflow/example_dags/example_branch_labels.py for tasks to queue
[2022-11-06T22:02:11.030-0300] {logging_mixin.py:120} INFO - [2022-11-06T22:02:11.030-0300] {dagbag.py:537} INFO - Filling up the DagBag from /home/debian/etlhausz/venv/lib/python3.9/site-packages/airflow/example_dags/example_branch_labels.py
[2022-11-06T22:02:11.069-0300] {processor.py:766} INFO - DAG(s) dict_keys(['example_branch_labels']) retrieved from /home/debian/etlhausz/venv/lib/python3.9/site-packages/airflow/example_dags/example_branch_labels.py
[2022-11-06T22:02:11.143-0300] {logging_mixin.py:120} INFO - [2022-11-06T22:02:11.143-0300] {dag.py:2585} INFO - Sync 1 DAGs
[2022-11-06T22:02:11.180-0300] {logging_mixin.py:120} INFO - [2022-11-06T22:02:11.179-0300] {dag.py:3336} INFO - Setting next_dagrun for example_branch_labels to 2022-11-06T00:00:00+00:00, run_after=2022-11-07T00:00:00+00:00
[2022-11-06T22:02:11.221-0300] {processor.py:176} INFO - Processing /home/debian/etlhausz/venv/lib/python3.9/site-packages/airflow/example_dags/example_branch_labels.py took 0.196 seconds
[2022-11-06T22:02:42.641-0300] {processor.py:154} INFO - Started process (PID=6504) to work on /home/debian/etlhausz/venv/lib/python3.9/site-packages/airflow/example_dags/example_branch_labels.py
[2022-11-06T22:02:42.654-0300] {processor.py:756} INFO - Processing file /home/debian/etlhausz/venv/lib/python3.9/site-packages/airflow/example_dags/example_branch_labels.py for tasks to queue
[2022-11-06T22:02:42.655-0300] {logging_mixin.py:120} INFO - [2022-11-06T22:02:42.655-0300] {dagbag.py:537} INFO - Filling up the DagBag from /home/debian/etlhausz/venv/lib/python3.9/site-packages/airflow/example_dags/example_branch_labels.py
[2022-11-06T22:02:42.680-0300] {processor.py:766} INFO - DAG(s) dict_keys(['example_branch_labels']) retrieved from /home/debian/etlhausz/venv/lib/python3.9/site-packages/airflow/example_dags/example_branch_labels.py
[2022-11-06T22:02:42.754-0300] {logging_mixin.py:120} INFO - [2022-11-06T22:02:42.754-0300] {dag.py:2585} INFO - Sync 1 DAGs
[2022-11-06T22:02:42.784-0300] {logging_mixin.py:120} INFO - [2022-11-06T22:02:42.783-0300] {dag.py:3336} INFO - Setting next_dagrun for example_branch_labels to 2022-11-06T00:00:00+00:00, run_after=2022-11-07T00:00:00+00:00
[2022-11-06T22:02:42.810-0300] {processor.py:176} INFO - Processing /home/debian/etlhausz/venv/lib/python3.9/site-packages/airflow/example_dags/example_branch_labels.py took 0.174 seconds
[2022-11-06T22:03:16.165-0300] {processor.py:154} INFO - Started process (PID=7108) to work on /home/debian/etlhausz/venv/lib/python3.9/site-packages/airflow/example_dags/example_branch_labels.py
[2022-11-06T22:03:16.167-0300] {processor.py:756} INFO - Processing file /home/debian/etlhausz/venv/lib/python3.9/site-packages/airflow/example_dags/example_branch_labels.py for tasks to queue
[2022-11-06T22:03:16.169-0300] {logging_mixin.py:120} INFO - [2022-11-06T22:03:16.169-0300] {dagbag.py:537} INFO - Filling up the DagBag from /home/debian/etlhausz/venv/lib/python3.9/site-packages/airflow/example_dags/example_branch_labels.py
[2022-11-06T22:03:16.208-0300] {processor.py:766} INFO - DAG(s) dict_keys(['example_branch_labels']) retrieved from /home/debian/etlhausz/venv/lib/python3.9/site-packages/airflow/example_dags/example_branch_labels.py
[2022-11-06T22:03:16.401-0300] {logging_mixin.py:120} INFO - [2022-11-06T22:03:16.401-0300] {dag.py:2585} INFO - Sync 1 DAGs
[2022-11-06T22:03:16.444-0300] {logging_mixin.py:120} INFO - [2022-11-06T22:03:16.443-0300] {dag.py:3336} INFO - Setting next_dagrun for example_branch_labels to 2022-11-06T00:00:00+00:00, run_after=2022-11-07T00:00:00+00:00
[2022-11-06T22:03:16.494-0300] {processor.py:176} INFO - Processing /home/debian/etlhausz/venv/lib/python3.9/site-packages/airflow/example_dags/example_branch_labels.py took 0.333 seconds
[2022-11-06T22:03:46.697-0300] {processor.py:154} INFO - Started process (PID=7768) to work on /home/debian/etlhausz/venv/lib/python3.9/site-packages/airflow/example_dags/example_branch_labels.py
[2022-11-06T22:03:46.699-0300] {processor.py:756} INFO - Processing file /home/debian/etlhausz/venv/lib/python3.9/site-packages/airflow/example_dags/example_branch_labels.py for tasks to queue
[2022-11-06T22:03:46.700-0300] {logging_mixin.py:120} INFO - [2022-11-06T22:03:46.700-0300] {dagbag.py:537} INFO - Filling up the DagBag from /home/debian/etlhausz/venv/lib/python3.9/site-packages/airflow/example_dags/example_branch_labels.py
[2022-11-06T22:03:46.713-0300] {processor.py:766} INFO - DAG(s) dict_keys(['example_branch_labels']) retrieved from /home/debian/etlhausz/venv/lib/python3.9/site-packages/airflow/example_dags/example_branch_labels.py
[2022-11-06T22:03:46.761-0300] {logging_mixin.py:120} INFO - [2022-11-06T22:03:46.761-0300] {dag.py:2585} INFO - Sync 1 DAGs
[2022-11-06T22:03:46.784-0300] {logging_mixin.py:120} INFO - [2022-11-06T22:03:46.784-0300] {dag.py:3336} INFO - Setting next_dagrun for example_branch_labels to 2022-11-06T00:00:00+00:00, run_after=2022-11-07T00:00:00+00:00
[2022-11-06T22:03:46.808-0300] {processor.py:176} INFO - Processing /home/debian/etlhausz/venv/lib/python3.9/site-packages/airflow/example_dags/example_branch_labels.py took 0.115 seconds
[2022-11-06T22:04:18.118-0300] {processor.py:154} INFO - Started process (PID=8389) to work on /home/debian/etlhausz/venv/lib/python3.9/site-packages/airflow/example_dags/example_branch_labels.py
[2022-11-06T22:04:18.120-0300] {processor.py:756} INFO - Processing file /home/debian/etlhausz/venv/lib/python3.9/site-packages/airflow/example_dags/example_branch_labels.py for tasks to queue
[2022-11-06T22:04:18.120-0300] {logging_mixin.py:120} INFO - [2022-11-06T22:04:18.120-0300] {dagbag.py:537} INFO - Filling up the DagBag from /home/debian/etlhausz/venv/lib/python3.9/site-packages/airflow/example_dags/example_branch_labels.py
[2022-11-06T22:04:18.133-0300] {processor.py:766} INFO - DAG(s) dict_keys(['example_branch_labels']) retrieved from /home/debian/etlhausz/venv/lib/python3.9/site-packages/airflow/example_dags/example_branch_labels.py
[2022-11-06T22:04:18.177-0300] {logging_mixin.py:120} INFO - [2022-11-06T22:04:18.177-0300] {dag.py:2585} INFO - Sync 1 DAGs
[2022-11-06T22:04:18.200-0300] {logging_mixin.py:120} INFO - [2022-11-06T22:04:18.200-0300] {dag.py:3336} INFO - Setting next_dagrun for example_branch_labels to 2022-11-06T00:00:00+00:00, run_after=2022-11-07T00:00:00+00:00
[2022-11-06T22:04:18.222-0300] {processor.py:176} INFO - Processing /home/debian/etlhausz/venv/lib/python3.9/site-packages/airflow/example_dags/example_branch_labels.py took 0.107 seconds
[2022-11-06T22:04:50.525-0300] {processor.py:154} INFO - Started process (PID=8963) to work on /home/debian/etlhausz/venv/lib/python3.9/site-packages/airflow/example_dags/example_branch_labels.py
[2022-11-06T22:04:50.527-0300] {processor.py:756} INFO - Processing file /home/debian/etlhausz/venv/lib/python3.9/site-packages/airflow/example_dags/example_branch_labels.py for tasks to queue
[2022-11-06T22:04:50.528-0300] {logging_mixin.py:120} INFO - [2022-11-06T22:04:50.528-0300] {dagbag.py:537} INFO - Filling up the DagBag from /home/debian/etlhausz/venv/lib/python3.9/site-packages/airflow/example_dags/example_branch_labels.py
[2022-11-06T22:04:50.540-0300] {processor.py:766} INFO - DAG(s) dict_keys(['example_branch_labels']) retrieved from /home/debian/etlhausz/venv/lib/python3.9/site-packages/airflow/example_dags/example_branch_labels.py
[2022-11-06T22:04:50.619-0300] {logging_mixin.py:120} INFO - [2022-11-06T22:04:50.619-0300] {dag.py:2585} INFO - Sync 1 DAGs
[2022-11-06T22:04:50.652-0300] {logging_mixin.py:120} INFO - [2022-11-06T22:04:50.652-0300] {dag.py:3336} INFO - Setting next_dagrun for example_branch_labels to 2022-11-06T00:00:00+00:00, run_after=2022-11-07T00:00:00+00:00
[2022-11-06T22:04:50.683-0300] {processor.py:176} INFO - Processing /home/debian/etlhausz/venv/lib/python3.9/site-packages/airflow/example_dags/example_branch_labels.py took 0.161 seconds
[2022-11-06T22:05:32.020-0300] {processor.py:154} INFO - Started process (PID=9894) to work on /home/debian/etlhausz/venv/lib/python3.9/site-packages/airflow/example_dags/example_branch_labels.py
[2022-11-06T22:05:32.024-0300] {processor.py:756} INFO - Processing file /home/debian/etlhausz/venv/lib/python3.9/site-packages/airflow/example_dags/example_branch_labels.py for tasks to queue
[2022-11-06T22:05:32.031-0300] {logging_mixin.py:120} INFO - [2022-11-06T22:05:32.030-0300] {dagbag.py:537} INFO - Filling up the DagBag from /home/debian/etlhausz/venv/lib/python3.9/site-packages/airflow/example_dags/example_branch_labels.py
[2022-11-06T22:05:32.050-0300] {processor.py:766} INFO - DAG(s) dict_keys(['example_branch_labels']) retrieved from /home/debian/etlhausz/venv/lib/python3.9/site-packages/airflow/example_dags/example_branch_labels.py
[2022-11-06T22:05:32.112-0300] {logging_mixin.py:120} INFO - [2022-11-06T22:05:32.111-0300] {dag.py:2585} INFO - Sync 1 DAGs
[2022-11-06T22:05:32.145-0300] {logging_mixin.py:120} INFO - [2022-11-06T22:05:32.145-0300] {dag.py:3336} INFO - Setting next_dagrun for example_branch_labels to 2022-11-06T00:00:00+00:00, run_after=2022-11-07T00:00:00+00:00
[2022-11-06T22:05:32.180-0300] {processor.py:176} INFO - Processing /home/debian/etlhausz/venv/lib/python3.9/site-packages/airflow/example_dags/example_branch_labels.py took 0.164 seconds
[2022-11-06T22:06:03.277-0300] {processor.py:154} INFO - Started process (PID=10507) to work on /home/debian/etlhausz/venv/lib/python3.9/site-packages/airflow/example_dags/example_branch_labels.py
[2022-11-06T22:06:03.287-0300] {processor.py:756} INFO - Processing file /home/debian/etlhausz/venv/lib/python3.9/site-packages/airflow/example_dags/example_branch_labels.py for tasks to queue
[2022-11-06T22:06:03.292-0300] {logging_mixin.py:120} INFO - [2022-11-06T22:06:03.289-0300] {dagbag.py:537} INFO - Filling up the DagBag from /home/debian/etlhausz/venv/lib/python3.9/site-packages/airflow/example_dags/example_branch_labels.py
[2022-11-06T22:06:03.358-0300] {processor.py:766} INFO - DAG(s) dict_keys(['example_branch_labels']) retrieved from /home/debian/etlhausz/venv/lib/python3.9/site-packages/airflow/example_dags/example_branch_labels.py
[2022-11-06T22:06:03.498-0300] {logging_mixin.py:120} INFO - [2022-11-06T22:06:03.498-0300] {dag.py:2585} INFO - Sync 1 DAGs
[2022-11-06T22:06:03.544-0300] {logging_mixin.py:120} INFO - [2022-11-06T22:06:03.543-0300] {dag.py:3336} INFO - Setting next_dagrun for example_branch_labels to 2022-11-06T00:00:00+00:00, run_after=2022-11-07T00:00:00+00:00
[2022-11-06T22:06:03.581-0300] {processor.py:176} INFO - Processing /home/debian/etlhausz/venv/lib/python3.9/site-packages/airflow/example_dags/example_branch_labels.py took 0.323 seconds
[2022-11-06T22:06:33.957-0300] {processor.py:154} INFO - Started process (PID=11106) to work on /home/debian/etlhausz/venv/lib/python3.9/site-packages/airflow/example_dags/example_branch_labels.py
[2022-11-06T22:06:33.959-0300] {processor.py:756} INFO - Processing file /home/debian/etlhausz/venv/lib/python3.9/site-packages/airflow/example_dags/example_branch_labels.py for tasks to queue
[2022-11-06T22:06:33.959-0300] {logging_mixin.py:120} INFO - [2022-11-06T22:06:33.959-0300] {dagbag.py:537} INFO - Filling up the DagBag from /home/debian/etlhausz/venv/lib/python3.9/site-packages/airflow/example_dags/example_branch_labels.py
[2022-11-06T22:06:33.972-0300] {processor.py:766} INFO - DAG(s) dict_keys(['example_branch_labels']) retrieved from /home/debian/etlhausz/venv/lib/python3.9/site-packages/airflow/example_dags/example_branch_labels.py
[2022-11-06T22:06:34.016-0300] {logging_mixin.py:120} INFO - [2022-11-06T22:06:34.016-0300] {dag.py:2585} INFO - Sync 1 DAGs
[2022-11-06T22:06:34.040-0300] {logging_mixin.py:120} INFO - [2022-11-06T22:06:34.040-0300] {dag.py:3336} INFO - Setting next_dagrun for example_branch_labels to 2022-11-06T00:00:00+00:00, run_after=2022-11-07T00:00:00+00:00
[2022-11-06T22:06:34.060-0300] {processor.py:176} INFO - Processing /home/debian/etlhausz/venv/lib/python3.9/site-packages/airflow/example_dags/example_branch_labels.py took 0.106 seconds
[2022-11-06T22:07:04.629-0300] {processor.py:154} INFO - Started process (PID=11656) to work on /home/debian/etlhausz/venv/lib/python3.9/site-packages/airflow/example_dags/example_branch_labels.py
[2022-11-06T22:07:04.631-0300] {processor.py:756} INFO - Processing file /home/debian/etlhausz/venv/lib/python3.9/site-packages/airflow/example_dags/example_branch_labels.py for tasks to queue
[2022-11-06T22:07:04.633-0300] {logging_mixin.py:120} INFO - [2022-11-06T22:07:04.632-0300] {dagbag.py:537} INFO - Filling up the DagBag from /home/debian/etlhausz/venv/lib/python3.9/site-packages/airflow/example_dags/example_branch_labels.py
[2022-11-06T22:07:04.661-0300] {processor.py:766} INFO - DAG(s) dict_keys(['example_branch_labels']) retrieved from /home/debian/etlhausz/venv/lib/python3.9/site-packages/airflow/example_dags/example_branch_labels.py
[2022-11-06T22:07:04.732-0300] {logging_mixin.py:120} INFO - [2022-11-06T22:07:04.732-0300] {dag.py:2585} INFO - Sync 1 DAGs
[2022-11-06T22:07:04.770-0300] {logging_mixin.py:120} INFO - [2022-11-06T22:07:04.770-0300] {dag.py:3336} INFO - Setting next_dagrun for example_branch_labels to 2022-11-06T00:00:00+00:00, run_after=2022-11-07T00:00:00+00:00
[2022-11-06T22:07:04.836-0300] {processor.py:176} INFO - Processing /home/debian/etlhausz/venv/lib/python3.9/site-packages/airflow/example_dags/example_branch_labels.py took 0.212 seconds
[2022-11-06T22:07:39.369-0300] {processor.py:154} INFO - Started process (PID=12355) to work on /home/debian/etlhausz/venv/lib/python3.9/site-packages/airflow/example_dags/example_branch_labels.py
[2022-11-06T22:07:39.370-0300] {processor.py:756} INFO - Processing file /home/debian/etlhausz/venv/lib/python3.9/site-packages/airflow/example_dags/example_branch_labels.py for tasks to queue
[2022-11-06T22:07:39.371-0300] {logging_mixin.py:120} INFO - [2022-11-06T22:07:39.371-0300] {dagbag.py:537} INFO - Filling up the DagBag from /home/debian/etlhausz/venv/lib/python3.9/site-packages/airflow/example_dags/example_branch_labels.py
[2022-11-06T22:07:39.384-0300] {processor.py:766} INFO - DAG(s) dict_keys(['example_branch_labels']) retrieved from /home/debian/etlhausz/venv/lib/python3.9/site-packages/airflow/example_dags/example_branch_labels.py
[2022-11-06T22:07:39.433-0300] {logging_mixin.py:120} INFO - [2022-11-06T22:07:39.433-0300] {dag.py:2585} INFO - Sync 1 DAGs
[2022-11-06T22:07:39.456-0300] {logging_mixin.py:120} INFO - [2022-11-06T22:07:39.455-0300] {dag.py:3336} INFO - Setting next_dagrun for example_branch_labels to 2022-11-06T00:00:00+00:00, run_after=2022-11-07T00:00:00+00:00
[2022-11-06T22:07:39.477-0300] {processor.py:176} INFO - Processing /home/debian/etlhausz/venv/lib/python3.9/site-packages/airflow/example_dags/example_branch_labels.py took 0.113 seconds
[2022-11-06T22:08:09.679-0300] {processor.py:154} INFO - Started process (PID=13086) to work on /home/debian/etlhausz/venv/lib/python3.9/site-packages/airflow/example_dags/example_branch_labels.py
[2022-11-06T22:08:09.681-0300] {processor.py:756} INFO - Processing file /home/debian/etlhausz/venv/lib/python3.9/site-packages/airflow/example_dags/example_branch_labels.py for tasks to queue
[2022-11-06T22:08:09.682-0300] {logging_mixin.py:120} INFO - [2022-11-06T22:08:09.681-0300] {dagbag.py:537} INFO - Filling up the DagBag from /home/debian/etlhausz/venv/lib/python3.9/site-packages/airflow/example_dags/example_branch_labels.py
[2022-11-06T22:08:09.701-0300] {processor.py:766} INFO - DAG(s) dict_keys(['example_branch_labels']) retrieved from /home/debian/etlhausz/venv/lib/python3.9/site-packages/airflow/example_dags/example_branch_labels.py
[2022-11-06T22:08:09.747-0300] {logging_mixin.py:120} INFO - [2022-11-06T22:08:09.747-0300] {dag.py:2585} INFO - Sync 1 DAGs
[2022-11-06T22:08:09.774-0300] {logging_mixin.py:120} INFO - [2022-11-06T22:08:09.774-0300] {dag.py:3336} INFO - Setting next_dagrun for example_branch_labels to 2022-11-06T00:00:00+00:00, run_after=2022-11-07T00:00:00+00:00
[2022-11-06T22:08:09.796-0300] {processor.py:176} INFO - Processing /home/debian/etlhausz/venv/lib/python3.9/site-packages/airflow/example_dags/example_branch_labels.py took 0.122 seconds
[2022-11-06T22:08:41.135-0300] {processor.py:154} INFO - Started process (PID=13763) to work on /home/debian/etlhausz/venv/lib/python3.9/site-packages/airflow/example_dags/example_branch_labels.py
[2022-11-06T22:08:41.137-0300] {processor.py:756} INFO - Processing file /home/debian/etlhausz/venv/lib/python3.9/site-packages/airflow/example_dags/example_branch_labels.py for tasks to queue
[2022-11-06T22:08:41.138-0300] {logging_mixin.py:120} INFO - [2022-11-06T22:08:41.137-0300] {dagbag.py:537} INFO - Filling up the DagBag from /home/debian/etlhausz/venv/lib/python3.9/site-packages/airflow/example_dags/example_branch_labels.py
[2022-11-06T22:08:41.153-0300] {processor.py:766} INFO - DAG(s) dict_keys(['example_branch_labels']) retrieved from /home/debian/etlhausz/venv/lib/python3.9/site-packages/airflow/example_dags/example_branch_labels.py
[2022-11-06T22:08:41.206-0300] {logging_mixin.py:120} INFO - [2022-11-06T22:08:41.206-0300] {dag.py:2585} INFO - Sync 1 DAGs
[2022-11-06T22:08:41.228-0300] {logging_mixin.py:120} INFO - [2022-11-06T22:08:41.228-0300] {dag.py:3336} INFO - Setting next_dagrun for example_branch_labels to 2022-11-06T00:00:00+00:00, run_after=2022-11-07T00:00:00+00:00
[2022-11-06T22:08:41.254-0300] {processor.py:176} INFO - Processing /home/debian/etlhausz/venv/lib/python3.9/site-packages/airflow/example_dags/example_branch_labels.py took 0.121 seconds
[2022-11-06T22:09:13.851-0300] {processor.py:154} INFO - Started process (PID=14434) to work on /home/debian/etlhausz/venv/lib/python3.9/site-packages/airflow/example_dags/example_branch_labels.py
[2022-11-06T22:09:13.852-0300] {processor.py:756} INFO - Processing file /home/debian/etlhausz/venv/lib/python3.9/site-packages/airflow/example_dags/example_branch_labels.py for tasks to queue
[2022-11-06T22:09:13.853-0300] {logging_mixin.py:120} INFO - [2022-11-06T22:09:13.853-0300] {dagbag.py:537} INFO - Filling up the DagBag from /home/debian/etlhausz/venv/lib/python3.9/site-packages/airflow/example_dags/example_branch_labels.py
[2022-11-06T22:09:13.869-0300] {processor.py:766} INFO - DAG(s) dict_keys(['example_branch_labels']) retrieved from /home/debian/etlhausz/venv/lib/python3.9/site-packages/airflow/example_dags/example_branch_labels.py
[2022-11-06T22:09:13.922-0300] {logging_mixin.py:120} INFO - [2022-11-06T22:09:13.922-0300] {dag.py:2585} INFO - Sync 1 DAGs
[2022-11-06T22:09:13.947-0300] {logging_mixin.py:120} INFO - [2022-11-06T22:09:13.947-0300] {dag.py:3336} INFO - Setting next_dagrun for example_branch_labels to 2022-11-06T00:00:00+00:00, run_after=2022-11-07T00:00:00+00:00
[2022-11-06T22:09:14.002-0300] {processor.py:176} INFO - Processing /home/debian/etlhausz/venv/lib/python3.9/site-packages/airflow/example_dags/example_branch_labels.py took 0.154 seconds
[2022-11-06T22:09:46.238-0300] {processor.py:154} INFO - Started process (PID=15056) to work on /home/debian/etlhausz/venv/lib/python3.9/site-packages/airflow/example_dags/example_branch_labels.py
[2022-11-06T22:09:46.239-0300] {processor.py:756} INFO - Processing file /home/debian/etlhausz/venv/lib/python3.9/site-packages/airflow/example_dags/example_branch_labels.py for tasks to queue
[2022-11-06T22:09:46.239-0300] {logging_mixin.py:120} INFO - [2022-11-06T22:09:46.239-0300] {dagbag.py:537} INFO - Filling up the DagBag from /home/debian/etlhausz/venv/lib/python3.9/site-packages/airflow/example_dags/example_branch_labels.py
[2022-11-06T22:09:46.252-0300] {processor.py:766} INFO - DAG(s) dict_keys(['example_branch_labels']) retrieved from /home/debian/etlhausz/venv/lib/python3.9/site-packages/airflow/example_dags/example_branch_labels.py
[2022-11-06T22:09:46.323-0300] {logging_mixin.py:120} INFO - [2022-11-06T22:09:46.323-0300] {dag.py:2585} INFO - Sync 1 DAGs
[2022-11-06T22:09:46.350-0300] {logging_mixin.py:120} INFO - [2022-11-06T22:09:46.350-0300] {dag.py:3336} INFO - Setting next_dagrun for example_branch_labels to 2022-11-06T00:00:00+00:00, run_after=2022-11-07T00:00:00+00:00
[2022-11-06T22:09:46.377-0300] {processor.py:176} INFO - Processing /home/debian/etlhausz/venv/lib/python3.9/site-packages/airflow/example_dags/example_branch_labels.py took 0.142 seconds
[2022-11-06T22:10:18.447-0300] {processor.py:154} INFO - Started process (PID=15660) to work on /home/debian/etlhausz/venv/lib/python3.9/site-packages/airflow/example_dags/example_branch_labels.py
[2022-11-06T22:10:18.449-0300] {processor.py:756} INFO - Processing file /home/debian/etlhausz/venv/lib/python3.9/site-packages/airflow/example_dags/example_branch_labels.py for tasks to queue
[2022-11-06T22:10:18.450-0300] {logging_mixin.py:120} INFO - [2022-11-06T22:10:18.450-0300] {dagbag.py:537} INFO - Filling up the DagBag from /home/debian/etlhausz/venv/lib/python3.9/site-packages/airflow/example_dags/example_branch_labels.py
[2022-11-06T22:10:18.472-0300] {processor.py:766} INFO - DAG(s) dict_keys(['example_branch_labels']) retrieved from /home/debian/etlhausz/venv/lib/python3.9/site-packages/airflow/example_dags/example_branch_labels.py
[2022-11-06T22:10:18.526-0300] {logging_mixin.py:120} INFO - [2022-11-06T22:10:18.526-0300] {dag.py:2585} INFO - Sync 1 DAGs
[2022-11-06T22:10:18.553-0300] {logging_mixin.py:120} INFO - [2022-11-06T22:10:18.553-0300] {dag.py:3336} INFO - Setting next_dagrun for example_branch_labels to 2022-11-06T00:00:00+00:00, run_after=2022-11-07T00:00:00+00:00
[2022-11-06T22:10:18.581-0300] {processor.py:176} INFO - Processing /home/debian/etlhausz/venv/lib/python3.9/site-packages/airflow/example_dags/example_branch_labels.py took 0.136 seconds
[2022-11-06T22:10:50.429-0300] {processor.py:154} INFO - Started process (PID=16288) to work on /home/debian/etlhausz/venv/lib/python3.9/site-packages/airflow/example_dags/example_branch_labels.py
[2022-11-06T22:10:50.432-0300] {processor.py:756} INFO - Processing file /home/debian/etlhausz/venv/lib/python3.9/site-packages/airflow/example_dags/example_branch_labels.py for tasks to queue
[2022-11-06T22:10:50.437-0300] {logging_mixin.py:120} INFO - [2022-11-06T22:10:50.436-0300] {dagbag.py:537} INFO - Filling up the DagBag from /home/debian/etlhausz/venv/lib/python3.9/site-packages/airflow/example_dags/example_branch_labels.py
[2022-11-06T22:10:50.492-0300] {processor.py:766} INFO - DAG(s) dict_keys(['example_branch_labels']) retrieved from /home/debian/etlhausz/venv/lib/python3.9/site-packages/airflow/example_dags/example_branch_labels.py
[2022-11-06T22:10:50.702-0300] {logging_mixin.py:120} INFO - [2022-11-06T22:10:50.702-0300] {dag.py:2585} INFO - Sync 1 DAGs
[2022-11-06T22:10:50.745-0300] {logging_mixin.py:120} INFO - [2022-11-06T22:10:50.745-0300] {dag.py:3336} INFO - Setting next_dagrun for example_branch_labels to 2022-11-06T00:00:00+00:00, run_after=2022-11-07T00:00:00+00:00
[2022-11-06T22:10:50.819-0300] {processor.py:176} INFO - Processing /home/debian/etlhausz/venv/lib/python3.9/site-packages/airflow/example_dags/example_branch_labels.py took 0.413 seconds
[2022-11-06T22:11:24.088-0300] {processor.py:154} INFO - Started process (PID=16874) to work on /home/debian/etlhausz/venv/lib/python3.9/site-packages/airflow/example_dags/example_branch_labels.py
[2022-11-06T22:11:24.091-0300] {processor.py:756} INFO - Processing file /home/debian/etlhausz/venv/lib/python3.9/site-packages/airflow/example_dags/example_branch_labels.py for tasks to queue
[2022-11-06T22:11:24.093-0300] {logging_mixin.py:120} INFO - [2022-11-06T22:11:24.093-0300] {dagbag.py:537} INFO - Filling up the DagBag from /home/debian/etlhausz/venv/lib/python3.9/site-packages/airflow/example_dags/example_branch_labels.py
[2022-11-06T22:11:24.110-0300] {processor.py:766} INFO - DAG(s) dict_keys(['example_branch_labels']) retrieved from /home/debian/etlhausz/venv/lib/python3.9/site-packages/airflow/example_dags/example_branch_labels.py
[2022-11-06T22:11:24.169-0300] {logging_mixin.py:120} INFO - [2022-11-06T22:11:24.169-0300] {dag.py:2585} INFO - Sync 1 DAGs
[2022-11-06T22:11:24.199-0300] {logging_mixin.py:120} INFO - [2022-11-06T22:11:24.199-0300] {dag.py:3336} INFO - Setting next_dagrun for example_branch_labels to 2022-11-06T00:00:00+00:00, run_after=2022-11-07T00:00:00+00:00
[2022-11-06T22:11:24.354-0300] {processor.py:176} INFO - Processing /home/debian/etlhausz/venv/lib/python3.9/site-packages/airflow/example_dags/example_branch_labels.py took 0.270 seconds
[2022-11-06T22:12:01.065-0300] {processor.py:154} INFO - Started process (PID=17437) to work on /home/debian/etlhausz/venv/lib/python3.9/site-packages/airflow/example_dags/example_branch_labels.py
[2022-11-06T22:12:01.066-0300] {processor.py:756} INFO - Processing file /home/debian/etlhausz/venv/lib/python3.9/site-packages/airflow/example_dags/example_branch_labels.py for tasks to queue
[2022-11-06T22:12:01.067-0300] {logging_mixin.py:120} INFO - [2022-11-06T22:12:01.067-0300] {dagbag.py:537} INFO - Filling up the DagBag from /home/debian/etlhausz/venv/lib/python3.9/site-packages/airflow/example_dags/example_branch_labels.py
[2022-11-06T22:12:01.109-0300] {processor.py:766} INFO - DAG(s) dict_keys(['example_branch_labels']) retrieved from /home/debian/etlhausz/venv/lib/python3.9/site-packages/airflow/example_dags/example_branch_labels.py
[2022-11-06T22:12:01.214-0300] {logging_mixin.py:120} INFO - [2022-11-06T22:12:01.214-0300] {dag.py:2585} INFO - Sync 1 DAGs
[2022-11-06T22:12:01.397-0300] {logging_mixin.py:120} INFO - [2022-11-06T22:12:01.397-0300] {dag.py:3336} INFO - Setting next_dagrun for example_branch_labels to 2022-11-06T00:00:00+00:00, run_after=2022-11-07T00:00:00+00:00
[2022-11-06T22:12:01.429-0300] {processor.py:176} INFO - Processing /home/debian/etlhausz/venv/lib/python3.9/site-packages/airflow/example_dags/example_branch_labels.py took 0.368 seconds
[2022-11-06T22:12:31.726-0300] {processor.py:154} INFO - Started process (PID=18038) to work on /home/debian/etlhausz/venv/lib/python3.9/site-packages/airflow/example_dags/example_branch_labels.py
[2022-11-06T22:12:31.734-0300] {processor.py:756} INFO - Processing file /home/debian/etlhausz/venv/lib/python3.9/site-packages/airflow/example_dags/example_branch_labels.py for tasks to queue
[2022-11-06T22:12:31.735-0300] {logging_mixin.py:120} INFO - [2022-11-06T22:12:31.734-0300] {dagbag.py:537} INFO - Filling up the DagBag from /home/debian/etlhausz/venv/lib/python3.9/site-packages/airflow/example_dags/example_branch_labels.py
[2022-11-06T22:12:31.773-0300] {processor.py:766} INFO - DAG(s) dict_keys(['example_branch_labels']) retrieved from /home/debian/etlhausz/venv/lib/python3.9/site-packages/airflow/example_dags/example_branch_labels.py
[2022-11-06T22:12:32.037-0300] {logging_mixin.py:120} INFO - [2022-11-06T22:12:32.037-0300] {dag.py:2585} INFO - Sync 1 DAGs
[2022-11-06T22:12:32.061-0300] {logging_mixin.py:120} INFO - [2022-11-06T22:12:32.060-0300] {dag.py:3336} INFO - Setting next_dagrun for example_branch_labels to 2022-11-06T00:00:00+00:00, run_after=2022-11-07T00:00:00+00:00
[2022-11-06T22:12:32.086-0300] {processor.py:176} INFO - Processing /home/debian/etlhausz/venv/lib/python3.9/site-packages/airflow/example_dags/example_branch_labels.py took 0.371 seconds
[2022-11-06T22:13:02.249-0300] {processor.py:154} INFO - Started process (PID=18661) to work on /home/debian/etlhausz/venv/lib/python3.9/site-packages/airflow/example_dags/example_branch_labels.py
[2022-11-06T22:13:02.257-0300] {processor.py:756} INFO - Processing file /home/debian/etlhausz/venv/lib/python3.9/site-packages/airflow/example_dags/example_branch_labels.py for tasks to queue
[2022-11-06T22:13:02.257-0300] {logging_mixin.py:120} INFO - [2022-11-06T22:13:02.257-0300] {dagbag.py:537} INFO - Filling up the DagBag from /home/debian/etlhausz/venv/lib/python3.9/site-packages/airflow/example_dags/example_branch_labels.py
[2022-11-06T22:13:02.279-0300] {processor.py:766} INFO - DAG(s) dict_keys(['example_branch_labels']) retrieved from /home/debian/etlhausz/venv/lib/python3.9/site-packages/airflow/example_dags/example_branch_labels.py
[2022-11-06T22:13:02.506-0300] {logging_mixin.py:120} INFO - [2022-11-06T22:13:02.506-0300] {dag.py:2585} INFO - Sync 1 DAGs
[2022-11-06T22:13:02.542-0300] {logging_mixin.py:120} INFO - [2022-11-06T22:13:02.542-0300] {dag.py:3336} INFO - Setting next_dagrun for example_branch_labels to 2022-11-06T00:00:00+00:00, run_after=2022-11-07T00:00:00+00:00
[2022-11-06T22:13:02.626-0300] {processor.py:176} INFO - Processing /home/debian/etlhausz/venv/lib/python3.9/site-packages/airflow/example_dags/example_branch_labels.py took 0.386 seconds
[2022-11-06T22:13:34.042-0300] {processor.py:154} INFO - Started process (PID=19277) to work on /home/debian/etlhausz/venv/lib/python3.9/site-packages/airflow/example_dags/example_branch_labels.py
[2022-11-06T22:13:34.043-0300] {processor.py:756} INFO - Processing file /home/debian/etlhausz/venv/lib/python3.9/site-packages/airflow/example_dags/example_branch_labels.py for tasks to queue
[2022-11-06T22:13:34.043-0300] {logging_mixin.py:120} INFO - [2022-11-06T22:13:34.043-0300] {dagbag.py:537} INFO - Filling up the DagBag from /home/debian/etlhausz/venv/lib/python3.9/site-packages/airflow/example_dags/example_branch_labels.py
[2022-11-06T22:13:34.057-0300] {processor.py:766} INFO - DAG(s) dict_keys(['example_branch_labels']) retrieved from /home/debian/etlhausz/venv/lib/python3.9/site-packages/airflow/example_dags/example_branch_labels.py
[2022-11-06T22:13:34.104-0300] {logging_mixin.py:120} INFO - [2022-11-06T22:13:34.104-0300] {dag.py:2585} INFO - Sync 1 DAGs
[2022-11-06T22:13:34.130-0300] {logging_mixin.py:120} INFO - [2022-11-06T22:13:34.129-0300] {dag.py:3336} INFO - Setting next_dagrun for example_branch_labels to 2022-11-06T00:00:00+00:00, run_after=2022-11-07T00:00:00+00:00
[2022-11-06T22:13:34.259-0300] {processor.py:176} INFO - Processing /home/debian/etlhausz/venv/lib/python3.9/site-packages/airflow/example_dags/example_branch_labels.py took 0.220 seconds
[2022-11-06T22:14:05.872-0300] {processor.py:154} INFO - Started process (PID=19868) to work on /home/debian/etlhausz/venv/lib/python3.9/site-packages/airflow/example_dags/example_branch_labels.py
[2022-11-06T22:14:05.873-0300] {processor.py:756} INFO - Processing file /home/debian/etlhausz/venv/lib/python3.9/site-packages/airflow/example_dags/example_branch_labels.py for tasks to queue
[2022-11-06T22:14:05.874-0300] {logging_mixin.py:120} INFO - [2022-11-06T22:14:05.874-0300] {dagbag.py:537} INFO - Filling up the DagBag from /home/debian/etlhausz/venv/lib/python3.9/site-packages/airflow/example_dags/example_branch_labels.py
[2022-11-06T22:14:05.887-0300] {processor.py:766} INFO - DAG(s) dict_keys(['example_branch_labels']) retrieved from /home/debian/etlhausz/venv/lib/python3.9/site-packages/airflow/example_dags/example_branch_labels.py
[2022-11-06T22:14:06.002-0300] {logging_mixin.py:120} INFO - [2022-11-06T22:14:06.002-0300] {dag.py:2585} INFO - Sync 1 DAGs
[2022-11-06T22:14:06.196-0300] {logging_mixin.py:120} INFO - [2022-11-06T22:14:06.196-0300] {dag.py:3336} INFO - Setting next_dagrun for example_branch_labels to 2022-11-06T00:00:00+00:00, run_after=2022-11-07T00:00:00+00:00
[2022-11-06T22:14:06.241-0300] {processor.py:176} INFO - Processing /home/debian/etlhausz/venv/lib/python3.9/site-packages/airflow/example_dags/example_branch_labels.py took 0.372 seconds
[2022-11-06T22:14:38.723-0300] {processor.py:154} INFO - Started process (PID=20498) to work on /home/debian/etlhausz/venv/lib/python3.9/site-packages/airflow/example_dags/example_branch_labels.py
[2022-11-06T22:14:38.725-0300] {processor.py:756} INFO - Processing file /home/debian/etlhausz/venv/lib/python3.9/site-packages/airflow/example_dags/example_branch_labels.py for tasks to queue
[2022-11-06T22:14:38.725-0300] {logging_mixin.py:120} INFO - [2022-11-06T22:14:38.725-0300] {dagbag.py:537} INFO - Filling up the DagBag from /home/debian/etlhausz/venv/lib/python3.9/site-packages/airflow/example_dags/example_branch_labels.py
[2022-11-06T22:14:38.736-0300] {processor.py:766} INFO - DAG(s) dict_keys(['example_branch_labels']) retrieved from /home/debian/etlhausz/venv/lib/python3.9/site-packages/airflow/example_dags/example_branch_labels.py
[2022-11-06T22:14:38.851-0300] {logging_mixin.py:120} INFO - [2022-11-06T22:14:38.851-0300] {dag.py:2585} INFO - Sync 1 DAGs
[2022-11-06T22:14:38.890-0300] {logging_mixin.py:120} INFO - [2022-11-06T22:14:38.890-0300] {dag.py:3336} INFO - Setting next_dagrun for example_branch_labels to 2022-11-06T00:00:00+00:00, run_after=2022-11-07T00:00:00+00:00
[2022-11-06T22:14:38.908-0300] {processor.py:176} INFO - Processing /home/debian/etlhausz/venv/lib/python3.9/site-packages/airflow/example_dags/example_branch_labels.py took 0.188 seconds
[2022-11-06T22:15:10.176-0300] {processor.py:154} INFO - Started process (PID=21082) to work on /home/debian/etlhausz/venv/lib/python3.9/site-packages/airflow/example_dags/example_branch_labels.py
[2022-11-06T22:15:10.177-0300] {processor.py:756} INFO - Processing file /home/debian/etlhausz/venv/lib/python3.9/site-packages/airflow/example_dags/example_branch_labels.py for tasks to queue
[2022-11-06T22:15:10.177-0300] {logging_mixin.py:120} INFO - [2022-11-06T22:15:10.177-0300] {dagbag.py:537} INFO - Filling up the DagBag from /home/debian/etlhausz/venv/lib/python3.9/site-packages/airflow/example_dags/example_branch_labels.py
[2022-11-06T22:15:10.190-0300] {processor.py:766} INFO - DAG(s) dict_keys(['example_branch_labels']) retrieved from /home/debian/etlhausz/venv/lib/python3.9/site-packages/airflow/example_dags/example_branch_labels.py
[2022-11-06T22:15:10.319-0300] {logging_mixin.py:120} INFO - [2022-11-06T22:15:10.319-0300] {dag.py:2585} INFO - Sync 1 DAGs
[2022-11-06T22:15:10.338-0300] {logging_mixin.py:120} INFO - [2022-11-06T22:15:10.338-0300] {dag.py:3336} INFO - Setting next_dagrun for example_branch_labels to 2022-11-06T00:00:00+00:00, run_after=2022-11-07T00:00:00+00:00
[2022-11-06T22:15:10.358-0300] {processor.py:176} INFO - Processing /home/debian/etlhausz/venv/lib/python3.9/site-packages/airflow/example_dags/example_branch_labels.py took 0.185 seconds
[2022-11-06T22:15:43.144-0300] {processor.py:154} INFO - Started process (PID=21762) to work on /home/debian/etlhausz/venv/lib/python3.9/site-packages/airflow/example_dags/example_branch_labels.py
[2022-11-06T22:15:43.146-0300] {processor.py:756} INFO - Processing file /home/debian/etlhausz/venv/lib/python3.9/site-packages/airflow/example_dags/example_branch_labels.py for tasks to queue
[2022-11-06T22:15:43.146-0300] {logging_mixin.py:120} INFO - [2022-11-06T22:15:43.146-0300] {dagbag.py:537} INFO - Filling up the DagBag from /home/debian/etlhausz/venv/lib/python3.9/site-packages/airflow/example_dags/example_branch_labels.py
[2022-11-06T22:15:43.160-0300] {processor.py:766} INFO - DAG(s) dict_keys(['example_branch_labels']) retrieved from /home/debian/etlhausz/venv/lib/python3.9/site-packages/airflow/example_dags/example_branch_labels.py
[2022-11-06T22:15:43.216-0300] {logging_mixin.py:120} INFO - [2022-11-06T22:15:43.216-0300] {dag.py:2585} INFO - Sync 1 DAGs
[2022-11-06T22:15:43.408-0300] {logging_mixin.py:120} INFO - [2022-11-06T22:15:43.408-0300] {dag.py:3336} INFO - Setting next_dagrun for example_branch_labels to 2022-11-06T00:00:00+00:00, run_after=2022-11-07T00:00:00+00:00
[2022-11-06T22:15:43.441-0300] {processor.py:176} INFO - Processing /home/debian/etlhausz/venv/lib/python3.9/site-packages/airflow/example_dags/example_branch_labels.py took 0.300 seconds
[2022-11-06T22:16:15.270-0300] {processor.py:154} INFO - Started process (PID=22384) to work on /home/debian/etlhausz/venv/lib/python3.9/site-packages/airflow/example_dags/example_branch_labels.py
[2022-11-06T22:16:15.272-0300] {processor.py:756} INFO - Processing file /home/debian/etlhausz/venv/lib/python3.9/site-packages/airflow/example_dags/example_branch_labels.py for tasks to queue
[2022-11-06T22:16:15.273-0300] {logging_mixin.py:120} INFO - [2022-11-06T22:16:15.273-0300] {dagbag.py:537} INFO - Filling up the DagBag from /home/debian/etlhausz/venv/lib/python3.9/site-packages/airflow/example_dags/example_branch_labels.py
[2022-11-06T22:16:15.297-0300] {processor.py:766} INFO - DAG(s) dict_keys(['example_branch_labels']) retrieved from /home/debian/etlhausz/venv/lib/python3.9/site-packages/airflow/example_dags/example_branch_labels.py
[2022-11-06T22:16:15.569-0300] {logging_mixin.py:120} INFO - [2022-11-06T22:16:15.569-0300] {dag.py:2585} INFO - Sync 1 DAGs
[2022-11-06T22:16:15.592-0300] {logging_mixin.py:120} INFO - [2022-11-06T22:16:15.592-0300] {dag.py:3336} INFO - Setting next_dagrun for example_branch_labels to 2022-11-06T00:00:00+00:00, run_after=2022-11-07T00:00:00+00:00
[2022-11-06T22:16:15.612-0300] {processor.py:176} INFO - Processing /home/debian/etlhausz/venv/lib/python3.9/site-packages/airflow/example_dags/example_branch_labels.py took 0.351 seconds
[2022-11-06T22:16:48.733-0300] {processor.py:154} INFO - Started process (PID=23009) to work on /home/debian/etlhausz/venv/lib/python3.9/site-packages/airflow/example_dags/example_branch_labels.py
[2022-11-06T22:16:48.735-0300] {processor.py:756} INFO - Processing file /home/debian/etlhausz/venv/lib/python3.9/site-packages/airflow/example_dags/example_branch_labels.py for tasks to queue
[2022-11-06T22:16:48.736-0300] {logging_mixin.py:120} INFO - [2022-11-06T22:16:48.736-0300] {dagbag.py:537} INFO - Filling up the DagBag from /home/debian/etlhausz/venv/lib/python3.9/site-packages/airflow/example_dags/example_branch_labels.py
[2022-11-06T22:16:48.755-0300] {processor.py:766} INFO - DAG(s) dict_keys(['example_branch_labels']) retrieved from /home/debian/etlhausz/venv/lib/python3.9/site-packages/airflow/example_dags/example_branch_labels.py
[2022-11-06T22:16:48.887-0300] {logging_mixin.py:120} INFO - [2022-11-06T22:16:48.887-0300] {dag.py:2585} INFO - Sync 1 DAGs
[2022-11-06T22:16:48.909-0300] {logging_mixin.py:120} INFO - [2022-11-06T22:16:48.909-0300] {dag.py:3336} INFO - Setting next_dagrun for example_branch_labels to 2022-11-06T00:00:00+00:00, run_after=2022-11-07T00:00:00+00:00
[2022-11-06T22:16:48.928-0300] {processor.py:176} INFO - Processing /home/debian/etlhausz/venv/lib/python3.9/site-packages/airflow/example_dags/example_branch_labels.py took 0.198 seconds
[2022-11-06T22:17:19.947-0300] {processor.py:154} INFO - Started process (PID=23628) to work on /home/debian/etlhausz/venv/lib/python3.9/site-packages/airflow/example_dags/example_branch_labels.py
[2022-11-06T22:17:19.948-0300] {processor.py:756} INFO - Processing file /home/debian/etlhausz/venv/lib/python3.9/site-packages/airflow/example_dags/example_branch_labels.py for tasks to queue
[2022-11-06T22:17:19.949-0300] {logging_mixin.py:120} INFO - [2022-11-06T22:17:19.949-0300] {dagbag.py:537} INFO - Filling up the DagBag from /home/debian/etlhausz/venv/lib/python3.9/site-packages/airflow/example_dags/example_branch_labels.py
[2022-11-06T22:17:20.083-0300] {processor.py:766} INFO - DAG(s) dict_keys(['example_branch_labels']) retrieved from /home/debian/etlhausz/venv/lib/python3.9/site-packages/airflow/example_dags/example_branch_labels.py
[2022-11-06T22:17:20.132-0300] {logging_mixin.py:120} INFO - [2022-11-06T22:17:20.131-0300] {dag.py:2585} INFO - Sync 1 DAGs
[2022-11-06T22:17:20.158-0300] {logging_mixin.py:120} INFO - [2022-11-06T22:17:20.158-0300] {dag.py:3336} INFO - Setting next_dagrun for example_branch_labels to 2022-11-06T00:00:00+00:00, run_after=2022-11-07T00:00:00+00:00
[2022-11-06T22:17:20.180-0300] {processor.py:176} INFO - Processing /home/debian/etlhausz/venv/lib/python3.9/site-packages/airflow/example_dags/example_branch_labels.py took 0.236 seconds
[2022-11-06T22:17:51.670-0300] {processor.py:154} INFO - Started process (PID=24276) to work on /home/debian/etlhausz/venv/lib/python3.9/site-packages/airflow/example_dags/example_branch_labels.py
[2022-11-06T22:17:51.671-0300] {processor.py:756} INFO - Processing file /home/debian/etlhausz/venv/lib/python3.9/site-packages/airflow/example_dags/example_branch_labels.py for tasks to queue
[2022-11-06T22:17:51.672-0300] {logging_mixin.py:120} INFO - [2022-11-06T22:17:51.671-0300] {dagbag.py:537} INFO - Filling up the DagBag from /home/debian/etlhausz/venv/lib/python3.9/site-packages/airflow/example_dags/example_branch_labels.py
[2022-11-06T22:17:51.685-0300] {processor.py:766} INFO - DAG(s) dict_keys(['example_branch_labels']) retrieved from /home/debian/etlhausz/venv/lib/python3.9/site-packages/airflow/example_dags/example_branch_labels.py
[2022-11-06T22:17:51.729-0300] {logging_mixin.py:120} INFO - [2022-11-06T22:17:51.729-0300] {dag.py:2585} INFO - Sync 1 DAGs
[2022-11-06T22:17:51.860-0300] {logging_mixin.py:120} INFO - [2022-11-06T22:17:51.860-0300] {dag.py:3336} INFO - Setting next_dagrun for example_branch_labels to 2022-11-06T00:00:00+00:00, run_after=2022-11-07T00:00:00+00:00
[2022-11-06T22:17:51.877-0300] {processor.py:176} INFO - Processing /home/debian/etlhausz/venv/lib/python3.9/site-packages/airflow/example_dags/example_branch_labels.py took 0.209 seconds
[2022-11-06T22:18:22.866-0300] {processor.py:154} INFO - Started process (PID=24892) to work on /home/debian/etlhausz/venv/lib/python3.9/site-packages/airflow/example_dags/example_branch_labels.py
[2022-11-06T22:18:22.868-0300] {processor.py:756} INFO - Processing file /home/debian/etlhausz/venv/lib/python3.9/site-packages/airflow/example_dags/example_branch_labels.py for tasks to queue
[2022-11-06T22:18:22.869-0300] {logging_mixin.py:120} INFO - [2022-11-06T22:18:22.869-0300] {dagbag.py:537} INFO - Filling up the DagBag from /home/debian/etlhausz/venv/lib/python3.9/site-packages/airflow/example_dags/example_branch_labels.py
[2022-11-06T22:18:22.883-0300] {processor.py:766} INFO - DAG(s) dict_keys(['example_branch_labels']) retrieved from /home/debian/etlhausz/venv/lib/python3.9/site-packages/airflow/example_dags/example_branch_labels.py
[2022-11-06T22:18:23.048-0300] {logging_mixin.py:120} INFO - [2022-11-06T22:18:23.048-0300] {dag.py:2585} INFO - Sync 1 DAGs
[2022-11-06T22:18:23.068-0300] {logging_mixin.py:120} INFO - [2022-11-06T22:18:23.068-0300] {dag.py:3336} INFO - Setting next_dagrun for example_branch_labels to 2022-11-06T00:00:00+00:00, run_after=2022-11-07T00:00:00+00:00
[2022-11-06T22:18:23.088-0300] {processor.py:176} INFO - Processing /home/debian/etlhausz/venv/lib/python3.9/site-packages/airflow/example_dags/example_branch_labels.py took 0.225 seconds
[2022-11-06T22:18:58.365-0300] {processor.py:154} INFO - Started process (PID=25615) to work on /home/debian/etlhausz/venv/lib/python3.9/site-packages/airflow/example_dags/example_branch_labels.py
[2022-11-06T22:18:58.369-0300] {processor.py:756} INFO - Processing file /home/debian/etlhausz/venv/lib/python3.9/site-packages/airflow/example_dags/example_branch_labels.py for tasks to queue
[2022-11-06T22:18:58.370-0300] {logging_mixin.py:120} INFO - [2022-11-06T22:18:58.370-0300] {dagbag.py:537} INFO - Filling up the DagBag from /home/debian/etlhausz/venv/lib/python3.9/site-packages/airflow/example_dags/example_branch_labels.py
[2022-11-06T22:18:58.405-0300] {processor.py:766} INFO - DAG(s) dict_keys(['example_branch_labels']) retrieved from /home/debian/etlhausz/venv/lib/python3.9/site-packages/airflow/example_dags/example_branch_labels.py
[2022-11-06T22:18:58.832-0300] {logging_mixin.py:120} INFO - [2022-11-06T22:18:58.832-0300] {dag.py:2585} INFO - Sync 1 DAGs
[2022-11-06T22:18:58.989-0300] {logging_mixin.py:120} INFO - [2022-11-06T22:18:58.989-0300] {dag.py:3336} INFO - Setting next_dagrun for example_branch_labels to 2022-11-06T00:00:00+00:00, run_after=2022-11-07T00:00:00+00:00
[2022-11-06T22:18:59.079-0300] {processor.py:176} INFO - Processing /home/debian/etlhausz/venv/lib/python3.9/site-packages/airflow/example_dags/example_branch_labels.py took 0.729 seconds
[2022-11-06T22:19:20.867-0300] {processor.py:154} INFO - Started process (PID=26305) to work on /home/debian/etlhausz/venv/lib/python3.9/site-packages/airflow/example_dags/example_branch_labels.py
[2022-11-06T22:19:20.868-0300] {processor.py:756} INFO - Processing file /home/debian/etlhausz/venv/lib/python3.9/site-packages/airflow/example_dags/example_branch_labels.py for tasks to queue
[2022-11-06T22:19:20.869-0300] {logging_mixin.py:120} INFO - [2022-11-06T22:19:20.868-0300] {dagbag.py:537} INFO - Filling up the DagBag from /home/debian/etlhausz/venv/lib/python3.9/site-packages/airflow/example_dags/example_branch_labels.py
[2022-11-06T22:19:20.897-0300] {processor.py:766} INFO - DAG(s) dict_keys(['example_branch_labels']) retrieved from /home/debian/etlhausz/venv/lib/python3.9/site-packages/airflow/example_dags/example_branch_labels.py
[2022-11-06T22:19:20.985-0300] {logging_mixin.py:120} INFO - [2022-11-06T22:19:20.984-0300] {dag.py:2585} INFO - Sync 1 DAGs
[2022-11-06T22:19:21.016-0300] {logging_mixin.py:120} INFO - [2022-11-06T22:19:21.016-0300] {dag.py:3336} INFO - Setting next_dagrun for example_branch_labels to 2022-11-06T00:00:00+00:00, run_after=2022-11-07T00:00:00+00:00
[2022-11-06T22:19:21.049-0300] {processor.py:176} INFO - Processing /home/debian/etlhausz/venv/lib/python3.9/site-packages/airflow/example_dags/example_branch_labels.py took 0.184 seconds
[2022-11-06T22:19:51.559-0300] {processor.py:154} INFO - Started process (PID=26891) to work on /home/debian/etlhausz/venv/lib/python3.9/site-packages/airflow/example_dags/example_branch_labels.py
[2022-11-06T22:19:51.561-0300] {processor.py:756} INFO - Processing file /home/debian/etlhausz/venv/lib/python3.9/site-packages/airflow/example_dags/example_branch_labels.py for tasks to queue
[2022-11-06T22:19:51.562-0300] {logging_mixin.py:120} INFO - [2022-11-06T22:19:51.561-0300] {dagbag.py:537} INFO - Filling up the DagBag from /home/debian/etlhausz/venv/lib/python3.9/site-packages/airflow/example_dags/example_branch_labels.py
[2022-11-06T22:19:51.580-0300] {processor.py:766} INFO - DAG(s) dict_keys(['example_branch_labels']) retrieved from /home/debian/etlhausz/venv/lib/python3.9/site-packages/airflow/example_dags/example_branch_labels.py
[2022-11-06T22:19:51.649-0300] {logging_mixin.py:120} INFO - [2022-11-06T22:19:51.648-0300] {dag.py:2585} INFO - Sync 1 DAGs
[2022-11-06T22:19:51.677-0300] {logging_mixin.py:120} INFO - [2022-11-06T22:19:51.677-0300] {dag.py:3336} INFO - Setting next_dagrun for example_branch_labels to 2022-11-06T00:00:00+00:00, run_after=2022-11-07T00:00:00+00:00
[2022-11-06T22:19:51.705-0300] {processor.py:176} INFO - Processing /home/debian/etlhausz/venv/lib/python3.9/site-packages/airflow/example_dags/example_branch_labels.py took 0.150 seconds
[2022-11-06T22:20:23.012-0300] {processor.py:154} INFO - Started process (PID=27667) to work on /home/debian/etlhausz/venv/lib/python3.9/site-packages/airflow/example_dags/example_branch_labels.py
[2022-11-06T22:20:23.013-0300] {processor.py:756} INFO - Processing file /home/debian/etlhausz/venv/lib/python3.9/site-packages/airflow/example_dags/example_branch_labels.py for tasks to queue
[2022-11-06T22:20:23.014-0300] {logging_mixin.py:120} INFO - [2022-11-06T22:20:23.013-0300] {dagbag.py:537} INFO - Filling up the DagBag from /home/debian/etlhausz/venv/lib/python3.9/site-packages/airflow/example_dags/example_branch_labels.py
[2022-11-06T22:20:23.032-0300] {processor.py:766} INFO - DAG(s) dict_keys(['example_branch_labels']) retrieved from /home/debian/etlhausz/venv/lib/python3.9/site-packages/airflow/example_dags/example_branch_labels.py
[2022-11-06T22:20:23.076-0300] {logging_mixin.py:120} INFO - [2022-11-06T22:20:23.076-0300] {dag.py:2585} INFO - Sync 1 DAGs
[2022-11-06T22:20:23.104-0300] {logging_mixin.py:120} INFO - [2022-11-06T22:20:23.103-0300] {dag.py:3336} INFO - Setting next_dagrun for example_branch_labels to 2022-11-06T00:00:00+00:00, run_after=2022-11-07T00:00:00+00:00
[2022-11-06T22:20:23.126-0300] {processor.py:176} INFO - Processing /home/debian/etlhausz/venv/lib/python3.9/site-packages/airflow/example_dags/example_branch_labels.py took 0.119 seconds
[2022-11-06T22:20:55.294-0300] {processor.py:154} INFO - Started process (PID=28347) to work on /home/debian/etlhausz/venv/lib/python3.9/site-packages/airflow/example_dags/example_branch_labels.py
[2022-11-06T22:20:55.296-0300] {processor.py:756} INFO - Processing file /home/debian/etlhausz/venv/lib/python3.9/site-packages/airflow/example_dags/example_branch_labels.py for tasks to queue
[2022-11-06T22:20:55.297-0300] {logging_mixin.py:120} INFO - [2022-11-06T22:20:55.297-0300] {dagbag.py:537} INFO - Filling up the DagBag from /home/debian/etlhausz/venv/lib/python3.9/site-packages/airflow/example_dags/example_branch_labels.py
[2022-11-06T22:20:55.350-0300] {processor.py:766} INFO - DAG(s) dict_keys(['example_branch_labels']) retrieved from /home/debian/etlhausz/venv/lib/python3.9/site-packages/airflow/example_dags/example_branch_labels.py
[2022-11-06T22:20:55.448-0300] {logging_mixin.py:120} INFO - [2022-11-06T22:20:55.448-0300] {dag.py:2585} INFO - Sync 1 DAGs
[2022-11-06T22:20:55.481-0300] {logging_mixin.py:120} INFO - [2022-11-06T22:20:55.481-0300] {dag.py:3336} INFO - Setting next_dagrun for example_branch_labels to 2022-11-06T00:00:00+00:00, run_after=2022-11-07T00:00:00+00:00
[2022-11-06T22:20:55.501-0300] {processor.py:176} INFO - Processing /home/debian/etlhausz/venv/lib/python3.9/site-packages/airflow/example_dags/example_branch_labels.py took 0.224 seconds
[2022-11-06T22:21:29.166-0300] {processor.py:154} INFO - Started process (PID=28975) to work on /home/debian/etlhausz/venv/lib/python3.9/site-packages/airflow/example_dags/example_branch_labels.py
[2022-11-06T22:21:29.174-0300] {processor.py:756} INFO - Processing file /home/debian/etlhausz/venv/lib/python3.9/site-packages/airflow/example_dags/example_branch_labels.py for tasks to queue
[2022-11-06T22:21:29.175-0300] {logging_mixin.py:120} INFO - [2022-11-06T22:21:29.175-0300] {dagbag.py:537} INFO - Filling up the DagBag from /home/debian/etlhausz/venv/lib/python3.9/site-packages/airflow/example_dags/example_branch_labels.py
[2022-11-06T22:21:29.197-0300] {processor.py:766} INFO - DAG(s) dict_keys(['example_branch_labels']) retrieved from /home/debian/etlhausz/venv/lib/python3.9/site-packages/airflow/example_dags/example_branch_labels.py
[2022-11-06T22:21:29.308-0300] {logging_mixin.py:120} INFO - [2022-11-06T22:21:29.308-0300] {dag.py:2585} INFO - Sync 1 DAGs
[2022-11-06T22:21:29.339-0300] {logging_mixin.py:120} INFO - [2022-11-06T22:21:29.339-0300] {dag.py:3336} INFO - Setting next_dagrun for example_branch_labels to 2022-11-06T00:00:00+00:00, run_after=2022-11-07T00:00:00+00:00
[2022-11-06T22:21:29.371-0300] {processor.py:176} INFO - Processing /home/debian/etlhausz/venv/lib/python3.9/site-packages/airflow/example_dags/example_branch_labels.py took 0.214 seconds
[2022-11-06T22:22:02.433-0300] {processor.py:154} INFO - Started process (PID=29522) to work on /home/debian/etlhausz/venv/lib/python3.9/site-packages/airflow/example_dags/example_branch_labels.py
[2022-11-06T22:22:02.434-0300] {processor.py:756} INFO - Processing file /home/debian/etlhausz/venv/lib/python3.9/site-packages/airflow/example_dags/example_branch_labels.py for tasks to queue
[2022-11-06T22:22:02.434-0300] {logging_mixin.py:120} INFO - [2022-11-06T22:22:02.434-0300] {dagbag.py:537} INFO - Filling up the DagBag from /home/debian/etlhausz/venv/lib/python3.9/site-packages/airflow/example_dags/example_branch_labels.py
[2022-11-06T22:22:02.461-0300] {processor.py:766} INFO - DAG(s) dict_keys(['example_branch_labels']) retrieved from /home/debian/etlhausz/venv/lib/python3.9/site-packages/airflow/example_dags/example_branch_labels.py
[2022-11-06T22:22:02.540-0300] {logging_mixin.py:120} INFO - [2022-11-06T22:22:02.539-0300] {dag.py:2585} INFO - Sync 1 DAGs
[2022-11-06T22:22:02.585-0300] {logging_mixin.py:120} INFO - [2022-11-06T22:22:02.585-0300] {dag.py:3336} INFO - Setting next_dagrun for example_branch_labels to 2022-11-06T00:00:00+00:00, run_after=2022-11-07T00:00:00+00:00
[2022-11-06T22:22:02.627-0300] {processor.py:176} INFO - Processing /home/debian/etlhausz/venv/lib/python3.9/site-packages/airflow/example_dags/example_branch_labels.py took 0.198 seconds
[2022-11-06T22:22:32.697-0300] {processor.py:154} INFO - Started process (PID=30167) to work on /home/debian/etlhausz/venv/lib/python3.9/site-packages/airflow/example_dags/example_branch_labels.py
[2022-11-06T22:22:32.698-0300] {processor.py:756} INFO - Processing file /home/debian/etlhausz/venv/lib/python3.9/site-packages/airflow/example_dags/example_branch_labels.py for tasks to queue
[2022-11-06T22:22:32.699-0300] {logging_mixin.py:120} INFO - [2022-11-06T22:22:32.699-0300] {dagbag.py:537} INFO - Filling up the DagBag from /home/debian/etlhausz/venv/lib/python3.9/site-packages/airflow/example_dags/example_branch_labels.py
[2022-11-06T22:22:32.727-0300] {processor.py:766} INFO - DAG(s) dict_keys(['example_branch_labels']) retrieved from /home/debian/etlhausz/venv/lib/python3.9/site-packages/airflow/example_dags/example_branch_labels.py
[2022-11-06T22:22:32.811-0300] {logging_mixin.py:120} INFO - [2022-11-06T22:22:32.811-0300] {dag.py:2585} INFO - Sync 1 DAGs
[2022-11-06T22:22:32.846-0300] {logging_mixin.py:120} INFO - [2022-11-06T22:22:32.846-0300] {dag.py:3336} INFO - Setting next_dagrun for example_branch_labels to 2022-11-06T00:00:00+00:00, run_after=2022-11-07T00:00:00+00:00
[2022-11-06T22:22:32.898-0300] {processor.py:176} INFO - Processing /home/debian/etlhausz/venv/lib/python3.9/site-packages/airflow/example_dags/example_branch_labels.py took 0.204 seconds
[2022-11-06T22:23:10.159-0300] {processor.py:154} INFO - Started process (PID=30994) to work on /home/debian/etlhausz/venv/lib/python3.9/site-packages/airflow/example_dags/example_branch_labels.py
[2022-11-06T22:23:10.160-0300] {processor.py:756} INFO - Processing file /home/debian/etlhausz/venv/lib/python3.9/site-packages/airflow/example_dags/example_branch_labels.py for tasks to queue
[2022-11-06T22:23:10.161-0300] {logging_mixin.py:120} INFO - [2022-11-06T22:23:10.161-0300] {dagbag.py:537} INFO - Filling up the DagBag from /home/debian/etlhausz/venv/lib/python3.9/site-packages/airflow/example_dags/example_branch_labels.py
[2022-11-06T22:23:10.173-0300] {processor.py:766} INFO - DAG(s) dict_keys(['example_branch_labels']) retrieved from /home/debian/etlhausz/venv/lib/python3.9/site-packages/airflow/example_dags/example_branch_labels.py
[2022-11-06T22:23:10.229-0300] {logging_mixin.py:120} INFO - [2022-11-06T22:23:10.228-0300] {dag.py:2585} INFO - Sync 1 DAGs
[2022-11-06T22:23:10.282-0300] {logging_mixin.py:120} INFO - [2022-11-06T22:23:10.282-0300] {dag.py:3336} INFO - Setting next_dagrun for example_branch_labels to 2022-11-06T00:00:00+00:00, run_after=2022-11-07T00:00:00+00:00
[2022-11-06T22:23:10.311-0300] {processor.py:176} INFO - Processing /home/debian/etlhausz/venv/lib/python3.9/site-packages/airflow/example_dags/example_branch_labels.py took 0.155 seconds
[2022-11-06T22:23:41.873-0300] {processor.py:154} INFO - Started process (PID=31534) to work on /home/debian/etlhausz/venv/lib/python3.9/site-packages/airflow/example_dags/example_branch_labels.py
[2022-11-06T22:23:41.875-0300] {processor.py:756} INFO - Processing file /home/debian/etlhausz/venv/lib/python3.9/site-packages/airflow/example_dags/example_branch_labels.py for tasks to queue
[2022-11-06T22:23:41.876-0300] {logging_mixin.py:120} INFO - [2022-11-06T22:23:41.876-0300] {dagbag.py:537} INFO - Filling up the DagBag from /home/debian/etlhausz/venv/lib/python3.9/site-packages/airflow/example_dags/example_branch_labels.py
[2022-11-06T22:23:41.908-0300] {processor.py:766} INFO - DAG(s) dict_keys(['example_branch_labels']) retrieved from /home/debian/etlhausz/venv/lib/python3.9/site-packages/airflow/example_dags/example_branch_labels.py
[2022-11-06T22:23:41.999-0300] {logging_mixin.py:120} INFO - [2022-11-06T22:23:41.998-0300] {dag.py:2585} INFO - Sync 1 DAGs
[2022-11-06T22:23:42.036-0300] {logging_mixin.py:120} INFO - [2022-11-06T22:23:42.036-0300] {dag.py:3336} INFO - Setting next_dagrun for example_branch_labels to 2022-11-06T00:00:00+00:00, run_after=2022-11-07T00:00:00+00:00
[2022-11-06T22:23:42.067-0300] {processor.py:176} INFO - Processing /home/debian/etlhausz/venv/lib/python3.9/site-packages/airflow/example_dags/example_branch_labels.py took 0.201 seconds
[2022-11-06T22:24:13.691-0300] {processor.py:154} INFO - Started process (PID=32193) to work on /home/debian/etlhausz/venv/lib/python3.9/site-packages/airflow/example_dags/example_branch_labels.py
[2022-11-06T22:24:13.699-0300] {processor.py:756} INFO - Processing file /home/debian/etlhausz/venv/lib/python3.9/site-packages/airflow/example_dags/example_branch_labels.py for tasks to queue
[2022-11-06T22:24:13.700-0300] {logging_mixin.py:120} INFO - [2022-11-06T22:24:13.700-0300] {dagbag.py:537} INFO - Filling up the DagBag from /home/debian/etlhausz/venv/lib/python3.9/site-packages/airflow/example_dags/example_branch_labels.py
[2022-11-06T22:24:13.775-0300] {processor.py:766} INFO - DAG(s) dict_keys(['example_branch_labels']) retrieved from /home/debian/etlhausz/venv/lib/python3.9/site-packages/airflow/example_dags/example_branch_labels.py
[2022-11-06T22:24:13.909-0300] {logging_mixin.py:120} INFO - [2022-11-06T22:24:13.909-0300] {dag.py:2585} INFO - Sync 1 DAGs
[2022-11-06T22:24:13.932-0300] {logging_mixin.py:120} INFO - [2022-11-06T22:24:13.932-0300] {dag.py:3336} INFO - Setting next_dagrun for example_branch_labels to 2022-11-06T00:00:00+00:00, run_after=2022-11-07T00:00:00+00:00
[2022-11-06T22:24:13.956-0300] {processor.py:176} INFO - Processing /home/debian/etlhausz/venv/lib/python3.9/site-packages/airflow/example_dags/example_branch_labels.py took 0.268 seconds
[2022-11-06T22:24:44.102-0300] {processor.py:154} INFO - Started process (PID=32797) to work on /home/debian/etlhausz/venv/lib/python3.9/site-packages/airflow/example_dags/example_branch_labels.py
[2022-11-06T22:24:44.104-0300] {processor.py:756} INFO - Processing file /home/debian/etlhausz/venv/lib/python3.9/site-packages/airflow/example_dags/example_branch_labels.py for tasks to queue
[2022-11-06T22:24:44.104-0300] {logging_mixin.py:120} INFO - [2022-11-06T22:24:44.104-0300] {dagbag.py:537} INFO - Filling up the DagBag from /home/debian/etlhausz/venv/lib/python3.9/site-packages/airflow/example_dags/example_branch_labels.py
[2022-11-06T22:24:44.125-0300] {processor.py:766} INFO - DAG(s) dict_keys(['example_branch_labels']) retrieved from /home/debian/etlhausz/venv/lib/python3.9/site-packages/airflow/example_dags/example_branch_labels.py
[2022-11-06T22:24:44.204-0300] {logging_mixin.py:120} INFO - [2022-11-06T22:24:44.204-0300] {dag.py:2585} INFO - Sync 1 DAGs
[2022-11-06T22:24:44.234-0300] {logging_mixin.py:120} INFO - [2022-11-06T22:24:44.233-0300] {dag.py:3336} INFO - Setting next_dagrun for example_branch_labels to 2022-11-06T00:00:00+00:00, run_after=2022-11-07T00:00:00+00:00
[2022-11-06T22:24:44.259-0300] {processor.py:176} INFO - Processing /home/debian/etlhausz/venv/lib/python3.9/site-packages/airflow/example_dags/example_branch_labels.py took 0.163 seconds
[2022-11-06T22:25:16.032-0300] {processor.py:154} INFO - Started process (PID=33476) to work on /home/debian/etlhausz/venv/lib/python3.9/site-packages/airflow/example_dags/example_branch_labels.py
[2022-11-06T22:25:16.032-0300] {processor.py:756} INFO - Processing file /home/debian/etlhausz/venv/lib/python3.9/site-packages/airflow/example_dags/example_branch_labels.py for tasks to queue
[2022-11-06T22:25:16.036-0300] {logging_mixin.py:120} INFO - [2022-11-06T22:25:16.033-0300] {dagbag.py:537} INFO - Filling up the DagBag from /home/debian/etlhausz/venv/lib/python3.9/site-packages/airflow/example_dags/example_branch_labels.py
[2022-11-06T22:25:16.061-0300] {processor.py:766} INFO - DAG(s) dict_keys(['example_branch_labels']) retrieved from /home/debian/etlhausz/venv/lib/python3.9/site-packages/airflow/example_dags/example_branch_labels.py
[2022-11-06T22:25:16.160-0300] {logging_mixin.py:120} INFO - [2022-11-06T22:25:16.160-0300] {dag.py:2585} INFO - Sync 1 DAGs
[2022-11-06T22:25:16.190-0300] {logging_mixin.py:120} INFO - [2022-11-06T22:25:16.190-0300] {dag.py:3336} INFO - Setting next_dagrun for example_branch_labels to 2022-11-06T00:00:00+00:00, run_after=2022-11-07T00:00:00+00:00
[2022-11-06T22:25:16.214-0300] {processor.py:176} INFO - Processing /home/debian/etlhausz/venv/lib/python3.9/site-packages/airflow/example_dags/example_branch_labels.py took 0.187 seconds
[2022-11-06T22:25:47.058-0300] {processor.py:154} INFO - Started process (PID=34019) to work on /home/debian/etlhausz/venv/lib/python3.9/site-packages/airflow/example_dags/example_branch_labels.py
[2022-11-06T22:25:47.068-0300] {processor.py:756} INFO - Processing file /home/debian/etlhausz/venv/lib/python3.9/site-packages/airflow/example_dags/example_branch_labels.py for tasks to queue
[2022-11-06T22:25:47.069-0300] {logging_mixin.py:120} INFO - [2022-11-06T22:25:47.069-0300] {dagbag.py:537} INFO - Filling up the DagBag from /home/debian/etlhausz/venv/lib/python3.9/site-packages/airflow/example_dags/example_branch_labels.py
[2022-11-06T22:25:47.098-0300] {processor.py:766} INFO - DAG(s) dict_keys(['example_branch_labels']) retrieved from /home/debian/etlhausz/venv/lib/python3.9/site-packages/airflow/example_dags/example_branch_labels.py
[2022-11-06T22:25:47.162-0300] {logging_mixin.py:120} INFO - [2022-11-06T22:25:47.162-0300] {dag.py:2585} INFO - Sync 1 DAGs
[2022-11-06T22:25:47.295-0300] {logging_mixin.py:120} INFO - [2022-11-06T22:25:47.295-0300] {dag.py:3336} INFO - Setting next_dagrun for example_branch_labels to 2022-11-06T00:00:00+00:00, run_after=2022-11-07T00:00:00+00:00
[2022-11-06T22:25:47.315-0300] {processor.py:176} INFO - Processing /home/debian/etlhausz/venv/lib/python3.9/site-packages/airflow/example_dags/example_branch_labels.py took 0.260 seconds
[2022-11-06T22:26:18.184-0300] {processor.py:154} INFO - Started process (PID=34496) to work on /home/debian/etlhausz/venv/lib/python3.9/site-packages/airflow/example_dags/example_branch_labels.py
[2022-11-06T22:26:18.185-0300] {processor.py:756} INFO - Processing file /home/debian/etlhausz/venv/lib/python3.9/site-packages/airflow/example_dags/example_branch_labels.py for tasks to queue
[2022-11-06T22:26:18.186-0300] {logging_mixin.py:120} INFO - [2022-11-06T22:26:18.186-0300] {dagbag.py:537} INFO - Filling up the DagBag from /home/debian/etlhausz/venv/lib/python3.9/site-packages/airflow/example_dags/example_branch_labels.py
[2022-11-06T22:26:18.206-0300] {processor.py:766} INFO - DAG(s) dict_keys(['example_branch_labels']) retrieved from /home/debian/etlhausz/venv/lib/python3.9/site-packages/airflow/example_dags/example_branch_labels.py
[2022-11-06T22:26:18.306-0300] {logging_mixin.py:120} INFO - [2022-11-06T22:26:18.306-0300] {dag.py:2585} INFO - Sync 1 DAGs
[2022-11-06T22:26:18.529-0300] {logging_mixin.py:120} INFO - [2022-11-06T22:26:18.529-0300] {dag.py:3336} INFO - Setting next_dagrun for example_branch_labels to 2022-11-06T00:00:00+00:00, run_after=2022-11-07T00:00:00+00:00
[2022-11-06T22:26:18.586-0300] {processor.py:176} INFO - Processing /home/debian/etlhausz/venv/lib/python3.9/site-packages/airflow/example_dags/example_branch_labels.py took 0.408 seconds
[2022-11-06T22:26:48.841-0300] {processor.py:154} INFO - Started process (PID=35036) to work on /home/debian/etlhausz/venv/lib/python3.9/site-packages/airflow/example_dags/example_branch_labels.py
[2022-11-06T22:26:48.843-0300] {processor.py:756} INFO - Processing file /home/debian/etlhausz/venv/lib/python3.9/site-packages/airflow/example_dags/example_branch_labels.py for tasks to queue
[2022-11-06T22:26:48.843-0300] {logging_mixin.py:120} INFO - [2022-11-06T22:26:48.843-0300] {dagbag.py:537} INFO - Filling up the DagBag from /home/debian/etlhausz/venv/lib/python3.9/site-packages/airflow/example_dags/example_branch_labels.py
[2022-11-06T22:26:48.860-0300] {processor.py:766} INFO - DAG(s) dict_keys(['example_branch_labels']) retrieved from /home/debian/etlhausz/venv/lib/python3.9/site-packages/airflow/example_dags/example_branch_labels.py
[2022-11-06T22:26:49.041-0300] {logging_mixin.py:120} INFO - [2022-11-06T22:26:49.040-0300] {dag.py:2585} INFO - Sync 1 DAGs
[2022-11-06T22:26:49.078-0300] {logging_mixin.py:120} INFO - [2022-11-06T22:26:49.078-0300] {dag.py:3336} INFO - Setting next_dagrun for example_branch_labels to 2022-11-06T00:00:00+00:00, run_after=2022-11-07T00:00:00+00:00
[2022-11-06T22:26:49.135-0300] {processor.py:176} INFO - Processing /home/debian/etlhausz/venv/lib/python3.9/site-packages/airflow/example_dags/example_branch_labels.py took 0.297 seconds
[2022-11-06T22:27:19.181-0300] {processor.py:154} INFO - Started process (PID=35574) to work on /home/debian/etlhausz/venv/lib/python3.9/site-packages/airflow/example_dags/example_branch_labels.py
[2022-11-06T22:27:19.182-0300] {processor.py:756} INFO - Processing file /home/debian/etlhausz/venv/lib/python3.9/site-packages/airflow/example_dags/example_branch_labels.py for tasks to queue
[2022-11-06T22:27:19.182-0300] {logging_mixin.py:120} INFO - [2022-11-06T22:27:19.182-0300] {dagbag.py:537} INFO - Filling up the DagBag from /home/debian/etlhausz/venv/lib/python3.9/site-packages/airflow/example_dags/example_branch_labels.py
[2022-11-06T22:27:19.196-0300] {processor.py:766} INFO - DAG(s) dict_keys(['example_branch_labels']) retrieved from /home/debian/etlhausz/venv/lib/python3.9/site-packages/airflow/example_dags/example_branch_labels.py
[2022-11-06T22:27:19.242-0300] {logging_mixin.py:120} INFO - [2022-11-06T22:27:19.242-0300] {dag.py:2585} INFO - Sync 1 DAGs
[2022-11-06T22:27:19.272-0300] {logging_mixin.py:120} INFO - [2022-11-06T22:27:19.272-0300] {dag.py:3336} INFO - Setting next_dagrun for example_branch_labels to 2022-11-06T00:00:00+00:00, run_after=2022-11-07T00:00:00+00:00
[2022-11-06T22:27:19.296-0300] {processor.py:176} INFO - Processing /home/debian/etlhausz/venv/lib/python3.9/site-packages/airflow/example_dags/example_branch_labels.py took 0.119 seconds
[2022-11-06T22:27:50.751-0300] {processor.py:154} INFO - Started process (PID=36115) to work on /home/debian/etlhausz/venv/lib/python3.9/site-packages/airflow/example_dags/example_branch_labels.py
[2022-11-06T22:27:50.753-0300] {processor.py:756} INFO - Processing file /home/debian/etlhausz/venv/lib/python3.9/site-packages/airflow/example_dags/example_branch_labels.py for tasks to queue
[2022-11-06T22:27:50.753-0300] {logging_mixin.py:120} INFO - [2022-11-06T22:27:50.753-0300] {dagbag.py:537} INFO - Filling up the DagBag from /home/debian/etlhausz/venv/lib/python3.9/site-packages/airflow/example_dags/example_branch_labels.py
[2022-11-06T22:27:50.772-0300] {processor.py:766} INFO - DAG(s) dict_keys(['example_branch_labels']) retrieved from /home/debian/etlhausz/venv/lib/python3.9/site-packages/airflow/example_dags/example_branch_labels.py
[2022-11-06T22:27:50.823-0300] {logging_mixin.py:120} INFO - [2022-11-06T22:27:50.822-0300] {dag.py:2585} INFO - Sync 1 DAGs
[2022-11-06T22:27:50.938-0300] {logging_mixin.py:120} INFO - [2022-11-06T22:27:50.938-0300] {dag.py:3336} INFO - Setting next_dagrun for example_branch_labels to 2022-11-06T00:00:00+00:00, run_after=2022-11-07T00:00:00+00:00
[2022-11-06T22:27:50.977-0300] {processor.py:176} INFO - Processing /home/debian/etlhausz/venv/lib/python3.9/site-packages/airflow/example_dags/example_branch_labels.py took 0.229 seconds
[2022-11-06T22:28:22.534-0300] {processor.py:154} INFO - Started process (PID=36768) to work on /home/debian/etlhausz/venv/lib/python3.9/site-packages/airflow/example_dags/example_branch_labels.py
[2022-11-06T22:28:22.536-0300] {processor.py:756} INFO - Processing file /home/debian/etlhausz/venv/lib/python3.9/site-packages/airflow/example_dags/example_branch_labels.py for tasks to queue
[2022-11-06T22:28:22.536-0300] {logging_mixin.py:120} INFO - [2022-11-06T22:28:22.536-0300] {dagbag.py:537} INFO - Filling up the DagBag from /home/debian/etlhausz/venv/lib/python3.9/site-packages/airflow/example_dags/example_branch_labels.py
[2022-11-06T22:28:22.554-0300] {processor.py:766} INFO - DAG(s) dict_keys(['example_branch_labels']) retrieved from /home/debian/etlhausz/venv/lib/python3.9/site-packages/airflow/example_dags/example_branch_labels.py
[2022-11-06T22:28:22.600-0300] {logging_mixin.py:120} INFO - [2022-11-06T22:28:22.600-0300] {dag.py:2585} INFO - Sync 1 DAGs
[2022-11-06T22:28:22.720-0300] {logging_mixin.py:120} INFO - [2022-11-06T22:28:22.720-0300] {dag.py:3336} INFO - Setting next_dagrun for example_branch_labels to 2022-11-06T00:00:00+00:00, run_after=2022-11-07T00:00:00+00:00
[2022-11-06T22:28:22.733-0300] {processor.py:176} INFO - Processing /home/debian/etlhausz/venv/lib/python3.9/site-packages/airflow/example_dags/example_branch_labels.py took 0.204 seconds
[2022-11-06T22:28:53.286-0300] {processor.py:154} INFO - Started process (PID=37251) to work on /home/debian/etlhausz/venv/lib/python3.9/site-packages/airflow/example_dags/example_branch_labels.py
[2022-11-06T22:28:53.288-0300] {processor.py:756} INFO - Processing file /home/debian/etlhausz/venv/lib/python3.9/site-packages/airflow/example_dags/example_branch_labels.py for tasks to queue
[2022-11-06T22:28:53.288-0300] {logging_mixin.py:120} INFO - [2022-11-06T22:28:53.288-0300] {dagbag.py:537} INFO - Filling up the DagBag from /home/debian/etlhausz/venv/lib/python3.9/site-packages/airflow/example_dags/example_branch_labels.py
[2022-11-06T22:28:53.300-0300] {processor.py:766} INFO - DAG(s) dict_keys(['example_branch_labels']) retrieved from /home/debian/etlhausz/venv/lib/python3.9/site-packages/airflow/example_dags/example_branch_labels.py
[2022-11-06T22:28:53.419-0300] {logging_mixin.py:120} INFO - [2022-11-06T22:28:53.418-0300] {dag.py:2585} INFO - Sync 1 DAGs
[2022-11-06T22:28:53.440-0300] {logging_mixin.py:120} INFO - [2022-11-06T22:28:53.439-0300] {dag.py:3336} INFO - Setting next_dagrun for example_branch_labels to 2022-11-06T00:00:00+00:00, run_after=2022-11-07T00:00:00+00:00
[2022-11-06T22:28:53.459-0300] {processor.py:176} INFO - Processing /home/debian/etlhausz/venv/lib/python3.9/site-packages/airflow/example_dags/example_branch_labels.py took 0.176 seconds
[2022-11-06T22:29:23.774-0300] {processor.py:154} INFO - Started process (PID=37787) to work on /home/debian/etlhausz/venv/lib/python3.9/site-packages/airflow/example_dags/example_branch_labels.py
[2022-11-06T22:29:23.775-0300] {processor.py:756} INFO - Processing file /home/debian/etlhausz/venv/lib/python3.9/site-packages/airflow/example_dags/example_branch_labels.py for tasks to queue
[2022-11-06T22:29:23.776-0300] {logging_mixin.py:120} INFO - [2022-11-06T22:29:23.776-0300] {dagbag.py:537} INFO - Filling up the DagBag from /home/debian/etlhausz/venv/lib/python3.9/site-packages/airflow/example_dags/example_branch_labels.py
[2022-11-06T22:29:23.789-0300] {processor.py:766} INFO - DAG(s) dict_keys(['example_branch_labels']) retrieved from /home/debian/etlhausz/venv/lib/python3.9/site-packages/airflow/example_dags/example_branch_labels.py
[2022-11-06T22:29:23.835-0300] {logging_mixin.py:120} INFO - [2022-11-06T22:29:23.835-0300] {dag.py:2585} INFO - Sync 1 DAGs
[2022-11-06T22:29:23.870-0300] {logging_mixin.py:120} INFO - [2022-11-06T22:29:23.870-0300] {dag.py:3336} INFO - Setting next_dagrun for example_branch_labels to 2022-11-06T00:00:00+00:00, run_after=2022-11-07T00:00:00+00:00
[2022-11-06T22:29:24.007-0300] {processor.py:176} INFO - Processing /home/debian/etlhausz/venv/lib/python3.9/site-packages/airflow/example_dags/example_branch_labels.py took 0.236 seconds
[2022-11-06T22:29:54.360-0300] {processor.py:154} INFO - Started process (PID=38263) to work on /home/debian/etlhausz/venv/lib/python3.9/site-packages/airflow/example_dags/example_branch_labels.py
[2022-11-06T22:29:54.370-0300] {processor.py:756} INFO - Processing file /home/debian/etlhausz/venv/lib/python3.9/site-packages/airflow/example_dags/example_branch_labels.py for tasks to queue
[2022-11-06T22:29:54.371-0300] {logging_mixin.py:120} INFO - [2022-11-06T22:29:54.371-0300] {dagbag.py:537} INFO - Filling up the DagBag from /home/debian/etlhausz/venv/lib/python3.9/site-packages/airflow/example_dags/example_branch_labels.py
[2022-11-06T22:29:54.416-0300] {processor.py:766} INFO - DAG(s) dict_keys(['example_branch_labels']) retrieved from /home/debian/etlhausz/venv/lib/python3.9/site-packages/airflow/example_dags/example_branch_labels.py
[2022-11-06T22:29:54.518-0300] {logging_mixin.py:120} INFO - [2022-11-06T22:29:54.518-0300] {dag.py:2585} INFO - Sync 1 DAGs
[2022-11-06T22:29:54.630-0300] {logging_mixin.py:120} INFO - [2022-11-06T22:29:54.630-0300] {dag.py:3336} INFO - Setting next_dagrun for example_branch_labels to 2022-11-06T00:00:00+00:00, run_after=2022-11-07T00:00:00+00:00
[2022-11-06T22:29:54.653-0300] {processor.py:176} INFO - Processing /home/debian/etlhausz/venv/lib/python3.9/site-packages/airflow/example_dags/example_branch_labels.py took 0.305 seconds
[2022-11-06T22:30:25.491-0300] {processor.py:154} INFO - Started process (PID=38928) to work on /home/debian/etlhausz/venv/lib/python3.9/site-packages/airflow/example_dags/example_branch_labels.py
[2022-11-06T22:30:25.493-0300] {processor.py:756} INFO - Processing file /home/debian/etlhausz/venv/lib/python3.9/site-packages/airflow/example_dags/example_branch_labels.py for tasks to queue
[2022-11-06T22:30:25.493-0300] {logging_mixin.py:120} INFO - [2022-11-06T22:30:25.493-0300] {dagbag.py:537} INFO - Filling up the DagBag from /home/debian/etlhausz/venv/lib/python3.9/site-packages/airflow/example_dags/example_branch_labels.py
[2022-11-06T22:30:25.506-0300] {processor.py:766} INFO - DAG(s) dict_keys(['example_branch_labels']) retrieved from /home/debian/etlhausz/venv/lib/python3.9/site-packages/airflow/example_dags/example_branch_labels.py
[2022-11-06T22:30:25.684-0300] {logging_mixin.py:120} INFO - [2022-11-06T22:30:25.684-0300] {dag.py:2585} INFO - Sync 1 DAGs
[2022-11-06T22:30:25.707-0300] {logging_mixin.py:120} INFO - [2022-11-06T22:30:25.707-0300] {dag.py:3336} INFO - Setting next_dagrun for example_branch_labels to 2022-11-06T00:00:00+00:00, run_after=2022-11-07T00:00:00+00:00
[2022-11-06T22:30:25.745-0300] {processor.py:176} INFO - Processing /home/debian/etlhausz/venv/lib/python3.9/site-packages/airflow/example_dags/example_branch_labels.py took 0.257 seconds
[2022-11-06T22:30:56.580-0300] {processor.py:154} INFO - Started process (PID=39465) to work on /home/debian/etlhausz/venv/lib/python3.9/site-packages/airflow/example_dags/example_branch_labels.py
[2022-11-06T22:30:56.581-0300] {processor.py:756} INFO - Processing file /home/debian/etlhausz/venv/lib/python3.9/site-packages/airflow/example_dags/example_branch_labels.py for tasks to queue
[2022-11-06T22:30:56.582-0300] {logging_mixin.py:120} INFO - [2022-11-06T22:30:56.582-0300] {dagbag.py:537} INFO - Filling up the DagBag from /home/debian/etlhausz/venv/lib/python3.9/site-packages/airflow/example_dags/example_branch_labels.py
[2022-11-06T22:30:56.602-0300] {processor.py:766} INFO - DAG(s) dict_keys(['example_branch_labels']) retrieved from /home/debian/etlhausz/venv/lib/python3.9/site-packages/airflow/example_dags/example_branch_labels.py
[2022-11-06T22:30:56.789-0300] {logging_mixin.py:120} INFO - [2022-11-06T22:30:56.789-0300] {dag.py:2585} INFO - Sync 1 DAGs
[2022-11-06T22:30:56.807-0300] {logging_mixin.py:120} INFO - [2022-11-06T22:30:56.807-0300] {dag.py:3336} INFO - Setting next_dagrun for example_branch_labels to 2022-11-06T00:00:00+00:00, run_after=2022-11-07T00:00:00+00:00
[2022-11-06T22:30:56.828-0300] {processor.py:176} INFO - Processing /home/debian/etlhausz/venv/lib/python3.9/site-packages/airflow/example_dags/example_branch_labels.py took 0.252 seconds
[2022-11-06T22:31:27.261-0300] {processor.py:154} INFO - Started process (PID=40004) to work on /home/debian/etlhausz/venv/lib/python3.9/site-packages/airflow/example_dags/example_branch_labels.py
[2022-11-06T22:31:27.262-0300] {processor.py:756} INFO - Processing file /home/debian/etlhausz/venv/lib/python3.9/site-packages/airflow/example_dags/example_branch_labels.py for tasks to queue
[2022-11-06T22:31:27.262-0300] {logging_mixin.py:120} INFO - [2022-11-06T22:31:27.262-0300] {dagbag.py:537} INFO - Filling up the DagBag from /home/debian/etlhausz/venv/lib/python3.9/site-packages/airflow/example_dags/example_branch_labels.py
[2022-11-06T22:31:27.277-0300] {processor.py:766} INFO - DAG(s) dict_keys(['example_branch_labels']) retrieved from /home/debian/etlhausz/venv/lib/python3.9/site-packages/airflow/example_dags/example_branch_labels.py
[2022-11-06T22:31:27.328-0300] {logging_mixin.py:120} INFO - [2022-11-06T22:31:27.328-0300] {dag.py:2585} INFO - Sync 1 DAGs
[2022-11-06T22:31:27.353-0300] {logging_mixin.py:120} INFO - [2022-11-06T22:31:27.353-0300] {dag.py:3336} INFO - Setting next_dagrun for example_branch_labels to 2022-11-06T00:00:00+00:00, run_after=2022-11-07T00:00:00+00:00
[2022-11-06T22:31:27.378-0300] {processor.py:176} INFO - Processing /home/debian/etlhausz/venv/lib/python3.9/site-packages/airflow/example_dags/example_branch_labels.py took 0.120 seconds
