[2022-11-06T21:00:11.680-0300] {processor.py:154} INFO - Started process (PID=61015) to work on /home/debian/etlhausz/venv/lib/python3.9/site-packages/airflow/example_dags/example_short_circuit_operator.py
[2022-11-06T21:00:11.681-0300] {processor.py:756} INFO - Processing file /home/debian/etlhausz/venv/lib/python3.9/site-packages/airflow/example_dags/example_short_circuit_operator.py for tasks to queue
[2022-11-06T21:00:11.681-0300] {logging_mixin.py:120} INFO - [2022-11-06T21:00:11.681-0300] {dagbag.py:537} INFO - Filling up the DagBag from /home/debian/etlhausz/venv/lib/python3.9/site-packages/airflow/example_dags/example_short_circuit_operator.py
[2022-11-06T21:00:11.799-0300] {processor.py:766} INFO - DAG(s) dict_keys(['example_short_circuit_operator']) retrieved from /home/debian/etlhausz/venv/lib/python3.9/site-packages/airflow/example_dags/example_short_circuit_operator.py
[2022-11-06T21:00:11.851-0300] {logging_mixin.py:120} INFO - [2022-11-06T21:00:11.851-0300] {dag.py:2585} INFO - Sync 1 DAGs
[2022-11-06T21:00:11.876-0300] {logging_mixin.py:120} INFO - [2022-11-06T21:00:11.875-0300] {dag.py:3336} INFO - Setting next_dagrun for example_short_circuit_operator to 2022-11-06T00:00:11.875462+00:00, run_after=2022-11-07T00:00:11.875462+00:00
[2022-11-06T21:00:11.918-0300] {processor.py:176} INFO - Processing /home/debian/etlhausz/venv/lib/python3.9/site-packages/airflow/example_dags/example_short_circuit_operator.py took 0.242 seconds
[2022-11-06T21:00:42.371-0300] {processor.py:154} INFO - Started process (PID=61593) to work on /home/debian/etlhausz/venv/lib/python3.9/site-packages/airflow/example_dags/example_short_circuit_operator.py
[2022-11-06T21:00:42.377-0300] {processor.py:756} INFO - Processing file /home/debian/etlhausz/venv/lib/python3.9/site-packages/airflow/example_dags/example_short_circuit_operator.py for tasks to queue
[2022-11-06T21:00:42.377-0300] {logging_mixin.py:120} INFO - [2022-11-06T21:00:42.377-0300] {dagbag.py:537} INFO - Filling up the DagBag from /home/debian/etlhausz/venv/lib/python3.9/site-packages/airflow/example_dags/example_short_circuit_operator.py
[2022-11-06T21:00:42.390-0300] {processor.py:766} INFO - DAG(s) dict_keys(['example_short_circuit_operator']) retrieved from /home/debian/etlhausz/venv/lib/python3.9/site-packages/airflow/example_dags/example_short_circuit_operator.py
[2022-11-06T21:00:42.434-0300] {logging_mixin.py:120} INFO - [2022-11-06T21:00:42.434-0300] {dag.py:2585} INFO - Sync 1 DAGs
[2022-11-06T21:00:42.541-0300] {logging_mixin.py:120} INFO - [2022-11-06T21:00:42.541-0300] {dag.py:3336} INFO - Setting next_dagrun for example_short_circuit_operator to 2022-11-06T00:00:42.541463+00:00, run_after=2022-11-07T00:00:42.541463+00:00
[2022-11-06T21:00:42.571-0300] {processor.py:176} INFO - Processing /home/debian/etlhausz/venv/lib/python3.9/site-packages/airflow/example_dags/example_short_circuit_operator.py took 0.204 seconds
[2022-11-06T21:01:12.975-0300] {processor.py:154} INFO - Started process (PID=62162) to work on /home/debian/etlhausz/venv/lib/python3.9/site-packages/airflow/example_dags/example_short_circuit_operator.py
[2022-11-06T21:01:12.977-0300] {processor.py:756} INFO - Processing file /home/debian/etlhausz/venv/lib/python3.9/site-packages/airflow/example_dags/example_short_circuit_operator.py for tasks to queue
[2022-11-06T21:01:12.979-0300] {logging_mixin.py:120} INFO - [2022-11-06T21:01:12.979-0300] {dagbag.py:537} INFO - Filling up the DagBag from /home/debian/etlhausz/venv/lib/python3.9/site-packages/airflow/example_dags/example_short_circuit_operator.py
[2022-11-06T21:01:12.993-0300] {processor.py:766} INFO - DAG(s) dict_keys(['example_short_circuit_operator']) retrieved from /home/debian/etlhausz/venv/lib/python3.9/site-packages/airflow/example_dags/example_short_circuit_operator.py
[2022-11-06T21:01:13.146-0300] {logging_mixin.py:120} INFO - [2022-11-06T21:01:13.145-0300] {dag.py:2585} INFO - Sync 1 DAGs
[2022-11-06T21:01:13.167-0300] {logging_mixin.py:120} INFO - [2022-11-06T21:01:13.166-0300] {dag.py:3336} INFO - Setting next_dagrun for example_short_circuit_operator to 2022-11-06T00:01:13.166712+00:00, run_after=2022-11-07T00:01:13.166712+00:00
[2022-11-06T21:01:13.203-0300] {processor.py:176} INFO - Processing /home/debian/etlhausz/venv/lib/python3.9/site-packages/airflow/example_dags/example_short_circuit_operator.py took 0.231 seconds
[2022-11-06T21:01:43.967-0300] {processor.py:154} INFO - Started process (PID=62740) to work on /home/debian/etlhausz/venv/lib/python3.9/site-packages/airflow/example_dags/example_short_circuit_operator.py
[2022-11-06T21:01:43.969-0300] {processor.py:756} INFO - Processing file /home/debian/etlhausz/venv/lib/python3.9/site-packages/airflow/example_dags/example_short_circuit_operator.py for tasks to queue
[2022-11-06T21:01:43.969-0300] {logging_mixin.py:120} INFO - [2022-11-06T21:01:43.969-0300] {dagbag.py:537} INFO - Filling up the DagBag from /home/debian/etlhausz/venv/lib/python3.9/site-packages/airflow/example_dags/example_short_circuit_operator.py
[2022-11-06T21:01:43.981-0300] {processor.py:766} INFO - DAG(s) dict_keys(['example_short_circuit_operator']) retrieved from /home/debian/etlhausz/venv/lib/python3.9/site-packages/airflow/example_dags/example_short_circuit_operator.py
[2022-11-06T21:01:44.141-0300] {logging_mixin.py:120} INFO - [2022-11-06T21:01:44.141-0300] {dag.py:2585} INFO - Sync 1 DAGs
[2022-11-06T21:01:44.162-0300] {logging_mixin.py:120} INFO - [2022-11-06T21:01:44.162-0300] {dag.py:3336} INFO - Setting next_dagrun for example_short_circuit_operator to 2022-11-06T00:01:44.162326+00:00, run_after=2022-11-07T00:01:44.162326+00:00
[2022-11-06T21:01:44.186-0300] {processor.py:176} INFO - Processing /home/debian/etlhausz/venv/lib/python3.9/site-packages/airflow/example_dags/example_short_circuit_operator.py took 0.222 seconds
[2022-11-06T21:02:14.907-0300] {processor.py:154} INFO - Started process (PID=63217) to work on /home/debian/etlhausz/venv/lib/python3.9/site-packages/airflow/example_dags/example_short_circuit_operator.py
[2022-11-06T21:02:14.909-0300] {processor.py:756} INFO - Processing file /home/debian/etlhausz/venv/lib/python3.9/site-packages/airflow/example_dags/example_short_circuit_operator.py for tasks to queue
[2022-11-06T21:02:14.910-0300] {logging_mixin.py:120} INFO - [2022-11-06T21:02:14.909-0300] {dagbag.py:537} INFO - Filling up the DagBag from /home/debian/etlhausz/venv/lib/python3.9/site-packages/airflow/example_dags/example_short_circuit_operator.py
[2022-11-06T21:02:15.058-0300] {processor.py:766} INFO - DAG(s) dict_keys(['example_short_circuit_operator']) retrieved from /home/debian/etlhausz/venv/lib/python3.9/site-packages/airflow/example_dags/example_short_circuit_operator.py
[2022-11-06T21:02:15.102-0300] {logging_mixin.py:120} INFO - [2022-11-06T21:02:15.101-0300] {dag.py:2585} INFO - Sync 1 DAGs
[2022-11-06T21:02:15.137-0300] {logging_mixin.py:120} INFO - [2022-11-06T21:02:15.136-0300] {dag.py:3336} INFO - Setting next_dagrun for example_short_circuit_operator to 2022-11-06T00:02:15.136748+00:00, run_after=2022-11-07T00:02:15.136748+00:00
[2022-11-06T21:02:15.272-0300] {processor.py:176} INFO - Processing /home/debian/etlhausz/venv/lib/python3.9/site-packages/airflow/example_dags/example_short_circuit_operator.py took 0.369 seconds
[2022-11-06T21:02:46.248-0300] {processor.py:154} INFO - Started process (PID=63796) to work on /home/debian/etlhausz/venv/lib/python3.9/site-packages/airflow/example_dags/example_short_circuit_operator.py
[2022-11-06T21:02:46.249-0300] {processor.py:756} INFO - Processing file /home/debian/etlhausz/venv/lib/python3.9/site-packages/airflow/example_dags/example_short_circuit_operator.py for tasks to queue
[2022-11-06T21:02:46.250-0300] {logging_mixin.py:120} INFO - [2022-11-06T21:02:46.250-0300] {dagbag.py:537} INFO - Filling up the DagBag from /home/debian/etlhausz/venv/lib/python3.9/site-packages/airflow/example_dags/example_short_circuit_operator.py
[2022-11-06T21:02:46.280-0300] {processor.py:766} INFO - DAG(s) dict_keys(['example_short_circuit_operator']) retrieved from /home/debian/etlhausz/venv/lib/python3.9/site-packages/airflow/example_dags/example_short_circuit_operator.py
[2022-11-06T21:02:46.328-0300] {logging_mixin.py:120} INFO - [2022-11-06T21:02:46.328-0300] {dag.py:2585} INFO - Sync 1 DAGs
[2022-11-06T21:02:46.460-0300] {logging_mixin.py:120} INFO - [2022-11-06T21:02:46.459-0300] {dag.py:3336} INFO - Setting next_dagrun for example_short_circuit_operator to 2022-11-06T00:02:46.459812+00:00, run_after=2022-11-07T00:02:46.459812+00:00
[2022-11-06T21:02:46.494-0300] {processor.py:176} INFO - Processing /home/debian/etlhausz/venv/lib/python3.9/site-packages/airflow/example_dags/example_short_circuit_operator.py took 0.259 seconds
[2022-11-06T21:03:16.795-0300] {processor.py:154} INFO - Started process (PID=64354) to work on /home/debian/etlhausz/venv/lib/python3.9/site-packages/airflow/example_dags/example_short_circuit_operator.py
[2022-11-06T21:03:16.797-0300] {processor.py:756} INFO - Processing file /home/debian/etlhausz/venv/lib/python3.9/site-packages/airflow/example_dags/example_short_circuit_operator.py for tasks to queue
[2022-11-06T21:03:16.797-0300] {logging_mixin.py:120} INFO - [2022-11-06T21:03:16.797-0300] {dagbag.py:537} INFO - Filling up the DagBag from /home/debian/etlhausz/venv/lib/python3.9/site-packages/airflow/example_dags/example_short_circuit_operator.py
[2022-11-06T21:03:16.811-0300] {processor.py:766} INFO - DAG(s) dict_keys(['example_short_circuit_operator']) retrieved from /home/debian/etlhausz/venv/lib/python3.9/site-packages/airflow/example_dags/example_short_circuit_operator.py
[2022-11-06T21:03:17.159-0300] {logging_mixin.py:120} INFO - [2022-11-06T21:03:17.159-0300] {dag.py:2585} INFO - Sync 1 DAGs
[2022-11-06T21:03:17.193-0300] {logging_mixin.py:120} INFO - [2022-11-06T21:03:17.193-0300] {dag.py:3336} INFO - Setting next_dagrun for example_short_circuit_operator to 2022-11-06T00:03:17.193092+00:00, run_after=2022-11-07T00:03:17.193092+00:00
[2022-11-06T21:03:17.207-0300] {processor.py:176} INFO - Processing /home/debian/etlhausz/venv/lib/python3.9/site-packages/airflow/example_dags/example_short_circuit_operator.py took 0.417 seconds
[2022-11-06T21:03:47.637-0300] {processor.py:154} INFO - Started process (PID=64982) to work on /home/debian/etlhausz/venv/lib/python3.9/site-packages/airflow/example_dags/example_short_circuit_operator.py
[2022-11-06T21:03:47.646-0300] {processor.py:756} INFO - Processing file /home/debian/etlhausz/venv/lib/python3.9/site-packages/airflow/example_dags/example_short_circuit_operator.py for tasks to queue
[2022-11-06T21:03:47.647-0300] {logging_mixin.py:120} INFO - [2022-11-06T21:03:47.647-0300] {dagbag.py:537} INFO - Filling up the DagBag from /home/debian/etlhausz/venv/lib/python3.9/site-packages/airflow/example_dags/example_short_circuit_operator.py
[2022-11-06T21:03:47.671-0300] {processor.py:766} INFO - DAG(s) dict_keys(['example_short_circuit_operator']) retrieved from /home/debian/etlhausz/venv/lib/python3.9/site-packages/airflow/example_dags/example_short_circuit_operator.py
[2022-11-06T21:03:47.909-0300] {logging_mixin.py:120} INFO - [2022-11-06T21:03:47.908-0300] {dag.py:2585} INFO - Sync 1 DAGs
[2022-11-06T21:03:47.985-0300] {logging_mixin.py:120} INFO - [2022-11-06T21:03:47.985-0300] {dag.py:3336} INFO - Setting next_dagrun for example_short_circuit_operator to 2022-11-06T00:03:47.985265+00:00, run_after=2022-11-07T00:03:47.985265+00:00
[2022-11-06T21:03:48.017-0300] {processor.py:176} INFO - Processing /home/debian/etlhausz/venv/lib/python3.9/site-packages/airflow/example_dags/example_short_circuit_operator.py took 0.389 seconds
[2022-11-06T21:04:18.289-0300] {processor.py:154} INFO - Started process (PID=65586) to work on /home/debian/etlhausz/venv/lib/python3.9/site-packages/airflow/example_dags/example_short_circuit_operator.py
[2022-11-06T21:04:18.294-0300] {processor.py:756} INFO - Processing file /home/debian/etlhausz/venv/lib/python3.9/site-packages/airflow/example_dags/example_short_circuit_operator.py for tasks to queue
[2022-11-06T21:04:18.301-0300] {logging_mixin.py:120} INFO - [2022-11-06T21:04:18.299-0300] {dagbag.py:537} INFO - Filling up the DagBag from /home/debian/etlhausz/venv/lib/python3.9/site-packages/airflow/example_dags/example_short_circuit_operator.py
[2022-11-06T21:04:18.507-0300] {processor.py:766} INFO - DAG(s) dict_keys(['example_short_circuit_operator']) retrieved from /home/debian/etlhausz/venv/lib/python3.9/site-packages/airflow/example_dags/example_short_circuit_operator.py
[2022-11-06T21:04:18.554-0300] {logging_mixin.py:120} INFO - [2022-11-06T21:04:18.554-0300] {dag.py:2585} INFO - Sync 1 DAGs
[2022-11-06T21:04:18.578-0300] {logging_mixin.py:120} INFO - [2022-11-06T21:04:18.577-0300] {dag.py:3336} INFO - Setting next_dagrun for example_short_circuit_operator to 2022-11-06T00:04:18.577420+00:00, run_after=2022-11-07T00:04:18.577420+00:00
[2022-11-06T21:04:18.600-0300] {processor.py:176} INFO - Processing /home/debian/etlhausz/venv/lib/python3.9/site-packages/airflow/example_dags/example_short_circuit_operator.py took 0.338 seconds
[2022-11-06T22:01:38.340-0300] {processor.py:154} INFO - Started process (PID=5166) to work on /home/debian/etlhausz/venv/lib/python3.9/site-packages/airflow/example_dags/example_short_circuit_operator.py
[2022-11-06T22:01:38.342-0300] {processor.py:756} INFO - Processing file /home/debian/etlhausz/venv/lib/python3.9/site-packages/airflow/example_dags/example_short_circuit_operator.py for tasks to queue
[2022-11-06T22:01:38.343-0300] {logging_mixin.py:120} INFO - [2022-11-06T22:01:38.343-0300] {dagbag.py:537} INFO - Filling up the DagBag from /home/debian/etlhausz/venv/lib/python3.9/site-packages/airflow/example_dags/example_short_circuit_operator.py
[2022-11-06T22:01:38.383-0300] {processor.py:766} INFO - DAG(s) dict_keys(['example_short_circuit_operator']) retrieved from /home/debian/etlhausz/venv/lib/python3.9/site-packages/airflow/example_dags/example_short_circuit_operator.py
[2022-11-06T22:01:38.438-0300] {logging_mixin.py:120} INFO - [2022-11-06T22:01:38.437-0300] {dag.py:2585} INFO - Sync 1 DAGs
[2022-11-06T22:01:38.485-0300] {logging_mixin.py:120} INFO - [2022-11-06T22:01:38.484-0300] {dag.py:3336} INFO - Setting next_dagrun for example_short_circuit_operator to 2022-11-06T01:01:38.484216+00:00, run_after=2022-11-07T01:01:38.484216+00:00
[2022-11-06T22:01:38.535-0300] {processor.py:176} INFO - Processing /home/debian/etlhausz/venv/lib/python3.9/site-packages/airflow/example_dags/example_short_circuit_operator.py took 0.198 seconds
[2022-11-06T22:02:10.581-0300] {processor.py:154} INFO - Started process (PID=5812) to work on /home/debian/etlhausz/venv/lib/python3.9/site-packages/airflow/example_dags/example_short_circuit_operator.py
[2022-11-06T22:02:10.581-0300] {processor.py:756} INFO - Processing file /home/debian/etlhausz/venv/lib/python3.9/site-packages/airflow/example_dags/example_short_circuit_operator.py for tasks to queue
[2022-11-06T22:02:10.582-0300] {logging_mixin.py:120} INFO - [2022-11-06T22:02:10.582-0300] {dagbag.py:537} INFO - Filling up the DagBag from /home/debian/etlhausz/venv/lib/python3.9/site-packages/airflow/example_dags/example_short_circuit_operator.py
[2022-11-06T22:02:10.603-0300] {processor.py:766} INFO - DAG(s) dict_keys(['example_short_circuit_operator']) retrieved from /home/debian/etlhausz/venv/lib/python3.9/site-packages/airflow/example_dags/example_short_circuit_operator.py
[2022-11-06T22:02:10.699-0300] {logging_mixin.py:120} INFO - [2022-11-06T22:02:10.699-0300] {dag.py:2585} INFO - Sync 1 DAGs
[2022-11-06T22:02:10.744-0300] {logging_mixin.py:120} INFO - [2022-11-06T22:02:10.744-0300] {dag.py:3336} INFO - Setting next_dagrun for example_short_circuit_operator to 2022-11-06T01:02:10.744636+00:00, run_after=2022-11-07T01:02:10.744636+00:00
[2022-11-06T22:02:10.765-0300] {processor.py:176} INFO - Processing /home/debian/etlhausz/venv/lib/python3.9/site-packages/airflow/example_dags/example_short_circuit_operator.py took 0.188 seconds
[2022-11-06T22:02:42.191-0300] {processor.py:154} INFO - Started process (PID=6474) to work on /home/debian/etlhausz/venv/lib/python3.9/site-packages/airflow/example_dags/example_short_circuit_operator.py
[2022-11-06T22:02:42.193-0300] {processor.py:756} INFO - Processing file /home/debian/etlhausz/venv/lib/python3.9/site-packages/airflow/example_dags/example_short_circuit_operator.py for tasks to queue
[2022-11-06T22:02:42.195-0300] {logging_mixin.py:120} INFO - [2022-11-06T22:02:42.195-0300] {dagbag.py:537} INFO - Filling up the DagBag from /home/debian/etlhausz/venv/lib/python3.9/site-packages/airflow/example_dags/example_short_circuit_operator.py
[2022-11-06T22:02:42.220-0300] {processor.py:766} INFO - DAG(s) dict_keys(['example_short_circuit_operator']) retrieved from /home/debian/etlhausz/venv/lib/python3.9/site-packages/airflow/example_dags/example_short_circuit_operator.py
[2022-11-06T22:02:42.288-0300] {logging_mixin.py:120} INFO - [2022-11-06T22:02:42.288-0300] {dag.py:2585} INFO - Sync 1 DAGs
[2022-11-06T22:02:42.325-0300] {logging_mixin.py:120} INFO - [2022-11-06T22:02:42.325-0300] {dag.py:3336} INFO - Setting next_dagrun for example_short_circuit_operator to 2022-11-06T01:02:42.325504+00:00, run_after=2022-11-07T01:02:42.325504+00:00
[2022-11-06T22:02:42.366-0300] {processor.py:176} INFO - Processing /home/debian/etlhausz/venv/lib/python3.9/site-packages/airflow/example_dags/example_short_circuit_operator.py took 0.178 seconds
[2022-11-06T22:03:14.700-0300] {processor.py:154} INFO - Started process (PID=7051) to work on /home/debian/etlhausz/venv/lib/python3.9/site-packages/airflow/example_dags/example_short_circuit_operator.py
[2022-11-06T22:03:14.701-0300] {processor.py:756} INFO - Processing file /home/debian/etlhausz/venv/lib/python3.9/site-packages/airflow/example_dags/example_short_circuit_operator.py for tasks to queue
[2022-11-06T22:03:14.702-0300] {logging_mixin.py:120} INFO - [2022-11-06T22:03:14.701-0300] {dagbag.py:537} INFO - Filling up the DagBag from /home/debian/etlhausz/venv/lib/python3.9/site-packages/airflow/example_dags/example_short_circuit_operator.py
[2022-11-06T22:03:14.715-0300] {processor.py:766} INFO - DAG(s) dict_keys(['example_short_circuit_operator']) retrieved from /home/debian/etlhausz/venv/lib/python3.9/site-packages/airflow/example_dags/example_short_circuit_operator.py
[2022-11-06T22:03:14.794-0300] {logging_mixin.py:120} INFO - [2022-11-06T22:03:14.794-0300] {dag.py:2585} INFO - Sync 1 DAGs
[2022-11-06T22:03:14.854-0300] {logging_mixin.py:120} INFO - [2022-11-06T22:03:14.854-0300] {dag.py:3336} INFO - Setting next_dagrun for example_short_circuit_operator to 2022-11-06T01:03:14.853990+00:00, run_after=2022-11-07T01:03:14.853990+00:00
[2022-11-06T22:03:14.979-0300] {processor.py:176} INFO - Processing /home/debian/etlhausz/venv/lib/python3.9/site-packages/airflow/example_dags/example_short_circuit_operator.py took 0.282 seconds
[2022-11-06T22:03:46.105-0300] {processor.py:154} INFO - Started process (PID=7736) to work on /home/debian/etlhausz/venv/lib/python3.9/site-packages/airflow/example_dags/example_short_circuit_operator.py
[2022-11-06T22:03:46.106-0300] {processor.py:756} INFO - Processing file /home/debian/etlhausz/venv/lib/python3.9/site-packages/airflow/example_dags/example_short_circuit_operator.py for tasks to queue
[2022-11-06T22:03:46.107-0300] {logging_mixin.py:120} INFO - [2022-11-06T22:03:46.107-0300] {dagbag.py:537} INFO - Filling up the DagBag from /home/debian/etlhausz/venv/lib/python3.9/site-packages/airflow/example_dags/example_short_circuit_operator.py
[2022-11-06T22:03:46.121-0300] {processor.py:766} INFO - DAG(s) dict_keys(['example_short_circuit_operator']) retrieved from /home/debian/etlhausz/venv/lib/python3.9/site-packages/airflow/example_dags/example_short_circuit_operator.py
[2022-11-06T22:03:46.163-0300] {logging_mixin.py:120} INFO - [2022-11-06T22:03:46.163-0300] {dag.py:2585} INFO - Sync 1 DAGs
[2022-11-06T22:03:46.183-0300] {logging_mixin.py:120} INFO - [2022-11-06T22:03:46.183-0300] {dag.py:3336} INFO - Setting next_dagrun for example_short_circuit_operator to 2022-11-06T01:03:46.183004+00:00, run_after=2022-11-07T01:03:46.183004+00:00
[2022-11-06T22:03:46.206-0300] {processor.py:176} INFO - Processing /home/debian/etlhausz/venv/lib/python3.9/site-packages/airflow/example_dags/example_short_circuit_operator.py took 0.103 seconds
[2022-11-06T22:04:17.720-0300] {processor.py:154} INFO - Started process (PID=8359) to work on /home/debian/etlhausz/venv/lib/python3.9/site-packages/airflow/example_dags/example_short_circuit_operator.py
[2022-11-06T22:04:17.722-0300] {processor.py:756} INFO - Processing file /home/debian/etlhausz/venv/lib/python3.9/site-packages/airflow/example_dags/example_short_circuit_operator.py for tasks to queue
[2022-11-06T22:04:17.722-0300] {logging_mixin.py:120} INFO - [2022-11-06T22:04:17.722-0300] {dagbag.py:537} INFO - Filling up the DagBag from /home/debian/etlhausz/venv/lib/python3.9/site-packages/airflow/example_dags/example_short_circuit_operator.py
[2022-11-06T22:04:17.737-0300] {processor.py:766} INFO - DAG(s) dict_keys(['example_short_circuit_operator']) retrieved from /home/debian/etlhausz/venv/lib/python3.9/site-packages/airflow/example_dags/example_short_circuit_operator.py
[2022-11-06T22:04:17.818-0300] {logging_mixin.py:120} INFO - [2022-11-06T22:04:17.818-0300] {dag.py:2585} INFO - Sync 1 DAGs
[2022-11-06T22:04:17.847-0300] {logging_mixin.py:120} INFO - [2022-11-06T22:04:17.847-0300] {dag.py:3336} INFO - Setting next_dagrun for example_short_circuit_operator to 2022-11-06T01:04:17.847495+00:00, run_after=2022-11-07T01:04:17.847495+00:00
[2022-11-06T22:04:17.869-0300] {processor.py:176} INFO - Processing /home/debian/etlhausz/venv/lib/python3.9/site-packages/airflow/example_dags/example_short_circuit_operator.py took 0.152 seconds
[2022-11-06T22:04:50.188-0300] {processor.py:154} INFO - Started process (PID=8933) to work on /home/debian/etlhausz/venv/lib/python3.9/site-packages/airflow/example_dags/example_short_circuit_operator.py
[2022-11-06T22:04:50.190-0300] {processor.py:756} INFO - Processing file /home/debian/etlhausz/venv/lib/python3.9/site-packages/airflow/example_dags/example_short_circuit_operator.py for tasks to queue
[2022-11-06T22:04:50.191-0300] {logging_mixin.py:120} INFO - [2022-11-06T22:04:50.191-0300] {dagbag.py:537} INFO - Filling up the DagBag from /home/debian/etlhausz/venv/lib/python3.9/site-packages/airflow/example_dags/example_short_circuit_operator.py
[2022-11-06T22:04:50.206-0300] {processor.py:766} INFO - DAG(s) dict_keys(['example_short_circuit_operator']) retrieved from /home/debian/etlhausz/venv/lib/python3.9/site-packages/airflow/example_dags/example_short_circuit_operator.py
[2022-11-06T22:04:50.251-0300] {logging_mixin.py:120} INFO - [2022-11-06T22:04:50.251-0300] {dag.py:2585} INFO - Sync 1 DAGs
[2022-11-06T22:04:50.270-0300] {logging_mixin.py:120} INFO - [2022-11-06T22:04:50.270-0300] {dag.py:3336} INFO - Setting next_dagrun for example_short_circuit_operator to 2022-11-06T01:04:50.269978+00:00, run_after=2022-11-07T01:04:50.269978+00:00
[2022-11-06T22:04:50.290-0300] {processor.py:176} INFO - Processing /home/debian/etlhausz/venv/lib/python3.9/site-packages/airflow/example_dags/example_short_circuit_operator.py took 0.105 seconds
[2022-11-06T22:05:31.485-0300] {processor.py:154} INFO - Started process (PID=9864) to work on /home/debian/etlhausz/venv/lib/python3.9/site-packages/airflow/example_dags/example_short_circuit_operator.py
[2022-11-06T22:05:31.491-0300] {processor.py:756} INFO - Processing file /home/debian/etlhausz/venv/lib/python3.9/site-packages/airflow/example_dags/example_short_circuit_operator.py for tasks to queue
[2022-11-06T22:05:31.493-0300] {logging_mixin.py:120} INFO - [2022-11-06T22:05:31.493-0300] {dagbag.py:537} INFO - Filling up the DagBag from /home/debian/etlhausz/venv/lib/python3.9/site-packages/airflow/example_dags/example_short_circuit_operator.py
[2022-11-06T22:05:31.538-0300] {processor.py:766} INFO - DAG(s) dict_keys(['example_short_circuit_operator']) retrieved from /home/debian/etlhausz/venv/lib/python3.9/site-packages/airflow/example_dags/example_short_circuit_operator.py
[2022-11-06T22:05:31.648-0300] {logging_mixin.py:120} INFO - [2022-11-06T22:05:31.647-0300] {dag.py:2585} INFO - Sync 1 DAGs
[2022-11-06T22:05:31.705-0300] {logging_mixin.py:120} INFO - [2022-11-06T22:05:31.705-0300] {dag.py:3336} INFO - Setting next_dagrun for example_short_circuit_operator to 2022-11-06T01:05:31.704847+00:00, run_after=2022-11-07T01:05:31.704847+00:00
[2022-11-06T22:05:31.726-0300] {processor.py:176} INFO - Processing /home/debian/etlhausz/venv/lib/python3.9/site-packages/airflow/example_dags/example_short_circuit_operator.py took 0.300 seconds
[2022-11-06T22:06:02.594-0300] {processor.py:154} INFO - Started process (PID=10480) to work on /home/debian/etlhausz/venv/lib/python3.9/site-packages/airflow/example_dags/example_short_circuit_operator.py
[2022-11-06T22:06:02.595-0300] {processor.py:756} INFO - Processing file /home/debian/etlhausz/venv/lib/python3.9/site-packages/airflow/example_dags/example_short_circuit_operator.py for tasks to queue
[2022-11-06T22:06:02.596-0300] {logging_mixin.py:120} INFO - [2022-11-06T22:06:02.596-0300] {dagbag.py:537} INFO - Filling up the DagBag from /home/debian/etlhausz/venv/lib/python3.9/site-packages/airflow/example_dags/example_short_circuit_operator.py
[2022-11-06T22:06:02.618-0300] {processor.py:766} INFO - DAG(s) dict_keys(['example_short_circuit_operator']) retrieved from /home/debian/etlhausz/venv/lib/python3.9/site-packages/airflow/example_dags/example_short_circuit_operator.py
[2022-11-06T22:06:02.661-0300] {logging_mixin.py:120} INFO - [2022-11-06T22:06:02.661-0300] {dag.py:2585} INFO - Sync 1 DAGs
[2022-11-06T22:06:02.681-0300] {logging_mixin.py:120} INFO - [2022-11-06T22:06:02.681-0300] {dag.py:3336} INFO - Setting next_dagrun for example_short_circuit_operator to 2022-11-06T01:06:02.681098+00:00, run_after=2022-11-07T01:06:02.681098+00:00
[2022-11-06T22:06:02.714-0300] {processor.py:176} INFO - Processing /home/debian/etlhausz/venv/lib/python3.9/site-packages/airflow/example_dags/example_short_circuit_operator.py took 0.122 seconds
[2022-11-06T22:06:33.645-0300] {processor.py:154} INFO - Started process (PID=11077) to work on /home/debian/etlhausz/venv/lib/python3.9/site-packages/airflow/example_dags/example_short_circuit_operator.py
[2022-11-06T22:06:33.646-0300] {processor.py:756} INFO - Processing file /home/debian/etlhausz/venv/lib/python3.9/site-packages/airflow/example_dags/example_short_circuit_operator.py for tasks to queue
[2022-11-06T22:06:33.647-0300] {logging_mixin.py:120} INFO - [2022-11-06T22:06:33.647-0300] {dagbag.py:537} INFO - Filling up the DagBag from /home/debian/etlhausz/venv/lib/python3.9/site-packages/airflow/example_dags/example_short_circuit_operator.py
[2022-11-06T22:06:33.662-0300] {processor.py:766} INFO - DAG(s) dict_keys(['example_short_circuit_operator']) retrieved from /home/debian/etlhausz/venv/lib/python3.9/site-packages/airflow/example_dags/example_short_circuit_operator.py
[2022-11-06T22:06:33.709-0300] {logging_mixin.py:120} INFO - [2022-11-06T22:06:33.709-0300] {dag.py:2585} INFO - Sync 1 DAGs
[2022-11-06T22:06:33.729-0300] {logging_mixin.py:120} INFO - [2022-11-06T22:06:33.729-0300] {dag.py:3336} INFO - Setting next_dagrun for example_short_circuit_operator to 2022-11-06T01:06:33.729555+00:00, run_after=2022-11-07T01:06:33.729555+00:00
[2022-11-06T22:06:33.754-0300] {processor.py:176} INFO - Processing /home/debian/etlhausz/venv/lib/python3.9/site-packages/airflow/example_dags/example_short_circuit_operator.py took 0.113 seconds
[2022-11-06T22:07:04.141-0300] {processor.py:154} INFO - Started process (PID=11626) to work on /home/debian/etlhausz/venv/lib/python3.9/site-packages/airflow/example_dags/example_short_circuit_operator.py
[2022-11-06T22:07:04.144-0300] {processor.py:756} INFO - Processing file /home/debian/etlhausz/venv/lib/python3.9/site-packages/airflow/example_dags/example_short_circuit_operator.py for tasks to queue
[2022-11-06T22:07:04.145-0300] {logging_mixin.py:120} INFO - [2022-11-06T22:07:04.144-0300] {dagbag.py:537} INFO - Filling up the DagBag from /home/debian/etlhausz/venv/lib/python3.9/site-packages/airflow/example_dags/example_short_circuit_operator.py
[2022-11-06T22:07:04.168-0300] {processor.py:766} INFO - DAG(s) dict_keys(['example_short_circuit_operator']) retrieved from /home/debian/etlhausz/venv/lib/python3.9/site-packages/airflow/example_dags/example_short_circuit_operator.py
[2022-11-06T22:07:04.271-0300] {logging_mixin.py:120} INFO - [2022-11-06T22:07:04.271-0300] {dag.py:2585} INFO - Sync 1 DAGs
[2022-11-06T22:07:04.305-0300] {logging_mixin.py:120} INFO - [2022-11-06T22:07:04.305-0300] {dag.py:3336} INFO - Setting next_dagrun for example_short_circuit_operator to 2022-11-06T01:07:04.305480+00:00, run_after=2022-11-07T01:07:04.305480+00:00
[2022-11-06T22:07:04.328-0300] {processor.py:176} INFO - Processing /home/debian/etlhausz/venv/lib/python3.9/site-packages/airflow/example_dags/example_short_circuit_operator.py took 0.200 seconds
[2022-11-06T22:07:38.430-0300] {processor.py:154} INFO - Started process (PID=12322) to work on /home/debian/etlhausz/venv/lib/python3.9/site-packages/airflow/example_dags/example_short_circuit_operator.py
[2022-11-06T22:07:38.431-0300] {processor.py:756} INFO - Processing file /home/debian/etlhausz/venv/lib/python3.9/site-packages/airflow/example_dags/example_short_circuit_operator.py for tasks to queue
[2022-11-06T22:07:38.433-0300] {logging_mixin.py:120} INFO - [2022-11-06T22:07:38.433-0300] {dagbag.py:537} INFO - Filling up the DagBag from /home/debian/etlhausz/venv/lib/python3.9/site-packages/airflow/example_dags/example_short_circuit_operator.py
[2022-11-06T22:07:38.467-0300] {processor.py:766} INFO - DAG(s) dict_keys(['example_short_circuit_operator']) retrieved from /home/debian/etlhausz/venv/lib/python3.9/site-packages/airflow/example_dags/example_short_circuit_operator.py
[2022-11-06T22:07:38.580-0300] {logging_mixin.py:120} INFO - [2022-11-06T22:07:38.580-0300] {dag.py:2585} INFO - Sync 1 DAGs
[2022-11-06T22:07:38.618-0300] {logging_mixin.py:120} INFO - [2022-11-06T22:07:38.618-0300] {dag.py:3336} INFO - Setting next_dagrun for example_short_circuit_operator to 2022-11-06T01:07:38.617551+00:00, run_after=2022-11-07T01:07:38.617551+00:00
[2022-11-06T22:07:38.658-0300] {processor.py:176} INFO - Processing /home/debian/etlhausz/venv/lib/python3.9/site-packages/airflow/example_dags/example_short_circuit_operator.py took 0.233 seconds
[2022-11-06T22:08:09.178-0300] {processor.py:154} INFO - Started process (PID=13053) to work on /home/debian/etlhausz/venv/lib/python3.9/site-packages/airflow/example_dags/example_short_circuit_operator.py
[2022-11-06T22:08:09.179-0300] {processor.py:756} INFO - Processing file /home/debian/etlhausz/venv/lib/python3.9/site-packages/airflow/example_dags/example_short_circuit_operator.py for tasks to queue
[2022-11-06T22:08:09.180-0300] {logging_mixin.py:120} INFO - [2022-11-06T22:08:09.180-0300] {dagbag.py:537} INFO - Filling up the DagBag from /home/debian/etlhausz/venv/lib/python3.9/site-packages/airflow/example_dags/example_short_circuit_operator.py
[2022-11-06T22:08:09.203-0300] {processor.py:766} INFO - DAG(s) dict_keys(['example_short_circuit_operator']) retrieved from /home/debian/etlhausz/venv/lib/python3.9/site-packages/airflow/example_dags/example_short_circuit_operator.py
[2022-11-06T22:08:09.284-0300] {logging_mixin.py:120} INFO - [2022-11-06T22:08:09.283-0300] {dag.py:2585} INFO - Sync 1 DAGs
[2022-11-06T22:08:09.318-0300] {logging_mixin.py:120} INFO - [2022-11-06T22:08:09.318-0300] {dag.py:3336} INFO - Setting next_dagrun for example_short_circuit_operator to 2022-11-06T01:08:09.317858+00:00, run_after=2022-11-07T01:08:09.317858+00:00
[2022-11-06T22:08:09.346-0300] {processor.py:176} INFO - Processing /home/debian/etlhausz/venv/lib/python3.9/site-packages/airflow/example_dags/example_short_circuit_operator.py took 0.181 seconds
[2022-11-06T22:08:40.715-0300] {processor.py:154} INFO - Started process (PID=13733) to work on /home/debian/etlhausz/venv/lib/python3.9/site-packages/airflow/example_dags/example_short_circuit_operator.py
[2022-11-06T22:08:40.716-0300] {processor.py:756} INFO - Processing file /home/debian/etlhausz/venv/lib/python3.9/site-packages/airflow/example_dags/example_short_circuit_operator.py for tasks to queue
[2022-11-06T22:08:40.717-0300] {logging_mixin.py:120} INFO - [2022-11-06T22:08:40.717-0300] {dagbag.py:537} INFO - Filling up the DagBag from /home/debian/etlhausz/venv/lib/python3.9/site-packages/airflow/example_dags/example_short_circuit_operator.py
[2022-11-06T22:08:40.732-0300] {processor.py:766} INFO - DAG(s) dict_keys(['example_short_circuit_operator']) retrieved from /home/debian/etlhausz/venv/lib/python3.9/site-packages/airflow/example_dags/example_short_circuit_operator.py
[2022-11-06T22:08:40.792-0300] {logging_mixin.py:120} INFO - [2022-11-06T22:08:40.791-0300] {dag.py:2585} INFO - Sync 1 DAGs
[2022-11-06T22:08:40.825-0300] {logging_mixin.py:120} INFO - [2022-11-06T22:08:40.825-0300] {dag.py:3336} INFO - Setting next_dagrun for example_short_circuit_operator to 2022-11-06T01:08:40.825039+00:00, run_after=2022-11-07T01:08:40.825039+00:00
[2022-11-06T22:08:40.864-0300] {processor.py:176} INFO - Processing /home/debian/etlhausz/venv/lib/python3.9/site-packages/airflow/example_dags/example_short_circuit_operator.py took 0.155 seconds
[2022-11-06T22:09:13.396-0300] {processor.py:154} INFO - Started process (PID=14404) to work on /home/debian/etlhausz/venv/lib/python3.9/site-packages/airflow/example_dags/example_short_circuit_operator.py
[2022-11-06T22:09:13.399-0300] {processor.py:756} INFO - Processing file /home/debian/etlhausz/venv/lib/python3.9/site-packages/airflow/example_dags/example_short_circuit_operator.py for tasks to queue
[2022-11-06T22:09:13.400-0300] {logging_mixin.py:120} INFO - [2022-11-06T22:09:13.399-0300] {dagbag.py:537} INFO - Filling up the DagBag from /home/debian/etlhausz/venv/lib/python3.9/site-packages/airflow/example_dags/example_short_circuit_operator.py
[2022-11-06T22:09:13.416-0300] {processor.py:766} INFO - DAG(s) dict_keys(['example_short_circuit_operator']) retrieved from /home/debian/etlhausz/venv/lib/python3.9/site-packages/airflow/example_dags/example_short_circuit_operator.py
[2022-11-06T22:09:13.465-0300] {logging_mixin.py:120} INFO - [2022-11-06T22:09:13.465-0300] {dag.py:2585} INFO - Sync 1 DAGs
[2022-11-06T22:09:13.495-0300] {logging_mixin.py:120} INFO - [2022-11-06T22:09:13.494-0300] {dag.py:3336} INFO - Setting next_dagrun for example_short_circuit_operator to 2022-11-06T01:09:13.494683+00:00, run_after=2022-11-07T01:09:13.494683+00:00
[2022-11-06T22:09:13.517-0300] {processor.py:176} INFO - Processing /home/debian/etlhausz/venv/lib/python3.9/site-packages/airflow/example_dags/example_short_circuit_operator.py took 0.125 seconds
[2022-11-06T22:09:45.889-0300] {processor.py:154} INFO - Started process (PID=15026) to work on /home/debian/etlhausz/venv/lib/python3.9/site-packages/airflow/example_dags/example_short_circuit_operator.py
[2022-11-06T22:09:45.891-0300] {processor.py:756} INFO - Processing file /home/debian/etlhausz/venv/lib/python3.9/site-packages/airflow/example_dags/example_short_circuit_operator.py for tasks to queue
[2022-11-06T22:09:45.892-0300] {logging_mixin.py:120} INFO - [2022-11-06T22:09:45.892-0300] {dagbag.py:537} INFO - Filling up the DagBag from /home/debian/etlhausz/venv/lib/python3.9/site-packages/airflow/example_dags/example_short_circuit_operator.py
[2022-11-06T22:09:45.908-0300] {processor.py:766} INFO - DAG(s) dict_keys(['example_short_circuit_operator']) retrieved from /home/debian/etlhausz/venv/lib/python3.9/site-packages/airflow/example_dags/example_short_circuit_operator.py
[2022-11-06T22:09:45.954-0300] {logging_mixin.py:120} INFO - [2022-11-06T22:09:45.954-0300] {dag.py:2585} INFO - Sync 1 DAGs
[2022-11-06T22:09:45.979-0300] {logging_mixin.py:120} INFO - [2022-11-06T22:09:45.978-0300] {dag.py:3336} INFO - Setting next_dagrun for example_short_circuit_operator to 2022-11-06T01:09:45.978531+00:00, run_after=2022-11-07T01:09:45.978531+00:00
[2022-11-06T22:09:45.996-0300] {processor.py:176} INFO - Processing /home/debian/etlhausz/venv/lib/python3.9/site-packages/airflow/example_dags/example_short_circuit_operator.py took 0.110 seconds
[2022-11-06T22:10:17.923-0300] {processor.py:154} INFO - Started process (PID=15629) to work on /home/debian/etlhausz/venv/lib/python3.9/site-packages/airflow/example_dags/example_short_circuit_operator.py
[2022-11-06T22:10:17.924-0300] {processor.py:756} INFO - Processing file /home/debian/etlhausz/venv/lib/python3.9/site-packages/airflow/example_dags/example_short_circuit_operator.py for tasks to queue
[2022-11-06T22:10:17.924-0300] {logging_mixin.py:120} INFO - [2022-11-06T22:10:17.924-0300] {dagbag.py:537} INFO - Filling up the DagBag from /home/debian/etlhausz/venv/lib/python3.9/site-packages/airflow/example_dags/example_short_circuit_operator.py
[2022-11-06T22:10:17.936-0300] {processor.py:766} INFO - DAG(s) dict_keys(['example_short_circuit_operator']) retrieved from /home/debian/etlhausz/venv/lib/python3.9/site-packages/airflow/example_dags/example_short_circuit_operator.py
[2022-11-06T22:10:17.983-0300] {logging_mixin.py:120} INFO - [2022-11-06T22:10:17.983-0300] {dag.py:2585} INFO - Sync 1 DAGs
[2022-11-06T22:10:18.007-0300] {logging_mixin.py:120} INFO - [2022-11-06T22:10:18.007-0300] {dag.py:3336} INFO - Setting next_dagrun for example_short_circuit_operator to 2022-11-06T01:10:18.007286+00:00, run_after=2022-11-07T01:10:18.007286+00:00
[2022-11-06T22:10:18.042-0300] {processor.py:176} INFO - Processing /home/debian/etlhausz/venv/lib/python3.9/site-packages/airflow/example_dags/example_short_circuit_operator.py took 0.122 seconds
[2022-11-06T22:10:49.592-0300] {processor.py:154} INFO - Started process (PID=16256) to work on /home/debian/etlhausz/venv/lib/python3.9/site-packages/airflow/example_dags/example_short_circuit_operator.py
[2022-11-06T22:10:49.593-0300] {processor.py:756} INFO - Processing file /home/debian/etlhausz/venv/lib/python3.9/site-packages/airflow/example_dags/example_short_circuit_operator.py for tasks to queue
[2022-11-06T22:10:49.596-0300] {logging_mixin.py:120} INFO - [2022-11-06T22:10:49.595-0300] {dagbag.py:537} INFO - Filling up the DagBag from /home/debian/etlhausz/venv/lib/python3.9/site-packages/airflow/example_dags/example_short_circuit_operator.py
[2022-11-06T22:10:49.618-0300] {processor.py:766} INFO - DAG(s) dict_keys(['example_short_circuit_operator']) retrieved from /home/debian/etlhausz/venv/lib/python3.9/site-packages/airflow/example_dags/example_short_circuit_operator.py
[2022-11-06T22:10:49.722-0300] {logging_mixin.py:120} INFO - [2022-11-06T22:10:49.722-0300] {dag.py:2585} INFO - Sync 1 DAGs
[2022-11-06T22:10:49.780-0300] {logging_mixin.py:120} INFO - [2022-11-06T22:10:49.772-0300] {dag.py:3336} INFO - Setting next_dagrun for example_short_circuit_operator to 2022-11-06T01:10:49.772510+00:00, run_after=2022-11-07T01:10:49.772510+00:00
[2022-11-06T22:10:49.851-0300] {processor.py:176} INFO - Processing /home/debian/etlhausz/venv/lib/python3.9/site-packages/airflow/example_dags/example_short_circuit_operator.py took 0.269 seconds
[2022-11-06T22:11:23.337-0300] {processor.py:154} INFO - Started process (PID=16844) to work on /home/debian/etlhausz/venv/lib/python3.9/site-packages/airflow/example_dags/example_short_circuit_operator.py
[2022-11-06T22:11:23.338-0300] {processor.py:756} INFO - Processing file /home/debian/etlhausz/venv/lib/python3.9/site-packages/airflow/example_dags/example_short_circuit_operator.py for tasks to queue
[2022-11-06T22:11:23.339-0300] {logging_mixin.py:120} INFO - [2022-11-06T22:11:23.339-0300] {dagbag.py:537} INFO - Filling up the DagBag from /home/debian/etlhausz/venv/lib/python3.9/site-packages/airflow/example_dags/example_short_circuit_operator.py
[2022-11-06T22:11:23.357-0300] {processor.py:766} INFO - DAG(s) dict_keys(['example_short_circuit_operator']) retrieved from /home/debian/etlhausz/venv/lib/python3.9/site-packages/airflow/example_dags/example_short_circuit_operator.py
[2022-11-06T22:11:23.418-0300] {logging_mixin.py:120} INFO - [2022-11-06T22:11:23.418-0300] {dag.py:2585} INFO - Sync 1 DAGs
[2022-11-06T22:11:23.450-0300] {logging_mixin.py:120} INFO - [2022-11-06T22:11:23.450-0300] {dag.py:3336} INFO - Setting next_dagrun for example_short_circuit_operator to 2022-11-06T01:11:23.450483+00:00, run_after=2022-11-07T01:11:23.450483+00:00
[2022-11-06T22:11:23.590-0300] {processor.py:176} INFO - Processing /home/debian/etlhausz/venv/lib/python3.9/site-packages/airflow/example_dags/example_short_circuit_operator.py took 0.256 seconds
[2022-11-06T22:11:58.514-0300] {processor.py:154} INFO - Started process (PID=17404) to work on /home/debian/etlhausz/venv/lib/python3.9/site-packages/airflow/example_dags/example_short_circuit_operator.py
[2022-11-06T22:11:58.551-0300] {processor.py:756} INFO - Processing file /home/debian/etlhausz/venv/lib/python3.9/site-packages/airflow/example_dags/example_short_circuit_operator.py for tasks to queue
[2022-11-06T22:11:58.552-0300] {logging_mixin.py:120} INFO - [2022-11-06T22:11:58.552-0300] {dagbag.py:537} INFO - Filling up the DagBag from /home/debian/etlhausz/venv/lib/python3.9/site-packages/airflow/example_dags/example_short_circuit_operator.py
[2022-11-06T22:11:58.616-0300] {processor.py:766} INFO - DAG(s) dict_keys(['example_short_circuit_operator']) retrieved from /home/debian/etlhausz/venv/lib/python3.9/site-packages/airflow/example_dags/example_short_circuit_operator.py
[2022-11-06T22:11:58.824-0300] {logging_mixin.py:120} INFO - [2022-11-06T22:11:58.824-0300] {dag.py:2585} INFO - Sync 1 DAGs
[2022-11-06T22:11:59.632-0300] {logging_mixin.py:120} INFO - [2022-11-06T22:11:59.632-0300] {dag.py:3336} INFO - Setting next_dagrun for example_short_circuit_operator to 2022-11-06T01:11:59.632382+00:00, run_after=2022-11-07T01:11:59.632382+00:00
[2022-11-06T22:11:59.862-0300] {processor.py:176} INFO - Processing /home/debian/etlhausz/venv/lib/python3.9/site-packages/airflow/example_dags/example_short_circuit_operator.py took 1.384 seconds
[2022-11-06T22:12:30.060-0300] {processor.py:154} INFO - Started process (PID=18011) to work on /home/debian/etlhausz/venv/lib/python3.9/site-packages/airflow/example_dags/example_short_circuit_operator.py
[2022-11-06T22:12:30.061-0300] {processor.py:756} INFO - Processing file /home/debian/etlhausz/venv/lib/python3.9/site-packages/airflow/example_dags/example_short_circuit_operator.py for tasks to queue
[2022-11-06T22:12:30.061-0300] {logging_mixin.py:120} INFO - [2022-11-06T22:12:30.061-0300] {dagbag.py:537} INFO - Filling up the DagBag from /home/debian/etlhausz/venv/lib/python3.9/site-packages/airflow/example_dags/example_short_circuit_operator.py
[2022-11-06T22:12:30.074-0300] {processor.py:766} INFO - DAG(s) dict_keys(['example_short_circuit_operator']) retrieved from /home/debian/etlhausz/venv/lib/python3.9/site-packages/airflow/example_dags/example_short_circuit_operator.py
[2022-11-06T22:12:30.211-0300] {logging_mixin.py:120} INFO - [2022-11-06T22:12:30.211-0300] {dag.py:2585} INFO - Sync 1 DAGs
[2022-11-06T22:12:30.228-0300] {logging_mixin.py:120} INFO - [2022-11-06T22:12:30.228-0300] {dag.py:3336} INFO - Setting next_dagrun for example_short_circuit_operator to 2022-11-06T01:12:30.228200+00:00, run_after=2022-11-07T01:12:30.228200+00:00
[2022-11-06T22:12:30.254-0300] {processor.py:176} INFO - Processing /home/debian/etlhausz/venv/lib/python3.9/site-packages/airflow/example_dags/example_short_circuit_operator.py took 0.199 seconds
[2022-11-06T22:13:01.441-0300] {processor.py:154} INFO - Started process (PID=18632) to work on /home/debian/etlhausz/venv/lib/python3.9/site-packages/airflow/example_dags/example_short_circuit_operator.py
[2022-11-06T22:13:01.442-0300] {processor.py:756} INFO - Processing file /home/debian/etlhausz/venv/lib/python3.9/site-packages/airflow/example_dags/example_short_circuit_operator.py for tasks to queue
[2022-11-06T22:13:01.442-0300] {logging_mixin.py:120} INFO - [2022-11-06T22:13:01.442-0300] {dagbag.py:537} INFO - Filling up the DagBag from /home/debian/etlhausz/venv/lib/python3.9/site-packages/airflow/example_dags/example_short_circuit_operator.py
[2022-11-06T22:13:01.456-0300] {processor.py:766} INFO - DAG(s) dict_keys(['example_short_circuit_operator']) retrieved from /home/debian/etlhausz/venv/lib/python3.9/site-packages/airflow/example_dags/example_short_circuit_operator.py
[2022-11-06T22:13:01.646-0300] {logging_mixin.py:120} INFO - [2022-11-06T22:13:01.645-0300] {dag.py:2585} INFO - Sync 1 DAGs
[2022-11-06T22:13:01.668-0300] {logging_mixin.py:120} INFO - [2022-11-06T22:13:01.668-0300] {dag.py:3336} INFO - Setting next_dagrun for example_short_circuit_operator to 2022-11-06T01:13:01.668216+00:00, run_after=2022-11-07T01:13:01.668216+00:00
[2022-11-06T22:13:01.689-0300] {processor.py:176} INFO - Processing /home/debian/etlhausz/venv/lib/python3.9/site-packages/airflow/example_dags/example_short_circuit_operator.py took 0.251 seconds
[2022-11-06T22:13:33.433-0300] {processor.py:154} INFO - Started process (PID=19249) to work on /home/debian/etlhausz/venv/lib/python3.9/site-packages/airflow/example_dags/example_short_circuit_operator.py
[2022-11-06T22:13:33.434-0300] {processor.py:756} INFO - Processing file /home/debian/etlhausz/venv/lib/python3.9/site-packages/airflow/example_dags/example_short_circuit_operator.py for tasks to queue
[2022-11-06T22:13:33.435-0300] {logging_mixin.py:120} INFO - [2022-11-06T22:13:33.435-0300] {dagbag.py:537} INFO - Filling up the DagBag from /home/debian/etlhausz/venv/lib/python3.9/site-packages/airflow/example_dags/example_short_circuit_operator.py
[2022-11-06T22:13:33.477-0300] {processor.py:766} INFO - DAG(s) dict_keys(['example_short_circuit_operator']) retrieved from /home/debian/etlhausz/venv/lib/python3.9/site-packages/airflow/example_dags/example_short_circuit_operator.py
[2022-11-06T22:13:33.540-0300] {logging_mixin.py:120} INFO - [2022-11-06T22:13:33.540-0300] {dag.py:2585} INFO - Sync 1 DAGs
[2022-11-06T22:13:33.592-0300] {logging_mixin.py:120} INFO - [2022-11-06T22:13:33.592-0300] {dag.py:3336} INFO - Setting next_dagrun for example_short_circuit_operator to 2022-11-06T01:13:33.592008+00:00, run_after=2022-11-07T01:13:33.592008+00:00
[2022-11-06T22:13:33.732-0300] {processor.py:176} INFO - Processing /home/debian/etlhausz/venv/lib/python3.9/site-packages/airflow/example_dags/example_short_circuit_operator.py took 0.302 seconds
[2022-11-06T22:14:04.926-0300] {processor.py:154} INFO - Started process (PID=19838) to work on /home/debian/etlhausz/venv/lib/python3.9/site-packages/airflow/example_dags/example_short_circuit_operator.py
[2022-11-06T22:14:04.927-0300] {processor.py:756} INFO - Processing file /home/debian/etlhausz/venv/lib/python3.9/site-packages/airflow/example_dags/example_short_circuit_operator.py for tasks to queue
[2022-11-06T22:14:04.928-0300] {logging_mixin.py:120} INFO - [2022-11-06T22:14:04.928-0300] {dagbag.py:537} INFO - Filling up the DagBag from /home/debian/etlhausz/venv/lib/python3.9/site-packages/airflow/example_dags/example_short_circuit_operator.py
[2022-11-06T22:14:04.941-0300] {processor.py:766} INFO - DAG(s) dict_keys(['example_short_circuit_operator']) retrieved from /home/debian/etlhausz/venv/lib/python3.9/site-packages/airflow/example_dags/example_short_circuit_operator.py
[2022-11-06T22:14:04.987-0300] {logging_mixin.py:120} INFO - [2022-11-06T22:14:04.987-0300] {dag.py:2585} INFO - Sync 1 DAGs
[2022-11-06T22:14:05.240-0300] {logging_mixin.py:120} INFO - [2022-11-06T22:14:05.240-0300] {dag.py:3336} INFO - Setting next_dagrun for example_short_circuit_operator to 2022-11-06T01:14:05.240040+00:00, run_after=2022-11-07T01:14:05.240040+00:00
[2022-11-06T22:14:05.275-0300] {processor.py:176} INFO - Processing /home/debian/etlhausz/venv/lib/python3.9/site-packages/airflow/example_dags/example_short_circuit_operator.py took 0.351 seconds
[2022-11-06T22:14:37.830-0300] {processor.py:154} INFO - Started process (PID=20465) to work on /home/debian/etlhausz/venv/lib/python3.9/site-packages/airflow/example_dags/example_short_circuit_operator.py
[2022-11-06T22:14:37.831-0300] {processor.py:756} INFO - Processing file /home/debian/etlhausz/venv/lib/python3.9/site-packages/airflow/example_dags/example_short_circuit_operator.py for tasks to queue
[2022-11-06T22:14:37.832-0300] {logging_mixin.py:120} INFO - [2022-11-06T22:14:37.832-0300] {dagbag.py:537} INFO - Filling up the DagBag from /home/debian/etlhausz/venv/lib/python3.9/site-packages/airflow/example_dags/example_short_circuit_operator.py
[2022-11-06T22:14:37.862-0300] {processor.py:766} INFO - DAG(s) dict_keys(['example_short_circuit_operator']) retrieved from /home/debian/etlhausz/venv/lib/python3.9/site-packages/airflow/example_dags/example_short_circuit_operator.py
[2022-11-06T22:14:38.032-0300] {logging_mixin.py:120} INFO - [2022-11-06T22:14:38.032-0300] {dag.py:2585} INFO - Sync 1 DAGs
[2022-11-06T22:14:38.049-0300] {logging_mixin.py:120} INFO - [2022-11-06T22:14:38.049-0300] {dag.py:3336} INFO - Setting next_dagrun for example_short_circuit_operator to 2022-11-06T01:14:38.048922+00:00, run_after=2022-11-07T01:14:38.048922+00:00
[2022-11-06T22:14:38.068-0300] {processor.py:176} INFO - Processing /home/debian/etlhausz/venv/lib/python3.9/site-packages/airflow/example_dags/example_short_circuit_operator.py took 0.245 seconds
[2022-11-06T22:15:09.647-0300] {processor.py:154} INFO - Started process (PID=21053) to work on /home/debian/etlhausz/venv/lib/python3.9/site-packages/airflow/example_dags/example_short_circuit_operator.py
[2022-11-06T22:15:09.648-0300] {processor.py:756} INFO - Processing file /home/debian/etlhausz/venv/lib/python3.9/site-packages/airflow/example_dags/example_short_circuit_operator.py for tasks to queue
[2022-11-06T22:15:09.649-0300] {logging_mixin.py:120} INFO - [2022-11-06T22:15:09.649-0300] {dagbag.py:537} INFO - Filling up the DagBag from /home/debian/etlhausz/venv/lib/python3.9/site-packages/airflow/example_dags/example_short_circuit_operator.py
[2022-11-06T22:15:09.663-0300] {processor.py:766} INFO - DAG(s) dict_keys(['example_short_circuit_operator']) retrieved from /home/debian/etlhausz/venv/lib/python3.9/site-packages/airflow/example_dags/example_short_circuit_operator.py
[2022-11-06T22:15:09.796-0300] {logging_mixin.py:120} INFO - [2022-11-06T22:15:09.796-0300] {dag.py:2585} INFO - Sync 1 DAGs
[2022-11-06T22:15:09.818-0300] {logging_mixin.py:120} INFO - [2022-11-06T22:15:09.818-0300] {dag.py:3336} INFO - Setting next_dagrun for example_short_circuit_operator to 2022-11-06T01:15:09.818417+00:00, run_after=2022-11-07T01:15:09.818417+00:00
[2022-11-06T22:15:09.841-0300] {processor.py:176} INFO - Processing /home/debian/etlhausz/venv/lib/python3.9/site-packages/airflow/example_dags/example_short_circuit_operator.py took 0.197 seconds
[2022-11-06T22:15:41.962-0300] {processor.py:154} INFO - Started process (PID=21720) to work on /home/debian/etlhausz/venv/lib/python3.9/site-packages/airflow/example_dags/example_short_circuit_operator.py
[2022-11-06T22:15:41.964-0300] {processor.py:756} INFO - Processing file /home/debian/etlhausz/venv/lib/python3.9/site-packages/airflow/example_dags/example_short_circuit_operator.py for tasks to queue
[2022-11-06T22:15:41.964-0300] {logging_mixin.py:120} INFO - [2022-11-06T22:15:41.964-0300] {dagbag.py:537} INFO - Filling up the DagBag from /home/debian/etlhausz/venv/lib/python3.9/site-packages/airflow/example_dags/example_short_circuit_operator.py
[2022-11-06T22:15:41.979-0300] {processor.py:766} INFO - DAG(s) dict_keys(['example_short_circuit_operator']) retrieved from /home/debian/etlhausz/venv/lib/python3.9/site-packages/airflow/example_dags/example_short_circuit_operator.py
[2022-11-06T22:15:42.057-0300] {logging_mixin.py:120} INFO - [2022-11-06T22:15:42.056-0300] {dag.py:2585} INFO - Sync 1 DAGs
[2022-11-06T22:15:42.227-0300] {logging_mixin.py:120} INFO - [2022-11-06T22:15:42.227-0300] {dag.py:3336} INFO - Setting next_dagrun for example_short_circuit_operator to 2022-11-06T01:15:42.227587+00:00, run_after=2022-11-07T01:15:42.227587+00:00
[2022-11-06T22:15:42.255-0300] {processor.py:176} INFO - Processing /home/debian/etlhausz/venv/lib/python3.9/site-packages/airflow/example_dags/example_short_circuit_operator.py took 0.303 seconds
[2022-11-06T22:16:14.431-0300] {processor.py:154} INFO - Started process (PID=22354) to work on /home/debian/etlhausz/venv/lib/python3.9/site-packages/airflow/example_dags/example_short_circuit_operator.py
[2022-11-06T22:16:14.433-0300] {processor.py:756} INFO - Processing file /home/debian/etlhausz/venv/lib/python3.9/site-packages/airflow/example_dags/example_short_circuit_operator.py for tasks to queue
[2022-11-06T22:16:14.433-0300] {logging_mixin.py:120} INFO - [2022-11-06T22:16:14.433-0300] {dagbag.py:537} INFO - Filling up the DagBag from /home/debian/etlhausz/venv/lib/python3.9/site-packages/airflow/example_dags/example_short_circuit_operator.py
[2022-11-06T22:16:14.447-0300] {processor.py:766} INFO - DAG(s) dict_keys(['example_short_circuit_operator']) retrieved from /home/debian/etlhausz/venv/lib/python3.9/site-packages/airflow/example_dags/example_short_circuit_operator.py
[2022-11-06T22:16:14.599-0300] {logging_mixin.py:120} INFO - [2022-11-06T22:16:14.599-0300] {dag.py:2585} INFO - Sync 1 DAGs
[2022-11-06T22:16:14.620-0300] {logging_mixin.py:120} INFO - [2022-11-06T22:16:14.620-0300] {dag.py:3336} INFO - Setting next_dagrun for example_short_circuit_operator to 2022-11-06T01:16:14.620265+00:00, run_after=2022-11-07T01:16:14.620265+00:00
[2022-11-06T22:16:14.645-0300] {processor.py:176} INFO - Processing /home/debian/etlhausz/venv/lib/python3.9/site-packages/airflow/example_dags/example_short_circuit_operator.py took 0.217 seconds
[2022-11-06T22:16:47.613-0300] {processor.py:154} INFO - Started process (PID=22978) to work on /home/debian/etlhausz/venv/lib/python3.9/site-packages/airflow/example_dags/example_short_circuit_operator.py
[2022-11-06T22:16:47.615-0300] {processor.py:756} INFO - Processing file /home/debian/etlhausz/venv/lib/python3.9/site-packages/airflow/example_dags/example_short_circuit_operator.py for tasks to queue
[2022-11-06T22:16:47.616-0300] {logging_mixin.py:120} INFO - [2022-11-06T22:16:47.616-0300] {dagbag.py:537} INFO - Filling up the DagBag from /home/debian/etlhausz/venv/lib/python3.9/site-packages/airflow/example_dags/example_short_circuit_operator.py
[2022-11-06T22:16:47.654-0300] {processor.py:766} INFO - DAG(s) dict_keys(['example_short_circuit_operator']) retrieved from /home/debian/etlhausz/venv/lib/python3.9/site-packages/airflow/example_dags/example_short_circuit_operator.py
[2022-11-06T22:16:47.888-0300] {logging_mixin.py:120} INFO - [2022-11-06T22:16:47.876-0300] {dag.py:2585} INFO - Sync 1 DAGs
[2022-11-06T22:16:47.966-0300] {logging_mixin.py:120} INFO - [2022-11-06T22:16:47.966-0300] {dag.py:3336} INFO - Setting next_dagrun for example_short_circuit_operator to 2022-11-06T01:16:47.965939+00:00, run_after=2022-11-07T01:16:47.965939+00:00
[2022-11-06T22:16:48.093-0300] {processor.py:176} INFO - Processing /home/debian/etlhausz/venv/lib/python3.9/site-packages/airflow/example_dags/example_short_circuit_operator.py took 0.491 seconds
[2022-11-06T22:17:19.144-0300] {processor.py:154} INFO - Started process (PID=23597) to work on /home/debian/etlhausz/venv/lib/python3.9/site-packages/airflow/example_dags/example_short_circuit_operator.py
[2022-11-06T22:17:19.145-0300] {processor.py:756} INFO - Processing file /home/debian/etlhausz/venv/lib/python3.9/site-packages/airflow/example_dags/example_short_circuit_operator.py for tasks to queue
[2022-11-06T22:17:19.146-0300] {logging_mixin.py:120} INFO - [2022-11-06T22:17:19.145-0300] {dagbag.py:537} INFO - Filling up the DagBag from /home/debian/etlhausz/venv/lib/python3.9/site-packages/airflow/example_dags/example_short_circuit_operator.py
[2022-11-06T22:17:19.256-0300] {processor.py:766} INFO - DAG(s) dict_keys(['example_short_circuit_operator']) retrieved from /home/debian/etlhausz/venv/lib/python3.9/site-packages/airflow/example_dags/example_short_circuit_operator.py
[2022-11-06T22:17:19.299-0300] {logging_mixin.py:120} INFO - [2022-11-06T22:17:19.298-0300] {dag.py:2585} INFO - Sync 1 DAGs
[2022-11-06T22:17:19.320-0300] {logging_mixin.py:120} INFO - [2022-11-06T22:17:19.320-0300] {dag.py:3336} INFO - Setting next_dagrun for example_short_circuit_operator to 2022-11-06T01:17:19.320244+00:00, run_after=2022-11-07T01:17:19.320244+00:00
[2022-11-06T22:17:19.342-0300] {processor.py:176} INFO - Processing /home/debian/etlhausz/venv/lib/python3.9/site-packages/airflow/example_dags/example_short_circuit_operator.py took 0.201 seconds
[2022-11-06T22:17:50.948-0300] {processor.py:154} INFO - Started process (PID=24244) to work on /home/debian/etlhausz/venv/lib/python3.9/site-packages/airflow/example_dags/example_short_circuit_operator.py
[2022-11-06T22:17:50.950-0300] {processor.py:756} INFO - Processing file /home/debian/etlhausz/venv/lib/python3.9/site-packages/airflow/example_dags/example_short_circuit_operator.py for tasks to queue
[2022-11-06T22:17:50.950-0300] {logging_mixin.py:120} INFO - [2022-11-06T22:17:50.950-0300] {dagbag.py:537} INFO - Filling up the DagBag from /home/debian/etlhausz/venv/lib/python3.9/site-packages/airflow/example_dags/example_short_circuit_operator.py
[2022-11-06T22:17:50.965-0300] {processor.py:766} INFO - DAG(s) dict_keys(['example_short_circuit_operator']) retrieved from /home/debian/etlhausz/venv/lib/python3.9/site-packages/airflow/example_dags/example_short_circuit_operator.py
[2022-11-06T22:17:51.027-0300] {logging_mixin.py:120} INFO - [2022-11-06T22:17:51.027-0300] {dag.py:2585} INFO - Sync 1 DAGs
[2022-11-06T22:17:51.173-0300] {logging_mixin.py:120} INFO - [2022-11-06T22:17:51.173-0300] {dag.py:3336} INFO - Setting next_dagrun for example_short_circuit_operator to 2022-11-06T01:17:51.173185+00:00, run_after=2022-11-07T01:17:51.173185+00:00
[2022-11-06T22:17:51.187-0300] {processor.py:176} INFO - Processing /home/debian/etlhausz/venv/lib/python3.9/site-packages/airflow/example_dags/example_short_circuit_operator.py took 0.243 seconds
[2022-11-06T22:18:22.016-0300] {processor.py:154} INFO - Started process (PID=24801) to work on /home/debian/etlhausz/venv/lib/python3.9/site-packages/airflow/example_dags/example_short_circuit_operator.py
[2022-11-06T22:18:22.017-0300] {processor.py:756} INFO - Processing file /home/debian/etlhausz/venv/lib/python3.9/site-packages/airflow/example_dags/example_short_circuit_operator.py for tasks to queue
[2022-11-06T22:18:22.018-0300] {logging_mixin.py:120} INFO - [2022-11-06T22:18:22.018-0300] {dagbag.py:537} INFO - Filling up the DagBag from /home/debian/etlhausz/venv/lib/python3.9/site-packages/airflow/example_dags/example_short_circuit_operator.py
[2022-11-06T22:18:22.032-0300] {processor.py:766} INFO - DAG(s) dict_keys(['example_short_circuit_operator']) retrieved from /home/debian/etlhausz/venv/lib/python3.9/site-packages/airflow/example_dags/example_short_circuit_operator.py
[2022-11-06T22:18:22.217-0300] {logging_mixin.py:120} INFO - [2022-11-06T22:18:22.217-0300] {dag.py:2585} INFO - Sync 1 DAGs
[2022-11-06T22:18:22.253-0300] {logging_mixin.py:120} INFO - [2022-11-06T22:18:22.252-0300] {dag.py:3336} INFO - Setting next_dagrun for example_short_circuit_operator to 2022-11-06T01:18:22.252448+00:00, run_after=2022-11-07T01:18:22.252448+00:00
[2022-11-06T22:18:22.288-0300] {processor.py:176} INFO - Processing /home/debian/etlhausz/venv/lib/python3.9/site-packages/airflow/example_dags/example_short_circuit_operator.py took 0.276 seconds
[2022-11-06T22:18:56.883-0300] {processor.py:154} INFO - Started process (PID=25509) to work on /home/debian/etlhausz/venv/lib/python3.9/site-packages/airflow/example_dags/example_short_circuit_operator.py
[2022-11-06T22:18:56.884-0300] {processor.py:756} INFO - Processing file /home/debian/etlhausz/venv/lib/python3.9/site-packages/airflow/example_dags/example_short_circuit_operator.py for tasks to queue
[2022-11-06T22:18:56.885-0300] {logging_mixin.py:120} INFO - [2022-11-06T22:18:56.885-0300] {dagbag.py:537} INFO - Filling up the DagBag from /home/debian/etlhausz/venv/lib/python3.9/site-packages/airflow/example_dags/example_short_circuit_operator.py
[2022-11-06T22:18:56.899-0300] {processor.py:766} INFO - DAG(s) dict_keys(['example_short_circuit_operator']) retrieved from /home/debian/etlhausz/venv/lib/python3.9/site-packages/airflow/example_dags/example_short_circuit_operator.py
[2022-11-06T22:18:57.039-0300] {logging_mixin.py:120} INFO - [2022-11-06T22:18:57.039-0300] {dag.py:2585} INFO - Sync 1 DAGs
[2022-11-06T22:18:57.059-0300] {logging_mixin.py:120} INFO - [2022-11-06T22:18:57.059-0300] {dag.py:3336} INFO - Setting next_dagrun for example_short_circuit_operator to 2022-11-06T01:18:57.059277+00:00, run_after=2022-11-07T01:18:57.059277+00:00
[2022-11-06T22:18:57.085-0300] {processor.py:176} INFO - Processing /home/debian/etlhausz/venv/lib/python3.9/site-packages/airflow/example_dags/example_short_circuit_operator.py took 0.205 seconds
[2022-11-06T22:19:19.858-0300] {processor.py:154} INFO - Started process (PID=26273) to work on /home/debian/etlhausz/venv/lib/python3.9/site-packages/airflow/example_dags/example_short_circuit_operator.py
[2022-11-06T22:19:19.859-0300] {processor.py:756} INFO - Processing file /home/debian/etlhausz/venv/lib/python3.9/site-packages/airflow/example_dags/example_short_circuit_operator.py for tasks to queue
[2022-11-06T22:19:19.860-0300] {logging_mixin.py:120} INFO - [2022-11-06T22:19:19.860-0300] {dagbag.py:537} INFO - Filling up the DagBag from /home/debian/etlhausz/venv/lib/python3.9/site-packages/airflow/example_dags/example_short_circuit_operator.py
[2022-11-06T22:19:19.913-0300] {processor.py:766} INFO - DAG(s) dict_keys(['example_short_circuit_operator']) retrieved from /home/debian/etlhausz/venv/lib/python3.9/site-packages/airflow/example_dags/example_short_circuit_operator.py
[2022-11-06T22:19:20.046-0300] {logging_mixin.py:120} INFO - [2022-11-06T22:19:20.045-0300] {dag.py:2585} INFO - Sync 1 DAGs
[2022-11-06T22:19:20.157-0300] {logging_mixin.py:120} INFO - [2022-11-06T22:19:20.153-0300] {dag.py:3336} INFO - Setting next_dagrun for example_short_circuit_operator to 2022-11-06T01:19:20.153552+00:00, run_after=2022-11-07T01:19:20.153552+00:00
[2022-11-06T22:19:20.240-0300] {processor.py:176} INFO - Processing /home/debian/etlhausz/venv/lib/python3.9/site-packages/airflow/example_dags/example_short_circuit_operator.py took 0.391 seconds
[2022-11-06T22:19:51.038-0300] {processor.py:154} INFO - Started process (PID=26859) to work on /home/debian/etlhausz/venv/lib/python3.9/site-packages/airflow/example_dags/example_short_circuit_operator.py
[2022-11-06T22:19:51.039-0300] {processor.py:756} INFO - Processing file /home/debian/etlhausz/venv/lib/python3.9/site-packages/airflow/example_dags/example_short_circuit_operator.py for tasks to queue
[2022-11-06T22:19:51.040-0300] {logging_mixin.py:120} INFO - [2022-11-06T22:19:51.040-0300] {dagbag.py:537} INFO - Filling up the DagBag from /home/debian/etlhausz/venv/lib/python3.9/site-packages/airflow/example_dags/example_short_circuit_operator.py
[2022-11-06T22:19:51.055-0300] {processor.py:766} INFO - DAG(s) dict_keys(['example_short_circuit_operator']) retrieved from /home/debian/etlhausz/venv/lib/python3.9/site-packages/airflow/example_dags/example_short_circuit_operator.py
[2022-11-06T22:19:51.102-0300] {logging_mixin.py:120} INFO - [2022-11-06T22:19:51.101-0300] {dag.py:2585} INFO - Sync 1 DAGs
[2022-11-06T22:19:51.122-0300] {logging_mixin.py:120} INFO - [2022-11-06T22:19:51.122-0300] {dag.py:3336} INFO - Setting next_dagrun for example_short_circuit_operator to 2022-11-06T01:19:51.122379+00:00, run_after=2022-11-07T01:19:51.122379+00:00
[2022-11-06T22:19:51.147-0300] {processor.py:176} INFO - Processing /home/debian/etlhausz/venv/lib/python3.9/site-packages/airflow/example_dags/example_short_circuit_operator.py took 0.113 seconds
[2022-11-06T22:20:22.579-0300] {processor.py:154} INFO - Started process (PID=27634) to work on /home/debian/etlhausz/venv/lib/python3.9/site-packages/airflow/example_dags/example_short_circuit_operator.py
[2022-11-06T22:20:22.579-0300] {processor.py:756} INFO - Processing file /home/debian/etlhausz/venv/lib/python3.9/site-packages/airflow/example_dags/example_short_circuit_operator.py for tasks to queue
[2022-11-06T22:20:22.580-0300] {logging_mixin.py:120} INFO - [2022-11-06T22:20:22.580-0300] {dagbag.py:537} INFO - Filling up the DagBag from /home/debian/etlhausz/venv/lib/python3.9/site-packages/airflow/example_dags/example_short_circuit_operator.py
[2022-11-06T22:20:22.598-0300] {processor.py:766} INFO - DAG(s) dict_keys(['example_short_circuit_operator']) retrieved from /home/debian/etlhausz/venv/lib/python3.9/site-packages/airflow/example_dags/example_short_circuit_operator.py
[2022-11-06T22:20:22.643-0300] {logging_mixin.py:120} INFO - [2022-11-06T22:20:22.642-0300] {dag.py:2585} INFO - Sync 1 DAGs
[2022-11-06T22:20:22.665-0300] {logging_mixin.py:120} INFO - [2022-11-06T22:20:22.664-0300] {dag.py:3336} INFO - Setting next_dagrun for example_short_circuit_operator to 2022-11-06T01:20:22.664742+00:00, run_after=2022-11-07T01:20:22.664742+00:00
[2022-11-06T22:20:22.684-0300] {processor.py:176} INFO - Processing /home/debian/etlhausz/venv/lib/python3.9/site-packages/airflow/example_dags/example_short_circuit_operator.py took 0.109 seconds
[2022-11-06T22:20:54.580-0300] {processor.py:154} INFO - Started process (PID=28292) to work on /home/debian/etlhausz/venv/lib/python3.9/site-packages/airflow/example_dags/example_short_circuit_operator.py
[2022-11-06T22:20:54.582-0300] {processor.py:756} INFO - Processing file /home/debian/etlhausz/venv/lib/python3.9/site-packages/airflow/example_dags/example_short_circuit_operator.py for tasks to queue
[2022-11-06T22:20:54.583-0300] {logging_mixin.py:120} INFO - [2022-11-06T22:20:54.582-0300] {dagbag.py:537} INFO - Filling up the DagBag from /home/debian/etlhausz/venv/lib/python3.9/site-packages/airflow/example_dags/example_short_circuit_operator.py
[2022-11-06T22:20:54.604-0300] {processor.py:766} INFO - DAG(s) dict_keys(['example_short_circuit_operator']) retrieved from /home/debian/etlhausz/venv/lib/python3.9/site-packages/airflow/example_dags/example_short_circuit_operator.py
[2022-11-06T22:20:54.695-0300] {logging_mixin.py:120} INFO - [2022-11-06T22:20:54.695-0300] {dag.py:2585} INFO - Sync 1 DAGs
[2022-11-06T22:20:54.755-0300] {logging_mixin.py:120} INFO - [2022-11-06T22:20:54.755-0300] {dag.py:3336} INFO - Setting next_dagrun for example_short_circuit_operator to 2022-11-06T01:20:54.755468+00:00, run_after=2022-11-07T01:20:54.755468+00:00
[2022-11-06T22:20:54.808-0300] {processor.py:176} INFO - Processing /home/debian/etlhausz/venv/lib/python3.9/site-packages/airflow/example_dags/example_short_circuit_operator.py took 0.231 seconds
[2022-11-06T22:21:28.657-0300] {processor.py:154} INFO - Started process (PID=28944) to work on /home/debian/etlhausz/venv/lib/python3.9/site-packages/airflow/example_dags/example_short_circuit_operator.py
[2022-11-06T22:21:28.659-0300] {processor.py:756} INFO - Processing file /home/debian/etlhausz/venv/lib/python3.9/site-packages/airflow/example_dags/example_short_circuit_operator.py for tasks to queue
[2022-11-06T22:21:28.660-0300] {logging_mixin.py:120} INFO - [2022-11-06T22:21:28.660-0300] {dagbag.py:537} INFO - Filling up the DagBag from /home/debian/etlhausz/venv/lib/python3.9/site-packages/airflow/example_dags/example_short_circuit_operator.py
[2022-11-06T22:21:28.679-0300] {processor.py:766} INFO - DAG(s) dict_keys(['example_short_circuit_operator']) retrieved from /home/debian/etlhausz/venv/lib/python3.9/site-packages/airflow/example_dags/example_short_circuit_operator.py
[2022-11-06T22:21:28.726-0300] {logging_mixin.py:120} INFO - [2022-11-06T22:21:28.725-0300] {dag.py:2585} INFO - Sync 1 DAGs
[2022-11-06T22:21:28.748-0300] {logging_mixin.py:120} INFO - [2022-11-06T22:21:28.748-0300] {dag.py:3336} INFO - Setting next_dagrun for example_short_circuit_operator to 2022-11-06T01:21:28.748635+00:00, run_after=2022-11-07T01:21:28.748635+00:00
[2022-11-06T22:21:28.772-0300] {processor.py:176} INFO - Processing /home/debian/etlhausz/venv/lib/python3.9/site-packages/airflow/example_dags/example_short_circuit_operator.py took 0.118 seconds
[2022-11-06T22:22:01.145-0300] {processor.py:154} INFO - Started process (PID=29489) to work on /home/debian/etlhausz/venv/lib/python3.9/site-packages/airflow/example_dags/example_short_circuit_operator.py
[2022-11-06T22:22:01.147-0300] {processor.py:756} INFO - Processing file /home/debian/etlhausz/venv/lib/python3.9/site-packages/airflow/example_dags/example_short_circuit_operator.py for tasks to queue
[2022-11-06T22:22:01.149-0300] {logging_mixin.py:120} INFO - [2022-11-06T22:22:01.148-0300] {dagbag.py:537} INFO - Filling up the DagBag from /home/debian/etlhausz/venv/lib/python3.9/site-packages/airflow/example_dags/example_short_circuit_operator.py
[2022-11-06T22:22:01.166-0300] {processor.py:766} INFO - DAG(s) dict_keys(['example_short_circuit_operator']) retrieved from /home/debian/etlhausz/venv/lib/python3.9/site-packages/airflow/example_dags/example_short_circuit_operator.py
[2022-11-06T22:22:01.236-0300] {logging_mixin.py:120} INFO - [2022-11-06T22:22:01.235-0300] {dag.py:2585} INFO - Sync 1 DAGs
[2022-11-06T22:22:01.329-0300] {logging_mixin.py:120} INFO - [2022-11-06T22:22:01.328-0300] {dag.py:3336} INFO - Setting next_dagrun for example_short_circuit_operator to 2022-11-06T01:22:01.328716+00:00, run_after=2022-11-07T01:22:01.328716+00:00
[2022-11-06T22:22:01.398-0300] {processor.py:176} INFO - Processing /home/debian/etlhausz/venv/lib/python3.9/site-packages/airflow/example_dags/example_short_circuit_operator.py took 0.262 seconds
[2022-11-06T22:22:32.198-0300] {processor.py:154} INFO - Started process (PID=30136) to work on /home/debian/etlhausz/venv/lib/python3.9/site-packages/airflow/example_dags/example_short_circuit_operator.py
[2022-11-06T22:22:32.203-0300] {processor.py:756} INFO - Processing file /home/debian/etlhausz/venv/lib/python3.9/site-packages/airflow/example_dags/example_short_circuit_operator.py for tasks to queue
[2022-11-06T22:22:32.204-0300] {logging_mixin.py:120} INFO - [2022-11-06T22:22:32.204-0300] {dagbag.py:537} INFO - Filling up the DagBag from /home/debian/etlhausz/venv/lib/python3.9/site-packages/airflow/example_dags/example_short_circuit_operator.py
[2022-11-06T22:22:32.219-0300] {processor.py:766} INFO - DAG(s) dict_keys(['example_short_circuit_operator']) retrieved from /home/debian/etlhausz/venv/lib/python3.9/site-packages/airflow/example_dags/example_short_circuit_operator.py
[2022-11-06T22:22:32.266-0300] {logging_mixin.py:120} INFO - [2022-11-06T22:22:32.266-0300] {dag.py:2585} INFO - Sync 1 DAGs
[2022-11-06T22:22:32.288-0300] {logging_mixin.py:120} INFO - [2022-11-06T22:22:32.288-0300] {dag.py:3336} INFO - Setting next_dagrun for example_short_circuit_operator to 2022-11-06T01:22:32.287830+00:00, run_after=2022-11-07T01:22:32.287830+00:00
[2022-11-06T22:22:32.313-0300] {processor.py:176} INFO - Processing /home/debian/etlhausz/venv/lib/python3.9/site-packages/airflow/example_dags/example_short_circuit_operator.py took 0.122 seconds
[2022-11-06T22:23:09.561-0300] {processor.py:154} INFO - Started process (PID=30962) to work on /home/debian/etlhausz/venv/lib/python3.9/site-packages/airflow/example_dags/example_short_circuit_operator.py
[2022-11-06T22:23:09.564-0300] {processor.py:756} INFO - Processing file /home/debian/etlhausz/venv/lib/python3.9/site-packages/airflow/example_dags/example_short_circuit_operator.py for tasks to queue
[2022-11-06T22:23:09.565-0300] {logging_mixin.py:120} INFO - [2022-11-06T22:23:09.565-0300] {dagbag.py:537} INFO - Filling up the DagBag from /home/debian/etlhausz/venv/lib/python3.9/site-packages/airflow/example_dags/example_short_circuit_operator.py
[2022-11-06T22:23:09.589-0300] {processor.py:766} INFO - DAG(s) dict_keys(['example_short_circuit_operator']) retrieved from /home/debian/etlhausz/venv/lib/python3.9/site-packages/airflow/example_dags/example_short_circuit_operator.py
[2022-11-06T22:23:09.683-0300] {logging_mixin.py:120} INFO - [2022-11-06T22:23:09.683-0300] {dag.py:2585} INFO - Sync 1 DAGs
[2022-11-06T22:23:09.707-0300] {logging_mixin.py:120} INFO - [2022-11-06T22:23:09.706-0300] {dag.py:3336} INFO - Setting next_dagrun for example_short_circuit_operator to 2022-11-06T01:23:09.706325+00:00, run_after=2022-11-07T01:23:09.706325+00:00
[2022-11-06T22:23:09.723-0300] {processor.py:176} INFO - Processing /home/debian/etlhausz/venv/lib/python3.9/site-packages/airflow/example_dags/example_short_circuit_operator.py took 0.168 seconds
[2022-11-06T22:23:41.447-0300] {processor.py:154} INFO - Started process (PID=31503) to work on /home/debian/etlhausz/venv/lib/python3.9/site-packages/airflow/example_dags/example_short_circuit_operator.py
[2022-11-06T22:23:41.448-0300] {processor.py:756} INFO - Processing file /home/debian/etlhausz/venv/lib/python3.9/site-packages/airflow/example_dags/example_short_circuit_operator.py for tasks to queue
[2022-11-06T22:23:41.448-0300] {logging_mixin.py:120} INFO - [2022-11-06T22:23:41.448-0300] {dagbag.py:537} INFO - Filling up the DagBag from /home/debian/etlhausz/venv/lib/python3.9/site-packages/airflow/example_dags/example_short_circuit_operator.py
[2022-11-06T22:23:41.463-0300] {processor.py:766} INFO - DAG(s) dict_keys(['example_short_circuit_operator']) retrieved from /home/debian/etlhausz/venv/lib/python3.9/site-packages/airflow/example_dags/example_short_circuit_operator.py
[2022-11-06T22:23:41.507-0300] {logging_mixin.py:120} INFO - [2022-11-06T22:23:41.506-0300] {dag.py:2585} INFO - Sync 1 DAGs
[2022-11-06T22:23:41.530-0300] {logging_mixin.py:120} INFO - [2022-11-06T22:23:41.530-0300] {dag.py:3336} INFO - Setting next_dagrun for example_short_circuit_operator to 2022-11-06T01:23:41.530013+00:00, run_after=2022-11-07T01:23:41.530013+00:00
[2022-11-06T22:23:41.556-0300] {processor.py:176} INFO - Processing /home/debian/etlhausz/venv/lib/python3.9/site-packages/airflow/example_dags/example_short_circuit_operator.py took 0.112 seconds
[2022-11-06T22:24:12.622-0300] {processor.py:154} INFO - Started process (PID=32165) to work on /home/debian/etlhausz/venv/lib/python3.9/site-packages/airflow/example_dags/example_short_circuit_operator.py
[2022-11-06T22:24:12.639-0300] {processor.py:756} INFO - Processing file /home/debian/etlhausz/venv/lib/python3.9/site-packages/airflow/example_dags/example_short_circuit_operator.py for tasks to queue
[2022-11-06T22:24:12.640-0300] {logging_mixin.py:120} INFO - [2022-11-06T22:24:12.640-0300] {dagbag.py:537} INFO - Filling up the DagBag from /home/debian/etlhausz/venv/lib/python3.9/site-packages/airflow/example_dags/example_short_circuit_operator.py
[2022-11-06T22:24:12.675-0300] {processor.py:766} INFO - DAG(s) dict_keys(['example_short_circuit_operator']) retrieved from /home/debian/etlhausz/venv/lib/python3.9/site-packages/airflow/example_dags/example_short_circuit_operator.py
[2022-11-06T22:24:12.768-0300] {logging_mixin.py:120} INFO - [2022-11-06T22:24:12.766-0300] {dag.py:2585} INFO - Sync 1 DAGs
[2022-11-06T22:24:12.796-0300] {logging_mixin.py:120} INFO - [2022-11-06T22:24:12.795-0300] {dag.py:3336} INFO - Setting next_dagrun for example_short_circuit_operator to 2022-11-06T01:24:12.795632+00:00, run_after=2022-11-07T01:24:12.795632+00:00
[2022-11-06T22:24:12.892-0300] {processor.py:176} INFO - Processing /home/debian/etlhausz/venv/lib/python3.9/site-packages/airflow/example_dags/example_short_circuit_operator.py took 0.285 seconds
[2022-11-06T22:24:43.416-0300] {processor.py:154} INFO - Started process (PID=32770) to work on /home/debian/etlhausz/venv/lib/python3.9/site-packages/airflow/example_dags/example_short_circuit_operator.py
[2022-11-06T22:24:43.418-0300] {processor.py:756} INFO - Processing file /home/debian/etlhausz/venv/lib/python3.9/site-packages/airflow/example_dags/example_short_circuit_operator.py for tasks to queue
[2022-11-06T22:24:43.419-0300] {logging_mixin.py:120} INFO - [2022-11-06T22:24:43.419-0300] {dagbag.py:537} INFO - Filling up the DagBag from /home/debian/etlhausz/venv/lib/python3.9/site-packages/airflow/example_dags/example_short_circuit_operator.py
[2022-11-06T22:24:43.446-0300] {processor.py:766} INFO - DAG(s) dict_keys(['example_short_circuit_operator']) retrieved from /home/debian/etlhausz/venv/lib/python3.9/site-packages/airflow/example_dags/example_short_circuit_operator.py
[2022-11-06T22:24:43.508-0300] {logging_mixin.py:120} INFO - [2022-11-06T22:24:43.508-0300] {dag.py:2585} INFO - Sync 1 DAGs
[2022-11-06T22:24:43.559-0300] {logging_mixin.py:120} INFO - [2022-11-06T22:24:43.556-0300] {dag.py:3336} INFO - Setting next_dagrun for example_short_circuit_operator to 2022-11-06T01:24:43.550905+00:00, run_after=2022-11-07T01:24:43.550905+00:00
[2022-11-06T22:24:43.621-0300] {processor.py:176} INFO - Processing /home/debian/etlhausz/venv/lib/python3.9/site-packages/airflow/example_dags/example_short_circuit_operator.py took 0.212 seconds
[2022-11-06T22:25:14.565-0300] {processor.py:154} INFO - Started process (PID=33380) to work on /home/debian/etlhausz/venv/lib/python3.9/site-packages/airflow/example_dags/example_short_circuit_operator.py
[2022-11-06T22:25:14.566-0300] {processor.py:756} INFO - Processing file /home/debian/etlhausz/venv/lib/python3.9/site-packages/airflow/example_dags/example_short_circuit_operator.py for tasks to queue
[2022-11-06T22:25:14.567-0300] {logging_mixin.py:120} INFO - [2022-11-06T22:25:14.567-0300] {dagbag.py:537} INFO - Filling up the DagBag from /home/debian/etlhausz/venv/lib/python3.9/site-packages/airflow/example_dags/example_short_circuit_operator.py
[2022-11-06T22:25:14.605-0300] {processor.py:766} INFO - DAG(s) dict_keys(['example_short_circuit_operator']) retrieved from /home/debian/etlhausz/venv/lib/python3.9/site-packages/airflow/example_dags/example_short_circuit_operator.py
[2022-11-06T22:25:14.676-0300] {logging_mixin.py:120} INFO - [2022-11-06T22:25:14.676-0300] {dag.py:2585} INFO - Sync 1 DAGs
[2022-11-06T22:25:14.719-0300] {logging_mixin.py:120} INFO - [2022-11-06T22:25:14.719-0300] {dag.py:3336} INFO - Setting next_dagrun for example_short_circuit_operator to 2022-11-06T01:25:14.719400+00:00, run_after=2022-11-07T01:25:14.719400+00:00
[2022-11-06T22:25:14.769-0300] {processor.py:176} INFO - Processing /home/debian/etlhausz/venv/lib/python3.9/site-packages/airflow/example_dags/example_short_circuit_operator.py took 0.208 seconds
[2022-11-06T22:25:45.505-0300] {processor.py:154} INFO - Started process (PID=33916) to work on /home/debian/etlhausz/venv/lib/python3.9/site-packages/airflow/example_dags/example_short_circuit_operator.py
[2022-11-06T22:25:45.506-0300] {processor.py:756} INFO - Processing file /home/debian/etlhausz/venv/lib/python3.9/site-packages/airflow/example_dags/example_short_circuit_operator.py for tasks to queue
[2022-11-06T22:25:45.507-0300] {logging_mixin.py:120} INFO - [2022-11-06T22:25:45.507-0300] {dagbag.py:537} INFO - Filling up the DagBag from /home/debian/etlhausz/venv/lib/python3.9/site-packages/airflow/example_dags/example_short_circuit_operator.py
[2022-11-06T22:25:45.520-0300] {processor.py:766} INFO - DAG(s) dict_keys(['example_short_circuit_operator']) retrieved from /home/debian/etlhausz/venv/lib/python3.9/site-packages/airflow/example_dags/example_short_circuit_operator.py
[2022-11-06T22:25:45.564-0300] {logging_mixin.py:120} INFO - [2022-11-06T22:25:45.564-0300] {dag.py:2585} INFO - Sync 1 DAGs
[2022-11-06T22:25:45.678-0300] {logging_mixin.py:120} INFO - [2022-11-06T22:25:45.677-0300] {dag.py:3336} INFO - Setting next_dagrun for example_short_circuit_operator to 2022-11-06T01:25:45.677830+00:00, run_after=2022-11-07T01:25:45.677830+00:00
[2022-11-06T22:25:45.702-0300] {processor.py:176} INFO - Processing /home/debian/etlhausz/venv/lib/python3.9/site-packages/airflow/example_dags/example_short_circuit_operator.py took 0.200 seconds
[2022-11-06T22:26:15.990-0300] {processor.py:154} INFO - Started process (PID=34456) to work on /home/debian/etlhausz/venv/lib/python3.9/site-packages/airflow/example_dags/example_short_circuit_operator.py
[2022-11-06T22:26:15.991-0300] {processor.py:756} INFO - Processing file /home/debian/etlhausz/venv/lib/python3.9/site-packages/airflow/example_dags/example_short_circuit_operator.py for tasks to queue
[2022-11-06T22:26:15.991-0300] {logging_mixin.py:120} INFO - [2022-11-06T22:26:15.991-0300] {dagbag.py:537} INFO - Filling up the DagBag from /home/debian/etlhausz/venv/lib/python3.9/site-packages/airflow/example_dags/example_short_circuit_operator.py
[2022-11-06T22:26:16.006-0300] {processor.py:766} INFO - DAG(s) dict_keys(['example_short_circuit_operator']) retrieved from /home/debian/etlhausz/venv/lib/python3.9/site-packages/airflow/example_dags/example_short_circuit_operator.py
[2022-11-06T22:26:16.053-0300] {logging_mixin.py:120} INFO - [2022-11-06T22:26:16.053-0300] {dag.py:2585} INFO - Sync 1 DAGs
[2022-11-06T22:26:16.166-0300] {logging_mixin.py:120} INFO - [2022-11-06T22:26:16.166-0300] {dag.py:3336} INFO - Setting next_dagrun for example_short_circuit_operator to 2022-11-06T01:26:16.165919+00:00, run_after=2022-11-07T01:26:16.165919+00:00
[2022-11-06T22:26:16.187-0300] {processor.py:176} INFO - Processing /home/debian/etlhausz/venv/lib/python3.9/site-packages/airflow/example_dags/example_short_circuit_operator.py took 0.200 seconds
[2022-11-06T22:26:47.019-0300] {processor.py:154} INFO - Started process (PID=35003) to work on /home/debian/etlhausz/venv/lib/python3.9/site-packages/airflow/example_dags/example_short_circuit_operator.py
[2022-11-06T22:26:47.021-0300] {processor.py:756} INFO - Processing file /home/debian/etlhausz/venv/lib/python3.9/site-packages/airflow/example_dags/example_short_circuit_operator.py for tasks to queue
[2022-11-06T22:26:47.022-0300] {logging_mixin.py:120} INFO - [2022-11-06T22:26:47.021-0300] {dagbag.py:537} INFO - Filling up the DagBag from /home/debian/etlhausz/venv/lib/python3.9/site-packages/airflow/example_dags/example_short_circuit_operator.py
[2022-11-06T22:26:47.036-0300] {processor.py:766} INFO - DAG(s) dict_keys(['example_short_circuit_operator']) retrieved from /home/debian/etlhausz/venv/lib/python3.9/site-packages/airflow/example_dags/example_short_circuit_operator.py
[2022-11-06T22:26:47.188-0300] {logging_mixin.py:120} INFO - [2022-11-06T22:26:47.188-0300] {dag.py:2585} INFO - Sync 1 DAGs
[2022-11-06T22:26:47.207-0300] {logging_mixin.py:120} INFO - [2022-11-06T22:26:47.207-0300] {dag.py:3336} INFO - Setting next_dagrun for example_short_circuit_operator to 2022-11-06T01:26:47.207327+00:00, run_after=2022-11-07T01:26:47.207327+00:00
[2022-11-06T22:26:47.229-0300] {processor.py:176} INFO - Processing /home/debian/etlhausz/venv/lib/python3.9/site-packages/airflow/example_dags/example_short_circuit_operator.py took 0.213 seconds
[2022-11-06T22:27:18.425-0300] {processor.py:154} INFO - Started process (PID=35541) to work on /home/debian/etlhausz/venv/lib/python3.9/site-packages/airflow/example_dags/example_short_circuit_operator.py
[2022-11-06T22:27:18.426-0300] {processor.py:756} INFO - Processing file /home/debian/etlhausz/venv/lib/python3.9/site-packages/airflow/example_dags/example_short_circuit_operator.py for tasks to queue
[2022-11-06T22:27:18.427-0300] {logging_mixin.py:120} INFO - [2022-11-06T22:27:18.426-0300] {dagbag.py:537} INFO - Filling up the DagBag from /home/debian/etlhausz/venv/lib/python3.9/site-packages/airflow/example_dags/example_short_circuit_operator.py
[2022-11-06T22:27:18.441-0300] {processor.py:766} INFO - DAG(s) dict_keys(['example_short_circuit_operator']) retrieved from /home/debian/etlhausz/venv/lib/python3.9/site-packages/airflow/example_dags/example_short_circuit_operator.py
[2022-11-06T22:27:18.491-0300] {logging_mixin.py:120} INFO - [2022-11-06T22:27:18.491-0300] {dag.py:2585} INFO - Sync 1 DAGs
[2022-11-06T22:27:18.526-0300] {logging_mixin.py:120} INFO - [2022-11-06T22:27:18.526-0300] {dag.py:3336} INFO - Setting next_dagrun for example_short_circuit_operator to 2022-11-06T01:27:18.525899+00:00, run_after=2022-11-07T01:27:18.525899+00:00
[2022-11-06T22:27:18.557-0300] {processor.py:176} INFO - Processing /home/debian/etlhausz/venv/lib/python3.9/site-packages/airflow/example_dags/example_short_circuit_operator.py took 0.142 seconds
[2022-11-06T22:27:49.684-0300] {processor.py:154} INFO - Started process (PID=36019) to work on /home/debian/etlhausz/venv/lib/python3.9/site-packages/airflow/example_dags/example_short_circuit_operator.py
[2022-11-06T22:27:49.686-0300] {processor.py:756} INFO - Processing file /home/debian/etlhausz/venv/lib/python3.9/site-packages/airflow/example_dags/example_short_circuit_operator.py for tasks to queue
[2022-11-06T22:27:49.687-0300] {logging_mixin.py:120} INFO - [2022-11-06T22:27:49.686-0300] {dagbag.py:537} INFO - Filling up the DagBag from /home/debian/etlhausz/venv/lib/python3.9/site-packages/airflow/example_dags/example_short_circuit_operator.py
[2022-11-06T22:27:49.699-0300] {processor.py:766} INFO - DAG(s) dict_keys(['example_short_circuit_operator']) retrieved from /home/debian/etlhausz/venv/lib/python3.9/site-packages/airflow/example_dags/example_short_circuit_operator.py
[2022-11-06T22:27:49.779-0300] {logging_mixin.py:120} INFO - [2022-11-06T22:27:49.779-0300] {dag.py:2585} INFO - Sync 1 DAGs
[2022-11-06T22:27:49.935-0300] {logging_mixin.py:120} INFO - [2022-11-06T22:27:49.935-0300] {dag.py:3336} INFO - Setting next_dagrun for example_short_circuit_operator to 2022-11-06T01:27:49.935329+00:00, run_after=2022-11-07T01:27:49.935329+00:00
[2022-11-06T22:27:49.949-0300] {processor.py:176} INFO - Processing /home/debian/etlhausz/venv/lib/python3.9/site-packages/airflow/example_dags/example_short_circuit_operator.py took 0.267 seconds
[2022-11-06T22:28:20.282-0300] {processor.py:154} INFO - Started process (PID=36672) to work on /home/debian/etlhausz/venv/lib/python3.9/site-packages/airflow/example_dags/example_short_circuit_operator.py
[2022-11-06T22:28:20.287-0300] {processor.py:756} INFO - Processing file /home/debian/etlhausz/venv/lib/python3.9/site-packages/airflow/example_dags/example_short_circuit_operator.py for tasks to queue
[2022-11-06T22:28:20.293-0300] {logging_mixin.py:120} INFO - [2022-11-06T22:28:20.292-0300] {dagbag.py:537} INFO - Filling up the DagBag from /home/debian/etlhausz/venv/lib/python3.9/site-packages/airflow/example_dags/example_short_circuit_operator.py
[2022-11-06T22:28:20.420-0300] {processor.py:766} INFO - DAG(s) dict_keys(['example_short_circuit_operator']) retrieved from /home/debian/etlhausz/venv/lib/python3.9/site-packages/airflow/example_dags/example_short_circuit_operator.py
[2022-11-06T22:28:20.636-0300] {logging_mixin.py:120} INFO - [2022-11-06T22:28:20.636-0300] {dag.py:2585} INFO - Sync 1 DAGs
[2022-11-06T22:28:20.959-0300] {logging_mixin.py:120} INFO - [2022-11-06T22:28:20.959-0300] {dag.py:3336} INFO - Setting next_dagrun for example_short_circuit_operator to 2022-11-06T01:28:20.959265+00:00, run_after=2022-11-07T01:28:20.959265+00:00
[2022-11-06T22:28:20.986-0300] {processor.py:176} INFO - Processing /home/debian/etlhausz/venv/lib/python3.9/site-packages/airflow/example_dags/example_short_circuit_operator.py took 0.709 seconds
[2022-11-06T22:28:51.566-0300] {processor.py:154} INFO - Started process (PID=37213) to work on /home/debian/etlhausz/venv/lib/python3.9/site-packages/airflow/example_dags/example_short_circuit_operator.py
[2022-11-06T22:28:51.568-0300] {processor.py:756} INFO - Processing file /home/debian/etlhausz/venv/lib/python3.9/site-packages/airflow/example_dags/example_short_circuit_operator.py for tasks to queue
[2022-11-06T22:28:51.569-0300] {logging_mixin.py:120} INFO - [2022-11-06T22:28:51.569-0300] {dagbag.py:537} INFO - Filling up the DagBag from /home/debian/etlhausz/venv/lib/python3.9/site-packages/airflow/example_dags/example_short_circuit_operator.py
[2022-11-06T22:28:51.581-0300] {processor.py:766} INFO - DAG(s) dict_keys(['example_short_circuit_operator']) retrieved from /home/debian/etlhausz/venv/lib/python3.9/site-packages/airflow/example_dags/example_short_circuit_operator.py
[2022-11-06T22:28:51.726-0300] {logging_mixin.py:120} INFO - [2022-11-06T22:28:51.726-0300] {dag.py:2585} INFO - Sync 1 DAGs
[2022-11-06T22:28:51.741-0300] {logging_mixin.py:120} INFO - [2022-11-06T22:28:51.741-0300] {dag.py:3336} INFO - Setting next_dagrun for example_short_circuit_operator to 2022-11-06T01:28:51.741223+00:00, run_after=2022-11-07T01:28:51.741223+00:00
[2022-11-06T22:28:51.766-0300] {processor.py:176} INFO - Processing /home/debian/etlhausz/venv/lib/python3.9/site-packages/airflow/example_dags/example_short_circuit_operator.py took 0.202 seconds
[2022-11-06T22:29:22.140-0300] {processor.py:154} INFO - Started process (PID=37687) to work on /home/debian/etlhausz/venv/lib/python3.9/site-packages/airflow/example_dags/example_short_circuit_operator.py
[2022-11-06T22:29:22.143-0300] {processor.py:756} INFO - Processing file /home/debian/etlhausz/venv/lib/python3.9/site-packages/airflow/example_dags/example_short_circuit_operator.py for tasks to queue
[2022-11-06T22:29:22.143-0300] {logging_mixin.py:120} INFO - [2022-11-06T22:29:22.143-0300] {dagbag.py:537} INFO - Filling up the DagBag from /home/debian/etlhausz/venv/lib/python3.9/site-packages/airflow/example_dags/example_short_circuit_operator.py
[2022-11-06T22:29:22.157-0300] {processor.py:766} INFO - DAG(s) dict_keys(['example_short_circuit_operator']) retrieved from /home/debian/etlhausz/venv/lib/python3.9/site-packages/airflow/example_dags/example_short_circuit_operator.py
[2022-11-06T22:29:22.204-0300] {logging_mixin.py:120} INFO - [2022-11-06T22:29:22.204-0300] {dag.py:2585} INFO - Sync 1 DAGs
[2022-11-06T22:29:22.253-0300] {logging_mixin.py:120} INFO - [2022-11-06T22:29:22.252-0300] {dag.py:3336} INFO - Setting next_dagrun for example_short_circuit_operator to 2022-11-06T01:29:22.252687+00:00, run_after=2022-11-07T01:29:22.252687+00:00
[2022-11-06T22:29:22.441-0300] {processor.py:176} INFO - Processing /home/debian/etlhausz/venv/lib/python3.9/site-packages/airflow/example_dags/example_short_circuit_operator.py took 0.304 seconds
[2022-11-06T22:29:52.753-0300] {processor.py:154} INFO - Started process (PID=38225) to work on /home/debian/etlhausz/venv/lib/python3.9/site-packages/airflow/example_dags/example_short_circuit_operator.py
[2022-11-06T22:29:52.754-0300] {processor.py:756} INFO - Processing file /home/debian/etlhausz/venv/lib/python3.9/site-packages/airflow/example_dags/example_short_circuit_operator.py for tasks to queue
[2022-11-06T22:29:52.755-0300] {logging_mixin.py:120} INFO - [2022-11-06T22:29:52.755-0300] {dagbag.py:537} INFO - Filling up the DagBag from /home/debian/etlhausz/venv/lib/python3.9/site-packages/airflow/example_dags/example_short_circuit_operator.py
[2022-11-06T22:29:52.769-0300] {processor.py:766} INFO - DAG(s) dict_keys(['example_short_circuit_operator']) retrieved from /home/debian/etlhausz/venv/lib/python3.9/site-packages/airflow/example_dags/example_short_circuit_operator.py
[2022-11-06T22:29:52.842-0300] {logging_mixin.py:120} INFO - [2022-11-06T22:29:52.841-0300] {dag.py:2585} INFO - Sync 1 DAGs
[2022-11-06T22:29:53.099-0300] {logging_mixin.py:120} INFO - [2022-11-06T22:29:53.098-0300] {dag.py:3336} INFO - Setting next_dagrun for example_short_circuit_operator to 2022-11-06T01:29:53.097943+00:00, run_after=2022-11-07T01:29:53.097943+00:00
[2022-11-06T22:29:53.189-0300] {processor.py:176} INFO - Processing /home/debian/etlhausz/venv/lib/python3.9/site-packages/airflow/example_dags/example_short_circuit_operator.py took 0.440 seconds
[2022-11-06T22:30:23.995-0300] {processor.py:154} INFO - Started process (PID=38895) to work on /home/debian/etlhausz/venv/lib/python3.9/site-packages/airflow/example_dags/example_short_circuit_operator.py
[2022-11-06T22:30:24.002-0300] {processor.py:756} INFO - Processing file /home/debian/etlhausz/venv/lib/python3.9/site-packages/airflow/example_dags/example_short_circuit_operator.py for tasks to queue
[2022-11-06T22:30:24.003-0300] {logging_mixin.py:120} INFO - [2022-11-06T22:30:24.003-0300] {dagbag.py:537} INFO - Filling up the DagBag from /home/debian/etlhausz/venv/lib/python3.9/site-packages/airflow/example_dags/example_short_circuit_operator.py
[2022-11-06T22:30:24.015-0300] {processor.py:766} INFO - DAG(s) dict_keys(['example_short_circuit_operator']) retrieved from /home/debian/etlhausz/venv/lib/python3.9/site-packages/airflow/example_dags/example_short_circuit_operator.py
[2022-11-06T22:30:24.166-0300] {logging_mixin.py:120} INFO - [2022-11-06T22:30:24.165-0300] {dag.py:2585} INFO - Sync 1 DAGs
[2022-11-06T22:30:24.189-0300] {logging_mixin.py:120} INFO - [2022-11-06T22:30:24.188-0300] {dag.py:3336} INFO - Setting next_dagrun for example_short_circuit_operator to 2022-11-06T01:30:24.188680+00:00, run_after=2022-11-07T01:30:24.188680+00:00
[2022-11-06T22:30:24.206-0300] {processor.py:176} INFO - Processing /home/debian/etlhausz/venv/lib/python3.9/site-packages/airflow/example_dags/example_short_circuit_operator.py took 0.215 seconds
[2022-11-06T22:30:54.634-0300] {processor.py:154} INFO - Started process (PID=39435) to work on /home/debian/etlhausz/venv/lib/python3.9/site-packages/airflow/example_dags/example_short_circuit_operator.py
[2022-11-06T22:30:54.649-0300] {processor.py:756} INFO - Processing file /home/debian/etlhausz/venv/lib/python3.9/site-packages/airflow/example_dags/example_short_circuit_operator.py for tasks to queue
[2022-11-06T22:30:54.650-0300] {logging_mixin.py:120} INFO - [2022-11-06T22:30:54.649-0300] {dagbag.py:537} INFO - Filling up the DagBag from /home/debian/etlhausz/venv/lib/python3.9/site-packages/airflow/example_dags/example_short_circuit_operator.py
[2022-11-06T22:30:54.684-0300] {processor.py:766} INFO - DAG(s) dict_keys(['example_short_circuit_operator']) retrieved from /home/debian/etlhausz/venv/lib/python3.9/site-packages/airflow/example_dags/example_short_circuit_operator.py
[2022-11-06T22:30:55.067-0300] {logging_mixin.py:120} INFO - [2022-11-06T22:30:55.066-0300] {dag.py:2585} INFO - Sync 1 DAGs
[2022-11-06T22:30:55.092-0300] {logging_mixin.py:120} INFO - [2022-11-06T22:30:55.091-0300] {dag.py:3336} INFO - Setting next_dagrun for example_short_circuit_operator to 2022-11-06T01:30:55.091746+00:00, run_after=2022-11-07T01:30:55.091746+00:00
[2022-11-06T22:30:55.130-0300] {processor.py:176} INFO - Processing /home/debian/etlhausz/venv/lib/python3.9/site-packages/airflow/example_dags/example_short_circuit_operator.py took 0.499 seconds
[2022-11-06T22:31:25.433-0300] {processor.py:154} INFO - Started process (PID=39973) to work on /home/debian/etlhausz/venv/lib/python3.9/site-packages/airflow/example_dags/example_short_circuit_operator.py
[2022-11-06T22:31:25.435-0300] {processor.py:756} INFO - Processing file /home/debian/etlhausz/venv/lib/python3.9/site-packages/airflow/example_dags/example_short_circuit_operator.py for tasks to queue
[2022-11-06T22:31:25.436-0300] {logging_mixin.py:120} INFO - [2022-11-06T22:31:25.435-0300] {dagbag.py:537} INFO - Filling up the DagBag from /home/debian/etlhausz/venv/lib/python3.9/site-packages/airflow/example_dags/example_short_circuit_operator.py
[2022-11-06T22:31:25.452-0300] {processor.py:766} INFO - DAG(s) dict_keys(['example_short_circuit_operator']) retrieved from /home/debian/etlhausz/venv/lib/python3.9/site-packages/airflow/example_dags/example_short_circuit_operator.py
[2022-11-06T22:31:25.559-0300] {logging_mixin.py:120} INFO - [2022-11-06T22:31:25.558-0300] {dag.py:2585} INFO - Sync 1 DAGs
[2022-11-06T22:31:25.582-0300] {logging_mixin.py:120} INFO - [2022-11-06T22:31:25.582-0300] {dag.py:3336} INFO - Setting next_dagrun for example_short_circuit_operator to 2022-11-06T01:31:25.582340+00:00, run_after=2022-11-07T01:31:25.582340+00:00
[2022-11-06T22:31:25.757-0300] {processor.py:176} INFO - Processing /home/debian/etlhausz/venv/lib/python3.9/site-packages/airflow/example_dags/example_short_circuit_operator.py took 0.327 seconds
