[2022-11-06T21:00:12.029-0300] {processor.py:154} INFO - Started process (PID=61027) to work on /home/debian/etlhausz/venv/lib/python3.9/site-packages/airflow/example_dags/example_branch_day_of_week_operator.py
[2022-11-06T21:00:12.032-0300] {processor.py:756} INFO - Processing file /home/debian/etlhausz/venv/lib/python3.9/site-packages/airflow/example_dags/example_branch_day_of_week_operator.py for tasks to queue
[2022-11-06T21:00:12.034-0300] {logging_mixin.py:120} INFO - [2022-11-06T21:00:12.034-0300] {dagbag.py:537} INFO - Filling up the DagBag from /home/debian/etlhausz/venv/lib/python3.9/site-packages/airflow/example_dags/example_branch_day_of_week_operator.py
[2022-11-06T21:00:12.233-0300] {processor.py:766} INFO - DAG(s) dict_keys(['example_weekday_branch_operator']) retrieved from /home/debian/etlhausz/venv/lib/python3.9/site-packages/airflow/example_dags/example_branch_day_of_week_operator.py
[2022-11-06T21:00:12.285-0300] {logging_mixin.py:120} INFO - [2022-11-06T21:00:12.285-0300] {dag.py:2585} INFO - Sync 1 DAGs
[2022-11-06T21:00:12.329-0300] {logging_mixin.py:120} INFO - [2022-11-06T21:00:12.329-0300] {dag.py:3336} INFO - Setting next_dagrun for example_weekday_branch_operator to 2022-11-06T00:00:00+00:00, run_after=2022-11-07T00:00:00+00:00
[2022-11-06T21:00:12.354-0300] {processor.py:176} INFO - Processing /home/debian/etlhausz/venv/lib/python3.9/site-packages/airflow/example_dags/example_branch_day_of_week_operator.py took 0.334 seconds
[2022-11-06T21:00:42.605-0300] {processor.py:154} INFO - Started process (PID=61605) to work on /home/debian/etlhausz/venv/lib/python3.9/site-packages/airflow/example_dags/example_branch_day_of_week_operator.py
[2022-11-06T21:00:42.607-0300] {processor.py:756} INFO - Processing file /home/debian/etlhausz/venv/lib/python3.9/site-packages/airflow/example_dags/example_branch_day_of_week_operator.py for tasks to queue
[2022-11-06T21:00:42.607-0300] {logging_mixin.py:120} INFO - [2022-11-06T21:00:42.607-0300] {dagbag.py:537} INFO - Filling up the DagBag from /home/debian/etlhausz/venv/lib/python3.9/site-packages/airflow/example_dags/example_branch_day_of_week_operator.py
[2022-11-06T21:00:42.622-0300] {processor.py:766} INFO - DAG(s) dict_keys(['example_weekday_branch_operator']) retrieved from /home/debian/etlhausz/venv/lib/python3.9/site-packages/airflow/example_dags/example_branch_day_of_week_operator.py
[2022-11-06T21:00:42.708-0300] {logging_mixin.py:120} INFO - [2022-11-06T21:00:42.708-0300] {dag.py:2585} INFO - Sync 1 DAGs
[2022-11-06T21:00:42.950-0300] {logging_mixin.py:120} INFO - [2022-11-06T21:00:42.950-0300] {dag.py:3336} INFO - Setting next_dagrun for example_weekday_branch_operator to 2022-11-06T00:00:00+00:00, run_after=2022-11-07T00:00:00+00:00
[2022-11-06T21:00:43.011-0300] {processor.py:176} INFO - Processing /home/debian/etlhausz/venv/lib/python3.9/site-packages/airflow/example_dags/example_branch_day_of_week_operator.py took 0.409 seconds
[2022-11-06T21:01:13.235-0300] {processor.py:154} INFO - Started process (PID=62175) to work on /home/debian/etlhausz/venv/lib/python3.9/site-packages/airflow/example_dags/example_branch_day_of_week_operator.py
[2022-11-06T21:01:13.236-0300] {processor.py:756} INFO - Processing file /home/debian/etlhausz/venv/lib/python3.9/site-packages/airflow/example_dags/example_branch_day_of_week_operator.py for tasks to queue
[2022-11-06T21:01:13.237-0300] {logging_mixin.py:120} INFO - [2022-11-06T21:01:13.237-0300] {dagbag.py:537} INFO - Filling up the DagBag from /home/debian/etlhausz/venv/lib/python3.9/site-packages/airflow/example_dags/example_branch_day_of_week_operator.py
[2022-11-06T21:01:13.251-0300] {processor.py:766} INFO - DAG(s) dict_keys(['example_weekday_branch_operator']) retrieved from /home/debian/etlhausz/venv/lib/python3.9/site-packages/airflow/example_dags/example_branch_day_of_week_operator.py
[2022-11-06T21:01:13.417-0300] {logging_mixin.py:120} INFO - [2022-11-06T21:01:13.417-0300] {dag.py:2585} INFO - Sync 1 DAGs
[2022-11-06T21:01:13.451-0300] {logging_mixin.py:120} INFO - [2022-11-06T21:01:13.451-0300] {dag.py:3336} INFO - Setting next_dagrun for example_weekday_branch_operator to 2022-11-06T00:00:00+00:00, run_after=2022-11-07T00:00:00+00:00
[2022-11-06T21:01:13.492-0300] {processor.py:176} INFO - Processing /home/debian/etlhausz/venv/lib/python3.9/site-packages/airflow/example_dags/example_branch_day_of_week_operator.py took 0.260 seconds
[2022-11-06T21:01:44.226-0300] {processor.py:154} INFO - Started process (PID=62753) to work on /home/debian/etlhausz/venv/lib/python3.9/site-packages/airflow/example_dags/example_branch_day_of_week_operator.py
[2022-11-06T21:01:44.229-0300] {processor.py:756} INFO - Processing file /home/debian/etlhausz/venv/lib/python3.9/site-packages/airflow/example_dags/example_branch_day_of_week_operator.py for tasks to queue
[2022-11-06T21:01:44.230-0300] {logging_mixin.py:120} INFO - [2022-11-06T21:01:44.230-0300] {dagbag.py:537} INFO - Filling up the DagBag from /home/debian/etlhausz/venv/lib/python3.9/site-packages/airflow/example_dags/example_branch_day_of_week_operator.py
[2022-11-06T21:01:44.243-0300] {processor.py:766} INFO - DAG(s) dict_keys(['example_weekday_branch_operator']) retrieved from /home/debian/etlhausz/venv/lib/python3.9/site-packages/airflow/example_dags/example_branch_day_of_week_operator.py
[2022-11-06T21:01:44.391-0300] {logging_mixin.py:120} INFO - [2022-11-06T21:01:44.390-0300] {dag.py:2585} INFO - Sync 1 DAGs
[2022-11-06T21:01:44.428-0300] {logging_mixin.py:120} INFO - [2022-11-06T21:01:44.428-0300] {dag.py:3336} INFO - Setting next_dagrun for example_weekday_branch_operator to 2022-11-06T00:00:00+00:00, run_after=2022-11-07T00:00:00+00:00
[2022-11-06T21:01:44.487-0300] {processor.py:176} INFO - Processing /home/debian/etlhausz/venv/lib/python3.9/site-packages/airflow/example_dags/example_branch_day_of_week_operator.py took 0.264 seconds
[2022-11-06T21:02:16.180-0300] {processor.py:154} INFO - Started process (PID=63248) to work on /home/debian/etlhausz/venv/lib/python3.9/site-packages/airflow/example_dags/example_branch_day_of_week_operator.py
[2022-11-06T21:02:16.188-0300] {processor.py:756} INFO - Processing file /home/debian/etlhausz/venv/lib/python3.9/site-packages/airflow/example_dags/example_branch_day_of_week_operator.py for tasks to queue
[2022-11-06T21:02:16.189-0300] {logging_mixin.py:120} INFO - [2022-11-06T21:02:16.189-0300] {dagbag.py:537} INFO - Filling up the DagBag from /home/debian/etlhausz/venv/lib/python3.9/site-packages/airflow/example_dags/example_branch_day_of_week_operator.py
[2022-11-06T21:02:16.718-0300] {processor.py:766} INFO - DAG(s) dict_keys(['example_weekday_branch_operator']) retrieved from /home/debian/etlhausz/venv/lib/python3.9/site-packages/airflow/example_dags/example_branch_day_of_week_operator.py
[2022-11-06T21:02:17.020-0300] {logging_mixin.py:120} INFO - [2022-11-06T21:02:17.019-0300] {dag.py:2585} INFO - Sync 1 DAGs
[2022-11-06T21:02:17.052-0300] {logging_mixin.py:120} INFO - [2022-11-06T21:02:17.051-0300] {dag.py:3336} INFO - Setting next_dagrun for example_weekday_branch_operator to 2022-11-06T00:00:00+00:00, run_after=2022-11-07T00:00:00+00:00
[2022-11-06T21:02:17.073-0300] {processor.py:176} INFO - Processing /home/debian/etlhausz/venv/lib/python3.9/site-packages/airflow/example_dags/example_branch_day_of_week_operator.py took 0.901 seconds
[2022-11-06T21:02:48.308-0300] {processor.py:154} INFO - Started process (PID=63829) to work on /home/debian/etlhausz/venv/lib/python3.9/site-packages/airflow/example_dags/example_branch_day_of_week_operator.py
[2022-11-06T21:02:48.310-0300] {processor.py:756} INFO - Processing file /home/debian/etlhausz/venv/lib/python3.9/site-packages/airflow/example_dags/example_branch_day_of_week_operator.py for tasks to queue
[2022-11-06T21:02:48.311-0300] {logging_mixin.py:120} INFO - [2022-11-06T21:02:48.311-0300] {dagbag.py:537} INFO - Filling up the DagBag from /home/debian/etlhausz/venv/lib/python3.9/site-packages/airflow/example_dags/example_branch_day_of_week_operator.py
[2022-11-06T21:02:48.326-0300] {processor.py:766} INFO - DAG(s) dict_keys(['example_weekday_branch_operator']) retrieved from /home/debian/etlhausz/venv/lib/python3.9/site-packages/airflow/example_dags/example_branch_day_of_week_operator.py
[2022-11-06T21:02:48.393-0300] {logging_mixin.py:120} INFO - [2022-11-06T21:02:48.392-0300] {dag.py:2585} INFO - Sync 1 DAGs
[2022-11-06T21:02:48.623-0300] {logging_mixin.py:120} INFO - [2022-11-06T21:02:48.623-0300] {dag.py:3336} INFO - Setting next_dagrun for example_weekday_branch_operator to 2022-11-06T00:00:00+00:00, run_after=2022-11-07T00:00:00+00:00
[2022-11-06T21:02:48.645-0300] {processor.py:176} INFO - Processing /home/debian/etlhausz/venv/lib/python3.9/site-packages/airflow/example_dags/example_branch_day_of_week_operator.py took 0.340 seconds
[2022-11-06T21:03:19.234-0300] {processor.py:154} INFO - Started process (PID=64369) to work on /home/debian/etlhausz/venv/lib/python3.9/site-packages/airflow/example_dags/example_branch_day_of_week_operator.py
[2022-11-06T21:03:19.236-0300] {processor.py:756} INFO - Processing file /home/debian/etlhausz/venv/lib/python3.9/site-packages/airflow/example_dags/example_branch_day_of_week_operator.py for tasks to queue
[2022-11-06T21:03:19.237-0300] {logging_mixin.py:120} INFO - [2022-11-06T21:03:19.237-0300] {dagbag.py:537} INFO - Filling up the DagBag from /home/debian/etlhausz/venv/lib/python3.9/site-packages/airflow/example_dags/example_branch_day_of_week_operator.py
[2022-11-06T21:03:19.252-0300] {processor.py:766} INFO - DAG(s) dict_keys(['example_weekday_branch_operator']) retrieved from /home/debian/etlhausz/venv/lib/python3.9/site-packages/airflow/example_dags/example_branch_day_of_week_operator.py
[2022-11-06T21:03:19.558-0300] {logging_mixin.py:120} INFO - [2022-11-06T21:03:19.558-0300] {dag.py:2585} INFO - Sync 1 DAGs
[2022-11-06T21:03:19.588-0300] {logging_mixin.py:120} INFO - [2022-11-06T21:03:19.588-0300] {dag.py:3336} INFO - Setting next_dagrun for example_weekday_branch_operator to 2022-11-06T00:00:00+00:00, run_after=2022-11-07T00:00:00+00:00
[2022-11-06T21:03:19.614-0300] {processor.py:176} INFO - Processing /home/debian/etlhausz/venv/lib/python3.9/site-packages/airflow/example_dags/example_branch_day_of_week_operator.py took 0.383 seconds
[2022-11-06T21:03:50.054-0300] {processor.py:154} INFO - Started process (PID=65000) to work on /home/debian/etlhausz/venv/lib/python3.9/site-packages/airflow/example_dags/example_branch_day_of_week_operator.py
[2022-11-06T21:03:50.055-0300] {processor.py:756} INFO - Processing file /home/debian/etlhausz/venv/lib/python3.9/site-packages/airflow/example_dags/example_branch_day_of_week_operator.py for tasks to queue
[2022-11-06T21:03:50.056-0300] {logging_mixin.py:120} INFO - [2022-11-06T21:03:50.056-0300] {dagbag.py:537} INFO - Filling up the DagBag from /home/debian/etlhausz/venv/lib/python3.9/site-packages/airflow/example_dags/example_branch_day_of_week_operator.py
[2022-11-06T21:03:50.073-0300] {processor.py:766} INFO - DAG(s) dict_keys(['example_weekday_branch_operator']) retrieved from /home/debian/etlhausz/venv/lib/python3.9/site-packages/airflow/example_dags/example_branch_day_of_week_operator.py
[2022-11-06T21:03:50.256-0300] {logging_mixin.py:120} INFO - [2022-11-06T21:03:50.256-0300] {dag.py:2585} INFO - Sync 1 DAGs
[2022-11-06T21:03:50.282-0300] {logging_mixin.py:120} INFO - [2022-11-06T21:03:50.281-0300] {dag.py:3336} INFO - Setting next_dagrun for example_weekday_branch_operator to 2022-11-06T00:00:00+00:00, run_after=2022-11-07T00:00:00+00:00
[2022-11-06T21:03:50.307-0300] {processor.py:176} INFO - Processing /home/debian/etlhausz/venv/lib/python3.9/site-packages/airflow/example_dags/example_branch_day_of_week_operator.py took 0.264 seconds
[2022-11-06T21:04:20.541-0300] {processor.py:154} INFO - Started process (PID=65603) to work on /home/debian/etlhausz/venv/lib/python3.9/site-packages/airflow/example_dags/example_branch_day_of_week_operator.py
[2022-11-06T21:04:20.542-0300] {processor.py:756} INFO - Processing file /home/debian/etlhausz/venv/lib/python3.9/site-packages/airflow/example_dags/example_branch_day_of_week_operator.py for tasks to queue
[2022-11-06T21:04:20.542-0300] {logging_mixin.py:120} INFO - [2022-11-06T21:04:20.542-0300] {dagbag.py:537} INFO - Filling up the DagBag from /home/debian/etlhausz/venv/lib/python3.9/site-packages/airflow/example_dags/example_branch_day_of_week_operator.py
[2022-11-06T21:04:20.701-0300] {processor.py:766} INFO - DAG(s) dict_keys(['example_weekday_branch_operator']) retrieved from /home/debian/etlhausz/venv/lib/python3.9/site-packages/airflow/example_dags/example_branch_day_of_week_operator.py
[2022-11-06T21:04:20.755-0300] {logging_mixin.py:120} INFO - [2022-11-06T21:04:20.755-0300] {dag.py:2585} INFO - Sync 1 DAGs
[2022-11-06T21:04:20.777-0300] {logging_mixin.py:120} INFO - [2022-11-06T21:04:20.777-0300] {dag.py:3336} INFO - Setting next_dagrun for example_weekday_branch_operator to 2022-11-06T00:00:00+00:00, run_after=2022-11-07T00:00:00+00:00
[2022-11-06T21:04:20.862-0300] {processor.py:176} INFO - Processing /home/debian/etlhausz/venv/lib/python3.9/site-packages/airflow/example_dags/example_branch_day_of_week_operator.py took 0.325 seconds
[2022-11-06T22:01:38.605-0300] {processor.py:154} INFO - Started process (PID=5177) to work on /home/debian/etlhausz/venv/lib/python3.9/site-packages/airflow/example_dags/example_branch_day_of_week_operator.py
[2022-11-06T22:01:38.607-0300] {processor.py:756} INFO - Processing file /home/debian/etlhausz/venv/lib/python3.9/site-packages/airflow/example_dags/example_branch_day_of_week_operator.py for tasks to queue
[2022-11-06T22:01:38.607-0300] {logging_mixin.py:120} INFO - [2022-11-06T22:01:38.607-0300] {dagbag.py:537} INFO - Filling up the DagBag from /home/debian/etlhausz/venv/lib/python3.9/site-packages/airflow/example_dags/example_branch_day_of_week_operator.py
[2022-11-06T22:01:38.643-0300] {processor.py:766} INFO - DAG(s) dict_keys(['example_weekday_branch_operator']) retrieved from /home/debian/etlhausz/venv/lib/python3.9/site-packages/airflow/example_dags/example_branch_day_of_week_operator.py
[2022-11-06T22:01:38.918-0300] {logging_mixin.py:120} INFO - [2022-11-06T22:01:38.918-0300] {dag.py:2585} INFO - Sync 1 DAGs
[2022-11-06T22:01:39.049-0300] {logging_mixin.py:120} INFO - [2022-11-06T22:01:39.048-0300] {dag.py:3336} INFO - Setting next_dagrun for example_weekday_branch_operator to 2022-11-06T00:00:00+00:00, run_after=2022-11-07T00:00:00+00:00
[2022-11-06T22:01:39.138-0300] {processor.py:176} INFO - Processing /home/debian/etlhausz/venv/lib/python3.9/site-packages/airflow/example_dags/example_branch_day_of_week_operator.py took 0.555 seconds
[2022-11-06T22:02:10.788-0300] {processor.py:154} INFO - Started process (PID=5824) to work on /home/debian/etlhausz/venv/lib/python3.9/site-packages/airflow/example_dags/example_branch_day_of_week_operator.py
[2022-11-06T22:02:10.789-0300] {processor.py:756} INFO - Processing file /home/debian/etlhausz/venv/lib/python3.9/site-packages/airflow/example_dags/example_branch_day_of_week_operator.py for tasks to queue
[2022-11-06T22:02:10.789-0300] {logging_mixin.py:120} INFO - [2022-11-06T22:02:10.789-0300] {dagbag.py:537} INFO - Filling up the DagBag from /home/debian/etlhausz/venv/lib/python3.9/site-packages/airflow/example_dags/example_branch_day_of_week_operator.py
[2022-11-06T22:02:10.802-0300] {processor.py:766} INFO - DAG(s) dict_keys(['example_weekday_branch_operator']) retrieved from /home/debian/etlhausz/venv/lib/python3.9/site-packages/airflow/example_dags/example_branch_day_of_week_operator.py
[2022-11-06T22:02:10.846-0300] {logging_mixin.py:120} INFO - [2022-11-06T22:02:10.845-0300] {dag.py:2585} INFO - Sync 1 DAGs
[2022-11-06T22:02:10.871-0300] {logging_mixin.py:120} INFO - [2022-11-06T22:02:10.871-0300] {dag.py:3336} INFO - Setting next_dagrun for example_weekday_branch_operator to 2022-11-06T00:00:00+00:00, run_after=2022-11-07T00:00:00+00:00
[2022-11-06T22:02:10.887-0300] {processor.py:176} INFO - Processing /home/debian/etlhausz/venv/lib/python3.9/site-packages/airflow/example_dags/example_branch_day_of_week_operator.py took 0.102 seconds
[2022-11-06T22:02:42.388-0300] {processor.py:154} INFO - Started process (PID=6486) to work on /home/debian/etlhausz/venv/lib/python3.9/site-packages/airflow/example_dags/example_branch_day_of_week_operator.py
[2022-11-06T22:02:42.390-0300] {processor.py:756} INFO - Processing file /home/debian/etlhausz/venv/lib/python3.9/site-packages/airflow/example_dags/example_branch_day_of_week_operator.py for tasks to queue
[2022-11-06T22:02:42.390-0300] {logging_mixin.py:120} INFO - [2022-11-06T22:02:42.390-0300] {dagbag.py:537} INFO - Filling up the DagBag from /home/debian/etlhausz/venv/lib/python3.9/site-packages/airflow/example_dags/example_branch_day_of_week_operator.py
[2022-11-06T22:02:42.418-0300] {processor.py:766} INFO - DAG(s) dict_keys(['example_weekday_branch_operator']) retrieved from /home/debian/etlhausz/venv/lib/python3.9/site-packages/airflow/example_dags/example_branch_day_of_week_operator.py
[2022-11-06T22:02:42.481-0300] {logging_mixin.py:120} INFO - [2022-11-06T22:02:42.481-0300] {dag.py:2585} INFO - Sync 1 DAGs
[2022-11-06T22:02:42.512-0300] {logging_mixin.py:120} INFO - [2022-11-06T22:02:42.512-0300] {dag.py:3336} INFO - Setting next_dagrun for example_weekday_branch_operator to 2022-11-06T00:00:00+00:00, run_after=2022-11-07T00:00:00+00:00
[2022-11-06T22:02:42.546-0300] {processor.py:176} INFO - Processing /home/debian/etlhausz/venv/lib/python3.9/site-packages/airflow/example_dags/example_branch_day_of_week_operator.py took 0.161 seconds
[2022-11-06T22:03:15.156-0300] {processor.py:154} INFO - Started process (PID=7083) to work on /home/debian/etlhausz/venv/lib/python3.9/site-packages/airflow/example_dags/example_branch_day_of_week_operator.py
[2022-11-06T22:03:15.169-0300] {processor.py:756} INFO - Processing file /home/debian/etlhausz/venv/lib/python3.9/site-packages/airflow/example_dags/example_branch_day_of_week_operator.py for tasks to queue
[2022-11-06T22:03:15.183-0300] {logging_mixin.py:120} INFO - [2022-11-06T22:03:15.182-0300] {dagbag.py:537} INFO - Filling up the DagBag from /home/debian/etlhausz/venv/lib/python3.9/site-packages/airflow/example_dags/example_branch_day_of_week_operator.py
[2022-11-06T22:03:15.230-0300] {processor.py:766} INFO - DAG(s) dict_keys(['example_weekday_branch_operator']) retrieved from /home/debian/etlhausz/venv/lib/python3.9/site-packages/airflow/example_dags/example_branch_day_of_week_operator.py
[2022-11-06T22:03:15.398-0300] {logging_mixin.py:120} INFO - [2022-11-06T22:03:15.398-0300] {dag.py:2585} INFO - Sync 1 DAGs
[2022-11-06T22:03:15.434-0300] {logging_mixin.py:120} INFO - [2022-11-06T22:03:15.433-0300] {dag.py:3336} INFO - Setting next_dagrun for example_weekday_branch_operator to 2022-11-06T00:00:00+00:00, run_after=2022-11-07T00:00:00+00:00
[2022-11-06T22:03:15.555-0300] {processor.py:176} INFO - Processing /home/debian/etlhausz/venv/lib/python3.9/site-packages/airflow/example_dags/example_branch_day_of_week_operator.py took 0.410 seconds
[2022-11-06T22:03:46.231-0300] {processor.py:154} INFO - Started process (PID=7747) to work on /home/debian/etlhausz/venv/lib/python3.9/site-packages/airflow/example_dags/example_branch_day_of_week_operator.py
[2022-11-06T22:03:46.232-0300] {processor.py:756} INFO - Processing file /home/debian/etlhausz/venv/lib/python3.9/site-packages/airflow/example_dags/example_branch_day_of_week_operator.py for tasks to queue
[2022-11-06T22:03:46.233-0300] {logging_mixin.py:120} INFO - [2022-11-06T22:03:46.233-0300] {dagbag.py:537} INFO - Filling up the DagBag from /home/debian/etlhausz/venv/lib/python3.9/site-packages/airflow/example_dags/example_branch_day_of_week_operator.py
[2022-11-06T22:03:46.247-0300] {processor.py:766} INFO - DAG(s) dict_keys(['example_weekday_branch_operator']) retrieved from /home/debian/etlhausz/venv/lib/python3.9/site-packages/airflow/example_dags/example_branch_day_of_week_operator.py
[2022-11-06T22:03:46.286-0300] {logging_mixin.py:120} INFO - [2022-11-06T22:03:46.286-0300] {dag.py:2585} INFO - Sync 1 DAGs
[2022-11-06T22:03:46.308-0300] {logging_mixin.py:120} INFO - [2022-11-06T22:03:46.308-0300] {dag.py:3336} INFO - Setting next_dagrun for example_weekday_branch_operator to 2022-11-06T00:00:00+00:00, run_after=2022-11-07T00:00:00+00:00
[2022-11-06T22:03:46.332-0300] {processor.py:176} INFO - Processing /home/debian/etlhausz/venv/lib/python3.9/site-packages/airflow/example_dags/example_branch_day_of_week_operator.py took 0.103 seconds
[2022-11-06T22:04:17.895-0300] {processor.py:154} INFO - Started process (PID=8371) to work on /home/debian/etlhausz/venv/lib/python3.9/site-packages/airflow/example_dags/example_branch_day_of_week_operator.py
[2022-11-06T22:04:17.896-0300] {processor.py:756} INFO - Processing file /home/debian/etlhausz/venv/lib/python3.9/site-packages/airflow/example_dags/example_branch_day_of_week_operator.py for tasks to queue
[2022-11-06T22:04:17.897-0300] {logging_mixin.py:120} INFO - [2022-11-06T22:04:17.897-0300] {dagbag.py:537} INFO - Filling up the DagBag from /home/debian/etlhausz/venv/lib/python3.9/site-packages/airflow/example_dags/example_branch_day_of_week_operator.py
[2022-11-06T22:04:17.913-0300] {processor.py:766} INFO - DAG(s) dict_keys(['example_weekday_branch_operator']) retrieved from /home/debian/etlhausz/venv/lib/python3.9/site-packages/airflow/example_dags/example_branch_day_of_week_operator.py
[2022-11-06T22:04:17.961-0300] {logging_mixin.py:120} INFO - [2022-11-06T22:04:17.961-0300] {dag.py:2585} INFO - Sync 1 DAGs
[2022-11-06T22:04:17.986-0300] {logging_mixin.py:120} INFO - [2022-11-06T22:04:17.986-0300] {dag.py:3336} INFO - Setting next_dagrun for example_weekday_branch_operator to 2022-11-06T00:00:00+00:00, run_after=2022-11-07T00:00:00+00:00
[2022-11-06T22:04:18.008-0300] {processor.py:176} INFO - Processing /home/debian/etlhausz/venv/lib/python3.9/site-packages/airflow/example_dags/example_branch_day_of_week_operator.py took 0.116 seconds
[2022-11-06T22:04:50.310-0300] {processor.py:154} INFO - Started process (PID=8945) to work on /home/debian/etlhausz/venv/lib/python3.9/site-packages/airflow/example_dags/example_branch_day_of_week_operator.py
[2022-11-06T22:04:50.311-0300] {processor.py:756} INFO - Processing file /home/debian/etlhausz/venv/lib/python3.9/site-packages/airflow/example_dags/example_branch_day_of_week_operator.py for tasks to queue
[2022-11-06T22:04:50.312-0300] {logging_mixin.py:120} INFO - [2022-11-06T22:04:50.312-0300] {dagbag.py:537} INFO - Filling up the DagBag from /home/debian/etlhausz/venv/lib/python3.9/site-packages/airflow/example_dags/example_branch_day_of_week_operator.py
[2022-11-06T22:04:50.327-0300] {processor.py:766} INFO - DAG(s) dict_keys(['example_weekday_branch_operator']) retrieved from /home/debian/etlhausz/venv/lib/python3.9/site-packages/airflow/example_dags/example_branch_day_of_week_operator.py
[2022-11-06T22:04:50.373-0300] {logging_mixin.py:120} INFO - [2022-11-06T22:04:50.373-0300] {dag.py:2585} INFO - Sync 1 DAGs
[2022-11-06T22:04:50.399-0300] {logging_mixin.py:120} INFO - [2022-11-06T22:04:50.399-0300] {dag.py:3336} INFO - Setting next_dagrun for example_weekday_branch_operator to 2022-11-06T00:00:00+00:00, run_after=2022-11-07T00:00:00+00:00
[2022-11-06T22:04:50.422-0300] {processor.py:176} INFO - Processing /home/debian/etlhausz/venv/lib/python3.9/site-packages/airflow/example_dags/example_branch_day_of_week_operator.py took 0.114 seconds
[2022-11-06T22:05:31.763-0300] {processor.py:154} INFO - Started process (PID=9876) to work on /home/debian/etlhausz/venv/lib/python3.9/site-packages/airflow/example_dags/example_branch_day_of_week_operator.py
[2022-11-06T22:05:31.764-0300] {processor.py:756} INFO - Processing file /home/debian/etlhausz/venv/lib/python3.9/site-packages/airflow/example_dags/example_branch_day_of_week_operator.py for tasks to queue
[2022-11-06T22:05:31.765-0300] {logging_mixin.py:120} INFO - [2022-11-06T22:05:31.764-0300] {dagbag.py:537} INFO - Filling up the DagBag from /home/debian/etlhausz/venv/lib/python3.9/site-packages/airflow/example_dags/example_branch_day_of_week_operator.py
[2022-11-06T22:05:31.783-0300] {processor.py:766} INFO - DAG(s) dict_keys(['example_weekday_branch_operator']) retrieved from /home/debian/etlhausz/venv/lib/python3.9/site-packages/airflow/example_dags/example_branch_day_of_week_operator.py
[2022-11-06T22:05:31.833-0300] {logging_mixin.py:120} INFO - [2022-11-06T22:05:31.833-0300] {dag.py:2585} INFO - Sync 1 DAGs
[2022-11-06T22:05:31.863-0300] {logging_mixin.py:120} INFO - [2022-11-06T22:05:31.863-0300] {dag.py:3336} INFO - Setting next_dagrun for example_weekday_branch_operator to 2022-11-06T00:00:00+00:00, run_after=2022-11-07T00:00:00+00:00
[2022-11-06T22:05:31.885-0300] {processor.py:176} INFO - Processing /home/debian/etlhausz/venv/lib/python3.9/site-packages/airflow/example_dags/example_branch_day_of_week_operator.py took 0.127 seconds
[2022-11-06T22:06:02.739-0300] {processor.py:154} INFO - Started process (PID=10492) to work on /home/debian/etlhausz/venv/lib/python3.9/site-packages/airflow/example_dags/example_branch_day_of_week_operator.py
[2022-11-06T22:06:02.740-0300] {processor.py:756} INFO - Processing file /home/debian/etlhausz/venv/lib/python3.9/site-packages/airflow/example_dags/example_branch_day_of_week_operator.py for tasks to queue
[2022-11-06T22:06:02.740-0300] {logging_mixin.py:120} INFO - [2022-11-06T22:06:02.740-0300] {dagbag.py:537} INFO - Filling up the DagBag from /home/debian/etlhausz/venv/lib/python3.9/site-packages/airflow/example_dags/example_branch_day_of_week_operator.py
[2022-11-06T22:06:02.755-0300] {processor.py:766} INFO - DAG(s) dict_keys(['example_weekday_branch_operator']) retrieved from /home/debian/etlhausz/venv/lib/python3.9/site-packages/airflow/example_dags/example_branch_day_of_week_operator.py
[2022-11-06T22:06:02.826-0300] {logging_mixin.py:120} INFO - [2022-11-06T22:06:02.826-0300] {dag.py:2585} INFO - Sync 1 DAGs
[2022-11-06T22:06:02.901-0300] {logging_mixin.py:120} INFO - [2022-11-06T22:06:02.901-0300] {dag.py:3336} INFO - Setting next_dagrun for example_weekday_branch_operator to 2022-11-06T00:00:00+00:00, run_after=2022-11-07T00:00:00+00:00
[2022-11-06T22:06:02.997-0300] {processor.py:176} INFO - Processing /home/debian/etlhausz/venv/lib/python3.9/site-packages/airflow/example_dags/example_branch_day_of_week_operator.py took 0.262 seconds
[2022-11-06T22:06:33.780-0300] {processor.py:154} INFO - Started process (PID=11090) to work on /home/debian/etlhausz/venv/lib/python3.9/site-packages/airflow/example_dags/example_branch_day_of_week_operator.py
[2022-11-06T22:06:33.781-0300] {processor.py:756} INFO - Processing file /home/debian/etlhausz/venv/lib/python3.9/site-packages/airflow/example_dags/example_branch_day_of_week_operator.py for tasks to queue
[2022-11-06T22:06:33.782-0300] {logging_mixin.py:120} INFO - [2022-11-06T22:06:33.782-0300] {dagbag.py:537} INFO - Filling up the DagBag from /home/debian/etlhausz/venv/lib/python3.9/site-packages/airflow/example_dags/example_branch_day_of_week_operator.py
[2022-11-06T22:06:33.795-0300] {processor.py:766} INFO - DAG(s) dict_keys(['example_weekday_branch_operator']) retrieved from /home/debian/etlhausz/venv/lib/python3.9/site-packages/airflow/example_dags/example_branch_day_of_week_operator.py
[2022-11-06T22:06:33.841-0300] {logging_mixin.py:120} INFO - [2022-11-06T22:06:33.841-0300] {dag.py:2585} INFO - Sync 1 DAGs
[2022-11-06T22:06:33.863-0300] {logging_mixin.py:120} INFO - [2022-11-06T22:06:33.863-0300] {dag.py:3336} INFO - Setting next_dagrun for example_weekday_branch_operator to 2022-11-06T00:00:00+00:00, run_after=2022-11-07T00:00:00+00:00
[2022-11-06T22:06:33.886-0300] {processor.py:176} INFO - Processing /home/debian/etlhausz/venv/lib/python3.9/site-packages/airflow/example_dags/example_branch_day_of_week_operator.py took 0.109 seconds
[2022-11-06T22:07:04.353-0300] {processor.py:154} INFO - Started process (PID=11641) to work on /home/debian/etlhausz/venv/lib/python3.9/site-packages/airflow/example_dags/example_branch_day_of_week_operator.py
[2022-11-06T22:07:04.355-0300] {processor.py:756} INFO - Processing file /home/debian/etlhausz/venv/lib/python3.9/site-packages/airflow/example_dags/example_branch_day_of_week_operator.py for tasks to queue
[2022-11-06T22:07:04.355-0300] {logging_mixin.py:120} INFO - [2022-11-06T22:07:04.355-0300] {dagbag.py:537} INFO - Filling up the DagBag from /home/debian/etlhausz/venv/lib/python3.9/site-packages/airflow/example_dags/example_branch_day_of_week_operator.py
[2022-11-06T22:07:04.375-0300] {processor.py:766} INFO - DAG(s) dict_keys(['example_weekday_branch_operator']) retrieved from /home/debian/etlhausz/venv/lib/python3.9/site-packages/airflow/example_dags/example_branch_day_of_week_operator.py
[2022-11-06T22:07:04.428-0300] {logging_mixin.py:120} INFO - [2022-11-06T22:07:04.428-0300] {dag.py:2585} INFO - Sync 1 DAGs
[2022-11-06T22:07:04.457-0300] {logging_mixin.py:120} INFO - [2022-11-06T22:07:04.457-0300] {dag.py:3336} INFO - Setting next_dagrun for example_weekday_branch_operator to 2022-11-06T00:00:00+00:00, run_after=2022-11-07T00:00:00+00:00
[2022-11-06T22:07:04.471-0300] {processor.py:176} INFO - Processing /home/debian/etlhausz/venv/lib/python3.9/site-packages/airflow/example_dags/example_branch_day_of_week_operator.py took 0.124 seconds
[2022-11-06T22:07:38.769-0300] {processor.py:154} INFO - Started process (PID=12334) to work on /home/debian/etlhausz/venv/lib/python3.9/site-packages/airflow/example_dags/example_branch_day_of_week_operator.py
[2022-11-06T22:07:38.774-0300] {processor.py:756} INFO - Processing file /home/debian/etlhausz/venv/lib/python3.9/site-packages/airflow/example_dags/example_branch_day_of_week_operator.py for tasks to queue
[2022-11-06T22:07:38.776-0300] {logging_mixin.py:120} INFO - [2022-11-06T22:07:38.775-0300] {dagbag.py:537} INFO - Filling up the DagBag from /home/debian/etlhausz/venv/lib/python3.9/site-packages/airflow/example_dags/example_branch_day_of_week_operator.py
[2022-11-06T22:07:38.815-0300] {processor.py:766} INFO - DAG(s) dict_keys(['example_weekday_branch_operator']) retrieved from /home/debian/etlhausz/venv/lib/python3.9/site-packages/airflow/example_dags/example_branch_day_of_week_operator.py
[2022-11-06T22:07:38.939-0300] {logging_mixin.py:120} INFO - [2022-11-06T22:07:38.935-0300] {dag.py:2585} INFO - Sync 1 DAGs
[2022-11-06T22:07:39.085-0300] {logging_mixin.py:120} INFO - [2022-11-06T22:07:39.085-0300] {dag.py:3336} INFO - Setting next_dagrun for example_weekday_branch_operator to 2022-11-06T00:00:00+00:00, run_after=2022-11-07T00:00:00+00:00
[2022-11-06T22:07:39.142-0300] {processor.py:176} INFO - Processing /home/debian/etlhausz/venv/lib/python3.9/site-packages/airflow/example_dags/example_branch_day_of_week_operator.py took 0.378 seconds
[2022-11-06T22:08:09.382-0300] {processor.py:154} INFO - Started process (PID=13065) to work on /home/debian/etlhausz/venv/lib/python3.9/site-packages/airflow/example_dags/example_branch_day_of_week_operator.py
[2022-11-06T22:08:09.383-0300] {processor.py:756} INFO - Processing file /home/debian/etlhausz/venv/lib/python3.9/site-packages/airflow/example_dags/example_branch_day_of_week_operator.py for tasks to queue
[2022-11-06T22:08:09.383-0300] {logging_mixin.py:120} INFO - [2022-11-06T22:08:09.383-0300] {dagbag.py:537} INFO - Filling up the DagBag from /home/debian/etlhausz/venv/lib/python3.9/site-packages/airflow/example_dags/example_branch_day_of_week_operator.py
[2022-11-06T22:08:09.399-0300] {processor.py:766} INFO - DAG(s) dict_keys(['example_weekday_branch_operator']) retrieved from /home/debian/etlhausz/venv/lib/python3.9/site-packages/airflow/example_dags/example_branch_day_of_week_operator.py
[2022-11-06T22:08:09.442-0300] {logging_mixin.py:120} INFO - [2022-11-06T22:08:09.442-0300] {dag.py:2585} INFO - Sync 1 DAGs
[2022-11-06T22:08:09.464-0300] {logging_mixin.py:120} INFO - [2022-11-06T22:08:09.464-0300] {dag.py:3336} INFO - Setting next_dagrun for example_weekday_branch_operator to 2022-11-06T00:00:00+00:00, run_after=2022-11-07T00:00:00+00:00
[2022-11-06T22:08:09.486-0300] {processor.py:176} INFO - Processing /home/debian/etlhausz/venv/lib/python3.9/site-packages/airflow/example_dags/example_branch_day_of_week_operator.py took 0.107 seconds
[2022-11-06T22:08:40.907-0300] {processor.py:154} INFO - Started process (PID=13745) to work on /home/debian/etlhausz/venv/lib/python3.9/site-packages/airflow/example_dags/example_branch_day_of_week_operator.py
[2022-11-06T22:08:40.909-0300] {processor.py:756} INFO - Processing file /home/debian/etlhausz/venv/lib/python3.9/site-packages/airflow/example_dags/example_branch_day_of_week_operator.py for tasks to queue
[2022-11-06T22:08:40.909-0300] {logging_mixin.py:120} INFO - [2022-11-06T22:08:40.909-0300] {dagbag.py:537} INFO - Filling up the DagBag from /home/debian/etlhausz/venv/lib/python3.9/site-packages/airflow/example_dags/example_branch_day_of_week_operator.py
[2022-11-06T22:08:40.927-0300] {processor.py:766} INFO - DAG(s) dict_keys(['example_weekday_branch_operator']) retrieved from /home/debian/etlhausz/venv/lib/python3.9/site-packages/airflow/example_dags/example_branch_day_of_week_operator.py
[2022-11-06T22:08:40.980-0300] {logging_mixin.py:120} INFO - [2022-11-06T22:08:40.980-0300] {dag.py:2585} INFO - Sync 1 DAGs
[2022-11-06T22:08:41.008-0300] {logging_mixin.py:120} INFO - [2022-11-06T22:08:41.008-0300] {dag.py:3336} INFO - Setting next_dagrun for example_weekday_branch_operator to 2022-11-06T00:00:00+00:00, run_after=2022-11-07T00:00:00+00:00
[2022-11-06T22:08:41.033-0300] {processor.py:176} INFO - Processing /home/debian/etlhausz/venv/lib/python3.9/site-packages/airflow/example_dags/example_branch_day_of_week_operator.py took 0.129 seconds
[2022-11-06T22:09:13.552-0300] {processor.py:154} INFO - Started process (PID=14416) to work on /home/debian/etlhausz/venv/lib/python3.9/site-packages/airflow/example_dags/example_branch_day_of_week_operator.py
[2022-11-06T22:09:13.564-0300] {processor.py:756} INFO - Processing file /home/debian/etlhausz/venv/lib/python3.9/site-packages/airflow/example_dags/example_branch_day_of_week_operator.py for tasks to queue
[2022-11-06T22:09:13.568-0300] {logging_mixin.py:120} INFO - [2022-11-06T22:09:13.568-0300] {dagbag.py:537} INFO - Filling up the DagBag from /home/debian/etlhausz/venv/lib/python3.9/site-packages/airflow/example_dags/example_branch_day_of_week_operator.py
[2022-11-06T22:09:13.588-0300] {processor.py:766} INFO - DAG(s) dict_keys(['example_weekday_branch_operator']) retrieved from /home/debian/etlhausz/venv/lib/python3.9/site-packages/airflow/example_dags/example_branch_day_of_week_operator.py
[2022-11-06T22:09:13.651-0300] {logging_mixin.py:120} INFO - [2022-11-06T22:09:13.650-0300] {dag.py:2585} INFO - Sync 1 DAGs
[2022-11-06T22:09:13.681-0300] {logging_mixin.py:120} INFO - [2022-11-06T22:09:13.681-0300] {dag.py:3336} INFO - Setting next_dagrun for example_weekday_branch_operator to 2022-11-06T00:00:00+00:00, run_after=2022-11-07T00:00:00+00:00
[2022-11-06T22:09:13.735-0300] {processor.py:176} INFO - Processing /home/debian/etlhausz/venv/lib/python3.9/site-packages/airflow/example_dags/example_branch_day_of_week_operator.py took 0.186 seconds
[2022-11-06T22:09:46.031-0300] {processor.py:154} INFO - Started process (PID=15038) to work on /home/debian/etlhausz/venv/lib/python3.9/site-packages/airflow/example_dags/example_branch_day_of_week_operator.py
[2022-11-06T22:09:46.032-0300] {processor.py:756} INFO - Processing file /home/debian/etlhausz/venv/lib/python3.9/site-packages/airflow/example_dags/example_branch_day_of_week_operator.py for tasks to queue
[2022-11-06T22:09:46.033-0300] {logging_mixin.py:120} INFO - [2022-11-06T22:09:46.032-0300] {dagbag.py:537} INFO - Filling up the DagBag from /home/debian/etlhausz/venv/lib/python3.9/site-packages/airflow/example_dags/example_branch_day_of_week_operator.py
[2022-11-06T22:09:46.048-0300] {processor.py:766} INFO - DAG(s) dict_keys(['example_weekday_branch_operator']) retrieved from /home/debian/etlhausz/venv/lib/python3.9/site-packages/airflow/example_dags/example_branch_day_of_week_operator.py
[2022-11-06T22:09:46.097-0300] {logging_mixin.py:120} INFO - [2022-11-06T22:09:46.097-0300] {dag.py:2585} INFO - Sync 1 DAGs
[2022-11-06T22:09:46.125-0300] {logging_mixin.py:120} INFO - [2022-11-06T22:09:46.125-0300] {dag.py:3336} INFO - Setting next_dagrun for example_weekday_branch_operator to 2022-11-06T00:00:00+00:00, run_after=2022-11-07T00:00:00+00:00
[2022-11-06T22:09:46.146-0300] {processor.py:176} INFO - Processing /home/debian/etlhausz/venv/lib/python3.9/site-packages/airflow/example_dags/example_branch_day_of_week_operator.py took 0.120 seconds
[2022-11-06T22:10:18.088-0300] {processor.py:154} INFO - Started process (PID=15641) to work on /home/debian/etlhausz/venv/lib/python3.9/site-packages/airflow/example_dags/example_branch_day_of_week_operator.py
[2022-11-06T22:10:18.093-0300] {processor.py:756} INFO - Processing file /home/debian/etlhausz/venv/lib/python3.9/site-packages/airflow/example_dags/example_branch_day_of_week_operator.py for tasks to queue
[2022-11-06T22:10:18.094-0300] {logging_mixin.py:120} INFO - [2022-11-06T22:10:18.094-0300] {dagbag.py:537} INFO - Filling up the DagBag from /home/debian/etlhausz/venv/lib/python3.9/site-packages/airflow/example_dags/example_branch_day_of_week_operator.py
[2022-11-06T22:10:18.111-0300] {processor.py:766} INFO - DAG(s) dict_keys(['example_weekday_branch_operator']) retrieved from /home/debian/etlhausz/venv/lib/python3.9/site-packages/airflow/example_dags/example_branch_day_of_week_operator.py
[2022-11-06T22:10:18.163-0300] {logging_mixin.py:120} INFO - [2022-11-06T22:10:18.163-0300] {dag.py:2585} INFO - Sync 1 DAGs
[2022-11-06T22:10:18.201-0300] {logging_mixin.py:120} INFO - [2022-11-06T22:10:18.201-0300] {dag.py:3336} INFO - Setting next_dagrun for example_weekday_branch_operator to 2022-11-06T00:00:00+00:00, run_after=2022-11-07T00:00:00+00:00
[2022-11-06T22:10:18.218-0300] {processor.py:176} INFO - Processing /home/debian/etlhausz/venv/lib/python3.9/site-packages/airflow/example_dags/example_branch_day_of_week_operator.py took 0.137 seconds
[2022-11-06T22:10:49.877-0300] {processor.py:154} INFO - Started process (PID=16268) to work on /home/debian/etlhausz/venv/lib/python3.9/site-packages/airflow/example_dags/example_branch_day_of_week_operator.py
[2022-11-06T22:10:49.879-0300] {processor.py:756} INFO - Processing file /home/debian/etlhausz/venv/lib/python3.9/site-packages/airflow/example_dags/example_branch_day_of_week_operator.py for tasks to queue
[2022-11-06T22:10:49.879-0300] {logging_mixin.py:120} INFO - [2022-11-06T22:10:49.879-0300] {dagbag.py:537} INFO - Filling up the DagBag from /home/debian/etlhausz/venv/lib/python3.9/site-packages/airflow/example_dags/example_branch_day_of_week_operator.py
[2022-11-06T22:10:49.895-0300] {processor.py:766} INFO - DAG(s) dict_keys(['example_weekday_branch_operator']) retrieved from /home/debian/etlhausz/venv/lib/python3.9/site-packages/airflow/example_dags/example_branch_day_of_week_operator.py
[2022-11-06T22:10:49.960-0300] {logging_mixin.py:120} INFO - [2022-11-06T22:10:49.960-0300] {dag.py:2585} INFO - Sync 1 DAGs
[2022-11-06T22:10:50.029-0300] {logging_mixin.py:120} INFO - [2022-11-06T22:10:50.024-0300] {dag.py:3336} INFO - Setting next_dagrun for example_weekday_branch_operator to 2022-11-06T00:00:00+00:00, run_after=2022-11-07T00:00:00+00:00
[2022-11-06T22:10:50.079-0300] {processor.py:176} INFO - Processing /home/debian/etlhausz/venv/lib/python3.9/site-packages/airflow/example_dags/example_branch_day_of_week_operator.py took 0.204 seconds
[2022-11-06T22:11:23.623-0300] {processor.py:154} INFO - Started process (PID=16856) to work on /home/debian/etlhausz/venv/lib/python3.9/site-packages/airflow/example_dags/example_branch_day_of_week_operator.py
[2022-11-06T22:11:23.624-0300] {processor.py:756} INFO - Processing file /home/debian/etlhausz/venv/lib/python3.9/site-packages/airflow/example_dags/example_branch_day_of_week_operator.py for tasks to queue
[2022-11-06T22:11:23.624-0300] {logging_mixin.py:120} INFO - [2022-11-06T22:11:23.624-0300] {dagbag.py:537} INFO - Filling up the DagBag from /home/debian/etlhausz/venv/lib/python3.9/site-packages/airflow/example_dags/example_branch_day_of_week_operator.py
[2022-11-06T22:11:23.641-0300] {processor.py:766} INFO - DAG(s) dict_keys(['example_weekday_branch_operator']) retrieved from /home/debian/etlhausz/venv/lib/python3.9/site-packages/airflow/example_dags/example_branch_day_of_week_operator.py
[2022-11-06T22:11:23.689-0300] {logging_mixin.py:120} INFO - [2022-11-06T22:11:23.689-0300] {dag.py:2585} INFO - Sync 1 DAGs
[2022-11-06T22:11:23.712-0300] {logging_mixin.py:120} INFO - [2022-11-06T22:11:23.712-0300] {dag.py:3336} INFO - Setting next_dagrun for example_weekday_branch_operator to 2022-11-06T00:00:00+00:00, run_after=2022-11-07T00:00:00+00:00
[2022-11-06T22:11:23.836-0300] {processor.py:176} INFO - Processing /home/debian/etlhausz/venv/lib/python3.9/site-packages/airflow/example_dags/example_branch_day_of_week_operator.py took 0.216 seconds
[2022-11-06T22:11:59.936-0300] {processor.py:154} INFO - Started process (PID=17420) to work on /home/debian/etlhausz/venv/lib/python3.9/site-packages/airflow/example_dags/example_branch_day_of_week_operator.py
[2022-11-06T22:11:59.946-0300] {processor.py:756} INFO - Processing file /home/debian/etlhausz/venv/lib/python3.9/site-packages/airflow/example_dags/example_branch_day_of_week_operator.py for tasks to queue
[2022-11-06T22:11:59.948-0300] {logging_mixin.py:120} INFO - [2022-11-06T22:11:59.948-0300] {dagbag.py:537} INFO - Filling up the DagBag from /home/debian/etlhausz/venv/lib/python3.9/site-packages/airflow/example_dags/example_branch_day_of_week_operator.py
[2022-11-06T22:11:59.988-0300] {processor.py:766} INFO - DAG(s) dict_keys(['example_weekday_branch_operator']) retrieved from /home/debian/etlhausz/venv/lib/python3.9/site-packages/airflow/example_dags/example_branch_day_of_week_operator.py
[2022-11-06T22:12:00.259-0300] {logging_mixin.py:120} INFO - [2022-11-06T22:12:00.255-0300] {dag.py:2585} INFO - Sync 1 DAGs
[2022-11-06T22:12:00.822-0300] {logging_mixin.py:120} INFO - [2022-11-06T22:12:00.822-0300] {dag.py:3336} INFO - Setting next_dagrun for example_weekday_branch_operator to 2022-11-06T00:00:00+00:00, run_after=2022-11-07T00:00:00+00:00
[2022-11-06T22:12:00.974-0300] {processor.py:176} INFO - Processing /home/debian/etlhausz/venv/lib/python3.9/site-packages/airflow/example_dags/example_branch_day_of_week_operator.py took 1.045 seconds
[2022-11-06T22:12:31.237-0300] {processor.py:154} INFO - Started process (PID=18023) to work on /home/debian/etlhausz/venv/lib/python3.9/site-packages/airflow/example_dags/example_branch_day_of_week_operator.py
[2022-11-06T22:12:31.246-0300] {processor.py:756} INFO - Processing file /home/debian/etlhausz/venv/lib/python3.9/site-packages/airflow/example_dags/example_branch_day_of_week_operator.py for tasks to queue
[2022-11-06T22:12:31.247-0300] {logging_mixin.py:120} INFO - [2022-11-06T22:12:31.247-0300] {dagbag.py:537} INFO - Filling up the DagBag from /home/debian/etlhausz/venv/lib/python3.9/site-packages/airflow/example_dags/example_branch_day_of_week_operator.py
[2022-11-06T22:12:31.272-0300] {processor.py:766} INFO - DAG(s) dict_keys(['example_weekday_branch_operator']) retrieved from /home/debian/etlhausz/venv/lib/python3.9/site-packages/airflow/example_dags/example_branch_day_of_week_operator.py
[2022-11-06T22:12:31.581-0300] {logging_mixin.py:120} INFO - [2022-11-06T22:12:31.581-0300] {dag.py:2585} INFO - Sync 1 DAGs
[2022-11-06T22:12:31.619-0300] {logging_mixin.py:120} INFO - [2022-11-06T22:12:31.619-0300] {dag.py:3336} INFO - Setting next_dagrun for example_weekday_branch_operator to 2022-11-06T00:00:00+00:00, run_after=2022-11-07T00:00:00+00:00
[2022-11-06T22:12:31.649-0300] {processor.py:176} INFO - Processing /home/debian/etlhausz/venv/lib/python3.9/site-packages/airflow/example_dags/example_branch_day_of_week_operator.py took 0.415 seconds
[2022-11-06T22:13:01.718-0300] {processor.py:154} INFO - Started process (PID=18644) to work on /home/debian/etlhausz/venv/lib/python3.9/site-packages/airflow/example_dags/example_branch_day_of_week_operator.py
[2022-11-06T22:13:01.719-0300] {processor.py:756} INFO - Processing file /home/debian/etlhausz/venv/lib/python3.9/site-packages/airflow/example_dags/example_branch_day_of_week_operator.py for tasks to queue
[2022-11-06T22:13:01.720-0300] {logging_mixin.py:120} INFO - [2022-11-06T22:13:01.720-0300] {dagbag.py:537} INFO - Filling up the DagBag from /home/debian/etlhausz/venv/lib/python3.9/site-packages/airflow/example_dags/example_branch_day_of_week_operator.py
[2022-11-06T22:13:01.735-0300] {processor.py:766} INFO - DAG(s) dict_keys(['example_weekday_branch_operator']) retrieved from /home/debian/etlhausz/venv/lib/python3.9/site-packages/airflow/example_dags/example_branch_day_of_week_operator.py
[2022-11-06T22:13:01.891-0300] {logging_mixin.py:120} INFO - [2022-11-06T22:13:01.891-0300] {dag.py:2585} INFO - Sync 1 DAGs
[2022-11-06T22:13:01.915-0300] {logging_mixin.py:120} INFO - [2022-11-06T22:13:01.915-0300] {dag.py:3336} INFO - Setting next_dagrun for example_weekday_branch_operator to 2022-11-06T00:00:00+00:00, run_after=2022-11-07T00:00:00+00:00
[2022-11-06T22:13:01.937-0300] {processor.py:176} INFO - Processing /home/debian/etlhausz/venv/lib/python3.9/site-packages/airflow/example_dags/example_branch_day_of_week_operator.py took 0.222 seconds
[2022-11-06T22:13:33.751-0300] {processor.py:154} INFO - Started process (PID=19262) to work on /home/debian/etlhausz/venv/lib/python3.9/site-packages/airflow/example_dags/example_branch_day_of_week_operator.py
[2022-11-06T22:13:33.752-0300] {processor.py:756} INFO - Processing file /home/debian/etlhausz/venv/lib/python3.9/site-packages/airflow/example_dags/example_branch_day_of_week_operator.py for tasks to queue
[2022-11-06T22:13:33.752-0300] {logging_mixin.py:120} INFO - [2022-11-06T22:13:33.752-0300] {dagbag.py:537} INFO - Filling up the DagBag from /home/debian/etlhausz/venv/lib/python3.9/site-packages/airflow/example_dags/example_branch_day_of_week_operator.py
[2022-11-06T22:13:33.773-0300] {processor.py:766} INFO - DAG(s) dict_keys(['example_weekday_branch_operator']) retrieved from /home/debian/etlhausz/venv/lib/python3.9/site-packages/airflow/example_dags/example_branch_day_of_week_operator.py
[2022-11-06T22:13:33.817-0300] {logging_mixin.py:120} INFO - [2022-11-06T22:13:33.817-0300] {dag.py:2585} INFO - Sync 1 DAGs
[2022-11-06T22:13:33.850-0300] {logging_mixin.py:120} INFO - [2022-11-06T22:13:33.850-0300] {dag.py:3336} INFO - Setting next_dagrun for example_weekday_branch_operator to 2022-11-06T00:00:00+00:00, run_after=2022-11-07T00:00:00+00:00
[2022-11-06T22:13:33.984-0300] {processor.py:176} INFO - Processing /home/debian/etlhausz/venv/lib/python3.9/site-packages/airflow/example_dags/example_branch_day_of_week_operator.py took 0.236 seconds
[2022-11-06T22:14:05.302-0300] {processor.py:154} INFO - Started process (PID=19850) to work on /home/debian/etlhausz/venv/lib/python3.9/site-packages/airflow/example_dags/example_branch_day_of_week_operator.py
[2022-11-06T22:14:05.303-0300] {processor.py:756} INFO - Processing file /home/debian/etlhausz/venv/lib/python3.9/site-packages/airflow/example_dags/example_branch_day_of_week_operator.py for tasks to queue
[2022-11-06T22:14:05.304-0300] {logging_mixin.py:120} INFO - [2022-11-06T22:14:05.304-0300] {dagbag.py:537} INFO - Filling up the DagBag from /home/debian/etlhausz/venv/lib/python3.9/site-packages/airflow/example_dags/example_branch_day_of_week_operator.py
[2022-11-06T22:14:05.318-0300] {processor.py:766} INFO - DAG(s) dict_keys(['example_weekday_branch_operator']) retrieved from /home/debian/etlhausz/venv/lib/python3.9/site-packages/airflow/example_dags/example_branch_day_of_week_operator.py
[2022-11-06T22:14:05.409-0300] {logging_mixin.py:120} INFO - [2022-11-06T22:14:05.409-0300] {dag.py:2585} INFO - Sync 1 DAGs
[2022-11-06T22:14:05.556-0300] {logging_mixin.py:120} INFO - [2022-11-06T22:14:05.556-0300] {dag.py:3336} INFO - Setting next_dagrun for example_weekday_branch_operator to 2022-11-06T00:00:00+00:00, run_after=2022-11-07T00:00:00+00:00
[2022-11-06T22:14:05.588-0300] {processor.py:176} INFO - Processing /home/debian/etlhausz/venv/lib/python3.9/site-packages/airflow/example_dags/example_branch_day_of_week_operator.py took 0.290 seconds
[2022-11-06T22:14:38.100-0300] {processor.py:154} INFO - Started process (PID=20477) to work on /home/debian/etlhausz/venv/lib/python3.9/site-packages/airflow/example_dags/example_branch_day_of_week_operator.py
[2022-11-06T22:14:38.102-0300] {processor.py:756} INFO - Processing file /home/debian/etlhausz/venv/lib/python3.9/site-packages/airflow/example_dags/example_branch_day_of_week_operator.py for tasks to queue
[2022-11-06T22:14:38.103-0300] {logging_mixin.py:120} INFO - [2022-11-06T22:14:38.102-0300] {dagbag.py:537} INFO - Filling up the DagBag from /home/debian/etlhausz/venv/lib/python3.9/site-packages/airflow/example_dags/example_branch_day_of_week_operator.py
[2022-11-06T22:14:38.115-0300] {processor.py:766} INFO - DAG(s) dict_keys(['example_weekday_branch_operator']) retrieved from /home/debian/etlhausz/venv/lib/python3.9/site-packages/airflow/example_dags/example_branch_day_of_week_operator.py
[2022-11-06T22:14:38.304-0300] {logging_mixin.py:120} INFO - [2022-11-06T22:14:38.304-0300] {dag.py:2585} INFO - Sync 1 DAGs
[2022-11-06T22:14:38.332-0300] {logging_mixin.py:120} INFO - [2022-11-06T22:14:38.332-0300] {dag.py:3336} INFO - Setting next_dagrun for example_weekday_branch_operator to 2022-11-06T00:00:00+00:00, run_after=2022-11-07T00:00:00+00:00
[2022-11-06T22:14:38.376-0300] {processor.py:176} INFO - Processing /home/debian/etlhausz/venv/lib/python3.9/site-packages/airflow/example_dags/example_branch_day_of_week_operator.py took 0.279 seconds
[2022-11-06T22:15:09.874-0300] {processor.py:154} INFO - Started process (PID=21065) to work on /home/debian/etlhausz/venv/lib/python3.9/site-packages/airflow/example_dags/example_branch_day_of_week_operator.py
[2022-11-06T22:15:09.875-0300] {processor.py:756} INFO - Processing file /home/debian/etlhausz/venv/lib/python3.9/site-packages/airflow/example_dags/example_branch_day_of_week_operator.py for tasks to queue
[2022-11-06T22:15:09.876-0300] {logging_mixin.py:120} INFO - [2022-11-06T22:15:09.876-0300] {dagbag.py:537} INFO - Filling up the DagBag from /home/debian/etlhausz/venv/lib/python3.9/site-packages/airflow/example_dags/example_branch_day_of_week_operator.py
[2022-11-06T22:15:09.889-0300] {processor.py:766} INFO - DAG(s) dict_keys(['example_weekday_branch_operator']) retrieved from /home/debian/etlhausz/venv/lib/python3.9/site-packages/airflow/example_dags/example_branch_day_of_week_operator.py
[2022-11-06T22:15:10.017-0300] {logging_mixin.py:120} INFO - [2022-11-06T22:15:10.017-0300] {dag.py:2585} INFO - Sync 1 DAGs
[2022-11-06T22:15:10.033-0300] {logging_mixin.py:120} INFO - [2022-11-06T22:15:10.032-0300] {dag.py:3336} INFO - Setting next_dagrun for example_weekday_branch_operator to 2022-11-06T00:00:00+00:00, run_after=2022-11-07T00:00:00+00:00
[2022-11-06T22:15:10.046-0300] {processor.py:176} INFO - Processing /home/debian/etlhausz/venv/lib/python3.9/site-packages/airflow/example_dags/example_branch_day_of_week_operator.py took 0.174 seconds
[2022-11-06T22:15:42.300-0300] {processor.py:154} INFO - Started process (PID=21732) to work on /home/debian/etlhausz/venv/lib/python3.9/site-packages/airflow/example_dags/example_branch_day_of_week_operator.py
[2022-11-06T22:15:42.304-0300] {processor.py:756} INFO - Processing file /home/debian/etlhausz/venv/lib/python3.9/site-packages/airflow/example_dags/example_branch_day_of_week_operator.py for tasks to queue
[2022-11-06T22:15:42.304-0300] {logging_mixin.py:120} INFO - [2022-11-06T22:15:42.304-0300] {dagbag.py:537} INFO - Filling up the DagBag from /home/debian/etlhausz/venv/lib/python3.9/site-packages/airflow/example_dags/example_branch_day_of_week_operator.py
[2022-11-06T22:15:42.324-0300] {processor.py:766} INFO - DAG(s) dict_keys(['example_weekday_branch_operator']) retrieved from /home/debian/etlhausz/venv/lib/python3.9/site-packages/airflow/example_dags/example_branch_day_of_week_operator.py
[2022-11-06T22:15:42.388-0300] {logging_mixin.py:120} INFO - [2022-11-06T22:15:42.388-0300] {dag.py:2585} INFO - Sync 1 DAGs
[2022-11-06T22:15:42.564-0300] {logging_mixin.py:120} INFO - [2022-11-06T22:15:42.564-0300] {dag.py:3336} INFO - Setting next_dagrun for example_weekday_branch_operator to 2022-11-06T00:00:00+00:00, run_after=2022-11-07T00:00:00+00:00
[2022-11-06T22:15:42.595-0300] {processor.py:176} INFO - Processing /home/debian/etlhausz/venv/lib/python3.9/site-packages/airflow/example_dags/example_branch_day_of_week_operator.py took 0.301 seconds
[2022-11-06T22:16:14.920-0300] {processor.py:154} INFO - Started process (PID=22369) to work on /home/debian/etlhausz/venv/lib/python3.9/site-packages/airflow/example_dags/example_branch_day_of_week_operator.py
[2022-11-06T22:16:14.921-0300] {processor.py:756} INFO - Processing file /home/debian/etlhausz/venv/lib/python3.9/site-packages/airflow/example_dags/example_branch_day_of_week_operator.py for tasks to queue
[2022-11-06T22:16:14.932-0300] {logging_mixin.py:120} INFO - [2022-11-06T22:16:14.931-0300] {dagbag.py:537} INFO - Filling up the DagBag from /home/debian/etlhausz/venv/lib/python3.9/site-packages/airflow/example_dags/example_branch_day_of_week_operator.py
[2022-11-06T22:16:14.987-0300] {processor.py:766} INFO - DAG(s) dict_keys(['example_weekday_branch_operator']) retrieved from /home/debian/etlhausz/venv/lib/python3.9/site-packages/airflow/example_dags/example_branch_day_of_week_operator.py
[2022-11-06T22:16:15.128-0300] {logging_mixin.py:120} INFO - [2022-11-06T22:16:15.128-0300] {dag.py:2585} INFO - Sync 1 DAGs
[2022-11-06T22:16:15.149-0300] {logging_mixin.py:120} INFO - [2022-11-06T22:16:15.149-0300] {dag.py:3336} INFO - Setting next_dagrun for example_weekday_branch_operator to 2022-11-06T00:00:00+00:00, run_after=2022-11-07T00:00:00+00:00
[2022-11-06T22:16:15.171-0300] {processor.py:176} INFO - Processing /home/debian/etlhausz/venv/lib/python3.9/site-packages/airflow/example_dags/example_branch_day_of_week_operator.py took 0.254 seconds
[2022-11-06T22:16:48.278-0300] {processor.py:154} INFO - Started process (PID=22990) to work on /home/debian/etlhausz/venv/lib/python3.9/site-packages/airflow/example_dags/example_branch_day_of_week_operator.py
[2022-11-06T22:16:48.286-0300] {processor.py:756} INFO - Processing file /home/debian/etlhausz/venv/lib/python3.9/site-packages/airflow/example_dags/example_branch_day_of_week_operator.py for tasks to queue
[2022-11-06T22:16:48.287-0300] {logging_mixin.py:120} INFO - [2022-11-06T22:16:48.287-0300] {dagbag.py:537} INFO - Filling up the DagBag from /home/debian/etlhausz/venv/lib/python3.9/site-packages/airflow/example_dags/example_branch_day_of_week_operator.py
[2022-11-06T22:16:48.300-0300] {processor.py:766} INFO - DAG(s) dict_keys(['example_weekday_branch_operator']) retrieved from /home/debian/etlhausz/venv/lib/python3.9/site-packages/airflow/example_dags/example_branch_day_of_week_operator.py
[2022-11-06T22:16:48.552-0300] {logging_mixin.py:120} INFO - [2022-11-06T22:16:48.552-0300] {dag.py:2585} INFO - Sync 1 DAGs
[2022-11-06T22:16:48.584-0300] {logging_mixin.py:120} INFO - [2022-11-06T22:16:48.584-0300] {dag.py:3336} INFO - Setting next_dagrun for example_weekday_branch_operator to 2022-11-06T00:00:00+00:00, run_after=2022-11-07T00:00:00+00:00
[2022-11-06T22:16:48.598-0300] {processor.py:176} INFO - Processing /home/debian/etlhausz/venv/lib/python3.9/site-packages/airflow/example_dags/example_branch_day_of_week_operator.py took 0.343 seconds
[2022-11-06T22:17:19.603-0300] {processor.py:154} INFO - Started process (PID=23612) to work on /home/debian/etlhausz/venv/lib/python3.9/site-packages/airflow/example_dags/example_branch_day_of_week_operator.py
[2022-11-06T22:17:19.604-0300] {processor.py:756} INFO - Processing file /home/debian/etlhausz/venv/lib/python3.9/site-packages/airflow/example_dags/example_branch_day_of_week_operator.py for tasks to queue
[2022-11-06T22:17:19.605-0300] {logging_mixin.py:120} INFO - [2022-11-06T22:17:19.604-0300] {dagbag.py:537} INFO - Filling up the DagBag from /home/debian/etlhausz/venv/lib/python3.9/site-packages/airflow/example_dags/example_branch_day_of_week_operator.py
[2022-11-06T22:17:19.723-0300] {processor.py:766} INFO - DAG(s) dict_keys(['example_weekday_branch_operator']) retrieved from /home/debian/etlhausz/venv/lib/python3.9/site-packages/airflow/example_dags/example_branch_day_of_week_operator.py
[2022-11-06T22:17:19.768-0300] {logging_mixin.py:120} INFO - [2022-11-06T22:17:19.767-0300] {dag.py:2585} INFO - Sync 1 DAGs
[2022-11-06T22:17:19.800-0300] {logging_mixin.py:120} INFO - [2022-11-06T22:17:19.800-0300] {dag.py:3336} INFO - Setting next_dagrun for example_weekday_branch_operator to 2022-11-06T00:00:00+00:00, run_after=2022-11-07T00:00:00+00:00
[2022-11-06T22:17:19.838-0300] {processor.py:176} INFO - Processing /home/debian/etlhausz/venv/lib/python3.9/site-packages/airflow/example_dags/example_branch_day_of_week_operator.py took 0.239 seconds
[2022-11-06T22:17:51.223-0300] {processor.py:154} INFO - Started process (PID=24255) to work on /home/debian/etlhausz/venv/lib/python3.9/site-packages/airflow/example_dags/example_branch_day_of_week_operator.py
[2022-11-06T22:17:51.227-0300] {processor.py:756} INFO - Processing file /home/debian/etlhausz/venv/lib/python3.9/site-packages/airflow/example_dags/example_branch_day_of_week_operator.py for tasks to queue
[2022-11-06T22:17:51.227-0300] {logging_mixin.py:120} INFO - [2022-11-06T22:17:51.227-0300] {dagbag.py:537} INFO - Filling up the DagBag from /home/debian/etlhausz/venv/lib/python3.9/site-packages/airflow/example_dags/example_branch_day_of_week_operator.py
[2022-11-06T22:17:51.242-0300] {processor.py:766} INFO - DAG(s) dict_keys(['example_weekday_branch_operator']) retrieved from /home/debian/etlhausz/venv/lib/python3.9/site-packages/airflow/example_dags/example_branch_day_of_week_operator.py
[2022-11-06T22:17:51.285-0300] {logging_mixin.py:120} INFO - [2022-11-06T22:17:51.285-0300] {dag.py:2585} INFO - Sync 1 DAGs
[2022-11-06T22:17:51.404-0300] {logging_mixin.py:120} INFO - [2022-11-06T22:17:51.404-0300] {dag.py:3336} INFO - Setting next_dagrun for example_weekday_branch_operator to 2022-11-06T00:00:00+00:00, run_after=2022-11-07T00:00:00+00:00
[2022-11-06T22:17:51.420-0300] {processor.py:176} INFO - Processing /home/debian/etlhausz/venv/lib/python3.9/site-packages/airflow/example_dags/example_branch_day_of_week_operator.py took 0.200 seconds
[2022-11-06T22:18:22.490-0300] {processor.py:154} INFO - Started process (PID=24874) to work on /home/debian/etlhausz/venv/lib/python3.9/site-packages/airflow/example_dags/example_branch_day_of_week_operator.py
[2022-11-06T22:18:22.491-0300] {processor.py:756} INFO - Processing file /home/debian/etlhausz/venv/lib/python3.9/site-packages/airflow/example_dags/example_branch_day_of_week_operator.py for tasks to queue
[2022-11-06T22:18:22.492-0300] {logging_mixin.py:120} INFO - [2022-11-06T22:18:22.492-0300] {dagbag.py:537} INFO - Filling up the DagBag from /home/debian/etlhausz/venv/lib/python3.9/site-packages/airflow/example_dags/example_branch_day_of_week_operator.py
[2022-11-06T22:18:22.507-0300] {processor.py:766} INFO - DAG(s) dict_keys(['example_weekday_branch_operator']) retrieved from /home/debian/etlhausz/venv/lib/python3.9/site-packages/airflow/example_dags/example_branch_day_of_week_operator.py
[2022-11-06T22:18:22.659-0300] {logging_mixin.py:120} INFO - [2022-11-06T22:18:22.659-0300] {dag.py:2585} INFO - Sync 1 DAGs
[2022-11-06T22:18:22.684-0300] {logging_mixin.py:120} INFO - [2022-11-06T22:18:22.684-0300] {dag.py:3336} INFO - Setting next_dagrun for example_weekday_branch_operator to 2022-11-06T00:00:00+00:00, run_after=2022-11-07T00:00:00+00:00
[2022-11-06T22:18:22.706-0300] {processor.py:176} INFO - Processing /home/debian/etlhausz/venv/lib/python3.9/site-packages/airflow/example_dags/example_branch_day_of_week_operator.py took 0.219 seconds
[2022-11-06T22:18:57.313-0300] {processor.py:154} INFO - Started process (PID=25590) to work on /home/debian/etlhausz/venv/lib/python3.9/site-packages/airflow/example_dags/example_branch_day_of_week_operator.py
[2022-11-06T22:18:57.316-0300] {processor.py:756} INFO - Processing file /home/debian/etlhausz/venv/lib/python3.9/site-packages/airflow/example_dags/example_branch_day_of_week_operator.py for tasks to queue
[2022-11-06T22:18:57.317-0300] {logging_mixin.py:120} INFO - [2022-11-06T22:18:57.317-0300] {dagbag.py:537} INFO - Filling up the DagBag from /home/debian/etlhausz/venv/lib/python3.9/site-packages/airflow/example_dags/example_branch_day_of_week_operator.py
[2022-11-06T22:18:57.336-0300] {processor.py:766} INFO - DAG(s) dict_keys(['example_weekday_branch_operator']) retrieved from /home/debian/etlhausz/venv/lib/python3.9/site-packages/airflow/example_dags/example_branch_day_of_week_operator.py
[2022-11-06T22:18:57.530-0300] {logging_mixin.py:120} INFO - [2022-11-06T22:18:57.530-0300] {dag.py:2585} INFO - Sync 1 DAGs
[2022-11-06T22:18:57.567-0300] {logging_mixin.py:120} INFO - [2022-11-06T22:18:57.566-0300] {dag.py:3336} INFO - Setting next_dagrun for example_weekday_branch_operator to 2022-11-06T00:00:00+00:00, run_after=2022-11-07T00:00:00+00:00
[2022-11-06T22:18:57.606-0300] {processor.py:176} INFO - Processing /home/debian/etlhausz/venv/lib/python3.9/site-packages/airflow/example_dags/example_branch_day_of_week_operator.py took 0.296 seconds
[2022-11-06T22:19:20.322-0300] {processor.py:154} INFO - Started process (PID=26286) to work on /home/debian/etlhausz/venv/lib/python3.9/site-packages/airflow/example_dags/example_branch_day_of_week_operator.py
[2022-11-06T22:19:20.324-0300] {processor.py:756} INFO - Processing file /home/debian/etlhausz/venv/lib/python3.9/site-packages/airflow/example_dags/example_branch_day_of_week_operator.py for tasks to queue
[2022-11-06T22:19:20.324-0300] {logging_mixin.py:120} INFO - [2022-11-06T22:19:20.324-0300] {dagbag.py:537} INFO - Filling up the DagBag from /home/debian/etlhausz/venv/lib/python3.9/site-packages/airflow/example_dags/example_branch_day_of_week_operator.py
[2022-11-06T22:19:20.349-0300] {processor.py:766} INFO - DAG(s) dict_keys(['example_weekday_branch_operator']) retrieved from /home/debian/etlhausz/venv/lib/python3.9/site-packages/airflow/example_dags/example_branch_day_of_week_operator.py
[2022-11-06T22:19:20.427-0300] {logging_mixin.py:120} INFO - [2022-11-06T22:19:20.427-0300] {dag.py:2585} INFO - Sync 1 DAGs
[2022-11-06T22:19:20.518-0300] {logging_mixin.py:120} INFO - [2022-11-06T22:19:20.518-0300] {dag.py:3336} INFO - Setting next_dagrun for example_weekday_branch_operator to 2022-11-06T00:00:00+00:00, run_after=2022-11-07T00:00:00+00:00
[2022-11-06T22:19:20.548-0300] {processor.py:176} INFO - Processing /home/debian/etlhausz/venv/lib/python3.9/site-packages/airflow/example_dags/example_branch_day_of_week_operator.py took 0.234 seconds
[2022-11-06T22:19:51.309-0300] {processor.py:154} INFO - Started process (PID=26876) to work on /home/debian/etlhausz/venv/lib/python3.9/site-packages/airflow/example_dags/example_branch_day_of_week_operator.py
[2022-11-06T22:19:51.310-0300] {processor.py:756} INFO - Processing file /home/debian/etlhausz/venv/lib/python3.9/site-packages/airflow/example_dags/example_branch_day_of_week_operator.py for tasks to queue
[2022-11-06T22:19:51.311-0300] {logging_mixin.py:120} INFO - [2022-11-06T22:19:51.311-0300] {dagbag.py:537} INFO - Filling up the DagBag from /home/debian/etlhausz/venv/lib/python3.9/site-packages/airflow/example_dags/example_branch_day_of_week_operator.py
[2022-11-06T22:19:51.339-0300] {processor.py:766} INFO - DAG(s) dict_keys(['example_weekday_branch_operator']) retrieved from /home/debian/etlhausz/venv/lib/python3.9/site-packages/airflow/example_dags/example_branch_day_of_week_operator.py
[2022-11-06T22:19:51.397-0300] {logging_mixin.py:120} INFO - [2022-11-06T22:19:51.396-0300] {dag.py:2585} INFO - Sync 1 DAGs
[2022-11-06T22:19:51.425-0300] {logging_mixin.py:120} INFO - [2022-11-06T22:19:51.425-0300] {dag.py:3336} INFO - Setting next_dagrun for example_weekday_branch_operator to 2022-11-06T00:00:00+00:00, run_after=2022-11-07T00:00:00+00:00
[2022-11-06T22:19:51.451-0300] {processor.py:176} INFO - Processing /home/debian/etlhausz/venv/lib/python3.9/site-packages/airflow/example_dags/example_branch_day_of_week_operator.py took 0.146 seconds
[2022-11-06T22:20:22.727-0300] {processor.py:154} INFO - Started process (PID=27646) to work on /home/debian/etlhausz/venv/lib/python3.9/site-packages/airflow/example_dags/example_branch_day_of_week_operator.py
[2022-11-06T22:20:22.727-0300] {processor.py:756} INFO - Processing file /home/debian/etlhausz/venv/lib/python3.9/site-packages/airflow/example_dags/example_branch_day_of_week_operator.py for tasks to queue
[2022-11-06T22:20:22.728-0300] {logging_mixin.py:120} INFO - [2022-11-06T22:20:22.728-0300] {dagbag.py:537} INFO - Filling up the DagBag from /home/debian/etlhausz/venv/lib/python3.9/site-packages/airflow/example_dags/example_branch_day_of_week_operator.py
[2022-11-06T22:20:22.745-0300] {processor.py:766} INFO - DAG(s) dict_keys(['example_weekday_branch_operator']) retrieved from /home/debian/etlhausz/venv/lib/python3.9/site-packages/airflow/example_dags/example_branch_day_of_week_operator.py
[2022-11-06T22:20:22.793-0300] {logging_mixin.py:120} INFO - [2022-11-06T22:20:22.793-0300] {dag.py:2585} INFO - Sync 1 DAGs
[2022-11-06T22:20:22.819-0300] {logging_mixin.py:120} INFO - [2022-11-06T22:20:22.818-0300] {dag.py:3336} INFO - Setting next_dagrun for example_weekday_branch_operator to 2022-11-06T00:00:00+00:00, run_after=2022-11-07T00:00:00+00:00
[2022-11-06T22:20:22.846-0300] {processor.py:176} INFO - Processing /home/debian/etlhausz/venv/lib/python3.9/site-packages/airflow/example_dags/example_branch_day_of_week_operator.py took 0.127 seconds
[2022-11-06T22:20:54.887-0300] {processor.py:154} INFO - Started process (PID=28303) to work on /home/debian/etlhausz/venv/lib/python3.9/site-packages/airflow/example_dags/example_branch_day_of_week_operator.py
[2022-11-06T22:20:54.889-0300] {processor.py:756} INFO - Processing file /home/debian/etlhausz/venv/lib/python3.9/site-packages/airflow/example_dags/example_branch_day_of_week_operator.py for tasks to queue
[2022-11-06T22:20:54.891-0300] {logging_mixin.py:120} INFO - [2022-11-06T22:20:54.890-0300] {dagbag.py:537} INFO - Filling up the DagBag from /home/debian/etlhausz/venv/lib/python3.9/site-packages/airflow/example_dags/example_branch_day_of_week_operator.py
[2022-11-06T22:20:54.917-0300] {processor.py:766} INFO - DAG(s) dict_keys(['example_weekday_branch_operator']) retrieved from /home/debian/etlhausz/venv/lib/python3.9/site-packages/airflow/example_dags/example_branch_day_of_week_operator.py
[2022-11-06T22:20:54.980-0300] {logging_mixin.py:120} INFO - [2022-11-06T22:20:54.980-0300] {dag.py:2585} INFO - Sync 1 DAGs
[2022-11-06T22:20:55.018-0300] {logging_mixin.py:120} INFO - [2022-11-06T22:20:55.018-0300] {dag.py:3336} INFO - Setting next_dagrun for example_weekday_branch_operator to 2022-11-06T00:00:00+00:00, run_after=2022-11-07T00:00:00+00:00
[2022-11-06T22:20:55.056-0300] {processor.py:176} INFO - Processing /home/debian/etlhausz/venv/lib/python3.9/site-packages/airflow/example_dags/example_branch_day_of_week_operator.py took 0.187 seconds
[2022-11-06T22:21:28.797-0300] {processor.py:154} INFO - Started process (PID=28956) to work on /home/debian/etlhausz/venv/lib/python3.9/site-packages/airflow/example_dags/example_branch_day_of_week_operator.py
[2022-11-06T22:21:28.800-0300] {processor.py:756} INFO - Processing file /home/debian/etlhausz/venv/lib/python3.9/site-packages/airflow/example_dags/example_branch_day_of_week_operator.py for tasks to queue
[2022-11-06T22:21:28.803-0300] {logging_mixin.py:120} INFO - [2022-11-06T22:21:28.803-0300] {dagbag.py:537} INFO - Filling up the DagBag from /home/debian/etlhausz/venv/lib/python3.9/site-packages/airflow/example_dags/example_branch_day_of_week_operator.py
[2022-11-06T22:21:28.818-0300] {processor.py:766} INFO - DAG(s) dict_keys(['example_weekday_branch_operator']) retrieved from /home/debian/etlhausz/venv/lib/python3.9/site-packages/airflow/example_dags/example_branch_day_of_week_operator.py
[2022-11-06T22:21:28.877-0300] {logging_mixin.py:120} INFO - [2022-11-06T22:21:28.877-0300] {dag.py:2585} INFO - Sync 1 DAGs
[2022-11-06T22:21:28.910-0300] {logging_mixin.py:120} INFO - [2022-11-06T22:21:28.909-0300] {dag.py:3336} INFO - Setting next_dagrun for example_weekday_branch_operator to 2022-11-06T00:00:00+00:00, run_after=2022-11-07T00:00:00+00:00
[2022-11-06T22:21:28.943-0300] {processor.py:176} INFO - Processing /home/debian/etlhausz/venv/lib/python3.9/site-packages/airflow/example_dags/example_branch_day_of_week_operator.py took 0.148 seconds
[2022-11-06T22:22:01.504-0300] {processor.py:154} INFO - Started process (PID=29502) to work on /home/debian/etlhausz/venv/lib/python3.9/site-packages/airflow/example_dags/example_branch_day_of_week_operator.py
[2022-11-06T22:22:01.528-0300] {processor.py:756} INFO - Processing file /home/debian/etlhausz/venv/lib/python3.9/site-packages/airflow/example_dags/example_branch_day_of_week_operator.py for tasks to queue
[2022-11-06T22:22:01.529-0300] {logging_mixin.py:120} INFO - [2022-11-06T22:22:01.529-0300] {dagbag.py:537} INFO - Filling up the DagBag from /home/debian/etlhausz/venv/lib/python3.9/site-packages/airflow/example_dags/example_branch_day_of_week_operator.py
[2022-11-06T22:22:01.604-0300] {processor.py:766} INFO - DAG(s) dict_keys(['example_weekday_branch_operator']) retrieved from /home/debian/etlhausz/venv/lib/python3.9/site-packages/airflow/example_dags/example_branch_day_of_week_operator.py
[2022-11-06T22:22:01.766-0300] {logging_mixin.py:120} INFO - [2022-11-06T22:22:01.765-0300] {dag.py:2585} INFO - Sync 1 DAGs
[2022-11-06T22:22:01.861-0300] {logging_mixin.py:120} INFO - [2022-11-06T22:22:01.861-0300] {dag.py:3336} INFO - Setting next_dagrun for example_weekday_branch_operator to 2022-11-06T00:00:00+00:00, run_after=2022-11-07T00:00:00+00:00
[2022-11-06T22:22:01.984-0300] {processor.py:176} INFO - Processing /home/debian/etlhausz/venv/lib/python3.9/site-packages/airflow/example_dags/example_branch_day_of_week_operator.py took 0.491 seconds
[2022-11-06T22:22:32.346-0300] {processor.py:154} INFO - Started process (PID=30148) to work on /home/debian/etlhausz/venv/lib/python3.9/site-packages/airflow/example_dags/example_branch_day_of_week_operator.py
[2022-11-06T22:22:32.347-0300] {processor.py:756} INFO - Processing file /home/debian/etlhausz/venv/lib/python3.9/site-packages/airflow/example_dags/example_branch_day_of_week_operator.py for tasks to queue
[2022-11-06T22:22:32.348-0300] {logging_mixin.py:120} INFO - [2022-11-06T22:22:32.348-0300] {dagbag.py:537} INFO - Filling up the DagBag from /home/debian/etlhausz/venv/lib/python3.9/site-packages/airflow/example_dags/example_branch_day_of_week_operator.py
[2022-11-06T22:22:32.362-0300] {processor.py:766} INFO - DAG(s) dict_keys(['example_weekday_branch_operator']) retrieved from /home/debian/etlhausz/venv/lib/python3.9/site-packages/airflow/example_dags/example_branch_day_of_week_operator.py
[2022-11-06T22:22:32.404-0300] {logging_mixin.py:120} INFO - [2022-11-06T22:22:32.403-0300] {dag.py:2585} INFO - Sync 1 DAGs
[2022-11-06T22:22:32.436-0300] {logging_mixin.py:120} INFO - [2022-11-06T22:22:32.436-0300] {dag.py:3336} INFO - Setting next_dagrun for example_weekday_branch_operator to 2022-11-06T00:00:00+00:00, run_after=2022-11-07T00:00:00+00:00
[2022-11-06T22:22:32.456-0300] {processor.py:176} INFO - Processing /home/debian/etlhausz/venv/lib/python3.9/site-packages/airflow/example_dags/example_branch_day_of_week_operator.py took 0.113 seconds
[2022-11-06T22:23:09.752-0300] {processor.py:154} INFO - Started process (PID=30974) to work on /home/debian/etlhausz/venv/lib/python3.9/site-packages/airflow/example_dags/example_branch_day_of_week_operator.py
[2022-11-06T22:23:09.753-0300] {processor.py:756} INFO - Processing file /home/debian/etlhausz/venv/lib/python3.9/site-packages/airflow/example_dags/example_branch_day_of_week_operator.py for tasks to queue
[2022-11-06T22:23:09.754-0300] {logging_mixin.py:120} INFO - [2022-11-06T22:23:09.754-0300] {dagbag.py:537} INFO - Filling up the DagBag from /home/debian/etlhausz/venv/lib/python3.9/site-packages/airflow/example_dags/example_branch_day_of_week_operator.py
[2022-11-06T22:23:09.769-0300] {processor.py:766} INFO - DAG(s) dict_keys(['example_weekday_branch_operator']) retrieved from /home/debian/etlhausz/venv/lib/python3.9/site-packages/airflow/example_dags/example_branch_day_of_week_operator.py
[2022-11-06T22:23:09.829-0300] {logging_mixin.py:120} INFO - [2022-11-06T22:23:09.829-0300] {dag.py:2585} INFO - Sync 1 DAGs
[2022-11-06T22:23:09.859-0300] {logging_mixin.py:120} INFO - [2022-11-06T22:23:09.859-0300] {dag.py:3336} INFO - Setting next_dagrun for example_weekday_branch_operator to 2022-11-06T00:00:00+00:00, run_after=2022-11-07T00:00:00+00:00
[2022-11-06T22:23:09.901-0300] {processor.py:176} INFO - Processing /home/debian/etlhausz/venv/lib/python3.9/site-packages/airflow/example_dags/example_branch_day_of_week_operator.py took 0.152 seconds
[2022-11-06T22:23:41.587-0300] {processor.py:154} INFO - Started process (PID=31515) to work on /home/debian/etlhausz/venv/lib/python3.9/site-packages/airflow/example_dags/example_branch_day_of_week_operator.py
[2022-11-06T22:23:41.588-0300] {processor.py:756} INFO - Processing file /home/debian/etlhausz/venv/lib/python3.9/site-packages/airflow/example_dags/example_branch_day_of_week_operator.py for tasks to queue
[2022-11-06T22:23:41.589-0300] {logging_mixin.py:120} INFO - [2022-11-06T22:23:41.588-0300] {dagbag.py:537} INFO - Filling up the DagBag from /home/debian/etlhausz/venv/lib/python3.9/site-packages/airflow/example_dags/example_branch_day_of_week_operator.py
[2022-11-06T22:23:41.601-0300] {processor.py:766} INFO - DAG(s) dict_keys(['example_weekday_branch_operator']) retrieved from /home/debian/etlhausz/venv/lib/python3.9/site-packages/airflow/example_dags/example_branch_day_of_week_operator.py
[2022-11-06T22:23:41.647-0300] {logging_mixin.py:120} INFO - [2022-11-06T22:23:41.647-0300] {dag.py:2585} INFO - Sync 1 DAGs
[2022-11-06T22:23:41.681-0300] {logging_mixin.py:120} INFO - [2022-11-06T22:23:41.681-0300] {dag.py:3336} INFO - Setting next_dagrun for example_weekday_branch_operator to 2022-11-06T00:00:00+00:00, run_after=2022-11-07T00:00:00+00:00
[2022-11-06T22:23:41.711-0300] {processor.py:176} INFO - Processing /home/debian/etlhausz/venv/lib/python3.9/site-packages/airflow/example_dags/example_branch_day_of_week_operator.py took 0.127 seconds
[2022-11-06T22:24:13.164-0300] {processor.py:154} INFO - Started process (PID=32175) to work on /home/debian/etlhausz/venv/lib/python3.9/site-packages/airflow/example_dags/example_branch_day_of_week_operator.py
[2022-11-06T22:24:13.185-0300] {processor.py:756} INFO - Processing file /home/debian/etlhausz/venv/lib/python3.9/site-packages/airflow/example_dags/example_branch_day_of_week_operator.py for tasks to queue
[2022-11-06T22:24:13.188-0300] {logging_mixin.py:120} INFO - [2022-11-06T22:24:13.186-0300] {dagbag.py:537} INFO - Filling up the DagBag from /home/debian/etlhausz/venv/lib/python3.9/site-packages/airflow/example_dags/example_branch_day_of_week_operator.py
[2022-11-06T22:24:13.211-0300] {processor.py:766} INFO - DAG(s) dict_keys(['example_weekday_branch_operator']) retrieved from /home/debian/etlhausz/venv/lib/python3.9/site-packages/airflow/example_dags/example_branch_day_of_week_operator.py
[2022-11-06T22:24:13.415-0300] {logging_mixin.py:120} INFO - [2022-11-06T22:24:13.415-0300] {dag.py:2585} INFO - Sync 1 DAGs
[2022-11-06T22:24:13.472-0300] {logging_mixin.py:120} INFO - [2022-11-06T22:24:13.472-0300] {dag.py:3336} INFO - Setting next_dagrun for example_weekday_branch_operator to 2022-11-06T00:00:00+00:00, run_after=2022-11-07T00:00:00+00:00
[2022-11-06T22:24:13.499-0300] {processor.py:176} INFO - Processing /home/debian/etlhausz/venv/lib/python3.9/site-packages/airflow/example_dags/example_branch_day_of_week_operator.py took 0.343 seconds
[2022-11-06T22:24:43.734-0300] {processor.py:154} INFO - Started process (PID=32782) to work on /home/debian/etlhausz/venv/lib/python3.9/site-packages/airflow/example_dags/example_branch_day_of_week_operator.py
[2022-11-06T22:24:43.735-0300] {processor.py:756} INFO - Processing file /home/debian/etlhausz/venv/lib/python3.9/site-packages/airflow/example_dags/example_branch_day_of_week_operator.py for tasks to queue
[2022-11-06T22:24:43.735-0300] {logging_mixin.py:120} INFO - [2022-11-06T22:24:43.735-0300] {dagbag.py:537} INFO - Filling up the DagBag from /home/debian/etlhausz/venv/lib/python3.9/site-packages/airflow/example_dags/example_branch_day_of_week_operator.py
[2022-11-06T22:24:43.772-0300] {processor.py:766} INFO - DAG(s) dict_keys(['example_weekday_branch_operator']) retrieved from /home/debian/etlhausz/venv/lib/python3.9/site-packages/airflow/example_dags/example_branch_day_of_week_operator.py
[2022-11-06T22:24:43.831-0300] {logging_mixin.py:120} INFO - [2022-11-06T22:24:43.831-0300] {dag.py:2585} INFO - Sync 1 DAGs
[2022-11-06T22:24:43.851-0300] {logging_mixin.py:120} INFO - [2022-11-06T22:24:43.850-0300] {dag.py:3336} INFO - Setting next_dagrun for example_weekday_branch_operator to 2022-11-06T00:00:00+00:00, run_after=2022-11-07T00:00:00+00:00
[2022-11-06T22:24:43.885-0300] {processor.py:176} INFO - Processing /home/debian/etlhausz/venv/lib/python3.9/site-packages/airflow/example_dags/example_branch_day_of_week_operator.py took 0.163 seconds
[2022-11-06T22:25:15.393-0300] {processor.py:154} INFO - Started process (PID=33457) to work on /home/debian/etlhausz/venv/lib/python3.9/site-packages/airflow/example_dags/example_branch_day_of_week_operator.py
[2022-11-06T22:25:15.393-0300] {processor.py:756} INFO - Processing file /home/debian/etlhausz/venv/lib/python3.9/site-packages/airflow/example_dags/example_branch_day_of_week_operator.py for tasks to queue
[2022-11-06T22:25:15.395-0300] {logging_mixin.py:120} INFO - [2022-11-06T22:25:15.395-0300] {dagbag.py:537} INFO - Filling up the DagBag from /home/debian/etlhausz/venv/lib/python3.9/site-packages/airflow/example_dags/example_branch_day_of_week_operator.py
[2022-11-06T22:25:15.435-0300] {processor.py:766} INFO - DAG(s) dict_keys(['example_weekday_branch_operator']) retrieved from /home/debian/etlhausz/venv/lib/python3.9/site-packages/airflow/example_dags/example_branch_day_of_week_operator.py
[2022-11-06T22:25:15.581-0300] {logging_mixin.py:120} INFO - [2022-11-06T22:25:15.580-0300] {dag.py:2585} INFO - Sync 1 DAGs
[2022-11-06T22:25:15.644-0300] {logging_mixin.py:120} INFO - [2022-11-06T22:25:15.644-0300] {dag.py:3336} INFO - Setting next_dagrun for example_weekday_branch_operator to 2022-11-06T00:00:00+00:00, run_after=2022-11-07T00:00:00+00:00
[2022-11-06T22:25:15.693-0300] {processor.py:176} INFO - Processing /home/debian/etlhausz/venv/lib/python3.9/site-packages/airflow/example_dags/example_branch_day_of_week_operator.py took 0.328 seconds
[2022-11-06T22:25:45.945-0300] {processor.py:154} INFO - Started process (PID=33933) to work on /home/debian/etlhausz/venv/lib/python3.9/site-packages/airflow/example_dags/example_branch_day_of_week_operator.py
[2022-11-06T22:25:45.947-0300] {processor.py:756} INFO - Processing file /home/debian/etlhausz/venv/lib/python3.9/site-packages/airflow/example_dags/example_branch_day_of_week_operator.py for tasks to queue
[2022-11-06T22:25:45.948-0300] {logging_mixin.py:120} INFO - [2022-11-06T22:25:45.947-0300] {dagbag.py:537} INFO - Filling up the DagBag from /home/debian/etlhausz/venv/lib/python3.9/site-packages/airflow/example_dags/example_branch_day_of_week_operator.py
[2022-11-06T22:25:45.960-0300] {processor.py:766} INFO - DAG(s) dict_keys(['example_weekday_branch_operator']) retrieved from /home/debian/etlhausz/venv/lib/python3.9/site-packages/airflow/example_dags/example_branch_day_of_week_operator.py
[2022-11-06T22:25:46.003-0300] {logging_mixin.py:120} INFO - [2022-11-06T22:25:46.003-0300] {dag.py:2585} INFO - Sync 1 DAGs
[2022-11-06T22:25:46.111-0300] {logging_mixin.py:120} INFO - [2022-11-06T22:25:46.111-0300] {dag.py:3336} INFO - Setting next_dagrun for example_weekday_branch_operator to 2022-11-06T00:00:00+00:00, run_after=2022-11-07T00:00:00+00:00
[2022-11-06T22:25:46.132-0300] {processor.py:176} INFO - Processing /home/debian/etlhausz/venv/lib/python3.9/site-packages/airflow/example_dags/example_branch_day_of_week_operator.py took 0.189 seconds
[2022-11-06T22:26:16.228-0300] {processor.py:154} INFO - Started process (PID=34468) to work on /home/debian/etlhausz/venv/lib/python3.9/site-packages/airflow/example_dags/example_branch_day_of_week_operator.py
[2022-11-06T22:26:16.229-0300] {processor.py:756} INFO - Processing file /home/debian/etlhausz/venv/lib/python3.9/site-packages/airflow/example_dags/example_branch_day_of_week_operator.py for tasks to queue
[2022-11-06T22:26:16.229-0300] {logging_mixin.py:120} INFO - [2022-11-06T22:26:16.229-0300] {dagbag.py:537} INFO - Filling up the DagBag from /home/debian/etlhausz/venv/lib/python3.9/site-packages/airflow/example_dags/example_branch_day_of_week_operator.py
[2022-11-06T22:26:16.247-0300] {processor.py:766} INFO - DAG(s) dict_keys(['example_weekday_branch_operator']) retrieved from /home/debian/etlhausz/venv/lib/python3.9/site-packages/airflow/example_dags/example_branch_day_of_week_operator.py
[2022-11-06T22:26:16.295-0300] {logging_mixin.py:120} INFO - [2022-11-06T22:26:16.295-0300] {dag.py:2585} INFO - Sync 1 DAGs
[2022-11-06T22:26:16.397-0300] {logging_mixin.py:120} INFO - [2022-11-06T22:26:16.397-0300] {dag.py:3336} INFO - Setting next_dagrun for example_weekday_branch_operator to 2022-11-06T00:00:00+00:00, run_after=2022-11-07T00:00:00+00:00
[2022-11-06T22:26:16.416-0300] {processor.py:176} INFO - Processing /home/debian/etlhausz/venv/lib/python3.9/site-packages/airflow/example_dags/example_branch_day_of_week_operator.py took 0.192 seconds
[2022-11-06T22:26:47.268-0300] {processor.py:154} INFO - Started process (PID=35015) to work on /home/debian/etlhausz/venv/lib/python3.9/site-packages/airflow/example_dags/example_branch_day_of_week_operator.py
[2022-11-06T22:26:47.270-0300] {processor.py:756} INFO - Processing file /home/debian/etlhausz/venv/lib/python3.9/site-packages/airflow/example_dags/example_branch_day_of_week_operator.py for tasks to queue
[2022-11-06T22:26:47.270-0300] {logging_mixin.py:120} INFO - [2022-11-06T22:26:47.270-0300] {dagbag.py:537} INFO - Filling up the DagBag from /home/debian/etlhausz/venv/lib/python3.9/site-packages/airflow/example_dags/example_branch_day_of_week_operator.py
[2022-11-06T22:26:47.285-0300] {processor.py:766} INFO - DAG(s) dict_keys(['example_weekday_branch_operator']) retrieved from /home/debian/etlhausz/venv/lib/python3.9/site-packages/airflow/example_dags/example_branch_day_of_week_operator.py
[2022-11-06T22:26:47.418-0300] {logging_mixin.py:120} INFO - [2022-11-06T22:26:47.418-0300] {dag.py:2585} INFO - Sync 1 DAGs
[2022-11-06T22:26:47.434-0300] {logging_mixin.py:120} INFO - [2022-11-06T22:26:47.434-0300] {dag.py:3336} INFO - Setting next_dagrun for example_weekday_branch_operator to 2022-11-06T00:00:00+00:00, run_after=2022-11-07T00:00:00+00:00
[2022-11-06T22:26:47.452-0300] {processor.py:176} INFO - Processing /home/debian/etlhausz/venv/lib/python3.9/site-packages/airflow/example_dags/example_branch_day_of_week_operator.py took 0.187 seconds
[2022-11-06T22:27:18.624-0300] {processor.py:154} INFO - Started process (PID=35552) to work on /home/debian/etlhausz/venv/lib/python3.9/site-packages/airflow/example_dags/example_branch_day_of_week_operator.py
[2022-11-06T22:27:18.627-0300] {processor.py:756} INFO - Processing file /home/debian/etlhausz/venv/lib/python3.9/site-packages/airflow/example_dags/example_branch_day_of_week_operator.py for tasks to queue
[2022-11-06T22:27:18.629-0300] {logging_mixin.py:120} INFO - [2022-11-06T22:27:18.628-0300] {dagbag.py:537} INFO - Filling up the DagBag from /home/debian/etlhausz/venv/lib/python3.9/site-packages/airflow/example_dags/example_branch_day_of_week_operator.py
[2022-11-06T22:27:18.647-0300] {processor.py:766} INFO - DAG(s) dict_keys(['example_weekday_branch_operator']) retrieved from /home/debian/etlhausz/venv/lib/python3.9/site-packages/airflow/example_dags/example_branch_day_of_week_operator.py
[2022-11-06T22:27:18.695-0300] {logging_mixin.py:120} INFO - [2022-11-06T22:27:18.695-0300] {dag.py:2585} INFO - Sync 1 DAGs
[2022-11-06T22:27:18.717-0300] {logging_mixin.py:120} INFO - [2022-11-06T22:27:18.717-0300] {dag.py:3336} INFO - Setting next_dagrun for example_weekday_branch_operator to 2022-11-06T00:00:00+00:00, run_after=2022-11-07T00:00:00+00:00
[2022-11-06T22:27:18.735-0300] {processor.py:176} INFO - Processing /home/debian/etlhausz/venv/lib/python3.9/site-packages/airflow/example_dags/example_branch_day_of_week_operator.py took 0.114 seconds
[2022-11-06T22:27:50.221-0300] {processor.py:154} INFO - Started process (PID=36037) to work on /home/debian/etlhausz/venv/lib/python3.9/site-packages/airflow/example_dags/example_branch_day_of_week_operator.py
[2022-11-06T22:27:50.222-0300] {processor.py:756} INFO - Processing file /home/debian/etlhausz/venv/lib/python3.9/site-packages/airflow/example_dags/example_branch_day_of_week_operator.py for tasks to queue
[2022-11-06T22:27:50.223-0300] {logging_mixin.py:120} INFO - [2022-11-06T22:27:50.223-0300] {dagbag.py:537} INFO - Filling up the DagBag from /home/debian/etlhausz/venv/lib/python3.9/site-packages/airflow/example_dags/example_branch_day_of_week_operator.py
[2022-11-06T22:27:50.238-0300] {processor.py:766} INFO - DAG(s) dict_keys(['example_weekday_branch_operator']) retrieved from /home/debian/etlhausz/venv/lib/python3.9/site-packages/airflow/example_dags/example_branch_day_of_week_operator.py
[2022-11-06T22:27:50.284-0300] {logging_mixin.py:120} INFO - [2022-11-06T22:27:50.284-0300] {dag.py:2585} INFO - Sync 1 DAGs
[2022-11-06T22:27:50.434-0300] {logging_mixin.py:120} INFO - [2022-11-06T22:27:50.434-0300] {dag.py:3336} INFO - Setting next_dagrun for example_weekday_branch_operator to 2022-11-06T00:00:00+00:00, run_after=2022-11-07T00:00:00+00:00
[2022-11-06T22:27:50.456-0300] {processor.py:176} INFO - Processing /home/debian/etlhausz/venv/lib/python3.9/site-packages/airflow/example_dags/example_branch_day_of_week_operator.py took 0.238 seconds
[2022-11-06T22:28:21.121-0300] {processor.py:154} INFO - Started process (PID=36687) to work on /home/debian/etlhausz/venv/lib/python3.9/site-packages/airflow/example_dags/example_branch_day_of_week_operator.py
[2022-11-06T22:28:21.128-0300] {processor.py:756} INFO - Processing file /home/debian/etlhausz/venv/lib/python3.9/site-packages/airflow/example_dags/example_branch_day_of_week_operator.py for tasks to queue
[2022-11-06T22:28:21.129-0300] {logging_mixin.py:120} INFO - [2022-11-06T22:28:21.129-0300] {dagbag.py:537} INFO - Filling up the DagBag from /home/debian/etlhausz/venv/lib/python3.9/site-packages/airflow/example_dags/example_branch_day_of_week_operator.py
[2022-11-06T22:28:21.155-0300] {processor.py:766} INFO - DAG(s) dict_keys(['example_weekday_branch_operator']) retrieved from /home/debian/etlhausz/venv/lib/python3.9/site-packages/airflow/example_dags/example_branch_day_of_week_operator.py
[2022-11-06T22:28:21.449-0300] {logging_mixin.py:120} INFO - [2022-11-06T22:28:21.448-0300] {dag.py:2585} INFO - Sync 1 DAGs
[2022-11-06T22:28:21.707-0300] {logging_mixin.py:120} INFO - [2022-11-06T22:28:21.707-0300] {dag.py:3336} INFO - Setting next_dagrun for example_weekday_branch_operator to 2022-11-06T00:00:00+00:00, run_after=2022-11-07T00:00:00+00:00
[2022-11-06T22:28:21.731-0300] {processor.py:176} INFO - Processing /home/debian/etlhausz/venv/lib/python3.9/site-packages/airflow/example_dags/example_branch_day_of_week_operator.py took 0.631 seconds
[2022-11-06T22:28:51.798-0300] {processor.py:154} INFO - Started process (PID=37225) to work on /home/debian/etlhausz/venv/lib/python3.9/site-packages/airflow/example_dags/example_branch_day_of_week_operator.py
[2022-11-06T22:28:51.800-0300] {processor.py:756} INFO - Processing file /home/debian/etlhausz/venv/lib/python3.9/site-packages/airflow/example_dags/example_branch_day_of_week_operator.py for tasks to queue
[2022-11-06T22:28:51.800-0300] {logging_mixin.py:120} INFO - [2022-11-06T22:28:51.800-0300] {dagbag.py:537} INFO - Filling up the DagBag from /home/debian/etlhausz/venv/lib/python3.9/site-packages/airflow/example_dags/example_branch_day_of_week_operator.py
[2022-11-06T22:28:51.812-0300] {processor.py:766} INFO - DAG(s) dict_keys(['example_weekday_branch_operator']) retrieved from /home/debian/etlhausz/venv/lib/python3.9/site-packages/airflow/example_dags/example_branch_day_of_week_operator.py
[2022-11-06T22:28:51.935-0300] {logging_mixin.py:120} INFO - [2022-11-06T22:28:51.935-0300] {dag.py:2585} INFO - Sync 1 DAGs
[2022-11-06T22:28:51.950-0300] {logging_mixin.py:120} INFO - [2022-11-06T22:28:51.950-0300] {dag.py:3336} INFO - Setting next_dagrun for example_weekday_branch_operator to 2022-11-06T00:00:00+00:00, run_after=2022-11-07T00:00:00+00:00
[2022-11-06T22:28:51.964-0300] {processor.py:176} INFO - Processing /home/debian/etlhausz/venv/lib/python3.9/site-packages/airflow/example_dags/example_branch_day_of_week_operator.py took 0.169 seconds
[2022-11-06T22:29:22.807-0300] {processor.py:154} INFO - Started process (PID=37704) to work on /home/debian/etlhausz/venv/lib/python3.9/site-packages/airflow/example_dags/example_branch_day_of_week_operator.py
[2022-11-06T22:29:22.816-0300] {processor.py:756} INFO - Processing file /home/debian/etlhausz/venv/lib/python3.9/site-packages/airflow/example_dags/example_branch_day_of_week_operator.py for tasks to queue
[2022-11-06T22:29:22.820-0300] {logging_mixin.py:120} INFO - [2022-11-06T22:29:22.820-0300] {dagbag.py:537} INFO - Filling up the DagBag from /home/debian/etlhausz/venv/lib/python3.9/site-packages/airflow/example_dags/example_branch_day_of_week_operator.py
[2022-11-06T22:29:22.834-0300] {processor.py:766} INFO - DAG(s) dict_keys(['example_weekday_branch_operator']) retrieved from /home/debian/etlhausz/venv/lib/python3.9/site-packages/airflow/example_dags/example_branch_day_of_week_operator.py
[2022-11-06T22:29:22.884-0300] {logging_mixin.py:120} INFO - [2022-11-06T22:29:22.884-0300] {dag.py:2585} INFO - Sync 1 DAGs
[2022-11-06T22:29:22.903-0300] {logging_mixin.py:120} INFO - [2022-11-06T22:29:22.903-0300] {dag.py:3336} INFO - Setting next_dagrun for example_weekday_branch_operator to 2022-11-06T00:00:00+00:00, run_after=2022-11-07T00:00:00+00:00
[2022-11-06T22:29:23.031-0300] {processor.py:176} INFO - Processing /home/debian/etlhausz/venv/lib/python3.9/site-packages/airflow/example_dags/example_branch_day_of_week_operator.py took 0.234 seconds
[2022-11-06T22:29:53.336-0300] {processor.py:154} INFO - Started process (PID=38235) to work on /home/debian/etlhausz/venv/lib/python3.9/site-packages/airflow/example_dags/example_branch_day_of_week_operator.py
[2022-11-06T22:29:53.341-0300] {processor.py:756} INFO - Processing file /home/debian/etlhausz/venv/lib/python3.9/site-packages/airflow/example_dags/example_branch_day_of_week_operator.py for tasks to queue
[2022-11-06T22:29:53.343-0300] {logging_mixin.py:120} INFO - [2022-11-06T22:29:53.343-0300] {dagbag.py:537} INFO - Filling up the DagBag from /home/debian/etlhausz/venv/lib/python3.9/site-packages/airflow/example_dags/example_branch_day_of_week_operator.py
[2022-11-06T22:29:53.367-0300] {processor.py:766} INFO - DAG(s) dict_keys(['example_weekday_branch_operator']) retrieved from /home/debian/etlhausz/venv/lib/python3.9/site-packages/airflow/example_dags/example_branch_day_of_week_operator.py
[2022-11-06T22:29:53.492-0300] {logging_mixin.py:120} INFO - [2022-11-06T22:29:53.492-0300] {dag.py:2585} INFO - Sync 1 DAGs
[2022-11-06T22:29:53.723-0300] {logging_mixin.py:120} INFO - [2022-11-06T22:29:53.723-0300] {dag.py:3336} INFO - Setting next_dagrun for example_weekday_branch_operator to 2022-11-06T00:00:00+00:00, run_after=2022-11-07T00:00:00+00:00
[2022-11-06T22:29:53.736-0300] {processor.py:176} INFO - Processing /home/debian/etlhausz/venv/lib/python3.9/site-packages/airflow/example_dags/example_branch_day_of_week_operator.py took 0.404 seconds
[2022-11-06T22:30:24.227-0300] {processor.py:154} INFO - Started process (PID=38907) to work on /home/debian/etlhausz/venv/lib/python3.9/site-packages/airflow/example_dags/example_branch_day_of_week_operator.py
[2022-11-06T22:30:24.228-0300] {processor.py:756} INFO - Processing file /home/debian/etlhausz/venv/lib/python3.9/site-packages/airflow/example_dags/example_branch_day_of_week_operator.py for tasks to queue
[2022-11-06T22:30:24.229-0300] {logging_mixin.py:120} INFO - [2022-11-06T22:30:24.229-0300] {dagbag.py:537} INFO - Filling up the DagBag from /home/debian/etlhausz/venv/lib/python3.9/site-packages/airflow/example_dags/example_branch_day_of_week_operator.py
[2022-11-06T22:30:24.243-0300] {processor.py:766} INFO - DAG(s) dict_keys(['example_weekday_branch_operator']) retrieved from /home/debian/etlhausz/venv/lib/python3.9/site-packages/airflow/example_dags/example_branch_day_of_week_operator.py
[2022-11-06T22:30:24.381-0300] {logging_mixin.py:120} INFO - [2022-11-06T22:30:24.380-0300] {dag.py:2585} INFO - Sync 1 DAGs
[2022-11-06T22:30:24.402-0300] {logging_mixin.py:120} INFO - [2022-11-06T22:30:24.402-0300] {dag.py:3336} INFO - Setting next_dagrun for example_weekday_branch_operator to 2022-11-06T00:00:00+00:00, run_after=2022-11-07T00:00:00+00:00
[2022-11-06T22:30:24.422-0300] {processor.py:176} INFO - Processing /home/debian/etlhausz/venv/lib/python3.9/site-packages/airflow/example_dags/example_branch_day_of_week_operator.py took 0.197 seconds
[2022-11-06T22:30:55.168-0300] {processor.py:154} INFO - Started process (PID=39444) to work on /home/debian/etlhausz/venv/lib/python3.9/site-packages/airflow/example_dags/example_branch_day_of_week_operator.py
[2022-11-06T22:30:55.169-0300] {processor.py:756} INFO - Processing file /home/debian/etlhausz/venv/lib/python3.9/site-packages/airflow/example_dags/example_branch_day_of_week_operator.py for tasks to queue
[2022-11-06T22:30:55.170-0300] {logging_mixin.py:120} INFO - [2022-11-06T22:30:55.169-0300] {dagbag.py:537} INFO - Filling up the DagBag from /home/debian/etlhausz/venv/lib/python3.9/site-packages/airflow/example_dags/example_branch_day_of_week_operator.py
[2022-11-06T22:30:55.183-0300] {processor.py:766} INFO - DAG(s) dict_keys(['example_weekday_branch_operator']) retrieved from /home/debian/etlhausz/venv/lib/python3.9/site-packages/airflow/example_dags/example_branch_day_of_week_operator.py
[2022-11-06T22:30:55.348-0300] {logging_mixin.py:120} INFO - [2022-11-06T22:30:55.348-0300] {dag.py:2585} INFO - Sync 1 DAGs
[2022-11-06T22:30:55.368-0300] {logging_mixin.py:120} INFO - [2022-11-06T22:30:55.368-0300] {dag.py:3336} INFO - Setting next_dagrun for example_weekday_branch_operator to 2022-11-06T00:00:00+00:00, run_after=2022-11-07T00:00:00+00:00
[2022-11-06T22:30:55.391-0300] {processor.py:176} INFO - Processing /home/debian/etlhausz/venv/lib/python3.9/site-packages/airflow/example_dags/example_branch_day_of_week_operator.py took 0.227 seconds
[2022-11-06T22:31:25.822-0300] {processor.py:154} INFO - Started process (PID=39984) to work on /home/debian/etlhausz/venv/lib/python3.9/site-packages/airflow/example_dags/example_branch_day_of_week_operator.py
[2022-11-06T22:31:25.823-0300] {processor.py:756} INFO - Processing file /home/debian/etlhausz/venv/lib/python3.9/site-packages/airflow/example_dags/example_branch_day_of_week_operator.py for tasks to queue
[2022-11-06T22:31:25.824-0300] {logging_mixin.py:120} INFO - [2022-11-06T22:31:25.824-0300] {dagbag.py:537} INFO - Filling up the DagBag from /home/debian/etlhausz/venv/lib/python3.9/site-packages/airflow/example_dags/example_branch_day_of_week_operator.py
[2022-11-06T22:31:25.841-0300] {processor.py:766} INFO - DAG(s) dict_keys(['example_weekday_branch_operator']) retrieved from /home/debian/etlhausz/venv/lib/python3.9/site-packages/airflow/example_dags/example_branch_day_of_week_operator.py
[2022-11-06T22:31:25.892-0300] {logging_mixin.py:120} INFO - [2022-11-06T22:31:25.892-0300] {dag.py:2585} INFO - Sync 1 DAGs
[2022-11-06T22:31:25.920-0300] {logging_mixin.py:120} INFO - [2022-11-06T22:31:25.920-0300] {dag.py:3336} INFO - Setting next_dagrun for example_weekday_branch_operator to 2022-11-06T00:00:00+00:00, run_after=2022-11-07T00:00:00+00:00
[2022-11-06T22:31:26.072-0300] {processor.py:176} INFO - Processing /home/debian/etlhausz/venv/lib/python3.9/site-packages/airflow/example_dags/example_branch_day_of_week_operator.py took 0.255 seconds
