[2022-11-06T21:00:01.384-0300] {processor.py:154} INFO - Started process (PID=60897) to work on /home/debian/etlhausz/venv/lib/python3.9/site-packages/airflow/example_dags/example_nested_branch_dag.py
[2022-11-06T21:00:01.384-0300] {processor.py:756} INFO - Processing file /home/debian/etlhausz/venv/lib/python3.9/site-packages/airflow/example_dags/example_nested_branch_dag.py for tasks to queue
[2022-11-06T21:00:01.385-0300] {logging_mixin.py:120} INFO - [2022-11-06T21:00:01.385-0300] {dagbag.py:537} INFO - Filling up the DagBag from /home/debian/etlhausz/venv/lib/python3.9/site-packages/airflow/example_dags/example_nested_branch_dag.py
[2022-11-06T21:00:01.547-0300] {processor.py:766} INFO - DAG(s) dict_keys(['example_nested_branch_dag']) retrieved from /home/debian/etlhausz/venv/lib/python3.9/site-packages/airflow/example_dags/example_nested_branch_dag.py
[2022-11-06T21:00:01.669-0300] {logging_mixin.py:120} INFO - [2022-11-06T21:00:01.664-0300] {dag.py:2585} INFO - Sync 1 DAGs
[2022-11-06T21:00:01.839-0300] {logging_mixin.py:120} INFO - [2022-11-06T21:00:01.839-0300] {dag.py:3336} INFO - Setting next_dagrun for example_nested_branch_dag to 2022-11-06T00:00:00+00:00, run_after=2022-11-07T00:00:00+00:00
[2022-11-06T21:00:01.922-0300] {processor.py:176} INFO - Processing /home/debian/etlhausz/venv/lib/python3.9/site-packages/airflow/example_dags/example_nested_branch_dag.py took 0.544 seconds
[2022-11-06T21:00:32.213-0300] {processor.py:154} INFO - Started process (PID=61438) to work on /home/debian/etlhausz/venv/lib/python3.9/site-packages/airflow/example_dags/example_nested_branch_dag.py
[2022-11-06T21:00:32.214-0300] {processor.py:756} INFO - Processing file /home/debian/etlhausz/venv/lib/python3.9/site-packages/airflow/example_dags/example_nested_branch_dag.py for tasks to queue
[2022-11-06T21:00:32.215-0300] {logging_mixin.py:120} INFO - [2022-11-06T21:00:32.214-0300] {dagbag.py:537} INFO - Filling up the DagBag from /home/debian/etlhausz/venv/lib/python3.9/site-packages/airflow/example_dags/example_nested_branch_dag.py
[2022-11-06T21:00:32.243-0300] {processor.py:766} INFO - DAG(s) dict_keys(['example_nested_branch_dag']) retrieved from /home/debian/etlhausz/venv/lib/python3.9/site-packages/airflow/example_dags/example_nested_branch_dag.py
[2022-11-06T21:00:32.374-0300] {logging_mixin.py:120} INFO - [2022-11-06T21:00:32.374-0300] {dag.py:2585} INFO - Sync 1 DAGs
[2022-11-06T21:00:32.515-0300] {logging_mixin.py:120} INFO - [2022-11-06T21:00:32.514-0300] {dag.py:3336} INFO - Setting next_dagrun for example_nested_branch_dag to 2022-11-06T00:00:00+00:00, run_after=2022-11-07T00:00:00+00:00
[2022-11-06T21:00:32.528-0300] {processor.py:176} INFO - Processing /home/debian/etlhausz/venv/lib/python3.9/site-packages/airflow/example_dags/example_nested_branch_dag.py took 0.318 seconds
[2022-11-06T21:01:03.115-0300] {processor.py:154} INFO - Started process (PID=62038) to work on /home/debian/etlhausz/venv/lib/python3.9/site-packages/airflow/example_dags/example_nested_branch_dag.py
[2022-11-06T21:01:03.132-0300] {processor.py:756} INFO - Processing file /home/debian/etlhausz/venv/lib/python3.9/site-packages/airflow/example_dags/example_nested_branch_dag.py for tasks to queue
[2022-11-06T21:01:03.133-0300] {logging_mixin.py:120} INFO - [2022-11-06T21:01:03.133-0300] {dagbag.py:537} INFO - Filling up the DagBag from /home/debian/etlhausz/venv/lib/python3.9/site-packages/airflow/example_dags/example_nested_branch_dag.py
[2022-11-06T21:01:03.194-0300] {processor.py:766} INFO - DAG(s) dict_keys(['example_nested_branch_dag']) retrieved from /home/debian/etlhausz/venv/lib/python3.9/site-packages/airflow/example_dags/example_nested_branch_dag.py
[2022-11-06T21:01:03.410-0300] {logging_mixin.py:120} INFO - [2022-11-06T21:01:03.410-0300] {dag.py:2585} INFO - Sync 1 DAGs
[2022-11-06T21:01:03.427-0300] {logging_mixin.py:120} INFO - [2022-11-06T21:01:03.427-0300] {dag.py:3336} INFO - Setting next_dagrun for example_nested_branch_dag to 2022-11-06T00:00:00+00:00, run_after=2022-11-07T00:00:00+00:00
[2022-11-06T21:01:03.451-0300] {processor.py:176} INFO - Processing /home/debian/etlhausz/venv/lib/python3.9/site-packages/airflow/example_dags/example_nested_branch_dag.py took 0.341 seconds
[2022-11-06T21:01:34.044-0300] {processor.py:154} INFO - Started process (PID=62621) to work on /home/debian/etlhausz/venv/lib/python3.9/site-packages/airflow/example_dags/example_nested_branch_dag.py
[2022-11-06T21:01:34.045-0300] {processor.py:756} INFO - Processing file /home/debian/etlhausz/venv/lib/python3.9/site-packages/airflow/example_dags/example_nested_branch_dag.py for tasks to queue
[2022-11-06T21:01:34.046-0300] {logging_mixin.py:120} INFO - [2022-11-06T21:01:34.046-0300] {dagbag.py:537} INFO - Filling up the DagBag from /home/debian/etlhausz/venv/lib/python3.9/site-packages/airflow/example_dags/example_nested_branch_dag.py
[2022-11-06T21:01:34.069-0300] {processor.py:766} INFO - DAG(s) dict_keys(['example_nested_branch_dag']) retrieved from /home/debian/etlhausz/venv/lib/python3.9/site-packages/airflow/example_dags/example_nested_branch_dag.py
[2022-11-06T21:01:34.216-0300] {logging_mixin.py:120} INFO - [2022-11-06T21:01:34.215-0300] {dag.py:2585} INFO - Sync 1 DAGs
[2022-11-06T21:01:34.235-0300] {logging_mixin.py:120} INFO - [2022-11-06T21:01:34.235-0300] {dag.py:3336} INFO - Setting next_dagrun for example_nested_branch_dag to 2022-11-06T00:00:00+00:00, run_after=2022-11-07T00:00:00+00:00
[2022-11-06T21:01:34.255-0300] {processor.py:176} INFO - Processing /home/debian/etlhausz/venv/lib/python3.9/site-packages/airflow/example_dags/example_nested_branch_dag.py took 0.215 seconds
[2022-11-06T21:02:04.778-0300] {processor.py:154} INFO - Started process (PID=63160) to work on /home/debian/etlhausz/venv/lib/python3.9/site-packages/airflow/example_dags/example_nested_branch_dag.py
[2022-11-06T21:02:04.781-0300] {processor.py:756} INFO - Processing file /home/debian/etlhausz/venv/lib/python3.9/site-packages/airflow/example_dags/example_nested_branch_dag.py for tasks to queue
[2022-11-06T21:02:04.784-0300] {logging_mixin.py:120} INFO - [2022-11-06T21:02:04.784-0300] {dagbag.py:537} INFO - Filling up the DagBag from /home/debian/etlhausz/venv/lib/python3.9/site-packages/airflow/example_dags/example_nested_branch_dag.py
[2022-11-06T21:02:04.928-0300] {processor.py:766} INFO - DAG(s) dict_keys(['example_nested_branch_dag']) retrieved from /home/debian/etlhausz/venv/lib/python3.9/site-packages/airflow/example_dags/example_nested_branch_dag.py
[2022-11-06T21:02:04.967-0300] {logging_mixin.py:120} INFO - [2022-11-06T21:02:04.967-0300] {dag.py:2585} INFO - Sync 1 DAGs
[2022-11-06T21:02:04.988-0300] {logging_mixin.py:120} INFO - [2022-11-06T21:02:04.988-0300] {dag.py:3336} INFO - Setting next_dagrun for example_nested_branch_dag to 2022-11-06T00:00:00+00:00, run_after=2022-11-07T00:00:00+00:00
[2022-11-06T21:02:05.014-0300] {processor.py:176} INFO - Processing /home/debian/etlhausz/venv/lib/python3.9/site-packages/airflow/example_dags/example_nested_branch_dag.py took 0.249 seconds
[2022-11-06T21:02:36.129-0300] {processor.py:154} INFO - Started process (PID=63727) to work on /home/debian/etlhausz/venv/lib/python3.9/site-packages/airflow/example_dags/example_nested_branch_dag.py
[2022-11-06T21:02:36.142-0300] {processor.py:756} INFO - Processing file /home/debian/etlhausz/venv/lib/python3.9/site-packages/airflow/example_dags/example_nested_branch_dag.py for tasks to queue
[2022-11-06T21:02:36.145-0300] {logging_mixin.py:120} INFO - [2022-11-06T21:02:36.145-0300] {dagbag.py:537} INFO - Filling up the DagBag from /home/debian/etlhausz/venv/lib/python3.9/site-packages/airflow/example_dags/example_nested_branch_dag.py
[2022-11-06T21:02:36.204-0300] {processor.py:766} INFO - DAG(s) dict_keys(['example_nested_branch_dag']) retrieved from /home/debian/etlhausz/venv/lib/python3.9/site-packages/airflow/example_dags/example_nested_branch_dag.py
[2022-11-06T21:02:36.290-0300] {logging_mixin.py:120} INFO - [2022-11-06T21:02:36.289-0300] {dag.py:2585} INFO - Sync 1 DAGs
[2022-11-06T21:02:36.493-0300] {logging_mixin.py:120} INFO - [2022-11-06T21:02:36.492-0300] {dag.py:3336} INFO - Setting next_dagrun for example_nested_branch_dag to 2022-11-06T00:00:00+00:00, run_after=2022-11-07T00:00:00+00:00
[2022-11-06T21:02:36.522-0300] {processor.py:176} INFO - Processing /home/debian/etlhausz/venv/lib/python3.9/site-packages/airflow/example_dags/example_nested_branch_dag.py took 0.417 seconds
[2022-11-06T21:03:07.595-0300] {processor.py:154} INFO - Started process (PID=64300) to work on /home/debian/etlhausz/venv/lib/python3.9/site-packages/airflow/example_dags/example_nested_branch_dag.py
[2022-11-06T21:03:07.597-0300] {processor.py:756} INFO - Processing file /home/debian/etlhausz/venv/lib/python3.9/site-packages/airflow/example_dags/example_nested_branch_dag.py for tasks to queue
[2022-11-06T21:03:07.597-0300] {logging_mixin.py:120} INFO - [2022-11-06T21:03:07.597-0300] {dagbag.py:537} INFO - Filling up the DagBag from /home/debian/etlhausz/venv/lib/python3.9/site-packages/airflow/example_dags/example_nested_branch_dag.py
[2022-11-06T21:03:07.622-0300] {processor.py:766} INFO - DAG(s) dict_keys(['example_nested_branch_dag']) retrieved from /home/debian/etlhausz/venv/lib/python3.9/site-packages/airflow/example_dags/example_nested_branch_dag.py
[2022-11-06T21:03:07.896-0300] {logging_mixin.py:120} INFO - [2022-11-06T21:03:07.895-0300] {dag.py:2585} INFO - Sync 1 DAGs
[2022-11-06T21:03:07.924-0300] {logging_mixin.py:120} INFO - [2022-11-06T21:03:07.924-0300] {dag.py:3336} INFO - Setting next_dagrun for example_nested_branch_dag to 2022-11-06T00:00:00+00:00, run_after=2022-11-07T00:00:00+00:00
[2022-11-06T21:03:07.942-0300] {processor.py:176} INFO - Processing /home/debian/etlhausz/venv/lib/python3.9/site-packages/airflow/example_dags/example_nested_branch_dag.py took 0.350 seconds
[2022-11-06T21:03:38.090-0300] {processor.py:154} INFO - Started process (PID=64907) to work on /home/debian/etlhausz/venv/lib/python3.9/site-packages/airflow/example_dags/example_nested_branch_dag.py
[2022-11-06T21:03:38.091-0300] {processor.py:756} INFO - Processing file /home/debian/etlhausz/venv/lib/python3.9/site-packages/airflow/example_dags/example_nested_branch_dag.py for tasks to queue
[2022-11-06T21:03:38.092-0300] {logging_mixin.py:120} INFO - [2022-11-06T21:03:38.092-0300] {dagbag.py:537} INFO - Filling up the DagBag from /home/debian/etlhausz/venv/lib/python3.9/site-packages/airflow/example_dags/example_nested_branch_dag.py
[2022-11-06T21:03:38.118-0300] {processor.py:766} INFO - DAG(s) dict_keys(['example_nested_branch_dag']) retrieved from /home/debian/etlhausz/venv/lib/python3.9/site-packages/airflow/example_dags/example_nested_branch_dag.py
[2022-11-06T21:03:38.275-0300] {logging_mixin.py:120} INFO - [2022-11-06T21:03:38.274-0300] {dag.py:2585} INFO - Sync 1 DAGs
[2022-11-06T21:03:38.293-0300] {logging_mixin.py:120} INFO - [2022-11-06T21:03:38.293-0300] {dag.py:3336} INFO - Setting next_dagrun for example_nested_branch_dag to 2022-11-06T00:00:00+00:00, run_after=2022-11-07T00:00:00+00:00
[2022-11-06T21:03:38.308-0300] {processor.py:176} INFO - Processing /home/debian/etlhausz/venv/lib/python3.9/site-packages/airflow/example_dags/example_nested_branch_dag.py took 0.222 seconds
[2022-11-06T21:04:10.211-0300] {processor.py:154} INFO - Started process (PID=65532) to work on /home/debian/etlhausz/venv/lib/python3.9/site-packages/airflow/example_dags/example_nested_branch_dag.py
[2022-11-06T21:04:10.212-0300] {processor.py:756} INFO - Processing file /home/debian/etlhausz/venv/lib/python3.9/site-packages/airflow/example_dags/example_nested_branch_dag.py for tasks to queue
[2022-11-06T21:04:10.213-0300] {logging_mixin.py:120} INFO - [2022-11-06T21:04:10.213-0300] {dagbag.py:537} INFO - Filling up the DagBag from /home/debian/etlhausz/venv/lib/python3.9/site-packages/airflow/example_dags/example_nested_branch_dag.py
[2022-11-06T21:04:10.337-0300] {processor.py:766} INFO - DAG(s) dict_keys(['example_nested_branch_dag']) retrieved from /home/debian/etlhausz/venv/lib/python3.9/site-packages/airflow/example_dags/example_nested_branch_dag.py
[2022-11-06T21:04:10.398-0300] {logging_mixin.py:120} INFO - [2022-11-06T21:04:10.398-0300] {dag.py:2585} INFO - Sync 1 DAGs
[2022-11-06T21:04:10.421-0300] {logging_mixin.py:120} INFO - [2022-11-06T21:04:10.421-0300] {dag.py:3336} INFO - Setting next_dagrun for example_nested_branch_dag to 2022-11-06T00:00:00+00:00, run_after=2022-11-07T00:00:00+00:00
[2022-11-06T21:04:10.440-0300] {processor.py:176} INFO - Processing /home/debian/etlhausz/venv/lib/python3.9/site-packages/airflow/example_dags/example_nested_branch_dag.py took 0.232 seconds
[2022-11-06T22:01:37.161-0300] {processor.py:154} INFO - Started process (PID=5120) to work on /home/debian/etlhausz/venv/lib/python3.9/site-packages/airflow/example_dags/example_nested_branch_dag.py
[2022-11-06T22:01:37.163-0300] {processor.py:756} INFO - Processing file /home/debian/etlhausz/venv/lib/python3.9/site-packages/airflow/example_dags/example_nested_branch_dag.py for tasks to queue
[2022-11-06T22:01:37.164-0300] {logging_mixin.py:120} INFO - [2022-11-06T22:01:37.164-0300] {dagbag.py:537} INFO - Filling up the DagBag from /home/debian/etlhausz/venv/lib/python3.9/site-packages/airflow/example_dags/example_nested_branch_dag.py
[2022-11-06T22:01:37.205-0300] {processor.py:766} INFO - DAG(s) dict_keys(['example_nested_branch_dag']) retrieved from /home/debian/etlhausz/venv/lib/python3.9/site-packages/airflow/example_dags/example_nested_branch_dag.py
[2022-11-06T22:01:37.325-0300] {logging_mixin.py:120} INFO - [2022-11-06T22:01:37.325-0300] {dag.py:2585} INFO - Sync 1 DAGs
[2022-11-06T22:01:37.401-0300] {logging_mixin.py:120} INFO - [2022-11-06T22:01:37.401-0300] {dag.py:3336} INFO - Setting next_dagrun for example_nested_branch_dag to 2022-11-06T00:00:00+00:00, run_after=2022-11-07T00:00:00+00:00
[2022-11-06T22:01:37.428-0300] {processor.py:176} INFO - Processing /home/debian/etlhausz/venv/lib/python3.9/site-packages/airflow/example_dags/example_nested_branch_dag.py took 0.272 seconds
[2022-11-06T22:02:08.876-0300] {processor.py:154} INFO - Started process (PID=5771) to work on /home/debian/etlhausz/venv/lib/python3.9/site-packages/airflow/example_dags/example_nested_branch_dag.py
[2022-11-06T22:02:08.878-0300] {processor.py:756} INFO - Processing file /home/debian/etlhausz/venv/lib/python3.9/site-packages/airflow/example_dags/example_nested_branch_dag.py for tasks to queue
[2022-11-06T22:02:08.879-0300] {logging_mixin.py:120} INFO - [2022-11-06T22:02:08.879-0300] {dagbag.py:537} INFO - Filling up the DagBag from /home/debian/etlhausz/venv/lib/python3.9/site-packages/airflow/example_dags/example_nested_branch_dag.py
[2022-11-06T22:02:08.902-0300] {processor.py:766} INFO - DAG(s) dict_keys(['example_nested_branch_dag']) retrieved from /home/debian/etlhausz/venv/lib/python3.9/site-packages/airflow/example_dags/example_nested_branch_dag.py
[2022-11-06T22:02:09.014-0300] {logging_mixin.py:120} INFO - [2022-11-06T22:02:09.013-0300] {dag.py:2585} INFO - Sync 1 DAGs
[2022-11-06T22:02:09.123-0300] {logging_mixin.py:120} INFO - [2022-11-06T22:02:09.123-0300] {dag.py:3336} INFO - Setting next_dagrun for example_nested_branch_dag to 2022-11-06T00:00:00+00:00, run_after=2022-11-07T00:00:00+00:00
[2022-11-06T22:02:09.225-0300] {processor.py:176} INFO - Processing /home/debian/etlhausz/venv/lib/python3.9/site-packages/airflow/example_dags/example_nested_branch_dag.py took 0.353 seconds
[2022-11-06T22:02:41.522-0300] {processor.py:154} INFO - Started process (PID=6431) to work on /home/debian/etlhausz/venv/lib/python3.9/site-packages/airflow/example_dags/example_nested_branch_dag.py
[2022-11-06T22:02:41.523-0300] {processor.py:756} INFO - Processing file /home/debian/etlhausz/venv/lib/python3.9/site-packages/airflow/example_dags/example_nested_branch_dag.py for tasks to queue
[2022-11-06T22:02:41.524-0300] {logging_mixin.py:120} INFO - [2022-11-06T22:02:41.524-0300] {dagbag.py:537} INFO - Filling up the DagBag from /home/debian/etlhausz/venv/lib/python3.9/site-packages/airflow/example_dags/example_nested_branch_dag.py
[2022-11-06T22:02:41.565-0300] {processor.py:766} INFO - DAG(s) dict_keys(['example_nested_branch_dag']) retrieved from /home/debian/etlhausz/venv/lib/python3.9/site-packages/airflow/example_dags/example_nested_branch_dag.py
[2022-11-06T22:02:41.608-0300] {logging_mixin.py:120} INFO - [2022-11-06T22:02:41.608-0300] {dag.py:2585} INFO - Sync 1 DAGs
[2022-11-06T22:02:41.630-0300] {logging_mixin.py:120} INFO - [2022-11-06T22:02:41.630-0300] {dag.py:3336} INFO - Setting next_dagrun for example_nested_branch_dag to 2022-11-06T00:00:00+00:00, run_after=2022-11-07T00:00:00+00:00
[2022-11-06T22:02:41.656-0300] {processor.py:176} INFO - Processing /home/debian/etlhausz/venv/lib/python3.9/site-packages/airflow/example_dags/example_nested_branch_dag.py took 0.137 seconds
[2022-11-06T22:03:14.047-0300] {processor.py:154} INFO - Started process (PID=7007) to work on /home/debian/etlhausz/venv/lib/python3.9/site-packages/airflow/example_dags/example_nested_branch_dag.py
[2022-11-06T22:03:14.050-0300] {processor.py:756} INFO - Processing file /home/debian/etlhausz/venv/lib/python3.9/site-packages/airflow/example_dags/example_nested_branch_dag.py for tasks to queue
[2022-11-06T22:03:14.050-0300] {logging_mixin.py:120} INFO - [2022-11-06T22:03:14.050-0300] {dagbag.py:537} INFO - Filling up the DagBag from /home/debian/etlhausz/venv/lib/python3.9/site-packages/airflow/example_dags/example_nested_branch_dag.py
[2022-11-06T22:03:14.084-0300] {processor.py:766} INFO - DAG(s) dict_keys(['example_nested_branch_dag']) retrieved from /home/debian/etlhausz/venv/lib/python3.9/site-packages/airflow/example_dags/example_nested_branch_dag.py
[2022-11-06T22:03:14.147-0300] {logging_mixin.py:120} INFO - [2022-11-06T22:03:14.147-0300] {dag.py:2585} INFO - Sync 1 DAGs
[2022-11-06T22:03:14.168-0300] {logging_mixin.py:120} INFO - [2022-11-06T22:03:14.168-0300] {dag.py:3336} INFO - Setting next_dagrun for example_nested_branch_dag to 2022-11-06T00:00:00+00:00, run_after=2022-11-07T00:00:00+00:00
[2022-11-06T22:03:14.202-0300] {processor.py:176} INFO - Processing /home/debian/etlhausz/venv/lib/python3.9/site-packages/airflow/example_dags/example_nested_branch_dag.py took 0.164 seconds
[2022-11-06T22:03:45.575-0300] {processor.py:154} INFO - Started process (PID=7692) to work on /home/debian/etlhausz/venv/lib/python3.9/site-packages/airflow/example_dags/example_nested_branch_dag.py
[2022-11-06T22:03:45.576-0300] {processor.py:756} INFO - Processing file /home/debian/etlhausz/venv/lib/python3.9/site-packages/airflow/example_dags/example_nested_branch_dag.py for tasks to queue
[2022-11-06T22:03:45.577-0300] {logging_mixin.py:120} INFO - [2022-11-06T22:03:45.576-0300] {dagbag.py:537} INFO - Filling up the DagBag from /home/debian/etlhausz/venv/lib/python3.9/site-packages/airflow/example_dags/example_nested_branch_dag.py
[2022-11-06T22:03:45.596-0300] {processor.py:766} INFO - DAG(s) dict_keys(['example_nested_branch_dag']) retrieved from /home/debian/etlhausz/venv/lib/python3.9/site-packages/airflow/example_dags/example_nested_branch_dag.py
[2022-11-06T22:03:45.639-0300] {logging_mixin.py:120} INFO - [2022-11-06T22:03:45.639-0300] {dag.py:2585} INFO - Sync 1 DAGs
[2022-11-06T22:03:45.660-0300] {logging_mixin.py:120} INFO - [2022-11-06T22:03:45.660-0300] {dag.py:3336} INFO - Setting next_dagrun for example_nested_branch_dag to 2022-11-06T00:00:00+00:00, run_after=2022-11-07T00:00:00+00:00
[2022-11-06T22:03:45.681-0300] {processor.py:176} INFO - Processing /home/debian/etlhausz/venv/lib/python3.9/site-packages/airflow/example_dags/example_nested_branch_dag.py took 0.108 seconds
[2022-11-06T22:04:16.956-0300] {processor.py:154} INFO - Started process (PID=8317) to work on /home/debian/etlhausz/venv/lib/python3.9/site-packages/airflow/example_dags/example_nested_branch_dag.py
[2022-11-06T22:04:16.958-0300] {processor.py:756} INFO - Processing file /home/debian/etlhausz/venv/lib/python3.9/site-packages/airflow/example_dags/example_nested_branch_dag.py for tasks to queue
[2022-11-06T22:04:16.959-0300] {logging_mixin.py:120} INFO - [2022-11-06T22:04:16.959-0300] {dagbag.py:537} INFO - Filling up the DagBag from /home/debian/etlhausz/venv/lib/python3.9/site-packages/airflow/example_dags/example_nested_branch_dag.py
[2022-11-06T22:04:16.981-0300] {processor.py:766} INFO - DAG(s) dict_keys(['example_nested_branch_dag']) retrieved from /home/debian/etlhausz/venv/lib/python3.9/site-packages/airflow/example_dags/example_nested_branch_dag.py
[2022-11-06T22:04:17.032-0300] {logging_mixin.py:120} INFO - [2022-11-06T22:04:17.030-0300] {dag.py:2585} INFO - Sync 1 DAGs
[2022-11-06T22:04:17.051-0300] {logging_mixin.py:120} INFO - [2022-11-06T22:04:17.051-0300] {dag.py:3336} INFO - Setting next_dagrun for example_nested_branch_dag to 2022-11-06T00:00:00+00:00, run_after=2022-11-07T00:00:00+00:00
[2022-11-06T22:04:17.071-0300] {processor.py:176} INFO - Processing /home/debian/etlhausz/venv/lib/python3.9/site-packages/airflow/example_dags/example_nested_branch_dag.py took 0.117 seconds
[2022-11-06T22:04:49.680-0300] {processor.py:154} INFO - Started process (PID=8891) to work on /home/debian/etlhausz/venv/lib/python3.9/site-packages/airflow/example_dags/example_nested_branch_dag.py
[2022-11-06T22:04:49.681-0300] {processor.py:756} INFO - Processing file /home/debian/etlhausz/venv/lib/python3.9/site-packages/airflow/example_dags/example_nested_branch_dag.py for tasks to queue
[2022-11-06T22:04:49.682-0300] {logging_mixin.py:120} INFO - [2022-11-06T22:04:49.681-0300] {dagbag.py:537} INFO - Filling up the DagBag from /home/debian/etlhausz/venv/lib/python3.9/site-packages/airflow/example_dags/example_nested_branch_dag.py
[2022-11-06T22:04:49.704-0300] {processor.py:766} INFO - DAG(s) dict_keys(['example_nested_branch_dag']) retrieved from /home/debian/etlhausz/venv/lib/python3.9/site-packages/airflow/example_dags/example_nested_branch_dag.py
[2022-11-06T22:04:49.744-0300] {logging_mixin.py:120} INFO - [2022-11-06T22:04:49.744-0300] {dag.py:2585} INFO - Sync 1 DAGs
[2022-11-06T22:04:49.765-0300] {logging_mixin.py:120} INFO - [2022-11-06T22:04:49.765-0300] {dag.py:3336} INFO - Setting next_dagrun for example_nested_branch_dag to 2022-11-06T00:00:00+00:00, run_after=2022-11-07T00:00:00+00:00
[2022-11-06T22:04:49.782-0300] {processor.py:176} INFO - Processing /home/debian/etlhausz/venv/lib/python3.9/site-packages/airflow/example_dags/example_nested_branch_dag.py took 0.105 seconds
[2022-11-06T22:05:29.965-0300] {processor.py:154} INFO - Started process (PID=9822) to work on /home/debian/etlhausz/venv/lib/python3.9/site-packages/airflow/example_dags/example_nested_branch_dag.py
[2022-11-06T22:05:29.967-0300] {processor.py:756} INFO - Processing file /home/debian/etlhausz/venv/lib/python3.9/site-packages/airflow/example_dags/example_nested_branch_dag.py for tasks to queue
[2022-11-06T22:05:29.971-0300] {logging_mixin.py:120} INFO - [2022-11-06T22:05:29.971-0300] {dagbag.py:537} INFO - Filling up the DagBag from /home/debian/etlhausz/venv/lib/python3.9/site-packages/airflow/example_dags/example_nested_branch_dag.py
[2022-11-06T22:05:30.063-0300] {processor.py:766} INFO - DAG(s) dict_keys(['example_nested_branch_dag']) retrieved from /home/debian/etlhausz/venv/lib/python3.9/site-packages/airflow/example_dags/example_nested_branch_dag.py
[2022-11-06T22:05:30.324-0300] {logging_mixin.py:120} INFO - [2022-11-06T22:05:30.324-0300] {dag.py:2585} INFO - Sync 1 DAGs
[2022-11-06T22:05:30.500-0300] {logging_mixin.py:120} INFO - [2022-11-06T22:05:30.485-0300] {dag.py:3336} INFO - Setting next_dagrun for example_nested_branch_dag to 2022-11-06T00:00:00+00:00, run_after=2022-11-07T00:00:00+00:00
[2022-11-06T22:05:30.544-0300] {processor.py:176} INFO - Processing /home/debian/etlhausz/venv/lib/python3.9/site-packages/airflow/example_dags/example_nested_branch_dag.py took 0.583 seconds
[2022-11-06T22:06:00.851-0300] {processor.py:154} INFO - Started process (PID=10433) to work on /home/debian/etlhausz/venv/lib/python3.9/site-packages/airflow/example_dags/example_nested_branch_dag.py
[2022-11-06T22:06:00.853-0300] {processor.py:756} INFO - Processing file /home/debian/etlhausz/venv/lib/python3.9/site-packages/airflow/example_dags/example_nested_branch_dag.py for tasks to queue
[2022-11-06T22:06:00.854-0300] {logging_mixin.py:120} INFO - [2022-11-06T22:06:00.854-0300] {dagbag.py:537} INFO - Filling up the DagBag from /home/debian/etlhausz/venv/lib/python3.9/site-packages/airflow/example_dags/example_nested_branch_dag.py
[2022-11-06T22:06:00.895-0300] {processor.py:766} INFO - DAG(s) dict_keys(['example_nested_branch_dag']) retrieved from /home/debian/etlhausz/venv/lib/python3.9/site-packages/airflow/example_dags/example_nested_branch_dag.py
[2022-11-06T22:06:00.990-0300] {logging_mixin.py:120} INFO - [2022-11-06T22:06:00.989-0300] {dag.py:2585} INFO - Sync 1 DAGs
[2022-11-06T22:06:01.013-0300] {logging_mixin.py:120} INFO - [2022-11-06T22:06:01.013-0300] {dag.py:3336} INFO - Setting next_dagrun for example_nested_branch_dag to 2022-11-06T00:00:00+00:00, run_after=2022-11-07T00:00:00+00:00
[2022-11-06T22:06:01.050-0300] {processor.py:176} INFO - Processing /home/debian/etlhausz/venv/lib/python3.9/site-packages/airflow/example_dags/example_nested_branch_dag.py took 0.207 seconds
[2022-11-06T22:06:31.627-0300] {processor.py:154} INFO - Started process (PID=10958) to work on /home/debian/etlhausz/venv/lib/python3.9/site-packages/airflow/example_dags/example_nested_branch_dag.py
[2022-11-06T22:06:31.628-0300] {processor.py:756} INFO - Processing file /home/debian/etlhausz/venv/lib/python3.9/site-packages/airflow/example_dags/example_nested_branch_dag.py for tasks to queue
[2022-11-06T22:06:31.628-0300] {logging_mixin.py:120} INFO - [2022-11-06T22:06:31.628-0300] {dagbag.py:537} INFO - Filling up the DagBag from /home/debian/etlhausz/venv/lib/python3.9/site-packages/airflow/example_dags/example_nested_branch_dag.py
[2022-11-06T22:06:31.647-0300] {processor.py:766} INFO - DAG(s) dict_keys(['example_nested_branch_dag']) retrieved from /home/debian/etlhausz/venv/lib/python3.9/site-packages/airflow/example_dags/example_nested_branch_dag.py
[2022-11-06T22:06:31.686-0300] {logging_mixin.py:120} INFO - [2022-11-06T22:06:31.686-0300] {dag.py:2585} INFO - Sync 1 DAGs
[2022-11-06T22:06:31.705-0300] {logging_mixin.py:120} INFO - [2022-11-06T22:06:31.705-0300] {dag.py:3336} INFO - Setting next_dagrun for example_nested_branch_dag to 2022-11-06T00:00:00+00:00, run_after=2022-11-07T00:00:00+00:00
[2022-11-06T22:06:31.726-0300] {processor.py:176} INFO - Processing /home/debian/etlhausz/venv/lib/python3.9/site-packages/airflow/example_dags/example_nested_branch_dag.py took 0.102 seconds
[2022-11-06T22:07:02.410-0300] {processor.py:154} INFO - Started process (PID=11506) to work on /home/debian/etlhausz/venv/lib/python3.9/site-packages/airflow/example_dags/example_nested_branch_dag.py
[2022-11-06T22:07:02.412-0300] {processor.py:756} INFO - Processing file /home/debian/etlhausz/venv/lib/python3.9/site-packages/airflow/example_dags/example_nested_branch_dag.py for tasks to queue
[2022-11-06T22:07:02.413-0300] {logging_mixin.py:120} INFO - [2022-11-06T22:07:02.412-0300] {dagbag.py:537} INFO - Filling up the DagBag from /home/debian/etlhausz/venv/lib/python3.9/site-packages/airflow/example_dags/example_nested_branch_dag.py
[2022-11-06T22:07:02.441-0300] {processor.py:766} INFO - DAG(s) dict_keys(['example_nested_branch_dag']) retrieved from /home/debian/etlhausz/venv/lib/python3.9/site-packages/airflow/example_dags/example_nested_branch_dag.py
[2022-11-06T22:07:02.487-0300] {logging_mixin.py:120} INFO - [2022-11-06T22:07:02.487-0300] {dag.py:2585} INFO - Sync 1 DAGs
[2022-11-06T22:07:02.508-0300] {logging_mixin.py:120} INFO - [2022-11-06T22:07:02.508-0300] {dag.py:3336} INFO - Setting next_dagrun for example_nested_branch_dag to 2022-11-06T00:00:00+00:00, run_after=2022-11-07T00:00:00+00:00
[2022-11-06T22:07:02.524-0300] {processor.py:176} INFO - Processing /home/debian/etlhausz/venv/lib/python3.9/site-packages/airflow/example_dags/example_nested_branch_dag.py took 0.118 seconds
[2022-11-06T22:07:36.397-0300] {processor.py:154} INFO - Started process (PID=12281) to work on /home/debian/etlhausz/venv/lib/python3.9/site-packages/airflow/example_dags/example_nested_branch_dag.py
[2022-11-06T22:07:36.398-0300] {processor.py:756} INFO - Processing file /home/debian/etlhausz/venv/lib/python3.9/site-packages/airflow/example_dags/example_nested_branch_dag.py for tasks to queue
[2022-11-06T22:07:36.399-0300] {logging_mixin.py:120} INFO - [2022-11-06T22:07:36.399-0300] {dagbag.py:537} INFO - Filling up the DagBag from /home/debian/etlhausz/venv/lib/python3.9/site-packages/airflow/example_dags/example_nested_branch_dag.py
[2022-11-06T22:07:36.449-0300] {processor.py:766} INFO - DAG(s) dict_keys(['example_nested_branch_dag']) retrieved from /home/debian/etlhausz/venv/lib/python3.9/site-packages/airflow/example_dags/example_nested_branch_dag.py
[2022-11-06T22:07:36.514-0300] {logging_mixin.py:120} INFO - [2022-11-06T22:07:36.514-0300] {dag.py:2585} INFO - Sync 1 DAGs
[2022-11-06T22:07:36.540-0300] {logging_mixin.py:120} INFO - [2022-11-06T22:07:36.540-0300] {dag.py:3336} INFO - Setting next_dagrun for example_nested_branch_dag to 2022-11-06T00:00:00+00:00, run_after=2022-11-07T00:00:00+00:00
[2022-11-06T22:07:36.583-0300] {processor.py:176} INFO - Processing /home/debian/etlhausz/venv/lib/python3.9/site-packages/airflow/example_dags/example_nested_branch_dag.py took 0.189 seconds
[2022-11-06T22:08:08.486-0300] {processor.py:154} INFO - Started process (PID=13012) to work on /home/debian/etlhausz/venv/lib/python3.9/site-packages/airflow/example_dags/example_nested_branch_dag.py
[2022-11-06T22:08:08.488-0300] {processor.py:756} INFO - Processing file /home/debian/etlhausz/venv/lib/python3.9/site-packages/airflow/example_dags/example_nested_branch_dag.py for tasks to queue
[2022-11-06T22:08:08.488-0300] {logging_mixin.py:120} INFO - [2022-11-06T22:08:08.488-0300] {dagbag.py:537} INFO - Filling up the DagBag from /home/debian/etlhausz/venv/lib/python3.9/site-packages/airflow/example_dags/example_nested_branch_dag.py
[2022-11-06T22:08:08.511-0300] {processor.py:766} INFO - DAG(s) dict_keys(['example_nested_branch_dag']) retrieved from /home/debian/etlhausz/venv/lib/python3.9/site-packages/airflow/example_dags/example_nested_branch_dag.py
[2022-11-06T22:08:08.561-0300] {logging_mixin.py:120} INFO - [2022-11-06T22:08:08.561-0300] {dag.py:2585} INFO - Sync 1 DAGs
[2022-11-06T22:08:08.582-0300] {logging_mixin.py:120} INFO - [2022-11-06T22:08:08.582-0300] {dag.py:3336} INFO - Setting next_dagrun for example_nested_branch_dag to 2022-11-06T00:00:00+00:00, run_after=2022-11-07T00:00:00+00:00
[2022-11-06T22:08:08.613-0300] {processor.py:176} INFO - Processing /home/debian/etlhausz/venv/lib/python3.9/site-packages/airflow/example_dags/example_nested_branch_dag.py took 0.131 seconds
[2022-11-06T22:08:40.159-0300] {processor.py:154} INFO - Started process (PID=13691) to work on /home/debian/etlhausz/venv/lib/python3.9/site-packages/airflow/example_dags/example_nested_branch_dag.py
[2022-11-06T22:08:40.160-0300] {processor.py:756} INFO - Processing file /home/debian/etlhausz/venv/lib/python3.9/site-packages/airflow/example_dags/example_nested_branch_dag.py for tasks to queue
[2022-11-06T22:08:40.161-0300] {logging_mixin.py:120} INFO - [2022-11-06T22:08:40.161-0300] {dagbag.py:537} INFO - Filling up the DagBag from /home/debian/etlhausz/venv/lib/python3.9/site-packages/airflow/example_dags/example_nested_branch_dag.py
[2022-11-06T22:08:40.183-0300] {processor.py:766} INFO - DAG(s) dict_keys(['example_nested_branch_dag']) retrieved from /home/debian/etlhausz/venv/lib/python3.9/site-packages/airflow/example_dags/example_nested_branch_dag.py
[2022-11-06T22:08:40.223-0300] {logging_mixin.py:120} INFO - [2022-11-06T22:08:40.223-0300] {dag.py:2585} INFO - Sync 1 DAGs
[2022-11-06T22:08:40.254-0300] {logging_mixin.py:120} INFO - [2022-11-06T22:08:40.254-0300] {dag.py:3336} INFO - Setting next_dagrun for example_nested_branch_dag to 2022-11-06T00:00:00+00:00, run_after=2022-11-07T00:00:00+00:00
[2022-11-06T22:08:40.277-0300] {processor.py:176} INFO - Processing /home/debian/etlhausz/venv/lib/python3.9/site-packages/airflow/example_dags/example_nested_branch_dag.py took 0.122 seconds
[2022-11-06T22:09:12.577-0300] {processor.py:154} INFO - Started process (PID=14362) to work on /home/debian/etlhausz/venv/lib/python3.9/site-packages/airflow/example_dags/example_nested_branch_dag.py
[2022-11-06T22:09:12.580-0300] {processor.py:756} INFO - Processing file /home/debian/etlhausz/venv/lib/python3.9/site-packages/airflow/example_dags/example_nested_branch_dag.py for tasks to queue
[2022-11-06T22:09:12.581-0300] {logging_mixin.py:120} INFO - [2022-11-06T22:09:12.581-0300] {dagbag.py:537} INFO - Filling up the DagBag from /home/debian/etlhausz/venv/lib/python3.9/site-packages/airflow/example_dags/example_nested_branch_dag.py
[2022-11-06T22:09:12.620-0300] {processor.py:766} INFO - DAG(s) dict_keys(['example_nested_branch_dag']) retrieved from /home/debian/etlhausz/venv/lib/python3.9/site-packages/airflow/example_dags/example_nested_branch_dag.py
[2022-11-06T22:09:12.702-0300] {logging_mixin.py:120} INFO - [2022-11-06T22:09:12.702-0300] {dag.py:2585} INFO - Sync 1 DAGs
[2022-11-06T22:09:12.744-0300] {logging_mixin.py:120} INFO - [2022-11-06T22:09:12.744-0300] {dag.py:3336} INFO - Setting next_dagrun for example_nested_branch_dag to 2022-11-06T00:00:00+00:00, run_after=2022-11-07T00:00:00+00:00
[2022-11-06T22:09:12.787-0300] {processor.py:176} INFO - Processing /home/debian/etlhausz/venv/lib/python3.9/site-packages/airflow/example_dags/example_nested_branch_dag.py took 0.234 seconds
[2022-11-06T22:09:45.217-0300] {processor.py:154} INFO - Started process (PID=14984) to work on /home/debian/etlhausz/venv/lib/python3.9/site-packages/airflow/example_dags/example_nested_branch_dag.py
[2022-11-06T22:09:45.219-0300] {processor.py:756} INFO - Processing file /home/debian/etlhausz/venv/lib/python3.9/site-packages/airflow/example_dags/example_nested_branch_dag.py for tasks to queue
[2022-11-06T22:09:45.219-0300] {logging_mixin.py:120} INFO - [2022-11-06T22:09:45.219-0300] {dagbag.py:537} INFO - Filling up the DagBag from /home/debian/etlhausz/venv/lib/python3.9/site-packages/airflow/example_dags/example_nested_branch_dag.py
[2022-11-06T22:09:45.243-0300] {processor.py:766} INFO - DAG(s) dict_keys(['example_nested_branch_dag']) retrieved from /home/debian/etlhausz/venv/lib/python3.9/site-packages/airflow/example_dags/example_nested_branch_dag.py
[2022-11-06T22:09:45.296-0300] {logging_mixin.py:120} INFO - [2022-11-06T22:09:45.296-0300] {dag.py:2585} INFO - Sync 1 DAGs
[2022-11-06T22:09:45.323-0300] {logging_mixin.py:120} INFO - [2022-11-06T22:09:45.323-0300] {dag.py:3336} INFO - Setting next_dagrun for example_nested_branch_dag to 2022-11-06T00:00:00+00:00, run_after=2022-11-07T00:00:00+00:00
[2022-11-06T22:09:45.349-0300] {processor.py:176} INFO - Processing /home/debian/etlhausz/venv/lib/python3.9/site-packages/airflow/example_dags/example_nested_branch_dag.py took 0.135 seconds
[2022-11-06T22:10:17.174-0300] {processor.py:154} INFO - Started process (PID=15586) to work on /home/debian/etlhausz/venv/lib/python3.9/site-packages/airflow/example_dags/example_nested_branch_dag.py
[2022-11-06T22:10:17.175-0300] {processor.py:756} INFO - Processing file /home/debian/etlhausz/venv/lib/python3.9/site-packages/airflow/example_dags/example_nested_branch_dag.py for tasks to queue
[2022-11-06T22:10:17.178-0300] {logging_mixin.py:120} INFO - [2022-11-06T22:10:17.178-0300] {dagbag.py:537} INFO - Filling up the DagBag from /home/debian/etlhausz/venv/lib/python3.9/site-packages/airflow/example_dags/example_nested_branch_dag.py
[2022-11-06T22:10:17.198-0300] {processor.py:766} INFO - DAG(s) dict_keys(['example_nested_branch_dag']) retrieved from /home/debian/etlhausz/venv/lib/python3.9/site-packages/airflow/example_dags/example_nested_branch_dag.py
[2022-11-06T22:10:17.265-0300] {logging_mixin.py:120} INFO - [2022-11-06T22:10:17.265-0300] {dag.py:2585} INFO - Sync 1 DAGs
[2022-11-06T22:10:17.299-0300] {logging_mixin.py:120} INFO - [2022-11-06T22:10:17.299-0300] {dag.py:3336} INFO - Setting next_dagrun for example_nested_branch_dag to 2022-11-06T00:00:00+00:00, run_after=2022-11-07T00:00:00+00:00
[2022-11-06T22:10:17.325-0300] {processor.py:176} INFO - Processing /home/debian/etlhausz/venv/lib/python3.9/site-packages/airflow/example_dags/example_nested_branch_dag.py took 0.154 seconds
[2022-11-06T22:10:48.397-0300] {processor.py:154} INFO - Started process (PID=16199) to work on /home/debian/etlhausz/venv/lib/python3.9/site-packages/airflow/example_dags/example_nested_branch_dag.py
[2022-11-06T22:10:48.398-0300] {processor.py:756} INFO - Processing file /home/debian/etlhausz/venv/lib/python3.9/site-packages/airflow/example_dags/example_nested_branch_dag.py for tasks to queue
[2022-11-06T22:10:48.398-0300] {logging_mixin.py:120} INFO - [2022-11-06T22:10:48.398-0300] {dagbag.py:537} INFO - Filling up the DagBag from /home/debian/etlhausz/venv/lib/python3.9/site-packages/airflow/example_dags/example_nested_branch_dag.py
[2022-11-06T22:10:48.422-0300] {processor.py:766} INFO - DAG(s) dict_keys(['example_nested_branch_dag']) retrieved from /home/debian/etlhausz/venv/lib/python3.9/site-packages/airflow/example_dags/example_nested_branch_dag.py
[2022-11-06T22:10:48.522-0300] {logging_mixin.py:120} INFO - [2022-11-06T22:10:48.522-0300] {dag.py:2585} INFO - Sync 1 DAGs
[2022-11-06T22:10:48.582-0300] {logging_mixin.py:120} INFO - [2022-11-06T22:10:48.581-0300] {dag.py:3336} INFO - Setting next_dagrun for example_nested_branch_dag to 2022-11-06T00:00:00+00:00, run_after=2022-11-07T00:00:00+00:00
[2022-11-06T22:10:48.641-0300] {processor.py:176} INFO - Processing /home/debian/etlhausz/venv/lib/python3.9/site-packages/airflow/example_dags/example_nested_branch_dag.py took 0.248 seconds
[2022-11-06T22:11:22.322-0300] {processor.py:154} INFO - Started process (PID=16801) to work on /home/debian/etlhausz/venv/lib/python3.9/site-packages/airflow/example_dags/example_nested_branch_dag.py
[2022-11-06T22:11:22.324-0300] {processor.py:756} INFO - Processing file /home/debian/etlhausz/venv/lib/python3.9/site-packages/airflow/example_dags/example_nested_branch_dag.py for tasks to queue
[2022-11-06T22:11:22.325-0300] {logging_mixin.py:120} INFO - [2022-11-06T22:11:22.324-0300] {dagbag.py:537} INFO - Filling up the DagBag from /home/debian/etlhausz/venv/lib/python3.9/site-packages/airflow/example_dags/example_nested_branch_dag.py
[2022-11-06T22:11:22.345-0300] {processor.py:766} INFO - DAG(s) dict_keys(['example_nested_branch_dag']) retrieved from /home/debian/etlhausz/venv/lib/python3.9/site-packages/airflow/example_dags/example_nested_branch_dag.py
[2022-11-06T22:11:22.405-0300] {logging_mixin.py:120} INFO - [2022-11-06T22:11:22.404-0300] {dag.py:2585} INFO - Sync 1 DAGs
[2022-11-06T22:11:22.553-0300] {logging_mixin.py:120} INFO - [2022-11-06T22:11:22.553-0300] {dag.py:3336} INFO - Setting next_dagrun for example_nested_branch_dag to 2022-11-06T00:00:00+00:00, run_after=2022-11-07T00:00:00+00:00
[2022-11-06T22:11:22.576-0300] {processor.py:176} INFO - Processing /home/debian/etlhausz/venv/lib/python3.9/site-packages/airflow/example_dags/example_nested_branch_dag.py took 0.257 seconds
[2022-11-06T22:11:56.872-0300] {processor.py:154} INFO - Started process (PID=17350) to work on /home/debian/etlhausz/venv/lib/python3.9/site-packages/airflow/example_dags/example_nested_branch_dag.py
[2022-11-06T22:11:56.877-0300] {processor.py:756} INFO - Processing file /home/debian/etlhausz/venv/lib/python3.9/site-packages/airflow/example_dags/example_nested_branch_dag.py for tasks to queue
[2022-11-06T22:11:56.878-0300] {logging_mixin.py:120} INFO - [2022-11-06T22:11:56.878-0300] {dagbag.py:537} INFO - Filling up the DagBag from /home/debian/etlhausz/venv/lib/python3.9/site-packages/airflow/example_dags/example_nested_branch_dag.py
[2022-11-06T22:11:56.987-0300] {processor.py:766} INFO - DAG(s) dict_keys(['example_nested_branch_dag']) retrieved from /home/debian/etlhausz/venv/lib/python3.9/site-packages/airflow/example_dags/example_nested_branch_dag.py
[2022-11-06T22:11:57.088-0300] {logging_mixin.py:120} INFO - [2022-11-06T22:11:57.086-0300] {dag.py:2585} INFO - Sync 1 DAGs
[2022-11-06T22:11:57.217-0300] {logging_mixin.py:120} INFO - [2022-11-06T22:11:57.217-0300] {dag.py:3336} INFO - Setting next_dagrun for example_nested_branch_dag to 2022-11-06T00:00:00+00:00, run_after=2022-11-07T00:00:00+00:00
[2022-11-06T22:11:57.245-0300] {processor.py:176} INFO - Processing /home/debian/etlhausz/venv/lib/python3.9/site-packages/airflow/example_dags/example_nested_branch_dag.py took 0.410 seconds
[2022-11-06T22:12:27.845-0300] {processor.py:154} INFO - Started process (PID=17941) to work on /home/debian/etlhausz/venv/lib/python3.9/site-packages/airflow/example_dags/example_nested_branch_dag.py
[2022-11-06T22:12:27.846-0300] {processor.py:756} INFO - Processing file /home/debian/etlhausz/venv/lib/python3.9/site-packages/airflow/example_dags/example_nested_branch_dag.py for tasks to queue
[2022-11-06T22:12:27.847-0300] {logging_mixin.py:120} INFO - [2022-11-06T22:12:27.847-0300] {dagbag.py:537} INFO - Filling up the DagBag from /home/debian/etlhausz/venv/lib/python3.9/site-packages/airflow/example_dags/example_nested_branch_dag.py
[2022-11-06T22:12:27.867-0300] {processor.py:766} INFO - DAG(s) dict_keys(['example_nested_branch_dag']) retrieved from /home/debian/etlhausz/venv/lib/python3.9/site-packages/airflow/example_dags/example_nested_branch_dag.py
[2022-11-06T22:12:28.020-0300] {logging_mixin.py:120} INFO - [2022-11-06T22:12:28.020-0300] {dag.py:2585} INFO - Sync 1 DAGs
[2022-11-06T22:12:28.053-0300] {logging_mixin.py:120} INFO - [2022-11-06T22:12:28.052-0300] {dag.py:3336} INFO - Setting next_dagrun for example_nested_branch_dag to 2022-11-06T00:00:00+00:00, run_after=2022-11-07T00:00:00+00:00
[2022-11-06T22:12:28.082-0300] {processor.py:176} INFO - Processing /home/debian/etlhausz/venv/lib/python3.9/site-packages/airflow/example_dags/example_nested_branch_dag.py took 0.242 seconds
[2022-11-06T22:13:00.030-0300] {processor.py:154} INFO - Started process (PID=18591) to work on /home/debian/etlhausz/venv/lib/python3.9/site-packages/airflow/example_dags/example_nested_branch_dag.py
[2022-11-06T22:13:00.032-0300] {processor.py:756} INFO - Processing file /home/debian/etlhausz/venv/lib/python3.9/site-packages/airflow/example_dags/example_nested_branch_dag.py for tasks to queue
[2022-11-06T22:13:00.033-0300] {logging_mixin.py:120} INFO - [2022-11-06T22:13:00.032-0300] {dagbag.py:537} INFO - Filling up the DagBag from /home/debian/etlhausz/venv/lib/python3.9/site-packages/airflow/example_dags/example_nested_branch_dag.py
[2022-11-06T22:13:00.054-0300] {processor.py:766} INFO - DAG(s) dict_keys(['example_nested_branch_dag']) retrieved from /home/debian/etlhausz/venv/lib/python3.9/site-packages/airflow/example_dags/example_nested_branch_dag.py
[2022-11-06T22:13:00.227-0300] {logging_mixin.py:120} INFO - [2022-11-06T22:13:00.227-0300] {dag.py:2585} INFO - Sync 1 DAGs
[2022-11-06T22:13:00.261-0300] {logging_mixin.py:120} INFO - [2022-11-06T22:13:00.260-0300] {dag.py:3336} INFO - Setting next_dagrun for example_nested_branch_dag to 2022-11-06T00:00:00+00:00, run_after=2022-11-07T00:00:00+00:00
[2022-11-06T22:13:00.294-0300] {processor.py:176} INFO - Processing /home/debian/etlhausz/venv/lib/python3.9/site-packages/airflow/example_dags/example_nested_branch_dag.py took 0.266 seconds
[2022-11-06T22:13:31.876-0300] {processor.py:154} INFO - Started process (PID=19200) to work on /home/debian/etlhausz/venv/lib/python3.9/site-packages/airflow/example_dags/example_nested_branch_dag.py
[2022-11-06T22:13:31.878-0300] {processor.py:756} INFO - Processing file /home/debian/etlhausz/venv/lib/python3.9/site-packages/airflow/example_dags/example_nested_branch_dag.py for tasks to queue
[2022-11-06T22:13:31.879-0300] {logging_mixin.py:120} INFO - [2022-11-06T22:13:31.879-0300] {dagbag.py:537} INFO - Filling up the DagBag from /home/debian/etlhausz/venv/lib/python3.9/site-packages/airflow/example_dags/example_nested_branch_dag.py
[2022-11-06T22:13:31.923-0300] {processor.py:766} INFO - DAG(s) dict_keys(['example_nested_branch_dag']) retrieved from /home/debian/etlhausz/venv/lib/python3.9/site-packages/airflow/example_dags/example_nested_branch_dag.py
[2022-11-06T22:13:31.985-0300] {logging_mixin.py:120} INFO - [2022-11-06T22:13:31.984-0300] {dag.py:2585} INFO - Sync 1 DAGs
[2022-11-06T22:13:32.171-0300] {logging_mixin.py:120} INFO - [2022-11-06T22:13:32.170-0300] {dag.py:3336} INFO - Setting next_dagrun for example_nested_branch_dag to 2022-11-06T00:00:00+00:00, run_after=2022-11-07T00:00:00+00:00
[2022-11-06T22:13:32.202-0300] {processor.py:176} INFO - Processing /home/debian/etlhausz/venv/lib/python3.9/site-packages/airflow/example_dags/example_nested_branch_dag.py took 0.331 seconds
[2022-11-06T22:14:03.682-0300] {processor.py:154} INFO - Started process (PID=19796) to work on /home/debian/etlhausz/venv/lib/python3.9/site-packages/airflow/example_dags/example_nested_branch_dag.py
[2022-11-06T22:14:03.685-0300] {processor.py:756} INFO - Processing file /home/debian/etlhausz/venv/lib/python3.9/site-packages/airflow/example_dags/example_nested_branch_dag.py for tasks to queue
[2022-11-06T22:14:03.686-0300] {logging_mixin.py:120} INFO - [2022-11-06T22:14:03.686-0300] {dagbag.py:537} INFO - Filling up the DagBag from /home/debian/etlhausz/venv/lib/python3.9/site-packages/airflow/example_dags/example_nested_branch_dag.py
[2022-11-06T22:14:03.705-0300] {processor.py:766} INFO - DAG(s) dict_keys(['example_nested_branch_dag']) retrieved from /home/debian/etlhausz/venv/lib/python3.9/site-packages/airflow/example_dags/example_nested_branch_dag.py
[2022-11-06T22:14:03.771-0300] {logging_mixin.py:120} INFO - [2022-11-06T22:14:03.771-0300] {dag.py:2585} INFO - Sync 1 DAGs
[2022-11-06T22:14:03.912-0300] {logging_mixin.py:120} INFO - [2022-11-06T22:14:03.912-0300] {dag.py:3336} INFO - Setting next_dagrun for example_nested_branch_dag to 2022-11-06T00:00:00+00:00, run_after=2022-11-07T00:00:00+00:00
[2022-11-06T22:14:03.934-0300] {processor.py:176} INFO - Processing /home/debian/etlhausz/venv/lib/python3.9/site-packages/airflow/example_dags/example_nested_branch_dag.py took 0.255 seconds
[2022-11-06T22:14:36.392-0300] {processor.py:154} INFO - Started process (PID=20421) to work on /home/debian/etlhausz/venv/lib/python3.9/site-packages/airflow/example_dags/example_nested_branch_dag.py
[2022-11-06T22:14:36.394-0300] {processor.py:756} INFO - Processing file /home/debian/etlhausz/venv/lib/python3.9/site-packages/airflow/example_dags/example_nested_branch_dag.py for tasks to queue
[2022-11-06T22:14:36.394-0300] {logging_mixin.py:120} INFO - [2022-11-06T22:14:36.394-0300] {dagbag.py:537} INFO - Filling up the DagBag from /home/debian/etlhausz/venv/lib/python3.9/site-packages/airflow/example_dags/example_nested_branch_dag.py
[2022-11-06T22:14:36.415-0300] {processor.py:766} INFO - DAG(s) dict_keys(['example_nested_branch_dag']) retrieved from /home/debian/etlhausz/venv/lib/python3.9/site-packages/airflow/example_dags/example_nested_branch_dag.py
[2022-11-06T22:14:36.547-0300] {logging_mixin.py:120} INFO - [2022-11-06T22:14:36.547-0300] {dag.py:2585} INFO - Sync 1 DAGs
[2022-11-06T22:14:36.566-0300] {logging_mixin.py:120} INFO - [2022-11-06T22:14:36.566-0300] {dag.py:3336} INFO - Setting next_dagrun for example_nested_branch_dag to 2022-11-06T00:00:00+00:00, run_after=2022-11-07T00:00:00+00:00
[2022-11-06T22:14:36.586-0300] {processor.py:176} INFO - Processing /home/debian/etlhausz/venv/lib/python3.9/site-packages/airflow/example_dags/example_nested_branch_dag.py took 0.197 seconds
[2022-11-06T22:15:08.273-0300] {processor.py:154} INFO - Started process (PID=20945) to work on /home/debian/etlhausz/venv/lib/python3.9/site-packages/airflow/example_dags/example_nested_branch_dag.py
[2022-11-06T22:15:08.274-0300] {processor.py:756} INFO - Processing file /home/debian/etlhausz/venv/lib/python3.9/site-packages/airflow/example_dags/example_nested_branch_dag.py for tasks to queue
[2022-11-06T22:15:08.275-0300] {logging_mixin.py:120} INFO - [2022-11-06T22:15:08.275-0300] {dagbag.py:537} INFO - Filling up the DagBag from /home/debian/etlhausz/venv/lib/python3.9/site-packages/airflow/example_dags/example_nested_branch_dag.py
[2022-11-06T22:15:08.372-0300] {processor.py:766} INFO - DAG(s) dict_keys(['example_nested_branch_dag']) retrieved from /home/debian/etlhausz/venv/lib/python3.9/site-packages/airflow/example_dags/example_nested_branch_dag.py
[2022-11-06T22:15:08.418-0300] {logging_mixin.py:120} INFO - [2022-11-06T22:15:08.418-0300] {dag.py:2585} INFO - Sync 1 DAGs
[2022-11-06T22:15:08.439-0300] {logging_mixin.py:120} INFO - [2022-11-06T22:15:08.439-0300] {dag.py:3336} INFO - Setting next_dagrun for example_nested_branch_dag to 2022-11-06T00:00:00+00:00, run_after=2022-11-07T00:00:00+00:00
[2022-11-06T22:15:08.461-0300] {processor.py:176} INFO - Processing /home/debian/etlhausz/venv/lib/python3.9/site-packages/airflow/example_dags/example_nested_branch_dag.py took 0.190 seconds
[2022-11-06T22:15:40.519-0300] {processor.py:154} INFO - Started process (PID=21613) to work on /home/debian/etlhausz/venv/lib/python3.9/site-packages/airflow/example_dags/example_nested_branch_dag.py
[2022-11-06T22:15:40.521-0300] {processor.py:756} INFO - Processing file /home/debian/etlhausz/venv/lib/python3.9/site-packages/airflow/example_dags/example_nested_branch_dag.py for tasks to queue
[2022-11-06T22:15:40.521-0300] {logging_mixin.py:120} INFO - [2022-11-06T22:15:40.521-0300] {dagbag.py:537} INFO - Filling up the DagBag from /home/debian/etlhausz/venv/lib/python3.9/site-packages/airflow/example_dags/example_nested_branch_dag.py
[2022-11-06T22:15:40.544-0300] {processor.py:766} INFO - DAG(s) dict_keys(['example_nested_branch_dag']) retrieved from /home/debian/etlhausz/venv/lib/python3.9/site-packages/airflow/example_dags/example_nested_branch_dag.py
[2022-11-06T22:15:40.603-0300] {logging_mixin.py:120} INFO - [2022-11-06T22:15:40.602-0300] {dag.py:2585} INFO - Sync 1 DAGs
[2022-11-06T22:15:40.735-0300] {logging_mixin.py:120} INFO - [2022-11-06T22:15:40.735-0300] {dag.py:3336} INFO - Setting next_dagrun for example_nested_branch_dag to 2022-11-06T00:00:00+00:00, run_after=2022-11-07T00:00:00+00:00
[2022-11-06T22:15:40.763-0300] {processor.py:176} INFO - Processing /home/debian/etlhausz/venv/lib/python3.9/site-packages/airflow/example_dags/example_nested_branch_dag.py took 0.246 seconds
[2022-11-06T22:16:12.330-0300] {processor.py:154} INFO - Started process (PID=22232) to work on /home/debian/etlhausz/venv/lib/python3.9/site-packages/airflow/example_dags/example_nested_branch_dag.py
[2022-11-06T22:16:12.341-0300] {processor.py:756} INFO - Processing file /home/debian/etlhausz/venv/lib/python3.9/site-packages/airflow/example_dags/example_nested_branch_dag.py for tasks to queue
[2022-11-06T22:16:12.341-0300] {logging_mixin.py:120} INFO - [2022-11-06T22:16:12.341-0300] {dagbag.py:537} INFO - Filling up the DagBag from /home/debian/etlhausz/venv/lib/python3.9/site-packages/airflow/example_dags/example_nested_branch_dag.py
[2022-11-06T22:16:12.366-0300] {processor.py:766} INFO - DAG(s) dict_keys(['example_nested_branch_dag']) retrieved from /home/debian/etlhausz/venv/lib/python3.9/site-packages/airflow/example_dags/example_nested_branch_dag.py
[2022-11-06T22:16:12.528-0300] {logging_mixin.py:120} INFO - [2022-11-06T22:16:12.528-0300] {dag.py:2585} INFO - Sync 1 DAGs
[2022-11-06T22:16:12.560-0300] {logging_mixin.py:120} INFO - [2022-11-06T22:16:12.560-0300] {dag.py:3336} INFO - Setting next_dagrun for example_nested_branch_dag to 2022-11-06T00:00:00+00:00, run_after=2022-11-07T00:00:00+00:00
[2022-11-06T22:16:12.590-0300] {processor.py:176} INFO - Processing /home/debian/etlhausz/venv/lib/python3.9/site-packages/airflow/example_dags/example_nested_branch_dag.py took 0.269 seconds
[2022-11-06T22:16:45.287-0300] {processor.py:154} INFO - Started process (PID=22852) to work on /home/debian/etlhausz/venv/lib/python3.9/site-packages/airflow/example_dags/example_nested_branch_dag.py
[2022-11-06T22:16:45.288-0300] {processor.py:756} INFO - Processing file /home/debian/etlhausz/venv/lib/python3.9/site-packages/airflow/example_dags/example_nested_branch_dag.py for tasks to queue
[2022-11-06T22:16:45.289-0300] {logging_mixin.py:120} INFO - [2022-11-06T22:16:45.288-0300] {dagbag.py:537} INFO - Filling up the DagBag from /home/debian/etlhausz/venv/lib/python3.9/site-packages/airflow/example_dags/example_nested_branch_dag.py
[2022-11-06T22:16:45.309-0300] {processor.py:766} INFO - DAG(s) dict_keys(['example_nested_branch_dag']) retrieved from /home/debian/etlhausz/venv/lib/python3.9/site-packages/airflow/example_dags/example_nested_branch_dag.py
[2022-11-06T22:16:45.452-0300] {logging_mixin.py:120} INFO - [2022-11-06T22:16:45.452-0300] {dag.py:2585} INFO - Sync 1 DAGs
[2022-11-06T22:16:45.473-0300] {logging_mixin.py:120} INFO - [2022-11-06T22:16:45.473-0300] {dag.py:3336} INFO - Setting next_dagrun for example_nested_branch_dag to 2022-11-06T00:00:00+00:00, run_after=2022-11-07T00:00:00+00:00
[2022-11-06T22:16:45.495-0300] {processor.py:176} INFO - Processing /home/debian/etlhausz/venv/lib/python3.9/site-packages/airflow/example_dags/example_nested_branch_dag.py took 0.212 seconds
[2022-11-06T22:17:17.038-0300] {processor.py:154} INFO - Started process (PID=23421) to work on /home/debian/etlhausz/venv/lib/python3.9/site-packages/airflow/example_dags/example_nested_branch_dag.py
[2022-11-06T22:17:17.039-0300] {processor.py:756} INFO - Processing file /home/debian/etlhausz/venv/lib/python3.9/site-packages/airflow/example_dags/example_nested_branch_dag.py for tasks to queue
[2022-11-06T22:17:17.040-0300] {logging_mixin.py:120} INFO - [2022-11-06T22:17:17.040-0300] {dagbag.py:537} INFO - Filling up the DagBag from /home/debian/etlhausz/venv/lib/python3.9/site-packages/airflow/example_dags/example_nested_branch_dag.py
[2022-11-06T22:17:17.181-0300] {processor.py:766} INFO - DAG(s) dict_keys(['example_nested_branch_dag']) retrieved from /home/debian/etlhausz/venv/lib/python3.9/site-packages/airflow/example_dags/example_nested_branch_dag.py
[2022-11-06T22:17:17.237-0300] {logging_mixin.py:120} INFO - [2022-11-06T22:17:17.237-0300] {dag.py:2585} INFO - Sync 1 DAGs
[2022-11-06T22:17:17.273-0300] {logging_mixin.py:120} INFO - [2022-11-06T22:17:17.273-0300] {dag.py:3336} INFO - Setting next_dagrun for example_nested_branch_dag to 2022-11-06T00:00:00+00:00, run_after=2022-11-07T00:00:00+00:00
[2022-11-06T22:17:17.330-0300] {processor.py:176} INFO - Processing /home/debian/etlhausz/venv/lib/python3.9/site-packages/airflow/example_dags/example_nested_branch_dag.py took 0.295 seconds
[2022-11-06T22:17:48.368-0300] {processor.py:154} INFO - Started process (PID=24061) to work on /home/debian/etlhausz/venv/lib/python3.9/site-packages/airflow/example_dags/example_nested_branch_dag.py
[2022-11-06T22:17:48.370-0300] {processor.py:756} INFO - Processing file /home/debian/etlhausz/venv/lib/python3.9/site-packages/airflow/example_dags/example_nested_branch_dag.py for tasks to queue
[2022-11-06T22:17:48.370-0300] {logging_mixin.py:120} INFO - [2022-11-06T22:17:48.370-0300] {dagbag.py:537} INFO - Filling up the DagBag from /home/debian/etlhausz/venv/lib/python3.9/site-packages/airflow/example_dags/example_nested_branch_dag.py
[2022-11-06T22:17:48.389-0300] {processor.py:766} INFO - DAG(s) dict_keys(['example_nested_branch_dag']) retrieved from /home/debian/etlhausz/venv/lib/python3.9/site-packages/airflow/example_dags/example_nested_branch_dag.py
[2022-11-06T22:17:48.433-0300] {logging_mixin.py:120} INFO - [2022-11-06T22:17:48.433-0300] {dag.py:2585} INFO - Sync 1 DAGs
[2022-11-06T22:17:48.543-0300] {logging_mixin.py:120} INFO - [2022-11-06T22:17:48.543-0300] {dag.py:3336} INFO - Setting next_dagrun for example_nested_branch_dag to 2022-11-06T00:00:00+00:00, run_after=2022-11-07T00:00:00+00:00
[2022-11-06T22:17:48.564-0300] {processor.py:176} INFO - Processing /home/debian/etlhausz/venv/lib/python3.9/site-packages/airflow/example_dags/example_nested_branch_dag.py took 0.198 seconds
[2022-11-06T22:18:19.002-0300] {processor.py:154} INFO - Started process (PID=24674) to work on /home/debian/etlhausz/venv/lib/python3.9/site-packages/airflow/example_dags/example_nested_branch_dag.py
[2022-11-06T22:18:19.004-0300] {processor.py:756} INFO - Processing file /home/debian/etlhausz/venv/lib/python3.9/site-packages/airflow/example_dags/example_nested_branch_dag.py for tasks to queue
[2022-11-06T22:18:19.004-0300] {logging_mixin.py:120} INFO - [2022-11-06T22:18:19.004-0300] {dagbag.py:537} INFO - Filling up the DagBag from /home/debian/etlhausz/venv/lib/python3.9/site-packages/airflow/example_dags/example_nested_branch_dag.py
[2022-11-06T22:18:19.023-0300] {processor.py:766} INFO - DAG(s) dict_keys(['example_nested_branch_dag']) retrieved from /home/debian/etlhausz/venv/lib/python3.9/site-packages/airflow/example_dags/example_nested_branch_dag.py
[2022-11-06T22:18:19.149-0300] {logging_mixin.py:120} INFO - [2022-11-06T22:18:19.149-0300] {dag.py:2585} INFO - Sync 1 DAGs
[2022-11-06T22:18:19.168-0300] {logging_mixin.py:120} INFO - [2022-11-06T22:18:19.168-0300] {dag.py:3336} INFO - Setting next_dagrun for example_nested_branch_dag to 2022-11-06T00:00:00+00:00, run_after=2022-11-07T00:00:00+00:00
[2022-11-06T22:18:19.185-0300] {processor.py:176} INFO - Processing /home/debian/etlhausz/venv/lib/python3.9/site-packages/airflow/example_dags/example_nested_branch_dag.py took 0.185 seconds
[2022-11-06T22:18:52.601-0300] {processor.py:154} INFO - Started process (PID=25328) to work on /home/debian/etlhausz/venv/lib/python3.9/site-packages/airflow/example_dags/example_nested_branch_dag.py
[2022-11-06T22:18:52.602-0300] {processor.py:756} INFO - Processing file /home/debian/etlhausz/venv/lib/python3.9/site-packages/airflow/example_dags/example_nested_branch_dag.py for tasks to queue
[2022-11-06T22:18:52.603-0300] {logging_mixin.py:120} INFO - [2022-11-06T22:18:52.603-0300] {dagbag.py:537} INFO - Filling up the DagBag from /home/debian/etlhausz/venv/lib/python3.9/site-packages/airflow/example_dags/example_nested_branch_dag.py
[2022-11-06T22:18:52.641-0300] {processor.py:766} INFO - DAG(s) dict_keys(['example_nested_branch_dag']) retrieved from /home/debian/etlhausz/venv/lib/python3.9/site-packages/airflow/example_dags/example_nested_branch_dag.py
[2022-11-06T22:18:52.942-0300] {logging_mixin.py:120} INFO - [2022-11-06T22:18:52.941-0300] {dag.py:2585} INFO - Sync 1 DAGs
[2022-11-06T22:18:52.987-0300] {logging_mixin.py:120} INFO - [2022-11-06T22:18:52.987-0300] {dag.py:3336} INFO - Setting next_dagrun for example_nested_branch_dag to 2022-11-06T00:00:00+00:00, run_after=2022-11-07T00:00:00+00:00
[2022-11-06T22:18:53.039-0300] {processor.py:176} INFO - Processing /home/debian/etlhausz/venv/lib/python3.9/site-packages/airflow/example_dags/example_nested_branch_dag.py took 0.441 seconds
[2022-11-06T22:19:18.533-0300] {processor.py:154} INFO - Started process (PID=26227) to work on /home/debian/etlhausz/venv/lib/python3.9/site-packages/airflow/example_dags/example_nested_branch_dag.py
[2022-11-06T22:19:18.559-0300] {processor.py:756} INFO - Processing file /home/debian/etlhausz/venv/lib/python3.9/site-packages/airflow/example_dags/example_nested_branch_dag.py for tasks to queue
[2022-11-06T22:19:18.576-0300] {logging_mixin.py:120} INFO - [2022-11-06T22:19:18.576-0300] {dagbag.py:537} INFO - Filling up the DagBag from /home/debian/etlhausz/venv/lib/python3.9/site-packages/airflow/example_dags/example_nested_branch_dag.py
[2022-11-06T22:19:18.654-0300] {processor.py:766} INFO - DAG(s) dict_keys(['example_nested_branch_dag']) retrieved from /home/debian/etlhausz/venv/lib/python3.9/site-packages/airflow/example_dags/example_nested_branch_dag.py
[2022-11-06T22:19:18.859-0300] {logging_mixin.py:120} INFO - [2022-11-06T22:19:18.859-0300] {dag.py:2585} INFO - Sync 1 DAGs
[2022-11-06T22:19:18.922-0300] {logging_mixin.py:120} INFO - [2022-11-06T22:19:18.922-0300] {dag.py:3336} INFO - Setting next_dagrun for example_nested_branch_dag to 2022-11-06T00:00:00+00:00, run_after=2022-11-07T00:00:00+00:00
[2022-11-06T22:19:19.057-0300] {processor.py:176} INFO - Processing /home/debian/etlhausz/venv/lib/python3.9/site-packages/airflow/example_dags/example_nested_branch_dag.py took 0.537 seconds
[2022-11-06T22:19:49.328-0300] {processor.py:154} INFO - Started process (PID=26777) to work on /home/debian/etlhausz/venv/lib/python3.9/site-packages/airflow/example_dags/example_nested_branch_dag.py
[2022-11-06T22:19:49.332-0300] {processor.py:756} INFO - Processing file /home/debian/etlhausz/venv/lib/python3.9/site-packages/airflow/example_dags/example_nested_branch_dag.py for tasks to queue
[2022-11-06T22:19:49.353-0300] {logging_mixin.py:120} INFO - [2022-11-06T22:19:49.353-0300] {dagbag.py:537} INFO - Filling up the DagBag from /home/debian/etlhausz/venv/lib/python3.9/site-packages/airflow/example_dags/example_nested_branch_dag.py
[2022-11-06T22:19:49.462-0300] {processor.py:766} INFO - DAG(s) dict_keys(['example_nested_branch_dag']) retrieved from /home/debian/etlhausz/venv/lib/python3.9/site-packages/airflow/example_dags/example_nested_branch_dag.py
[2022-11-06T22:19:49.529-0300] {logging_mixin.py:120} INFO - [2022-11-06T22:19:49.529-0300] {dag.py:2585} INFO - Sync 1 DAGs
[2022-11-06T22:19:49.555-0300] {logging_mixin.py:120} INFO - [2022-11-06T22:19:49.554-0300] {dag.py:3336} INFO - Setting next_dagrun for example_nested_branch_dag to 2022-11-06T00:00:00+00:00, run_after=2022-11-07T00:00:00+00:00
[2022-11-06T22:19:49.569-0300] {processor.py:176} INFO - Processing /home/debian/etlhausz/venv/lib/python3.9/site-packages/airflow/example_dags/example_nested_branch_dag.py took 0.252 seconds
[2022-11-06T22:20:21.777-0300] {processor.py:154} INFO - Started process (PID=27595) to work on /home/debian/etlhausz/venv/lib/python3.9/site-packages/airflow/example_dags/example_nested_branch_dag.py
[2022-11-06T22:20:21.778-0300] {processor.py:756} INFO - Processing file /home/debian/etlhausz/venv/lib/python3.9/site-packages/airflow/example_dags/example_nested_branch_dag.py for tasks to queue
[2022-11-06T22:20:21.778-0300] {logging_mixin.py:120} INFO - [2022-11-06T22:20:21.778-0300] {dagbag.py:537} INFO - Filling up the DagBag from /home/debian/etlhausz/venv/lib/python3.9/site-packages/airflow/example_dags/example_nested_branch_dag.py
[2022-11-06T22:20:21.821-0300] {processor.py:766} INFO - DAG(s) dict_keys(['example_nested_branch_dag']) retrieved from /home/debian/etlhausz/venv/lib/python3.9/site-packages/airflow/example_dags/example_nested_branch_dag.py
[2022-11-06T22:20:21.879-0300] {logging_mixin.py:120} INFO - [2022-11-06T22:20:21.879-0300] {dag.py:2585} INFO - Sync 1 DAGs
[2022-11-06T22:20:21.905-0300] {logging_mixin.py:120} INFO - [2022-11-06T22:20:21.905-0300] {dag.py:3336} INFO - Setting next_dagrun for example_nested_branch_dag to 2022-11-06T00:00:00+00:00, run_after=2022-11-07T00:00:00+00:00
[2022-11-06T22:20:21.931-0300] {processor.py:176} INFO - Processing /home/debian/etlhausz/venv/lib/python3.9/site-packages/airflow/example_dags/example_nested_branch_dag.py took 0.157 seconds
[2022-11-06T22:20:53.381-0300] {processor.py:154} INFO - Started process (PID=28252) to work on /home/debian/etlhausz/venv/lib/python3.9/site-packages/airflow/example_dags/example_nested_branch_dag.py
[2022-11-06T22:20:53.387-0300] {processor.py:756} INFO - Processing file /home/debian/etlhausz/venv/lib/python3.9/site-packages/airflow/example_dags/example_nested_branch_dag.py for tasks to queue
[2022-11-06T22:20:53.393-0300] {logging_mixin.py:120} INFO - [2022-11-06T22:20:53.393-0300] {dagbag.py:537} INFO - Filling up the DagBag from /home/debian/etlhausz/venv/lib/python3.9/site-packages/airflow/example_dags/example_nested_branch_dag.py
[2022-11-06T22:20:53.417-0300] {processor.py:766} INFO - DAG(s) dict_keys(['example_nested_branch_dag']) retrieved from /home/debian/etlhausz/venv/lib/python3.9/site-packages/airflow/example_dags/example_nested_branch_dag.py
[2022-11-06T22:20:53.461-0300] {logging_mixin.py:120} INFO - [2022-11-06T22:20:53.460-0300] {dag.py:2585} INFO - Sync 1 DAGs
[2022-11-06T22:20:53.486-0300] {logging_mixin.py:120} INFO - [2022-11-06T22:20:53.486-0300] {dag.py:3336} INFO - Setting next_dagrun for example_nested_branch_dag to 2022-11-06T00:00:00+00:00, run_after=2022-11-07T00:00:00+00:00
[2022-11-06T22:20:53.536-0300] {processor.py:176} INFO - Processing /home/debian/etlhausz/venv/lib/python3.9/site-packages/airflow/example_dags/example_nested_branch_dag.py took 0.166 seconds
[2022-11-06T22:21:27.417-0300] {processor.py:154} INFO - Started process (PID=28902) to work on /home/debian/etlhausz/venv/lib/python3.9/site-packages/airflow/example_dags/example_nested_branch_dag.py
[2022-11-06T22:21:27.421-0300] {processor.py:756} INFO - Processing file /home/debian/etlhausz/venv/lib/python3.9/site-packages/airflow/example_dags/example_nested_branch_dag.py for tasks to queue
[2022-11-06T22:21:27.423-0300] {logging_mixin.py:120} INFO - [2022-11-06T22:21:27.422-0300] {dagbag.py:537} INFO - Filling up the DagBag from /home/debian/etlhausz/venv/lib/python3.9/site-packages/airflow/example_dags/example_nested_branch_dag.py
[2022-11-06T22:21:27.585-0300] {processor.py:766} INFO - DAG(s) dict_keys(['example_nested_branch_dag']) retrieved from /home/debian/etlhausz/venv/lib/python3.9/site-packages/airflow/example_dags/example_nested_branch_dag.py
[2022-11-06T22:21:27.764-0300] {logging_mixin.py:120} INFO - [2022-11-06T22:21:27.764-0300] {dag.py:2585} INFO - Sync 1 DAGs
[2022-11-06T22:21:27.901-0300] {logging_mixin.py:120} INFO - [2022-11-06T22:21:27.901-0300] {dag.py:3336} INFO - Setting next_dagrun for example_nested_branch_dag to 2022-11-06T00:00:00+00:00, run_after=2022-11-07T00:00:00+00:00
[2022-11-06T22:21:27.985-0300] {processor.py:176} INFO - Processing /home/debian/etlhausz/venv/lib/python3.9/site-packages/airflow/example_dags/example_nested_branch_dag.py took 0.570 seconds
[2022-11-06T22:21:58.799-0300] {processor.py:154} INFO - Started process (PID=29381) to work on /home/debian/etlhausz/venv/lib/python3.9/site-packages/airflow/example_dags/example_nested_branch_dag.py
[2022-11-06T22:21:58.800-0300] {processor.py:756} INFO - Processing file /home/debian/etlhausz/venv/lib/python3.9/site-packages/airflow/example_dags/example_nested_branch_dag.py for tasks to queue
[2022-11-06T22:21:58.801-0300] {logging_mixin.py:120} INFO - [2022-11-06T22:21:58.801-0300] {dagbag.py:537} INFO - Filling up the DagBag from /home/debian/etlhausz/venv/lib/python3.9/site-packages/airflow/example_dags/example_nested_branch_dag.py
[2022-11-06T22:21:58.849-0300] {processor.py:766} INFO - DAG(s) dict_keys(['example_nested_branch_dag']) retrieved from /home/debian/etlhausz/venv/lib/python3.9/site-packages/airflow/example_dags/example_nested_branch_dag.py
[2022-11-06T22:21:58.910-0300] {logging_mixin.py:120} INFO - [2022-11-06T22:21:58.909-0300] {dag.py:2585} INFO - Sync 1 DAGs
[2022-11-06T22:21:58.933-0300] {logging_mixin.py:120} INFO - [2022-11-06T22:21:58.933-0300] {dag.py:3336} INFO - Setting next_dagrun for example_nested_branch_dag to 2022-11-06T00:00:00+00:00, run_after=2022-11-07T00:00:00+00:00
[2022-11-06T22:21:58.965-0300] {processor.py:176} INFO - Processing /home/debian/etlhausz/venv/lib/python3.9/site-packages/airflow/example_dags/example_nested_branch_dag.py took 0.173 seconds
[2022-11-06T22:22:29.320-0300] {processor.py:154} INFO - Started process (PID=30024) to work on /home/debian/etlhausz/venv/lib/python3.9/site-packages/airflow/example_dags/example_nested_branch_dag.py
[2022-11-06T22:22:29.321-0300] {processor.py:756} INFO - Processing file /home/debian/etlhausz/venv/lib/python3.9/site-packages/airflow/example_dags/example_nested_branch_dag.py for tasks to queue
[2022-11-06T22:22:29.323-0300] {logging_mixin.py:120} INFO - [2022-11-06T22:22:29.323-0300] {dagbag.py:537} INFO - Filling up the DagBag from /home/debian/etlhausz/venv/lib/python3.9/site-packages/airflow/example_dags/example_nested_branch_dag.py
[2022-11-06T22:22:29.422-0300] {processor.py:766} INFO - DAG(s) dict_keys(['example_nested_branch_dag']) retrieved from /home/debian/etlhausz/venv/lib/python3.9/site-packages/airflow/example_dags/example_nested_branch_dag.py
[2022-11-06T22:22:29.532-0300] {logging_mixin.py:120} INFO - [2022-11-06T22:22:29.531-0300] {dag.py:2585} INFO - Sync 1 DAGs
[2022-11-06T22:22:29.581-0300] {logging_mixin.py:120} INFO - [2022-11-06T22:22:29.581-0300] {dag.py:3336} INFO - Setting next_dagrun for example_nested_branch_dag to 2022-11-06T00:00:00+00:00, run_after=2022-11-07T00:00:00+00:00
[2022-11-06T22:22:29.637-0300] {processor.py:176} INFO - Processing /home/debian/etlhausz/venv/lib/python3.9/site-packages/airflow/example_dags/example_nested_branch_dag.py took 0.320 seconds
[2022-11-06T22:23:08.255-0300] {processor.py:154} INFO - Started process (PID=30903) to work on /home/debian/etlhausz/venv/lib/python3.9/site-packages/airflow/example_dags/example_nested_branch_dag.py
[2022-11-06T22:23:08.256-0300] {processor.py:756} INFO - Processing file /home/debian/etlhausz/venv/lib/python3.9/site-packages/airflow/example_dags/example_nested_branch_dag.py for tasks to queue
[2022-11-06T22:23:08.257-0300] {logging_mixin.py:120} INFO - [2022-11-06T22:23:08.257-0300] {dagbag.py:537} INFO - Filling up the DagBag from /home/debian/etlhausz/venv/lib/python3.9/site-packages/airflow/example_dags/example_nested_branch_dag.py
[2022-11-06T22:23:08.282-0300] {processor.py:766} INFO - DAG(s) dict_keys(['example_nested_branch_dag']) retrieved from /home/debian/etlhausz/venv/lib/python3.9/site-packages/airflow/example_dags/example_nested_branch_dag.py
[2022-11-06T22:23:08.388-0300] {logging_mixin.py:120} INFO - [2022-11-06T22:23:08.388-0300] {dag.py:2585} INFO - Sync 1 DAGs
[2022-11-06T22:23:08.446-0300] {logging_mixin.py:120} INFO - [2022-11-06T22:23:08.439-0300] {dag.py:3336} INFO - Setting next_dagrun for example_nested_branch_dag to 2022-11-06T00:00:00+00:00, run_after=2022-11-07T00:00:00+00:00
[2022-11-06T22:23:08.533-0300] {processor.py:176} INFO - Processing /home/debian/etlhausz/venv/lib/python3.9/site-packages/airflow/example_dags/example_nested_branch_dag.py took 0.282 seconds
[2022-11-06T22:23:39.514-0300] {processor.py:154} INFO - Started process (PID=31400) to work on /home/debian/etlhausz/venv/lib/python3.9/site-packages/airflow/example_dags/example_nested_branch_dag.py
[2022-11-06T22:23:39.515-0300] {processor.py:756} INFO - Processing file /home/debian/etlhausz/venv/lib/python3.9/site-packages/airflow/example_dags/example_nested_branch_dag.py for tasks to queue
[2022-11-06T22:23:39.515-0300] {logging_mixin.py:120} INFO - [2022-11-06T22:23:39.515-0300] {dagbag.py:537} INFO - Filling up the DagBag from /home/debian/etlhausz/venv/lib/python3.9/site-packages/airflow/example_dags/example_nested_branch_dag.py
[2022-11-06T22:23:39.541-0300] {processor.py:766} INFO - DAG(s) dict_keys(['example_nested_branch_dag']) retrieved from /home/debian/etlhausz/venv/lib/python3.9/site-packages/airflow/example_dags/example_nested_branch_dag.py
[2022-11-06T22:23:39.629-0300] {logging_mixin.py:120} INFO - [2022-11-06T22:23:39.629-0300] {dag.py:2585} INFO - Sync 1 DAGs
[2022-11-06T22:23:39.661-0300] {logging_mixin.py:120} INFO - [2022-11-06T22:23:39.660-0300] {dag.py:3336} INFO - Setting next_dagrun for example_nested_branch_dag to 2022-11-06T00:00:00+00:00, run_after=2022-11-07T00:00:00+00:00
[2022-11-06T22:23:39.704-0300] {processor.py:176} INFO - Processing /home/debian/etlhausz/venv/lib/python3.9/site-packages/airflow/example_dags/example_nested_branch_dag.py took 0.194 seconds
[2022-11-06T22:24:09.785-0300] {processor.py:154} INFO - Started process (PID=32039) to work on /home/debian/etlhausz/venv/lib/python3.9/site-packages/airflow/example_dags/example_nested_branch_dag.py
[2022-11-06T22:24:09.787-0300] {processor.py:756} INFO - Processing file /home/debian/etlhausz/venv/lib/python3.9/site-packages/airflow/example_dags/example_nested_branch_dag.py for tasks to queue
[2022-11-06T22:24:09.790-0300] {logging_mixin.py:120} INFO - [2022-11-06T22:24:09.790-0300] {dagbag.py:537} INFO - Filling up the DagBag from /home/debian/etlhausz/venv/lib/python3.9/site-packages/airflow/example_dags/example_nested_branch_dag.py
[2022-11-06T22:24:09.877-0300] {processor.py:766} INFO - DAG(s) dict_keys(['example_nested_branch_dag']) retrieved from /home/debian/etlhausz/venv/lib/python3.9/site-packages/airflow/example_dags/example_nested_branch_dag.py
[2022-11-06T22:24:10.092-0300] {logging_mixin.py:120} INFO - [2022-11-06T22:24:10.092-0300] {dag.py:2585} INFO - Sync 1 DAGs
[2022-11-06T22:24:10.169-0300] {logging_mixin.py:120} INFO - [2022-11-06T22:24:10.168-0300] {dag.py:3336} INFO - Setting next_dagrun for example_nested_branch_dag to 2022-11-06T00:00:00+00:00, run_after=2022-11-07T00:00:00+00:00
[2022-11-06T22:24:10.260-0300] {processor.py:176} INFO - Processing /home/debian/etlhausz/venv/lib/python3.9/site-packages/airflow/example_dags/example_nested_branch_dag.py took 0.488 seconds
[2022-11-06T22:24:40.742-0300] {processor.py:154} INFO - Started process (PID=32623) to work on /home/debian/etlhausz/venv/lib/python3.9/site-packages/airflow/example_dags/example_nested_branch_dag.py
[2022-11-06T22:24:40.743-0300] {processor.py:756} INFO - Processing file /home/debian/etlhausz/venv/lib/python3.9/site-packages/airflow/example_dags/example_nested_branch_dag.py for tasks to queue
[2022-11-06T22:24:40.744-0300] {logging_mixin.py:120} INFO - [2022-11-06T22:24:40.744-0300] {dagbag.py:537} INFO - Filling up the DagBag from /home/debian/etlhausz/venv/lib/python3.9/site-packages/airflow/example_dags/example_nested_branch_dag.py
[2022-11-06T22:24:40.776-0300] {processor.py:766} INFO - DAG(s) dict_keys(['example_nested_branch_dag']) retrieved from /home/debian/etlhausz/venv/lib/python3.9/site-packages/airflow/example_dags/example_nested_branch_dag.py
[2022-11-06T22:24:40.851-0300] {logging_mixin.py:120} INFO - [2022-11-06T22:24:40.851-0300] {dag.py:2585} INFO - Sync 1 DAGs
[2022-11-06T22:24:40.881-0300] {logging_mixin.py:120} INFO - [2022-11-06T22:24:40.880-0300] {dag.py:3336} INFO - Setting next_dagrun for example_nested_branch_dag to 2022-11-06T00:00:00+00:00, run_after=2022-11-07T00:00:00+00:00
[2022-11-06T22:24:40.909-0300] {processor.py:176} INFO - Processing /home/debian/etlhausz/venv/lib/python3.9/site-packages/airflow/example_dags/example_nested_branch_dag.py took 0.171 seconds
[2022-11-06T22:25:11.984-0300] {processor.py:154} INFO - Started process (PID=33328) to work on /home/debian/etlhausz/venv/lib/python3.9/site-packages/airflow/example_dags/example_nested_branch_dag.py
[2022-11-06T22:25:11.985-0300] {processor.py:756} INFO - Processing file /home/debian/etlhausz/venv/lib/python3.9/site-packages/airflow/example_dags/example_nested_branch_dag.py for tasks to queue
[2022-11-06T22:25:11.986-0300] {logging_mixin.py:120} INFO - [2022-11-06T22:25:11.986-0300] {dagbag.py:537} INFO - Filling up the DagBag from /home/debian/etlhausz/venv/lib/python3.9/site-packages/airflow/example_dags/example_nested_branch_dag.py
[2022-11-06T22:25:12.016-0300] {processor.py:766} INFO - DAG(s) dict_keys(['example_nested_branch_dag']) retrieved from /home/debian/etlhausz/venv/lib/python3.9/site-packages/airflow/example_dags/example_nested_branch_dag.py
[2022-11-06T22:25:12.062-0300] {logging_mixin.py:120} INFO - [2022-11-06T22:25:12.062-0300] {dag.py:2585} INFO - Sync 1 DAGs
[2022-11-06T22:25:12.085-0300] {logging_mixin.py:120} INFO - [2022-11-06T22:25:12.085-0300] {dag.py:3336} INFO - Setting next_dagrun for example_nested_branch_dag to 2022-11-06T00:00:00+00:00, run_after=2022-11-07T00:00:00+00:00
[2022-11-06T22:25:12.254-0300] {processor.py:176} INFO - Processing /home/debian/etlhausz/venv/lib/python3.9/site-packages/airflow/example_dags/example_nested_branch_dag.py took 0.274 seconds
[2022-11-06T22:25:43.256-0300] {processor.py:154} INFO - Started process (PID=33871) to work on /home/debian/etlhausz/venv/lib/python3.9/site-packages/airflow/example_dags/example_nested_branch_dag.py
[2022-11-06T22:25:43.258-0300] {processor.py:756} INFO - Processing file /home/debian/etlhausz/venv/lib/python3.9/site-packages/airflow/example_dags/example_nested_branch_dag.py for tasks to queue
[2022-11-06T22:25:43.258-0300] {logging_mixin.py:120} INFO - [2022-11-06T22:25:43.258-0300] {dagbag.py:537} INFO - Filling up the DagBag from /home/debian/etlhausz/venv/lib/python3.9/site-packages/airflow/example_dags/example_nested_branch_dag.py
[2022-11-06T22:25:43.298-0300] {processor.py:766} INFO - DAG(s) dict_keys(['example_nested_branch_dag']) retrieved from /home/debian/etlhausz/venv/lib/python3.9/site-packages/airflow/example_dags/example_nested_branch_dag.py
[2022-11-06T22:25:43.353-0300] {logging_mixin.py:120} INFO - [2022-11-06T22:25:43.353-0300] {dag.py:2585} INFO - Sync 1 DAGs
[2022-11-06T22:25:43.566-0300] {logging_mixin.py:120} INFO - [2022-11-06T22:25:43.566-0300] {dag.py:3336} INFO - Setting next_dagrun for example_nested_branch_dag to 2022-11-06T00:00:00+00:00, run_after=2022-11-07T00:00:00+00:00
[2022-11-06T22:25:43.595-0300] {processor.py:176} INFO - Processing /home/debian/etlhausz/venv/lib/python3.9/site-packages/airflow/example_dags/example_nested_branch_dag.py took 0.341 seconds
[2022-11-06T22:26:14.791-0300] {processor.py:154} INFO - Started process (PID=34350) to work on /home/debian/etlhausz/venv/lib/python3.9/site-packages/airflow/example_dags/example_nested_branch_dag.py
[2022-11-06T22:26:14.793-0300] {processor.py:756} INFO - Processing file /home/debian/etlhausz/venv/lib/python3.9/site-packages/airflow/example_dags/example_nested_branch_dag.py for tasks to queue
[2022-11-06T22:26:14.798-0300] {logging_mixin.py:120} INFO - [2022-11-06T22:26:14.797-0300] {dagbag.py:537} INFO - Filling up the DagBag from /home/debian/etlhausz/venv/lib/python3.9/site-packages/airflow/example_dags/example_nested_branch_dag.py
[2022-11-06T22:26:14.838-0300] {processor.py:766} INFO - DAG(s) dict_keys(['example_nested_branch_dag']) retrieved from /home/debian/etlhausz/venv/lib/python3.9/site-packages/airflow/example_dags/example_nested_branch_dag.py
[2022-11-06T22:26:15.042-0300] {logging_mixin.py:120} INFO - [2022-11-06T22:26:15.042-0300] {dag.py:2585} INFO - Sync 1 DAGs
[2022-11-06T22:26:15.063-0300] {logging_mixin.py:120} INFO - [2022-11-06T22:26:15.062-0300] {dag.py:3336} INFO - Setting next_dagrun for example_nested_branch_dag to 2022-11-06T00:00:00+00:00, run_after=2022-11-07T00:00:00+00:00
[2022-11-06T22:26:15.085-0300] {processor.py:176} INFO - Processing /home/debian/etlhausz/venv/lib/python3.9/site-packages/airflow/example_dags/example_nested_branch_dag.py took 0.301 seconds
[2022-11-06T22:26:45.215-0300] {processor.py:154} INFO - Started process (PID=34890) to work on /home/debian/etlhausz/venv/lib/python3.9/site-packages/airflow/example_dags/example_nested_branch_dag.py
[2022-11-06T22:26:45.217-0300] {processor.py:756} INFO - Processing file /home/debian/etlhausz/venv/lib/python3.9/site-packages/airflow/example_dags/example_nested_branch_dag.py for tasks to queue
[2022-11-06T22:26:45.217-0300] {logging_mixin.py:120} INFO - [2022-11-06T22:26:45.217-0300] {dagbag.py:537} INFO - Filling up the DagBag from /home/debian/etlhausz/venv/lib/python3.9/site-packages/airflow/example_dags/example_nested_branch_dag.py
[2022-11-06T22:26:45.252-0300] {processor.py:766} INFO - DAG(s) dict_keys(['example_nested_branch_dag']) retrieved from /home/debian/etlhausz/venv/lib/python3.9/site-packages/airflow/example_dags/example_nested_branch_dag.py
[2022-11-06T22:26:45.421-0300] {logging_mixin.py:120} INFO - [2022-11-06T22:26:45.421-0300] {dag.py:2585} INFO - Sync 1 DAGs
[2022-11-06T22:26:45.443-0300] {logging_mixin.py:120} INFO - [2022-11-06T22:26:45.443-0300] {dag.py:3336} INFO - Setting next_dagrun for example_nested_branch_dag to 2022-11-06T00:00:00+00:00, run_after=2022-11-07T00:00:00+00:00
[2022-11-06T22:26:45.476-0300] {processor.py:176} INFO - Processing /home/debian/etlhausz/venv/lib/python3.9/site-packages/airflow/example_dags/example_nested_branch_dag.py took 0.263 seconds
[2022-11-06T22:27:16.165-0300] {processor.py:154} INFO - Started process (PID=35364) to work on /home/debian/etlhausz/venv/lib/python3.9/site-packages/airflow/example_dags/example_nested_branch_dag.py
[2022-11-06T22:27:16.167-0300] {processor.py:756} INFO - Processing file /home/debian/etlhausz/venv/lib/python3.9/site-packages/airflow/example_dags/example_nested_branch_dag.py for tasks to queue
[2022-11-06T22:27:16.167-0300] {logging_mixin.py:120} INFO - [2022-11-06T22:27:16.167-0300] {dagbag.py:537} INFO - Filling up the DagBag from /home/debian/etlhausz/venv/lib/python3.9/site-packages/airflow/example_dags/example_nested_branch_dag.py
[2022-11-06T22:27:16.328-0300] {processor.py:766} INFO - DAG(s) dict_keys(['example_nested_branch_dag']) retrieved from /home/debian/etlhausz/venv/lib/python3.9/site-packages/airflow/example_dags/example_nested_branch_dag.py
[2022-11-06T22:27:16.367-0300] {logging_mixin.py:120} INFO - [2022-11-06T22:27:16.367-0300] {dag.py:2585} INFO - Sync 1 DAGs
[2022-11-06T22:27:16.385-0300] {logging_mixin.py:120} INFO - [2022-11-06T22:27:16.385-0300] {dag.py:3336} INFO - Setting next_dagrun for example_nested_branch_dag to 2022-11-06T00:00:00+00:00, run_after=2022-11-07T00:00:00+00:00
[2022-11-06T22:27:16.416-0300] {processor.py:176} INFO - Processing /home/debian/etlhausz/venv/lib/python3.9/site-packages/airflow/example_dags/example_nested_branch_dag.py took 0.255 seconds
[2022-11-06T22:27:46.611-0300] {processor.py:154} INFO - Started process (PID=35899) to work on /home/debian/etlhausz/venv/lib/python3.9/site-packages/airflow/example_dags/example_nested_branch_dag.py
[2022-11-06T22:27:46.613-0300] {processor.py:756} INFO - Processing file /home/debian/etlhausz/venv/lib/python3.9/site-packages/airflow/example_dags/example_nested_branch_dag.py for tasks to queue
[2022-11-06T22:27:46.613-0300] {logging_mixin.py:120} INFO - [2022-11-06T22:27:46.613-0300] {dagbag.py:537} INFO - Filling up the DagBag from /home/debian/etlhausz/venv/lib/python3.9/site-packages/airflow/example_dags/example_nested_branch_dag.py
[2022-11-06T22:27:46.643-0300] {processor.py:766} INFO - DAG(s) dict_keys(['example_nested_branch_dag']) retrieved from /home/debian/etlhausz/venv/lib/python3.9/site-packages/airflow/example_dags/example_nested_branch_dag.py
[2022-11-06T22:27:46.715-0300] {logging_mixin.py:120} INFO - [2022-11-06T22:27:46.715-0300] {dag.py:2585} INFO - Sync 1 DAGs
[2022-11-06T22:27:46.878-0300] {logging_mixin.py:120} INFO - [2022-11-06T22:27:46.878-0300] {dag.py:3336} INFO - Setting next_dagrun for example_nested_branch_dag to 2022-11-06T00:00:00+00:00, run_after=2022-11-07T00:00:00+00:00
[2022-11-06T22:27:46.913-0300] {processor.py:176} INFO - Processing /home/debian/etlhausz/venv/lib/python3.9/site-packages/airflow/example_dags/example_nested_branch_dag.py took 0.307 seconds
[2022-11-06T22:28:17.198-0300] {processor.py:154} INFO - Started process (PID=36522) to work on /home/debian/etlhausz/venv/lib/python3.9/site-packages/airflow/example_dags/example_nested_branch_dag.py
[2022-11-06T22:28:17.202-0300] {processor.py:756} INFO - Processing file /home/debian/etlhausz/venv/lib/python3.9/site-packages/airflow/example_dags/example_nested_branch_dag.py for tasks to queue
[2022-11-06T22:28:17.203-0300] {logging_mixin.py:120} INFO - [2022-11-06T22:28:17.203-0300] {dagbag.py:537} INFO - Filling up the DagBag from /home/debian/etlhausz/venv/lib/python3.9/site-packages/airflow/example_dags/example_nested_branch_dag.py
[2022-11-06T22:28:17.241-0300] {processor.py:766} INFO - DAG(s) dict_keys(['example_nested_branch_dag']) retrieved from /home/debian/etlhausz/venv/lib/python3.9/site-packages/airflow/example_dags/example_nested_branch_dag.py
[2022-11-06T22:28:17.432-0300] {logging_mixin.py:120} INFO - [2022-11-06T22:28:17.432-0300] {dag.py:2585} INFO - Sync 1 DAGs
[2022-11-06T22:28:17.461-0300] {logging_mixin.py:120} INFO - [2022-11-06T22:28:17.461-0300] {dag.py:3336} INFO - Setting next_dagrun for example_nested_branch_dag to 2022-11-06T00:00:00+00:00, run_after=2022-11-07T00:00:00+00:00
[2022-11-06T22:28:17.481-0300] {processor.py:176} INFO - Processing /home/debian/etlhausz/venv/lib/python3.9/site-packages/airflow/example_dags/example_nested_branch_dag.py took 0.287 seconds
[2022-11-06T22:28:47.806-0300] {processor.py:154} INFO - Started process (PID=37096) to work on /home/debian/etlhausz/venv/lib/python3.9/site-packages/airflow/example_dags/example_nested_branch_dag.py
[2022-11-06T22:28:47.807-0300] {processor.py:756} INFO - Processing file /home/debian/etlhausz/venv/lib/python3.9/site-packages/airflow/example_dags/example_nested_branch_dag.py for tasks to queue
[2022-11-06T22:28:47.808-0300] {logging_mixin.py:120} INFO - [2022-11-06T22:28:47.808-0300] {dagbag.py:537} INFO - Filling up the DagBag from /home/debian/etlhausz/venv/lib/python3.9/site-packages/airflow/example_dags/example_nested_branch_dag.py
[2022-11-06T22:28:47.829-0300] {processor.py:766} INFO - DAG(s) dict_keys(['example_nested_branch_dag']) retrieved from /home/debian/etlhausz/venv/lib/python3.9/site-packages/airflow/example_dags/example_nested_branch_dag.py
[2022-11-06T22:28:47.961-0300] {logging_mixin.py:120} INFO - [2022-11-06T22:28:47.960-0300] {dag.py:2585} INFO - Sync 1 DAGs
[2022-11-06T22:28:47.978-0300] {logging_mixin.py:120} INFO - [2022-11-06T22:28:47.978-0300] {dag.py:3336} INFO - Setting next_dagrun for example_nested_branch_dag to 2022-11-06T00:00:00+00:00, run_after=2022-11-07T00:00:00+00:00
[2022-11-06T22:28:47.998-0300] {processor.py:176} INFO - Processing /home/debian/etlhausz/venv/lib/python3.9/site-packages/airflow/example_dags/example_nested_branch_dag.py took 0.195 seconds
[2022-11-06T22:29:18.916-0300] {processor.py:154} INFO - Started process (PID=37636) to work on /home/debian/etlhausz/venv/lib/python3.9/site-packages/airflow/example_dags/example_nested_branch_dag.py
[2022-11-06T22:29:18.917-0300] {processor.py:756} INFO - Processing file /home/debian/etlhausz/venv/lib/python3.9/site-packages/airflow/example_dags/example_nested_branch_dag.py for tasks to queue
[2022-11-06T22:29:18.918-0300] {logging_mixin.py:120} INFO - [2022-11-06T22:29:18.918-0300] {dagbag.py:537} INFO - Filling up the DagBag from /home/debian/etlhausz/venv/lib/python3.9/site-packages/airflow/example_dags/example_nested_branch_dag.py
[2022-11-06T22:29:18.938-0300] {processor.py:766} INFO - DAG(s) dict_keys(['example_nested_branch_dag']) retrieved from /home/debian/etlhausz/venv/lib/python3.9/site-packages/airflow/example_dags/example_nested_branch_dag.py
[2022-11-06T22:29:18.976-0300] {logging_mixin.py:120} INFO - [2022-11-06T22:29:18.975-0300] {dag.py:2585} INFO - Sync 1 DAGs
[2022-11-06T22:29:18.997-0300] {logging_mixin.py:120} INFO - [2022-11-06T22:29:18.997-0300] {dag.py:3336} INFO - Setting next_dagrun for example_nested_branch_dag to 2022-11-06T00:00:00+00:00, run_after=2022-11-07T00:00:00+00:00
[2022-11-06T22:29:19.114-0300] {processor.py:176} INFO - Processing /home/debian/etlhausz/venv/lib/python3.9/site-packages/airflow/example_dags/example_nested_branch_dag.py took 0.202 seconds
[2022-11-06T22:29:50.159-0300] {processor.py:154} INFO - Started process (PID=38179) to work on /home/debian/etlhausz/venv/lib/python3.9/site-packages/airflow/example_dags/example_nested_branch_dag.py
[2022-11-06T22:29:50.160-0300] {processor.py:756} INFO - Processing file /home/debian/etlhausz/venv/lib/python3.9/site-packages/airflow/example_dags/example_nested_branch_dag.py for tasks to queue
[2022-11-06T22:29:50.161-0300] {logging_mixin.py:120} INFO - [2022-11-06T22:29:50.161-0300] {dagbag.py:537} INFO - Filling up the DagBag from /home/debian/etlhausz/venv/lib/python3.9/site-packages/airflow/example_dags/example_nested_branch_dag.py
[2022-11-06T22:29:50.196-0300] {processor.py:766} INFO - DAG(s) dict_keys(['example_nested_branch_dag']) retrieved from /home/debian/etlhausz/venv/lib/python3.9/site-packages/airflow/example_dags/example_nested_branch_dag.py
[2022-11-06T22:29:50.253-0300] {logging_mixin.py:120} INFO - [2022-11-06T22:29:50.252-0300] {dag.py:2585} INFO - Sync 1 DAGs
[2022-11-06T22:29:50.383-0300] {logging_mixin.py:120} INFO - [2022-11-06T22:29:50.382-0300] {dag.py:3336} INFO - Setting next_dagrun for example_nested_branch_dag to 2022-11-06T00:00:00+00:00, run_after=2022-11-07T00:00:00+00:00
[2022-11-06T22:29:50.402-0300] {processor.py:176} INFO - Processing /home/debian/etlhausz/venv/lib/python3.9/site-packages/airflow/example_dags/example_nested_branch_dag.py took 0.252 seconds
[2022-11-06T22:30:20.764-0300] {processor.py:154} INFO - Started process (PID=38789) to work on /home/debian/etlhausz/venv/lib/python3.9/site-packages/airflow/example_dags/example_nested_branch_dag.py
[2022-11-06T22:30:20.765-0300] {processor.py:756} INFO - Processing file /home/debian/etlhausz/venv/lib/python3.9/site-packages/airflow/example_dags/example_nested_branch_dag.py for tasks to queue
[2022-11-06T22:30:20.767-0300] {logging_mixin.py:120} INFO - [2022-11-06T22:30:20.767-0300] {dagbag.py:537} INFO - Filling up the DagBag from /home/debian/etlhausz/venv/lib/python3.9/site-packages/airflow/example_dags/example_nested_branch_dag.py
[2022-11-06T22:30:20.785-0300] {processor.py:766} INFO - DAG(s) dict_keys(['example_nested_branch_dag']) retrieved from /home/debian/etlhausz/venv/lib/python3.9/site-packages/airflow/example_dags/example_nested_branch_dag.py
[2022-11-06T22:30:20.911-0300] {logging_mixin.py:120} INFO - [2022-11-06T22:30:20.910-0300] {dag.py:2585} INFO - Sync 1 DAGs
[2022-11-06T22:30:20.934-0300] {logging_mixin.py:120} INFO - [2022-11-06T22:30:20.934-0300] {dag.py:3336} INFO - Setting next_dagrun for example_nested_branch_dag to 2022-11-06T00:00:00+00:00, run_after=2022-11-07T00:00:00+00:00
[2022-11-06T22:30:20.960-0300] {processor.py:176} INFO - Processing /home/debian/etlhausz/venv/lib/python3.9/site-packages/airflow/example_dags/example_nested_branch_dag.py took 0.198 seconds
[2022-11-06T22:30:51.472-0300] {processor.py:154} INFO - Started process (PID=39320) to work on /home/debian/etlhausz/venv/lib/python3.9/site-packages/airflow/example_dags/example_nested_branch_dag.py
[2022-11-06T22:30:51.473-0300] {processor.py:756} INFO - Processing file /home/debian/etlhausz/venv/lib/python3.9/site-packages/airflow/example_dags/example_nested_branch_dag.py for tasks to queue
[2022-11-06T22:30:51.474-0300] {logging_mixin.py:120} INFO - [2022-11-06T22:30:51.474-0300] {dagbag.py:537} INFO - Filling up the DagBag from /home/debian/etlhausz/venv/lib/python3.9/site-packages/airflow/example_dags/example_nested_branch_dag.py
[2022-11-06T22:30:51.509-0300] {processor.py:766} INFO - DAG(s) dict_keys(['example_nested_branch_dag']) retrieved from /home/debian/etlhausz/venv/lib/python3.9/site-packages/airflow/example_dags/example_nested_branch_dag.py
[2022-11-06T22:30:51.687-0300] {logging_mixin.py:120} INFO - [2022-11-06T22:30:51.687-0300] {dag.py:2585} INFO - Sync 1 DAGs
[2022-11-06T22:30:51.721-0300] {logging_mixin.py:120} INFO - [2022-11-06T22:30:51.721-0300] {dag.py:3336} INFO - Setting next_dagrun for example_nested_branch_dag to 2022-11-06T00:00:00+00:00, run_after=2022-11-07T00:00:00+00:00
[2022-11-06T22:30:51.755-0300] {processor.py:176} INFO - Processing /home/debian/etlhausz/venv/lib/python3.9/site-packages/airflow/example_dags/example_nested_branch_dag.py took 0.294 seconds
[2022-11-06T22:31:21.897-0300] {processor.py:154} INFO - Started process (PID=39854) to work on /home/debian/etlhausz/venv/lib/python3.9/site-packages/airflow/example_dags/example_nested_branch_dag.py
[2022-11-06T22:31:21.898-0300] {processor.py:756} INFO - Processing file /home/debian/etlhausz/venv/lib/python3.9/site-packages/airflow/example_dags/example_nested_branch_dag.py for tasks to queue
[2022-11-06T22:31:21.899-0300] {logging_mixin.py:120} INFO - [2022-11-06T22:31:21.899-0300] {dagbag.py:537} INFO - Filling up the DagBag from /home/debian/etlhausz/venv/lib/python3.9/site-packages/airflow/example_dags/example_nested_branch_dag.py
[2022-11-06T22:31:21.939-0300] {processor.py:766} INFO - DAG(s) dict_keys(['example_nested_branch_dag']) retrieved from /home/debian/etlhausz/venv/lib/python3.9/site-packages/airflow/example_dags/example_nested_branch_dag.py
[2022-11-06T22:31:22.013-0300] {logging_mixin.py:120} INFO - [2022-11-06T22:31:22.013-0300] {dag.py:2585} INFO - Sync 1 DAGs
[2022-11-06T22:31:22.066-0300] {logging_mixin.py:120} INFO - [2022-11-06T22:31:22.066-0300] {dag.py:3336} INFO - Setting next_dagrun for example_nested_branch_dag to 2022-11-06T00:00:00+00:00, run_after=2022-11-07T00:00:00+00:00
[2022-11-06T22:31:22.317-0300] {processor.py:176} INFO - Processing /home/debian/etlhausz/venv/lib/python3.9/site-packages/airflow/example_dags/example_nested_branch_dag.py took 0.424 seconds
