[2022-11-06T21:00:08.174-0300] {processor.py:154} INFO - Started process (PID=60930) to work on /home/debian/etlhausz/venv/lib/python3.9/site-packages/airflow/example_dags/example_trigger_controller_dag.py
[2022-11-06T21:00:08.175-0300] {processor.py:756} INFO - Processing file /home/debian/etlhausz/venv/lib/python3.9/site-packages/airflow/example_dags/example_trigger_controller_dag.py for tasks to queue
[2022-11-06T21:00:08.177-0300] {logging_mixin.py:120} INFO - [2022-11-06T21:00:08.176-0300] {dagbag.py:537} INFO - Filling up the DagBag from /home/debian/etlhausz/venv/lib/python3.9/site-packages/airflow/example_dags/example_trigger_controller_dag.py
[2022-11-06T21:00:08.205-0300] {processor.py:766} INFO - DAG(s) dict_keys(['example_trigger_controller_dag']) retrieved from /home/debian/etlhausz/venv/lib/python3.9/site-packages/airflow/example_dags/example_trigger_controller_dag.py
[2022-11-06T21:00:08.673-0300] {logging_mixin.py:120} INFO - [2022-11-06T21:00:08.672-0300] {dag.py:2585} INFO - Sync 1 DAGs
[2022-11-06T21:00:08.728-0300] {logging_mixin.py:120} INFO - [2022-11-06T21:00:08.728-0300] {dag.py:3336} INFO - Setting next_dagrun for example_trigger_controller_dag to 2021-01-01T00:00:00+00:00, run_after=2021-01-01T00:00:00+00:00
[2022-11-06T21:00:08.836-0300] {processor.py:176} INFO - Processing /home/debian/etlhausz/venv/lib/python3.9/site-packages/airflow/example_dags/example_trigger_controller_dag.py took 0.678 seconds
[2022-11-06T21:00:38.956-0300] {processor.py:154} INFO - Started process (PID=61501) to work on /home/debian/etlhausz/venv/lib/python3.9/site-packages/airflow/example_dags/example_trigger_controller_dag.py
[2022-11-06T21:00:38.957-0300] {processor.py:756} INFO - Processing file /home/debian/etlhausz/venv/lib/python3.9/site-packages/airflow/example_dags/example_trigger_controller_dag.py for tasks to queue
[2022-11-06T21:00:38.958-0300] {logging_mixin.py:120} INFO - [2022-11-06T21:00:38.958-0300] {dagbag.py:537} INFO - Filling up the DagBag from /home/debian/etlhausz/venv/lib/python3.9/site-packages/airflow/example_dags/example_trigger_controller_dag.py
[2022-11-06T21:00:38.968-0300] {processor.py:766} INFO - DAG(s) dict_keys(['example_trigger_controller_dag']) retrieved from /home/debian/etlhausz/venv/lib/python3.9/site-packages/airflow/example_dags/example_trigger_controller_dag.py
[2022-11-06T21:00:39.011-0300] {logging_mixin.py:120} INFO - [2022-11-06T21:00:39.011-0300] {dag.py:2585} INFO - Sync 1 DAGs
[2022-11-06T21:00:39.041-0300] {logging_mixin.py:120} INFO - [2022-11-06T21:00:39.041-0300] {dag.py:3336} INFO - Setting next_dagrun for example_trigger_controller_dag to 2021-01-01T00:00:00+00:00, run_after=2021-01-01T00:00:00+00:00
[2022-11-06T21:00:39.250-0300] {processor.py:176} INFO - Processing /home/debian/etlhausz/venv/lib/python3.9/site-packages/airflow/example_dags/example_trigger_controller_dag.py took 0.297 seconds
[2022-11-06T21:01:09.597-0300] {processor.py:154} INFO - Started process (PID=62069) to work on /home/debian/etlhausz/venv/lib/python3.9/site-packages/airflow/example_dags/example_trigger_controller_dag.py
[2022-11-06T21:01:09.628-0300] {processor.py:756} INFO - Processing file /home/debian/etlhausz/venv/lib/python3.9/site-packages/airflow/example_dags/example_trigger_controller_dag.py for tasks to queue
[2022-11-06T21:01:09.629-0300] {logging_mixin.py:120} INFO - [2022-11-06T21:01:09.629-0300] {dagbag.py:537} INFO - Filling up the DagBag from /home/debian/etlhausz/venv/lib/python3.9/site-packages/airflow/example_dags/example_trigger_controller_dag.py
[2022-11-06T21:01:09.639-0300] {processor.py:766} INFO - DAG(s) dict_keys(['example_trigger_controller_dag']) retrieved from /home/debian/etlhausz/venv/lib/python3.9/site-packages/airflow/example_dags/example_trigger_controller_dag.py
[2022-11-06T21:01:09.695-0300] {logging_mixin.py:120} INFO - [2022-11-06T21:01:09.695-0300] {dag.py:2585} INFO - Sync 1 DAGs
[2022-11-06T21:01:09.833-0300] {logging_mixin.py:120} INFO - [2022-11-06T21:01:09.833-0300] {dag.py:3336} INFO - Setting next_dagrun for example_trigger_controller_dag to 2021-01-01T00:00:00+00:00, run_after=2021-01-01T00:00:00+00:00
[2022-11-06T21:01:09.893-0300] {processor.py:176} INFO - Processing /home/debian/etlhausz/venv/lib/python3.9/site-packages/airflow/example_dags/example_trigger_controller_dag.py took 0.299 seconds
[2022-11-06T21:01:40.306-0300] {processor.py:154} INFO - Started process (PID=62653) to work on /home/debian/etlhausz/venv/lib/python3.9/site-packages/airflow/example_dags/example_trigger_controller_dag.py
[2022-11-06T21:01:40.317-0300] {processor.py:756} INFO - Processing file /home/debian/etlhausz/venv/lib/python3.9/site-packages/airflow/example_dags/example_trigger_controller_dag.py for tasks to queue
[2022-11-06T21:01:40.318-0300] {logging_mixin.py:120} INFO - [2022-11-06T21:01:40.318-0300] {dagbag.py:537} INFO - Filling up the DagBag from /home/debian/etlhausz/venv/lib/python3.9/site-packages/airflow/example_dags/example_trigger_controller_dag.py
[2022-11-06T21:01:40.371-0300] {processor.py:766} INFO - DAG(s) dict_keys(['example_trigger_controller_dag']) retrieved from /home/debian/etlhausz/venv/lib/python3.9/site-packages/airflow/example_dags/example_trigger_controller_dag.py
[2022-11-06T21:01:40.646-0300] {logging_mixin.py:120} INFO - [2022-11-06T21:01:40.646-0300] {dag.py:2585} INFO - Sync 1 DAGs
[2022-11-06T21:01:40.671-0300] {logging_mixin.py:120} INFO - [2022-11-06T21:01:40.671-0300] {dag.py:3336} INFO - Setting next_dagrun for example_trigger_controller_dag to 2021-01-01T00:00:00+00:00, run_after=2021-01-01T00:00:00+00:00
[2022-11-06T21:01:40.713-0300] {processor.py:176} INFO - Processing /home/debian/etlhausz/venv/lib/python3.9/site-packages/airflow/example_dags/example_trigger_controller_dag.py took 0.428 seconds
[2022-11-06T21:02:11.398-0300] {processor.py:154} INFO - Started process (PID=63193) to work on /home/debian/etlhausz/venv/lib/python3.9/site-packages/airflow/example_dags/example_trigger_controller_dag.py
[2022-11-06T21:02:11.400-0300] {processor.py:756} INFO - Processing file /home/debian/etlhausz/venv/lib/python3.9/site-packages/airflow/example_dags/example_trigger_controller_dag.py for tasks to queue
[2022-11-06T21:02:11.400-0300] {logging_mixin.py:120} INFO - [2022-11-06T21:02:11.400-0300] {dagbag.py:537} INFO - Filling up the DagBag from /home/debian/etlhausz/venv/lib/python3.9/site-packages/airflow/example_dags/example_trigger_controller_dag.py
[2022-11-06T21:02:11.411-0300] {processor.py:766} INFO - DAG(s) dict_keys(['example_trigger_controller_dag']) retrieved from /home/debian/etlhausz/venv/lib/python3.9/site-packages/airflow/example_dags/example_trigger_controller_dag.py
[2022-11-06T21:02:11.603-0300] {logging_mixin.py:120} INFO - [2022-11-06T21:02:11.602-0300] {dag.py:2585} INFO - Sync 1 DAGs
[2022-11-06T21:02:11.620-0300] {logging_mixin.py:120} INFO - [2022-11-06T21:02:11.620-0300] {dag.py:3336} INFO - Setting next_dagrun for example_trigger_controller_dag to 2021-01-01T00:00:00+00:00, run_after=2021-01-01T00:00:00+00:00
[2022-11-06T21:02:11.696-0300] {processor.py:176} INFO - Processing /home/debian/etlhausz/venv/lib/python3.9/site-packages/airflow/example_dags/example_trigger_controller_dag.py took 0.302 seconds
[2022-11-06T21:02:42.099-0300] {processor.py:154} INFO - Started process (PID=63775) to work on /home/debian/etlhausz/venv/lib/python3.9/site-packages/airflow/example_dags/example_trigger_controller_dag.py
[2022-11-06T21:02:42.111-0300] {processor.py:756} INFO - Processing file /home/debian/etlhausz/venv/lib/python3.9/site-packages/airflow/example_dags/example_trigger_controller_dag.py for tasks to queue
[2022-11-06T21:02:42.112-0300] {logging_mixin.py:120} INFO - [2022-11-06T21:02:42.111-0300] {dagbag.py:537} INFO - Filling up the DagBag from /home/debian/etlhausz/venv/lib/python3.9/site-packages/airflow/example_dags/example_trigger_controller_dag.py
[2022-11-06T21:02:42.163-0300] {processor.py:766} INFO - DAG(s) dict_keys(['example_trigger_controller_dag']) retrieved from /home/debian/etlhausz/venv/lib/python3.9/site-packages/airflow/example_dags/example_trigger_controller_dag.py
[2022-11-06T21:02:42.260-0300] {logging_mixin.py:120} INFO - [2022-11-06T21:02:42.259-0300] {dag.py:2585} INFO - Sync 1 DAGs
[2022-11-06T21:02:42.423-0300] {logging_mixin.py:120} INFO - [2022-11-06T21:02:42.423-0300] {dag.py:3336} INFO - Setting next_dagrun for example_trigger_controller_dag to 2021-01-01T00:00:00+00:00, run_after=2021-01-01T00:00:00+00:00
[2022-11-06T21:02:42.449-0300] {processor.py:176} INFO - Processing /home/debian/etlhausz/venv/lib/python3.9/site-packages/airflow/example_dags/example_trigger_controller_dag.py took 0.373 seconds
[2022-11-06T21:03:13.315-0300] {processor.py:154} INFO - Started process (PID=64331) to work on /home/debian/etlhausz/venv/lib/python3.9/site-packages/airflow/example_dags/example_trigger_controller_dag.py
[2022-11-06T21:03:13.325-0300] {processor.py:756} INFO - Processing file /home/debian/etlhausz/venv/lib/python3.9/site-packages/airflow/example_dags/example_trigger_controller_dag.py for tasks to queue
[2022-11-06T21:03:13.326-0300] {logging_mixin.py:120} INFO - [2022-11-06T21:03:13.326-0300] {dagbag.py:537} INFO - Filling up the DagBag from /home/debian/etlhausz/venv/lib/python3.9/site-packages/airflow/example_dags/example_trigger_controller_dag.py
[2022-11-06T21:03:13.344-0300] {processor.py:766} INFO - DAG(s) dict_keys(['example_trigger_controller_dag']) retrieved from /home/debian/etlhausz/venv/lib/python3.9/site-packages/airflow/example_dags/example_trigger_controller_dag.py
[2022-11-06T21:03:13.439-0300] {logging_mixin.py:120} INFO - [2022-11-06T21:03:13.439-0300] {dag.py:2585} INFO - Sync 1 DAGs
[2022-11-06T21:03:13.664-0300] {logging_mixin.py:120} INFO - [2022-11-06T21:03:13.664-0300] {dag.py:3336} INFO - Setting next_dagrun for example_trigger_controller_dag to 2021-01-01T00:00:00+00:00, run_after=2021-01-01T00:00:00+00:00
[2022-11-06T21:03:13.682-0300] {processor.py:176} INFO - Processing /home/debian/etlhausz/venv/lib/python3.9/site-packages/airflow/example_dags/example_trigger_controller_dag.py took 0.372 seconds
[2022-11-06T21:03:43.918-0300] {processor.py:154} INFO - Started process (PID=64962) to work on /home/debian/etlhausz/venv/lib/python3.9/site-packages/airflow/example_dags/example_trigger_controller_dag.py
[2022-11-06T21:03:43.918-0300] {processor.py:756} INFO - Processing file /home/debian/etlhausz/venv/lib/python3.9/site-packages/airflow/example_dags/example_trigger_controller_dag.py for tasks to queue
[2022-11-06T21:03:43.919-0300] {logging_mixin.py:120} INFO - [2022-11-06T21:03:43.919-0300] {dagbag.py:537} INFO - Filling up the DagBag from /home/debian/etlhausz/venv/lib/python3.9/site-packages/airflow/example_dags/example_trigger_controller_dag.py
[2022-11-06T21:03:43.937-0300] {processor.py:766} INFO - DAG(s) dict_keys(['example_trigger_controller_dag']) retrieved from /home/debian/etlhausz/venv/lib/python3.9/site-packages/airflow/example_dags/example_trigger_controller_dag.py
[2022-11-06T21:03:44.090-0300] {logging_mixin.py:120} INFO - [2022-11-06T21:03:44.090-0300] {dag.py:2585} INFO - Sync 1 DAGs
[2022-11-06T21:03:44.113-0300] {logging_mixin.py:120} INFO - [2022-11-06T21:03:44.113-0300] {dag.py:3336} INFO - Setting next_dagrun for example_trigger_controller_dag to 2021-01-01T00:00:00+00:00, run_after=2021-01-01T00:00:00+00:00
[2022-11-06T21:03:44.137-0300] {processor.py:176} INFO - Processing /home/debian/etlhausz/venv/lib/python3.9/site-packages/airflow/example_dags/example_trigger_controller_dag.py took 0.224 seconds
[2022-11-06T21:04:14.283-0300] {processor.py:154} INFO - Started process (PID=65562) to work on /home/debian/etlhausz/venv/lib/python3.9/site-packages/airflow/example_dags/example_trigger_controller_dag.py
[2022-11-06T21:04:14.286-0300] {processor.py:756} INFO - Processing file /home/debian/etlhausz/venv/lib/python3.9/site-packages/airflow/example_dags/example_trigger_controller_dag.py for tasks to queue
[2022-11-06T21:04:14.287-0300] {logging_mixin.py:120} INFO - [2022-11-06T21:04:14.287-0300] {dagbag.py:537} INFO - Filling up the DagBag from /home/debian/etlhausz/venv/lib/python3.9/site-packages/airflow/example_dags/example_trigger_controller_dag.py
[2022-11-06T21:04:14.305-0300] {processor.py:766} INFO - DAG(s) dict_keys(['example_trigger_controller_dag']) retrieved from /home/debian/etlhausz/venv/lib/python3.9/site-packages/airflow/example_dags/example_trigger_controller_dag.py
[2022-11-06T21:04:14.526-0300] {logging_mixin.py:120} INFO - [2022-11-06T21:04:14.526-0300] {dag.py:2585} INFO - Sync 1 DAGs
[2022-11-06T21:04:14.564-0300] {logging_mixin.py:120} INFO - [2022-11-06T21:04:14.564-0300] {dag.py:3336} INFO - Setting next_dagrun for example_trigger_controller_dag to 2021-01-01T00:00:00+00:00, run_after=2021-01-01T00:00:00+00:00
[2022-11-06T21:04:14.584-0300] {processor.py:176} INFO - Processing /home/debian/etlhausz/venv/lib/python3.9/site-packages/airflow/example_dags/example_trigger_controller_dag.py took 0.305 seconds
[2022-11-06T22:01:37.759-0300] {processor.py:154} INFO - Started process (PID=5144) to work on /home/debian/etlhausz/venv/lib/python3.9/site-packages/airflow/example_dags/example_trigger_controller_dag.py
[2022-11-06T22:01:37.761-0300] {processor.py:756} INFO - Processing file /home/debian/etlhausz/venv/lib/python3.9/site-packages/airflow/example_dags/example_trigger_controller_dag.py for tasks to queue
[2022-11-06T22:01:37.761-0300] {logging_mixin.py:120} INFO - [2022-11-06T22:01:37.761-0300] {dagbag.py:537} INFO - Filling up the DagBag from /home/debian/etlhausz/venv/lib/python3.9/site-packages/airflow/example_dags/example_trigger_controller_dag.py
[2022-11-06T22:01:37.794-0300] {processor.py:766} INFO - DAG(s) dict_keys(['example_trigger_controller_dag']) retrieved from /home/debian/etlhausz/venv/lib/python3.9/site-packages/airflow/example_dags/example_trigger_controller_dag.py
[2022-11-06T22:01:37.916-0300] {logging_mixin.py:120} INFO - [2022-11-06T22:01:37.916-0300] {dag.py:2585} INFO - Sync 1 DAGs
[2022-11-06T22:01:37.957-0300] {logging_mixin.py:120} INFO - [2022-11-06T22:01:37.956-0300] {dag.py:3336} INFO - Setting next_dagrun for example_trigger_controller_dag to 2021-01-01T00:00:00+00:00, run_after=2021-01-01T00:00:00+00:00
[2022-11-06T22:01:38.021-0300] {processor.py:176} INFO - Processing /home/debian/etlhausz/venv/lib/python3.9/site-packages/airflow/example_dags/example_trigger_controller_dag.py took 0.265 seconds
[2022-11-06T22:02:10.105-0300] {processor.py:154} INFO - Started process (PID=5794) to work on /home/debian/etlhausz/venv/lib/python3.9/site-packages/airflow/example_dags/example_trigger_controller_dag.py
[2022-11-06T22:02:10.106-0300] {processor.py:756} INFO - Processing file /home/debian/etlhausz/venv/lib/python3.9/site-packages/airflow/example_dags/example_trigger_controller_dag.py for tasks to queue
[2022-11-06T22:02:10.107-0300] {logging_mixin.py:120} INFO - [2022-11-06T22:02:10.107-0300] {dagbag.py:537} INFO - Filling up the DagBag from /home/debian/etlhausz/venv/lib/python3.9/site-packages/airflow/example_dags/example_trigger_controller_dag.py
[2022-11-06T22:02:10.159-0300] {processor.py:766} INFO - DAG(s) dict_keys(['example_trigger_controller_dag']) retrieved from /home/debian/etlhausz/venv/lib/python3.9/site-packages/airflow/example_dags/example_trigger_controller_dag.py
[2022-11-06T22:02:10.259-0300] {logging_mixin.py:120} INFO - [2022-11-06T22:02:10.259-0300] {dag.py:2585} INFO - Sync 1 DAGs
[2022-11-06T22:02:10.324-0300] {logging_mixin.py:120} INFO - [2022-11-06T22:02:10.324-0300] {dag.py:3336} INFO - Setting next_dagrun for example_trigger_controller_dag to 2021-01-01T00:00:00+00:00, run_after=2021-01-01T00:00:00+00:00
[2022-11-06T22:02:10.442-0300] {processor.py:176} INFO - Processing /home/debian/etlhausz/venv/lib/python3.9/site-packages/airflow/example_dags/example_trigger_controller_dag.py took 0.343 seconds
[2022-11-06T22:02:41.845-0300] {processor.py:154} INFO - Started process (PID=6455) to work on /home/debian/etlhausz/venv/lib/python3.9/site-packages/airflow/example_dags/example_trigger_controller_dag.py
[2022-11-06T22:02:41.847-0300] {processor.py:756} INFO - Processing file /home/debian/etlhausz/venv/lib/python3.9/site-packages/airflow/example_dags/example_trigger_controller_dag.py for tasks to queue
[2022-11-06T22:02:41.848-0300] {logging_mixin.py:120} INFO - [2022-11-06T22:02:41.848-0300] {dagbag.py:537} INFO - Filling up the DagBag from /home/debian/etlhausz/venv/lib/python3.9/site-packages/airflow/example_dags/example_trigger_controller_dag.py
[2022-11-06T22:02:41.858-0300] {processor.py:766} INFO - DAG(s) dict_keys(['example_trigger_controller_dag']) retrieved from /home/debian/etlhausz/venv/lib/python3.9/site-packages/airflow/example_dags/example_trigger_controller_dag.py
[2022-11-06T22:02:41.919-0300] {logging_mixin.py:120} INFO - [2022-11-06T22:02:41.919-0300] {dag.py:2585} INFO - Sync 1 DAGs
[2022-11-06T22:02:41.955-0300] {logging_mixin.py:120} INFO - [2022-11-06T22:02:41.955-0300] {dag.py:3336} INFO - Setting next_dagrun for example_trigger_controller_dag to 2021-01-01T00:00:00+00:00, run_after=2021-01-01T00:00:00+00:00
[2022-11-06T22:02:42.000-0300] {processor.py:176} INFO - Processing /home/debian/etlhausz/venv/lib/python3.9/site-packages/airflow/example_dags/example_trigger_controller_dag.py took 0.157 seconds
[2022-11-06T22:03:14.358-0300] {processor.py:154} INFO - Started process (PID=7030) to work on /home/debian/etlhausz/venv/lib/python3.9/site-packages/airflow/example_dags/example_trigger_controller_dag.py
[2022-11-06T22:03:14.361-0300] {processor.py:756} INFO - Processing file /home/debian/etlhausz/venv/lib/python3.9/site-packages/airflow/example_dags/example_trigger_controller_dag.py for tasks to queue
[2022-11-06T22:03:14.361-0300] {logging_mixin.py:120} INFO - [2022-11-06T22:03:14.361-0300] {dagbag.py:537} INFO - Filling up the DagBag from /home/debian/etlhausz/venv/lib/python3.9/site-packages/airflow/example_dags/example_trigger_controller_dag.py
[2022-11-06T22:03:14.372-0300] {processor.py:766} INFO - DAG(s) dict_keys(['example_trigger_controller_dag']) retrieved from /home/debian/etlhausz/venv/lib/python3.9/site-packages/airflow/example_dags/example_trigger_controller_dag.py
[2022-11-06T22:03:14.458-0300] {logging_mixin.py:120} INFO - [2022-11-06T22:03:14.458-0300] {dag.py:2585} INFO - Sync 1 DAGs
[2022-11-06T22:03:14.484-0300] {logging_mixin.py:120} INFO - [2022-11-06T22:03:14.484-0300] {dag.py:3336} INFO - Setting next_dagrun for example_trigger_controller_dag to 2021-01-01T00:00:00+00:00, run_after=2021-01-01T00:00:00+00:00
[2022-11-06T22:03:14.502-0300] {processor.py:176} INFO - Processing /home/debian/etlhausz/venv/lib/python3.9/site-packages/airflow/example_dags/example_trigger_controller_dag.py took 0.147 seconds
[2022-11-06T22:03:45.901-0300] {processor.py:154} INFO - Started process (PID=7718) to work on /home/debian/etlhausz/venv/lib/python3.9/site-packages/airflow/example_dags/example_trigger_controller_dag.py
[2022-11-06T22:03:45.902-0300] {processor.py:756} INFO - Processing file /home/debian/etlhausz/venv/lib/python3.9/site-packages/airflow/example_dags/example_trigger_controller_dag.py for tasks to queue
[2022-11-06T22:03:45.903-0300] {logging_mixin.py:120} INFO - [2022-11-06T22:03:45.902-0300] {dagbag.py:537} INFO - Filling up the DagBag from /home/debian/etlhausz/venv/lib/python3.9/site-packages/airflow/example_dags/example_trigger_controller_dag.py
[2022-11-06T22:03:45.915-0300] {processor.py:766} INFO - DAG(s) dict_keys(['example_trigger_controller_dag']) retrieved from /home/debian/etlhausz/venv/lib/python3.9/site-packages/airflow/example_dags/example_trigger_controller_dag.py
[2022-11-06T22:03:45.961-0300] {logging_mixin.py:120} INFO - [2022-11-06T22:03:45.961-0300] {dag.py:2585} INFO - Sync 1 DAGs
[2022-11-06T22:03:45.986-0300] {logging_mixin.py:120} INFO - [2022-11-06T22:03:45.986-0300] {dag.py:3336} INFO - Setting next_dagrun for example_trigger_controller_dag to 2021-01-01T00:00:00+00:00, run_after=2021-01-01T00:00:00+00:00
[2022-11-06T22:03:46.010-0300] {processor.py:176} INFO - Processing /home/debian/etlhausz/venv/lib/python3.9/site-packages/airflow/example_dags/example_trigger_controller_dag.py took 0.112 seconds
[2022-11-06T22:04:17.249-0300] {processor.py:154} INFO - Started process (PID=8341) to work on /home/debian/etlhausz/venv/lib/python3.9/site-packages/airflow/example_dags/example_trigger_controller_dag.py
[2022-11-06T22:04:17.251-0300] {processor.py:756} INFO - Processing file /home/debian/etlhausz/venv/lib/python3.9/site-packages/airflow/example_dags/example_trigger_controller_dag.py for tasks to queue
[2022-11-06T22:04:17.252-0300] {logging_mixin.py:120} INFO - [2022-11-06T22:04:17.252-0300] {dagbag.py:537} INFO - Filling up the DagBag from /home/debian/etlhausz/venv/lib/python3.9/site-packages/airflow/example_dags/example_trigger_controller_dag.py
[2022-11-06T22:04:17.261-0300] {processor.py:766} INFO - DAG(s) dict_keys(['example_trigger_controller_dag']) retrieved from /home/debian/etlhausz/venv/lib/python3.9/site-packages/airflow/example_dags/example_trigger_controller_dag.py
[2022-11-06T22:04:17.345-0300] {logging_mixin.py:120} INFO - [2022-11-06T22:04:17.345-0300] {dag.py:2585} INFO - Sync 1 DAGs
[2022-11-06T22:04:17.420-0300] {logging_mixin.py:120} INFO - [2022-11-06T22:04:17.419-0300] {dag.py:3336} INFO - Setting next_dagrun for example_trigger_controller_dag to 2021-01-01T00:00:00+00:00, run_after=2021-01-01T00:00:00+00:00
[2022-11-06T22:04:17.534-0300] {processor.py:176} INFO - Processing /home/debian/etlhausz/venv/lib/python3.9/site-packages/airflow/example_dags/example_trigger_controller_dag.py took 0.287 seconds
[2022-11-06T22:04:49.957-0300] {processor.py:154} INFO - Started process (PID=8915) to work on /home/debian/etlhausz/venv/lib/python3.9/site-packages/airflow/example_dags/example_trigger_controller_dag.py
[2022-11-06T22:04:49.959-0300] {processor.py:756} INFO - Processing file /home/debian/etlhausz/venv/lib/python3.9/site-packages/airflow/example_dags/example_trigger_controller_dag.py for tasks to queue
[2022-11-06T22:04:49.959-0300] {logging_mixin.py:120} INFO - [2022-11-06T22:04:49.959-0300] {dagbag.py:537} INFO - Filling up the DagBag from /home/debian/etlhausz/venv/lib/python3.9/site-packages/airflow/example_dags/example_trigger_controller_dag.py
[2022-11-06T22:04:49.968-0300] {processor.py:766} INFO - DAG(s) dict_keys(['example_trigger_controller_dag']) retrieved from /home/debian/etlhausz/venv/lib/python3.9/site-packages/airflow/example_dags/example_trigger_controller_dag.py
[2022-11-06T22:04:50.025-0300] {logging_mixin.py:120} INFO - [2022-11-06T22:04:50.025-0300] {dag.py:2585} INFO - Sync 1 DAGs
[2022-11-06T22:04:50.055-0300] {logging_mixin.py:120} INFO - [2022-11-06T22:04:50.054-0300] {dag.py:3336} INFO - Setting next_dagrun for example_trigger_controller_dag to 2021-01-01T00:00:00+00:00, run_after=2021-01-01T00:00:00+00:00
[2022-11-06T22:04:50.074-0300] {processor.py:176} INFO - Processing /home/debian/etlhausz/venv/lib/python3.9/site-packages/airflow/example_dags/example_trigger_controller_dag.py took 0.121 seconds
[2022-11-06T22:05:30.807-0300] {processor.py:154} INFO - Started process (PID=9846) to work on /home/debian/etlhausz/venv/lib/python3.9/site-packages/airflow/example_dags/example_trigger_controller_dag.py
[2022-11-06T22:05:30.809-0300] {processor.py:756} INFO - Processing file /home/debian/etlhausz/venv/lib/python3.9/site-packages/airflow/example_dags/example_trigger_controller_dag.py for tasks to queue
[2022-11-06T22:05:30.809-0300] {logging_mixin.py:120} INFO - [2022-11-06T22:05:30.809-0300] {dagbag.py:537} INFO - Filling up the DagBag from /home/debian/etlhausz/venv/lib/python3.9/site-packages/airflow/example_dags/example_trigger_controller_dag.py
[2022-11-06T22:05:30.823-0300] {processor.py:766} INFO - DAG(s) dict_keys(['example_trigger_controller_dag']) retrieved from /home/debian/etlhausz/venv/lib/python3.9/site-packages/airflow/example_dags/example_trigger_controller_dag.py
[2022-11-06T22:05:30.915-0300] {logging_mixin.py:120} INFO - [2022-11-06T22:05:30.913-0300] {dag.py:2585} INFO - Sync 1 DAGs
[2022-11-06T22:05:30.999-0300] {logging_mixin.py:120} INFO - [2022-11-06T22:05:30.999-0300] {dag.py:3336} INFO - Setting next_dagrun for example_trigger_controller_dag to 2021-01-01T00:00:00+00:00, run_after=2021-01-01T00:00:00+00:00
[2022-11-06T22:05:31.066-0300] {processor.py:176} INFO - Processing /home/debian/etlhausz/venv/lib/python3.9/site-packages/airflow/example_dags/example_trigger_controller_dag.py took 0.269 seconds
[2022-11-06T22:06:01.322-0300] {processor.py:154} INFO - Started process (PID=10459) to work on /home/debian/etlhausz/venv/lib/python3.9/site-packages/airflow/example_dags/example_trigger_controller_dag.py
[2022-11-06T22:06:01.323-0300] {processor.py:756} INFO - Processing file /home/debian/etlhausz/venv/lib/python3.9/site-packages/airflow/example_dags/example_trigger_controller_dag.py for tasks to queue
[2022-11-06T22:06:01.324-0300] {logging_mixin.py:120} INFO - [2022-11-06T22:06:01.324-0300] {dagbag.py:537} INFO - Filling up the DagBag from /home/debian/etlhausz/venv/lib/python3.9/site-packages/airflow/example_dags/example_trigger_controller_dag.py
[2022-11-06T22:06:01.336-0300] {processor.py:766} INFO - DAG(s) dict_keys(['example_trigger_controller_dag']) retrieved from /home/debian/etlhausz/venv/lib/python3.9/site-packages/airflow/example_dags/example_trigger_controller_dag.py
[2022-11-06T22:06:01.389-0300] {logging_mixin.py:120} INFO - [2022-11-06T22:06:01.389-0300] {dag.py:2585} INFO - Sync 1 DAGs
[2022-11-06T22:06:01.415-0300] {logging_mixin.py:120} INFO - [2022-11-06T22:06:01.415-0300] {dag.py:3336} INFO - Setting next_dagrun for example_trigger_controller_dag to 2021-01-01T00:00:00+00:00, run_after=2021-01-01T00:00:00+00:00
[2022-11-06T22:06:01.436-0300] {processor.py:176} INFO - Processing /home/debian/etlhausz/venv/lib/python3.9/site-packages/airflow/example_dags/example_trigger_controller_dag.py took 0.119 seconds
[2022-11-06T22:06:32.217-0300] {processor.py:154} INFO - Started process (PID=10988) to work on /home/debian/etlhausz/venv/lib/python3.9/site-packages/airflow/example_dags/example_trigger_controller_dag.py
[2022-11-06T22:06:32.219-0300] {processor.py:756} INFO - Processing file /home/debian/etlhausz/venv/lib/python3.9/site-packages/airflow/example_dags/example_trigger_controller_dag.py for tasks to queue
[2022-11-06T22:06:32.220-0300] {logging_mixin.py:120} INFO - [2022-11-06T22:06:32.220-0300] {dagbag.py:537} INFO - Filling up the DagBag from /home/debian/etlhausz/venv/lib/python3.9/site-packages/airflow/example_dags/example_trigger_controller_dag.py
[2022-11-06T22:06:32.230-0300] {processor.py:766} INFO - DAG(s) dict_keys(['example_trigger_controller_dag']) retrieved from /home/debian/etlhausz/venv/lib/python3.9/site-packages/airflow/example_dags/example_trigger_controller_dag.py
[2022-11-06T22:06:32.275-0300] {logging_mixin.py:120} INFO - [2022-11-06T22:06:32.275-0300] {dag.py:2585} INFO - Sync 1 DAGs
[2022-11-06T22:06:32.297-0300] {logging_mixin.py:120} INFO - [2022-11-06T22:06:32.297-0300] {dag.py:3336} INFO - Setting next_dagrun for example_trigger_controller_dag to 2021-01-01T00:00:00+00:00, run_after=2021-01-01T00:00:00+00:00
[2022-11-06T22:06:32.319-0300] {processor.py:176} INFO - Processing /home/debian/etlhausz/venv/lib/python3.9/site-packages/airflow/example_dags/example_trigger_controller_dag.py took 0.105 seconds
[2022-11-06T22:07:02.797-0300] {processor.py:154} INFO - Started process (PID=11531) to work on /home/debian/etlhausz/venv/lib/python3.9/site-packages/airflow/example_dags/example_trigger_controller_dag.py
[2022-11-06T22:07:02.800-0300] {processor.py:756} INFO - Processing file /home/debian/etlhausz/venv/lib/python3.9/site-packages/airflow/example_dags/example_trigger_controller_dag.py for tasks to queue
[2022-11-06T22:07:02.800-0300] {logging_mixin.py:120} INFO - [2022-11-06T22:07:02.800-0300] {dagbag.py:537} INFO - Filling up the DagBag from /home/debian/etlhausz/venv/lib/python3.9/site-packages/airflow/example_dags/example_trigger_controller_dag.py
[2022-11-06T22:07:02.818-0300] {processor.py:766} INFO - DAG(s) dict_keys(['example_trigger_controller_dag']) retrieved from /home/debian/etlhausz/venv/lib/python3.9/site-packages/airflow/example_dags/example_trigger_controller_dag.py
[2022-11-06T22:07:02.898-0300] {logging_mixin.py:120} INFO - [2022-11-06T22:07:02.898-0300] {dag.py:2585} INFO - Sync 1 DAGs
[2022-11-06T22:07:02.934-0300] {logging_mixin.py:120} INFO - [2022-11-06T22:07:02.934-0300] {dag.py:3336} INFO - Setting next_dagrun for example_trigger_controller_dag to 2021-01-01T00:00:00+00:00, run_after=2021-01-01T00:00:00+00:00
[2022-11-06T22:07:02.977-0300] {processor.py:176} INFO - Processing /home/debian/etlhausz/venv/lib/python3.9/site-packages/airflow/example_dags/example_trigger_controller_dag.py took 0.184 seconds
[2022-11-06T22:07:38.056-0300] {processor.py:154} INFO - Started process (PID=12305) to work on /home/debian/etlhausz/venv/lib/python3.9/site-packages/airflow/example_dags/example_trigger_controller_dag.py
[2022-11-06T22:07:38.058-0300] {processor.py:756} INFO - Processing file /home/debian/etlhausz/venv/lib/python3.9/site-packages/airflow/example_dags/example_trigger_controller_dag.py for tasks to queue
[2022-11-06T22:07:38.059-0300] {logging_mixin.py:120} INFO - [2022-11-06T22:07:38.059-0300] {dagbag.py:537} INFO - Filling up the DagBag from /home/debian/etlhausz/venv/lib/python3.9/site-packages/airflow/example_dags/example_trigger_controller_dag.py
[2022-11-06T22:07:38.091-0300] {processor.py:766} INFO - DAG(s) dict_keys(['example_trigger_controller_dag']) retrieved from /home/debian/etlhausz/venv/lib/python3.9/site-packages/airflow/example_dags/example_trigger_controller_dag.py
[2022-11-06T22:07:38.236-0300] {logging_mixin.py:120} INFO - [2022-11-06T22:07:38.235-0300] {dag.py:2585} INFO - Sync 1 DAGs
[2022-11-06T22:07:38.308-0300] {logging_mixin.py:120} INFO - [2022-11-06T22:07:38.308-0300] {dag.py:3336} INFO - Setting next_dagrun for example_trigger_controller_dag to 2021-01-01T00:00:00+00:00, run_after=2021-01-01T00:00:00+00:00
[2022-11-06T22:07:38.375-0300] {processor.py:176} INFO - Processing /home/debian/etlhausz/venv/lib/python3.9/site-packages/airflow/example_dags/example_trigger_controller_dag.py took 0.341 seconds
[2022-11-06T22:08:08.879-0300] {processor.py:154} INFO - Started process (PID=13036) to work on /home/debian/etlhausz/venv/lib/python3.9/site-packages/airflow/example_dags/example_trigger_controller_dag.py
[2022-11-06T22:08:08.881-0300] {processor.py:756} INFO - Processing file /home/debian/etlhausz/venv/lib/python3.9/site-packages/airflow/example_dags/example_trigger_controller_dag.py for tasks to queue
[2022-11-06T22:08:08.882-0300] {logging_mixin.py:120} INFO - [2022-11-06T22:08:08.882-0300] {dagbag.py:537} INFO - Filling up the DagBag from /home/debian/etlhausz/venv/lib/python3.9/site-packages/airflow/example_dags/example_trigger_controller_dag.py
[2022-11-06T22:08:08.906-0300] {processor.py:766} INFO - DAG(s) dict_keys(['example_trigger_controller_dag']) retrieved from /home/debian/etlhausz/venv/lib/python3.9/site-packages/airflow/example_dags/example_trigger_controller_dag.py
[2022-11-06T22:08:08.983-0300] {logging_mixin.py:120} INFO - [2022-11-06T22:08:08.983-0300] {dag.py:2585} INFO - Sync 1 DAGs
[2022-11-06T22:08:09.021-0300] {logging_mixin.py:120} INFO - [2022-11-06T22:08:09.021-0300] {dag.py:3336} INFO - Setting next_dagrun for example_trigger_controller_dag to 2021-01-01T00:00:00+00:00, run_after=2021-01-01T00:00:00+00:00
[2022-11-06T22:08:09.061-0300] {processor.py:176} INFO - Processing /home/debian/etlhausz/venv/lib/python3.9/site-packages/airflow/example_dags/example_trigger_controller_dag.py took 0.197 seconds
[2022-11-06T22:08:40.494-0300] {processor.py:154} INFO - Started process (PID=13715) to work on /home/debian/etlhausz/venv/lib/python3.9/site-packages/airflow/example_dags/example_trigger_controller_dag.py
[2022-11-06T22:08:40.496-0300] {processor.py:756} INFO - Processing file /home/debian/etlhausz/venv/lib/python3.9/site-packages/airflow/example_dags/example_trigger_controller_dag.py for tasks to queue
[2022-11-06T22:08:40.498-0300] {logging_mixin.py:120} INFO - [2022-11-06T22:08:40.497-0300] {dagbag.py:537} INFO - Filling up the DagBag from /home/debian/etlhausz/venv/lib/python3.9/site-packages/airflow/example_dags/example_trigger_controller_dag.py
[2022-11-06T22:08:40.511-0300] {processor.py:766} INFO - DAG(s) dict_keys(['example_trigger_controller_dag']) retrieved from /home/debian/etlhausz/venv/lib/python3.9/site-packages/airflow/example_dags/example_trigger_controller_dag.py
[2022-11-06T22:08:40.560-0300] {logging_mixin.py:120} INFO - [2022-11-06T22:08:40.560-0300] {dag.py:2585} INFO - Sync 1 DAGs
[2022-11-06T22:08:40.578-0300] {logging_mixin.py:120} INFO - [2022-11-06T22:08:40.578-0300] {dag.py:3336} INFO - Setting next_dagrun for example_trigger_controller_dag to 2021-01-01T00:00:00+00:00, run_after=2021-01-01T00:00:00+00:00
[2022-11-06T22:08:40.593-0300] {processor.py:176} INFO - Processing /home/debian/etlhausz/venv/lib/python3.9/site-packages/airflow/example_dags/example_trigger_controller_dag.py took 0.102 seconds
[2022-11-06T22:09:13.081-0300] {processor.py:154} INFO - Started process (PID=14386) to work on /home/debian/etlhausz/venv/lib/python3.9/site-packages/airflow/example_dags/example_trigger_controller_dag.py
[2022-11-06T22:09:13.082-0300] {processor.py:756} INFO - Processing file /home/debian/etlhausz/venv/lib/python3.9/site-packages/airflow/example_dags/example_trigger_controller_dag.py for tasks to queue
[2022-11-06T22:09:13.083-0300] {logging_mixin.py:120} INFO - [2022-11-06T22:09:13.083-0300] {dagbag.py:537} INFO - Filling up the DagBag from /home/debian/etlhausz/venv/lib/python3.9/site-packages/airflow/example_dags/example_trigger_controller_dag.py
[2022-11-06T22:09:13.105-0300] {processor.py:766} INFO - DAG(s) dict_keys(['example_trigger_controller_dag']) retrieved from /home/debian/etlhausz/venv/lib/python3.9/site-packages/airflow/example_dags/example_trigger_controller_dag.py
[2022-11-06T22:09:13.198-0300] {logging_mixin.py:120} INFO - [2022-11-06T22:09:13.198-0300] {dag.py:2585} INFO - Sync 1 DAGs
[2022-11-06T22:09:13.226-0300] {logging_mixin.py:120} INFO - [2022-11-06T22:09:13.226-0300] {dag.py:3336} INFO - Setting next_dagrun for example_trigger_controller_dag to 2021-01-01T00:00:00+00:00, run_after=2021-01-01T00:00:00+00:00
[2022-11-06T22:09:13.251-0300] {processor.py:176} INFO - Processing /home/debian/etlhausz/venv/lib/python3.9/site-packages/airflow/example_dags/example_trigger_controller_dag.py took 0.178 seconds
[2022-11-06T22:09:45.555-0300] {processor.py:154} INFO - Started process (PID=15007) to work on /home/debian/etlhausz/venv/lib/python3.9/site-packages/airflow/example_dags/example_trigger_controller_dag.py
[2022-11-06T22:09:45.557-0300] {processor.py:756} INFO - Processing file /home/debian/etlhausz/venv/lib/python3.9/site-packages/airflow/example_dags/example_trigger_controller_dag.py for tasks to queue
[2022-11-06T22:09:45.557-0300] {logging_mixin.py:120} INFO - [2022-11-06T22:09:45.557-0300] {dagbag.py:537} INFO - Filling up the DagBag from /home/debian/etlhausz/venv/lib/python3.9/site-packages/airflow/example_dags/example_trigger_controller_dag.py
[2022-11-06T22:09:45.577-0300] {processor.py:766} INFO - DAG(s) dict_keys(['example_trigger_controller_dag']) retrieved from /home/debian/etlhausz/venv/lib/python3.9/site-packages/airflow/example_dags/example_trigger_controller_dag.py
[2022-11-06T22:09:45.634-0300] {logging_mixin.py:120} INFO - [2022-11-06T22:09:45.633-0300] {dag.py:2585} INFO - Sync 1 DAGs
[2022-11-06T22:09:45.664-0300] {logging_mixin.py:120} INFO - [2022-11-06T22:09:45.664-0300] {dag.py:3336} INFO - Setting next_dagrun for example_trigger_controller_dag to 2021-01-01T00:00:00+00:00, run_after=2021-01-01T00:00:00+00:00
[2022-11-06T22:09:45.695-0300] {processor.py:176} INFO - Processing /home/debian/etlhausz/venv/lib/python3.9/site-packages/airflow/example_dags/example_trigger_controller_dag.py took 0.143 seconds
[2022-11-06T22:10:17.533-0300] {processor.py:154} INFO - Started process (PID=15611) to work on /home/debian/etlhausz/venv/lib/python3.9/site-packages/airflow/example_dags/example_trigger_controller_dag.py
[2022-11-06T22:10:17.534-0300] {processor.py:756} INFO - Processing file /home/debian/etlhausz/venv/lib/python3.9/site-packages/airflow/example_dags/example_trigger_controller_dag.py for tasks to queue
[2022-11-06T22:10:17.535-0300] {logging_mixin.py:120} INFO - [2022-11-06T22:10:17.534-0300] {dagbag.py:537} INFO - Filling up the DagBag from /home/debian/etlhausz/venv/lib/python3.9/site-packages/airflow/example_dags/example_trigger_controller_dag.py
[2022-11-06T22:10:17.544-0300] {processor.py:766} INFO - DAG(s) dict_keys(['example_trigger_controller_dag']) retrieved from /home/debian/etlhausz/venv/lib/python3.9/site-packages/airflow/example_dags/example_trigger_controller_dag.py
[2022-11-06T22:10:17.610-0300] {logging_mixin.py:120} INFO - [2022-11-06T22:10:17.609-0300] {dag.py:2585} INFO - Sync 1 DAGs
[2022-11-06T22:10:17.630-0300] {logging_mixin.py:120} INFO - [2022-11-06T22:10:17.630-0300] {dag.py:3336} INFO - Setting next_dagrun for example_trigger_controller_dag to 2021-01-01T00:00:00+00:00, run_after=2021-01-01T00:00:00+00:00
[2022-11-06T22:10:17.647-0300] {processor.py:176} INFO - Processing /home/debian/etlhausz/venv/lib/python3.9/site-packages/airflow/example_dags/example_trigger_controller_dag.py took 0.117 seconds
[2022-11-06T22:10:49.327-0300] {processor.py:154} INFO - Started process (PID=16239) to work on /home/debian/etlhausz/venv/lib/python3.9/site-packages/airflow/example_dags/example_trigger_controller_dag.py
[2022-11-06T22:10:49.330-0300] {processor.py:756} INFO - Processing file /home/debian/etlhausz/venv/lib/python3.9/site-packages/airflow/example_dags/example_trigger_controller_dag.py for tasks to queue
[2022-11-06T22:10:49.331-0300] {logging_mixin.py:120} INFO - [2022-11-06T22:10:49.331-0300] {dagbag.py:537} INFO - Filling up the DagBag from /home/debian/etlhausz/venv/lib/python3.9/site-packages/airflow/example_dags/example_trigger_controller_dag.py
[2022-11-06T22:10:49.346-0300] {processor.py:766} INFO - DAG(s) dict_keys(['example_trigger_controller_dag']) retrieved from /home/debian/etlhausz/venv/lib/python3.9/site-packages/airflow/example_dags/example_trigger_controller_dag.py
[2022-11-06T22:10:49.414-0300] {logging_mixin.py:120} INFO - [2022-11-06T22:10:49.413-0300] {dag.py:2585} INFO - Sync 1 DAGs
[2022-11-06T22:10:49.456-0300] {logging_mixin.py:120} INFO - [2022-11-06T22:10:49.456-0300] {dag.py:3336} INFO - Setting next_dagrun for example_trigger_controller_dag to 2021-01-01T00:00:00+00:00, run_after=2021-01-01T00:00:00+00:00
[2022-11-06T22:10:49.494-0300] {processor.py:176} INFO - Processing /home/debian/etlhausz/venv/lib/python3.9/site-packages/airflow/example_dags/example_trigger_controller_dag.py took 0.174 seconds
[2022-11-06T22:11:22.914-0300] {processor.py:154} INFO - Started process (PID=16825) to work on /home/debian/etlhausz/venv/lib/python3.9/site-packages/airflow/example_dags/example_trigger_controller_dag.py
[2022-11-06T22:11:22.916-0300] {processor.py:756} INFO - Processing file /home/debian/etlhausz/venv/lib/python3.9/site-packages/airflow/example_dags/example_trigger_controller_dag.py for tasks to queue
[2022-11-06T22:11:22.916-0300] {logging_mixin.py:120} INFO - [2022-11-06T22:11:22.916-0300] {dagbag.py:537} INFO - Filling up the DagBag from /home/debian/etlhausz/venv/lib/python3.9/site-packages/airflow/example_dags/example_trigger_controller_dag.py
[2022-11-06T22:11:22.928-0300] {processor.py:766} INFO - DAG(s) dict_keys(['example_trigger_controller_dag']) retrieved from /home/debian/etlhausz/venv/lib/python3.9/site-packages/airflow/example_dags/example_trigger_controller_dag.py
[2022-11-06T22:11:22.987-0300] {logging_mixin.py:120} INFO - [2022-11-06T22:11:22.986-0300] {dag.py:2585} INFO - Sync 1 DAGs
[2022-11-06T22:11:23.011-0300] {logging_mixin.py:120} INFO - [2022-11-06T22:11:23.011-0300] {dag.py:3336} INFO - Setting next_dagrun for example_trigger_controller_dag to 2021-01-01T00:00:00+00:00, run_after=2021-01-01T00:00:00+00:00
[2022-11-06T22:11:23.038-0300] {processor.py:176} INFO - Processing /home/debian/etlhausz/venv/lib/python3.9/site-packages/airflow/example_dags/example_trigger_controller_dag.py took 0.128 seconds
[2022-11-06T22:11:57.646-0300] {processor.py:154} INFO - Started process (PID=17374) to work on /home/debian/etlhausz/venv/lib/python3.9/site-packages/airflow/example_dags/example_trigger_controller_dag.py
[2022-11-06T22:11:57.648-0300] {processor.py:756} INFO - Processing file /home/debian/etlhausz/venv/lib/python3.9/site-packages/airflow/example_dags/example_trigger_controller_dag.py for tasks to queue
[2022-11-06T22:11:57.649-0300] {logging_mixin.py:120} INFO - [2022-11-06T22:11:57.648-0300] {dagbag.py:537} INFO - Filling up the DagBag from /home/debian/etlhausz/venv/lib/python3.9/site-packages/airflow/example_dags/example_trigger_controller_dag.py
[2022-11-06T22:11:57.661-0300] {processor.py:766} INFO - DAG(s) dict_keys(['example_trigger_controller_dag']) retrieved from /home/debian/etlhausz/venv/lib/python3.9/site-packages/airflow/example_dags/example_trigger_controller_dag.py
[2022-11-06T22:11:57.704-0300] {logging_mixin.py:120} INFO - [2022-11-06T22:11:57.704-0300] {dag.py:2585} INFO - Sync 1 DAGs
[2022-11-06T22:11:57.841-0300] {logging_mixin.py:120} INFO - [2022-11-06T22:11:57.841-0300] {dag.py:3336} INFO - Setting next_dagrun for example_trigger_controller_dag to 2021-01-01T00:00:00+00:00, run_after=2021-01-01T00:00:00+00:00
[2022-11-06T22:11:57.897-0300] {processor.py:176} INFO - Processing /home/debian/etlhausz/venv/lib/python3.9/site-packages/airflow/example_dags/example_trigger_controller_dag.py took 0.254 seconds
[2022-11-06T22:12:28.590-0300] {processor.py:154} INFO - Started process (PID=17991) to work on /home/debian/etlhausz/venv/lib/python3.9/site-packages/airflow/example_dags/example_trigger_controller_dag.py
[2022-11-06T22:12:28.592-0300] {processor.py:756} INFO - Processing file /home/debian/etlhausz/venv/lib/python3.9/site-packages/airflow/example_dags/example_trigger_controller_dag.py for tasks to queue
[2022-11-06T22:12:28.593-0300] {logging_mixin.py:120} INFO - [2022-11-06T22:12:28.592-0300] {dagbag.py:537} INFO - Filling up the DagBag from /home/debian/etlhausz/venv/lib/python3.9/site-packages/airflow/example_dags/example_trigger_controller_dag.py
[2022-11-06T22:12:28.610-0300] {processor.py:766} INFO - DAG(s) dict_keys(['example_trigger_controller_dag']) retrieved from /home/debian/etlhausz/venv/lib/python3.9/site-packages/airflow/example_dags/example_trigger_controller_dag.py
[2022-11-06T22:12:28.769-0300] {logging_mixin.py:120} INFO - [2022-11-06T22:12:28.769-0300] {dag.py:2585} INFO - Sync 1 DAGs
[2022-11-06T22:12:28.791-0300] {logging_mixin.py:120} INFO - [2022-11-06T22:12:28.791-0300] {dag.py:3336} INFO - Setting next_dagrun for example_trigger_controller_dag to 2021-01-01T00:00:00+00:00, run_after=2021-01-01T00:00:00+00:00
[2022-11-06T22:12:28.813-0300] {processor.py:176} INFO - Processing /home/debian/etlhausz/venv/lib/python3.9/site-packages/airflow/example_dags/example_trigger_controller_dag.py took 0.226 seconds
[2022-11-06T22:13:00.801-0300] {processor.py:154} INFO - Started process (PID=18612) to work on /home/debian/etlhausz/venv/lib/python3.9/site-packages/airflow/example_dags/example_trigger_controller_dag.py
[2022-11-06T22:13:00.803-0300] {processor.py:756} INFO - Processing file /home/debian/etlhausz/venv/lib/python3.9/site-packages/airflow/example_dags/example_trigger_controller_dag.py for tasks to queue
[2022-11-06T22:13:00.804-0300] {logging_mixin.py:120} INFO - [2022-11-06T22:13:00.804-0300] {dagbag.py:537} INFO - Filling up the DagBag from /home/debian/etlhausz/venv/lib/python3.9/site-packages/airflow/example_dags/example_trigger_controller_dag.py
[2022-11-06T22:13:00.814-0300] {processor.py:766} INFO - DAG(s) dict_keys(['example_trigger_controller_dag']) retrieved from /home/debian/etlhausz/venv/lib/python3.9/site-packages/airflow/example_dags/example_trigger_controller_dag.py
[2022-11-06T22:13:00.986-0300] {logging_mixin.py:120} INFO - [2022-11-06T22:13:00.986-0300] {dag.py:2585} INFO - Sync 1 DAGs
[2022-11-06T22:13:01.011-0300] {logging_mixin.py:120} INFO - [2022-11-06T22:13:01.011-0300] {dag.py:3336} INFO - Setting next_dagrun for example_trigger_controller_dag to 2021-01-01T00:00:00+00:00, run_after=2021-01-01T00:00:00+00:00
[2022-11-06T22:13:01.039-0300] {processor.py:176} INFO - Processing /home/debian/etlhausz/venv/lib/python3.9/site-packages/airflow/example_dags/example_trigger_controller_dag.py took 0.241 seconds
[2022-11-06T22:13:32.716-0300] {processor.py:154} INFO - Started process (PID=19226) to work on /home/debian/etlhausz/venv/lib/python3.9/site-packages/airflow/example_dags/example_trigger_controller_dag.py
[2022-11-06T22:13:32.718-0300] {processor.py:756} INFO - Processing file /home/debian/etlhausz/venv/lib/python3.9/site-packages/airflow/example_dags/example_trigger_controller_dag.py for tasks to queue
[2022-11-06T22:13:32.718-0300] {logging_mixin.py:120} INFO - [2022-11-06T22:13:32.718-0300] {dagbag.py:537} INFO - Filling up the DagBag from /home/debian/etlhausz/venv/lib/python3.9/site-packages/airflow/example_dags/example_trigger_controller_dag.py
[2022-11-06T22:13:32.736-0300] {processor.py:766} INFO - DAG(s) dict_keys(['example_trigger_controller_dag']) retrieved from /home/debian/etlhausz/venv/lib/python3.9/site-packages/airflow/example_dags/example_trigger_controller_dag.py
[2022-11-06T22:13:32.804-0300] {logging_mixin.py:120} INFO - [2022-11-06T22:13:32.803-0300] {dag.py:2585} INFO - Sync 1 DAGs
[2022-11-06T22:13:32.828-0300] {logging_mixin.py:120} INFO - [2022-11-06T22:13:32.827-0300] {dag.py:3336} INFO - Setting next_dagrun for example_trigger_controller_dag to 2021-01-01T00:00:00+00:00, run_after=2021-01-01T00:00:00+00:00
[2022-11-06T22:13:33.057-0300] {processor.py:176} INFO - Processing /home/debian/etlhausz/venv/lib/python3.9/site-packages/airflow/example_dags/example_trigger_controller_dag.py took 0.355 seconds
[2022-11-06T22:14:04.540-0300] {processor.py:154} INFO - Started process (PID=19823) to work on /home/debian/etlhausz/venv/lib/python3.9/site-packages/airflow/example_dags/example_trigger_controller_dag.py
[2022-11-06T22:14:04.542-0300] {processor.py:756} INFO - Processing file /home/debian/etlhausz/venv/lib/python3.9/site-packages/airflow/example_dags/example_trigger_controller_dag.py for tasks to queue
[2022-11-06T22:14:04.542-0300] {logging_mixin.py:120} INFO - [2022-11-06T22:14:04.542-0300] {dagbag.py:537} INFO - Filling up the DagBag from /home/debian/etlhausz/venv/lib/python3.9/site-packages/airflow/example_dags/example_trigger_controller_dag.py
[2022-11-06T22:14:04.554-0300] {processor.py:766} INFO - DAG(s) dict_keys(['example_trigger_controller_dag']) retrieved from /home/debian/etlhausz/venv/lib/python3.9/site-packages/airflow/example_dags/example_trigger_controller_dag.py
[2022-11-06T22:14:04.647-0300] {logging_mixin.py:120} INFO - [2022-11-06T22:14:04.647-0300] {dag.py:2585} INFO - Sync 1 DAGs
[2022-11-06T22:14:04.865-0300] {logging_mixin.py:120} INFO - [2022-11-06T22:14:04.863-0300] {dag.py:3336} INFO - Setting next_dagrun for example_trigger_controller_dag to 2021-01-01T00:00:00+00:00, run_after=2021-01-01T00:00:00+00:00
[2022-11-06T22:14:04.896-0300] {processor.py:176} INFO - Processing /home/debian/etlhausz/venv/lib/python3.9/site-packages/airflow/example_dags/example_trigger_controller_dag.py took 0.359 seconds
[2022-11-06T22:14:37.351-0300] {processor.py:154} INFO - Started process (PID=20450) to work on /home/debian/etlhausz/venv/lib/python3.9/site-packages/airflow/example_dags/example_trigger_controller_dag.py
[2022-11-06T22:14:37.355-0300] {processor.py:756} INFO - Processing file /home/debian/etlhausz/venv/lib/python3.9/site-packages/airflow/example_dags/example_trigger_controller_dag.py for tasks to queue
[2022-11-06T22:14:37.355-0300] {logging_mixin.py:120} INFO - [2022-11-06T22:14:37.355-0300] {dagbag.py:537} INFO - Filling up the DagBag from /home/debian/etlhausz/venv/lib/python3.9/site-packages/airflow/example_dags/example_trigger_controller_dag.py
[2022-11-06T22:14:37.390-0300] {processor.py:766} INFO - DAG(s) dict_keys(['example_trigger_controller_dag']) retrieved from /home/debian/etlhausz/venv/lib/python3.9/site-packages/airflow/example_dags/example_trigger_controller_dag.py
[2022-11-06T22:14:37.650-0300] {logging_mixin.py:120} INFO - [2022-11-06T22:14:37.650-0300] {dag.py:2585} INFO - Sync 1 DAGs
[2022-11-06T22:14:37.706-0300] {logging_mixin.py:120} INFO - [2022-11-06T22:14:37.706-0300] {dag.py:3336} INFO - Setting next_dagrun for example_trigger_controller_dag to 2021-01-01T00:00:00+00:00, run_after=2021-01-01T00:00:00+00:00
[2022-11-06T22:14:37.781-0300] {processor.py:176} INFO - Processing /home/debian/etlhausz/venv/lib/python3.9/site-packages/airflow/example_dags/example_trigger_controller_dag.py took 0.442 seconds
[2022-11-06T22:15:09.277-0300] {processor.py:154} INFO - Started process (PID=21034) to work on /home/debian/etlhausz/venv/lib/python3.9/site-packages/airflow/example_dags/example_trigger_controller_dag.py
[2022-11-06T22:15:09.278-0300] {processor.py:756} INFO - Processing file /home/debian/etlhausz/venv/lib/python3.9/site-packages/airflow/example_dags/example_trigger_controller_dag.py for tasks to queue
[2022-11-06T22:15:09.279-0300] {logging_mixin.py:120} INFO - [2022-11-06T22:15:09.278-0300] {dagbag.py:537} INFO - Filling up the DagBag from /home/debian/etlhausz/venv/lib/python3.9/site-packages/airflow/example_dags/example_trigger_controller_dag.py
[2022-11-06T22:15:09.290-0300] {processor.py:766} INFO - DAG(s) dict_keys(['example_trigger_controller_dag']) retrieved from /home/debian/etlhausz/venv/lib/python3.9/site-packages/airflow/example_dags/example_trigger_controller_dag.py
[2022-11-06T22:15:09.423-0300] {logging_mixin.py:120} INFO - [2022-11-06T22:15:09.423-0300] {dag.py:2585} INFO - Sync 1 DAGs
[2022-11-06T22:15:09.440-0300] {logging_mixin.py:120} INFO - [2022-11-06T22:15:09.440-0300] {dag.py:3336} INFO - Setting next_dagrun for example_trigger_controller_dag to 2021-01-01T00:00:00+00:00, run_after=2021-01-01T00:00:00+00:00
[2022-11-06T22:15:09.458-0300] {processor.py:176} INFO - Processing /home/debian/etlhausz/venv/lib/python3.9/site-packages/airflow/example_dags/example_trigger_controller_dag.py took 0.184 seconds
[2022-11-06T22:15:41.569-0300] {processor.py:154} INFO - Started process (PID=21702) to work on /home/debian/etlhausz/venv/lib/python3.9/site-packages/airflow/example_dags/example_trigger_controller_dag.py
[2022-11-06T22:15:41.571-0300] {processor.py:756} INFO - Processing file /home/debian/etlhausz/venv/lib/python3.9/site-packages/airflow/example_dags/example_trigger_controller_dag.py for tasks to queue
[2022-11-06T22:15:41.572-0300] {logging_mixin.py:120} INFO - [2022-11-06T22:15:41.572-0300] {dagbag.py:537} INFO - Filling up the DagBag from /home/debian/etlhausz/venv/lib/python3.9/site-packages/airflow/example_dags/example_trigger_controller_dag.py
[2022-11-06T22:15:41.581-0300] {processor.py:766} INFO - DAG(s) dict_keys(['example_trigger_controller_dag']) retrieved from /home/debian/etlhausz/venv/lib/python3.9/site-packages/airflow/example_dags/example_trigger_controller_dag.py
[2022-11-06T22:15:41.631-0300] {logging_mixin.py:120} INFO - [2022-11-06T22:15:41.627-0300] {dag.py:2585} INFO - Sync 1 DAGs
[2022-11-06T22:15:41.760-0300] {logging_mixin.py:120} INFO - [2022-11-06T22:15:41.760-0300] {dag.py:3336} INFO - Setting next_dagrun for example_trigger_controller_dag to 2021-01-01T00:00:00+00:00, run_after=2021-01-01T00:00:00+00:00
[2022-11-06T22:15:41.777-0300] {processor.py:176} INFO - Processing /home/debian/etlhausz/venv/lib/python3.9/site-packages/airflow/example_dags/example_trigger_controller_dag.py took 0.211 seconds
[2022-11-06T22:16:13.650-0300] {processor.py:154} INFO - Started process (PID=22325) to work on /home/debian/etlhausz/venv/lib/python3.9/site-packages/airflow/example_dags/example_trigger_controller_dag.py
[2022-11-06T22:16:13.652-0300] {processor.py:756} INFO - Processing file /home/debian/etlhausz/venv/lib/python3.9/site-packages/airflow/example_dags/example_trigger_controller_dag.py for tasks to queue
[2022-11-06T22:16:13.653-0300] {logging_mixin.py:120} INFO - [2022-11-06T22:16:13.653-0300] {dagbag.py:537} INFO - Filling up the DagBag from /home/debian/etlhausz/venv/lib/python3.9/site-packages/airflow/example_dags/example_trigger_controller_dag.py
[2022-11-06T22:16:13.667-0300] {processor.py:766} INFO - DAG(s) dict_keys(['example_trigger_controller_dag']) retrieved from /home/debian/etlhausz/venv/lib/python3.9/site-packages/airflow/example_dags/example_trigger_controller_dag.py
[2022-11-06T22:16:13.798-0300] {logging_mixin.py:120} INFO - [2022-11-06T22:16:13.798-0300] {dag.py:2585} INFO - Sync 1 DAGs
[2022-11-06T22:16:14.009-0300] {logging_mixin.py:120} INFO - [2022-11-06T22:16:14.009-0300] {dag.py:3336} INFO - Setting next_dagrun for example_trigger_controller_dag to 2021-01-01T00:00:00+00:00, run_after=2021-01-01T00:00:00+00:00
[2022-11-06T22:16:14.051-0300] {processor.py:176} INFO - Processing /home/debian/etlhausz/venv/lib/python3.9/site-packages/airflow/example_dags/example_trigger_controller_dag.py took 0.405 seconds
[2022-11-06T22:16:46.751-0300] {processor.py:154} INFO - Started process (PID=22899) to work on /home/debian/etlhausz/venv/lib/python3.9/site-packages/airflow/example_dags/example_trigger_controller_dag.py
[2022-11-06T22:16:46.753-0300] {processor.py:756} INFO - Processing file /home/debian/etlhausz/venv/lib/python3.9/site-packages/airflow/example_dags/example_trigger_controller_dag.py for tasks to queue
[2022-11-06T22:16:46.754-0300] {logging_mixin.py:120} INFO - [2022-11-06T22:16:46.753-0300] {dagbag.py:537} INFO - Filling up the DagBag from /home/debian/etlhausz/venv/lib/python3.9/site-packages/airflow/example_dags/example_trigger_controller_dag.py
[2022-11-06T22:16:46.763-0300] {processor.py:766} INFO - DAG(s) dict_keys(['example_trigger_controller_dag']) retrieved from /home/debian/etlhausz/venv/lib/python3.9/site-packages/airflow/example_dags/example_trigger_controller_dag.py
[2022-11-06T22:16:47.040-0300] {logging_mixin.py:120} INFO - [2022-11-06T22:16:47.039-0300] {dag.py:2585} INFO - Sync 1 DAGs
[2022-11-06T22:16:47.095-0300] {logging_mixin.py:120} INFO - [2022-11-06T22:16:47.095-0300] {dag.py:3336} INFO - Setting next_dagrun for example_trigger_controller_dag to 2021-01-01T00:00:00+00:00, run_after=2021-01-01T00:00:00+00:00
[2022-11-06T22:16:47.213-0300] {processor.py:176} INFO - Processing /home/debian/etlhausz/venv/lib/python3.9/site-packages/airflow/example_dags/example_trigger_controller_dag.py took 0.467 seconds
[2022-11-06T22:17:18.538-0300] {processor.py:154} INFO - Started process (PID=23520) to work on /home/debian/etlhausz/venv/lib/python3.9/site-packages/airflow/example_dags/example_trigger_controller_dag.py
[2022-11-06T22:17:18.539-0300] {processor.py:756} INFO - Processing file /home/debian/etlhausz/venv/lib/python3.9/site-packages/airflow/example_dags/example_trigger_controller_dag.py for tasks to queue
[2022-11-06T22:17:18.539-0300] {logging_mixin.py:120} INFO - [2022-11-06T22:17:18.539-0300] {dagbag.py:537} INFO - Filling up the DagBag from /home/debian/etlhausz/venv/lib/python3.9/site-packages/airflow/example_dags/example_trigger_controller_dag.py
[2022-11-06T22:17:18.634-0300] {processor.py:766} INFO - DAG(s) dict_keys(['example_trigger_controller_dag']) retrieved from /home/debian/etlhausz/venv/lib/python3.9/site-packages/airflow/example_dags/example_trigger_controller_dag.py
[2022-11-06T22:17:18.680-0300] {logging_mixin.py:120} INFO - [2022-11-06T22:17:18.680-0300] {dag.py:2585} INFO - Sync 1 DAGs
[2022-11-06T22:17:18.700-0300] {logging_mixin.py:120} INFO - [2022-11-06T22:17:18.700-0300] {dag.py:3336} INFO - Setting next_dagrun for example_trigger_controller_dag to 2021-01-01T00:00:00+00:00, run_after=2021-01-01T00:00:00+00:00
[2022-11-06T22:17:18.730-0300] {processor.py:176} INFO - Processing /home/debian/etlhausz/venv/lib/python3.9/site-packages/airflow/example_dags/example_trigger_controller_dag.py took 0.195 seconds
[2022-11-06T22:17:50.056-0300] {processor.py:154} INFO - Started process (PID=24163) to work on /home/debian/etlhausz/venv/lib/python3.9/site-packages/airflow/example_dags/example_trigger_controller_dag.py
[2022-11-06T22:17:50.057-0300] {processor.py:756} INFO - Processing file /home/debian/etlhausz/venv/lib/python3.9/site-packages/airflow/example_dags/example_trigger_controller_dag.py for tasks to queue
[2022-11-06T22:17:50.058-0300] {logging_mixin.py:120} INFO - [2022-11-06T22:17:50.058-0300] {dagbag.py:537} INFO - Filling up the DagBag from /home/debian/etlhausz/venv/lib/python3.9/site-packages/airflow/example_dags/example_trigger_controller_dag.py
[2022-11-06T22:17:50.069-0300] {processor.py:766} INFO - DAG(s) dict_keys(['example_trigger_controller_dag']) retrieved from /home/debian/etlhausz/venv/lib/python3.9/site-packages/airflow/example_dags/example_trigger_controller_dag.py
[2022-11-06T22:17:50.127-0300] {logging_mixin.py:120} INFO - [2022-11-06T22:17:50.127-0300] {dag.py:2585} INFO - Sync 1 DAGs
[2022-11-06T22:17:50.228-0300] {logging_mixin.py:120} INFO - [2022-11-06T22:17:50.228-0300] {dag.py:3336} INFO - Setting next_dagrun for example_trigger_controller_dag to 2021-01-01T00:00:00+00:00, run_after=2021-01-01T00:00:00+00:00
[2022-11-06T22:17:50.267-0300] {processor.py:176} INFO - Processing /home/debian/etlhausz/venv/lib/python3.9/site-packages/airflow/example_dags/example_trigger_controller_dag.py took 0.214 seconds
[2022-11-06T22:18:20.694-0300] {processor.py:154} INFO - Started process (PID=24706) to work on /home/debian/etlhausz/venv/lib/python3.9/site-packages/airflow/example_dags/example_trigger_controller_dag.py
[2022-11-06T22:18:20.696-0300] {processor.py:756} INFO - Processing file /home/debian/etlhausz/venv/lib/python3.9/site-packages/airflow/example_dags/example_trigger_controller_dag.py for tasks to queue
[2022-11-06T22:18:20.697-0300] {logging_mixin.py:120} INFO - [2022-11-06T22:18:20.697-0300] {dagbag.py:537} INFO - Filling up the DagBag from /home/debian/etlhausz/venv/lib/python3.9/site-packages/airflow/example_dags/example_trigger_controller_dag.py
[2022-11-06T22:18:20.708-0300] {processor.py:766} INFO - DAG(s) dict_keys(['example_trigger_controller_dag']) retrieved from /home/debian/etlhausz/venv/lib/python3.9/site-packages/airflow/example_dags/example_trigger_controller_dag.py
[2022-11-06T22:18:20.753-0300] {logging_mixin.py:120} INFO - [2022-11-06T22:18:20.752-0300] {dag.py:2585} INFO - Sync 1 DAGs
[2022-11-06T22:18:20.865-0300] {logging_mixin.py:120} INFO - [2022-11-06T22:18:20.864-0300] {dag.py:3336} INFO - Setting next_dagrun for example_trigger_controller_dag to 2021-01-01T00:00:00+00:00, run_after=2021-01-01T00:00:00+00:00
[2022-11-06T22:18:20.883-0300] {processor.py:176} INFO - Processing /home/debian/etlhausz/venv/lib/python3.9/site-packages/airflow/example_dags/example_trigger_controller_dag.py took 0.192 seconds
[2022-11-06T22:18:55.786-0300] {processor.py:154} INFO - Started process (PID=25491) to work on /home/debian/etlhausz/venv/lib/python3.9/site-packages/airflow/example_dags/example_trigger_controller_dag.py
[2022-11-06T22:18:55.798-0300] {processor.py:756} INFO - Processing file /home/debian/etlhausz/venv/lib/python3.9/site-packages/airflow/example_dags/example_trigger_controller_dag.py for tasks to queue
[2022-11-06T22:18:55.798-0300] {logging_mixin.py:120} INFO - [2022-11-06T22:18:55.798-0300] {dagbag.py:537} INFO - Filling up the DagBag from /home/debian/etlhausz/venv/lib/python3.9/site-packages/airflow/example_dags/example_trigger_controller_dag.py
[2022-11-06T22:18:55.963-0300] {processor.py:766} INFO - DAG(s) dict_keys(['example_trigger_controller_dag']) retrieved from /home/debian/etlhausz/venv/lib/python3.9/site-packages/airflow/example_dags/example_trigger_controller_dag.py
[2022-11-06T22:18:56.595-0300] {logging_mixin.py:120} INFO - [2022-11-06T22:18:56.595-0300] {dag.py:2585} INFO - Sync 1 DAGs
[2022-11-06T22:18:56.616-0300] {logging_mixin.py:120} INFO - [2022-11-06T22:18:56.616-0300] {dag.py:3336} INFO - Setting next_dagrun for example_trigger_controller_dag to 2021-01-01T00:00:00+00:00, run_after=2021-01-01T00:00:00+00:00
[2022-11-06T22:18:56.634-0300] {processor.py:176} INFO - Processing /home/debian/etlhausz/venv/lib/python3.9/site-packages/airflow/example_dags/example_trigger_controller_dag.py took 0.854 seconds
[2022-11-06T22:19:19.420-0300] {processor.py:154} INFO - Started process (PID=26255) to work on /home/debian/etlhausz/venv/lib/python3.9/site-packages/airflow/example_dags/example_trigger_controller_dag.py
[2022-11-06T22:19:19.421-0300] {processor.py:756} INFO - Processing file /home/debian/etlhausz/venv/lib/python3.9/site-packages/airflow/example_dags/example_trigger_controller_dag.py for tasks to queue
[2022-11-06T22:19:19.422-0300] {logging_mixin.py:120} INFO - [2022-11-06T22:19:19.422-0300] {dagbag.py:537} INFO - Filling up the DagBag from /home/debian/etlhausz/venv/lib/python3.9/site-packages/airflow/example_dags/example_trigger_controller_dag.py
[2022-11-06T22:19:19.441-0300] {processor.py:766} INFO - DAG(s) dict_keys(['example_trigger_controller_dag']) retrieved from /home/debian/etlhausz/venv/lib/python3.9/site-packages/airflow/example_dags/example_trigger_controller_dag.py
[2022-11-06T22:19:19.498-0300] {logging_mixin.py:120} INFO - [2022-11-06T22:19:19.498-0300] {dag.py:2585} INFO - Sync 1 DAGs
[2022-11-06T22:19:19.532-0300] {logging_mixin.py:120} INFO - [2022-11-06T22:19:19.532-0300] {dag.py:3336} INFO - Setting next_dagrun for example_trigger_controller_dag to 2021-01-01T00:00:00+00:00, run_after=2021-01-01T00:00:00+00:00
[2022-11-06T22:19:19.578-0300] {processor.py:176} INFO - Processing /home/debian/etlhausz/venv/lib/python3.9/site-packages/airflow/example_dags/example_trigger_controller_dag.py took 0.161 seconds
[2022-11-06T22:19:49.843-0300] {processor.py:154} INFO - Started process (PID=26843) to work on /home/debian/etlhausz/venv/lib/python3.9/site-packages/airflow/example_dags/example_trigger_controller_dag.py
[2022-11-06T22:19:49.845-0300] {processor.py:756} INFO - Processing file /home/debian/etlhausz/venv/lib/python3.9/site-packages/airflow/example_dags/example_trigger_controller_dag.py for tasks to queue
[2022-11-06T22:19:49.847-0300] {logging_mixin.py:120} INFO - [2022-11-06T22:19:49.847-0300] {dagbag.py:537} INFO - Filling up the DagBag from /home/debian/etlhausz/venv/lib/python3.9/site-packages/airflow/example_dags/example_trigger_controller_dag.py
[2022-11-06T22:19:49.863-0300] {processor.py:766} INFO - DAG(s) dict_keys(['example_trigger_controller_dag']) retrieved from /home/debian/etlhausz/venv/lib/python3.9/site-packages/airflow/example_dags/example_trigger_controller_dag.py
[2022-11-06T22:19:49.907-0300] {logging_mixin.py:120} INFO - [2022-11-06T22:19:49.907-0300] {dag.py:2585} INFO - Sync 1 DAGs
[2022-11-06T22:19:49.943-0300] {logging_mixin.py:120} INFO - [2022-11-06T22:19:49.943-0300] {dag.py:3336} INFO - Setting next_dagrun for example_trigger_controller_dag to 2021-01-01T00:00:00+00:00, run_after=2021-01-01T00:00:00+00:00
[2022-11-06T22:19:49.967-0300] {processor.py:176} INFO - Processing /home/debian/etlhausz/venv/lib/python3.9/site-packages/airflow/example_dags/example_trigger_controller_dag.py took 0.127 seconds
[2022-11-06T22:20:22.264-0300] {processor.py:154} INFO - Started process (PID=27617) to work on /home/debian/etlhausz/venv/lib/python3.9/site-packages/airflow/example_dags/example_trigger_controller_dag.py
[2022-11-06T22:20:22.266-0300] {processor.py:756} INFO - Processing file /home/debian/etlhausz/venv/lib/python3.9/site-packages/airflow/example_dags/example_trigger_controller_dag.py for tasks to queue
[2022-11-06T22:20:22.267-0300] {logging_mixin.py:120} INFO - [2022-11-06T22:20:22.267-0300] {dagbag.py:537} INFO - Filling up the DagBag from /home/debian/etlhausz/venv/lib/python3.9/site-packages/airflow/example_dags/example_trigger_controller_dag.py
[2022-11-06T22:20:22.280-0300] {processor.py:766} INFO - DAG(s) dict_keys(['example_trigger_controller_dag']) retrieved from /home/debian/etlhausz/venv/lib/python3.9/site-packages/airflow/example_dags/example_trigger_controller_dag.py
[2022-11-06T22:20:22.335-0300] {logging_mixin.py:120} INFO - [2022-11-06T22:20:22.335-0300] {dag.py:2585} INFO - Sync 1 DAGs
[2022-11-06T22:20:22.356-0300] {logging_mixin.py:120} INFO - [2022-11-06T22:20:22.355-0300] {dag.py:3336} INFO - Setting next_dagrun for example_trigger_controller_dag to 2021-01-01T00:00:00+00:00, run_after=2021-01-01T00:00:00+00:00
[2022-11-06T22:20:22.396-0300] {processor.py:176} INFO - Processing /home/debian/etlhausz/venv/lib/python3.9/site-packages/airflow/example_dags/example_trigger_controller_dag.py took 0.135 seconds
[2022-11-06T22:20:53.891-0300] {processor.py:154} INFO - Started process (PID=28274) to work on /home/debian/etlhausz/venv/lib/python3.9/site-packages/airflow/example_dags/example_trigger_controller_dag.py
[2022-11-06T22:20:53.892-0300] {processor.py:756} INFO - Processing file /home/debian/etlhausz/venv/lib/python3.9/site-packages/airflow/example_dags/example_trigger_controller_dag.py for tasks to queue
[2022-11-06T22:20:53.893-0300] {logging_mixin.py:120} INFO - [2022-11-06T22:20:53.892-0300] {dagbag.py:537} INFO - Filling up the DagBag from /home/debian/etlhausz/venv/lib/python3.9/site-packages/airflow/example_dags/example_trigger_controller_dag.py
[2022-11-06T22:20:53.907-0300] {processor.py:766} INFO - DAG(s) dict_keys(['example_trigger_controller_dag']) retrieved from /home/debian/etlhausz/venv/lib/python3.9/site-packages/airflow/example_dags/example_trigger_controller_dag.py
[2022-11-06T22:20:54.089-0300] {logging_mixin.py:120} INFO - [2022-11-06T22:20:54.089-0300] {dag.py:2585} INFO - Sync 1 DAGs
[2022-11-06T22:20:54.175-0300] {logging_mixin.py:120} INFO - [2022-11-06T22:20:54.175-0300] {dag.py:3336} INFO - Setting next_dagrun for example_trigger_controller_dag to 2021-01-01T00:00:00+00:00, run_after=2021-01-01T00:00:00+00:00
[2022-11-06T22:20:54.272-0300] {processor.py:176} INFO - Processing /home/debian/etlhausz/venv/lib/python3.9/site-packages/airflow/example_dags/example_trigger_controller_dag.py took 0.384 seconds
[2022-11-06T22:21:28.448-0300] {processor.py:154} INFO - Started process (PID=28927) to work on /home/debian/etlhausz/venv/lib/python3.9/site-packages/airflow/example_dags/example_trigger_controller_dag.py
[2022-11-06T22:21:28.458-0300] {processor.py:756} INFO - Processing file /home/debian/etlhausz/venv/lib/python3.9/site-packages/airflow/example_dags/example_trigger_controller_dag.py for tasks to queue
[2022-11-06T22:21:28.459-0300] {logging_mixin.py:120} INFO - [2022-11-06T22:21:28.459-0300] {dagbag.py:537} INFO - Filling up the DagBag from /home/debian/etlhausz/venv/lib/python3.9/site-packages/airflow/example_dags/example_trigger_controller_dag.py
[2022-11-06T22:21:28.487-0300] {processor.py:766} INFO - DAG(s) dict_keys(['example_trigger_controller_dag']) retrieved from /home/debian/etlhausz/venv/lib/python3.9/site-packages/airflow/example_dags/example_trigger_controller_dag.py
[2022-11-06T22:21:28.537-0300] {logging_mixin.py:120} INFO - [2022-11-06T22:21:28.537-0300] {dag.py:2585} INFO - Sync 1 DAGs
[2022-11-06T22:21:28.561-0300] {logging_mixin.py:120} INFO - [2022-11-06T22:21:28.561-0300] {dag.py:3336} INFO - Setting next_dagrun for example_trigger_controller_dag to 2021-01-01T00:00:00+00:00, run_after=2021-01-01T00:00:00+00:00
[2022-11-06T22:21:28.589-0300] {processor.py:176} INFO - Processing /home/debian/etlhausz/venv/lib/python3.9/site-packages/airflow/example_dags/example_trigger_controller_dag.py took 0.148 seconds
[2022-11-06T22:22:00.348-0300] {processor.py:154} INFO - Started process (PID=29470) to work on /home/debian/etlhausz/venv/lib/python3.9/site-packages/airflow/example_dags/example_trigger_controller_dag.py
[2022-11-06T22:22:00.351-0300] {processor.py:756} INFO - Processing file /home/debian/etlhausz/venv/lib/python3.9/site-packages/airflow/example_dags/example_trigger_controller_dag.py for tasks to queue
[2022-11-06T22:22:00.352-0300] {logging_mixin.py:120} INFO - [2022-11-06T22:22:00.352-0300] {dagbag.py:537} INFO - Filling up the DagBag from /home/debian/etlhausz/venv/lib/python3.9/site-packages/airflow/example_dags/example_trigger_controller_dag.py
[2022-11-06T22:22:00.440-0300] {processor.py:766} INFO - DAG(s) dict_keys(['example_trigger_controller_dag']) retrieved from /home/debian/etlhausz/venv/lib/python3.9/site-packages/airflow/example_dags/example_trigger_controller_dag.py
[2022-11-06T22:22:00.587-0300] {logging_mixin.py:120} INFO - [2022-11-06T22:22:00.587-0300] {dag.py:2585} INFO - Sync 1 DAGs
[2022-11-06T22:22:00.624-0300] {logging_mixin.py:120} INFO - [2022-11-06T22:22:00.624-0300] {dag.py:3336} INFO - Setting next_dagrun for example_trigger_controller_dag to 2021-01-01T00:00:00+00:00, run_after=2021-01-01T00:00:00+00:00
[2022-11-06T22:22:00.659-0300] {processor.py:176} INFO - Processing /home/debian/etlhausz/venv/lib/python3.9/site-packages/airflow/example_dags/example_trigger_controller_dag.py took 0.317 seconds
[2022-11-06T22:22:30.796-0300] {processor.py:154} INFO - Started process (PID=30047) to work on /home/debian/etlhausz/venv/lib/python3.9/site-packages/airflow/example_dags/example_trigger_controller_dag.py
[2022-11-06T22:22:30.798-0300] {processor.py:756} INFO - Processing file /home/debian/etlhausz/venv/lib/python3.9/site-packages/airflow/example_dags/example_trigger_controller_dag.py for tasks to queue
[2022-11-06T22:22:30.798-0300] {logging_mixin.py:120} INFO - [2022-11-06T22:22:30.798-0300] {dagbag.py:537} INFO - Filling up the DagBag from /home/debian/etlhausz/venv/lib/python3.9/site-packages/airflow/example_dags/example_trigger_controller_dag.py
[2022-11-06T22:22:30.809-0300] {processor.py:766} INFO - DAG(s) dict_keys(['example_trigger_controller_dag']) retrieved from /home/debian/etlhausz/venv/lib/python3.9/site-packages/airflow/example_dags/example_trigger_controller_dag.py
[2022-11-06T22:22:30.865-0300] {logging_mixin.py:120} INFO - [2022-11-06T22:22:30.865-0300] {dag.py:2585} INFO - Sync 1 DAGs
[2022-11-06T22:22:30.889-0300] {logging_mixin.py:120} INFO - [2022-11-06T22:22:30.889-0300] {dag.py:3336} INFO - Setting next_dagrun for example_trigger_controller_dag to 2021-01-01T00:00:00+00:00, run_after=2021-01-01T00:00:00+00:00
[2022-11-06T22:22:30.915-0300] {processor.py:176} INFO - Processing /home/debian/etlhausz/venv/lib/python3.9/site-packages/airflow/example_dags/example_trigger_controller_dag.py took 0.123 seconds
[2022-11-06T22:23:09.000-0300] {processor.py:154} INFO - Started process (PID=30937) to work on /home/debian/etlhausz/venv/lib/python3.9/site-packages/airflow/example_dags/example_trigger_controller_dag.py
[2022-11-06T22:23:09.003-0300] {processor.py:756} INFO - Processing file /home/debian/etlhausz/venv/lib/python3.9/site-packages/airflow/example_dags/example_trigger_controller_dag.py for tasks to queue
[2022-11-06T22:23:09.005-0300] {logging_mixin.py:120} INFO - [2022-11-06T22:23:09.005-0300] {dagbag.py:537} INFO - Filling up the DagBag from /home/debian/etlhausz/venv/lib/python3.9/site-packages/airflow/example_dags/example_trigger_controller_dag.py
[2022-11-06T22:23:09.068-0300] {processor.py:766} INFO - DAG(s) dict_keys(['example_trigger_controller_dag']) retrieved from /home/debian/etlhausz/venv/lib/python3.9/site-packages/airflow/example_dags/example_trigger_controller_dag.py
[2022-11-06T22:23:09.214-0300] {logging_mixin.py:120} INFO - [2022-11-06T22:23:09.214-0300] {dag.py:2585} INFO - Sync 1 DAGs
[2022-11-06T22:23:09.243-0300] {logging_mixin.py:120} INFO - [2022-11-06T22:23:09.243-0300] {dag.py:3336} INFO - Setting next_dagrun for example_trigger_controller_dag to 2021-01-01T00:00:00+00:00, run_after=2021-01-01T00:00:00+00:00
[2022-11-06T22:23:09.269-0300] {processor.py:176} INFO - Processing /home/debian/etlhausz/venv/lib/python3.9/site-packages/airflow/example_dags/example_trigger_controller_dag.py took 0.291 seconds
[2022-11-06T22:23:40.867-0300] {processor.py:154} INFO - Started process (PID=31486) to work on /home/debian/etlhausz/venv/lib/python3.9/site-packages/airflow/example_dags/example_trigger_controller_dag.py
[2022-11-06T22:23:40.878-0300] {processor.py:756} INFO - Processing file /home/debian/etlhausz/venv/lib/python3.9/site-packages/airflow/example_dags/example_trigger_controller_dag.py for tasks to queue
[2022-11-06T22:23:40.880-0300] {logging_mixin.py:120} INFO - [2022-11-06T22:23:40.880-0300] {dagbag.py:537} INFO - Filling up the DagBag from /home/debian/etlhausz/venv/lib/python3.9/site-packages/airflow/example_dags/example_trigger_controller_dag.py
[2022-11-06T22:23:41.005-0300] {processor.py:766} INFO - DAG(s) dict_keys(['example_trigger_controller_dag']) retrieved from /home/debian/etlhausz/venv/lib/python3.9/site-packages/airflow/example_dags/example_trigger_controller_dag.py
[2022-11-06T22:23:41.212-0300] {logging_mixin.py:120} INFO - [2022-11-06T22:23:41.212-0300] {dag.py:2585} INFO - Sync 1 DAGs
[2022-11-06T22:23:41.288-0300] {logging_mixin.py:120} INFO - [2022-11-06T22:23:41.288-0300] {dag.py:3336} INFO - Setting next_dagrun for example_trigger_controller_dag to 2021-01-01T00:00:00+00:00, run_after=2021-01-01T00:00:00+00:00
[2022-11-06T22:23:41.322-0300] {processor.py:176} INFO - Processing /home/debian/etlhausz/venv/lib/python3.9/site-packages/airflow/example_dags/example_trigger_controller_dag.py took 0.477 seconds
[2022-11-06T22:24:12.018-0300] {processor.py:154} INFO - Started process (PID=32146) to work on /home/debian/etlhausz/venv/lib/python3.9/site-packages/airflow/example_dags/example_trigger_controller_dag.py
[2022-11-06T22:24:12.020-0300] {processor.py:756} INFO - Processing file /home/debian/etlhausz/venv/lib/python3.9/site-packages/airflow/example_dags/example_trigger_controller_dag.py for tasks to queue
[2022-11-06T22:24:12.020-0300] {logging_mixin.py:120} INFO - [2022-11-06T22:24:12.020-0300] {dagbag.py:537} INFO - Filling up the DagBag from /home/debian/etlhausz/venv/lib/python3.9/site-packages/airflow/example_dags/example_trigger_controller_dag.py
[2022-11-06T22:24:12.034-0300] {processor.py:766} INFO - DAG(s) dict_keys(['example_trigger_controller_dag']) retrieved from /home/debian/etlhausz/venv/lib/python3.9/site-packages/airflow/example_dags/example_trigger_controller_dag.py
[2022-11-06T22:24:12.085-0300] {logging_mixin.py:120} INFO - [2022-11-06T22:24:12.084-0300] {dag.py:2585} INFO - Sync 1 DAGs
[2022-11-06T22:24:12.127-0300] {logging_mixin.py:120} INFO - [2022-11-06T22:24:12.123-0300] {dag.py:3336} INFO - Setting next_dagrun for example_trigger_controller_dag to 2021-01-01T00:00:00+00:00, run_after=2021-01-01T00:00:00+00:00
[2022-11-06T22:24:12.164-0300] {processor.py:176} INFO - Processing /home/debian/etlhausz/venv/lib/python3.9/site-packages/airflow/example_dags/example_trigger_controller_dag.py took 0.149 seconds
[2022-11-06T22:24:42.335-0300] {processor.py:154} INFO - Started process (PID=32653) to work on /home/debian/etlhausz/venv/lib/python3.9/site-packages/airflow/example_dags/example_trigger_controller_dag.py
[2022-11-06T22:24:42.337-0300] {processor.py:756} INFO - Processing file /home/debian/etlhausz/venv/lib/python3.9/site-packages/airflow/example_dags/example_trigger_controller_dag.py for tasks to queue
[2022-11-06T22:24:42.337-0300] {logging_mixin.py:120} INFO - [2022-11-06T22:24:42.337-0300] {dagbag.py:537} INFO - Filling up the DagBag from /home/debian/etlhausz/venv/lib/python3.9/site-packages/airflow/example_dags/example_trigger_controller_dag.py
[2022-11-06T22:24:42.357-0300] {processor.py:766} INFO - DAG(s) dict_keys(['example_trigger_controller_dag']) retrieved from /home/debian/etlhausz/venv/lib/python3.9/site-packages/airflow/example_dags/example_trigger_controller_dag.py
[2022-11-06T22:24:42.398-0300] {logging_mixin.py:120} INFO - [2022-11-06T22:24:42.398-0300] {dag.py:2585} INFO - Sync 1 DAGs
[2022-11-06T22:24:42.416-0300] {logging_mixin.py:120} INFO - [2022-11-06T22:24:42.416-0300] {dag.py:3336} INFO - Setting next_dagrun for example_trigger_controller_dag to 2021-01-01T00:00:00+00:00, run_after=2021-01-01T00:00:00+00:00
[2022-11-06T22:24:42.435-0300] {processor.py:176} INFO - Processing /home/debian/etlhausz/venv/lib/python3.9/site-packages/airflow/example_dags/example_trigger_controller_dag.py took 0.103 seconds
[2022-11-06T22:25:12.790-0300] {processor.py:154} INFO - Started process (PID=33352) to work on /home/debian/etlhausz/venv/lib/python3.9/site-packages/airflow/example_dags/example_trigger_controller_dag.py
[2022-11-06T22:25:12.791-0300] {processor.py:756} INFO - Processing file /home/debian/etlhausz/venv/lib/python3.9/site-packages/airflow/example_dags/example_trigger_controller_dag.py for tasks to queue
[2022-11-06T22:25:12.792-0300] {logging_mixin.py:120} INFO - [2022-11-06T22:25:12.791-0300] {dagbag.py:537} INFO - Filling up the DagBag from /home/debian/etlhausz/venv/lib/python3.9/site-packages/airflow/example_dags/example_trigger_controller_dag.py
[2022-11-06T22:25:12.808-0300] {processor.py:766} INFO - DAG(s) dict_keys(['example_trigger_controller_dag']) retrieved from /home/debian/etlhausz/venv/lib/python3.9/site-packages/airflow/example_dags/example_trigger_controller_dag.py
[2022-11-06T22:25:12.861-0300] {logging_mixin.py:120} INFO - [2022-11-06T22:25:12.861-0300] {dag.py:2585} INFO - Sync 1 DAGs
[2022-11-06T22:25:12.891-0300] {logging_mixin.py:120} INFO - [2022-11-06T22:25:12.891-0300] {dag.py:3336} INFO - Setting next_dagrun for example_trigger_controller_dag to 2021-01-01T00:00:00+00:00, run_after=2021-01-01T00:00:00+00:00
[2022-11-06T22:25:12.914-0300] {processor.py:176} INFO - Processing /home/debian/etlhausz/venv/lib/python3.9/site-packages/airflow/example_dags/example_trigger_controller_dag.py took 0.128 seconds
[2022-11-06T22:25:43.999-0300] {processor.py:154} INFO - Started process (PID=33893) to work on /home/debian/etlhausz/venv/lib/python3.9/site-packages/airflow/example_dags/example_trigger_controller_dag.py
[2022-11-06T22:25:44.000-0300] {processor.py:756} INFO - Processing file /home/debian/etlhausz/venv/lib/python3.9/site-packages/airflow/example_dags/example_trigger_controller_dag.py for tasks to queue
[2022-11-06T22:25:44.001-0300] {logging_mixin.py:120} INFO - [2022-11-06T22:25:44.001-0300] {dagbag.py:537} INFO - Filling up the DagBag from /home/debian/etlhausz/venv/lib/python3.9/site-packages/airflow/example_dags/example_trigger_controller_dag.py
[2022-11-06T22:25:44.016-0300] {processor.py:766} INFO - DAG(s) dict_keys(['example_trigger_controller_dag']) retrieved from /home/debian/etlhausz/venv/lib/python3.9/site-packages/airflow/example_dags/example_trigger_controller_dag.py
[2022-11-06T22:25:44.063-0300] {logging_mixin.py:120} INFO - [2022-11-06T22:25:44.063-0300] {dag.py:2585} INFO - Sync 1 DAGs
[2022-11-06T22:25:44.087-0300] {logging_mixin.py:120} INFO - [2022-11-06T22:25:44.087-0300] {dag.py:3336} INFO - Setting next_dagrun for example_trigger_controller_dag to 2021-01-01T00:00:00+00:00, run_after=2021-01-01T00:00:00+00:00
[2022-11-06T22:25:44.213-0300] {processor.py:176} INFO - Processing /home/debian/etlhausz/venv/lib/python3.9/site-packages/airflow/example_dags/example_trigger_controller_dag.py took 0.219 seconds
[2022-11-06T22:26:15.593-0300] {processor.py:154} INFO - Started process (PID=34438) to work on /home/debian/etlhausz/venv/lib/python3.9/site-packages/airflow/example_dags/example_trigger_controller_dag.py
[2022-11-06T22:26:15.596-0300] {processor.py:756} INFO - Processing file /home/debian/etlhausz/venv/lib/python3.9/site-packages/airflow/example_dags/example_trigger_controller_dag.py for tasks to queue
[2022-11-06T22:26:15.597-0300] {logging_mixin.py:120} INFO - [2022-11-06T22:26:15.596-0300] {dagbag.py:537} INFO - Filling up the DagBag from /home/debian/etlhausz/venv/lib/python3.9/site-packages/airflow/example_dags/example_trigger_controller_dag.py
[2022-11-06T22:26:15.611-0300] {processor.py:766} INFO - DAG(s) dict_keys(['example_trigger_controller_dag']) retrieved from /home/debian/etlhausz/venv/lib/python3.9/site-packages/airflow/example_dags/example_trigger_controller_dag.py
[2022-11-06T22:26:15.666-0300] {logging_mixin.py:120} INFO - [2022-11-06T22:26:15.666-0300] {dag.py:2585} INFO - Sync 1 DAGs
[2022-11-06T22:26:15.788-0300] {logging_mixin.py:120} INFO - [2022-11-06T22:26:15.788-0300] {dag.py:3336} INFO - Setting next_dagrun for example_trigger_controller_dag to 2021-01-01T00:00:00+00:00, run_after=2021-01-01T00:00:00+00:00
[2022-11-06T22:26:15.809-0300] {processor.py:176} INFO - Processing /home/debian/etlhausz/venv/lib/python3.9/site-packages/airflow/example_dags/example_trigger_controller_dag.py took 0.220 seconds
[2022-11-06T22:26:46.512-0300] {processor.py:154} INFO - Started process (PID=34979) to work on /home/debian/etlhausz/venv/lib/python3.9/site-packages/airflow/example_dags/example_trigger_controller_dag.py
[2022-11-06T22:26:46.513-0300] {processor.py:756} INFO - Processing file /home/debian/etlhausz/venv/lib/python3.9/site-packages/airflow/example_dags/example_trigger_controller_dag.py for tasks to queue
[2022-11-06T22:26:46.514-0300] {logging_mixin.py:120} INFO - [2022-11-06T22:26:46.514-0300] {dagbag.py:537} INFO - Filling up the DagBag from /home/debian/etlhausz/venv/lib/python3.9/site-packages/airflow/example_dags/example_trigger_controller_dag.py
[2022-11-06T22:26:46.530-0300] {processor.py:766} INFO - DAG(s) dict_keys(['example_trigger_controller_dag']) retrieved from /home/debian/etlhausz/venv/lib/python3.9/site-packages/airflow/example_dags/example_trigger_controller_dag.py
[2022-11-06T22:26:46.700-0300] {logging_mixin.py:120} INFO - [2022-11-06T22:26:46.700-0300] {dag.py:2585} INFO - Sync 1 DAGs
[2022-11-06T22:26:46.720-0300] {logging_mixin.py:120} INFO - [2022-11-06T22:26:46.720-0300] {dag.py:3336} INFO - Setting next_dagrun for example_trigger_controller_dag to 2021-01-01T00:00:00+00:00, run_after=2021-01-01T00:00:00+00:00
[2022-11-06T22:26:46.749-0300] {processor.py:176} INFO - Processing /home/debian/etlhausz/venv/lib/python3.9/site-packages/airflow/example_dags/example_trigger_controller_dag.py took 0.243 seconds
[2022-11-06T22:27:17.895-0300] {processor.py:154} INFO - Started process (PID=35460) to work on /home/debian/etlhausz/venv/lib/python3.9/site-packages/airflow/example_dags/example_trigger_controller_dag.py
[2022-11-06T22:27:17.896-0300] {processor.py:756} INFO - Processing file /home/debian/etlhausz/venv/lib/python3.9/site-packages/airflow/example_dags/example_trigger_controller_dag.py for tasks to queue
[2022-11-06T22:27:17.897-0300] {logging_mixin.py:120} INFO - [2022-11-06T22:27:17.897-0300] {dagbag.py:537} INFO - Filling up the DagBag from /home/debian/etlhausz/venv/lib/python3.9/site-packages/airflow/example_dags/example_trigger_controller_dag.py
[2022-11-06T22:27:17.909-0300] {processor.py:766} INFO - DAG(s) dict_keys(['example_trigger_controller_dag']) retrieved from /home/debian/etlhausz/venv/lib/python3.9/site-packages/airflow/example_dags/example_trigger_controller_dag.py
[2022-11-06T22:27:17.955-0300] {logging_mixin.py:120} INFO - [2022-11-06T22:27:17.955-0300] {dag.py:2585} INFO - Sync 1 DAGs
[2022-11-06T22:27:17.980-0300] {logging_mixin.py:120} INFO - [2022-11-06T22:27:17.980-0300] {dag.py:3336} INFO - Setting next_dagrun for example_trigger_controller_dag to 2021-01-01T00:00:00+00:00, run_after=2021-01-01T00:00:00+00:00
[2022-11-06T22:27:18.004-0300] {processor.py:176} INFO - Processing /home/debian/etlhausz/venv/lib/python3.9/site-packages/airflow/example_dags/example_trigger_controller_dag.py took 0.113 seconds
[2022-11-06T22:27:48.665-0300] {processor.py:154} INFO - Started process (PID=35938) to work on /home/debian/etlhausz/venv/lib/python3.9/site-packages/airflow/example_dags/example_trigger_controller_dag.py
[2022-11-06T22:27:48.667-0300] {processor.py:756} INFO - Processing file /home/debian/etlhausz/venv/lib/python3.9/site-packages/airflow/example_dags/example_trigger_controller_dag.py for tasks to queue
[2022-11-06T22:27:48.674-0300] {logging_mixin.py:120} INFO - [2022-11-06T22:27:48.674-0300] {dagbag.py:537} INFO - Filling up the DagBag from /home/debian/etlhausz/venv/lib/python3.9/site-packages/airflow/example_dags/example_trigger_controller_dag.py
[2022-11-06T22:27:48.694-0300] {processor.py:766} INFO - DAG(s) dict_keys(['example_trigger_controller_dag']) retrieved from /home/debian/etlhausz/venv/lib/python3.9/site-packages/airflow/example_dags/example_trigger_controller_dag.py
[2022-11-06T22:27:48.796-0300] {logging_mixin.py:120} INFO - [2022-11-06T22:27:48.796-0300] {dag.py:2585} INFO - Sync 1 DAGs
[2022-11-06T22:27:48.845-0300] {logging_mixin.py:120} INFO - [2022-11-06T22:27:48.845-0300] {dag.py:3336} INFO - Setting next_dagrun for example_trigger_controller_dag to 2021-01-01T00:00:00+00:00, run_after=2021-01-01T00:00:00+00:00
[2022-11-06T22:27:48.989-0300] {processor.py:176} INFO - Processing /home/debian/etlhausz/venv/lib/python3.9/site-packages/airflow/example_dags/example_trigger_controller_dag.py took 0.328 seconds
[2022-11-06T22:28:19.111-0300] {processor.py:154} INFO - Started process (PID=36581) to work on /home/debian/etlhausz/venv/lib/python3.9/site-packages/airflow/example_dags/example_trigger_controller_dag.py
[2022-11-06T22:28:19.111-0300] {processor.py:756} INFO - Processing file /home/debian/etlhausz/venv/lib/python3.9/site-packages/airflow/example_dags/example_trigger_controller_dag.py for tasks to queue
[2022-11-06T22:28:19.112-0300] {logging_mixin.py:120} INFO - [2022-11-06T22:28:19.112-0300] {dagbag.py:537} INFO - Filling up the DagBag from /home/debian/etlhausz/venv/lib/python3.9/site-packages/airflow/example_dags/example_trigger_controller_dag.py
[2022-11-06T22:28:19.124-0300] {processor.py:766} INFO - DAG(s) dict_keys(['example_trigger_controller_dag']) retrieved from /home/debian/etlhausz/venv/lib/python3.9/site-packages/airflow/example_dags/example_trigger_controller_dag.py
[2022-11-06T22:28:19.173-0300] {logging_mixin.py:120} INFO - [2022-11-06T22:28:19.173-0300] {dag.py:2585} INFO - Sync 1 DAGs
[2022-11-06T22:28:19.317-0300] {logging_mixin.py:120} INFO - [2022-11-06T22:28:19.317-0300] {dag.py:3336} INFO - Setting next_dagrun for example_trigger_controller_dag to 2021-01-01T00:00:00+00:00, run_after=2021-01-01T00:00:00+00:00
[2022-11-06T22:28:19.342-0300] {processor.py:176} INFO - Processing /home/debian/etlhausz/venv/lib/python3.9/site-packages/airflow/example_dags/example_trigger_controller_dag.py took 0.235 seconds
[2022-11-06T22:28:49.489-0300] {processor.py:154} INFO - Started process (PID=37122) to work on /home/debian/etlhausz/venv/lib/python3.9/site-packages/airflow/example_dags/example_trigger_controller_dag.py
[2022-11-06T22:28:49.490-0300] {processor.py:756} INFO - Processing file /home/debian/etlhausz/venv/lib/python3.9/site-packages/airflow/example_dags/example_trigger_controller_dag.py for tasks to queue
[2022-11-06T22:28:49.491-0300] {logging_mixin.py:120} INFO - [2022-11-06T22:28:49.491-0300] {dagbag.py:537} INFO - Filling up the DagBag from /home/debian/etlhausz/venv/lib/python3.9/site-packages/airflow/example_dags/example_trigger_controller_dag.py
[2022-11-06T22:28:49.500-0300] {processor.py:766} INFO - DAG(s) dict_keys(['example_trigger_controller_dag']) retrieved from /home/debian/etlhausz/venv/lib/python3.9/site-packages/airflow/example_dags/example_trigger_controller_dag.py
[2022-11-06T22:28:49.618-0300] {logging_mixin.py:120} INFO - [2022-11-06T22:28:49.618-0300] {dag.py:2585} INFO - Sync 1 DAGs
[2022-11-06T22:28:49.641-0300] {logging_mixin.py:120} INFO - [2022-11-06T22:28:49.641-0300] {dag.py:3336} INFO - Setting next_dagrun for example_trigger_controller_dag to 2021-01-01T00:00:00+00:00, run_after=2021-01-01T00:00:00+00:00
[2022-11-06T22:28:49.661-0300] {processor.py:176} INFO - Processing /home/debian/etlhausz/venv/lib/python3.9/site-packages/airflow/example_dags/example_trigger_controller_dag.py took 0.175 seconds
[2022-11-06T22:29:19.822-0300] {processor.py:154} INFO - Started process (PID=37666) to work on /home/debian/etlhausz/venv/lib/python3.9/site-packages/airflow/example_dags/example_trigger_controller_dag.py
[2022-11-06T22:29:19.824-0300] {processor.py:756} INFO - Processing file /home/debian/etlhausz/venv/lib/python3.9/site-packages/airflow/example_dags/example_trigger_controller_dag.py for tasks to queue
[2022-11-06T22:29:19.825-0300] {logging_mixin.py:120} INFO - [2022-11-06T22:29:19.824-0300] {dagbag.py:537} INFO - Filling up the DagBag from /home/debian/etlhausz/venv/lib/python3.9/site-packages/airflow/example_dags/example_trigger_controller_dag.py
[2022-11-06T22:29:19.837-0300] {processor.py:766} INFO - DAG(s) dict_keys(['example_trigger_controller_dag']) retrieved from /home/debian/etlhausz/venv/lib/python3.9/site-packages/airflow/example_dags/example_trigger_controller_dag.py
[2022-11-06T22:29:19.886-0300] {logging_mixin.py:120} INFO - [2022-11-06T22:29:19.886-0300] {dag.py:2585} INFO - Sync 1 DAGs
[2022-11-06T22:29:19.907-0300] {logging_mixin.py:120} INFO - [2022-11-06T22:29:19.907-0300] {dag.py:3336} INFO - Setting next_dagrun for example_trigger_controller_dag to 2021-01-01T00:00:00+00:00, run_after=2021-01-01T00:00:00+00:00
[2022-11-06T22:29:19.930-0300] {processor.py:176} INFO - Processing /home/debian/etlhausz/venv/lib/python3.9/site-packages/airflow/example_dags/example_trigger_controller_dag.py took 0.111 seconds
[2022-11-06T22:29:51.224-0300] {processor.py:154} INFO - Started process (PID=38204) to work on /home/debian/etlhausz/venv/lib/python3.9/site-packages/airflow/example_dags/example_trigger_controller_dag.py
[2022-11-06T22:29:51.226-0300] {processor.py:756} INFO - Processing file /home/debian/etlhausz/venv/lib/python3.9/site-packages/airflow/example_dags/example_trigger_controller_dag.py for tasks to queue
[2022-11-06T22:29:51.226-0300] {logging_mixin.py:120} INFO - [2022-11-06T22:29:51.226-0300] {dagbag.py:537} INFO - Filling up the DagBag from /home/debian/etlhausz/venv/lib/python3.9/site-packages/airflow/example_dags/example_trigger_controller_dag.py
[2022-11-06T22:29:51.243-0300] {processor.py:766} INFO - DAG(s) dict_keys(['example_trigger_controller_dag']) retrieved from /home/debian/etlhausz/venv/lib/python3.9/site-packages/airflow/example_dags/example_trigger_controller_dag.py
[2022-11-06T22:29:51.311-0300] {logging_mixin.py:120} INFO - [2022-11-06T22:29:51.310-0300] {dag.py:2585} INFO - Sync 1 DAGs
[2022-11-06T22:29:51.446-0300] {logging_mixin.py:120} INFO - [2022-11-06T22:29:51.445-0300] {dag.py:3336} INFO - Setting next_dagrun for example_trigger_controller_dag to 2021-01-01T00:00:00+00:00, run_after=2021-01-01T00:00:00+00:00
[2022-11-06T22:29:51.463-0300] {processor.py:176} INFO - Processing /home/debian/etlhausz/venv/lib/python3.9/site-packages/airflow/example_dags/example_trigger_controller_dag.py took 0.252 seconds
[2022-11-06T22:30:21.547-0300] {processor.py:154} INFO - Started process (PID=38874) to work on /home/debian/etlhausz/venv/lib/python3.9/site-packages/airflow/example_dags/example_trigger_controller_dag.py
[2022-11-06T22:30:21.548-0300] {processor.py:756} INFO - Processing file /home/debian/etlhausz/venv/lib/python3.9/site-packages/airflow/example_dags/example_trigger_controller_dag.py for tasks to queue
[2022-11-06T22:30:21.549-0300] {logging_mixin.py:120} INFO - [2022-11-06T22:30:21.549-0300] {dagbag.py:537} INFO - Filling up the DagBag from /home/debian/etlhausz/venv/lib/python3.9/site-packages/airflow/example_dags/example_trigger_controller_dag.py
[2022-11-06T22:30:21.559-0300] {processor.py:766} INFO - DAG(s) dict_keys(['example_trigger_controller_dag']) retrieved from /home/debian/etlhausz/venv/lib/python3.9/site-packages/airflow/example_dags/example_trigger_controller_dag.py
[2022-11-06T22:30:21.595-0300] {logging_mixin.py:120} INFO - [2022-11-06T22:30:21.595-0300] {dag.py:2585} INFO - Sync 1 DAGs
[2022-11-06T22:30:21.698-0300] {logging_mixin.py:120} INFO - [2022-11-06T22:30:21.697-0300] {dag.py:3336} INFO - Setting next_dagrun for example_trigger_controller_dag to 2021-01-01T00:00:00+00:00, run_after=2021-01-01T00:00:00+00:00
[2022-11-06T22:30:21.729-0300] {processor.py:176} INFO - Processing /home/debian/etlhausz/venv/lib/python3.9/site-packages/airflow/example_dags/example_trigger_controller_dag.py took 0.185 seconds
[2022-11-06T22:30:52.948-0300] {processor.py:154} INFO - Started process (PID=39414) to work on /home/debian/etlhausz/venv/lib/python3.9/site-packages/airflow/example_dags/example_trigger_controller_dag.py
[2022-11-06T22:30:52.949-0300] {processor.py:756} INFO - Processing file /home/debian/etlhausz/venv/lib/python3.9/site-packages/airflow/example_dags/example_trigger_controller_dag.py for tasks to queue
[2022-11-06T22:30:52.950-0300] {logging_mixin.py:120} INFO - [2022-11-06T22:30:52.950-0300] {dagbag.py:537} INFO - Filling up the DagBag from /home/debian/etlhausz/venv/lib/python3.9/site-packages/airflow/example_dags/example_trigger_controller_dag.py
[2022-11-06T22:30:52.960-0300] {processor.py:766} INFO - DAG(s) dict_keys(['example_trigger_controller_dag']) retrieved from /home/debian/etlhausz/venv/lib/python3.9/site-packages/airflow/example_dags/example_trigger_controller_dag.py
[2022-11-06T22:30:53.104-0300] {logging_mixin.py:120} INFO - [2022-11-06T22:30:53.104-0300] {dag.py:2585} INFO - Sync 1 DAGs
[2022-11-06T22:30:53.122-0300] {logging_mixin.py:120} INFO - [2022-11-06T22:30:53.122-0300] {dag.py:3336} INFO - Setting next_dagrun for example_trigger_controller_dag to 2021-01-01T00:00:00+00:00, run_after=2021-01-01T00:00:00+00:00
[2022-11-06T22:30:53.143-0300] {processor.py:176} INFO - Processing /home/debian/etlhausz/venv/lib/python3.9/site-packages/airflow/example_dags/example_trigger_controller_dag.py took 0.198 seconds
[2022-11-06T22:31:23.858-0300] {processor.py:154} INFO - Started process (PID=39888) to work on /home/debian/etlhausz/venv/lib/python3.9/site-packages/airflow/example_dags/example_trigger_controller_dag.py
[2022-11-06T22:31:23.858-0300] {processor.py:756} INFO - Processing file /home/debian/etlhausz/venv/lib/python3.9/site-packages/airflow/example_dags/example_trigger_controller_dag.py for tasks to queue
[2022-11-06T22:31:23.859-0300] {logging_mixin.py:120} INFO - [2022-11-06T22:31:23.859-0300] {dagbag.py:537} INFO - Filling up the DagBag from /home/debian/etlhausz/venv/lib/python3.9/site-packages/airflow/example_dags/example_trigger_controller_dag.py
[2022-11-06T22:31:23.869-0300] {processor.py:766} INFO - DAG(s) dict_keys(['example_trigger_controller_dag']) retrieved from /home/debian/etlhausz/venv/lib/python3.9/site-packages/airflow/example_dags/example_trigger_controller_dag.py
[2022-11-06T22:31:23.912-0300] {logging_mixin.py:120} INFO - [2022-11-06T22:31:23.912-0300] {dag.py:2585} INFO - Sync 1 DAGs
[2022-11-06T22:31:23.939-0300] {logging_mixin.py:120} INFO - [2022-11-06T22:31:23.939-0300] {dag.py:3336} INFO - Setting next_dagrun for example_trigger_controller_dag to 2021-01-01T00:00:00+00:00, run_after=2021-01-01T00:00:00+00:00
[2022-11-06T22:31:23.969-0300] {processor.py:176} INFO - Processing /home/debian/etlhausz/venv/lib/python3.9/site-packages/airflow/example_dags/example_trigger_controller_dag.py took 0.114 seconds
