[2022-11-06T21:00:15.700-0300] {processor.py:154} INFO - Started process (PID=61059) to work on /home/debian/etlhausz/venv/lib/python3.9/site-packages/airflow/example_dags/example_branch_operator.py
[2022-11-06T21:00:15.701-0300] {processor.py:756} INFO - Processing file /home/debian/etlhausz/venv/lib/python3.9/site-packages/airflow/example_dags/example_branch_operator.py for tasks to queue
[2022-11-06T21:00:15.701-0300] {logging_mixin.py:120} INFO - [2022-11-06T21:00:15.701-0300] {dagbag.py:537} INFO - Filling up the DagBag from /home/debian/etlhausz/venv/lib/python3.9/site-packages/airflow/example_dags/example_branch_operator.py
[2022-11-06T21:00:15.720-0300] {processor.py:766} INFO - DAG(s) dict_keys(['example_branch_operator']) retrieved from /home/debian/etlhausz/venv/lib/python3.9/site-packages/airflow/example_dags/example_branch_operator.py
[2022-11-06T21:00:15.764-0300] {logging_mixin.py:120} INFO - [2022-11-06T21:00:15.764-0300] {dag.py:2585} INFO - Sync 1 DAGs
[2022-11-06T21:00:15.788-0300] {logging_mixin.py:120} INFO - [2022-11-06T21:00:15.788-0300] {dag.py:3336} INFO - Setting next_dagrun for example_branch_operator to 2022-11-06T00:00:00+00:00, run_after=2022-11-07T00:00:00+00:00
[2022-11-06T21:00:15.901-0300] {processor.py:176} INFO - Processing /home/debian/etlhausz/venv/lib/python3.9/site-packages/airflow/example_dags/example_branch_operator.py took 0.204 seconds
[2022-11-06T21:00:46.413-0300] {processor.py:154} INFO - Started process (PID=61638) to work on /home/debian/etlhausz/venv/lib/python3.9/site-packages/airflow/example_dags/example_branch_operator.py
[2022-11-06T21:00:46.418-0300] {processor.py:756} INFO - Processing file /home/debian/etlhausz/venv/lib/python3.9/site-packages/airflow/example_dags/example_branch_operator.py for tasks to queue
[2022-11-06T21:00:46.419-0300] {logging_mixin.py:120} INFO - [2022-11-06T21:00:46.419-0300] {dagbag.py:537} INFO - Filling up the DagBag from /home/debian/etlhausz/venv/lib/python3.9/site-packages/airflow/example_dags/example_branch_operator.py
[2022-11-06T21:00:46.446-0300] {processor.py:766} INFO - DAG(s) dict_keys(['example_branch_operator']) retrieved from /home/debian/etlhausz/venv/lib/python3.9/site-packages/airflow/example_dags/example_branch_operator.py
[2022-11-06T21:00:46.494-0300] {logging_mixin.py:120} INFO - [2022-11-06T21:00:46.494-0300] {dag.py:2585} INFO - Sync 1 DAGs
[2022-11-06T21:00:46.635-0300] {logging_mixin.py:120} INFO - [2022-11-06T21:00:46.635-0300] {dag.py:3336} INFO - Setting next_dagrun for example_branch_operator to 2022-11-06T00:00:00+00:00, run_after=2022-11-07T00:00:00+00:00
[2022-11-06T21:00:46.658-0300] {processor.py:176} INFO - Processing /home/debian/etlhausz/venv/lib/python3.9/site-packages/airflow/example_dags/example_branch_operator.py took 0.247 seconds
[2022-11-06T21:01:16.825-0300] {processor.py:154} INFO - Started process (PID=62205) to work on /home/debian/etlhausz/venv/lib/python3.9/site-packages/airflow/example_dags/example_branch_operator.py
[2022-11-06T21:01:16.826-0300] {processor.py:756} INFO - Processing file /home/debian/etlhausz/venv/lib/python3.9/site-packages/airflow/example_dags/example_branch_operator.py for tasks to queue
[2022-11-06T21:01:16.826-0300] {logging_mixin.py:120} INFO - [2022-11-06T21:01:16.826-0300] {dagbag.py:537} INFO - Filling up the DagBag from /home/debian/etlhausz/venv/lib/python3.9/site-packages/airflow/example_dags/example_branch_operator.py
[2022-11-06T21:01:16.854-0300] {processor.py:766} INFO - DAG(s) dict_keys(['example_branch_operator']) retrieved from /home/debian/etlhausz/venv/lib/python3.9/site-packages/airflow/example_dags/example_branch_operator.py
[2022-11-06T21:01:17.019-0300] {logging_mixin.py:120} INFO - [2022-11-06T21:01:17.019-0300] {dag.py:2585} INFO - Sync 1 DAGs
[2022-11-06T21:01:17.051-0300] {logging_mixin.py:120} INFO - [2022-11-06T21:01:17.051-0300] {dag.py:3336} INFO - Setting next_dagrun for example_branch_operator to 2022-11-06T00:00:00+00:00, run_after=2022-11-07T00:00:00+00:00
[2022-11-06T21:01:17.104-0300] {processor.py:176} INFO - Processing /home/debian/etlhausz/venv/lib/python3.9/site-packages/airflow/example_dags/example_branch_operator.py took 0.283 seconds
[2022-11-06T21:01:47.763-0300] {processor.py:154} INFO - Started process (PID=62786) to work on /home/debian/etlhausz/venv/lib/python3.9/site-packages/airflow/example_dags/example_branch_operator.py
[2022-11-06T21:01:47.774-0300] {processor.py:756} INFO - Processing file /home/debian/etlhausz/venv/lib/python3.9/site-packages/airflow/example_dags/example_branch_operator.py for tasks to queue
[2022-11-06T21:01:47.775-0300] {logging_mixin.py:120} INFO - [2022-11-06T21:01:47.775-0300] {dagbag.py:537} INFO - Filling up the DagBag from /home/debian/etlhausz/venv/lib/python3.9/site-packages/airflow/example_dags/example_branch_operator.py
[2022-11-06T21:01:47.814-0300] {processor.py:766} INFO - DAG(s) dict_keys(['example_branch_operator']) retrieved from /home/debian/etlhausz/venv/lib/python3.9/site-packages/airflow/example_dags/example_branch_operator.py
[2022-11-06T21:01:48.053-0300] {logging_mixin.py:120} INFO - [2022-11-06T21:01:48.053-0300] {dag.py:2585} INFO - Sync 1 DAGs
[2022-11-06T21:01:48.078-0300] {logging_mixin.py:120} INFO - [2022-11-06T21:01:48.078-0300] {dag.py:3336} INFO - Setting next_dagrun for example_branch_operator to 2022-11-06T00:00:00+00:00, run_after=2022-11-07T00:00:00+00:00
[2022-11-06T21:01:48.116-0300] {processor.py:176} INFO - Processing /home/debian/etlhausz/venv/lib/python3.9/site-packages/airflow/example_dags/example_branch_operator.py took 0.361 seconds
[2022-11-06T21:02:18.735-0300] {processor.py:154} INFO - Started process (PID=63329) to work on /home/debian/etlhausz/venv/lib/python3.9/site-packages/airflow/example_dags/example_branch_operator.py
[2022-11-06T21:02:18.736-0300] {processor.py:756} INFO - Processing file /home/debian/etlhausz/venv/lib/python3.9/site-packages/airflow/example_dags/example_branch_operator.py for tasks to queue
[2022-11-06T21:02:18.737-0300] {logging_mixin.py:120} INFO - [2022-11-06T21:02:18.737-0300] {dagbag.py:537} INFO - Filling up the DagBag from /home/debian/etlhausz/venv/lib/python3.9/site-packages/airflow/example_dags/example_branch_operator.py
[2022-11-06T21:02:18.753-0300] {processor.py:766} INFO - DAG(s) dict_keys(['example_branch_operator']) retrieved from /home/debian/etlhausz/venv/lib/python3.9/site-packages/airflow/example_dags/example_branch_operator.py
[2022-11-06T21:02:18.796-0300] {logging_mixin.py:120} INFO - [2022-11-06T21:02:18.796-0300] {dag.py:2585} INFO - Sync 1 DAGs
[2022-11-06T21:02:18.838-0300] {logging_mixin.py:120} INFO - [2022-11-06T21:02:18.838-0300] {dag.py:3336} INFO - Setting next_dagrun for example_branch_operator to 2022-11-06T00:00:00+00:00, run_after=2022-11-07T00:00:00+00:00
[2022-11-06T21:02:19.021-0300] {processor.py:176} INFO - Processing /home/debian/etlhausz/venv/lib/python3.9/site-packages/airflow/example_dags/example_branch_operator.py took 0.289 seconds
[2022-11-06T21:02:50.624-0300] {processor.py:154} INFO - Started process (PID=63926) to work on /home/debian/etlhausz/venv/lib/python3.9/site-packages/airflow/example_dags/example_branch_operator.py
[2022-11-06T21:02:50.626-0300] {processor.py:756} INFO - Processing file /home/debian/etlhausz/venv/lib/python3.9/site-packages/airflow/example_dags/example_branch_operator.py for tasks to queue
[2022-11-06T21:02:50.628-0300] {logging_mixin.py:120} INFO - [2022-11-06T21:02:50.627-0300] {dagbag.py:537} INFO - Filling up the DagBag from /home/debian/etlhausz/venv/lib/python3.9/site-packages/airflow/example_dags/example_branch_operator.py
[2022-11-06T21:02:50.736-0300] {processor.py:766} INFO - DAG(s) dict_keys(['example_branch_operator']) retrieved from /home/debian/etlhausz/venv/lib/python3.9/site-packages/airflow/example_dags/example_branch_operator.py
[2022-11-06T21:02:50.840-0300] {logging_mixin.py:120} INFO - [2022-11-06T21:02:50.839-0300] {dag.py:2585} INFO - Sync 1 DAGs
[2022-11-06T21:02:50.968-0300] {logging_mixin.py:120} INFO - [2022-11-06T21:02:50.968-0300] {dag.py:3336} INFO - Setting next_dagrun for example_branch_operator to 2022-11-06T00:00:00+00:00, run_after=2022-11-07T00:00:00+00:00
[2022-11-06T21:02:50.983-0300] {processor.py:176} INFO - Processing /home/debian/etlhausz/venv/lib/python3.9/site-packages/airflow/example_dags/example_branch_operator.py took 0.366 seconds
[2022-11-06T21:03:21.508-0300] {processor.py:154} INFO - Started process (PID=64400) to work on /home/debian/etlhausz/venv/lib/python3.9/site-packages/airflow/example_dags/example_branch_operator.py
[2022-11-06T21:03:21.509-0300] {processor.py:756} INFO - Processing file /home/debian/etlhausz/venv/lib/python3.9/site-packages/airflow/example_dags/example_branch_operator.py for tasks to queue
[2022-11-06T21:03:21.509-0300] {logging_mixin.py:120} INFO - [2022-11-06T21:03:21.509-0300] {dagbag.py:537} INFO - Filling up the DagBag from /home/debian/etlhausz/venv/lib/python3.9/site-packages/airflow/example_dags/example_branch_operator.py
[2022-11-06T21:03:21.523-0300] {processor.py:766} INFO - DAG(s) dict_keys(['example_branch_operator']) retrieved from /home/debian/etlhausz/venv/lib/python3.9/site-packages/airflow/example_dags/example_branch_operator.py
[2022-11-06T21:03:21.860-0300] {logging_mixin.py:120} INFO - [2022-11-06T21:03:21.860-0300] {dag.py:2585} INFO - Sync 1 DAGs
[2022-11-06T21:03:21.882-0300] {logging_mixin.py:120} INFO - [2022-11-06T21:03:21.881-0300] {dag.py:3336} INFO - Setting next_dagrun for example_branch_operator to 2022-11-06T00:00:00+00:00, run_after=2022-11-07T00:00:00+00:00
[2022-11-06T21:03:21.918-0300] {processor.py:176} INFO - Processing /home/debian/etlhausz/venv/lib/python3.9/site-packages/airflow/example_dags/example_branch_operator.py took 0.416 seconds
[2022-11-06T21:03:52.268-0300] {processor.py:154} INFO - Started process (PID=65054) to work on /home/debian/etlhausz/venv/lib/python3.9/site-packages/airflow/example_dags/example_branch_operator.py
[2022-11-06T21:03:52.276-0300] {processor.py:756} INFO - Processing file /home/debian/etlhausz/venv/lib/python3.9/site-packages/airflow/example_dags/example_branch_operator.py for tasks to queue
[2022-11-06T21:03:52.276-0300] {logging_mixin.py:120} INFO - [2022-11-06T21:03:52.276-0300] {dagbag.py:537} INFO - Filling up the DagBag from /home/debian/etlhausz/venv/lib/python3.9/site-packages/airflow/example_dags/example_branch_operator.py
[2022-11-06T21:03:52.291-0300] {processor.py:766} INFO - DAG(s) dict_keys(['example_branch_operator']) retrieved from /home/debian/etlhausz/venv/lib/python3.9/site-packages/airflow/example_dags/example_branch_operator.py
[2022-11-06T21:03:52.441-0300] {logging_mixin.py:120} INFO - [2022-11-06T21:03:52.441-0300] {dag.py:2585} INFO - Sync 1 DAGs
[2022-11-06T21:03:52.458-0300] {logging_mixin.py:120} INFO - [2022-11-06T21:03:52.458-0300] {dag.py:3336} INFO - Setting next_dagrun for example_branch_operator to 2022-11-06T00:00:00+00:00, run_after=2022-11-07T00:00:00+00:00
[2022-11-06T21:03:52.483-0300] {processor.py:176} INFO - Processing /home/debian/etlhausz/venv/lib/python3.9/site-packages/airflow/example_dags/example_branch_operator.py took 0.220 seconds
[2022-11-06T22:01:39.778-0300] {processor.py:154} INFO - Started process (PID=5212) to work on /home/debian/etlhausz/venv/lib/python3.9/site-packages/airflow/example_dags/example_branch_operator.py
[2022-11-06T22:01:39.789-0300] {processor.py:756} INFO - Processing file /home/debian/etlhausz/venv/lib/python3.9/site-packages/airflow/example_dags/example_branch_operator.py for tasks to queue
[2022-11-06T22:01:39.792-0300] {logging_mixin.py:120} INFO - [2022-11-06T22:01:39.791-0300] {dagbag.py:537} INFO - Filling up the DagBag from /home/debian/etlhausz/venv/lib/python3.9/site-packages/airflow/example_dags/example_branch_operator.py
[2022-11-06T22:01:39.969-0300] {processor.py:766} INFO - DAG(s) dict_keys(['example_branch_operator']) retrieved from /home/debian/etlhausz/venv/lib/python3.9/site-packages/airflow/example_dags/example_branch_operator.py
[2022-11-06T22:01:40.147-0300] {logging_mixin.py:120} INFO - [2022-11-06T22:01:40.145-0300] {dag.py:2585} INFO - Sync 1 DAGs
[2022-11-06T22:01:40.276-0300] {logging_mixin.py:120} INFO - [2022-11-06T22:01:40.275-0300] {dag.py:3336} INFO - Setting next_dagrun for example_branch_operator to 2022-11-06T00:00:00+00:00, run_after=2022-11-07T00:00:00+00:00
[2022-11-06T22:01:40.405-0300] {processor.py:176} INFO - Processing /home/debian/etlhausz/venv/lib/python3.9/site-packages/airflow/example_dags/example_branch_operator.py took 0.636 seconds
[2022-11-06T22:02:11.072-0300] {processor.py:154} INFO - Started process (PID=5848) to work on /home/debian/etlhausz/venv/lib/python3.9/site-packages/airflow/example_dags/example_branch_operator.py
[2022-11-06T22:02:11.074-0300] {processor.py:756} INFO - Processing file /home/debian/etlhausz/venv/lib/python3.9/site-packages/airflow/example_dags/example_branch_operator.py for tasks to queue
[2022-11-06T22:02:11.074-0300] {logging_mixin.py:120} INFO - [2022-11-06T22:02:11.074-0300] {dagbag.py:537} INFO - Filling up the DagBag from /home/debian/etlhausz/venv/lib/python3.9/site-packages/airflow/example_dags/example_branch_operator.py
[2022-11-06T22:02:11.109-0300] {processor.py:766} INFO - DAG(s) dict_keys(['example_branch_operator']) retrieved from /home/debian/etlhausz/venv/lib/python3.9/site-packages/airflow/example_dags/example_branch_operator.py
[2022-11-06T22:02:11.157-0300] {logging_mixin.py:120} INFO - [2022-11-06T22:02:11.157-0300] {dag.py:2585} INFO - Sync 1 DAGs
[2022-11-06T22:02:11.185-0300] {logging_mixin.py:120} INFO - [2022-11-06T22:02:11.184-0300] {dag.py:3336} INFO - Setting next_dagrun for example_branch_operator to 2022-11-06T00:00:00+00:00, run_after=2022-11-07T00:00:00+00:00
[2022-11-06T22:02:11.211-0300] {processor.py:176} INFO - Processing /home/debian/etlhausz/venv/lib/python3.9/site-packages/airflow/example_dags/example_branch_operator.py took 0.151 seconds
[2022-11-06T22:02:42.744-0300] {processor.py:154} INFO - Started process (PID=6510) to work on /home/debian/etlhausz/venv/lib/python3.9/site-packages/airflow/example_dags/example_branch_operator.py
[2022-11-06T22:02:42.747-0300] {processor.py:756} INFO - Processing file /home/debian/etlhausz/venv/lib/python3.9/site-packages/airflow/example_dags/example_branch_operator.py for tasks to queue
[2022-11-06T22:02:42.748-0300] {logging_mixin.py:120} INFO - [2022-11-06T22:02:42.748-0300] {dagbag.py:537} INFO - Filling up the DagBag from /home/debian/etlhausz/venv/lib/python3.9/site-packages/airflow/example_dags/example_branch_operator.py
[2022-11-06T22:02:42.766-0300] {processor.py:766} INFO - DAG(s) dict_keys(['example_branch_operator']) retrieved from /home/debian/etlhausz/venv/lib/python3.9/site-packages/airflow/example_dags/example_branch_operator.py
[2022-11-06T22:02:42.811-0300] {logging_mixin.py:120} INFO - [2022-11-06T22:02:42.811-0300] {dag.py:2585} INFO - Sync 1 DAGs
[2022-11-06T22:02:42.832-0300] {logging_mixin.py:120} INFO - [2022-11-06T22:02:42.832-0300] {dag.py:3336} INFO - Setting next_dagrun for example_branch_operator to 2022-11-06T00:00:00+00:00, run_after=2022-11-07T00:00:00+00:00
[2022-11-06T22:02:42.850-0300] {processor.py:176} INFO - Processing /home/debian/etlhausz/venv/lib/python3.9/site-packages/airflow/example_dags/example_branch_operator.py took 0.111 seconds
[2022-11-06T22:03:16.527-0300] {processor.py:154} INFO - Started process (PID=7115) to work on /home/debian/etlhausz/venv/lib/python3.9/site-packages/airflow/example_dags/example_branch_operator.py
[2022-11-06T22:03:16.531-0300] {processor.py:756} INFO - Processing file /home/debian/etlhausz/venv/lib/python3.9/site-packages/airflow/example_dags/example_branch_operator.py for tasks to queue
[2022-11-06T22:03:16.533-0300] {logging_mixin.py:120} INFO - [2022-11-06T22:03:16.533-0300] {dagbag.py:537} INFO - Filling up the DagBag from /home/debian/etlhausz/venv/lib/python3.9/site-packages/airflow/example_dags/example_branch_operator.py
[2022-11-06T22:03:16.566-0300] {processor.py:766} INFO - DAG(s) dict_keys(['example_branch_operator']) retrieved from /home/debian/etlhausz/venv/lib/python3.9/site-packages/airflow/example_dags/example_branch_operator.py
[2022-11-06T22:03:16.671-0300] {logging_mixin.py:120} INFO - [2022-11-06T22:03:16.667-0300] {dag.py:2585} INFO - Sync 1 DAGs
[2022-11-06T22:03:16.744-0300] {logging_mixin.py:120} INFO - [2022-11-06T22:03:16.744-0300] {dag.py:3336} INFO - Setting next_dagrun for example_branch_operator to 2022-11-06T00:00:00+00:00, run_after=2022-11-07T00:00:00+00:00
[2022-11-06T22:03:16.797-0300] {processor.py:176} INFO - Processing /home/debian/etlhausz/venv/lib/python3.9/site-packages/airflow/example_dags/example_branch_operator.py took 0.273 seconds
[2022-11-06T22:03:46.840-0300] {processor.py:154} INFO - Started process (PID=7774) to work on /home/debian/etlhausz/venv/lib/python3.9/site-packages/airflow/example_dags/example_branch_operator.py
[2022-11-06T22:03:46.841-0300] {processor.py:756} INFO - Processing file /home/debian/etlhausz/venv/lib/python3.9/site-packages/airflow/example_dags/example_branch_operator.py for tasks to queue
[2022-11-06T22:03:46.842-0300] {logging_mixin.py:120} INFO - [2022-11-06T22:03:46.842-0300] {dagbag.py:537} INFO - Filling up the DagBag from /home/debian/etlhausz/venv/lib/python3.9/site-packages/airflow/example_dags/example_branch_operator.py
[2022-11-06T22:03:46.857-0300] {processor.py:766} INFO - DAG(s) dict_keys(['example_branch_operator']) retrieved from /home/debian/etlhausz/venv/lib/python3.9/site-packages/airflow/example_dags/example_branch_operator.py
[2022-11-06T22:03:46.907-0300] {logging_mixin.py:120} INFO - [2022-11-06T22:03:46.907-0300] {dag.py:2585} INFO - Sync 1 DAGs
[2022-11-06T22:03:46.933-0300] {logging_mixin.py:120} INFO - [2022-11-06T22:03:46.933-0300] {dag.py:3336} INFO - Setting next_dagrun for example_branch_operator to 2022-11-06T00:00:00+00:00, run_after=2022-11-07T00:00:00+00:00
[2022-11-06T22:03:46.957-0300] {processor.py:176} INFO - Processing /home/debian/etlhausz/venv/lib/python3.9/site-packages/airflow/example_dags/example_branch_operator.py took 0.127 seconds
[2022-11-06T22:04:18.162-0300] {processor.py:154} INFO - Started process (PID=8396) to work on /home/debian/etlhausz/venv/lib/python3.9/site-packages/airflow/example_dags/example_branch_operator.py
[2022-11-06T22:04:18.163-0300] {processor.py:756} INFO - Processing file /home/debian/etlhausz/venv/lib/python3.9/site-packages/airflow/example_dags/example_branch_operator.py for tasks to queue
[2022-11-06T22:04:18.164-0300] {logging_mixin.py:120} INFO - [2022-11-06T22:04:18.164-0300] {dagbag.py:537} INFO - Filling up the DagBag from /home/debian/etlhausz/venv/lib/python3.9/site-packages/airflow/example_dags/example_branch_operator.py
[2022-11-06T22:04:18.178-0300] {processor.py:766} INFO - DAG(s) dict_keys(['example_branch_operator']) retrieved from /home/debian/etlhausz/venv/lib/python3.9/site-packages/airflow/example_dags/example_branch_operator.py
[2022-11-06T22:04:18.230-0300] {logging_mixin.py:120} INFO - [2022-11-06T22:04:18.230-0300] {dag.py:2585} INFO - Sync 1 DAGs
[2022-11-06T22:04:18.255-0300] {logging_mixin.py:120} INFO - [2022-11-06T22:04:18.254-0300] {dag.py:3336} INFO - Setting next_dagrun for example_branch_operator to 2022-11-06T00:00:00+00:00, run_after=2022-11-07T00:00:00+00:00
[2022-11-06T22:04:18.276-0300] {processor.py:176} INFO - Processing /home/debian/etlhausz/venv/lib/python3.9/site-packages/airflow/example_dags/example_branch_operator.py took 0.116 seconds
[2022-11-06T22:04:50.645-0300] {processor.py:154} INFO - Started process (PID=8990) to work on /home/debian/etlhausz/venv/lib/python3.9/site-packages/airflow/example_dags/example_branch_operator.py
[2022-11-06T22:04:50.646-0300] {processor.py:756} INFO - Processing file /home/debian/etlhausz/venv/lib/python3.9/site-packages/airflow/example_dags/example_branch_operator.py for tasks to queue
[2022-11-06T22:04:50.650-0300] {logging_mixin.py:120} INFO - [2022-11-06T22:04:50.649-0300] {dagbag.py:537} INFO - Filling up the DagBag from /home/debian/etlhausz/venv/lib/python3.9/site-packages/airflow/example_dags/example_branch_operator.py
[2022-11-06T22:04:50.690-0300] {processor.py:766} INFO - DAG(s) dict_keys(['example_branch_operator']) retrieved from /home/debian/etlhausz/venv/lib/python3.9/site-packages/airflow/example_dags/example_branch_operator.py
[2022-11-06T22:04:50.736-0300] {logging_mixin.py:120} INFO - [2022-11-06T22:04:50.736-0300] {dag.py:2585} INFO - Sync 1 DAGs
[2022-11-06T22:04:50.761-0300] {logging_mixin.py:120} INFO - [2022-11-06T22:04:50.760-0300] {dag.py:3336} INFO - Setting next_dagrun for example_branch_operator to 2022-11-06T00:00:00+00:00, run_after=2022-11-07T00:00:00+00:00
[2022-11-06T22:04:50.790-0300] {processor.py:176} INFO - Processing /home/debian/etlhausz/venv/lib/python3.9/site-packages/airflow/example_dags/example_branch_operator.py took 0.148 seconds
[2022-11-06T22:05:32.153-0300] {processor.py:154} INFO - Started process (PID=9900) to work on /home/debian/etlhausz/venv/lib/python3.9/site-packages/airflow/example_dags/example_branch_operator.py
[2022-11-06T22:05:32.156-0300] {processor.py:756} INFO - Processing file /home/debian/etlhausz/venv/lib/python3.9/site-packages/airflow/example_dags/example_branch_operator.py for tasks to queue
[2022-11-06T22:05:32.157-0300] {logging_mixin.py:120} INFO - [2022-11-06T22:05:32.157-0300] {dagbag.py:537} INFO - Filling up the DagBag from /home/debian/etlhausz/venv/lib/python3.9/site-packages/airflow/example_dags/example_branch_operator.py
[2022-11-06T22:05:32.212-0300] {processor.py:766} INFO - DAG(s) dict_keys(['example_branch_operator']) retrieved from /home/debian/etlhausz/venv/lib/python3.9/site-packages/airflow/example_dags/example_branch_operator.py
[2022-11-06T22:05:32.311-0300] {logging_mixin.py:120} INFO - [2022-11-06T22:05:32.311-0300] {dag.py:2585} INFO - Sync 1 DAGs
[2022-11-06T22:05:32.353-0300] {logging_mixin.py:120} INFO - [2022-11-06T22:05:32.353-0300] {dag.py:3336} INFO - Setting next_dagrun for example_branch_operator to 2022-11-06T00:00:00+00:00, run_after=2022-11-07T00:00:00+00:00
[2022-11-06T22:05:32.403-0300] {processor.py:176} INFO - Processing /home/debian/etlhausz/venv/lib/python3.9/site-packages/airflow/example_dags/example_branch_operator.py took 0.259 seconds
[2022-11-06T22:06:03.540-0300] {processor.py:154} INFO - Started process (PID=10515) to work on /home/debian/etlhausz/venv/lib/python3.9/site-packages/airflow/example_dags/example_branch_operator.py
[2022-11-06T22:06:03.546-0300] {processor.py:756} INFO - Processing file /home/debian/etlhausz/venv/lib/python3.9/site-packages/airflow/example_dags/example_branch_operator.py for tasks to queue
[2022-11-06T22:06:03.548-0300] {logging_mixin.py:120} INFO - [2022-11-06T22:06:03.547-0300] {dagbag.py:537} INFO - Filling up the DagBag from /home/debian/etlhausz/venv/lib/python3.9/site-packages/airflow/example_dags/example_branch_operator.py
[2022-11-06T22:06:03.643-0300] {processor.py:766} INFO - DAG(s) dict_keys(['example_branch_operator']) retrieved from /home/debian/etlhausz/venv/lib/python3.9/site-packages/airflow/example_dags/example_branch_operator.py
[2022-11-06T22:06:03.836-0300] {logging_mixin.py:120} INFO - [2022-11-06T22:06:03.836-0300] {dag.py:2585} INFO - Sync 1 DAGs
[2022-11-06T22:06:03.888-0300] {logging_mixin.py:120} INFO - [2022-11-06T22:06:03.888-0300] {dag.py:3336} INFO - Setting next_dagrun for example_branch_operator to 2022-11-06T00:00:00+00:00, run_after=2022-11-07T00:00:00+00:00
[2022-11-06T22:06:04.030-0300] {processor.py:176} INFO - Processing /home/debian/etlhausz/venv/lib/python3.9/site-packages/airflow/example_dags/example_branch_operator.py took 0.495 seconds
[2022-11-06T22:06:35.051-0300] {processor.py:154} INFO - Started process (PID=11114) to work on /home/debian/etlhausz/venv/lib/python3.9/site-packages/airflow/example_dags/example_branch_operator.py
[2022-11-06T22:06:35.053-0300] {processor.py:756} INFO - Processing file /home/debian/etlhausz/venv/lib/python3.9/site-packages/airflow/example_dags/example_branch_operator.py for tasks to queue
[2022-11-06T22:06:35.054-0300] {logging_mixin.py:120} INFO - [2022-11-06T22:06:35.054-0300] {dagbag.py:537} INFO - Filling up the DagBag from /home/debian/etlhausz/venv/lib/python3.9/site-packages/airflow/example_dags/example_branch_operator.py
[2022-11-06T22:06:35.070-0300] {processor.py:766} INFO - DAG(s) dict_keys(['example_branch_operator']) retrieved from /home/debian/etlhausz/venv/lib/python3.9/site-packages/airflow/example_dags/example_branch_operator.py
[2022-11-06T22:06:35.110-0300] {logging_mixin.py:120} INFO - [2022-11-06T22:06:35.110-0300] {dag.py:2585} INFO - Sync 1 DAGs
[2022-11-06T22:06:35.131-0300] {logging_mixin.py:120} INFO - [2022-11-06T22:06:35.131-0300] {dag.py:3336} INFO - Setting next_dagrun for example_branch_operator to 2022-11-06T00:00:00+00:00, run_after=2022-11-07T00:00:00+00:00
[2022-11-06T22:06:35.152-0300] {processor.py:176} INFO - Processing /home/debian/etlhausz/venv/lib/python3.9/site-packages/airflow/example_dags/example_branch_operator.py took 0.104 seconds
[2022-11-06T22:07:05.823-0300] {processor.py:154} INFO - Started process (PID=11665) to work on /home/debian/etlhausz/venv/lib/python3.9/site-packages/airflow/example_dags/example_branch_operator.py
[2022-11-06T22:07:05.824-0300] {processor.py:756} INFO - Processing file /home/debian/etlhausz/venv/lib/python3.9/site-packages/airflow/example_dags/example_branch_operator.py for tasks to queue
[2022-11-06T22:07:05.825-0300] {logging_mixin.py:120} INFO - [2022-11-06T22:07:05.825-0300] {dagbag.py:537} INFO - Filling up the DagBag from /home/debian/etlhausz/venv/lib/python3.9/site-packages/airflow/example_dags/example_branch_operator.py
[2022-11-06T22:07:05.860-0300] {processor.py:766} INFO - DAG(s) dict_keys(['example_branch_operator']) retrieved from /home/debian/etlhausz/venv/lib/python3.9/site-packages/airflow/example_dags/example_branch_operator.py
[2022-11-06T22:07:05.915-0300] {logging_mixin.py:120} INFO - [2022-11-06T22:07:05.915-0300] {dag.py:2585} INFO - Sync 1 DAGs
[2022-11-06T22:07:05.943-0300] {logging_mixin.py:120} INFO - [2022-11-06T22:07:05.943-0300] {dag.py:3336} INFO - Setting next_dagrun for example_branch_operator to 2022-11-06T00:00:00+00:00, run_after=2022-11-07T00:00:00+00:00
[2022-11-06T22:07:06.004-0300] {processor.py:176} INFO - Processing /home/debian/etlhausz/venv/lib/python3.9/site-packages/airflow/example_dags/example_branch_operator.py took 0.184 seconds
[2022-11-06T22:07:39.516-0300] {processor.py:154} INFO - Started process (PID=12361) to work on /home/debian/etlhausz/venv/lib/python3.9/site-packages/airflow/example_dags/example_branch_operator.py
[2022-11-06T22:07:39.518-0300] {processor.py:756} INFO - Processing file /home/debian/etlhausz/venv/lib/python3.9/site-packages/airflow/example_dags/example_branch_operator.py for tasks to queue
[2022-11-06T22:07:39.518-0300] {logging_mixin.py:120} INFO - [2022-11-06T22:07:39.518-0300] {dagbag.py:537} INFO - Filling up the DagBag from /home/debian/etlhausz/venv/lib/python3.9/site-packages/airflow/example_dags/example_branch_operator.py
[2022-11-06T22:07:39.559-0300] {processor.py:766} INFO - DAG(s) dict_keys(['example_branch_operator']) retrieved from /home/debian/etlhausz/venv/lib/python3.9/site-packages/airflow/example_dags/example_branch_operator.py
[2022-11-06T22:07:39.618-0300] {logging_mixin.py:120} INFO - [2022-11-06T22:07:39.618-0300] {dag.py:2585} INFO - Sync 1 DAGs
[2022-11-06T22:07:39.641-0300] {logging_mixin.py:120} INFO - [2022-11-06T22:07:39.641-0300] {dag.py:3336} INFO - Setting next_dagrun for example_branch_operator to 2022-11-06T00:00:00+00:00, run_after=2022-11-07T00:00:00+00:00
[2022-11-06T22:07:39.663-0300] {processor.py:176} INFO - Processing /home/debian/etlhausz/venv/lib/python3.9/site-packages/airflow/example_dags/example_branch_operator.py took 0.154 seconds
[2022-11-06T22:08:09.696-0300] {processor.py:154} INFO - Started process (PID=13089) to work on /home/debian/etlhausz/venv/lib/python3.9/site-packages/airflow/example_dags/example_branch_operator.py
[2022-11-06T22:08:09.699-0300] {processor.py:756} INFO - Processing file /home/debian/etlhausz/venv/lib/python3.9/site-packages/airflow/example_dags/example_branch_operator.py for tasks to queue
[2022-11-06T22:08:09.700-0300] {logging_mixin.py:120} INFO - [2022-11-06T22:08:09.700-0300] {dagbag.py:537} INFO - Filling up the DagBag from /home/debian/etlhausz/venv/lib/python3.9/site-packages/airflow/example_dags/example_branch_operator.py
[2022-11-06T22:08:09.716-0300] {processor.py:766} INFO - DAG(s) dict_keys(['example_branch_operator']) retrieved from /home/debian/etlhausz/venv/lib/python3.9/site-packages/airflow/example_dags/example_branch_operator.py
[2022-11-06T22:08:09.754-0300] {logging_mixin.py:120} INFO - [2022-11-06T22:08:09.754-0300] {dag.py:2585} INFO - Sync 1 DAGs
[2022-11-06T22:08:09.777-0300] {logging_mixin.py:120} INFO - [2022-11-06T22:08:09.777-0300] {dag.py:3336} INFO - Setting next_dagrun for example_branch_operator to 2022-11-06T00:00:00+00:00, run_after=2022-11-07T00:00:00+00:00
[2022-11-06T22:08:09.792-0300] {processor.py:176} INFO - Processing /home/debian/etlhausz/venv/lib/python3.9/site-packages/airflow/example_dags/example_branch_operator.py took 0.099 seconds
[2022-11-06T22:08:41.211-0300] {processor.py:154} INFO - Started process (PID=13769) to work on /home/debian/etlhausz/venv/lib/python3.9/site-packages/airflow/example_dags/example_branch_operator.py
[2022-11-06T22:08:41.213-0300] {processor.py:756} INFO - Processing file /home/debian/etlhausz/venv/lib/python3.9/site-packages/airflow/example_dags/example_branch_operator.py for tasks to queue
[2022-11-06T22:08:41.213-0300] {logging_mixin.py:120} INFO - [2022-11-06T22:08:41.213-0300] {dagbag.py:537} INFO - Filling up the DagBag from /home/debian/etlhausz/venv/lib/python3.9/site-packages/airflow/example_dags/example_branch_operator.py
[2022-11-06T22:08:41.232-0300] {processor.py:766} INFO - DAG(s) dict_keys(['example_branch_operator']) retrieved from /home/debian/etlhausz/venv/lib/python3.9/site-packages/airflow/example_dags/example_branch_operator.py
[2022-11-06T22:08:41.288-0300] {logging_mixin.py:120} INFO - [2022-11-06T22:08:41.288-0300] {dag.py:2585} INFO - Sync 1 DAGs
[2022-11-06T22:08:41.312-0300] {logging_mixin.py:120} INFO - [2022-11-06T22:08:41.311-0300] {dag.py:3336} INFO - Setting next_dagrun for example_branch_operator to 2022-11-06T00:00:00+00:00, run_after=2022-11-07T00:00:00+00:00
[2022-11-06T22:08:41.338-0300] {processor.py:176} INFO - Processing /home/debian/etlhausz/venv/lib/python3.9/site-packages/airflow/example_dags/example_branch_operator.py took 0.129 seconds
[2022-11-06T22:09:13.937-0300] {processor.py:154} INFO - Started process (PID=14440) to work on /home/debian/etlhausz/venv/lib/python3.9/site-packages/airflow/example_dags/example_branch_operator.py
[2022-11-06T22:09:13.938-0300] {processor.py:756} INFO - Processing file /home/debian/etlhausz/venv/lib/python3.9/site-packages/airflow/example_dags/example_branch_operator.py for tasks to queue
[2022-11-06T22:09:13.939-0300] {logging_mixin.py:120} INFO - [2022-11-06T22:09:13.939-0300] {dagbag.py:537} INFO - Filling up the DagBag from /home/debian/etlhausz/venv/lib/python3.9/site-packages/airflow/example_dags/example_branch_operator.py
[2022-11-06T22:09:13.953-0300] {processor.py:766} INFO - DAG(s) dict_keys(['example_branch_operator']) retrieved from /home/debian/etlhausz/venv/lib/python3.9/site-packages/airflow/example_dags/example_branch_operator.py
[2022-11-06T22:09:14.024-0300] {logging_mixin.py:120} INFO - [2022-11-06T22:09:14.024-0300] {dag.py:2585} INFO - Sync 1 DAGs
[2022-11-06T22:09:14.058-0300] {logging_mixin.py:120} INFO - [2022-11-06T22:09:14.058-0300] {dag.py:3336} INFO - Setting next_dagrun for example_branch_operator to 2022-11-06T00:00:00+00:00, run_after=2022-11-07T00:00:00+00:00
[2022-11-06T22:09:14.086-0300] {processor.py:176} INFO - Processing /home/debian/etlhausz/venv/lib/python3.9/site-packages/airflow/example_dags/example_branch_operator.py took 0.152 seconds
[2022-11-06T22:09:46.348-0300] {processor.py:154} INFO - Started process (PID=15062) to work on /home/debian/etlhausz/venv/lib/python3.9/site-packages/airflow/example_dags/example_branch_operator.py
[2022-11-06T22:09:46.349-0300] {processor.py:756} INFO - Processing file /home/debian/etlhausz/venv/lib/python3.9/site-packages/airflow/example_dags/example_branch_operator.py for tasks to queue
[2022-11-06T22:09:46.350-0300] {logging_mixin.py:120} INFO - [2022-11-06T22:09:46.350-0300] {dagbag.py:537} INFO - Filling up the DagBag from /home/debian/etlhausz/venv/lib/python3.9/site-packages/airflow/example_dags/example_branch_operator.py
[2022-11-06T22:09:46.369-0300] {processor.py:766} INFO - DAG(s) dict_keys(['example_branch_operator']) retrieved from /home/debian/etlhausz/venv/lib/python3.9/site-packages/airflow/example_dags/example_branch_operator.py
[2022-11-06T22:09:46.413-0300] {logging_mixin.py:120} INFO - [2022-11-06T22:09:46.413-0300] {dag.py:2585} INFO - Sync 1 DAGs
[2022-11-06T22:09:46.453-0300] {logging_mixin.py:120} INFO - [2022-11-06T22:09:46.452-0300] {dag.py:3336} INFO - Setting next_dagrun for example_branch_operator to 2022-11-06T00:00:00+00:00, run_after=2022-11-07T00:00:00+00:00
[2022-11-06T22:09:46.496-0300] {processor.py:176} INFO - Processing /home/debian/etlhausz/venv/lib/python3.9/site-packages/airflow/example_dags/example_branch_operator.py took 0.151 seconds
[2022-11-06T22:10:18.601-0300] {processor.py:154} INFO - Started process (PID=15669) to work on /home/debian/etlhausz/venv/lib/python3.9/site-packages/airflow/example_dags/example_branch_operator.py
[2022-11-06T22:10:18.605-0300] {processor.py:756} INFO - Processing file /home/debian/etlhausz/venv/lib/python3.9/site-packages/airflow/example_dags/example_branch_operator.py for tasks to queue
[2022-11-06T22:10:18.606-0300] {logging_mixin.py:120} INFO - [2022-11-06T22:10:18.606-0300] {dagbag.py:537} INFO - Filling up the DagBag from /home/debian/etlhausz/venv/lib/python3.9/site-packages/airflow/example_dags/example_branch_operator.py
[2022-11-06T22:10:18.644-0300] {processor.py:766} INFO - DAG(s) dict_keys(['example_branch_operator']) retrieved from /home/debian/etlhausz/venv/lib/python3.9/site-packages/airflow/example_dags/example_branch_operator.py
[2022-11-06T22:10:18.702-0300] {logging_mixin.py:120} INFO - [2022-11-06T22:10:18.702-0300] {dag.py:2585} INFO - Sync 1 DAGs
[2022-11-06T22:10:18.742-0300] {logging_mixin.py:120} INFO - [2022-11-06T22:10:18.742-0300] {dag.py:3336} INFO - Setting next_dagrun for example_branch_operator to 2022-11-06T00:00:00+00:00, run_after=2022-11-07T00:00:00+00:00
[2022-11-06T22:10:18.809-0300] {processor.py:176} INFO - Processing /home/debian/etlhausz/venv/lib/python3.9/site-packages/airflow/example_dags/example_branch_operator.py took 0.211 seconds
[2022-11-06T22:10:50.848-0300] {processor.py:154} INFO - Started process (PID=16297) to work on /home/debian/etlhausz/venv/lib/python3.9/site-packages/airflow/example_dags/example_branch_operator.py
[2022-11-06T22:10:50.849-0300] {processor.py:756} INFO - Processing file /home/debian/etlhausz/venv/lib/python3.9/site-packages/airflow/example_dags/example_branch_operator.py for tasks to queue
[2022-11-06T22:10:50.851-0300] {logging_mixin.py:120} INFO - [2022-11-06T22:10:50.851-0300] {dagbag.py:537} INFO - Filling up the DagBag from /home/debian/etlhausz/venv/lib/python3.9/site-packages/airflow/example_dags/example_branch_operator.py
[2022-11-06T22:10:50.865-0300] {processor.py:766} INFO - DAG(s) dict_keys(['example_branch_operator']) retrieved from /home/debian/etlhausz/venv/lib/python3.9/site-packages/airflow/example_dags/example_branch_operator.py
[2022-11-06T22:10:50.917-0300] {logging_mixin.py:120} INFO - [2022-11-06T22:10:50.917-0300] {dag.py:2585} INFO - Sync 1 DAGs
[2022-11-06T22:10:50.940-0300] {logging_mixin.py:120} INFO - [2022-11-06T22:10:50.940-0300] {dag.py:3336} INFO - Setting next_dagrun for example_branch_operator to 2022-11-06T00:00:00+00:00, run_after=2022-11-07T00:00:00+00:00
[2022-11-06T22:10:50.963-0300] {processor.py:176} INFO - Processing /home/debian/etlhausz/venv/lib/python3.9/site-packages/airflow/example_dags/example_branch_operator.py took 0.119 seconds
[2022-11-06T22:11:24.141-0300] {processor.py:154} INFO - Started process (PID=16880) to work on /home/debian/etlhausz/venv/lib/python3.9/site-packages/airflow/example_dags/example_branch_operator.py
[2022-11-06T22:11:24.143-0300] {processor.py:756} INFO - Processing file /home/debian/etlhausz/venv/lib/python3.9/site-packages/airflow/example_dags/example_branch_operator.py for tasks to queue
[2022-11-06T22:11:24.146-0300] {logging_mixin.py:120} INFO - [2022-11-06T22:11:24.145-0300] {dagbag.py:537} INFO - Filling up the DagBag from /home/debian/etlhausz/venv/lib/python3.9/site-packages/airflow/example_dags/example_branch_operator.py
[2022-11-06T22:11:24.166-0300] {processor.py:766} INFO - DAG(s) dict_keys(['example_branch_operator']) retrieved from /home/debian/etlhausz/venv/lib/python3.9/site-packages/airflow/example_dags/example_branch_operator.py
[2022-11-06T22:11:24.221-0300] {logging_mixin.py:120} INFO - [2022-11-06T22:11:24.220-0300] {dag.py:2585} INFO - Sync 1 DAGs
[2022-11-06T22:11:24.255-0300] {logging_mixin.py:120} INFO - [2022-11-06T22:11:24.255-0300] {dag.py:3336} INFO - Setting next_dagrun for example_branch_operator to 2022-11-06T00:00:00+00:00, run_after=2022-11-07T00:00:00+00:00
[2022-11-06T22:11:24.403-0300] {processor.py:176} INFO - Processing /home/debian/etlhausz/venv/lib/python3.9/site-packages/airflow/example_dags/example_branch_operator.py took 0.266 seconds
[2022-11-06T22:12:01.436-0300] {processor.py:154} INFO - Started process (PID=17444) to work on /home/debian/etlhausz/venv/lib/python3.9/site-packages/airflow/example_dags/example_branch_operator.py
[2022-11-06T22:12:01.439-0300] {processor.py:756} INFO - Processing file /home/debian/etlhausz/venv/lib/python3.9/site-packages/airflow/example_dags/example_branch_operator.py for tasks to queue
[2022-11-06T22:12:01.449-0300] {logging_mixin.py:120} INFO - [2022-11-06T22:12:01.445-0300] {dagbag.py:537} INFO - Filling up the DagBag from /home/debian/etlhausz/venv/lib/python3.9/site-packages/airflow/example_dags/example_branch_operator.py
[2022-11-06T22:12:01.465-0300] {processor.py:766} INFO - DAG(s) dict_keys(['example_branch_operator']) retrieved from /home/debian/etlhausz/venv/lib/python3.9/site-packages/airflow/example_dags/example_branch_operator.py
[2022-11-06T22:12:01.512-0300] {logging_mixin.py:120} INFO - [2022-11-06T22:12:01.512-0300] {dag.py:2585} INFO - Sync 1 DAGs
[2022-11-06T22:12:01.711-0300] {logging_mixin.py:120} INFO - [2022-11-06T22:12:01.711-0300] {dag.py:3336} INFO - Setting next_dagrun for example_branch_operator to 2022-11-06T00:00:00+00:00, run_after=2022-11-07T00:00:00+00:00
[2022-11-06T22:12:01.767-0300] {processor.py:176} INFO - Processing /home/debian/etlhausz/venv/lib/python3.9/site-packages/airflow/example_dags/example_branch_operator.py took 0.335 seconds
[2022-11-06T22:12:32.079-0300] {processor.py:154} INFO - Started process (PID=18045) to work on /home/debian/etlhausz/venv/lib/python3.9/site-packages/airflow/example_dags/example_branch_operator.py
[2022-11-06T22:12:32.080-0300] {processor.py:756} INFO - Processing file /home/debian/etlhausz/venv/lib/python3.9/site-packages/airflow/example_dags/example_branch_operator.py for tasks to queue
[2022-11-06T22:12:32.081-0300] {logging_mixin.py:120} INFO - [2022-11-06T22:12:32.081-0300] {dagbag.py:537} INFO - Filling up the DagBag from /home/debian/etlhausz/venv/lib/python3.9/site-packages/airflow/example_dags/example_branch_operator.py
[2022-11-06T22:12:32.104-0300] {processor.py:766} INFO - DAG(s) dict_keys(['example_branch_operator']) retrieved from /home/debian/etlhausz/venv/lib/python3.9/site-packages/airflow/example_dags/example_branch_operator.py
[2022-11-06T22:12:32.261-0300] {logging_mixin.py:120} INFO - [2022-11-06T22:12:32.260-0300] {dag.py:2585} INFO - Sync 1 DAGs
[2022-11-06T22:12:32.282-0300] {logging_mixin.py:120} INFO - [2022-11-06T22:12:32.282-0300] {dag.py:3336} INFO - Setting next_dagrun for example_branch_operator to 2022-11-06T00:00:00+00:00, run_after=2022-11-07T00:00:00+00:00
[2022-11-06T22:12:32.324-0300] {processor.py:176} INFO - Processing /home/debian/etlhausz/venv/lib/python3.9/site-packages/airflow/example_dags/example_branch_operator.py took 0.251 seconds
[2022-11-06T22:13:02.715-0300] {processor.py:154} INFO - Started process (PID=18696) to work on /home/debian/etlhausz/venv/lib/python3.9/site-packages/airflow/example_dags/example_branch_operator.py
[2022-11-06T22:13:02.745-0300] {processor.py:756} INFO - Processing file /home/debian/etlhausz/venv/lib/python3.9/site-packages/airflow/example_dags/example_branch_operator.py for tasks to queue
[2022-11-06T22:13:02.746-0300] {logging_mixin.py:120} INFO - [2022-11-06T22:13:02.746-0300] {dagbag.py:537} INFO - Filling up the DagBag from /home/debian/etlhausz/venv/lib/python3.9/site-packages/airflow/example_dags/example_branch_operator.py
[2022-11-06T22:13:02.766-0300] {processor.py:766} INFO - DAG(s) dict_keys(['example_branch_operator']) retrieved from /home/debian/etlhausz/venv/lib/python3.9/site-packages/airflow/example_dags/example_branch_operator.py
[2022-11-06T22:13:03.189-0300] {logging_mixin.py:120} INFO - [2022-11-06T22:13:03.189-0300] {dag.py:2585} INFO - Sync 1 DAGs
[2022-11-06T22:13:03.256-0300] {logging_mixin.py:120} INFO - [2022-11-06T22:13:03.256-0300] {dag.py:3336} INFO - Setting next_dagrun for example_branch_operator to 2022-11-06T00:00:00+00:00, run_after=2022-11-07T00:00:00+00:00
[2022-11-06T22:13:03.335-0300] {processor.py:176} INFO - Processing /home/debian/etlhausz/venv/lib/python3.9/site-packages/airflow/example_dags/example_branch_operator.py took 0.629 seconds
[2022-11-06T22:13:34.269-0300] {processor.py:154} INFO - Started process (PID=19285) to work on /home/debian/etlhausz/venv/lib/python3.9/site-packages/airflow/example_dags/example_branch_operator.py
[2022-11-06T22:13:34.269-0300] {processor.py:756} INFO - Processing file /home/debian/etlhausz/venv/lib/python3.9/site-packages/airflow/example_dags/example_branch_operator.py for tasks to queue
[2022-11-06T22:13:34.270-0300] {logging_mixin.py:120} INFO - [2022-11-06T22:13:34.270-0300] {dagbag.py:537} INFO - Filling up the DagBag from /home/debian/etlhausz/venv/lib/python3.9/site-packages/airflow/example_dags/example_branch_operator.py
[2022-11-06T22:13:34.290-0300] {processor.py:766} INFO - DAG(s) dict_keys(['example_branch_operator']) retrieved from /home/debian/etlhausz/venv/lib/python3.9/site-packages/airflow/example_dags/example_branch_operator.py
[2022-11-06T22:13:34.354-0300] {logging_mixin.py:120} INFO - [2022-11-06T22:13:34.353-0300] {dag.py:2585} INFO - Sync 1 DAGs
[2022-11-06T22:13:34.391-0300] {logging_mixin.py:120} INFO - [2022-11-06T22:13:34.391-0300] {dag.py:3336} INFO - Setting next_dagrun for example_branch_operator to 2022-11-06T00:00:00+00:00, run_after=2022-11-07T00:00:00+00:00
[2022-11-06T22:13:34.504-0300] {processor.py:176} INFO - Processing /home/debian/etlhausz/venv/lib/python3.9/site-packages/airflow/example_dags/example_branch_operator.py took 0.238 seconds
[2022-11-06T22:14:06.188-0300] {processor.py:154} INFO - Started process (PID=19875) to work on /home/debian/etlhausz/venv/lib/python3.9/site-packages/airflow/example_dags/example_branch_operator.py
[2022-11-06T22:14:06.189-0300] {processor.py:756} INFO - Processing file /home/debian/etlhausz/venv/lib/python3.9/site-packages/airflow/example_dags/example_branch_operator.py for tasks to queue
[2022-11-06T22:14:06.191-0300] {logging_mixin.py:120} INFO - [2022-11-06T22:14:06.191-0300] {dagbag.py:537} INFO - Filling up the DagBag from /home/debian/etlhausz/venv/lib/python3.9/site-packages/airflow/example_dags/example_branch_operator.py
[2022-11-06T22:14:06.209-0300] {processor.py:766} INFO - DAG(s) dict_keys(['example_branch_operator']) retrieved from /home/debian/etlhausz/venv/lib/python3.9/site-packages/airflow/example_dags/example_branch_operator.py
[2022-11-06T22:14:06.266-0300] {logging_mixin.py:120} INFO - [2022-11-06T22:14:06.266-0300] {dag.py:2585} INFO - Sync 1 DAGs
[2022-11-06T22:14:06.459-0300] {logging_mixin.py:120} INFO - [2022-11-06T22:14:06.458-0300] {dag.py:3336} INFO - Setting next_dagrun for example_branch_operator to 2022-11-06T00:00:00+00:00, run_after=2022-11-07T00:00:00+00:00
[2022-11-06T22:14:06.479-0300] {processor.py:176} INFO - Processing /home/debian/etlhausz/venv/lib/python3.9/site-packages/airflow/example_dags/example_branch_operator.py took 0.294 seconds
[2022-11-06T22:14:38.942-0300] {processor.py:154} INFO - Started process (PID=20504) to work on /home/debian/etlhausz/venv/lib/python3.9/site-packages/airflow/example_dags/example_branch_operator.py
[2022-11-06T22:14:38.943-0300] {processor.py:756} INFO - Processing file /home/debian/etlhausz/venv/lib/python3.9/site-packages/airflow/example_dags/example_branch_operator.py for tasks to queue
[2022-11-06T22:14:38.944-0300] {logging_mixin.py:120} INFO - [2022-11-06T22:14:38.944-0300] {dagbag.py:537} INFO - Filling up the DagBag from /home/debian/etlhausz/venv/lib/python3.9/site-packages/airflow/example_dags/example_branch_operator.py
[2022-11-06T22:14:38.959-0300] {processor.py:766} INFO - DAG(s) dict_keys(['example_branch_operator']) retrieved from /home/debian/etlhausz/venv/lib/python3.9/site-packages/airflow/example_dags/example_branch_operator.py
[2022-11-06T22:14:39.165-0300] {logging_mixin.py:120} INFO - [2022-11-06T22:14:39.165-0300] {dag.py:2585} INFO - Sync 1 DAGs
[2022-11-06T22:14:39.188-0300] {logging_mixin.py:120} INFO - [2022-11-06T22:14:39.188-0300] {dag.py:3336} INFO - Setting next_dagrun for example_branch_operator to 2022-11-06T00:00:00+00:00, run_after=2022-11-07T00:00:00+00:00
[2022-11-06T22:14:39.209-0300] {processor.py:176} INFO - Processing /home/debian/etlhausz/venv/lib/python3.9/site-packages/airflow/example_dags/example_branch_operator.py took 0.270 seconds
[2022-11-06T22:15:10.310-0300] {processor.py:154} INFO - Started process (PID=21089) to work on /home/debian/etlhausz/venv/lib/python3.9/site-packages/airflow/example_dags/example_branch_operator.py
[2022-11-06T22:15:10.311-0300] {processor.py:756} INFO - Processing file /home/debian/etlhausz/venv/lib/python3.9/site-packages/airflow/example_dags/example_branch_operator.py for tasks to queue
[2022-11-06T22:15:10.312-0300] {logging_mixin.py:120} INFO - [2022-11-06T22:15:10.312-0300] {dagbag.py:537} INFO - Filling up the DagBag from /home/debian/etlhausz/venv/lib/python3.9/site-packages/airflow/example_dags/example_branch_operator.py
[2022-11-06T22:15:10.326-0300] {processor.py:766} INFO - DAG(s) dict_keys(['example_branch_operator']) retrieved from /home/debian/etlhausz/venv/lib/python3.9/site-packages/airflow/example_dags/example_branch_operator.py
[2022-11-06T22:15:10.460-0300] {logging_mixin.py:120} INFO - [2022-11-06T22:15:10.460-0300] {dag.py:2585} INFO - Sync 1 DAGs
[2022-11-06T22:15:10.482-0300] {logging_mixin.py:120} INFO - [2022-11-06T22:15:10.482-0300] {dag.py:3336} INFO - Setting next_dagrun for example_branch_operator to 2022-11-06T00:00:00+00:00, run_after=2022-11-07T00:00:00+00:00
[2022-11-06T22:15:10.498-0300] {processor.py:176} INFO - Processing /home/debian/etlhausz/venv/lib/python3.9/site-packages/airflow/example_dags/example_branch_operator.py took 0.191 seconds
[2022-11-06T22:15:43.295-0300] {processor.py:154} INFO - Started process (PID=21768) to work on /home/debian/etlhausz/venv/lib/python3.9/site-packages/airflow/example_dags/example_branch_operator.py
[2022-11-06T22:15:43.304-0300] {processor.py:756} INFO - Processing file /home/debian/etlhausz/venv/lib/python3.9/site-packages/airflow/example_dags/example_branch_operator.py for tasks to queue
[2022-11-06T22:15:43.309-0300] {logging_mixin.py:120} INFO - [2022-11-06T22:15:43.306-0300] {dagbag.py:537} INFO - Filling up the DagBag from /home/debian/etlhausz/venv/lib/python3.9/site-packages/airflow/example_dags/example_branch_operator.py
[2022-11-06T22:15:43.339-0300] {processor.py:766} INFO - DAG(s) dict_keys(['example_branch_operator']) retrieved from /home/debian/etlhausz/venv/lib/python3.9/site-packages/airflow/example_dags/example_branch_operator.py
[2022-11-06T22:15:43.429-0300] {logging_mixin.py:120} INFO - [2022-11-06T22:15:43.429-0300] {dag.py:2585} INFO - Sync 1 DAGs
[2022-11-06T22:15:43.545-0300] {logging_mixin.py:120} INFO - [2022-11-06T22:15:43.545-0300] {dag.py:3336} INFO - Setting next_dagrun for example_branch_operator to 2022-11-06T00:00:00+00:00, run_after=2022-11-07T00:00:00+00:00
[2022-11-06T22:15:43.561-0300] {processor.py:176} INFO - Processing /home/debian/etlhausz/venv/lib/python3.9/site-packages/airflow/example_dags/example_branch_operator.py took 0.270 seconds
[2022-11-06T22:16:15.516-0300] {processor.py:154} INFO - Started process (PID=22391) to work on /home/debian/etlhausz/venv/lib/python3.9/site-packages/airflow/example_dags/example_branch_operator.py
[2022-11-06T22:16:15.516-0300] {processor.py:756} INFO - Processing file /home/debian/etlhausz/venv/lib/python3.9/site-packages/airflow/example_dags/example_branch_operator.py for tasks to queue
[2022-11-06T22:16:15.517-0300] {logging_mixin.py:120} INFO - [2022-11-06T22:16:15.517-0300] {dagbag.py:537} INFO - Filling up the DagBag from /home/debian/etlhausz/venv/lib/python3.9/site-packages/airflow/example_dags/example_branch_operator.py
[2022-11-06T22:16:15.533-0300] {processor.py:766} INFO - DAG(s) dict_keys(['example_branch_operator']) retrieved from /home/debian/etlhausz/venv/lib/python3.9/site-packages/airflow/example_dags/example_branch_operator.py
[2022-11-06T22:16:15.682-0300] {logging_mixin.py:120} INFO - [2022-11-06T22:16:15.681-0300] {dag.py:2585} INFO - Sync 1 DAGs
[2022-11-06T22:16:15.702-0300] {logging_mixin.py:120} INFO - [2022-11-06T22:16:15.702-0300] {dag.py:3336} INFO - Setting next_dagrun for example_branch_operator to 2022-11-06T00:00:00+00:00, run_after=2022-11-07T00:00:00+00:00
[2022-11-06T22:16:15.725-0300] {processor.py:176} INFO - Processing /home/debian/etlhausz/venv/lib/python3.9/site-packages/airflow/example_dags/example_branch_operator.py took 0.213 seconds
[2022-11-06T22:16:48.879-0300] {processor.py:154} INFO - Started process (PID=23016) to work on /home/debian/etlhausz/venv/lib/python3.9/site-packages/airflow/example_dags/example_branch_operator.py
[2022-11-06T22:16:48.881-0300] {processor.py:756} INFO - Processing file /home/debian/etlhausz/venv/lib/python3.9/site-packages/airflow/example_dags/example_branch_operator.py for tasks to queue
[2022-11-06T22:16:48.882-0300] {logging_mixin.py:120} INFO - [2022-11-06T22:16:48.881-0300] {dagbag.py:537} INFO - Filling up the DagBag from /home/debian/etlhausz/venv/lib/python3.9/site-packages/airflow/example_dags/example_branch_operator.py
[2022-11-06T22:16:48.896-0300] {processor.py:766} INFO - DAG(s) dict_keys(['example_branch_operator']) retrieved from /home/debian/etlhausz/venv/lib/python3.9/site-packages/airflow/example_dags/example_branch_operator.py
[2022-11-06T22:16:49.050-0300] {logging_mixin.py:120} INFO - [2022-11-06T22:16:49.050-0300] {dag.py:2585} INFO - Sync 1 DAGs
[2022-11-06T22:16:49.107-0300] {logging_mixin.py:120} INFO - [2022-11-06T22:16:49.107-0300] {dag.py:3336} INFO - Setting next_dagrun for example_branch_operator to 2022-11-06T00:00:00+00:00, run_after=2022-11-07T00:00:00+00:00
[2022-11-06T22:16:49.160-0300] {processor.py:176} INFO - Processing /home/debian/etlhausz/venv/lib/python3.9/site-packages/airflow/example_dags/example_branch_operator.py took 0.283 seconds
[2022-11-06T22:17:20.228-0300] {processor.py:154} INFO - Started process (PID=23637) to work on /home/debian/etlhausz/venv/lib/python3.9/site-packages/airflow/example_dags/example_branch_operator.py
[2022-11-06T22:17:20.230-0300] {processor.py:756} INFO - Processing file /home/debian/etlhausz/venv/lib/python3.9/site-packages/airflow/example_dags/example_branch_operator.py for tasks to queue
[2022-11-06T22:17:20.231-0300] {logging_mixin.py:120} INFO - [2022-11-06T22:17:20.231-0300] {dagbag.py:537} INFO - Filling up the DagBag from /home/debian/etlhausz/venv/lib/python3.9/site-packages/airflow/example_dags/example_branch_operator.py
[2022-11-06T22:17:20.348-0300] {processor.py:766} INFO - DAG(s) dict_keys(['example_branch_operator']) retrieved from /home/debian/etlhausz/venv/lib/python3.9/site-packages/airflow/example_dags/example_branch_operator.py
[2022-11-06T22:17:20.387-0300] {logging_mixin.py:120} INFO - [2022-11-06T22:17:20.387-0300] {dag.py:2585} INFO - Sync 1 DAGs
[2022-11-06T22:17:20.406-0300] {logging_mixin.py:120} INFO - [2022-11-06T22:17:20.406-0300] {dag.py:3336} INFO - Setting next_dagrun for example_branch_operator to 2022-11-06T00:00:00+00:00, run_after=2022-11-07T00:00:00+00:00
[2022-11-06T22:17:20.428-0300] {processor.py:176} INFO - Processing /home/debian/etlhausz/venv/lib/python3.9/site-packages/airflow/example_dags/example_branch_operator.py took 0.210 seconds
[2022-11-06T22:17:51.681-0300] {processor.py:154} INFO - Started process (PID=24279) to work on /home/debian/etlhausz/venv/lib/python3.9/site-packages/airflow/example_dags/example_branch_operator.py
[2022-11-06T22:17:51.682-0300] {processor.py:756} INFO - Processing file /home/debian/etlhausz/venv/lib/python3.9/site-packages/airflow/example_dags/example_branch_operator.py for tasks to queue
[2022-11-06T22:17:51.683-0300] {logging_mixin.py:120} INFO - [2022-11-06T22:17:51.683-0300] {dagbag.py:537} INFO - Filling up the DagBag from /home/debian/etlhausz/venv/lib/python3.9/site-packages/airflow/example_dags/example_branch_operator.py
[2022-11-06T22:17:51.697-0300] {processor.py:766} INFO - DAG(s) dict_keys(['example_branch_operator']) retrieved from /home/debian/etlhausz/venv/lib/python3.9/site-packages/airflow/example_dags/example_branch_operator.py
[2022-11-06T22:17:51.756-0300] {logging_mixin.py:120} INFO - [2022-11-06T22:17:51.756-0300] {dag.py:2585} INFO - Sync 1 DAGs
[2022-11-06T22:17:51.888-0300] {logging_mixin.py:120} INFO - [2022-11-06T22:17:51.888-0300] {dag.py:3336} INFO - Setting next_dagrun for example_branch_operator to 2022-11-06T00:00:00+00:00, run_after=2022-11-07T00:00:00+00:00
[2022-11-06T22:17:51.928-0300] {processor.py:176} INFO - Processing /home/debian/etlhausz/venv/lib/python3.9/site-packages/airflow/example_dags/example_branch_operator.py took 0.250 seconds
[2022-11-06T22:18:22.970-0300] {processor.py:154} INFO - Started process (PID=24919) to work on /home/debian/etlhausz/venv/lib/python3.9/site-packages/airflow/example_dags/example_branch_operator.py
[2022-11-06T22:18:22.983-0300] {processor.py:756} INFO - Processing file /home/debian/etlhausz/venv/lib/python3.9/site-packages/airflow/example_dags/example_branch_operator.py for tasks to queue
[2022-11-06T22:18:22.987-0300] {logging_mixin.py:120} INFO - [2022-11-06T22:18:22.987-0300] {dagbag.py:537} INFO - Filling up the DagBag from /home/debian/etlhausz/venv/lib/python3.9/site-packages/airflow/example_dags/example_branch_operator.py
[2022-11-06T22:18:23.004-0300] {processor.py:766} INFO - DAG(s) dict_keys(['example_branch_operator']) retrieved from /home/debian/etlhausz/venv/lib/python3.9/site-packages/airflow/example_dags/example_branch_operator.py
[2022-11-06T22:18:23.173-0300] {logging_mixin.py:120} INFO - [2022-11-06T22:18:23.173-0300] {dag.py:2585} INFO - Sync 1 DAGs
[2022-11-06T22:18:23.229-0300] {logging_mixin.py:120} INFO - [2022-11-06T22:18:23.229-0300] {dag.py:3336} INFO - Setting next_dagrun for example_branch_operator to 2022-11-06T00:00:00+00:00, run_after=2022-11-07T00:00:00+00:00
[2022-11-06T22:18:23.276-0300] {processor.py:176} INFO - Processing /home/debian/etlhausz/venv/lib/python3.9/site-packages/airflow/example_dags/example_branch_operator.py took 0.309 seconds
[2022-11-06T22:18:58.482-0300] {processor.py:154} INFO - Started process (PID=25620) to work on /home/debian/etlhausz/venv/lib/python3.9/site-packages/airflow/example_dags/example_branch_operator.py
[2022-11-06T22:18:58.486-0300] {processor.py:756} INFO - Processing file /home/debian/etlhausz/venv/lib/python3.9/site-packages/airflow/example_dags/example_branch_operator.py for tasks to queue
[2022-11-06T22:18:58.495-0300] {logging_mixin.py:120} INFO - [2022-11-06T22:18:58.494-0300] {dagbag.py:537} INFO - Filling up the DagBag from /home/debian/etlhausz/venv/lib/python3.9/site-packages/airflow/example_dags/example_branch_operator.py
[2022-11-06T22:18:58.516-0300] {processor.py:766} INFO - DAG(s) dict_keys(['example_branch_operator']) retrieved from /home/debian/etlhausz/venv/lib/python3.9/site-packages/airflow/example_dags/example_branch_operator.py
[2022-11-06T22:18:59.088-0300] {logging_mixin.py:120} INFO - [2022-11-06T22:18:59.083-0300] {dag.py:2585} INFO - Sync 1 DAGs
[2022-11-06T22:18:59.147-0300] {logging_mixin.py:120} INFO - [2022-11-06T22:18:59.147-0300] {dag.py:3336} INFO - Setting next_dagrun for example_branch_operator to 2022-11-06T00:00:00+00:00, run_after=2022-11-07T00:00:00+00:00
[2022-11-06T22:18:59.243-0300] {processor.py:176} INFO - Processing /home/debian/etlhausz/venv/lib/python3.9/site-packages/airflow/example_dags/example_branch_operator.py took 0.770 seconds
[2022-11-06T22:19:20.918-0300] {processor.py:154} INFO - Started process (PID=26310) to work on /home/debian/etlhausz/venv/lib/python3.9/site-packages/airflow/example_dags/example_branch_operator.py
[2022-11-06T22:19:20.920-0300] {processor.py:756} INFO - Processing file /home/debian/etlhausz/venv/lib/python3.9/site-packages/airflow/example_dags/example_branch_operator.py for tasks to queue
[2022-11-06T22:19:20.922-0300] {logging_mixin.py:120} INFO - [2022-11-06T22:19:20.922-0300] {dagbag.py:537} INFO - Filling up the DagBag from /home/debian/etlhausz/venv/lib/python3.9/site-packages/airflow/example_dags/example_branch_operator.py
[2022-11-06T22:19:20.958-0300] {processor.py:766} INFO - DAG(s) dict_keys(['example_branch_operator']) retrieved from /home/debian/etlhausz/venv/lib/python3.9/site-packages/airflow/example_dags/example_branch_operator.py
[2022-11-06T22:19:21.011-0300] {logging_mixin.py:120} INFO - [2022-11-06T22:19:21.011-0300] {dag.py:2585} INFO - Sync 1 DAGs
[2022-11-06T22:19:21.034-0300] {logging_mixin.py:120} INFO - [2022-11-06T22:19:21.034-0300] {dag.py:3336} INFO - Setting next_dagrun for example_branch_operator to 2022-11-06T00:00:00+00:00, run_after=2022-11-07T00:00:00+00:00
[2022-11-06T22:19:21.110-0300] {processor.py:176} INFO - Processing /home/debian/etlhausz/venv/lib/python3.9/site-packages/airflow/example_dags/example_branch_operator.py took 0.205 seconds
[2022-11-06T22:19:51.717-0300] {processor.py:154} INFO - Started process (PID=26898) to work on /home/debian/etlhausz/venv/lib/python3.9/site-packages/airflow/example_dags/example_branch_operator.py
[2022-11-06T22:19:51.719-0300] {processor.py:756} INFO - Processing file /home/debian/etlhausz/venv/lib/python3.9/site-packages/airflow/example_dags/example_branch_operator.py for tasks to queue
[2022-11-06T22:19:51.719-0300] {logging_mixin.py:120} INFO - [2022-11-06T22:19:51.719-0300] {dagbag.py:537} INFO - Filling up the DagBag from /home/debian/etlhausz/venv/lib/python3.9/site-packages/airflow/example_dags/example_branch_operator.py
[2022-11-06T22:19:51.736-0300] {processor.py:766} INFO - DAG(s) dict_keys(['example_branch_operator']) retrieved from /home/debian/etlhausz/venv/lib/python3.9/site-packages/airflow/example_dags/example_branch_operator.py
[2022-11-06T22:19:51.795-0300] {logging_mixin.py:120} INFO - [2022-11-06T22:19:51.795-0300] {dag.py:2585} INFO - Sync 1 DAGs
[2022-11-06T22:19:51.851-0300] {logging_mixin.py:120} INFO - [2022-11-06T22:19:51.851-0300] {dag.py:3336} INFO - Setting next_dagrun for example_branch_operator to 2022-11-06T00:00:00+00:00, run_after=2022-11-07T00:00:00+00:00
[2022-11-06T22:19:51.891-0300] {processor.py:176} INFO - Processing /home/debian/etlhausz/venv/lib/python3.9/site-packages/airflow/example_dags/example_branch_operator.py took 0.177 seconds
[2022-11-06T22:20:23.155-0300] {processor.py:154} INFO - Started process (PID=27673) to work on /home/debian/etlhausz/venv/lib/python3.9/site-packages/airflow/example_dags/example_branch_operator.py
[2022-11-06T22:20:23.156-0300] {processor.py:756} INFO - Processing file /home/debian/etlhausz/venv/lib/python3.9/site-packages/airflow/example_dags/example_branch_operator.py for tasks to queue
[2022-11-06T22:20:23.157-0300] {logging_mixin.py:120} INFO - [2022-11-06T22:20:23.157-0300] {dagbag.py:537} INFO - Filling up the DagBag from /home/debian/etlhausz/venv/lib/python3.9/site-packages/airflow/example_dags/example_branch_operator.py
[2022-11-06T22:20:23.173-0300] {processor.py:766} INFO - DAG(s) dict_keys(['example_branch_operator']) retrieved from /home/debian/etlhausz/venv/lib/python3.9/site-packages/airflow/example_dags/example_branch_operator.py
[2022-11-06T22:20:23.222-0300] {logging_mixin.py:120} INFO - [2022-11-06T22:20:23.222-0300] {dag.py:2585} INFO - Sync 1 DAGs
[2022-11-06T22:20:23.241-0300] {logging_mixin.py:120} INFO - [2022-11-06T22:20:23.241-0300] {dag.py:3336} INFO - Setting next_dagrun for example_branch_operator to 2022-11-06T00:00:00+00:00, run_after=2022-11-07T00:00:00+00:00
[2022-11-06T22:20:23.260-0300] {processor.py:176} INFO - Processing /home/debian/etlhausz/venv/lib/python3.9/site-packages/airflow/example_dags/example_branch_operator.py took 0.108 seconds
[2022-11-06T22:20:55.368-0300] {processor.py:154} INFO - Started process (PID=28353) to work on /home/debian/etlhausz/venv/lib/python3.9/site-packages/airflow/example_dags/example_branch_operator.py
[2022-11-06T22:20:55.372-0300] {processor.py:756} INFO - Processing file /home/debian/etlhausz/venv/lib/python3.9/site-packages/airflow/example_dags/example_branch_operator.py for tasks to queue
[2022-11-06T22:20:55.377-0300] {logging_mixin.py:120} INFO - [2022-11-06T22:20:55.375-0300] {dagbag.py:537} INFO - Filling up the DagBag from /home/debian/etlhausz/venv/lib/python3.9/site-packages/airflow/example_dags/example_branch_operator.py
[2022-11-06T22:20:55.409-0300] {processor.py:766} INFO - DAG(s) dict_keys(['example_branch_operator']) retrieved from /home/debian/etlhausz/venv/lib/python3.9/site-packages/airflow/example_dags/example_branch_operator.py
[2022-11-06T22:20:55.490-0300] {logging_mixin.py:120} INFO - [2022-11-06T22:20:55.490-0300] {dag.py:2585} INFO - Sync 1 DAGs
[2022-11-06T22:20:55.530-0300] {logging_mixin.py:120} INFO - [2022-11-06T22:20:55.529-0300] {dag.py:3336} INFO - Setting next_dagrun for example_branch_operator to 2022-11-06T00:00:00+00:00, run_after=2022-11-07T00:00:00+00:00
[2022-11-06T22:20:55.581-0300] {processor.py:176} INFO - Processing /home/debian/etlhausz/venv/lib/python3.9/site-packages/airflow/example_dags/example_branch_operator.py took 0.224 seconds
[2022-11-06T22:21:29.207-0300] {processor.py:154} INFO - Started process (PID=28980) to work on /home/debian/etlhausz/venv/lib/python3.9/site-packages/airflow/example_dags/example_branch_operator.py
[2022-11-06T22:21:29.210-0300] {processor.py:756} INFO - Processing file /home/debian/etlhausz/venv/lib/python3.9/site-packages/airflow/example_dags/example_branch_operator.py for tasks to queue
[2022-11-06T22:21:29.211-0300] {logging_mixin.py:120} INFO - [2022-11-06T22:21:29.211-0300] {dagbag.py:537} INFO - Filling up the DagBag from /home/debian/etlhausz/venv/lib/python3.9/site-packages/airflow/example_dags/example_branch_operator.py
[2022-11-06T22:21:29.239-0300] {processor.py:766} INFO - DAG(s) dict_keys(['example_branch_operator']) retrieved from /home/debian/etlhausz/venv/lib/python3.9/site-packages/airflow/example_dags/example_branch_operator.py
[2022-11-06T22:21:29.330-0300] {logging_mixin.py:120} INFO - [2022-11-06T22:21:29.330-0300] {dag.py:2585} INFO - Sync 1 DAGs
[2022-11-06T22:21:29.360-0300] {logging_mixin.py:120} INFO - [2022-11-06T22:21:29.360-0300] {dag.py:3336} INFO - Setting next_dagrun for example_branch_operator to 2022-11-06T00:00:00+00:00, run_after=2022-11-07T00:00:00+00:00
[2022-11-06T22:21:29.384-0300] {processor.py:176} INFO - Processing /home/debian/etlhausz/venv/lib/python3.9/site-packages/airflow/example_dags/example_branch_operator.py took 0.181 seconds
[2022-11-06T22:22:02.437-0300] {processor.py:154} INFO - Started process (PID=29524) to work on /home/debian/etlhausz/venv/lib/python3.9/site-packages/airflow/example_dags/example_branch_operator.py
[2022-11-06T22:22:02.438-0300] {processor.py:756} INFO - Processing file /home/debian/etlhausz/venv/lib/python3.9/site-packages/airflow/example_dags/example_branch_operator.py for tasks to queue
[2022-11-06T22:22:02.440-0300] {logging_mixin.py:120} INFO - [2022-11-06T22:22:02.439-0300] {dagbag.py:537} INFO - Filling up the DagBag from /home/debian/etlhausz/venv/lib/python3.9/site-packages/airflow/example_dags/example_branch_operator.py
[2022-11-06T22:22:02.477-0300] {processor.py:766} INFO - DAG(s) dict_keys(['example_branch_operator']) retrieved from /home/debian/etlhausz/venv/lib/python3.9/site-packages/airflow/example_dags/example_branch_operator.py
[2022-11-06T22:22:02.549-0300] {logging_mixin.py:120} INFO - [2022-11-06T22:22:02.549-0300] {dag.py:2585} INFO - Sync 1 DAGs
[2022-11-06T22:22:02.600-0300] {logging_mixin.py:120} INFO - [2022-11-06T22:22:02.600-0300] {dag.py:3336} INFO - Setting next_dagrun for example_branch_operator to 2022-11-06T00:00:00+00:00, run_after=2022-11-07T00:00:00+00:00
[2022-11-06T22:22:02.646-0300] {processor.py:176} INFO - Processing /home/debian/etlhausz/venv/lib/python3.9/site-packages/airflow/example_dags/example_branch_operator.py took 0.212 seconds
[2022-11-06T22:22:32.746-0300] {processor.py:154} INFO - Started process (PID=30172) to work on /home/debian/etlhausz/venv/lib/python3.9/site-packages/airflow/example_dags/example_branch_operator.py
[2022-11-06T22:22:32.747-0300] {processor.py:756} INFO - Processing file /home/debian/etlhausz/venv/lib/python3.9/site-packages/airflow/example_dags/example_branch_operator.py for tasks to queue
[2022-11-06T22:22:32.748-0300] {logging_mixin.py:120} INFO - [2022-11-06T22:22:32.748-0300] {dagbag.py:537} INFO - Filling up the DagBag from /home/debian/etlhausz/venv/lib/python3.9/site-packages/airflow/example_dags/example_branch_operator.py
[2022-11-06T22:22:32.769-0300] {processor.py:766} INFO - DAG(s) dict_keys(['example_branch_operator']) retrieved from /home/debian/etlhausz/venv/lib/python3.9/site-packages/airflow/example_dags/example_branch_operator.py
[2022-11-06T22:22:32.838-0300] {logging_mixin.py:120} INFO - [2022-11-06T22:22:32.838-0300] {dag.py:2585} INFO - Sync 1 DAGs
[2022-11-06T22:22:32.871-0300] {logging_mixin.py:120} INFO - [2022-11-06T22:22:32.870-0300] {dag.py:3336} INFO - Setting next_dagrun for example_branch_operator to 2022-11-06T00:00:00+00:00, run_after=2022-11-07T00:00:00+00:00
[2022-11-06T22:22:32.912-0300] {processor.py:176} INFO - Processing /home/debian/etlhausz/venv/lib/python3.9/site-packages/airflow/example_dags/example_branch_operator.py took 0.171 seconds
[2022-11-06T22:23:10.342-0300] {processor.py:154} INFO - Started process (PID=31001) to work on /home/debian/etlhausz/venv/lib/python3.9/site-packages/airflow/example_dags/example_branch_operator.py
[2022-11-06T22:23:10.344-0300] {processor.py:756} INFO - Processing file /home/debian/etlhausz/venv/lib/python3.9/site-packages/airflow/example_dags/example_branch_operator.py for tasks to queue
[2022-11-06T22:23:10.345-0300] {logging_mixin.py:120} INFO - [2022-11-06T22:23:10.345-0300] {dagbag.py:537} INFO - Filling up the DagBag from /home/debian/etlhausz/venv/lib/python3.9/site-packages/airflow/example_dags/example_branch_operator.py
[2022-11-06T22:23:10.399-0300] {processor.py:766} INFO - DAG(s) dict_keys(['example_branch_operator']) retrieved from /home/debian/etlhausz/venv/lib/python3.9/site-packages/airflow/example_dags/example_branch_operator.py
[2022-11-06T22:23:10.546-0300] {logging_mixin.py:120} INFO - [2022-11-06T22:23:10.543-0300] {dag.py:2585} INFO - Sync 1 DAGs
[2022-11-06T22:23:10.666-0300] {logging_mixin.py:120} INFO - [2022-11-06T22:23:10.666-0300] {dag.py:3336} INFO - Setting next_dagrun for example_branch_operator to 2022-11-06T00:00:00+00:00, run_after=2022-11-07T00:00:00+00:00
[2022-11-06T22:23:10.853-0300] {processor.py:176} INFO - Processing /home/debian/etlhausz/venv/lib/python3.9/site-packages/airflow/example_dags/example_branch_operator.py took 0.514 seconds
[2022-11-06T22:23:42.012-0300] {processor.py:154} INFO - Started process (PID=31540) to work on /home/debian/etlhausz/venv/lib/python3.9/site-packages/airflow/example_dags/example_branch_operator.py
[2022-11-06T22:23:42.013-0300] {processor.py:756} INFO - Processing file /home/debian/etlhausz/venv/lib/python3.9/site-packages/airflow/example_dags/example_branch_operator.py for tasks to queue
[2022-11-06T22:23:42.014-0300] {logging_mixin.py:120} INFO - [2022-11-06T22:23:42.014-0300] {dagbag.py:537} INFO - Filling up the DagBag from /home/debian/etlhausz/venv/lib/python3.9/site-packages/airflow/example_dags/example_branch_operator.py
[2022-11-06T22:23:42.038-0300] {processor.py:766} INFO - DAG(s) dict_keys(['example_branch_operator']) retrieved from /home/debian/etlhausz/venv/lib/python3.9/site-packages/airflow/example_dags/example_branch_operator.py
[2022-11-06T22:23:42.105-0300] {logging_mixin.py:120} INFO - [2022-11-06T22:23:42.105-0300] {dag.py:2585} INFO - Sync 1 DAGs
[2022-11-06T22:23:42.153-0300] {logging_mixin.py:120} INFO - [2022-11-06T22:23:42.153-0300] {dag.py:3336} INFO - Setting next_dagrun for example_branch_operator to 2022-11-06T00:00:00+00:00, run_after=2022-11-07T00:00:00+00:00
[2022-11-06T22:23:42.188-0300] {processor.py:176} INFO - Processing /home/debian/etlhausz/venv/lib/python3.9/site-packages/airflow/example_dags/example_branch_operator.py took 0.181 seconds
[2022-11-06T22:24:13.907-0300] {processor.py:154} INFO - Started process (PID=32199) to work on /home/debian/etlhausz/venv/lib/python3.9/site-packages/airflow/example_dags/example_branch_operator.py
[2022-11-06T22:24:13.908-0300] {processor.py:756} INFO - Processing file /home/debian/etlhausz/venv/lib/python3.9/site-packages/airflow/example_dags/example_branch_operator.py for tasks to queue
[2022-11-06T22:24:13.909-0300] {logging_mixin.py:120} INFO - [2022-11-06T22:24:13.909-0300] {dagbag.py:537} INFO - Filling up the DagBag from /home/debian/etlhausz/venv/lib/python3.9/site-packages/airflow/example_dags/example_branch_operator.py
[2022-11-06T22:24:13.925-0300] {processor.py:766} INFO - DAG(s) dict_keys(['example_branch_operator']) retrieved from /home/debian/etlhausz/venv/lib/python3.9/site-packages/airflow/example_dags/example_branch_operator.py
[2022-11-06T22:24:13.972-0300] {logging_mixin.py:120} INFO - [2022-11-06T22:24:13.972-0300] {dag.py:2585} INFO - Sync 1 DAGs
[2022-11-06T22:24:13.992-0300] {logging_mixin.py:120} INFO - [2022-11-06T22:24:13.992-0300] {dag.py:3336} INFO - Setting next_dagrun for example_branch_operator to 2022-11-06T00:00:00+00:00, run_after=2022-11-07T00:00:00+00:00
[2022-11-06T22:24:14.011-0300] {processor.py:176} INFO - Processing /home/debian/etlhausz/venv/lib/python3.9/site-packages/airflow/example_dags/example_branch_operator.py took 0.108 seconds
[2022-11-06T22:24:44.284-0300] {processor.py:154} INFO - Started process (PID=32806) to work on /home/debian/etlhausz/venv/lib/python3.9/site-packages/airflow/example_dags/example_branch_operator.py
[2022-11-06T22:24:44.289-0300] {processor.py:756} INFO - Processing file /home/debian/etlhausz/venv/lib/python3.9/site-packages/airflow/example_dags/example_branch_operator.py for tasks to queue
[2022-11-06T22:24:44.291-0300] {logging_mixin.py:120} INFO - [2022-11-06T22:24:44.290-0300] {dagbag.py:537} INFO - Filling up the DagBag from /home/debian/etlhausz/venv/lib/python3.9/site-packages/airflow/example_dags/example_branch_operator.py
[2022-11-06T22:24:44.307-0300] {processor.py:766} INFO - DAG(s) dict_keys(['example_branch_operator']) retrieved from /home/debian/etlhausz/venv/lib/python3.9/site-packages/airflow/example_dags/example_branch_operator.py
[2022-11-06T22:24:44.366-0300] {logging_mixin.py:120} INFO - [2022-11-06T22:24:44.366-0300] {dag.py:2585} INFO - Sync 1 DAGs
[2022-11-06T22:24:44.401-0300] {logging_mixin.py:120} INFO - [2022-11-06T22:24:44.400-0300] {dag.py:3336} INFO - Setting next_dagrun for example_branch_operator to 2022-11-06T00:00:00+00:00, run_after=2022-11-07T00:00:00+00:00
[2022-11-06T22:24:44.484-0300] {processor.py:176} INFO - Processing /home/debian/etlhausz/venv/lib/python3.9/site-packages/airflow/example_dags/example_branch_operator.py took 0.196 seconds
[2022-11-06T22:25:16.257-0300] {processor.py:154} INFO - Started process (PID=33482) to work on /home/debian/etlhausz/venv/lib/python3.9/site-packages/airflow/example_dags/example_branch_operator.py
[2022-11-06T22:25:16.259-0300] {processor.py:756} INFO - Processing file /home/debian/etlhausz/venv/lib/python3.9/site-packages/airflow/example_dags/example_branch_operator.py for tasks to queue
[2022-11-06T22:25:16.260-0300] {logging_mixin.py:120} INFO - [2022-11-06T22:25:16.260-0300] {dagbag.py:537} INFO - Filling up the DagBag from /home/debian/etlhausz/venv/lib/python3.9/site-packages/airflow/example_dags/example_branch_operator.py
[2022-11-06T22:25:16.293-0300] {processor.py:766} INFO - DAG(s) dict_keys(['example_branch_operator']) retrieved from /home/debian/etlhausz/venv/lib/python3.9/site-packages/airflow/example_dags/example_branch_operator.py
[2022-11-06T22:25:16.383-0300] {logging_mixin.py:120} INFO - [2022-11-06T22:25:16.382-0300] {dag.py:2585} INFO - Sync 1 DAGs
[2022-11-06T22:25:16.415-0300] {logging_mixin.py:120} INFO - [2022-11-06T22:25:16.415-0300] {dag.py:3336} INFO - Setting next_dagrun for example_branch_operator to 2022-11-06T00:00:00+00:00, run_after=2022-11-07T00:00:00+00:00
[2022-11-06T22:25:16.525-0300] {processor.py:176} INFO - Processing /home/debian/etlhausz/venv/lib/python3.9/site-packages/airflow/example_dags/example_branch_operator.py took 0.276 seconds
[2022-11-06T22:25:47.180-0300] {processor.py:154} INFO - Started process (PID=34025) to work on /home/debian/etlhausz/venv/lib/python3.9/site-packages/airflow/example_dags/example_branch_operator.py
[2022-11-06T22:25:47.183-0300] {processor.py:756} INFO - Processing file /home/debian/etlhausz/venv/lib/python3.9/site-packages/airflow/example_dags/example_branch_operator.py for tasks to queue
[2022-11-06T22:25:47.184-0300] {logging_mixin.py:120} INFO - [2022-11-06T22:25:47.184-0300] {dagbag.py:537} INFO - Filling up the DagBag from /home/debian/etlhausz/venv/lib/python3.9/site-packages/airflow/example_dags/example_branch_operator.py
[2022-11-06T22:25:47.204-0300] {processor.py:766} INFO - DAG(s) dict_keys(['example_branch_operator']) retrieved from /home/debian/etlhausz/venv/lib/python3.9/site-packages/airflow/example_dags/example_branch_operator.py
[2022-11-06T22:25:47.262-0300] {logging_mixin.py:120} INFO - [2022-11-06T22:25:47.262-0300] {dag.py:2585} INFO - Sync 1 DAGs
[2022-11-06T22:25:47.424-0300] {logging_mixin.py:120} INFO - [2022-11-06T22:25:47.424-0300] {dag.py:3336} INFO - Setting next_dagrun for example_branch_operator to 2022-11-06T00:00:00+00:00, run_after=2022-11-07T00:00:00+00:00
[2022-11-06T22:25:47.465-0300] {processor.py:176} INFO - Processing /home/debian/etlhausz/venv/lib/python3.9/site-packages/airflow/example_dags/example_branch_operator.py took 0.289 seconds
[2022-11-06T22:26:18.741-0300] {processor.py:154} INFO - Started process (PID=34509) to work on /home/debian/etlhausz/venv/lib/python3.9/site-packages/airflow/example_dags/example_branch_operator.py
[2022-11-06T22:26:18.743-0300] {processor.py:756} INFO - Processing file /home/debian/etlhausz/venv/lib/python3.9/site-packages/airflow/example_dags/example_branch_operator.py for tasks to queue
[2022-11-06T22:26:18.744-0300] {logging_mixin.py:120} INFO - [2022-11-06T22:26:18.744-0300] {dagbag.py:537} INFO - Filling up the DagBag from /home/debian/etlhausz/venv/lib/python3.9/site-packages/airflow/example_dags/example_branch_operator.py
[2022-11-06T22:26:18.779-0300] {processor.py:766} INFO - DAG(s) dict_keys(['example_branch_operator']) retrieved from /home/debian/etlhausz/venv/lib/python3.9/site-packages/airflow/example_dags/example_branch_operator.py
[2022-11-06T22:26:18.935-0300] {logging_mixin.py:120} INFO - [2022-11-06T22:26:18.935-0300] {dag.py:2585} INFO - Sync 1 DAGs
[2022-11-06T22:26:19.203-0300] {logging_mixin.py:120} INFO - [2022-11-06T22:26:19.203-0300] {dag.py:3336} INFO - Setting next_dagrun for example_branch_operator to 2022-11-06T00:00:00+00:00, run_after=2022-11-07T00:00:00+00:00
[2022-11-06T22:26:19.230-0300] {processor.py:176} INFO - Processing /home/debian/etlhausz/venv/lib/python3.9/site-packages/airflow/example_dags/example_branch_operator.py took 0.501 seconds
[2022-11-06T22:26:49.856-0300] {processor.py:154} INFO - Started process (PID=35046) to work on /home/debian/etlhausz/venv/lib/python3.9/site-packages/airflow/example_dags/example_branch_operator.py
[2022-11-06T22:26:49.858-0300] {processor.py:756} INFO - Processing file /home/debian/etlhausz/venv/lib/python3.9/site-packages/airflow/example_dags/example_branch_operator.py for tasks to queue
[2022-11-06T22:26:49.859-0300] {logging_mixin.py:120} INFO - [2022-11-06T22:26:49.859-0300] {dagbag.py:537} INFO - Filling up the DagBag from /home/debian/etlhausz/venv/lib/python3.9/site-packages/airflow/example_dags/example_branch_operator.py
[2022-11-06T22:26:49.876-0300] {processor.py:766} INFO - DAG(s) dict_keys(['example_branch_operator']) retrieved from /home/debian/etlhausz/venv/lib/python3.9/site-packages/airflow/example_dags/example_branch_operator.py
[2022-11-06T22:26:50.037-0300] {logging_mixin.py:120} INFO - [2022-11-06T22:26:50.037-0300] {dag.py:2585} INFO - Sync 1 DAGs
[2022-11-06T22:26:50.060-0300] {logging_mixin.py:120} INFO - [2022-11-06T22:26:50.059-0300] {dag.py:3336} INFO - Setting next_dagrun for example_branch_operator to 2022-11-06T00:00:00+00:00, run_after=2022-11-07T00:00:00+00:00
[2022-11-06T22:26:50.081-0300] {processor.py:176} INFO - Processing /home/debian/etlhausz/venv/lib/python3.9/site-packages/airflow/example_dags/example_branch_operator.py took 0.230 seconds
[2022-11-06T22:27:20.198-0300] {processor.py:154} INFO - Started process (PID=35582) to work on /home/debian/etlhausz/venv/lib/python3.9/site-packages/airflow/example_dags/example_branch_operator.py
[2022-11-06T22:27:20.199-0300] {processor.py:756} INFO - Processing file /home/debian/etlhausz/venv/lib/python3.9/site-packages/airflow/example_dags/example_branch_operator.py for tasks to queue
[2022-11-06T22:27:20.200-0300] {logging_mixin.py:120} INFO - [2022-11-06T22:27:20.199-0300] {dagbag.py:537} INFO - Filling up the DagBag from /home/debian/etlhausz/venv/lib/python3.9/site-packages/airflow/example_dags/example_branch_operator.py
[2022-11-06T22:27:20.215-0300] {processor.py:766} INFO - DAG(s) dict_keys(['example_branch_operator']) retrieved from /home/debian/etlhausz/venv/lib/python3.9/site-packages/airflow/example_dags/example_branch_operator.py
[2022-11-06T22:27:20.271-0300] {logging_mixin.py:120} INFO - [2022-11-06T22:27:20.270-0300] {dag.py:2585} INFO - Sync 1 DAGs
[2022-11-06T22:27:20.314-0300] {logging_mixin.py:120} INFO - [2022-11-06T22:27:20.314-0300] {dag.py:3336} INFO - Setting next_dagrun for example_branch_operator to 2022-11-06T00:00:00+00:00, run_after=2022-11-07T00:00:00+00:00
[2022-11-06T22:27:20.339-0300] {processor.py:176} INFO - Processing /home/debian/etlhausz/venv/lib/python3.9/site-packages/airflow/example_dags/example_branch_operator.py took 0.144 seconds
[2022-11-06T22:27:50.780-0300] {processor.py:154} INFO - Started process (PID=36120) to work on /home/debian/etlhausz/venv/lib/python3.9/site-packages/airflow/example_dags/example_branch_operator.py
[2022-11-06T22:27:50.782-0300] {processor.py:756} INFO - Processing file /home/debian/etlhausz/venv/lib/python3.9/site-packages/airflow/example_dags/example_branch_operator.py for tasks to queue
[2022-11-06T22:27:50.782-0300] {logging_mixin.py:120} INFO - [2022-11-06T22:27:50.782-0300] {dagbag.py:537} INFO - Filling up the DagBag from /home/debian/etlhausz/venv/lib/python3.9/site-packages/airflow/example_dags/example_branch_operator.py
[2022-11-06T22:27:50.798-0300] {processor.py:766} INFO - DAG(s) dict_keys(['example_branch_operator']) retrieved from /home/debian/etlhausz/venv/lib/python3.9/site-packages/airflow/example_dags/example_branch_operator.py
[2022-11-06T22:27:50.851-0300] {logging_mixin.py:120} INFO - [2022-11-06T22:27:50.851-0300] {dag.py:2585} INFO - Sync 1 DAGs
[2022-11-06T22:27:50.999-0300] {logging_mixin.py:120} INFO - [2022-11-06T22:27:50.998-0300] {dag.py:3336} INFO - Setting next_dagrun for example_branch_operator to 2022-11-06T00:00:00+00:00, run_after=2022-11-07T00:00:00+00:00
[2022-11-06T22:27:51.036-0300] {processor.py:176} INFO - Processing /home/debian/etlhausz/venv/lib/python3.9/site-packages/airflow/example_dags/example_branch_operator.py took 0.258 seconds
[2022-11-06T22:28:22.682-0300] {processor.py:154} INFO - Started process (PID=36780) to work on /home/debian/etlhausz/venv/lib/python3.9/site-packages/airflow/example_dags/example_branch_operator.py
[2022-11-06T22:28:22.683-0300] {processor.py:756} INFO - Processing file /home/debian/etlhausz/venv/lib/python3.9/site-packages/airflow/example_dags/example_branch_operator.py for tasks to queue
[2022-11-06T22:28:22.683-0300] {logging_mixin.py:120} INFO - [2022-11-06T22:28:22.683-0300] {dagbag.py:537} INFO - Filling up the DagBag from /home/debian/etlhausz/venv/lib/python3.9/site-packages/airflow/example_dags/example_branch_operator.py
[2022-11-06T22:28:22.699-0300] {processor.py:766} INFO - DAG(s) dict_keys(['example_branch_operator']) retrieved from /home/debian/etlhausz/venv/lib/python3.9/site-packages/airflow/example_dags/example_branch_operator.py
[2022-11-06T22:28:22.749-0300] {logging_mixin.py:120} INFO - [2022-11-06T22:28:22.749-0300] {dag.py:2585} INFO - Sync 1 DAGs
[2022-11-06T22:28:22.882-0300] {logging_mixin.py:120} INFO - [2022-11-06T22:28:22.882-0300] {dag.py:3336} INFO - Setting next_dagrun for example_branch_operator to 2022-11-06T00:00:00+00:00, run_after=2022-11-07T00:00:00+00:00
[2022-11-06T22:28:22.920-0300] {processor.py:176} INFO - Processing /home/debian/etlhausz/venv/lib/python3.9/site-packages/airflow/example_dags/example_branch_operator.py took 0.239 seconds
[2022-11-06T22:28:53.487-0300] {processor.py:154} INFO - Started process (PID=37257) to work on /home/debian/etlhausz/venv/lib/python3.9/site-packages/airflow/example_dags/example_branch_operator.py
[2022-11-06T22:28:53.490-0300] {processor.py:756} INFO - Processing file /home/debian/etlhausz/venv/lib/python3.9/site-packages/airflow/example_dags/example_branch_operator.py for tasks to queue
[2022-11-06T22:28:53.491-0300] {logging_mixin.py:120} INFO - [2022-11-06T22:28:53.491-0300] {dagbag.py:537} INFO - Filling up the DagBag from /home/debian/etlhausz/venv/lib/python3.9/site-packages/airflow/example_dags/example_branch_operator.py
[2022-11-06T22:28:53.505-0300] {processor.py:766} INFO - DAG(s) dict_keys(['example_branch_operator']) retrieved from /home/debian/etlhausz/venv/lib/python3.9/site-packages/airflow/example_dags/example_branch_operator.py
[2022-11-06T22:28:53.635-0300] {logging_mixin.py:120} INFO - [2022-11-06T22:28:53.635-0300] {dag.py:2585} INFO - Sync 1 DAGs
[2022-11-06T22:28:53.655-0300] {logging_mixin.py:120} INFO - [2022-11-06T22:28:53.655-0300] {dag.py:3336} INFO - Setting next_dagrun for example_branch_operator to 2022-11-06T00:00:00+00:00, run_after=2022-11-07T00:00:00+00:00
[2022-11-06T22:28:53.693-0300] {processor.py:176} INFO - Processing /home/debian/etlhausz/venv/lib/python3.9/site-packages/airflow/example_dags/example_branch_operator.py took 0.208 seconds
[2022-11-06T22:29:24.008-0300] {processor.py:154} INFO - Started process (PID=37793) to work on /home/debian/etlhausz/venv/lib/python3.9/site-packages/airflow/example_dags/example_branch_operator.py
[2022-11-06T22:29:24.009-0300] {processor.py:756} INFO - Processing file /home/debian/etlhausz/venv/lib/python3.9/site-packages/airflow/example_dags/example_branch_operator.py for tasks to queue
[2022-11-06T22:29:24.010-0300] {logging_mixin.py:120} INFO - [2022-11-06T22:29:24.010-0300] {dagbag.py:537} INFO - Filling up the DagBag from /home/debian/etlhausz/venv/lib/python3.9/site-packages/airflow/example_dags/example_branch_operator.py
[2022-11-06T22:29:24.031-0300] {processor.py:766} INFO - DAG(s) dict_keys(['example_branch_operator']) retrieved from /home/debian/etlhausz/venv/lib/python3.9/site-packages/airflow/example_dags/example_branch_operator.py
[2022-11-06T22:29:24.100-0300] {logging_mixin.py:120} INFO - [2022-11-06T22:29:24.100-0300] {dag.py:2585} INFO - Sync 1 DAGs
[2022-11-06T22:29:24.124-0300] {logging_mixin.py:120} INFO - [2022-11-06T22:29:24.123-0300] {dag.py:3336} INFO - Setting next_dagrun for example_branch_operator to 2022-11-06T00:00:00+00:00, run_after=2022-11-07T00:00:00+00:00
[2022-11-06T22:29:24.285-0300] {processor.py:176} INFO - Processing /home/debian/etlhausz/venv/lib/python3.9/site-packages/airflow/example_dags/example_branch_operator.py took 0.285 seconds
[2022-11-06T22:29:54.694-0300] {processor.py:154} INFO - Started process (PID=38281) to work on /home/debian/etlhausz/venv/lib/python3.9/site-packages/airflow/example_dags/example_branch_operator.py
[2022-11-06T22:29:54.695-0300] {processor.py:756} INFO - Processing file /home/debian/etlhausz/venv/lib/python3.9/site-packages/airflow/example_dags/example_branch_operator.py for tasks to queue
[2022-11-06T22:29:54.695-0300] {logging_mixin.py:120} INFO - [2022-11-06T22:29:54.695-0300] {dagbag.py:537} INFO - Filling up the DagBag from /home/debian/etlhausz/venv/lib/python3.9/site-packages/airflow/example_dags/example_branch_operator.py
[2022-11-06T22:29:54.715-0300] {processor.py:766} INFO - DAG(s) dict_keys(['example_branch_operator']) retrieved from /home/debian/etlhausz/venv/lib/python3.9/site-packages/airflow/example_dags/example_branch_operator.py
[2022-11-06T22:29:54.788-0300] {logging_mixin.py:120} INFO - [2022-11-06T22:29:54.788-0300] {dag.py:2585} INFO - Sync 1 DAGs
[2022-11-06T22:29:54.904-0300] {logging_mixin.py:120} INFO - [2022-11-06T22:29:54.904-0300] {dag.py:3336} INFO - Setting next_dagrun for example_branch_operator to 2022-11-06T00:00:00+00:00, run_after=2022-11-07T00:00:00+00:00
[2022-11-06T22:29:54.918-0300] {processor.py:176} INFO - Processing /home/debian/etlhausz/venv/lib/python3.9/site-packages/airflow/example_dags/example_branch_operator.py took 0.227 seconds
[2022-11-06T22:30:25.789-0300] {processor.py:154} INFO - Started process (PID=38934) to work on /home/debian/etlhausz/venv/lib/python3.9/site-packages/airflow/example_dags/example_branch_operator.py
[2022-11-06T22:30:25.790-0300] {processor.py:756} INFO - Processing file /home/debian/etlhausz/venv/lib/python3.9/site-packages/airflow/example_dags/example_branch_operator.py for tasks to queue
[2022-11-06T22:30:25.791-0300] {logging_mixin.py:120} INFO - [2022-11-06T22:30:25.790-0300] {dagbag.py:537} INFO - Filling up the DagBag from /home/debian/etlhausz/venv/lib/python3.9/site-packages/airflow/example_dags/example_branch_operator.py
[2022-11-06T22:30:25.813-0300] {processor.py:766} INFO - DAG(s) dict_keys(['example_branch_operator']) retrieved from /home/debian/etlhausz/venv/lib/python3.9/site-packages/airflow/example_dags/example_branch_operator.py
[2022-11-06T22:30:25.958-0300] {logging_mixin.py:120} INFO - [2022-11-06T22:30:25.958-0300] {dag.py:2585} INFO - Sync 1 DAGs
[2022-11-06T22:30:25.976-0300] {logging_mixin.py:120} INFO - [2022-11-06T22:30:25.976-0300] {dag.py:3336} INFO - Setting next_dagrun for example_branch_operator to 2022-11-06T00:00:00+00:00, run_after=2022-11-07T00:00:00+00:00
[2022-11-06T22:30:25.996-0300] {processor.py:176} INFO - Processing /home/debian/etlhausz/venv/lib/python3.9/site-packages/airflow/example_dags/example_branch_operator.py took 0.211 seconds
[2022-11-06T22:30:56.589-0300] {processor.py:154} INFO - Started process (PID=39468) to work on /home/debian/etlhausz/venv/lib/python3.9/site-packages/airflow/example_dags/example_branch_operator.py
[2022-11-06T22:30:56.595-0300] {processor.py:756} INFO - Processing file /home/debian/etlhausz/venv/lib/python3.9/site-packages/airflow/example_dags/example_branch_operator.py for tasks to queue
[2022-11-06T22:30:56.596-0300] {logging_mixin.py:120} INFO - [2022-11-06T22:30:56.595-0300] {dagbag.py:537} INFO - Filling up the DagBag from /home/debian/etlhausz/venv/lib/python3.9/site-packages/airflow/example_dags/example_branch_operator.py
[2022-11-06T22:30:56.626-0300] {processor.py:766} INFO - DAG(s) dict_keys(['example_branch_operator']) retrieved from /home/debian/etlhausz/venv/lib/python3.9/site-packages/airflow/example_dags/example_branch_operator.py
[2022-11-06T22:30:56.837-0300] {logging_mixin.py:120} INFO - [2022-11-06T22:30:56.837-0300] {dag.py:2585} INFO - Sync 1 DAGs
[2022-11-06T22:30:56.981-0300] {logging_mixin.py:120} INFO - [2022-11-06T22:30:56.980-0300] {dag.py:3336} INFO - Setting next_dagrun for example_branch_operator to 2022-11-06T00:00:00+00:00, run_after=2022-11-07T00:00:00+00:00
[2022-11-06T22:30:57.019-0300] {processor.py:176} INFO - Processing /home/debian/etlhausz/venv/lib/python3.9/site-packages/airflow/example_dags/example_branch_operator.py took 0.435 seconds
[2022-11-06T22:31:27.274-0300] {processor.py:154} INFO - Started process (PID=40007) to work on /home/debian/etlhausz/venv/lib/python3.9/site-packages/airflow/example_dags/example_branch_operator.py
[2022-11-06T22:31:27.275-0300] {processor.py:756} INFO - Processing file /home/debian/etlhausz/venv/lib/python3.9/site-packages/airflow/example_dags/example_branch_operator.py for tasks to queue
[2022-11-06T22:31:27.276-0300] {logging_mixin.py:120} INFO - [2022-11-06T22:31:27.275-0300] {dagbag.py:537} INFO - Filling up the DagBag from /home/debian/etlhausz/venv/lib/python3.9/site-packages/airflow/example_dags/example_branch_operator.py
[2022-11-06T22:31:27.299-0300] {processor.py:766} INFO - DAG(s) dict_keys(['example_branch_operator']) retrieved from /home/debian/etlhausz/venv/lib/python3.9/site-packages/airflow/example_dags/example_branch_operator.py
[2022-11-06T22:31:27.338-0300] {logging_mixin.py:120} INFO - [2022-11-06T22:31:27.337-0300] {dag.py:2585} INFO - Sync 1 DAGs
[2022-11-06T22:31:27.363-0300] {logging_mixin.py:120} INFO - [2022-11-06T22:31:27.363-0300] {dag.py:3336} INFO - Setting next_dagrun for example_branch_operator to 2022-11-06T00:00:00+00:00, run_after=2022-11-07T00:00:00+00:00
[2022-11-06T22:31:27.483-0300] {processor.py:176} INFO - Processing /home/debian/etlhausz/venv/lib/python3.9/site-packages/airflow/example_dags/example_branch_operator.py took 0.212 seconds
