[2022-11-06T21:00:01.387-0300] {processor.py:154} INFO - Started process (PID=60900) to work on /home/debian/etlhausz/venv/lib/python3.9/site-packages/airflow/example_dags/example_branch_python_dop_operator_3.py
[2022-11-06T21:00:01.387-0300] {processor.py:756} INFO - Processing file /home/debian/etlhausz/venv/lib/python3.9/site-packages/airflow/example_dags/example_branch_python_dop_operator_3.py for tasks to queue
[2022-11-06T21:00:01.388-0300] {logging_mixin.py:120} INFO - [2022-11-06T21:00:01.388-0300] {dagbag.py:537} INFO - Filling up the DagBag from /home/debian/etlhausz/venv/lib/python3.9/site-packages/airflow/example_dags/example_branch_python_dop_operator_3.py
[2022-11-06T21:00:01.537-0300] {processor.py:766} INFO - DAG(s) dict_keys(['example_branch_dop_operator_v3']) retrieved from /home/debian/etlhausz/venv/lib/python3.9/site-packages/airflow/example_dags/example_branch_python_dop_operator_3.py
[2022-11-06T21:00:01.666-0300] {logging_mixin.py:120} INFO - [2022-11-06T21:00:01.663-0300] {dag.py:2585} INFO - Sync 1 DAGs
[2022-11-06T21:00:01.800-0300] {logging_mixin.py:120} INFO - [2022-11-06T21:00:01.800-0300] {dag.py:3336} INFO - Setting next_dagrun for example_branch_dop_operator_v3 to 2022-11-06T23:59:00+00:00, run_after=2022-11-07T00:00:00+00:00
[2022-11-06T21:00:01.906-0300] {processor.py:176} INFO - Processing /home/debian/etlhausz/venv/lib/python3.9/site-packages/airflow/example_dags/example_branch_python_dop_operator_3.py took 0.523 seconds
[2022-11-06T21:00:32.556-0300] {processor.py:154} INFO - Started process (PID=61447) to work on /home/debian/etlhausz/venv/lib/python3.9/site-packages/airflow/example_dags/example_branch_python_dop_operator_3.py
[2022-11-06T21:00:32.557-0300] {processor.py:756} INFO - Processing file /home/debian/etlhausz/venv/lib/python3.9/site-packages/airflow/example_dags/example_branch_python_dop_operator_3.py for tasks to queue
[2022-11-06T21:00:32.558-0300] {logging_mixin.py:120} INFO - [2022-11-06T21:00:32.558-0300] {dagbag.py:537} INFO - Filling up the DagBag from /home/debian/etlhausz/venv/lib/python3.9/site-packages/airflow/example_dags/example_branch_python_dop_operator_3.py
[2022-11-06T21:00:32.583-0300] {processor.py:766} INFO - DAG(s) dict_keys(['example_branch_dop_operator_v3']) retrieved from /home/debian/etlhausz/venv/lib/python3.9/site-packages/airflow/example_dags/example_branch_python_dop_operator_3.py
[2022-11-06T21:00:32.705-0300] {logging_mixin.py:120} INFO - [2022-11-06T21:00:32.705-0300] {dag.py:2585} INFO - Sync 1 DAGs
[2022-11-06T21:00:32.820-0300] {logging_mixin.py:120} INFO - [2022-11-06T21:00:32.820-0300] {dag.py:3336} INFO - Setting next_dagrun for example_branch_dop_operator_v3 to 2022-11-06T23:59:00+00:00, run_after=2022-11-07T00:00:00+00:00
[2022-11-06T21:00:32.842-0300] {processor.py:176} INFO - Processing /home/debian/etlhausz/venv/lib/python3.9/site-packages/airflow/example_dags/example_branch_python_dop_operator_3.py took 0.289 seconds
[2022-11-06T21:01:03.245-0300] {processor.py:154} INFO - Started process (PID=62041) to work on /home/debian/etlhausz/venv/lib/python3.9/site-packages/airflow/example_dags/example_branch_python_dop_operator_3.py
[2022-11-06T21:01:03.248-0300] {processor.py:756} INFO - Processing file /home/debian/etlhausz/venv/lib/python3.9/site-packages/airflow/example_dags/example_branch_python_dop_operator_3.py for tasks to queue
[2022-11-06T21:01:03.251-0300] {logging_mixin.py:120} INFO - [2022-11-06T21:01:03.250-0300] {dagbag.py:537} INFO - Filling up the DagBag from /home/debian/etlhausz/venv/lib/python3.9/site-packages/airflow/example_dags/example_branch_python_dop_operator_3.py
[2022-11-06T21:01:03.333-0300] {processor.py:766} INFO - DAG(s) dict_keys(['example_branch_dop_operator_v3']) retrieved from /home/debian/etlhausz/venv/lib/python3.9/site-packages/airflow/example_dags/example_branch_python_dop_operator_3.py
[2022-11-06T21:01:03.479-0300] {logging_mixin.py:120} INFO - [2022-11-06T21:01:03.479-0300] {dag.py:2585} INFO - Sync 1 DAGs
[2022-11-06T21:01:03.500-0300] {logging_mixin.py:120} INFO - [2022-11-06T21:01:03.499-0300] {dag.py:3336} INFO - Setting next_dagrun for example_branch_dop_operator_v3 to 2022-11-07T00:00:00+00:00, run_after=2022-11-07T00:01:00+00:00
[2022-11-06T21:01:03.539-0300] {processor.py:176} INFO - Processing /home/debian/etlhausz/venv/lib/python3.9/site-packages/airflow/example_dags/example_branch_python_dop_operator_3.py took 0.311 seconds
[2022-11-06T21:01:34.290-0300] {processor.py:154} INFO - Started process (PID=62630) to work on /home/debian/etlhausz/venv/lib/python3.9/site-packages/airflow/example_dags/example_branch_python_dop_operator_3.py
[2022-11-06T21:01:34.293-0300] {processor.py:756} INFO - Processing file /home/debian/etlhausz/venv/lib/python3.9/site-packages/airflow/example_dags/example_branch_python_dop_operator_3.py for tasks to queue
[2022-11-06T21:01:34.294-0300] {logging_mixin.py:120} INFO - [2022-11-06T21:01:34.294-0300] {dagbag.py:537} INFO - Filling up the DagBag from /home/debian/etlhausz/venv/lib/python3.9/site-packages/airflow/example_dags/example_branch_python_dop_operator_3.py
[2022-11-06T21:01:34.317-0300] {processor.py:766} INFO - DAG(s) dict_keys(['example_branch_dop_operator_v3']) retrieved from /home/debian/etlhausz/venv/lib/python3.9/site-packages/airflow/example_dags/example_branch_python_dop_operator_3.py
[2022-11-06T21:01:34.467-0300] {logging_mixin.py:120} INFO - [2022-11-06T21:01:34.467-0300] {dag.py:2585} INFO - Sync 1 DAGs
[2022-11-06T21:01:34.489-0300] {logging_mixin.py:120} INFO - [2022-11-06T21:01:34.489-0300] {dag.py:3336} INFO - Setting next_dagrun for example_branch_dop_operator_v3 to 2022-11-07T00:00:00+00:00, run_after=2022-11-07T00:01:00+00:00
[2022-11-06T21:01:34.516-0300] {processor.py:176} INFO - Processing /home/debian/etlhausz/venv/lib/python3.9/site-packages/airflow/example_dags/example_branch_python_dop_operator_3.py took 0.229 seconds
[2022-11-06T21:02:05.044-0300] {processor.py:154} INFO - Started process (PID=63174) to work on /home/debian/etlhausz/venv/lib/python3.9/site-packages/airflow/example_dags/example_branch_python_dop_operator_3.py
[2022-11-06T21:02:05.046-0300] {processor.py:756} INFO - Processing file /home/debian/etlhausz/venv/lib/python3.9/site-packages/airflow/example_dags/example_branch_python_dop_operator_3.py for tasks to queue
[2022-11-06T21:02:05.047-0300] {logging_mixin.py:120} INFO - [2022-11-06T21:02:05.047-0300] {dagbag.py:537} INFO - Filling up the DagBag from /home/debian/etlhausz/venv/lib/python3.9/site-packages/airflow/example_dags/example_branch_python_dop_operator_3.py
[2022-11-06T21:02:05.161-0300] {processor.py:766} INFO - DAG(s) dict_keys(['example_branch_dop_operator_v3']) retrieved from /home/debian/etlhausz/venv/lib/python3.9/site-packages/airflow/example_dags/example_branch_python_dop_operator_3.py
[2022-11-06T21:02:05.191-0300] {logging_mixin.py:120} INFO - [2022-11-06T21:02:05.191-0300] {dag.py:2585} INFO - Sync 1 DAGs
[2022-11-06T21:02:05.208-0300] {logging_mixin.py:120} INFO - [2022-11-06T21:02:05.208-0300] {dag.py:3336} INFO - Setting next_dagrun for example_branch_dop_operator_v3 to 2022-11-07T00:01:00+00:00, run_after=2022-11-07T00:02:00+00:00
[2022-11-06T21:02:05.227-0300] {processor.py:176} INFO - Processing /home/debian/etlhausz/venv/lib/python3.9/site-packages/airflow/example_dags/example_branch_python_dop_operator_3.py took 0.186 seconds
[2022-11-06T21:02:36.557-0300] {processor.py:154} INFO - Started process (PID=63739) to work on /home/debian/etlhausz/venv/lib/python3.9/site-packages/airflow/example_dags/example_branch_python_dop_operator_3.py
[2022-11-06T21:02:36.559-0300] {processor.py:756} INFO - Processing file /home/debian/etlhausz/venv/lib/python3.9/site-packages/airflow/example_dags/example_branch_python_dop_operator_3.py for tasks to queue
[2022-11-06T21:02:36.560-0300] {logging_mixin.py:120} INFO - [2022-11-06T21:02:36.559-0300] {dagbag.py:537} INFO - Filling up the DagBag from /home/debian/etlhausz/venv/lib/python3.9/site-packages/airflow/example_dags/example_branch_python_dop_operator_3.py
[2022-11-06T21:02:36.592-0300] {processor.py:766} INFO - DAG(s) dict_keys(['example_branch_dop_operator_v3']) retrieved from /home/debian/etlhausz/venv/lib/python3.9/site-packages/airflow/example_dags/example_branch_python_dop_operator_3.py
[2022-11-06T21:02:36.637-0300] {logging_mixin.py:120} INFO - [2022-11-06T21:02:36.637-0300] {dag.py:2585} INFO - Sync 1 DAGs
[2022-11-06T21:02:36.798-0300] {logging_mixin.py:120} INFO - [2022-11-06T21:02:36.798-0300] {dag.py:3336} INFO - Setting next_dagrun for example_branch_dop_operator_v3 to 2022-11-07T00:01:00+00:00, run_after=2022-11-07T00:02:00+00:00
[2022-11-06T21:02:36.843-0300] {processor.py:176} INFO - Processing /home/debian/etlhausz/venv/lib/python3.9/site-packages/airflow/example_dags/example_branch_python_dop_operator_3.py took 0.288 seconds
[2022-11-06T21:03:07.970-0300] {processor.py:154} INFO - Started process (PID=64312) to work on /home/debian/etlhausz/venv/lib/python3.9/site-packages/airflow/example_dags/example_branch_python_dop_operator_3.py
[2022-11-06T21:03:07.971-0300] {processor.py:756} INFO - Processing file /home/debian/etlhausz/venv/lib/python3.9/site-packages/airflow/example_dags/example_branch_python_dop_operator_3.py for tasks to queue
[2022-11-06T21:03:07.972-0300] {logging_mixin.py:120} INFO - [2022-11-06T21:03:07.972-0300] {dagbag.py:537} INFO - Filling up the DagBag from /home/debian/etlhausz/venv/lib/python3.9/site-packages/airflow/example_dags/example_branch_python_dop_operator_3.py
[2022-11-06T21:03:07.991-0300] {processor.py:766} INFO - DAG(s) dict_keys(['example_branch_dop_operator_v3']) retrieved from /home/debian/etlhausz/venv/lib/python3.9/site-packages/airflow/example_dags/example_branch_python_dop_operator_3.py
[2022-11-06T21:03:08.137-0300] {logging_mixin.py:120} INFO - [2022-11-06T21:03:08.137-0300] {dag.py:2585} INFO - Sync 1 DAGs
[2022-11-06T21:03:08.156-0300] {logging_mixin.py:120} INFO - [2022-11-06T21:03:08.156-0300] {dag.py:3336} INFO - Setting next_dagrun for example_branch_dop_operator_v3 to 2022-11-07T00:02:00+00:00, run_after=2022-11-07T00:03:00+00:00
[2022-11-06T21:03:08.169-0300] {processor.py:176} INFO - Processing /home/debian/etlhausz/venv/lib/python3.9/site-packages/airflow/example_dags/example_branch_python_dop_operator_3.py took 0.202 seconds
[2022-11-06T21:03:38.347-0300] {processor.py:154} INFO - Started process (PID=64917) to work on /home/debian/etlhausz/venv/lib/python3.9/site-packages/airflow/example_dags/example_branch_python_dop_operator_3.py
[2022-11-06T21:03:38.349-0300] {processor.py:756} INFO - Processing file /home/debian/etlhausz/venv/lib/python3.9/site-packages/airflow/example_dags/example_branch_python_dop_operator_3.py for tasks to queue
[2022-11-06T21:03:38.350-0300] {logging_mixin.py:120} INFO - [2022-11-06T21:03:38.350-0300] {dagbag.py:537} INFO - Filling up the DagBag from /home/debian/etlhausz/venv/lib/python3.9/site-packages/airflow/example_dags/example_branch_python_dop_operator_3.py
[2022-11-06T21:03:38.376-0300] {processor.py:766} INFO - DAG(s) dict_keys(['example_branch_dop_operator_v3']) retrieved from /home/debian/etlhausz/venv/lib/python3.9/site-packages/airflow/example_dags/example_branch_python_dop_operator_3.py
[2022-11-06T21:03:38.574-0300] {logging_mixin.py:120} INFO - [2022-11-06T21:03:38.574-0300] {dag.py:2585} INFO - Sync 1 DAGs
[2022-11-06T21:03:38.676-0300] {logging_mixin.py:120} INFO - [2022-11-06T21:03:38.676-0300] {dag.py:3336} INFO - Setting next_dagrun for example_branch_dop_operator_v3 to 2022-11-07T00:02:00+00:00, run_after=2022-11-07T00:03:00+00:00
[2022-11-06T21:03:38.717-0300] {processor.py:176} INFO - Processing /home/debian/etlhausz/venv/lib/python3.9/site-packages/airflow/example_dags/example_branch_python_dop_operator_3.py took 0.372 seconds
[2022-11-06T21:04:10.480-0300] {processor.py:154} INFO - Started process (PID=65545) to work on /home/debian/etlhausz/venv/lib/python3.9/site-packages/airflow/example_dags/example_branch_python_dop_operator_3.py
[2022-11-06T21:04:10.484-0300] {processor.py:756} INFO - Processing file /home/debian/etlhausz/venv/lib/python3.9/site-packages/airflow/example_dags/example_branch_python_dop_operator_3.py for tasks to queue
[2022-11-06T21:04:10.486-0300] {logging_mixin.py:120} INFO - [2022-11-06T21:04:10.486-0300] {dagbag.py:537} INFO - Filling up the DagBag from /home/debian/etlhausz/venv/lib/python3.9/site-packages/airflow/example_dags/example_branch_python_dop_operator_3.py
[2022-11-06T21:04:10.912-0300] {processor.py:766} INFO - DAG(s) dict_keys(['example_branch_dop_operator_v3']) retrieved from /home/debian/etlhausz/venv/lib/python3.9/site-packages/airflow/example_dags/example_branch_python_dop_operator_3.py
[2022-11-06T21:04:10.996-0300] {logging_mixin.py:120} INFO - [2022-11-06T21:04:10.995-0300] {dag.py:2585} INFO - Sync 1 DAGs
[2022-11-06T21:04:11.030-0300] {logging_mixin.py:120} INFO - [2022-11-06T21:04:11.030-0300] {dag.py:3336} INFO - Setting next_dagrun for example_branch_dop_operator_v3 to 2022-11-07T00:03:00+00:00, run_after=2022-11-07T00:04:00+00:00
[2022-11-06T21:04:11.061-0300] {processor.py:176} INFO - Processing /home/debian/etlhausz/venv/lib/python3.9/site-packages/airflow/example_dags/example_branch_python_dop_operator_3.py took 0.590 seconds
[2022-11-06T22:01:37.465-0300] {processor.py:154} INFO - Started process (PID=5133) to work on /home/debian/etlhausz/venv/lib/python3.9/site-packages/airflow/example_dags/example_branch_python_dop_operator_3.py
[2022-11-06T22:01:37.467-0300] {processor.py:756} INFO - Processing file /home/debian/etlhausz/venv/lib/python3.9/site-packages/airflow/example_dags/example_branch_python_dop_operator_3.py for tasks to queue
[2022-11-06T22:01:37.468-0300] {logging_mixin.py:120} INFO - [2022-11-06T22:01:37.468-0300] {dagbag.py:537} INFO - Filling up the DagBag from /home/debian/etlhausz/venv/lib/python3.9/site-packages/airflow/example_dags/example_branch_python_dop_operator_3.py
[2022-11-06T22:01:37.503-0300] {processor.py:766} INFO - DAG(s) dict_keys(['example_branch_dop_operator_v3']) retrieved from /home/debian/etlhausz/venv/lib/python3.9/site-packages/airflow/example_dags/example_branch_python_dop_operator_3.py
[2022-11-06T22:01:37.569-0300] {logging_mixin.py:120} INFO - [2022-11-06T22:01:37.569-0300] {dag.py:2585} INFO - Sync 1 DAGs
[2022-11-06T22:01:37.611-0300] {logging_mixin.py:120} INFO - [2022-11-06T22:01:37.610-0300] {dag.py:3336} INFO - Setting next_dagrun for example_branch_dop_operator_v3 to 2022-11-07T01:00:00+00:00, run_after=2022-11-07T01:01:00+00:00
[2022-11-06T22:01:37.649-0300] {processor.py:176} INFO - Processing /home/debian/etlhausz/venv/lib/python3.9/site-packages/airflow/example_dags/example_branch_python_dop_operator_3.py took 0.190 seconds
[2022-11-06T22:02:09.342-0300] {processor.py:154} INFO - Started process (PID=5783) to work on /home/debian/etlhausz/venv/lib/python3.9/site-packages/airflow/example_dags/example_branch_python_dop_operator_3.py
[2022-11-06T22:02:09.343-0300] {processor.py:756} INFO - Processing file /home/debian/etlhausz/venv/lib/python3.9/site-packages/airflow/example_dags/example_branch_python_dop_operator_3.py for tasks to queue
[2022-11-06T22:02:09.344-0300] {logging_mixin.py:120} INFO - [2022-11-06T22:02:09.344-0300] {dagbag.py:537} INFO - Filling up the DagBag from /home/debian/etlhausz/venv/lib/python3.9/site-packages/airflow/example_dags/example_branch_python_dop_operator_3.py
[2022-11-06T22:02:09.405-0300] {processor.py:766} INFO - DAG(s) dict_keys(['example_branch_dop_operator_v3']) retrieved from /home/debian/etlhausz/venv/lib/python3.9/site-packages/airflow/example_dags/example_branch_python_dop_operator_3.py
[2022-11-06T22:02:09.541-0300] {logging_mixin.py:120} INFO - [2022-11-06T22:02:09.541-0300] {dag.py:2585} INFO - Sync 1 DAGs
[2022-11-06T22:02:09.637-0300] {logging_mixin.py:120} INFO - [2022-11-06T22:02:09.637-0300] {dag.py:3336} INFO - Setting next_dagrun for example_branch_dop_operator_v3 to 2022-11-07T01:01:00+00:00, run_after=2022-11-07T01:02:00+00:00
[2022-11-06T22:02:09.705-0300] {processor.py:176} INFO - Processing /home/debian/etlhausz/venv/lib/python3.9/site-packages/airflow/example_dags/example_branch_python_dop_operator_3.py took 0.367 seconds
[2022-11-06T22:02:41.694-0300] {processor.py:154} INFO - Started process (PID=6443) to work on /home/debian/etlhausz/venv/lib/python3.9/site-packages/airflow/example_dags/example_branch_python_dop_operator_3.py
[2022-11-06T22:02:41.697-0300] {processor.py:756} INFO - Processing file /home/debian/etlhausz/venv/lib/python3.9/site-packages/airflow/example_dags/example_branch_python_dop_operator_3.py for tasks to queue
[2022-11-06T22:02:41.698-0300] {logging_mixin.py:120} INFO - [2022-11-06T22:02:41.698-0300] {dagbag.py:537} INFO - Filling up the DagBag from /home/debian/etlhausz/venv/lib/python3.9/site-packages/airflow/example_dags/example_branch_python_dop_operator_3.py
[2022-11-06T22:02:41.716-0300] {processor.py:766} INFO - DAG(s) dict_keys(['example_branch_dop_operator_v3']) retrieved from /home/debian/etlhausz/venv/lib/python3.9/site-packages/airflow/example_dags/example_branch_python_dop_operator_3.py
[2022-11-06T22:02:41.768-0300] {logging_mixin.py:120} INFO - [2022-11-06T22:02:41.768-0300] {dag.py:2585} INFO - Sync 1 DAGs
[2022-11-06T22:02:41.800-0300] {logging_mixin.py:120} INFO - [2022-11-06T22:02:41.800-0300] {dag.py:3336} INFO - Setting next_dagrun for example_branch_dop_operator_v3 to 2022-11-07T01:01:00+00:00, run_after=2022-11-07T01:02:00+00:00
[2022-11-06T22:02:41.821-0300] {processor.py:176} INFO - Processing /home/debian/etlhausz/venv/lib/python3.9/site-packages/airflow/example_dags/example_branch_python_dop_operator_3.py took 0.141 seconds
[2022-11-06T22:03:14.224-0300] {processor.py:154} INFO - Started process (PID=7019) to work on /home/debian/etlhausz/venv/lib/python3.9/site-packages/airflow/example_dags/example_branch_python_dop_operator_3.py
[2022-11-06T22:03:14.225-0300] {processor.py:756} INFO - Processing file /home/debian/etlhausz/venv/lib/python3.9/site-packages/airflow/example_dags/example_branch_python_dop_operator_3.py for tasks to queue
[2022-11-06T22:03:14.226-0300] {logging_mixin.py:120} INFO - [2022-11-06T22:03:14.225-0300] {dagbag.py:537} INFO - Filling up the DagBag from /home/debian/etlhausz/venv/lib/python3.9/site-packages/airflow/example_dags/example_branch_python_dop_operator_3.py
[2022-11-06T22:03:14.245-0300] {processor.py:766} INFO - DAG(s) dict_keys(['example_branch_dop_operator_v3']) retrieved from /home/debian/etlhausz/venv/lib/python3.9/site-packages/airflow/example_dags/example_branch_python_dop_operator_3.py
[2022-11-06T22:03:14.290-0300] {logging_mixin.py:120} INFO - [2022-11-06T22:03:14.290-0300] {dag.py:2585} INFO - Sync 1 DAGs
[2022-11-06T22:03:14.313-0300] {logging_mixin.py:120} INFO - [2022-11-06T22:03:14.313-0300] {dag.py:3336} INFO - Setting next_dagrun for example_branch_dop_operator_v3 to 2022-11-07T01:02:00+00:00, run_after=2022-11-07T01:03:00+00:00
[2022-11-06T22:03:14.336-0300] {processor.py:176} INFO - Processing /home/debian/etlhausz/venv/lib/python3.9/site-packages/airflow/example_dags/example_branch_python_dop_operator_3.py took 0.115 seconds
[2022-11-06T22:03:45.707-0300] {processor.py:154} INFO - Started process (PID=7705) to work on /home/debian/etlhausz/venv/lib/python3.9/site-packages/airflow/example_dags/example_branch_python_dop_operator_3.py
[2022-11-06T22:03:45.708-0300] {processor.py:756} INFO - Processing file /home/debian/etlhausz/venv/lib/python3.9/site-packages/airflow/example_dags/example_branch_python_dop_operator_3.py for tasks to queue
[2022-11-06T22:03:45.709-0300] {logging_mixin.py:120} INFO - [2022-11-06T22:03:45.709-0300] {dagbag.py:537} INFO - Filling up the DagBag from /home/debian/etlhausz/venv/lib/python3.9/site-packages/airflow/example_dags/example_branch_python_dop_operator_3.py
[2022-11-06T22:03:45.727-0300] {processor.py:766} INFO - DAG(s) dict_keys(['example_branch_dop_operator_v3']) retrieved from /home/debian/etlhausz/venv/lib/python3.9/site-packages/airflow/example_dags/example_branch_python_dop_operator_3.py
[2022-11-06T22:03:45.766-0300] {logging_mixin.py:120} INFO - [2022-11-06T22:03:45.766-0300] {dag.py:2585} INFO - Sync 1 DAGs
[2022-11-06T22:03:45.789-0300] {logging_mixin.py:120} INFO - [2022-11-06T22:03:45.789-0300] {dag.py:3336} INFO - Setting next_dagrun for example_branch_dop_operator_v3 to 2022-11-07T01:02:00+00:00, run_after=2022-11-07T01:03:00+00:00
[2022-11-06T22:03:45.812-0300] {processor.py:176} INFO - Processing /home/debian/etlhausz/venv/lib/python3.9/site-packages/airflow/example_dags/example_branch_python_dop_operator_3.py took 0.108 seconds
[2022-11-06T22:04:17.097-0300] {processor.py:154} INFO - Started process (PID=8329) to work on /home/debian/etlhausz/venv/lib/python3.9/site-packages/airflow/example_dags/example_branch_python_dop_operator_3.py
[2022-11-06T22:04:17.099-0300] {processor.py:756} INFO - Processing file /home/debian/etlhausz/venv/lib/python3.9/site-packages/airflow/example_dags/example_branch_python_dop_operator_3.py for tasks to queue
[2022-11-06T22:04:17.099-0300] {logging_mixin.py:120} INFO - [2022-11-06T22:04:17.099-0300] {dagbag.py:537} INFO - Filling up the DagBag from /home/debian/etlhausz/venv/lib/python3.9/site-packages/airflow/example_dags/example_branch_python_dop_operator_3.py
[2022-11-06T22:04:17.122-0300] {processor.py:766} INFO - DAG(s) dict_keys(['example_branch_dop_operator_v3']) retrieved from /home/debian/etlhausz/venv/lib/python3.9/site-packages/airflow/example_dags/example_branch_python_dop_operator_3.py
[2022-11-06T22:04:17.177-0300] {logging_mixin.py:120} INFO - [2022-11-06T22:04:17.177-0300] {dag.py:2585} INFO - Sync 1 DAGs
[2022-11-06T22:04:17.200-0300] {logging_mixin.py:120} INFO - [2022-11-06T22:04:17.200-0300] {dag.py:3336} INFO - Setting next_dagrun for example_branch_dop_operator_v3 to 2022-11-07T01:03:00+00:00, run_after=2022-11-07T01:04:00+00:00
[2022-11-06T22:04:17.226-0300] {processor.py:176} INFO - Processing /home/debian/etlhausz/venv/lib/python3.9/site-packages/airflow/example_dags/example_branch_python_dop_operator_3.py took 0.135 seconds
[2022-11-06T22:04:49.805-0300] {processor.py:154} INFO - Started process (PID=8903) to work on /home/debian/etlhausz/venv/lib/python3.9/site-packages/airflow/example_dags/example_branch_python_dop_operator_3.py
[2022-11-06T22:04:49.807-0300] {processor.py:756} INFO - Processing file /home/debian/etlhausz/venv/lib/python3.9/site-packages/airflow/example_dags/example_branch_python_dop_operator_3.py for tasks to queue
[2022-11-06T22:04:49.807-0300] {logging_mixin.py:120} INFO - [2022-11-06T22:04:49.807-0300] {dagbag.py:537} INFO - Filling up the DagBag from /home/debian/etlhausz/venv/lib/python3.9/site-packages/airflow/example_dags/example_branch_python_dop_operator_3.py
[2022-11-06T22:04:49.827-0300] {processor.py:766} INFO - DAG(s) dict_keys(['example_branch_dop_operator_v3']) retrieved from /home/debian/etlhausz/venv/lib/python3.9/site-packages/airflow/example_dags/example_branch_python_dop_operator_3.py
[2022-11-06T22:04:49.875-0300] {logging_mixin.py:120} INFO - [2022-11-06T22:04:49.875-0300] {dag.py:2585} INFO - Sync 1 DAGs
[2022-11-06T22:04:49.902-0300] {logging_mixin.py:120} INFO - [2022-11-06T22:04:49.902-0300] {dag.py:3336} INFO - Setting next_dagrun for example_branch_dop_operator_v3 to 2022-11-07T01:03:00+00:00, run_after=2022-11-07T01:04:00+00:00
[2022-11-06T22:04:49.930-0300] {processor.py:176} INFO - Processing /home/debian/etlhausz/venv/lib/python3.9/site-packages/airflow/example_dags/example_branch_python_dop_operator_3.py took 0.128 seconds
[2022-11-06T22:05:30.602-0300] {processor.py:154} INFO - Started process (PID=9834) to work on /home/debian/etlhausz/venv/lib/python3.9/site-packages/airflow/example_dags/example_branch_python_dop_operator_3.py
[2022-11-06T22:05:30.604-0300] {processor.py:756} INFO - Processing file /home/debian/etlhausz/venv/lib/python3.9/site-packages/airflow/example_dags/example_branch_python_dop_operator_3.py for tasks to queue
[2022-11-06T22:05:30.605-0300] {logging_mixin.py:120} INFO - [2022-11-06T22:05:30.605-0300] {dagbag.py:537} INFO - Filling up the DagBag from /home/debian/etlhausz/venv/lib/python3.9/site-packages/airflow/example_dags/example_branch_python_dop_operator_3.py
[2022-11-06T22:05:30.648-0300] {processor.py:766} INFO - DAG(s) dict_keys(['example_branch_dop_operator_v3']) retrieved from /home/debian/etlhausz/venv/lib/python3.9/site-packages/airflow/example_dags/example_branch_python_dop_operator_3.py
[2022-11-06T22:05:30.695-0300] {logging_mixin.py:120} INFO - [2022-11-06T22:05:30.694-0300] {dag.py:2585} INFO - Sync 1 DAGs
[2022-11-06T22:05:30.721-0300] {logging_mixin.py:120} INFO - [2022-11-06T22:05:30.721-0300] {dag.py:3336} INFO - Setting next_dagrun for example_branch_dop_operator_v3 to 2022-11-07T01:04:00+00:00, run_after=2022-11-07T01:05:00+00:00
[2022-11-06T22:05:30.763-0300] {processor.py:176} INFO - Processing /home/debian/etlhausz/venv/lib/python3.9/site-packages/airflow/example_dags/example_branch_python_dop_operator_3.py took 0.164 seconds
[2022-11-06T22:06:01.088-0300] {processor.py:154} INFO - Started process (PID=10448) to work on /home/debian/etlhausz/venv/lib/python3.9/site-packages/airflow/example_dags/example_branch_python_dop_operator_3.py
[2022-11-06T22:06:01.090-0300] {processor.py:756} INFO - Processing file /home/debian/etlhausz/venv/lib/python3.9/site-packages/airflow/example_dags/example_branch_python_dop_operator_3.py for tasks to queue
[2022-11-06T22:06:01.093-0300] {logging_mixin.py:120} INFO - [2022-11-06T22:06:01.093-0300] {dagbag.py:537} INFO - Filling up the DagBag from /home/debian/etlhausz/venv/lib/python3.9/site-packages/airflow/example_dags/example_branch_python_dop_operator_3.py
[2022-11-06T22:06:01.129-0300] {processor.py:766} INFO - DAG(s) dict_keys(['example_branch_dop_operator_v3']) retrieved from /home/debian/etlhausz/venv/lib/python3.9/site-packages/airflow/example_dags/example_branch_python_dop_operator_3.py
[2022-11-06T22:06:01.166-0300] {logging_mixin.py:120} INFO - [2022-11-06T22:06:01.165-0300] {dag.py:2585} INFO - Sync 1 DAGs
[2022-11-06T22:06:01.212-0300] {logging_mixin.py:120} INFO - [2022-11-06T22:06:01.212-0300] {dag.py:3336} INFO - Setting next_dagrun for example_branch_dop_operator_v3 to 2022-11-07T01:05:00+00:00, run_after=2022-11-07T01:06:00+00:00
[2022-11-06T22:06:01.285-0300] {processor.py:176} INFO - Processing /home/debian/etlhausz/venv/lib/python3.9/site-packages/airflow/example_dags/example_branch_python_dop_operator_3.py took 0.202 seconds
[2022-11-06T22:06:31.955-0300] {processor.py:154} INFO - Started process (PID=10975) to work on /home/debian/etlhausz/venv/lib/python3.9/site-packages/airflow/example_dags/example_branch_python_dop_operator_3.py
[2022-11-06T22:06:31.956-0300] {processor.py:756} INFO - Processing file /home/debian/etlhausz/venv/lib/python3.9/site-packages/airflow/example_dags/example_branch_python_dop_operator_3.py for tasks to queue
[2022-11-06T22:06:31.957-0300] {logging_mixin.py:120} INFO - [2022-11-06T22:06:31.957-0300] {dagbag.py:537} INFO - Filling up the DagBag from /home/debian/etlhausz/venv/lib/python3.9/site-packages/airflow/example_dags/example_branch_python_dop_operator_3.py
[2022-11-06T22:06:31.977-0300] {processor.py:766} INFO - DAG(s) dict_keys(['example_branch_dop_operator_v3']) retrieved from /home/debian/etlhausz/venv/lib/python3.9/site-packages/airflow/example_dags/example_branch_python_dop_operator_3.py
[2022-11-06T22:06:32.017-0300] {logging_mixin.py:120} INFO - [2022-11-06T22:06:32.017-0300] {dag.py:2585} INFO - Sync 1 DAGs
[2022-11-06T22:06:32.041-0300] {logging_mixin.py:120} INFO - [2022-11-06T22:06:32.041-0300] {dag.py:3336} INFO - Setting next_dagrun for example_branch_dop_operator_v3 to 2022-11-07T01:05:00+00:00, run_after=2022-11-07T01:06:00+00:00
[2022-11-06T22:06:32.061-0300] {processor.py:176} INFO - Processing /home/debian/etlhausz/venv/lib/python3.9/site-packages/airflow/example_dags/example_branch_python_dop_operator_3.py took 0.110 seconds
[2022-11-06T22:07:02.564-0300] {processor.py:154} INFO - Started process (PID=11518) to work on /home/debian/etlhausz/venv/lib/python3.9/site-packages/airflow/example_dags/example_branch_python_dop_operator_3.py
[2022-11-06T22:07:02.566-0300] {processor.py:756} INFO - Processing file /home/debian/etlhausz/venv/lib/python3.9/site-packages/airflow/example_dags/example_branch_python_dop_operator_3.py for tasks to queue
[2022-11-06T22:07:02.568-0300] {logging_mixin.py:120} INFO - [2022-11-06T22:07:02.568-0300] {dagbag.py:537} INFO - Filling up the DagBag from /home/debian/etlhausz/venv/lib/python3.9/site-packages/airflow/example_dags/example_branch_python_dop_operator_3.py
[2022-11-06T22:07:02.588-0300] {processor.py:766} INFO - DAG(s) dict_keys(['example_branch_dop_operator_v3']) retrieved from /home/debian/etlhausz/venv/lib/python3.9/site-packages/airflow/example_dags/example_branch_python_dop_operator_3.py
[2022-11-06T22:07:02.657-0300] {logging_mixin.py:120} INFO - [2022-11-06T22:07:02.655-0300] {dag.py:2585} INFO - Sync 1 DAGs
[2022-11-06T22:07:02.705-0300] {logging_mixin.py:120} INFO - [2022-11-06T22:07:02.705-0300] {dag.py:3336} INFO - Setting next_dagrun for example_branch_dop_operator_v3 to 2022-11-07T01:06:00+00:00, run_after=2022-11-07T01:07:00+00:00
[2022-11-06T22:07:02.748-0300] {processor.py:176} INFO - Processing /home/debian/etlhausz/venv/lib/python3.9/site-packages/airflow/example_dags/example_branch_python_dop_operator_3.py took 0.187 seconds
[2022-11-06T22:07:36.890-0300] {processor.py:154} INFO - Started process (PID=12293) to work on /home/debian/etlhausz/venv/lib/python3.9/site-packages/airflow/example_dags/example_branch_python_dop_operator_3.py
[2022-11-06T22:07:36.910-0300] {processor.py:756} INFO - Processing file /home/debian/etlhausz/venv/lib/python3.9/site-packages/airflow/example_dags/example_branch_python_dop_operator_3.py for tasks to queue
[2022-11-06T22:07:36.911-0300] {logging_mixin.py:120} INFO - [2022-11-06T22:07:36.910-0300] {dagbag.py:537} INFO - Filling up the DagBag from /home/debian/etlhausz/venv/lib/python3.9/site-packages/airflow/example_dags/example_branch_python_dop_operator_3.py
[2022-11-06T22:07:37.063-0300] {processor.py:766} INFO - DAG(s) dict_keys(['example_branch_dop_operator_v3']) retrieved from /home/debian/etlhausz/venv/lib/python3.9/site-packages/airflow/example_dags/example_branch_python_dop_operator_3.py
[2022-11-06T22:07:37.328-0300] {logging_mixin.py:120} INFO - [2022-11-06T22:07:37.327-0300] {dag.py:2585} INFO - Sync 1 DAGs
[2022-11-06T22:07:37.461-0300] {logging_mixin.py:120} INFO - [2022-11-06T22:07:37.461-0300] {dag.py:3336} INFO - Setting next_dagrun for example_branch_dop_operator_v3 to 2022-11-07T01:06:00+00:00, run_after=2022-11-07T01:07:00+00:00
[2022-11-06T22:07:37.680-0300] {processor.py:176} INFO - Processing /home/debian/etlhausz/venv/lib/python3.9/site-packages/airflow/example_dags/example_branch_python_dop_operator_3.py took 0.802 seconds
[2022-11-06T22:08:08.646-0300] {processor.py:154} INFO - Started process (PID=13024) to work on /home/debian/etlhausz/venv/lib/python3.9/site-packages/airflow/example_dags/example_branch_python_dop_operator_3.py
[2022-11-06T22:08:08.649-0300] {processor.py:756} INFO - Processing file /home/debian/etlhausz/venv/lib/python3.9/site-packages/airflow/example_dags/example_branch_python_dop_operator_3.py for tasks to queue
[2022-11-06T22:08:08.650-0300] {logging_mixin.py:120} INFO - [2022-11-06T22:08:08.650-0300] {dagbag.py:537} INFO - Filling up the DagBag from /home/debian/etlhausz/venv/lib/python3.9/site-packages/airflow/example_dags/example_branch_python_dop_operator_3.py
[2022-11-06T22:08:08.673-0300] {processor.py:766} INFO - DAG(s) dict_keys(['example_branch_dop_operator_v3']) retrieved from /home/debian/etlhausz/venv/lib/python3.9/site-packages/airflow/example_dags/example_branch_python_dop_operator_3.py
[2022-11-06T22:08:08.724-0300] {logging_mixin.py:120} INFO - [2022-11-06T22:08:08.724-0300] {dag.py:2585} INFO - Sync 1 DAGs
[2022-11-06T22:08:08.758-0300] {logging_mixin.py:120} INFO - [2022-11-06T22:08:08.758-0300] {dag.py:3336} INFO - Setting next_dagrun for example_branch_dop_operator_v3 to 2022-11-07T01:07:00+00:00, run_after=2022-11-07T01:08:00+00:00
[2022-11-06T22:08:08.798-0300] {processor.py:176} INFO - Processing /home/debian/etlhausz/venv/lib/python3.9/site-packages/airflow/example_dags/example_branch_python_dop_operator_3.py took 0.155 seconds
[2022-11-06T22:08:40.304-0300] {processor.py:154} INFO - Started process (PID=13703) to work on /home/debian/etlhausz/venv/lib/python3.9/site-packages/airflow/example_dags/example_branch_python_dop_operator_3.py
[2022-11-06T22:08:40.304-0300] {processor.py:756} INFO - Processing file /home/debian/etlhausz/venv/lib/python3.9/site-packages/airflow/example_dags/example_branch_python_dop_operator_3.py for tasks to queue
[2022-11-06T22:08:40.305-0300] {logging_mixin.py:120} INFO - [2022-11-06T22:08:40.305-0300] {dagbag.py:537} INFO - Filling up the DagBag from /home/debian/etlhausz/venv/lib/python3.9/site-packages/airflow/example_dags/example_branch_python_dop_operator_3.py
[2022-11-06T22:08:40.325-0300] {processor.py:766} INFO - DAG(s) dict_keys(['example_branch_dop_operator_v3']) retrieved from /home/debian/etlhausz/venv/lib/python3.9/site-packages/airflow/example_dags/example_branch_python_dop_operator_3.py
[2022-11-06T22:08:40.384-0300] {logging_mixin.py:120} INFO - [2022-11-06T22:08:40.384-0300] {dag.py:2585} INFO - Sync 1 DAGs
[2022-11-06T22:08:40.425-0300] {logging_mixin.py:120} INFO - [2022-11-06T22:08:40.425-0300] {dag.py:3336} INFO - Setting next_dagrun for example_branch_dop_operator_v3 to 2022-11-07T01:07:00+00:00, run_after=2022-11-07T01:08:00+00:00
[2022-11-06T22:08:40.458-0300] {processor.py:176} INFO - Processing /home/debian/etlhausz/venv/lib/python3.9/site-packages/airflow/example_dags/example_branch_python_dop_operator_3.py took 0.157 seconds
[2022-11-06T22:09:12.843-0300] {processor.py:154} INFO - Started process (PID=14374) to work on /home/debian/etlhausz/venv/lib/python3.9/site-packages/airflow/example_dags/example_branch_python_dop_operator_3.py
[2022-11-06T22:09:12.845-0300] {processor.py:756} INFO - Processing file /home/debian/etlhausz/venv/lib/python3.9/site-packages/airflow/example_dags/example_branch_python_dop_operator_3.py for tasks to queue
[2022-11-06T22:09:12.851-0300] {logging_mixin.py:120} INFO - [2022-11-06T22:09:12.851-0300] {dagbag.py:537} INFO - Filling up the DagBag from /home/debian/etlhausz/venv/lib/python3.9/site-packages/airflow/example_dags/example_branch_python_dop_operator_3.py
[2022-11-06T22:09:12.897-0300] {processor.py:766} INFO - DAG(s) dict_keys(['example_branch_dop_operator_v3']) retrieved from /home/debian/etlhausz/venv/lib/python3.9/site-packages/airflow/example_dags/example_branch_python_dop_operator_3.py
[2022-11-06T22:09:12.955-0300] {logging_mixin.py:120} INFO - [2022-11-06T22:09:12.955-0300] {dag.py:2585} INFO - Sync 1 DAGs
[2022-11-06T22:09:12.986-0300] {logging_mixin.py:120} INFO - [2022-11-06T22:09:12.986-0300] {dag.py:3336} INFO - Setting next_dagrun for example_branch_dop_operator_v3 to 2022-11-07T01:08:00+00:00, run_after=2022-11-07T01:09:00+00:00
[2022-11-06T22:09:13.032-0300] {processor.py:176} INFO - Processing /home/debian/etlhausz/venv/lib/python3.9/site-packages/airflow/example_dags/example_branch_python_dop_operator_3.py took 0.197 seconds
[2022-11-06T22:09:45.377-0300] {processor.py:154} INFO - Started process (PID=14996) to work on /home/debian/etlhausz/venv/lib/python3.9/site-packages/airflow/example_dags/example_branch_python_dop_operator_3.py
[2022-11-06T22:09:45.380-0300] {processor.py:756} INFO - Processing file /home/debian/etlhausz/venv/lib/python3.9/site-packages/airflow/example_dags/example_branch_python_dop_operator_3.py for tasks to queue
[2022-11-06T22:09:45.381-0300] {logging_mixin.py:120} INFO - [2022-11-06T22:09:45.381-0300] {dagbag.py:537} INFO - Filling up the DagBag from /home/debian/etlhausz/venv/lib/python3.9/site-packages/airflow/example_dags/example_branch_python_dop_operator_3.py
[2022-11-06T22:09:45.405-0300] {processor.py:766} INFO - DAG(s) dict_keys(['example_branch_dop_operator_v3']) retrieved from /home/debian/etlhausz/venv/lib/python3.9/site-packages/airflow/example_dags/example_branch_python_dop_operator_3.py
[2022-11-06T22:09:45.454-0300] {logging_mixin.py:120} INFO - [2022-11-06T22:09:45.454-0300] {dag.py:2585} INFO - Sync 1 DAGs
[2022-11-06T22:09:45.488-0300] {logging_mixin.py:120} INFO - [2022-11-06T22:09:45.488-0300] {dag.py:3336} INFO - Setting next_dagrun for example_branch_dop_operator_v3 to 2022-11-07T01:08:00+00:00, run_after=2022-11-07T01:09:00+00:00
[2022-11-06T22:09:45.520-0300] {processor.py:176} INFO - Processing /home/debian/etlhausz/venv/lib/python3.9/site-packages/airflow/example_dags/example_branch_python_dop_operator_3.py took 0.145 seconds
[2022-11-06T22:10:17.356-0300] {processor.py:154} INFO - Started process (PID=15598) to work on /home/debian/etlhausz/venv/lib/python3.9/site-packages/airflow/example_dags/example_branch_python_dop_operator_3.py
[2022-11-06T22:10:17.359-0300] {processor.py:756} INFO - Processing file /home/debian/etlhausz/venv/lib/python3.9/site-packages/airflow/example_dags/example_branch_python_dop_operator_3.py for tasks to queue
[2022-11-06T22:10:17.360-0300] {logging_mixin.py:120} INFO - [2022-11-06T22:10:17.359-0300] {dagbag.py:537} INFO - Filling up the DagBag from /home/debian/etlhausz/venv/lib/python3.9/site-packages/airflow/example_dags/example_branch_python_dop_operator_3.py
[2022-11-06T22:10:17.379-0300] {processor.py:766} INFO - DAG(s) dict_keys(['example_branch_dop_operator_v3']) retrieved from /home/debian/etlhausz/venv/lib/python3.9/site-packages/airflow/example_dags/example_branch_python_dop_operator_3.py
[2022-11-06T22:10:17.437-0300] {logging_mixin.py:120} INFO - [2022-11-06T22:10:17.437-0300] {dag.py:2585} INFO - Sync 1 DAGs
[2022-11-06T22:10:17.475-0300] {logging_mixin.py:120} INFO - [2022-11-06T22:10:17.474-0300] {dag.py:3336} INFO - Setting next_dagrun for example_branch_dop_operator_v3 to 2022-11-07T01:09:00+00:00, run_after=2022-11-07T01:10:00+00:00
[2022-11-06T22:10:17.494-0300] {processor.py:176} INFO - Processing /home/debian/etlhausz/venv/lib/python3.9/site-packages/airflow/example_dags/example_branch_python_dop_operator_3.py took 0.141 seconds
[2022-11-06T22:10:48.699-0300] {processor.py:154} INFO - Started process (PID=16224) to work on /home/debian/etlhausz/venv/lib/python3.9/site-packages/airflow/example_dags/example_branch_python_dop_operator_3.py
[2022-11-06T22:10:48.701-0300] {processor.py:756} INFO - Processing file /home/debian/etlhausz/venv/lib/python3.9/site-packages/airflow/example_dags/example_branch_python_dop_operator_3.py for tasks to queue
[2022-11-06T22:10:48.703-0300] {logging_mixin.py:120} INFO - [2022-11-06T22:10:48.703-0300] {dagbag.py:537} INFO - Filling up the DagBag from /home/debian/etlhausz/venv/lib/python3.9/site-packages/airflow/example_dags/example_branch_python_dop_operator_3.py
[2022-11-06T22:10:48.758-0300] {processor.py:766} INFO - DAG(s) dict_keys(['example_branch_dop_operator_v3']) retrieved from /home/debian/etlhausz/venv/lib/python3.9/site-packages/airflow/example_dags/example_branch_python_dop_operator_3.py
[2022-11-06T22:10:48.823-0300] {logging_mixin.py:120} INFO - [2022-11-06T22:10:48.823-0300] {dag.py:2585} INFO - Sync 1 DAGs
[2022-11-06T22:10:48.886-0300] {logging_mixin.py:120} INFO - [2022-11-06T22:10:48.886-0300] {dag.py:3336} INFO - Setting next_dagrun for example_branch_dop_operator_v3 to 2022-11-07T01:09:00+00:00, run_after=2022-11-07T01:10:00+00:00
[2022-11-06T22:10:48.936-0300] {processor.py:176} INFO - Processing /home/debian/etlhausz/venv/lib/python3.9/site-packages/airflow/example_dags/example_branch_python_dop_operator_3.py took 0.241 seconds
[2022-11-06T22:11:22.621-0300] {processor.py:154} INFO - Started process (PID=16814) to work on /home/debian/etlhausz/venv/lib/python3.9/site-packages/airflow/example_dags/example_branch_python_dop_operator_3.py
[2022-11-06T22:11:22.623-0300] {processor.py:756} INFO - Processing file /home/debian/etlhausz/venv/lib/python3.9/site-packages/airflow/example_dags/example_branch_python_dop_operator_3.py for tasks to queue
[2022-11-06T22:11:22.625-0300] {logging_mixin.py:120} INFO - [2022-11-06T22:11:22.624-0300] {dagbag.py:537} INFO - Filling up the DagBag from /home/debian/etlhausz/venv/lib/python3.9/site-packages/airflow/example_dags/example_branch_python_dop_operator_3.py
[2022-11-06T22:11:22.655-0300] {processor.py:766} INFO - DAG(s) dict_keys(['example_branch_dop_operator_v3']) retrieved from /home/debian/etlhausz/venv/lib/python3.9/site-packages/airflow/example_dags/example_branch_python_dop_operator_3.py
[2022-11-06T22:11:22.714-0300] {logging_mixin.py:120} INFO - [2022-11-06T22:11:22.714-0300] {dag.py:2585} INFO - Sync 1 DAGs
[2022-11-06T22:11:22.854-0300] {logging_mixin.py:120} INFO - [2022-11-06T22:11:22.853-0300] {dag.py:3336} INFO - Setting next_dagrun for example_branch_dop_operator_v3 to 2022-11-07T01:10:00+00:00, run_after=2022-11-07T01:11:00+00:00
[2022-11-06T22:11:22.878-0300] {processor.py:176} INFO - Processing /home/debian/etlhausz/venv/lib/python3.9/site-packages/airflow/example_dags/example_branch_python_dop_operator_3.py took 0.261 seconds
[2022-11-06T22:11:57.275-0300] {processor.py:154} INFO - Started process (PID=17362) to work on /home/debian/etlhausz/venv/lib/python3.9/site-packages/airflow/example_dags/example_branch_python_dop_operator_3.py
[2022-11-06T22:11:57.276-0300] {processor.py:756} INFO - Processing file /home/debian/etlhausz/venv/lib/python3.9/site-packages/airflow/example_dags/example_branch_python_dop_operator_3.py for tasks to queue
[2022-11-06T22:11:57.277-0300] {logging_mixin.py:120} INFO - [2022-11-06T22:11:57.277-0300] {dagbag.py:537} INFO - Filling up the DagBag from /home/debian/etlhausz/venv/lib/python3.9/site-packages/airflow/example_dags/example_branch_python_dop_operator_3.py
[2022-11-06T22:11:57.297-0300] {processor.py:766} INFO - DAG(s) dict_keys(['example_branch_dop_operator_v3']) retrieved from /home/debian/etlhausz/venv/lib/python3.9/site-packages/airflow/example_dags/example_branch_python_dop_operator_3.py
[2022-11-06T22:11:57.379-0300] {logging_mixin.py:120} INFO - [2022-11-06T22:11:57.378-0300] {dag.py:2585} INFO - Sync 1 DAGs
[2022-11-06T22:11:57.578-0300] {logging_mixin.py:120} INFO - [2022-11-06T22:11:57.577-0300] {dag.py:3336} INFO - Setting next_dagrun for example_branch_dop_operator_v3 to 2022-11-07T01:10:00+00:00, run_after=2022-11-07T01:11:00+00:00
[2022-11-06T22:11:57.604-0300] {processor.py:176} INFO - Processing /home/debian/etlhausz/venv/lib/python3.9/site-packages/airflow/example_dags/example_branch_python_dop_operator_3.py took 0.334 seconds
[2022-11-06T22:12:28.118-0300] {processor.py:154} INFO - Started process (PID=17978) to work on /home/debian/etlhausz/venv/lib/python3.9/site-packages/airflow/example_dags/example_branch_python_dop_operator_3.py
[2022-11-06T22:12:28.120-0300] {processor.py:756} INFO - Processing file /home/debian/etlhausz/venv/lib/python3.9/site-packages/airflow/example_dags/example_branch_python_dop_operator_3.py for tasks to queue
[2022-11-06T22:12:28.120-0300] {logging_mixin.py:120} INFO - [2022-11-06T22:12:28.120-0300] {dagbag.py:537} INFO - Filling up the DagBag from /home/debian/etlhausz/venv/lib/python3.9/site-packages/airflow/example_dags/example_branch_python_dop_operator_3.py
[2022-11-06T22:12:28.153-0300] {processor.py:766} INFO - DAG(s) dict_keys(['example_branch_dop_operator_v3']) retrieved from /home/debian/etlhausz/venv/lib/python3.9/site-packages/airflow/example_dags/example_branch_python_dop_operator_3.py
[2022-11-06T22:12:28.308-0300] {logging_mixin.py:120} INFO - [2022-11-06T22:12:28.308-0300] {dag.py:2585} INFO - Sync 1 DAGs
[2022-11-06T22:12:28.331-0300] {logging_mixin.py:120} INFO - [2022-11-06T22:12:28.331-0300] {dag.py:3336} INFO - Setting next_dagrun for example_branch_dop_operator_v3 to 2022-11-07T01:11:00+00:00, run_after=2022-11-07T01:12:00+00:00
[2022-11-06T22:12:28.428-0300] {processor.py:176} INFO - Processing /home/debian/etlhausz/venv/lib/python3.9/site-packages/airflow/example_dags/example_branch_python_dop_operator_3.py took 0.313 seconds
[2022-11-06T22:13:00.351-0300] {processor.py:154} INFO - Started process (PID=18600) to work on /home/debian/etlhausz/venv/lib/python3.9/site-packages/airflow/example_dags/example_branch_python_dop_operator_3.py
[2022-11-06T22:13:00.353-0300] {processor.py:756} INFO - Processing file /home/debian/etlhausz/venv/lib/python3.9/site-packages/airflow/example_dags/example_branch_python_dop_operator_3.py for tasks to queue
[2022-11-06T22:13:00.354-0300] {logging_mixin.py:120} INFO - [2022-11-06T22:13:00.354-0300] {dagbag.py:537} INFO - Filling up the DagBag from /home/debian/etlhausz/venv/lib/python3.9/site-packages/airflow/example_dags/example_branch_python_dop_operator_3.py
[2022-11-06T22:13:00.416-0300] {processor.py:766} INFO - DAG(s) dict_keys(['example_branch_dop_operator_v3']) retrieved from /home/debian/etlhausz/venv/lib/python3.9/site-packages/airflow/example_dags/example_branch_python_dop_operator_3.py
[2022-11-06T22:13:00.635-0300] {logging_mixin.py:120} INFO - [2022-11-06T22:13:00.634-0300] {dag.py:2585} INFO - Sync 1 DAGs
[2022-11-06T22:13:00.672-0300] {logging_mixin.py:120} INFO - [2022-11-06T22:13:00.672-0300] {dag.py:3336} INFO - Setting next_dagrun for example_branch_dop_operator_v3 to 2022-11-07T01:12:00+00:00, run_after=2022-11-07T01:13:00+00:00
[2022-11-06T22:13:00.695-0300] {processor.py:176} INFO - Processing /home/debian/etlhausz/venv/lib/python3.9/site-packages/airflow/example_dags/example_branch_python_dop_operator_3.py took 0.357 seconds
[2022-11-06T22:13:32.252-0300] {processor.py:154} INFO - Started process (PID=19213) to work on /home/debian/etlhausz/venv/lib/python3.9/site-packages/airflow/example_dags/example_branch_python_dop_operator_3.py
[2022-11-06T22:13:32.256-0300] {processor.py:756} INFO - Processing file /home/debian/etlhausz/venv/lib/python3.9/site-packages/airflow/example_dags/example_branch_python_dop_operator_3.py for tasks to queue
[2022-11-06T22:13:32.259-0300] {logging_mixin.py:120} INFO - [2022-11-06T22:13:32.257-0300] {dagbag.py:537} INFO - Filling up the DagBag from /home/debian/etlhausz/venv/lib/python3.9/site-packages/airflow/example_dags/example_branch_python_dop_operator_3.py
[2022-11-06T22:13:32.292-0300] {processor.py:766} INFO - DAG(s) dict_keys(['example_branch_dop_operator_v3']) retrieved from /home/debian/etlhausz/venv/lib/python3.9/site-packages/airflow/example_dags/example_branch_python_dop_operator_3.py
[2022-11-06T22:13:32.346-0300] {logging_mixin.py:120} INFO - [2022-11-06T22:13:32.346-0300] {dag.py:2585} INFO - Sync 1 DAGs
[2022-11-06T22:13:32.521-0300] {logging_mixin.py:120} INFO - [2022-11-06T22:13:32.521-0300] {dag.py:3336} INFO - Setting next_dagrun for example_branch_dop_operator_v3 to 2022-11-07T01:12:00+00:00, run_after=2022-11-07T01:13:00+00:00
[2022-11-06T22:13:32.558-0300] {processor.py:176} INFO - Processing /home/debian/etlhausz/venv/lib/python3.9/site-packages/airflow/example_dags/example_branch_python_dop_operator_3.py took 0.310 seconds
[2022-11-06T22:14:03.958-0300] {processor.py:154} INFO - Started process (PID=19808) to work on /home/debian/etlhausz/venv/lib/python3.9/site-packages/airflow/example_dags/example_branch_python_dop_operator_3.py
[2022-11-06T22:14:03.960-0300] {processor.py:756} INFO - Processing file /home/debian/etlhausz/venv/lib/python3.9/site-packages/airflow/example_dags/example_branch_python_dop_operator_3.py for tasks to queue
[2022-11-06T22:14:03.960-0300] {logging_mixin.py:120} INFO - [2022-11-06T22:14:03.960-0300] {dagbag.py:537} INFO - Filling up the DagBag from /home/debian/etlhausz/venv/lib/python3.9/site-packages/airflow/example_dags/example_branch_python_dop_operator_3.py
[2022-11-06T22:14:03.991-0300] {processor.py:766} INFO - DAG(s) dict_keys(['example_branch_dop_operator_v3']) retrieved from /home/debian/etlhausz/venv/lib/python3.9/site-packages/airflow/example_dags/example_branch_python_dop_operator_3.py
[2022-11-06T22:14:04.036-0300] {logging_mixin.py:120} INFO - [2022-11-06T22:14:04.036-0300] {dag.py:2585} INFO - Sync 1 DAGs
[2022-11-06T22:14:04.197-0300] {logging_mixin.py:120} INFO - [2022-11-06T22:14:04.197-0300] {dag.py:3336} INFO - Setting next_dagrun for example_branch_dop_operator_v3 to 2022-11-07T01:13:00+00:00, run_after=2022-11-07T01:14:00+00:00
[2022-11-06T22:14:04.225-0300] {processor.py:176} INFO - Processing /home/debian/etlhausz/venv/lib/python3.9/site-packages/airflow/example_dags/example_branch_python_dop_operator_3.py took 0.268 seconds
[2022-11-06T22:14:36.614-0300] {processor.py:154} INFO - Started process (PID=20433) to work on /home/debian/etlhausz/venv/lib/python3.9/site-packages/airflow/example_dags/example_branch_python_dop_operator_3.py
[2022-11-06T22:14:36.616-0300] {processor.py:756} INFO - Processing file /home/debian/etlhausz/venv/lib/python3.9/site-packages/airflow/example_dags/example_branch_python_dop_operator_3.py for tasks to queue
[2022-11-06T22:14:36.616-0300] {logging_mixin.py:120} INFO - [2022-11-06T22:14:36.616-0300] {dagbag.py:537} INFO - Filling up the DagBag from /home/debian/etlhausz/venv/lib/python3.9/site-packages/airflow/example_dags/example_branch_python_dop_operator_3.py
[2022-11-06T22:14:36.635-0300] {processor.py:766} INFO - DAG(s) dict_keys(['example_branch_dop_operator_v3']) retrieved from /home/debian/etlhausz/venv/lib/python3.9/site-packages/airflow/example_dags/example_branch_python_dop_operator_3.py
[2022-11-06T22:14:36.776-0300] {logging_mixin.py:120} INFO - [2022-11-06T22:14:36.776-0300] {dag.py:2585} INFO - Sync 1 DAGs
[2022-11-06T22:14:36.803-0300] {logging_mixin.py:120} INFO - [2022-11-06T22:14:36.803-0300] {dag.py:3336} INFO - Setting next_dagrun for example_branch_dop_operator_v3 to 2022-11-07T01:13:00+00:00, run_after=2022-11-07T01:14:00+00:00
[2022-11-06T22:14:36.875-0300] {processor.py:176} INFO - Processing /home/debian/etlhausz/venv/lib/python3.9/site-packages/airflow/example_dags/example_branch_python_dop_operator_3.py took 0.263 seconds
[2022-11-06T22:15:08.818-0300] {processor.py:154} INFO - Started process (PID=20962) to work on /home/debian/etlhausz/venv/lib/python3.9/site-packages/airflow/example_dags/example_branch_python_dop_operator_3.py
[2022-11-06T22:15:08.819-0300] {processor.py:756} INFO - Processing file /home/debian/etlhausz/venv/lib/python3.9/site-packages/airflow/example_dags/example_branch_python_dop_operator_3.py for tasks to queue
[2022-11-06T22:15:08.820-0300] {logging_mixin.py:120} INFO - [2022-11-06T22:15:08.820-0300] {dagbag.py:537} INFO - Filling up the DagBag from /home/debian/etlhausz/venv/lib/python3.9/site-packages/airflow/example_dags/example_branch_python_dop_operator_3.py
[2022-11-06T22:15:08.979-0300] {processor.py:766} INFO - DAG(s) dict_keys(['example_branch_dop_operator_v3']) retrieved from /home/debian/etlhausz/venv/lib/python3.9/site-packages/airflow/example_dags/example_branch_python_dop_operator_3.py
[2022-11-06T22:15:09.074-0300] {logging_mixin.py:120} INFO - [2022-11-06T22:15:09.074-0300] {dag.py:2585} INFO - Sync 1 DAGs
[2022-11-06T22:15:09.108-0300] {logging_mixin.py:120} INFO - [2022-11-06T22:15:09.107-0300] {dag.py:3336} INFO - Setting next_dagrun for example_branch_dop_operator_v3 to 2022-11-07T01:14:00+00:00, run_after=2022-11-07T01:15:00+00:00
[2022-11-06T22:15:09.143-0300] {processor.py:176} INFO - Processing /home/debian/etlhausz/venv/lib/python3.9/site-packages/airflow/example_dags/example_branch_python_dop_operator_3.py took 0.328 seconds
[2022-11-06T22:15:41.173-0300] {processor.py:154} INFO - Started process (PID=21649) to work on /home/debian/etlhausz/venv/lib/python3.9/site-packages/airflow/example_dags/example_branch_python_dop_operator_3.py
[2022-11-06T22:15:41.180-0300] {processor.py:756} INFO - Processing file /home/debian/etlhausz/venv/lib/python3.9/site-packages/airflow/example_dags/example_branch_python_dop_operator_3.py for tasks to queue
[2022-11-06T22:15:41.183-0300] {logging_mixin.py:120} INFO - [2022-11-06T22:15:41.183-0300] {dagbag.py:537} INFO - Filling up the DagBag from /home/debian/etlhausz/venv/lib/python3.9/site-packages/airflow/example_dags/example_branch_python_dop_operator_3.py
[2022-11-06T22:15:41.221-0300] {processor.py:766} INFO - DAG(s) dict_keys(['example_branch_dop_operator_v3']) retrieved from /home/debian/etlhausz/venv/lib/python3.9/site-packages/airflow/example_dags/example_branch_python_dop_operator_3.py
[2022-11-06T22:15:41.296-0300] {logging_mixin.py:120} INFO - [2022-11-06T22:15:41.296-0300] {dag.py:2585} INFO - Sync 1 DAGs
[2022-11-06T22:15:41.509-0300] {logging_mixin.py:120} INFO - [2022-11-06T22:15:41.508-0300] {dag.py:3336} INFO - Setting next_dagrun for example_branch_dop_operator_v3 to 2022-11-07T01:14:00+00:00, run_after=2022-11-07T01:15:00+00:00
[2022-11-06T22:15:41.524-0300] {processor.py:176} INFO - Processing /home/debian/etlhausz/venv/lib/python3.9/site-packages/airflow/example_dags/example_branch_python_dop_operator_3.py took 0.356 seconds
[2022-11-06T22:16:13.029-0300] {processor.py:154} INFO - Started process (PID=22268) to work on /home/debian/etlhausz/venv/lib/python3.9/site-packages/airflow/example_dags/example_branch_python_dop_operator_3.py
[2022-11-06T22:16:13.031-0300] {processor.py:756} INFO - Processing file /home/debian/etlhausz/venv/lib/python3.9/site-packages/airflow/example_dags/example_branch_python_dop_operator_3.py for tasks to queue
[2022-11-06T22:16:13.032-0300] {logging_mixin.py:120} INFO - [2022-11-06T22:16:13.032-0300] {dagbag.py:537} INFO - Filling up the DagBag from /home/debian/etlhausz/venv/lib/python3.9/site-packages/airflow/example_dags/example_branch_python_dop_operator_3.py
[2022-11-06T22:16:13.085-0300] {processor.py:766} INFO - DAG(s) dict_keys(['example_branch_dop_operator_v3']) retrieved from /home/debian/etlhausz/venv/lib/python3.9/site-packages/airflow/example_dags/example_branch_python_dop_operator_3.py
[2022-11-06T22:16:13.530-0300] {logging_mixin.py:120} INFO - [2022-11-06T22:16:13.530-0300] {dag.py:2585} INFO - Sync 1 DAGs
[2022-11-06T22:16:13.563-0300] {logging_mixin.py:120} INFO - [2022-11-06T22:16:13.562-0300] {dag.py:3336} INFO - Setting next_dagrun for example_branch_dop_operator_v3 to 2022-11-07T01:15:00+00:00, run_after=2022-11-07T01:16:00+00:00
[2022-11-06T22:16:13.580-0300] {processor.py:176} INFO - Processing /home/debian/etlhausz/venv/lib/python3.9/site-packages/airflow/example_dags/example_branch_python_dop_operator_3.py took 0.557 seconds
[2022-11-06T22:16:46.169-0300] {processor.py:154} INFO - Started process (PID=22882) to work on /home/debian/etlhausz/venv/lib/python3.9/site-packages/airflow/example_dags/example_branch_python_dop_operator_3.py
[2022-11-06T22:16:46.170-0300] {processor.py:756} INFO - Processing file /home/debian/etlhausz/venv/lib/python3.9/site-packages/airflow/example_dags/example_branch_python_dop_operator_3.py for tasks to queue
[2022-11-06T22:16:46.171-0300] {logging_mixin.py:120} INFO - [2022-11-06T22:16:46.171-0300] {dagbag.py:537} INFO - Filling up the DagBag from /home/debian/etlhausz/venv/lib/python3.9/site-packages/airflow/example_dags/example_branch_python_dop_operator_3.py
[2022-11-06T22:16:46.193-0300] {processor.py:766} INFO - DAG(s) dict_keys(['example_branch_dop_operator_v3']) retrieved from /home/debian/etlhausz/venv/lib/python3.9/site-packages/airflow/example_dags/example_branch_python_dop_operator_3.py
[2022-11-06T22:16:46.361-0300] {logging_mixin.py:120} INFO - [2022-11-06T22:16:46.361-0300] {dag.py:2585} INFO - Sync 1 DAGs
[2022-11-06T22:16:46.393-0300] {logging_mixin.py:120} INFO - [2022-11-06T22:16:46.392-0300] {dag.py:3336} INFO - Setting next_dagrun for example_branch_dop_operator_v3 to 2022-11-07T01:15:00+00:00, run_after=2022-11-07T01:16:00+00:00
[2022-11-06T22:16:46.425-0300] {processor.py:176} INFO - Processing /home/debian/etlhausz/venv/lib/python3.9/site-packages/airflow/example_dags/example_branch_python_dop_operator_3.py took 0.263 seconds
[2022-11-06T22:17:17.921-0300] {processor.py:154} INFO - Started process (PID=23503) to work on /home/debian/etlhausz/venv/lib/python3.9/site-packages/airflow/example_dags/example_branch_python_dop_operator_3.py
[2022-11-06T22:17:17.922-0300] {processor.py:756} INFO - Processing file /home/debian/etlhausz/venv/lib/python3.9/site-packages/airflow/example_dags/example_branch_python_dop_operator_3.py for tasks to queue
[2022-11-06T22:17:17.923-0300] {logging_mixin.py:120} INFO - [2022-11-06T22:17:17.922-0300] {dagbag.py:537} INFO - Filling up the DagBag from /home/debian/etlhausz/venv/lib/python3.9/site-packages/airflow/example_dags/example_branch_python_dop_operator_3.py
[2022-11-06T22:17:18.032-0300] {processor.py:766} INFO - DAG(s) dict_keys(['example_branch_dop_operator_v3']) retrieved from /home/debian/etlhausz/venv/lib/python3.9/site-packages/airflow/example_dags/example_branch_python_dop_operator_3.py
[2022-11-06T22:17:18.085-0300] {logging_mixin.py:120} INFO - [2022-11-06T22:17:18.085-0300] {dag.py:2585} INFO - Sync 1 DAGs
[2022-11-06T22:17:18.115-0300] {logging_mixin.py:120} INFO - [2022-11-06T22:17:18.115-0300] {dag.py:3336} INFO - Setting next_dagrun for example_branch_dop_operator_v3 to 2022-11-07T01:16:00+00:00, run_after=2022-11-07T01:17:00+00:00
[2022-11-06T22:17:18.141-0300] {processor.py:176} INFO - Processing /home/debian/etlhausz/venv/lib/python3.9/site-packages/airflow/example_dags/example_branch_python_dop_operator_3.py took 0.223 seconds
[2022-11-06T22:17:48.908-0300] {processor.py:154} INFO - Started process (PID=24079) to work on /home/debian/etlhausz/venv/lib/python3.9/site-packages/airflow/example_dags/example_branch_python_dop_operator_3.py
[2022-11-06T22:17:48.909-0300] {processor.py:756} INFO - Processing file /home/debian/etlhausz/venv/lib/python3.9/site-packages/airflow/example_dags/example_branch_python_dop_operator_3.py for tasks to queue
[2022-11-06T22:17:48.910-0300] {logging_mixin.py:120} INFO - [2022-11-06T22:17:48.910-0300] {dagbag.py:537} INFO - Filling up the DagBag from /home/debian/etlhausz/venv/lib/python3.9/site-packages/airflow/example_dags/example_branch_python_dop_operator_3.py
[2022-11-06T22:17:48.927-0300] {processor.py:766} INFO - DAG(s) dict_keys(['example_branch_dop_operator_v3']) retrieved from /home/debian/etlhausz/venv/lib/python3.9/site-packages/airflow/example_dags/example_branch_python_dop_operator_3.py
[2022-11-06T22:17:48.979-0300] {logging_mixin.py:120} INFO - [2022-11-06T22:17:48.978-0300] {dag.py:2585} INFO - Sync 1 DAGs
[2022-11-06T22:17:49.088-0300] {logging_mixin.py:120} INFO - [2022-11-06T22:17:49.087-0300] {dag.py:3336} INFO - Setting next_dagrun for example_branch_dop_operator_v3 to 2022-11-07T01:16:00+00:00, run_after=2022-11-07T01:17:00+00:00
[2022-11-06T22:17:49.110-0300] {processor.py:176} INFO - Processing /home/debian/etlhausz/venv/lib/python3.9/site-packages/airflow/example_dags/example_branch_python_dop_operator_3.py took 0.206 seconds
[2022-11-06T22:18:19.222-0300] {processor.py:154} INFO - Started process (PID=24686) to work on /home/debian/etlhausz/venv/lib/python3.9/site-packages/airflow/example_dags/example_branch_python_dop_operator_3.py
[2022-11-06T22:18:19.223-0300] {processor.py:756} INFO - Processing file /home/debian/etlhausz/venv/lib/python3.9/site-packages/airflow/example_dags/example_branch_python_dop_operator_3.py for tasks to queue
[2022-11-06T22:18:19.225-0300] {logging_mixin.py:120} INFO - [2022-11-06T22:18:19.224-0300] {dagbag.py:537} INFO - Filling up the DagBag from /home/debian/etlhausz/venv/lib/python3.9/site-packages/airflow/example_dags/example_branch_python_dop_operator_3.py
[2022-11-06T22:18:19.245-0300] {processor.py:766} INFO - DAG(s) dict_keys(['example_branch_dop_operator_v3']) retrieved from /home/debian/etlhausz/venv/lib/python3.9/site-packages/airflow/example_dags/example_branch_python_dop_operator_3.py
[2022-11-06T22:18:19.376-0300] {logging_mixin.py:120} INFO - [2022-11-06T22:18:19.375-0300] {dag.py:2585} INFO - Sync 1 DAGs
[2022-11-06T22:18:19.395-0300] {logging_mixin.py:120} INFO - [2022-11-06T22:18:19.395-0300] {dag.py:3336} INFO - Setting next_dagrun for example_branch_dop_operator_v3 to 2022-11-07T01:17:00+00:00, run_after=2022-11-07T01:18:00+00:00
[2022-11-06T22:18:19.411-0300] {processor.py:176} INFO - Processing /home/debian/etlhausz/venv/lib/python3.9/site-packages/airflow/example_dags/example_branch_python_dop_operator_3.py took 0.192 seconds
[2022-11-06T22:18:53.188-0300] {processor.py:154} INFO - Started process (PID=25338) to work on /home/debian/etlhausz/venv/lib/python3.9/site-packages/airflow/example_dags/example_branch_python_dop_operator_3.py
[2022-11-06T22:18:53.195-0300] {processor.py:756} INFO - Processing file /home/debian/etlhausz/venv/lib/python3.9/site-packages/airflow/example_dags/example_branch_python_dop_operator_3.py for tasks to queue
[2022-11-06T22:18:53.199-0300] {logging_mixin.py:120} INFO - [2022-11-06T22:18:53.196-0300] {dagbag.py:537} INFO - Filling up the DagBag from /home/debian/etlhausz/venv/lib/python3.9/site-packages/airflow/example_dags/example_branch_python_dop_operator_3.py
[2022-11-06T22:18:53.247-0300] {processor.py:766} INFO - DAG(s) dict_keys(['example_branch_dop_operator_v3']) retrieved from /home/debian/etlhausz/venv/lib/python3.9/site-packages/airflow/example_dags/example_branch_python_dop_operator_3.py
[2022-11-06T22:18:53.495-0300] {logging_mixin.py:120} INFO - [2022-11-06T22:18:53.495-0300] {dag.py:2585} INFO - Sync 1 DAGs
[2022-11-06T22:18:53.522-0300] {logging_mixin.py:120} INFO - [2022-11-06T22:18:53.521-0300] {dag.py:3336} INFO - Setting next_dagrun for example_branch_dop_operator_v3 to 2022-11-07T01:17:00+00:00, run_after=2022-11-07T01:18:00+00:00
[2022-11-06T22:18:53.537-0300] {processor.py:176} INFO - Processing /home/debian/etlhausz/venv/lib/python3.9/site-packages/airflow/example_dags/example_branch_python_dop_operator_3.py took 0.365 seconds
[2022-11-06T22:19:19.185-0300] {processor.py:154} INFO - Started process (PID=26244) to work on /home/debian/etlhausz/venv/lib/python3.9/site-packages/airflow/example_dags/example_branch_python_dop_operator_3.py
[2022-11-06T22:19:19.188-0300] {processor.py:756} INFO - Processing file /home/debian/etlhausz/venv/lib/python3.9/site-packages/airflow/example_dags/example_branch_python_dop_operator_3.py for tasks to queue
[2022-11-06T22:19:19.189-0300] {logging_mixin.py:120} INFO - [2022-11-06T22:19:19.189-0300] {dagbag.py:537} INFO - Filling up the DagBag from /home/debian/etlhausz/venv/lib/python3.9/site-packages/airflow/example_dags/example_branch_python_dop_operator_3.py
[2022-11-06T22:19:19.254-0300] {processor.py:766} INFO - DAG(s) dict_keys(['example_branch_dop_operator_v3']) retrieved from /home/debian/etlhausz/venv/lib/python3.9/site-packages/airflow/example_dags/example_branch_python_dop_operator_3.py
[2022-11-06T22:19:19.288-0300] {logging_mixin.py:120} INFO - [2022-11-06T22:19:19.288-0300] {dag.py:2585} INFO - Sync 1 DAGs
[2022-11-06T22:19:19.356-0300] {logging_mixin.py:120} INFO - [2022-11-06T22:19:19.356-0300] {dag.py:3336} INFO - Setting next_dagrun for example_branch_dop_operator_v3 to 2022-11-07T01:18:00+00:00, run_after=2022-11-07T01:19:00+00:00
[2022-11-06T22:19:19.384-0300] {processor.py:176} INFO - Processing /home/debian/etlhausz/venv/lib/python3.9/site-packages/airflow/example_dags/example_branch_python_dop_operator_3.py took 0.203 seconds
[2022-11-06T22:19:49.642-0300] {processor.py:154} INFO - Started process (PID=26832) to work on /home/debian/etlhausz/venv/lib/python3.9/site-packages/airflow/example_dags/example_branch_python_dop_operator_3.py
[2022-11-06T22:19:49.644-0300] {processor.py:756} INFO - Processing file /home/debian/etlhausz/venv/lib/python3.9/site-packages/airflow/example_dags/example_branch_python_dop_operator_3.py for tasks to queue
[2022-11-06T22:19:49.645-0300] {logging_mixin.py:120} INFO - [2022-11-06T22:19:49.644-0300] {dagbag.py:537} INFO - Filling up the DagBag from /home/debian/etlhausz/venv/lib/python3.9/site-packages/airflow/example_dags/example_branch_python_dop_operator_3.py
[2022-11-06T22:19:49.676-0300] {processor.py:766} INFO - DAG(s) dict_keys(['example_branch_dop_operator_v3']) retrieved from /home/debian/etlhausz/venv/lib/python3.9/site-packages/airflow/example_dags/example_branch_python_dop_operator_3.py
[2022-11-06T22:19:49.715-0300] {logging_mixin.py:120} INFO - [2022-11-06T22:19:49.715-0300] {dag.py:2585} INFO - Sync 1 DAGs
[2022-11-06T22:19:49.740-0300] {logging_mixin.py:120} INFO - [2022-11-06T22:19:49.740-0300] {dag.py:3336} INFO - Setting next_dagrun for example_branch_dop_operator_v3 to 2022-11-07T01:18:00+00:00, run_after=2022-11-07T01:19:00+00:00
[2022-11-06T22:19:49.774-0300] {processor.py:176} INFO - Processing /home/debian/etlhausz/venv/lib/python3.9/site-packages/airflow/example_dags/example_branch_python_dop_operator_3.py took 0.135 seconds
[2022-11-06T22:20:21.991-0300] {processor.py:154} INFO - Started process (PID=27604) to work on /home/debian/etlhausz/venv/lib/python3.9/site-packages/airflow/example_dags/example_branch_python_dop_operator_3.py
[2022-11-06T22:20:21.993-0300] {processor.py:756} INFO - Processing file /home/debian/etlhausz/venv/lib/python3.9/site-packages/airflow/example_dags/example_branch_python_dop_operator_3.py for tasks to queue
[2022-11-06T22:20:21.993-0300] {logging_mixin.py:120} INFO - [2022-11-06T22:20:21.993-0300] {dagbag.py:537} INFO - Filling up the DagBag from /home/debian/etlhausz/venv/lib/python3.9/site-packages/airflow/example_dags/example_branch_python_dop_operator_3.py
[2022-11-06T22:20:22.042-0300] {processor.py:766} INFO - DAG(s) dict_keys(['example_branch_dop_operator_v3']) retrieved from /home/debian/etlhausz/venv/lib/python3.9/site-packages/airflow/example_dags/example_branch_python_dop_operator_3.py
[2022-11-06T22:20:22.096-0300] {logging_mixin.py:120} INFO - [2022-11-06T22:20:22.095-0300] {dag.py:2585} INFO - Sync 1 DAGs
[2022-11-06T22:20:22.123-0300] {logging_mixin.py:120} INFO - [2022-11-06T22:20:22.123-0300] {dag.py:3336} INFO - Setting next_dagrun for example_branch_dop_operator_v3 to 2022-11-07T01:19:00+00:00, run_after=2022-11-07T01:20:00+00:00
[2022-11-06T22:20:22.146-0300] {processor.py:176} INFO - Processing /home/debian/etlhausz/venv/lib/python3.9/site-packages/airflow/example_dags/example_branch_python_dop_operator_3.py took 0.158 seconds
[2022-11-06T22:20:53.585-0300] {processor.py:154} INFO - Started process (PID=28261) to work on /home/debian/etlhausz/venv/lib/python3.9/site-packages/airflow/example_dags/example_branch_python_dop_operator_3.py
[2022-11-06T22:20:53.586-0300] {processor.py:756} INFO - Processing file /home/debian/etlhausz/venv/lib/python3.9/site-packages/airflow/example_dags/example_branch_python_dop_operator_3.py for tasks to queue
[2022-11-06T22:20:53.587-0300] {logging_mixin.py:120} INFO - [2022-11-06T22:20:53.586-0300] {dagbag.py:537} INFO - Filling up the DagBag from /home/debian/etlhausz/venv/lib/python3.9/site-packages/airflow/example_dags/example_branch_python_dop_operator_3.py
[2022-11-06T22:20:53.645-0300] {processor.py:766} INFO - DAG(s) dict_keys(['example_branch_dop_operator_v3']) retrieved from /home/debian/etlhausz/venv/lib/python3.9/site-packages/airflow/example_dags/example_branch_python_dop_operator_3.py
[2022-11-06T22:20:53.695-0300] {logging_mixin.py:120} INFO - [2022-11-06T22:20:53.695-0300] {dag.py:2585} INFO - Sync 1 DAGs
[2022-11-06T22:20:53.724-0300] {logging_mixin.py:120} INFO - [2022-11-06T22:20:53.723-0300] {dag.py:3336} INFO - Setting next_dagrun for example_branch_dop_operator_v3 to 2022-11-07T01:19:00+00:00, run_after=2022-11-07T01:20:00+00:00
[2022-11-06T22:20:53.748-0300] {processor.py:176} INFO - Processing /home/debian/etlhausz/venv/lib/python3.9/site-packages/airflow/example_dags/example_branch_python_dop_operator_3.py took 0.169 seconds
[2022-11-06T22:21:28.127-0300] {processor.py:154} INFO - Started process (PID=28915) to work on /home/debian/etlhausz/venv/lib/python3.9/site-packages/airflow/example_dags/example_branch_python_dop_operator_3.py
[2022-11-06T22:21:28.129-0300] {processor.py:756} INFO - Processing file /home/debian/etlhausz/venv/lib/python3.9/site-packages/airflow/example_dags/example_branch_python_dop_operator_3.py for tasks to queue
[2022-11-06T22:21:28.129-0300] {logging_mixin.py:120} INFO - [2022-11-06T22:21:28.129-0300] {dagbag.py:537} INFO - Filling up the DagBag from /home/debian/etlhausz/venv/lib/python3.9/site-packages/airflow/example_dags/example_branch_python_dop_operator_3.py
[2022-11-06T22:21:28.177-0300] {processor.py:766} INFO - DAG(s) dict_keys(['example_branch_dop_operator_v3']) retrieved from /home/debian/etlhausz/venv/lib/python3.9/site-packages/airflow/example_dags/example_branch_python_dop_operator_3.py
[2022-11-06T22:21:28.297-0300] {logging_mixin.py:120} INFO - [2022-11-06T22:21:28.296-0300] {dag.py:2585} INFO - Sync 1 DAGs
[2022-11-06T22:21:28.341-0300] {logging_mixin.py:120} INFO - [2022-11-06T22:21:28.341-0300] {dag.py:3336} INFO - Setting next_dagrun for example_branch_dop_operator_v3 to 2022-11-07T01:20:00+00:00, run_after=2022-11-07T01:21:00+00:00
[2022-11-06T22:21:28.390-0300] {processor.py:176} INFO - Processing /home/debian/etlhausz/venv/lib/python3.9/site-packages/airflow/example_dags/example_branch_python_dop_operator_3.py took 0.270 seconds
[2022-11-06T22:21:59.272-0300] {processor.py:154} INFO - Started process (PID=29398) to work on /home/debian/etlhausz/venv/lib/python3.9/site-packages/airflow/example_dags/example_branch_python_dop_operator_3.py
[2022-11-06T22:21:59.272-0300] {processor.py:756} INFO - Processing file /home/debian/etlhausz/venv/lib/python3.9/site-packages/airflow/example_dags/example_branch_python_dop_operator_3.py for tasks to queue
[2022-11-06T22:21:59.273-0300] {logging_mixin.py:120} INFO - [2022-11-06T22:21:59.273-0300] {dagbag.py:537} INFO - Filling up the DagBag from /home/debian/etlhausz/venv/lib/python3.9/site-packages/airflow/example_dags/example_branch_python_dop_operator_3.py
[2022-11-06T22:21:59.291-0300] {processor.py:766} INFO - DAG(s) dict_keys(['example_branch_dop_operator_v3']) retrieved from /home/debian/etlhausz/venv/lib/python3.9/site-packages/airflow/example_dags/example_branch_python_dop_operator_3.py
[2022-11-06T22:21:59.329-0300] {logging_mixin.py:120} INFO - [2022-11-06T22:21:59.329-0300] {dag.py:2585} INFO - Sync 1 DAGs
[2022-11-06T22:21:59.351-0300] {logging_mixin.py:120} INFO - [2022-11-06T22:21:59.350-0300] {dag.py:3336} INFO - Setting next_dagrun for example_branch_dop_operator_v3 to 2022-11-07T01:20:00+00:00, run_after=2022-11-07T01:21:00+00:00
[2022-11-06T22:21:59.372-0300] {processor.py:176} INFO - Processing /home/debian/etlhausz/venv/lib/python3.9/site-packages/airflow/example_dags/example_branch_python_dop_operator_3.py took 0.103 seconds
[2022-11-06T22:22:29.754-0300] {processor.py:154} INFO - Started process (PID=30036) to work on /home/debian/etlhausz/venv/lib/python3.9/site-packages/airflow/example_dags/example_branch_python_dop_operator_3.py
[2022-11-06T22:22:29.756-0300] {processor.py:756} INFO - Processing file /home/debian/etlhausz/venv/lib/python3.9/site-packages/airflow/example_dags/example_branch_python_dop_operator_3.py for tasks to queue
[2022-11-06T22:22:29.760-0300] {logging_mixin.py:120} INFO - [2022-11-06T22:22:29.759-0300] {dagbag.py:537} INFO - Filling up the DagBag from /home/debian/etlhausz/venv/lib/python3.9/site-packages/airflow/example_dags/example_branch_python_dop_operator_3.py
[2022-11-06T22:22:29.787-0300] {processor.py:766} INFO - DAG(s) dict_keys(['example_branch_dop_operator_v3']) retrieved from /home/debian/etlhausz/venv/lib/python3.9/site-packages/airflow/example_dags/example_branch_python_dop_operator_3.py
[2022-11-06T22:22:29.881-0300] {logging_mixin.py:120} INFO - [2022-11-06T22:22:29.881-0300] {dag.py:2585} INFO - Sync 1 DAGs
[2022-11-06T22:22:29.912-0300] {logging_mixin.py:120} INFO - [2022-11-06T22:22:29.912-0300] {dag.py:3336} INFO - Setting next_dagrun for example_branch_dop_operator_v3 to 2022-11-07T01:21:00+00:00, run_after=2022-11-07T01:22:00+00:00
[2022-11-06T22:22:29.954-0300] {processor.py:176} INFO - Processing /home/debian/etlhausz/venv/lib/python3.9/site-packages/airflow/example_dags/example_branch_python_dop_operator_3.py took 0.204 seconds
[2022-11-06T22:23:08.623-0300] {processor.py:154} INFO - Started process (PID=30919) to work on /home/debian/etlhausz/venv/lib/python3.9/site-packages/airflow/example_dags/example_branch_python_dop_operator_3.py
[2022-11-06T22:23:08.624-0300] {processor.py:756} INFO - Processing file /home/debian/etlhausz/venv/lib/python3.9/site-packages/airflow/example_dags/example_branch_python_dop_operator_3.py for tasks to queue
[2022-11-06T22:23:08.625-0300] {logging_mixin.py:120} INFO - [2022-11-06T22:23:08.625-0300] {dagbag.py:537} INFO - Filling up the DagBag from /home/debian/etlhausz/venv/lib/python3.9/site-packages/airflow/example_dags/example_branch_python_dop_operator_3.py
[2022-11-06T22:23:08.672-0300] {processor.py:766} INFO - DAG(s) dict_keys(['example_branch_dop_operator_v3']) retrieved from /home/debian/etlhausz/venv/lib/python3.9/site-packages/airflow/example_dags/example_branch_python_dop_operator_3.py
[2022-11-06T22:23:08.740-0300] {logging_mixin.py:120} INFO - [2022-11-06T22:23:08.740-0300] {dag.py:2585} INFO - Sync 1 DAGs
[2022-11-06T22:23:08.790-0300] {logging_mixin.py:120} INFO - [2022-11-06T22:23:08.790-0300] {dag.py:3336} INFO - Setting next_dagrun for example_branch_dop_operator_v3 to 2022-11-07T01:22:00+00:00, run_after=2022-11-07T01:23:00+00:00
[2022-11-06T22:23:08.830-0300] {processor.py:176} INFO - Processing /home/debian/etlhausz/venv/lib/python3.9/site-packages/airflow/example_dags/example_branch_python_dop_operator_3.py took 0.216 seconds
[2022-11-06T22:23:40.040-0300] {processor.py:154} INFO - Started process (PID=31473) to work on /home/debian/etlhausz/venv/lib/python3.9/site-packages/airflow/example_dags/example_branch_python_dop_operator_3.py
[2022-11-06T22:23:40.044-0300] {processor.py:756} INFO - Processing file /home/debian/etlhausz/venv/lib/python3.9/site-packages/airflow/example_dags/example_branch_python_dop_operator_3.py for tasks to queue
[2022-11-06T22:23:40.047-0300] {logging_mixin.py:120} INFO - [2022-11-06T22:23:40.047-0300] {dagbag.py:537} INFO - Filling up the DagBag from /home/debian/etlhausz/venv/lib/python3.9/site-packages/airflow/example_dags/example_branch_python_dop_operator_3.py
[2022-11-06T22:23:40.089-0300] {processor.py:766} INFO - DAG(s) dict_keys(['example_branch_dop_operator_v3']) retrieved from /home/debian/etlhausz/venv/lib/python3.9/site-packages/airflow/example_dags/example_branch_python_dop_operator_3.py
[2022-11-06T22:23:40.267-0300] {logging_mixin.py:120} INFO - [2022-11-06T22:23:40.267-0300] {dag.py:2585} INFO - Sync 1 DAGs
[2022-11-06T22:23:40.646-0300] {logging_mixin.py:120} INFO - [2022-11-06T22:23:40.615-0300] {dag.py:3336} INFO - Setting next_dagrun for example_branch_dop_operator_v3 to 2022-11-07T01:22:00+00:00, run_after=2022-11-07T01:23:00+00:00
[2022-11-06T22:23:41.023-0300] {processor.py:176} INFO - Processing /home/debian/etlhausz/venv/lib/python3.9/site-packages/airflow/example_dags/example_branch_python_dop_operator_3.py took 0.988 seconds
[2022-11-06T22:24:11.379-0300] {processor.py:154} INFO - Started process (PID=32072) to work on /home/debian/etlhausz/venv/lib/python3.9/site-packages/airflow/example_dags/example_branch_python_dop_operator_3.py
[2022-11-06T22:24:11.395-0300] {processor.py:756} INFO - Processing file /home/debian/etlhausz/venv/lib/python3.9/site-packages/airflow/example_dags/example_branch_python_dop_operator_3.py for tasks to queue
[2022-11-06T22:24:11.402-0300] {logging_mixin.py:120} INFO - [2022-11-06T22:24:11.402-0300] {dagbag.py:537} INFO - Filling up the DagBag from /home/debian/etlhausz/venv/lib/python3.9/site-packages/airflow/example_dags/example_branch_python_dop_operator_3.py
[2022-11-06T22:24:11.481-0300] {processor.py:766} INFO - DAG(s) dict_keys(['example_branch_dop_operator_v3']) retrieved from /home/debian/etlhausz/venv/lib/python3.9/site-packages/airflow/example_dags/example_branch_python_dop_operator_3.py
[2022-11-06T22:24:11.554-0300] {logging_mixin.py:120} INFO - [2022-11-06T22:24:11.553-0300] {dag.py:2585} INFO - Sync 1 DAGs
[2022-11-06T22:24:11.602-0300] {logging_mixin.py:120} INFO - [2022-11-06T22:24:11.602-0300] {dag.py:3336} INFO - Setting next_dagrun for example_branch_dop_operator_v3 to 2022-11-07T01:23:00+00:00, run_after=2022-11-07T01:24:00+00:00
[2022-11-06T22:24:11.630-0300] {processor.py:176} INFO - Processing /home/debian/etlhausz/venv/lib/python3.9/site-packages/airflow/example_dags/example_branch_python_dop_operator_3.py took 0.265 seconds
[2022-11-06T22:24:41.973-0300] {processor.py:154} INFO - Started process (PID=32639) to work on /home/debian/etlhausz/venv/lib/python3.9/site-packages/airflow/example_dags/example_branch_python_dop_operator_3.py
[2022-11-06T22:24:41.975-0300] {processor.py:756} INFO - Processing file /home/debian/etlhausz/venv/lib/python3.9/site-packages/airflow/example_dags/example_branch_python_dop_operator_3.py for tasks to queue
[2022-11-06T22:24:41.975-0300] {logging_mixin.py:120} INFO - [2022-11-06T22:24:41.975-0300] {dagbag.py:537} INFO - Filling up the DagBag from /home/debian/etlhausz/venv/lib/python3.9/site-packages/airflow/example_dags/example_branch_python_dop_operator_3.py
[2022-11-06T22:24:42.020-0300] {processor.py:766} INFO - DAG(s) dict_keys(['example_branch_dop_operator_v3']) retrieved from /home/debian/etlhausz/venv/lib/python3.9/site-packages/airflow/example_dags/example_branch_python_dop_operator_3.py
[2022-11-06T22:24:42.076-0300] {logging_mixin.py:120} INFO - [2022-11-06T22:24:42.076-0300] {dag.py:2585} INFO - Sync 1 DAGs
[2022-11-06T22:24:42.104-0300] {logging_mixin.py:120} INFO - [2022-11-06T22:24:42.104-0300] {dag.py:3336} INFO - Setting next_dagrun for example_branch_dop_operator_v3 to 2022-11-07T01:23:00+00:00, run_after=2022-11-07T01:24:00+00:00
[2022-11-06T22:24:42.133-0300] {processor.py:176} INFO - Processing /home/debian/etlhausz/venv/lib/python3.9/site-packages/airflow/example_dags/example_branch_python_dop_operator_3.py took 0.166 seconds
[2022-11-06T22:25:12.373-0300] {processor.py:154} INFO - Started process (PID=33340) to work on /home/debian/etlhausz/venv/lib/python3.9/site-packages/airflow/example_dags/example_branch_python_dop_operator_3.py
[2022-11-06T22:25:12.375-0300] {processor.py:756} INFO - Processing file /home/debian/etlhausz/venv/lib/python3.9/site-packages/airflow/example_dags/example_branch_python_dop_operator_3.py for tasks to queue
[2022-11-06T22:25:12.383-0300] {logging_mixin.py:120} INFO - [2022-11-06T22:25:12.383-0300] {dagbag.py:537} INFO - Filling up the DagBag from /home/debian/etlhausz/venv/lib/python3.9/site-packages/airflow/example_dags/example_branch_python_dop_operator_3.py
[2022-11-06T22:25:12.472-0300] {processor.py:766} INFO - DAG(s) dict_keys(['example_branch_dop_operator_v3']) retrieved from /home/debian/etlhausz/venv/lib/python3.9/site-packages/airflow/example_dags/example_branch_python_dop_operator_3.py
[2022-11-06T22:25:12.634-0300] {logging_mixin.py:120} INFO - [2022-11-06T22:25:12.633-0300] {dag.py:2585} INFO - Sync 1 DAGs
[2022-11-06T22:25:12.745-0300] {logging_mixin.py:120} INFO - [2022-11-06T22:25:12.745-0300] {dag.py:3336} INFO - Setting next_dagrun for example_branch_dop_operator_v3 to 2022-11-07T01:24:00+00:00, run_after=2022-11-07T01:25:00+00:00
[2022-11-06T22:25:12.899-0300] {processor.py:176} INFO - Processing /home/debian/etlhausz/venv/lib/python3.9/site-packages/airflow/example_dags/example_branch_python_dop_operator_3.py took 0.542 seconds
[2022-11-06T22:25:43.642-0300] {processor.py:154} INFO - Started process (PID=33880) to work on /home/debian/etlhausz/venv/lib/python3.9/site-packages/airflow/example_dags/example_branch_python_dop_operator_3.py
[2022-11-06T22:25:43.643-0300] {processor.py:756} INFO - Processing file /home/debian/etlhausz/venv/lib/python3.9/site-packages/airflow/example_dags/example_branch_python_dop_operator_3.py for tasks to queue
[2022-11-06T22:25:43.643-0300] {logging_mixin.py:120} INFO - [2022-11-06T22:25:43.643-0300] {dagbag.py:537} INFO - Filling up the DagBag from /home/debian/etlhausz/venv/lib/python3.9/site-packages/airflow/example_dags/example_branch_python_dop_operator_3.py
[2022-11-06T22:25:43.662-0300] {processor.py:766} INFO - DAG(s) dict_keys(['example_branch_dop_operator_v3']) retrieved from /home/debian/etlhausz/venv/lib/python3.9/site-packages/airflow/example_dags/example_branch_python_dop_operator_3.py
[2022-11-06T22:25:43.723-0300] {logging_mixin.py:120} INFO - [2022-11-06T22:25:43.723-0300] {dag.py:2585} INFO - Sync 1 DAGs
[2022-11-06T22:25:43.876-0300] {logging_mixin.py:120} INFO - [2022-11-06T22:25:43.876-0300] {dag.py:3336} INFO - Setting next_dagrun for example_branch_dop_operator_v3 to 2022-11-07T01:24:00+00:00, run_after=2022-11-07T01:25:00+00:00
[2022-11-06T22:25:43.900-0300] {processor.py:176} INFO - Processing /home/debian/etlhausz/venv/lib/python3.9/site-packages/airflow/example_dags/example_branch_python_dop_operator_3.py took 0.262 seconds
[2022-11-06T22:26:15.347-0300] {processor.py:154} INFO - Started process (PID=34426) to work on /home/debian/etlhausz/venv/lib/python3.9/site-packages/airflow/example_dags/example_branch_python_dop_operator_3.py
[2022-11-06T22:26:15.348-0300] {processor.py:756} INFO - Processing file /home/debian/etlhausz/venv/lib/python3.9/site-packages/airflow/example_dags/example_branch_python_dop_operator_3.py for tasks to queue
[2022-11-06T22:26:15.349-0300] {logging_mixin.py:120} INFO - [2022-11-06T22:26:15.348-0300] {dagbag.py:537} INFO - Filling up the DagBag from /home/debian/etlhausz/venv/lib/python3.9/site-packages/airflow/example_dags/example_branch_python_dop_operator_3.py
[2022-11-06T22:26:15.368-0300] {processor.py:766} INFO - DAG(s) dict_keys(['example_branch_dop_operator_v3']) retrieved from /home/debian/etlhausz/venv/lib/python3.9/site-packages/airflow/example_dags/example_branch_python_dop_operator_3.py
[2022-11-06T22:26:15.509-0300] {logging_mixin.py:120} INFO - [2022-11-06T22:26:15.509-0300] {dag.py:2585} INFO - Sync 1 DAGs
[2022-11-06T22:26:15.529-0300] {logging_mixin.py:120} INFO - [2022-11-06T22:26:15.529-0300] {dag.py:3336} INFO - Setting next_dagrun for example_branch_dop_operator_v3 to 2022-11-07T01:25:00+00:00, run_after=2022-11-07T01:26:00+00:00
[2022-11-06T22:26:15.550-0300] {processor.py:176} INFO - Processing /home/debian/etlhausz/venv/lib/python3.9/site-packages/airflow/example_dags/example_branch_python_dop_operator_3.py took 0.206 seconds
[2022-11-06T22:26:45.907-0300] {processor.py:154} INFO - Started process (PID=34912) to work on /home/debian/etlhausz/venv/lib/python3.9/site-packages/airflow/example_dags/example_branch_python_dop_operator_3.py
[2022-11-06T22:26:45.909-0300] {processor.py:756} INFO - Processing file /home/debian/etlhausz/venv/lib/python3.9/site-packages/airflow/example_dags/example_branch_python_dop_operator_3.py for tasks to queue
[2022-11-06T22:26:45.909-0300] {logging_mixin.py:120} INFO - [2022-11-06T22:26:45.909-0300] {dagbag.py:537} INFO - Filling up the DagBag from /home/debian/etlhausz/venv/lib/python3.9/site-packages/airflow/example_dags/example_branch_python_dop_operator_3.py
[2022-11-06T22:26:45.944-0300] {processor.py:766} INFO - DAG(s) dict_keys(['example_branch_dop_operator_v3']) retrieved from /home/debian/etlhausz/venv/lib/python3.9/site-packages/airflow/example_dags/example_branch_python_dop_operator_3.py
[2022-11-06T22:26:46.145-0300] {logging_mixin.py:120} INFO - [2022-11-06T22:26:46.144-0300] {dag.py:2585} INFO - Sync 1 DAGs
[2022-11-06T22:26:46.187-0300] {logging_mixin.py:120} INFO - [2022-11-06T22:26:46.187-0300] {dag.py:3336} INFO - Setting next_dagrun for example_branch_dop_operator_v3 to 2022-11-07T01:25:00+00:00, run_after=2022-11-07T01:26:00+00:00
[2022-11-06T22:26:46.208-0300] {processor.py:176} INFO - Processing /home/debian/etlhausz/venv/lib/python3.9/site-packages/airflow/example_dags/example_branch_python_dop_operator_3.py took 0.304 seconds
[2022-11-06T22:27:17.102-0300] {processor.py:154} INFO - Started process (PID=35443) to work on /home/debian/etlhausz/venv/lib/python3.9/site-packages/airflow/example_dags/example_branch_python_dop_operator_3.py
[2022-11-06T22:27:17.104-0300] {processor.py:756} INFO - Processing file /home/debian/etlhausz/venv/lib/python3.9/site-packages/airflow/example_dags/example_branch_python_dop_operator_3.py for tasks to queue
[2022-11-06T22:27:17.111-0300] {logging_mixin.py:120} INFO - [2022-11-06T22:27:17.111-0300] {dagbag.py:537} INFO - Filling up the DagBag from /home/debian/etlhausz/venv/lib/python3.9/site-packages/airflow/example_dags/example_branch_python_dop_operator_3.py
[2022-11-06T22:27:17.313-0300] {processor.py:766} INFO - DAG(s) dict_keys(['example_branch_dop_operator_v3']) retrieved from /home/debian/etlhausz/venv/lib/python3.9/site-packages/airflow/example_dags/example_branch_python_dop_operator_3.py
[2022-11-06T22:27:17.370-0300] {logging_mixin.py:120} INFO - [2022-11-06T22:27:17.370-0300] {dag.py:2585} INFO - Sync 1 DAGs
[2022-11-06T22:27:17.413-0300] {logging_mixin.py:120} INFO - [2022-11-06T22:27:17.413-0300] {dag.py:3336} INFO - Setting next_dagrun for example_branch_dop_operator_v3 to 2022-11-07T01:26:00+00:00, run_after=2022-11-07T01:27:00+00:00
[2022-11-06T22:27:17.530-0300] {processor.py:176} INFO - Processing /home/debian/etlhausz/venv/lib/python3.9/site-packages/airflow/example_dags/example_branch_python_dop_operator_3.py took 0.432 seconds
[2022-11-06T22:27:48.021-0300] {processor.py:154} INFO - Started process (PID=35914) to work on /home/debian/etlhausz/venv/lib/python3.9/site-packages/airflow/example_dags/example_branch_python_dop_operator_3.py
[2022-11-06T22:27:48.022-0300] {processor.py:756} INFO - Processing file /home/debian/etlhausz/venv/lib/python3.9/site-packages/airflow/example_dags/example_branch_python_dop_operator_3.py for tasks to queue
[2022-11-06T22:27:48.023-0300] {logging_mixin.py:120} INFO - [2022-11-06T22:27:48.023-0300] {dagbag.py:537} INFO - Filling up the DagBag from /home/debian/etlhausz/venv/lib/python3.9/site-packages/airflow/example_dags/example_branch_python_dop_operator_3.py
[2022-11-06T22:27:48.052-0300] {processor.py:766} INFO - DAG(s) dict_keys(['example_branch_dop_operator_v3']) retrieved from /home/debian/etlhausz/venv/lib/python3.9/site-packages/airflow/example_dags/example_branch_python_dop_operator_3.py
[2022-11-06T22:27:48.130-0300] {logging_mixin.py:120} INFO - [2022-11-06T22:27:48.130-0300] {dag.py:2585} INFO - Sync 1 DAGs
[2022-11-06T22:27:48.306-0300] {logging_mixin.py:120} INFO - [2022-11-06T22:27:48.306-0300] {dag.py:3336} INFO - Setting next_dagrun for example_branch_dop_operator_v3 to 2022-11-07T01:26:00+00:00, run_after=2022-11-07T01:27:00+00:00
[2022-11-06T22:27:48.336-0300] {processor.py:176} INFO - Processing /home/debian/etlhausz/venv/lib/python3.9/site-packages/airflow/example_dags/example_branch_python_dop_operator_3.py took 0.322 seconds
[2022-11-06T22:28:18.553-0300] {processor.py:154} INFO - Started process (PID=36562) to work on /home/debian/etlhausz/venv/lib/python3.9/site-packages/airflow/example_dags/example_branch_python_dop_operator_3.py
[2022-11-06T22:28:18.554-0300] {processor.py:756} INFO - Processing file /home/debian/etlhausz/venv/lib/python3.9/site-packages/airflow/example_dags/example_branch_python_dop_operator_3.py for tasks to queue
[2022-11-06T22:28:18.554-0300] {logging_mixin.py:120} INFO - [2022-11-06T22:28:18.554-0300] {dagbag.py:537} INFO - Filling up the DagBag from /home/debian/etlhausz/venv/lib/python3.9/site-packages/airflow/example_dags/example_branch_python_dop_operator_3.py
[2022-11-06T22:28:18.574-0300] {processor.py:766} INFO - DAG(s) dict_keys(['example_branch_dop_operator_v3']) retrieved from /home/debian/etlhausz/venv/lib/python3.9/site-packages/airflow/example_dags/example_branch_python_dop_operator_3.py
[2022-11-06T22:28:18.835-0300] {logging_mixin.py:120} INFO - [2022-11-06T22:28:18.835-0300] {dag.py:2585} INFO - Sync 1 DAGs
[2022-11-06T22:28:18.944-0300] {logging_mixin.py:120} INFO - [2022-11-06T22:28:18.944-0300] {dag.py:3336} INFO - Setting next_dagrun for example_branch_dop_operator_v3 to 2022-11-07T01:27:00+00:00, run_after=2022-11-07T01:28:00+00:00
[2022-11-06T22:28:18.994-0300] {processor.py:176} INFO - Processing /home/debian/etlhausz/venv/lib/python3.9/site-packages/airflow/example_dags/example_branch_python_dop_operator_3.py took 0.444 seconds
[2022-11-06T22:28:49.043-0300] {processor.py:154} INFO - Started process (PID=37107) to work on /home/debian/etlhausz/venv/lib/python3.9/site-packages/airflow/example_dags/example_branch_python_dop_operator_3.py
[2022-11-06T22:28:49.051-0300] {processor.py:756} INFO - Processing file /home/debian/etlhausz/venv/lib/python3.9/site-packages/airflow/example_dags/example_branch_python_dop_operator_3.py for tasks to queue
[2022-11-06T22:28:49.052-0300] {logging_mixin.py:120} INFO - [2022-11-06T22:28:49.052-0300] {dagbag.py:537} INFO - Filling up the DagBag from /home/debian/etlhausz/venv/lib/python3.9/site-packages/airflow/example_dags/example_branch_python_dop_operator_3.py
[2022-11-06T22:28:49.077-0300] {processor.py:766} INFO - DAG(s) dict_keys(['example_branch_dop_operator_v3']) retrieved from /home/debian/etlhausz/venv/lib/python3.9/site-packages/airflow/example_dags/example_branch_python_dop_operator_3.py
[2022-11-06T22:28:49.209-0300] {logging_mixin.py:120} INFO - [2022-11-06T22:28:49.209-0300] {dag.py:2585} INFO - Sync 1 DAGs
[2022-11-06T22:28:49.228-0300] {logging_mixin.py:120} INFO - [2022-11-06T22:28:49.228-0300] {dag.py:3336} INFO - Setting next_dagrun for example_branch_dop_operator_v3 to 2022-11-07T01:27:00+00:00, run_after=2022-11-07T01:28:00+00:00
[2022-11-06T22:28:49.248-0300] {processor.py:176} INFO - Processing /home/debian/etlhausz/venv/lib/python3.9/site-packages/airflow/example_dags/example_branch_python_dop_operator_3.py took 0.208 seconds
[2022-11-06T22:29:19.442-0300] {processor.py:154} INFO - Started process (PID=37651) to work on /home/debian/etlhausz/venv/lib/python3.9/site-packages/airflow/example_dags/example_branch_python_dop_operator_3.py
[2022-11-06T22:29:19.443-0300] {processor.py:756} INFO - Processing file /home/debian/etlhausz/venv/lib/python3.9/site-packages/airflow/example_dags/example_branch_python_dop_operator_3.py for tasks to queue
[2022-11-06T22:29:19.444-0300] {logging_mixin.py:120} INFO - [2022-11-06T22:29:19.444-0300] {dagbag.py:537} INFO - Filling up the DagBag from /home/debian/etlhausz/venv/lib/python3.9/site-packages/airflow/example_dags/example_branch_python_dop_operator_3.py
[2022-11-06T22:29:19.466-0300] {processor.py:766} INFO - DAG(s) dict_keys(['example_branch_dop_operator_v3']) retrieved from /home/debian/etlhausz/venv/lib/python3.9/site-packages/airflow/example_dags/example_branch_python_dop_operator_3.py
[2022-11-06T22:29:19.510-0300] {logging_mixin.py:120} INFO - [2022-11-06T22:29:19.510-0300] {dag.py:2585} INFO - Sync 1 DAGs
[2022-11-06T22:29:19.540-0300] {logging_mixin.py:120} INFO - [2022-11-06T22:29:19.540-0300] {dag.py:3336} INFO - Setting next_dagrun for example_branch_dop_operator_v3 to 2022-11-07T01:28:00+00:00, run_after=2022-11-07T01:29:00+00:00
[2022-11-06T22:29:19.655-0300] {processor.py:176} INFO - Processing /home/debian/etlhausz/venv/lib/python3.9/site-packages/airflow/example_dags/example_branch_python_dop_operator_3.py took 0.216 seconds
[2022-11-06T22:29:50.891-0300] {processor.py:154} INFO - Started process (PID=38195) to work on /home/debian/etlhausz/venv/lib/python3.9/site-packages/airflow/example_dags/example_branch_python_dop_operator_3.py
[2022-11-06T22:29:50.892-0300] {processor.py:756} INFO - Processing file /home/debian/etlhausz/venv/lib/python3.9/site-packages/airflow/example_dags/example_branch_python_dop_operator_3.py for tasks to queue
[2022-11-06T22:29:50.893-0300] {logging_mixin.py:120} INFO - [2022-11-06T22:29:50.893-0300] {dagbag.py:537} INFO - Filling up the DagBag from /home/debian/etlhausz/venv/lib/python3.9/site-packages/airflow/example_dags/example_branch_python_dop_operator_3.py
[2022-11-06T22:29:50.928-0300] {processor.py:766} INFO - DAG(s) dict_keys(['example_branch_dop_operator_v3']) retrieved from /home/debian/etlhausz/venv/lib/python3.9/site-packages/airflow/example_dags/example_branch_python_dop_operator_3.py
[2022-11-06T22:29:50.981-0300] {logging_mixin.py:120} INFO - [2022-11-06T22:29:50.981-0300] {dag.py:2585} INFO - Sync 1 DAGs
[2022-11-06T22:29:51.134-0300] {logging_mixin.py:120} INFO - [2022-11-06T22:29:51.134-0300] {dag.py:3336} INFO - Setting next_dagrun for example_branch_dop_operator_v3 to 2022-11-07T01:28:00+00:00, run_after=2022-11-07T01:29:00+00:00
[2022-11-06T22:29:51.163-0300] {processor.py:176} INFO - Processing /home/debian/etlhausz/venv/lib/python3.9/site-packages/airflow/example_dags/example_branch_python_dop_operator_3.py took 0.277 seconds
[2022-11-06T22:30:21.320-0300] {processor.py:154} INFO - Started process (PID=38863) to work on /home/debian/etlhausz/venv/lib/python3.9/site-packages/airflow/example_dags/example_branch_python_dop_operator_3.py
[2022-11-06T22:30:21.321-0300] {processor.py:756} INFO - Processing file /home/debian/etlhausz/venv/lib/python3.9/site-packages/airflow/example_dags/example_branch_python_dop_operator_3.py for tasks to queue
[2022-11-06T22:30:21.322-0300] {logging_mixin.py:120} INFO - [2022-11-06T22:30:21.322-0300] {dagbag.py:537} INFO - Filling up the DagBag from /home/debian/etlhausz/venv/lib/python3.9/site-packages/airflow/example_dags/example_branch_python_dop_operator_3.py
[2022-11-06T22:30:21.341-0300] {processor.py:766} INFO - DAG(s) dict_keys(['example_branch_dop_operator_v3']) retrieved from /home/debian/etlhausz/venv/lib/python3.9/site-packages/airflow/example_dags/example_branch_python_dop_operator_3.py
[2022-11-06T22:30:21.469-0300] {logging_mixin.py:120} INFO - [2022-11-06T22:30:21.469-0300] {dag.py:2585} INFO - Sync 1 DAGs
[2022-11-06T22:30:21.489-0300] {logging_mixin.py:120} INFO - [2022-11-06T22:30:21.489-0300] {dag.py:3336} INFO - Setting next_dagrun for example_branch_dop_operator_v3 to 2022-11-07T01:29:00+00:00, run_after=2022-11-07T01:30:00+00:00
[2022-11-06T22:30:21.510-0300] {processor.py:176} INFO - Processing /home/debian/etlhausz/venv/lib/python3.9/site-packages/airflow/example_dags/example_branch_python_dop_operator_3.py took 0.193 seconds
[2022-11-06T22:30:52.424-0300] {processor.py:154} INFO - Started process (PID=39342) to work on /home/debian/etlhausz/venv/lib/python3.9/site-packages/airflow/example_dags/example_branch_python_dop_operator_3.py
[2022-11-06T22:30:52.427-0300] {processor.py:756} INFO - Processing file /home/debian/etlhausz/venv/lib/python3.9/site-packages/airflow/example_dags/example_branch_python_dop_operator_3.py for tasks to queue
[2022-11-06T22:30:52.428-0300] {logging_mixin.py:120} INFO - [2022-11-06T22:30:52.428-0300] {dagbag.py:537} INFO - Filling up the DagBag from /home/debian/etlhausz/venv/lib/python3.9/site-packages/airflow/example_dags/example_branch_python_dop_operator_3.py
[2022-11-06T22:30:52.461-0300] {processor.py:766} INFO - DAG(s) dict_keys(['example_branch_dop_operator_v3']) retrieved from /home/debian/etlhausz/venv/lib/python3.9/site-packages/airflow/example_dags/example_branch_python_dop_operator_3.py
[2022-11-06T22:30:52.676-0300] {logging_mixin.py:120} INFO - [2022-11-06T22:30:52.676-0300] {dag.py:2585} INFO - Sync 1 DAGs
[2022-11-06T22:30:52.697-0300] {logging_mixin.py:120} INFO - [2022-11-06T22:30:52.697-0300] {dag.py:3336} INFO - Setting next_dagrun for example_branch_dop_operator_v3 to 2022-11-07T01:29:00+00:00, run_after=2022-11-07T01:30:00+00:00
[2022-11-06T22:30:52.739-0300] {processor.py:176} INFO - Processing /home/debian/etlhausz/venv/lib/python3.9/site-packages/airflow/example_dags/example_branch_python_dop_operator_3.py took 0.318 seconds
[2022-11-06T22:31:23.456-0300] {processor.py:154} INFO - Started process (PID=39871) to work on /home/debian/etlhausz/venv/lib/python3.9/site-packages/airflow/example_dags/example_branch_python_dop_operator_3.py
[2022-11-06T22:31:23.457-0300] {processor.py:756} INFO - Processing file /home/debian/etlhausz/venv/lib/python3.9/site-packages/airflow/example_dags/example_branch_python_dop_operator_3.py for tasks to queue
[2022-11-06T22:31:23.458-0300] {logging_mixin.py:120} INFO - [2022-11-06T22:31:23.458-0300] {dagbag.py:537} INFO - Filling up the DagBag from /home/debian/etlhausz/venv/lib/python3.9/site-packages/airflow/example_dags/example_branch_python_dop_operator_3.py
[2022-11-06T22:31:23.495-0300] {processor.py:766} INFO - DAG(s) dict_keys(['example_branch_dop_operator_v3']) retrieved from /home/debian/etlhausz/venv/lib/python3.9/site-packages/airflow/example_dags/example_branch_python_dop_operator_3.py
[2022-11-06T22:31:23.555-0300] {logging_mixin.py:120} INFO - [2022-11-06T22:31:23.555-0300] {dag.py:2585} INFO - Sync 1 DAGs
[2022-11-06T22:31:23.577-0300] {logging_mixin.py:120} INFO - [2022-11-06T22:31:23.576-0300] {dag.py:3336} INFO - Setting next_dagrun for example_branch_dop_operator_v3 to 2022-11-07T01:30:00+00:00, run_after=2022-11-07T01:31:00+00:00
[2022-11-06T22:31:23.693-0300] {processor.py:176} INFO - Processing /home/debian/etlhausz/venv/lib/python3.9/site-packages/airflow/example_dags/example_branch_python_dop_operator_3.py took 0.254 seconds
