[2022-11-06T21:00:22.003-0300] {processor.py:154} INFO - Started process (PID=61276) to work on /home/debian/etlhausz/venv/lib/python3.9/site-packages/airflow/example_dags/example_trigger_target_dag.py
[2022-11-06T21:00:22.004-0300] {processor.py:756} INFO - Processing file /home/debian/etlhausz/venv/lib/python3.9/site-packages/airflow/example_dags/example_trigger_target_dag.py for tasks to queue
[2022-11-06T21:00:22.005-0300] {logging_mixin.py:120} INFO - [2022-11-06T21:00:22.005-0300] {dagbag.py:537} INFO - Filling up the DagBag from /home/debian/etlhausz/venv/lib/python3.9/site-packages/airflow/example_dags/example_trigger_target_dag.py
[2022-11-06T21:00:22.043-0300] {processor.py:766} INFO - DAG(s) dict_keys(['example_trigger_target_dag']) retrieved from /home/debian/etlhausz/venv/lib/python3.9/site-packages/airflow/example_dags/example_trigger_target_dag.py
[2022-11-06T21:00:22.155-0300] {logging_mixin.py:120} INFO - [2022-11-06T21:00:22.155-0300] {dag.py:2585} INFO - Sync 1 DAGs
[2022-11-06T21:00:22.385-0300] {logging_mixin.py:120} INFO - [2022-11-06T21:00:22.384-0300] {dag.py:3336} INFO - Setting next_dagrun for example_trigger_target_dag to None, run_after=None
[2022-11-06T21:00:22.427-0300] {processor.py:176} INFO - Processing /home/debian/etlhausz/venv/lib/python3.9/site-packages/airflow/example_dags/example_trigger_target_dag.py took 0.427 seconds
[2022-11-06T21:00:54.487-0300] {processor.py:154} INFO - Started process (PID=61865) to work on /home/debian/etlhausz/venv/lib/python3.9/site-packages/airflow/example_dags/example_trigger_target_dag.py
[2022-11-06T21:00:54.489-0300] {processor.py:756} INFO - Processing file /home/debian/etlhausz/venv/lib/python3.9/site-packages/airflow/example_dags/example_trigger_target_dag.py for tasks to queue
[2022-11-06T21:00:54.489-0300] {logging_mixin.py:120} INFO - [2022-11-06T21:00:54.489-0300] {dagbag.py:537} INFO - Filling up the DagBag from /home/debian/etlhausz/venv/lib/python3.9/site-packages/airflow/example_dags/example_trigger_target_dag.py
[2022-11-06T21:00:54.508-0300] {processor.py:766} INFO - DAG(s) dict_keys(['example_trigger_target_dag']) retrieved from /home/debian/etlhausz/venv/lib/python3.9/site-packages/airflow/example_dags/example_trigger_target_dag.py
[2022-11-06T21:00:54.646-0300] {logging_mixin.py:120} INFO - [2022-11-06T21:00:54.646-0300] {dag.py:2585} INFO - Sync 1 DAGs
[2022-11-06T21:00:54.663-0300] {logging_mixin.py:120} INFO - [2022-11-06T21:00:54.663-0300] {dag.py:3336} INFO - Setting next_dagrun for example_trigger_target_dag to None, run_after=None
[2022-11-06T21:00:54.701-0300] {processor.py:176} INFO - Processing /home/debian/etlhausz/venv/lib/python3.9/site-packages/airflow/example_dags/example_trigger_target_dag.py took 0.216 seconds
[2022-11-06T21:01:26.797-0300] {processor.py:154} INFO - Started process (PID=62474) to work on /home/debian/etlhausz/venv/lib/python3.9/site-packages/airflow/example_dags/example_trigger_target_dag.py
[2022-11-06T21:01:26.806-0300] {processor.py:756} INFO - Processing file /home/debian/etlhausz/venv/lib/python3.9/site-packages/airflow/example_dags/example_trigger_target_dag.py for tasks to queue
[2022-11-06T21:01:26.807-0300] {logging_mixin.py:120} INFO - [2022-11-06T21:01:26.807-0300] {dagbag.py:537} INFO - Filling up the DagBag from /home/debian/etlhausz/venv/lib/python3.9/site-packages/airflow/example_dags/example_trigger_target_dag.py
[2022-11-06T21:01:26.836-0300] {processor.py:766} INFO - DAG(s) dict_keys(['example_trigger_target_dag']) retrieved from /home/debian/etlhausz/venv/lib/python3.9/site-packages/airflow/example_dags/example_trigger_target_dag.py
[2022-11-06T21:01:27.037-0300] {logging_mixin.py:120} INFO - [2022-11-06T21:01:27.036-0300] {dag.py:2585} INFO - Sync 1 DAGs
[2022-11-06T21:01:27.057-0300] {logging_mixin.py:120} INFO - [2022-11-06T21:01:27.057-0300] {dag.py:3336} INFO - Setting next_dagrun for example_trigger_target_dag to None, run_after=None
[2022-11-06T21:01:27.147-0300] {processor.py:176} INFO - Processing /home/debian/etlhausz/venv/lib/python3.9/site-packages/airflow/example_dags/example_trigger_target_dag.py took 0.354 seconds
[2022-11-06T21:01:58.313-0300] {processor.py:154} INFO - Started process (PID=63007) to work on /home/debian/etlhausz/venv/lib/python3.9/site-packages/airflow/example_dags/example_trigger_target_dag.py
[2022-11-06T21:01:58.315-0300] {processor.py:756} INFO - Processing file /home/debian/etlhausz/venv/lib/python3.9/site-packages/airflow/example_dags/example_trigger_target_dag.py for tasks to queue
[2022-11-06T21:01:58.316-0300] {logging_mixin.py:120} INFO - [2022-11-06T21:01:58.316-0300] {dagbag.py:537} INFO - Filling up the DagBag from /home/debian/etlhausz/venv/lib/python3.9/site-packages/airflow/example_dags/example_trigger_target_dag.py
[2022-11-06T21:01:58.525-0300] {processor.py:766} INFO - DAG(s) dict_keys(['example_trigger_target_dag']) retrieved from /home/debian/etlhausz/venv/lib/python3.9/site-packages/airflow/example_dags/example_trigger_target_dag.py
[2022-11-06T21:01:58.563-0300] {logging_mixin.py:120} INFO - [2022-11-06T21:01:58.563-0300] {dag.py:2585} INFO - Sync 1 DAGs
[2022-11-06T21:01:58.590-0300] {logging_mixin.py:120} INFO - [2022-11-06T21:01:58.590-0300] {dag.py:3336} INFO - Setting next_dagrun for example_trigger_target_dag to None, run_after=None
[2022-11-06T21:01:58.621-0300] {processor.py:176} INFO - Processing /home/debian/etlhausz/venv/lib/python3.9/site-packages/airflow/example_dags/example_trigger_target_dag.py took 0.314 seconds
[2022-11-06T21:02:29.183-0300] {processor.py:154} INFO - Started process (PID=63486) to work on /home/debian/etlhausz/venv/lib/python3.9/site-packages/airflow/example_dags/example_trigger_target_dag.py
[2022-11-06T21:02:29.184-0300] {processor.py:756} INFO - Processing file /home/debian/etlhausz/venv/lib/python3.9/site-packages/airflow/example_dags/example_trigger_target_dag.py for tasks to queue
[2022-11-06T21:02:29.185-0300] {logging_mixin.py:120} INFO - [2022-11-06T21:02:29.185-0300] {dagbag.py:537} INFO - Filling up the DagBag from /home/debian/etlhausz/venv/lib/python3.9/site-packages/airflow/example_dags/example_trigger_target_dag.py
[2022-11-06T21:02:29.203-0300] {processor.py:766} INFO - DAG(s) dict_keys(['example_trigger_target_dag']) retrieved from /home/debian/etlhausz/venv/lib/python3.9/site-packages/airflow/example_dags/example_trigger_target_dag.py
[2022-11-06T21:02:29.267-0300] {logging_mixin.py:120} INFO - [2022-11-06T21:02:29.266-0300] {dag.py:2585} INFO - Sync 1 DAGs
[2022-11-06T21:02:29.397-0300] {logging_mixin.py:120} INFO - [2022-11-06T21:02:29.397-0300] {dag.py:3336} INFO - Setting next_dagrun for example_trigger_target_dag to None, run_after=None
[2022-11-06T21:02:29.427-0300] {processor.py:176} INFO - Processing /home/debian/etlhausz/venv/lib/python3.9/site-packages/airflow/example_dags/example_trigger_target_dag.py took 0.247 seconds
[2022-11-06T21:02:59.541-0300] {processor.py:154} INFO - Started process (PID=64068) to work on /home/debian/etlhausz/venv/lib/python3.9/site-packages/airflow/example_dags/example_trigger_target_dag.py
[2022-11-06T21:02:59.542-0300] {processor.py:756} INFO - Processing file /home/debian/etlhausz/venv/lib/python3.9/site-packages/airflow/example_dags/example_trigger_target_dag.py for tasks to queue
[2022-11-06T21:02:59.543-0300] {logging_mixin.py:120} INFO - [2022-11-06T21:02:59.543-0300] {dagbag.py:537} INFO - Filling up the DagBag from /home/debian/etlhausz/venv/lib/python3.9/site-packages/airflow/example_dags/example_trigger_target_dag.py
[2022-11-06T21:02:59.563-0300] {processor.py:766} INFO - DAG(s) dict_keys(['example_trigger_target_dag']) retrieved from /home/debian/etlhausz/venv/lib/python3.9/site-packages/airflow/example_dags/example_trigger_target_dag.py
[2022-11-06T21:02:59.835-0300] {logging_mixin.py:120} INFO - [2022-11-06T21:02:59.834-0300] {dag.py:2585} INFO - Sync 1 DAGs
[2022-11-06T21:02:59.935-0300] {logging_mixin.py:120} INFO - [2022-11-06T21:02:59.935-0300] {dag.py:3336} INFO - Setting next_dagrun for example_trigger_target_dag to None, run_after=None
[2022-11-06T21:03:00.074-0300] {processor.py:176} INFO - Processing /home/debian/etlhausz/venv/lib/python3.9/site-packages/airflow/example_dags/example_trigger_target_dag.py took 0.537 seconds
[2022-11-06T21:03:30.235-0300] {processor.py:154} INFO - Started process (PID=64575) to work on /home/debian/etlhausz/venv/lib/python3.9/site-packages/airflow/example_dags/example_trigger_target_dag.py
[2022-11-06T21:03:30.236-0300] {processor.py:756} INFO - Processing file /home/debian/etlhausz/venv/lib/python3.9/site-packages/airflow/example_dags/example_trigger_target_dag.py for tasks to queue
[2022-11-06T21:03:30.237-0300] {logging_mixin.py:120} INFO - [2022-11-06T21:03:30.237-0300] {dagbag.py:537} INFO - Filling up the DagBag from /home/debian/etlhausz/venv/lib/python3.9/site-packages/airflow/example_dags/example_trigger_target_dag.py
[2022-11-06T21:03:30.258-0300] {processor.py:766} INFO - DAG(s) dict_keys(['example_trigger_target_dag']) retrieved from /home/debian/etlhausz/venv/lib/python3.9/site-packages/airflow/example_dags/example_trigger_target_dag.py
[2022-11-06T21:03:30.680-0300] {logging_mixin.py:120} INFO - [2022-11-06T21:03:30.680-0300] {dag.py:2585} INFO - Sync 1 DAGs
[2022-11-06T21:03:30.724-0300] {logging_mixin.py:120} INFO - [2022-11-06T21:03:30.724-0300] {dag.py:3336} INFO - Setting next_dagrun for example_trigger_target_dag to None, run_after=None
[2022-11-06T21:03:30.776-0300] {processor.py:176} INFO - Processing /home/debian/etlhausz/venv/lib/python3.9/site-packages/airflow/example_dags/example_trigger_target_dag.py took 0.556 seconds
[2022-11-06T21:04:00.936-0300] {processor.py:154} INFO - Started process (PID=65221) to work on /home/debian/etlhausz/venv/lib/python3.9/site-packages/airflow/example_dags/example_trigger_target_dag.py
[2022-11-06T21:04:00.943-0300] {processor.py:756} INFO - Processing file /home/debian/etlhausz/venv/lib/python3.9/site-packages/airflow/example_dags/example_trigger_target_dag.py for tasks to queue
[2022-11-06T21:04:00.944-0300] {logging_mixin.py:120} INFO - [2022-11-06T21:04:00.944-0300] {dagbag.py:537} INFO - Filling up the DagBag from /home/debian/etlhausz/venv/lib/python3.9/site-packages/airflow/example_dags/example_trigger_target_dag.py
[2022-11-06T21:04:01.504-0300] {processor.py:766} INFO - DAG(s) dict_keys(['example_trigger_target_dag']) retrieved from /home/debian/etlhausz/venv/lib/python3.9/site-packages/airflow/example_dags/example_trigger_target_dag.py
[2022-11-06T21:04:01.555-0300] {logging_mixin.py:120} INFO - [2022-11-06T21:04:01.555-0300] {dag.py:2585} INFO - Sync 1 DAGs
[2022-11-06T21:04:01.581-0300] {logging_mixin.py:120} INFO - [2022-11-06T21:04:01.575-0300] {dag.py:3336} INFO - Setting next_dagrun for example_trigger_target_dag to None, run_after=None
[2022-11-06T21:04:01.623-0300] {processor.py:176} INFO - Processing /home/debian/etlhausz/venv/lib/python3.9/site-packages/airflow/example_dags/example_trigger_target_dag.py took 0.697 seconds
[2022-11-06T22:01:42.916-0300] {processor.py:154} INFO - Started process (PID=5271) to work on /home/debian/etlhausz/venv/lib/python3.9/site-packages/airflow/example_dags/example_trigger_target_dag.py
[2022-11-06T22:01:42.917-0300] {processor.py:756} INFO - Processing file /home/debian/etlhausz/venv/lib/python3.9/site-packages/airflow/example_dags/example_trigger_target_dag.py for tasks to queue
[2022-11-06T22:01:42.921-0300] {logging_mixin.py:120} INFO - [2022-11-06T22:01:42.921-0300] {dagbag.py:537} INFO - Filling up the DagBag from /home/debian/etlhausz/venv/lib/python3.9/site-packages/airflow/example_dags/example_trigger_target_dag.py
[2022-11-06T22:01:42.987-0300] {processor.py:766} INFO - DAG(s) dict_keys(['example_trigger_target_dag']) retrieved from /home/debian/etlhausz/venv/lib/python3.9/site-packages/airflow/example_dags/example_trigger_target_dag.py
[2022-11-06T22:01:43.084-0300] {logging_mixin.py:120} INFO - [2022-11-06T22:01:43.084-0300] {dag.py:2585} INFO - Sync 1 DAGs
[2022-11-06T22:01:43.142-0300] {logging_mixin.py:120} INFO - [2022-11-06T22:01:43.140-0300] {dag.py:3336} INFO - Setting next_dagrun for example_trigger_target_dag to None, run_after=None
[2022-11-06T22:01:43.189-0300] {processor.py:176} INFO - Processing /home/debian/etlhausz/venv/lib/python3.9/site-packages/airflow/example_dags/example_trigger_target_dag.py took 0.276 seconds
[2022-11-06T22:02:14.159-0300] {processor.py:154} INFO - Started process (PID=5907) to work on /home/debian/etlhausz/venv/lib/python3.9/site-packages/airflow/example_dags/example_trigger_target_dag.py
[2022-11-06T22:02:14.169-0300] {processor.py:756} INFO - Processing file /home/debian/etlhausz/venv/lib/python3.9/site-packages/airflow/example_dags/example_trigger_target_dag.py for tasks to queue
[2022-11-06T22:02:14.169-0300] {logging_mixin.py:120} INFO - [2022-11-06T22:02:14.169-0300] {dagbag.py:537} INFO - Filling up the DagBag from /home/debian/etlhausz/venv/lib/python3.9/site-packages/airflow/example_dags/example_trigger_target_dag.py
[2022-11-06T22:02:14.198-0300] {processor.py:766} INFO - DAG(s) dict_keys(['example_trigger_target_dag']) retrieved from /home/debian/etlhausz/venv/lib/python3.9/site-packages/airflow/example_dags/example_trigger_target_dag.py
[2022-11-06T22:02:14.292-0300] {logging_mixin.py:120} INFO - [2022-11-06T22:02:14.288-0300] {dag.py:2585} INFO - Sync 1 DAGs
[2022-11-06T22:02:14.325-0300] {logging_mixin.py:120} INFO - [2022-11-06T22:02:14.324-0300] {dag.py:3336} INFO - Setting next_dagrun for example_trigger_target_dag to None, run_after=None
[2022-11-06T22:02:14.353-0300] {processor.py:176} INFO - Processing /home/debian/etlhausz/venv/lib/python3.9/site-packages/airflow/example_dags/example_trigger_target_dag.py took 0.202 seconds
[2022-11-06T22:02:44.445-0300] {processor.py:154} INFO - Started process (PID=6569) to work on /home/debian/etlhausz/venv/lib/python3.9/site-packages/airflow/example_dags/example_trigger_target_dag.py
[2022-11-06T22:02:44.447-0300] {processor.py:756} INFO - Processing file /home/debian/etlhausz/venv/lib/python3.9/site-packages/airflow/example_dags/example_trigger_target_dag.py for tasks to queue
[2022-11-06T22:02:44.447-0300] {logging_mixin.py:120} INFO - [2022-11-06T22:02:44.447-0300] {dagbag.py:537} INFO - Filling up the DagBag from /home/debian/etlhausz/venv/lib/python3.9/site-packages/airflow/example_dags/example_trigger_target_dag.py
[2022-11-06T22:02:44.464-0300] {processor.py:766} INFO - DAG(s) dict_keys(['example_trigger_target_dag']) retrieved from /home/debian/etlhausz/venv/lib/python3.9/site-packages/airflow/example_dags/example_trigger_target_dag.py
[2022-11-06T22:02:44.508-0300] {logging_mixin.py:120} INFO - [2022-11-06T22:02:44.508-0300] {dag.py:2585} INFO - Sync 1 DAGs
[2022-11-06T22:02:44.525-0300] {logging_mixin.py:120} INFO - [2022-11-06T22:02:44.525-0300] {dag.py:3336} INFO - Setting next_dagrun for example_trigger_target_dag to None, run_after=None
[2022-11-06T22:02:44.543-0300] {processor.py:176} INFO - Processing /home/debian/etlhausz/venv/lib/python3.9/site-packages/airflow/example_dags/example_trigger_target_dag.py took 0.102 seconds
[2022-11-06T22:03:17.748-0300] {processor.py:154} INFO - Started process (PID=7175) to work on /home/debian/etlhausz/venv/lib/python3.9/site-packages/airflow/example_dags/example_trigger_target_dag.py
[2022-11-06T22:03:17.749-0300] {processor.py:756} INFO - Processing file /home/debian/etlhausz/venv/lib/python3.9/site-packages/airflow/example_dags/example_trigger_target_dag.py for tasks to queue
[2022-11-06T22:03:17.750-0300] {logging_mixin.py:120} INFO - [2022-11-06T22:03:17.750-0300] {dagbag.py:537} INFO - Filling up the DagBag from /home/debian/etlhausz/venv/lib/python3.9/site-packages/airflow/example_dags/example_trigger_target_dag.py
[2022-11-06T22:03:17.776-0300] {processor.py:766} INFO - DAG(s) dict_keys(['example_trigger_target_dag']) retrieved from /home/debian/etlhausz/venv/lib/python3.9/site-packages/airflow/example_dags/example_trigger_target_dag.py
[2022-11-06T22:03:17.812-0300] {logging_mixin.py:120} INFO - [2022-11-06T22:03:17.812-0300] {dag.py:2585} INFO - Sync 1 DAGs
[2022-11-06T22:03:17.865-0300] {logging_mixin.py:120} INFO - [2022-11-06T22:03:17.865-0300] {dag.py:3336} INFO - Setting next_dagrun for example_trigger_target_dag to None, run_after=None
[2022-11-06T22:03:17.888-0300] {processor.py:176} INFO - Processing /home/debian/etlhausz/venv/lib/python3.9/site-packages/airflow/example_dags/example_trigger_target_dag.py took 0.143 seconds
[2022-11-06T22:03:47.950-0300] {processor.py:154} INFO - Started process (PID=7830) to work on /home/debian/etlhausz/venv/lib/python3.9/site-packages/airflow/example_dags/example_trigger_target_dag.py
[2022-11-06T22:03:47.951-0300] {processor.py:756} INFO - Processing file /home/debian/etlhausz/venv/lib/python3.9/site-packages/airflow/example_dags/example_trigger_target_dag.py for tasks to queue
[2022-11-06T22:03:47.952-0300] {logging_mixin.py:120} INFO - [2022-11-06T22:03:47.952-0300] {dagbag.py:537} INFO - Filling up the DagBag from /home/debian/etlhausz/venv/lib/python3.9/site-packages/airflow/example_dags/example_trigger_target_dag.py
[2022-11-06T22:03:47.969-0300] {processor.py:766} INFO - DAG(s) dict_keys(['example_trigger_target_dag']) retrieved from /home/debian/etlhausz/venv/lib/python3.9/site-packages/airflow/example_dags/example_trigger_target_dag.py
[2022-11-06T22:03:48.009-0300] {logging_mixin.py:120} INFO - [2022-11-06T22:03:48.008-0300] {dag.py:2585} INFO - Sync 1 DAGs
[2022-11-06T22:03:48.026-0300] {logging_mixin.py:120} INFO - [2022-11-06T22:03:48.026-0300] {dag.py:3336} INFO - Setting next_dagrun for example_trigger_target_dag to None, run_after=None
[2022-11-06T22:03:48.045-0300] {processor.py:176} INFO - Processing /home/debian/etlhausz/venv/lib/python3.9/site-packages/airflow/example_dags/example_trigger_target_dag.py took 0.098 seconds
[2022-11-06T22:04:18.777-0300] {processor.py:154} INFO - Started process (PID=8449) to work on /home/debian/etlhausz/venv/lib/python3.9/site-packages/airflow/example_dags/example_trigger_target_dag.py
[2022-11-06T22:04:18.778-0300] {processor.py:756} INFO - Processing file /home/debian/etlhausz/venv/lib/python3.9/site-packages/airflow/example_dags/example_trigger_target_dag.py for tasks to queue
[2022-11-06T22:04:18.779-0300] {logging_mixin.py:120} INFO - [2022-11-06T22:04:18.779-0300] {dagbag.py:537} INFO - Filling up the DagBag from /home/debian/etlhausz/venv/lib/python3.9/site-packages/airflow/example_dags/example_trigger_target_dag.py
[2022-11-06T22:04:18.799-0300] {processor.py:766} INFO - DAG(s) dict_keys(['example_trigger_target_dag']) retrieved from /home/debian/etlhausz/venv/lib/python3.9/site-packages/airflow/example_dags/example_trigger_target_dag.py
[2022-11-06T22:04:18.846-0300] {logging_mixin.py:120} INFO - [2022-11-06T22:04:18.845-0300] {dag.py:2585} INFO - Sync 1 DAGs
[2022-11-06T22:04:18.866-0300] {logging_mixin.py:120} INFO - [2022-11-06T22:04:18.866-0300] {dag.py:3336} INFO - Setting next_dagrun for example_trigger_target_dag to None, run_after=None
[2022-11-06T22:04:18.888-0300] {processor.py:176} INFO - Processing /home/debian/etlhausz/venv/lib/python3.9/site-packages/airflow/example_dags/example_trigger_target_dag.py took 0.115 seconds
[2022-11-06T22:04:51.482-0300] {processor.py:154} INFO - Started process (PID=9056) to work on /home/debian/etlhausz/venv/lib/python3.9/site-packages/airflow/example_dags/example_trigger_target_dag.py
[2022-11-06T22:04:51.484-0300] {processor.py:756} INFO - Processing file /home/debian/etlhausz/venv/lib/python3.9/site-packages/airflow/example_dags/example_trigger_target_dag.py for tasks to queue
[2022-11-06T22:04:51.484-0300] {logging_mixin.py:120} INFO - [2022-11-06T22:04:51.484-0300] {dagbag.py:537} INFO - Filling up the DagBag from /home/debian/etlhausz/venv/lib/python3.9/site-packages/airflow/example_dags/example_trigger_target_dag.py
[2022-11-06T22:04:51.503-0300] {processor.py:766} INFO - DAG(s) dict_keys(['example_trigger_target_dag']) retrieved from /home/debian/etlhausz/venv/lib/python3.9/site-packages/airflow/example_dags/example_trigger_target_dag.py
[2022-11-06T22:04:51.550-0300] {logging_mixin.py:120} INFO - [2022-11-06T22:04:51.550-0300] {dag.py:2585} INFO - Sync 1 DAGs
[2022-11-06T22:04:51.587-0300] {logging_mixin.py:120} INFO - [2022-11-06T22:04:51.587-0300] {dag.py:3336} INFO - Setting next_dagrun for example_trigger_target_dag to None, run_after=None
[2022-11-06T22:04:51.608-0300] {processor.py:176} INFO - Processing /home/debian/etlhausz/venv/lib/python3.9/site-packages/airflow/example_dags/example_trigger_target_dag.py took 0.128 seconds
[2022-11-06T22:05:33.033-0300] {processor.py:154} INFO - Started process (PID=9963) to work on /home/debian/etlhausz/venv/lib/python3.9/site-packages/airflow/example_dags/example_trigger_target_dag.py
[2022-11-06T22:05:33.035-0300] {processor.py:756} INFO - Processing file /home/debian/etlhausz/venv/lib/python3.9/site-packages/airflow/example_dags/example_trigger_target_dag.py for tasks to queue
[2022-11-06T22:05:33.035-0300] {logging_mixin.py:120} INFO - [2022-11-06T22:05:33.035-0300] {dagbag.py:537} INFO - Filling up the DagBag from /home/debian/etlhausz/venv/lib/python3.9/site-packages/airflow/example_dags/example_trigger_target_dag.py
[2022-11-06T22:05:33.054-0300] {processor.py:766} INFO - DAG(s) dict_keys(['example_trigger_target_dag']) retrieved from /home/debian/etlhausz/venv/lib/python3.9/site-packages/airflow/example_dags/example_trigger_target_dag.py
[2022-11-06T22:05:33.098-0300] {logging_mixin.py:120} INFO - [2022-11-06T22:05:33.098-0300] {dag.py:2585} INFO - Sync 1 DAGs
[2022-11-06T22:05:33.118-0300] {logging_mixin.py:120} INFO - [2022-11-06T22:05:33.118-0300] {dag.py:3336} INFO - Setting next_dagrun for example_trigger_target_dag to None, run_after=None
[2022-11-06T22:05:33.141-0300] {processor.py:176} INFO - Processing /home/debian/etlhausz/venv/lib/python3.9/site-packages/airflow/example_dags/example_trigger_target_dag.py took 0.110 seconds
[2022-11-06T22:06:05.900-0300] {processor.py:154} INFO - Started process (PID=10576) to work on /home/debian/etlhausz/venv/lib/python3.9/site-packages/airflow/example_dags/example_trigger_target_dag.py
[2022-11-06T22:06:05.940-0300] {processor.py:756} INFO - Processing file /home/debian/etlhausz/venv/lib/python3.9/site-packages/airflow/example_dags/example_trigger_target_dag.py for tasks to queue
[2022-11-06T22:06:05.941-0300] {logging_mixin.py:120} INFO - [2022-11-06T22:06:05.941-0300] {dagbag.py:537} INFO - Filling up the DagBag from /home/debian/etlhausz/venv/lib/python3.9/site-packages/airflow/example_dags/example_trigger_target_dag.py
[2022-11-06T22:06:06.008-0300] {processor.py:766} INFO - DAG(s) dict_keys(['example_trigger_target_dag']) retrieved from /home/debian/etlhausz/venv/lib/python3.9/site-packages/airflow/example_dags/example_trigger_target_dag.py
[2022-11-06T22:06:06.089-0300] {logging_mixin.py:120} INFO - [2022-11-06T22:06:06.089-0300] {dag.py:2585} INFO - Sync 1 DAGs
[2022-11-06T22:06:06.125-0300] {logging_mixin.py:120} INFO - [2022-11-06T22:06:06.124-0300] {dag.py:3336} INFO - Setting next_dagrun for example_trigger_target_dag to None, run_after=None
[2022-11-06T22:06:06.192-0300] {processor.py:176} INFO - Processing /home/debian/etlhausz/venv/lib/python3.9/site-packages/airflow/example_dags/example_trigger_target_dag.py took 0.315 seconds
[2022-11-06T22:06:36.749-0300] {processor.py:154} INFO - Started process (PID=11173) to work on /home/debian/etlhausz/venv/lib/python3.9/site-packages/airflow/example_dags/example_trigger_target_dag.py
[2022-11-06T22:06:36.750-0300] {processor.py:756} INFO - Processing file /home/debian/etlhausz/venv/lib/python3.9/site-packages/airflow/example_dags/example_trigger_target_dag.py for tasks to queue
[2022-11-06T22:06:36.751-0300] {logging_mixin.py:120} INFO - [2022-11-06T22:06:36.751-0300] {dagbag.py:537} INFO - Filling up the DagBag from /home/debian/etlhausz/venv/lib/python3.9/site-packages/airflow/example_dags/example_trigger_target_dag.py
[2022-11-06T22:06:36.772-0300] {processor.py:766} INFO - DAG(s) dict_keys(['example_trigger_target_dag']) retrieved from /home/debian/etlhausz/venv/lib/python3.9/site-packages/airflow/example_dags/example_trigger_target_dag.py
[2022-11-06T22:06:36.825-0300] {logging_mixin.py:120} INFO - [2022-11-06T22:06:36.825-0300] {dag.py:2585} INFO - Sync 1 DAGs
[2022-11-06T22:06:36.846-0300] {logging_mixin.py:120} INFO - [2022-11-06T22:06:36.846-0300] {dag.py:3336} INFO - Setting next_dagrun for example_trigger_target_dag to None, run_after=None
[2022-11-06T22:06:36.866-0300] {processor.py:176} INFO - Processing /home/debian/etlhausz/venv/lib/python3.9/site-packages/airflow/example_dags/example_trigger_target_dag.py took 0.120 seconds
[2022-11-06T22:07:07.170-0300] {processor.py:154} INFO - Started process (PID=11723) to work on /home/debian/etlhausz/venv/lib/python3.9/site-packages/airflow/example_dags/example_trigger_target_dag.py
[2022-11-06T22:07:07.178-0300] {processor.py:756} INFO - Processing file /home/debian/etlhausz/venv/lib/python3.9/site-packages/airflow/example_dags/example_trigger_target_dag.py for tasks to queue
[2022-11-06T22:07:07.182-0300] {logging_mixin.py:120} INFO - [2022-11-06T22:07:07.182-0300] {dagbag.py:537} INFO - Filling up the DagBag from /home/debian/etlhausz/venv/lib/python3.9/site-packages/airflow/example_dags/example_trigger_target_dag.py
[2022-11-06T22:07:07.207-0300] {processor.py:766} INFO - DAG(s) dict_keys(['example_trigger_target_dag']) retrieved from /home/debian/etlhausz/venv/lib/python3.9/site-packages/airflow/example_dags/example_trigger_target_dag.py
[2022-11-06T22:07:07.265-0300] {logging_mixin.py:120} INFO - [2022-11-06T22:07:07.265-0300] {dag.py:2585} INFO - Sync 1 DAGs
[2022-11-06T22:07:07.302-0300] {logging_mixin.py:120} INFO - [2022-11-06T22:07:07.302-0300] {dag.py:3336} INFO - Setting next_dagrun for example_trigger_target_dag to None, run_after=None
[2022-11-06T22:07:07.339-0300] {processor.py:176} INFO - Processing /home/debian/etlhausz/venv/lib/python3.9/site-packages/airflow/example_dags/example_trigger_target_dag.py took 0.174 seconds
[2022-11-06T22:07:41.980-0300] {processor.py:154} INFO - Started process (PID=12418) to work on /home/debian/etlhausz/venv/lib/python3.9/site-packages/airflow/example_dags/example_trigger_target_dag.py
[2022-11-06T22:07:41.983-0300] {processor.py:756} INFO - Processing file /home/debian/etlhausz/venv/lib/python3.9/site-packages/airflow/example_dags/example_trigger_target_dag.py for tasks to queue
[2022-11-06T22:07:41.984-0300] {logging_mixin.py:120} INFO - [2022-11-06T22:07:41.984-0300] {dagbag.py:537} INFO - Filling up the DagBag from /home/debian/etlhausz/venv/lib/python3.9/site-packages/airflow/example_dags/example_trigger_target_dag.py
[2022-11-06T22:07:42.010-0300] {processor.py:766} INFO - DAG(s) dict_keys(['example_trigger_target_dag']) retrieved from /home/debian/etlhausz/venv/lib/python3.9/site-packages/airflow/example_dags/example_trigger_target_dag.py
[2022-11-06T22:07:42.070-0300] {logging_mixin.py:120} INFO - [2022-11-06T22:07:42.069-0300] {dag.py:2585} INFO - Sync 1 DAGs
[2022-11-06T22:07:42.105-0300] {logging_mixin.py:120} INFO - [2022-11-06T22:07:42.105-0300] {dag.py:3336} INFO - Setting next_dagrun for example_trigger_target_dag to None, run_after=None
[2022-11-06T22:07:42.150-0300] {processor.py:176} INFO - Processing /home/debian/etlhausz/venv/lib/python3.9/site-packages/airflow/example_dags/example_trigger_target_dag.py took 0.173 seconds
[2022-11-06T22:08:12.423-0300] {processor.py:154} INFO - Started process (PID=13176) to work on /home/debian/etlhausz/venv/lib/python3.9/site-packages/airflow/example_dags/example_trigger_target_dag.py
[2022-11-06T22:08:12.424-0300] {processor.py:756} INFO - Processing file /home/debian/etlhausz/venv/lib/python3.9/site-packages/airflow/example_dags/example_trigger_target_dag.py for tasks to queue
[2022-11-06T22:08:12.425-0300] {logging_mixin.py:120} INFO - [2022-11-06T22:08:12.425-0300] {dagbag.py:537} INFO - Filling up the DagBag from /home/debian/etlhausz/venv/lib/python3.9/site-packages/airflow/example_dags/example_trigger_target_dag.py
[2022-11-06T22:08:12.447-0300] {processor.py:766} INFO - DAG(s) dict_keys(['example_trigger_target_dag']) retrieved from /home/debian/etlhausz/venv/lib/python3.9/site-packages/airflow/example_dags/example_trigger_target_dag.py
[2022-11-06T22:08:12.493-0300] {logging_mixin.py:120} INFO - [2022-11-06T22:08:12.492-0300] {dag.py:2585} INFO - Sync 1 DAGs
[2022-11-06T22:08:12.513-0300] {logging_mixin.py:120} INFO - [2022-11-06T22:08:12.513-0300] {dag.py:3336} INFO - Setting next_dagrun for example_trigger_target_dag to None, run_after=None
[2022-11-06T22:08:12.536-0300] {processor.py:176} INFO - Processing /home/debian/etlhausz/venv/lib/python3.9/site-packages/airflow/example_dags/example_trigger_target_dag.py took 0.116 seconds
[2022-11-06T22:08:42.948-0300] {processor.py:154} INFO - Started process (PID=13828) to work on /home/debian/etlhausz/venv/lib/python3.9/site-packages/airflow/example_dags/example_trigger_target_dag.py
[2022-11-06T22:08:42.950-0300] {processor.py:756} INFO - Processing file /home/debian/etlhausz/venv/lib/python3.9/site-packages/airflow/example_dags/example_trigger_target_dag.py for tasks to queue
[2022-11-06T22:08:42.952-0300] {logging_mixin.py:120} INFO - [2022-11-06T22:08:42.952-0300] {dagbag.py:537} INFO - Filling up the DagBag from /home/debian/etlhausz/venv/lib/python3.9/site-packages/airflow/example_dags/example_trigger_target_dag.py
[2022-11-06T22:08:42.974-0300] {processor.py:766} INFO - DAG(s) dict_keys(['example_trigger_target_dag']) retrieved from /home/debian/etlhausz/venv/lib/python3.9/site-packages/airflow/example_dags/example_trigger_target_dag.py
[2022-11-06T22:08:43.045-0300] {logging_mixin.py:120} INFO - [2022-11-06T22:08:43.045-0300] {dag.py:2585} INFO - Sync 1 DAGs
[2022-11-06T22:08:43.069-0300] {logging_mixin.py:120} INFO - [2022-11-06T22:08:43.069-0300] {dag.py:3336} INFO - Setting next_dagrun for example_trigger_target_dag to None, run_after=None
[2022-11-06T22:08:43.092-0300] {processor.py:176} INFO - Processing /home/debian/etlhausz/venv/lib/python3.9/site-packages/airflow/example_dags/example_trigger_target_dag.py took 0.150 seconds
[2022-11-06T22:09:15.044-0300] {processor.py:154} INFO - Started process (PID=14499) to work on /home/debian/etlhausz/venv/lib/python3.9/site-packages/airflow/example_dags/example_trigger_target_dag.py
[2022-11-06T22:09:15.045-0300] {processor.py:756} INFO - Processing file /home/debian/etlhausz/venv/lib/python3.9/site-packages/airflow/example_dags/example_trigger_target_dag.py for tasks to queue
[2022-11-06T22:09:15.045-0300] {logging_mixin.py:120} INFO - [2022-11-06T22:09:15.045-0300] {dagbag.py:537} INFO - Filling up the DagBag from /home/debian/etlhausz/venv/lib/python3.9/site-packages/airflow/example_dags/example_trigger_target_dag.py
[2022-11-06T22:09:15.079-0300] {processor.py:766} INFO - DAG(s) dict_keys(['example_trigger_target_dag']) retrieved from /home/debian/etlhausz/venv/lib/python3.9/site-packages/airflow/example_dags/example_trigger_target_dag.py
[2022-11-06T22:09:15.136-0300] {logging_mixin.py:120} INFO - [2022-11-06T22:09:15.136-0300] {dag.py:2585} INFO - Sync 1 DAGs
[2022-11-06T22:09:15.184-0300] {logging_mixin.py:120} INFO - [2022-11-06T22:09:15.183-0300] {dag.py:3336} INFO - Setting next_dagrun for example_trigger_target_dag to None, run_after=None
[2022-11-06T22:09:15.245-0300] {processor.py:176} INFO - Processing /home/debian/etlhausz/venv/lib/python3.9/site-packages/airflow/example_dags/example_trigger_target_dag.py took 0.205 seconds
[2022-11-06T22:09:47.302-0300] {processor.py:154} INFO - Started process (PID=15121) to work on /home/debian/etlhausz/venv/lib/python3.9/site-packages/airflow/example_dags/example_trigger_target_dag.py
[2022-11-06T22:09:47.303-0300] {processor.py:756} INFO - Processing file /home/debian/etlhausz/venv/lib/python3.9/site-packages/airflow/example_dags/example_trigger_target_dag.py for tasks to queue
[2022-11-06T22:09:47.304-0300] {logging_mixin.py:120} INFO - [2022-11-06T22:09:47.304-0300] {dagbag.py:537} INFO - Filling up the DagBag from /home/debian/etlhausz/venv/lib/python3.9/site-packages/airflow/example_dags/example_trigger_target_dag.py
[2022-11-06T22:09:47.336-0300] {processor.py:766} INFO - DAG(s) dict_keys(['example_trigger_target_dag']) retrieved from /home/debian/etlhausz/venv/lib/python3.9/site-packages/airflow/example_dags/example_trigger_target_dag.py
[2022-11-06T22:09:47.386-0300] {logging_mixin.py:120} INFO - [2022-11-06T22:09:47.386-0300] {dag.py:2585} INFO - Sync 1 DAGs
[2022-11-06T22:09:47.407-0300] {logging_mixin.py:120} INFO - [2022-11-06T22:09:47.407-0300] {dag.py:3336} INFO - Setting next_dagrun for example_trigger_target_dag to None, run_after=None
[2022-11-06T22:09:47.431-0300] {processor.py:176} INFO - Processing /home/debian/etlhausz/venv/lib/python3.9/site-packages/airflow/example_dags/example_trigger_target_dag.py took 0.135 seconds
[2022-11-06T22:10:20.786-0300] {processor.py:154} INFO - Started process (PID=15726) to work on /home/debian/etlhausz/venv/lib/python3.9/site-packages/airflow/example_dags/example_trigger_target_dag.py
[2022-11-06T22:10:20.787-0300] {processor.py:756} INFO - Processing file /home/debian/etlhausz/venv/lib/python3.9/site-packages/airflow/example_dags/example_trigger_target_dag.py for tasks to queue
[2022-11-06T22:10:20.789-0300] {logging_mixin.py:120} INFO - [2022-11-06T22:10:20.789-0300] {dagbag.py:537} INFO - Filling up the DagBag from /home/debian/etlhausz/venv/lib/python3.9/site-packages/airflow/example_dags/example_trigger_target_dag.py
[2022-11-06T22:10:20.815-0300] {processor.py:766} INFO - DAG(s) dict_keys(['example_trigger_target_dag']) retrieved from /home/debian/etlhausz/venv/lib/python3.9/site-packages/airflow/example_dags/example_trigger_target_dag.py
[2022-11-06T22:10:20.877-0300] {logging_mixin.py:120} INFO - [2022-11-06T22:10:20.877-0300] {dag.py:2585} INFO - Sync 1 DAGs
[2022-11-06T22:10:20.894-0300] {logging_mixin.py:120} INFO - [2022-11-06T22:10:20.894-0300] {dag.py:3336} INFO - Setting next_dagrun for example_trigger_target_dag to None, run_after=None
[2022-11-06T22:10:20.915-0300] {processor.py:176} INFO - Processing /home/debian/etlhausz/venv/lib/python3.9/site-packages/airflow/example_dags/example_trigger_target_dag.py took 0.132 seconds
[2022-11-06T22:10:52.160-0300] {processor.py:154} INFO - Started process (PID=16356) to work on /home/debian/etlhausz/venv/lib/python3.9/site-packages/airflow/example_dags/example_trigger_target_dag.py
[2022-11-06T22:10:52.162-0300] {processor.py:756} INFO - Processing file /home/debian/etlhausz/venv/lib/python3.9/site-packages/airflow/example_dags/example_trigger_target_dag.py for tasks to queue
[2022-11-06T22:10:52.163-0300] {logging_mixin.py:120} INFO - [2022-11-06T22:10:52.163-0300] {dagbag.py:537} INFO - Filling up the DagBag from /home/debian/etlhausz/venv/lib/python3.9/site-packages/airflow/example_dags/example_trigger_target_dag.py
[2022-11-06T22:10:52.182-0300] {processor.py:766} INFO - DAG(s) dict_keys(['example_trigger_target_dag']) retrieved from /home/debian/etlhausz/venv/lib/python3.9/site-packages/airflow/example_dags/example_trigger_target_dag.py
[2022-11-06T22:10:52.231-0300] {logging_mixin.py:120} INFO - [2022-11-06T22:10:52.230-0300] {dag.py:2585} INFO - Sync 1 DAGs
[2022-11-06T22:10:52.248-0300] {logging_mixin.py:120} INFO - [2022-11-06T22:10:52.248-0300] {dag.py:3336} INFO - Setting next_dagrun for example_trigger_target_dag to None, run_after=None
[2022-11-06T22:10:52.271-0300] {processor.py:176} INFO - Processing /home/debian/etlhausz/venv/lib/python3.9/site-packages/airflow/example_dags/example_trigger_target_dag.py took 0.115 seconds
[2022-11-06T22:11:25.694-0300] {processor.py:154} INFO - Started process (PID=16942) to work on /home/debian/etlhausz/venv/lib/python3.9/site-packages/airflow/example_dags/example_trigger_target_dag.py
[2022-11-06T22:11:25.697-0300] {processor.py:756} INFO - Processing file /home/debian/etlhausz/venv/lib/python3.9/site-packages/airflow/example_dags/example_trigger_target_dag.py for tasks to queue
[2022-11-06T22:11:25.699-0300] {logging_mixin.py:120} INFO - [2022-11-06T22:11:25.698-0300] {dagbag.py:537} INFO - Filling up the DagBag from /home/debian/etlhausz/venv/lib/python3.9/site-packages/airflow/example_dags/example_trigger_target_dag.py
[2022-11-06T22:11:25.743-0300] {processor.py:766} INFO - DAG(s) dict_keys(['example_trigger_target_dag']) retrieved from /home/debian/etlhausz/venv/lib/python3.9/site-packages/airflow/example_dags/example_trigger_target_dag.py
[2022-11-06T22:11:25.803-0300] {logging_mixin.py:120} INFO - [2022-11-06T22:11:25.802-0300] {dag.py:2585} INFO - Sync 1 DAGs
[2022-11-06T22:11:25.914-0300] {logging_mixin.py:120} INFO - [2022-11-06T22:11:25.913-0300] {dag.py:3336} INFO - Setting next_dagrun for example_trigger_target_dag to None, run_after=None
[2022-11-06T22:11:25.954-0300] {processor.py:176} INFO - Processing /home/debian/etlhausz/venv/lib/python3.9/site-packages/airflow/example_dags/example_trigger_target_dag.py took 0.263 seconds
[2022-11-06T22:12:03.243-0300] {processor.py:154} INFO - Started process (PID=17517) to work on /home/debian/etlhausz/venv/lib/python3.9/site-packages/airflow/example_dags/example_trigger_target_dag.py
[2022-11-06T22:12:03.249-0300] {processor.py:756} INFO - Processing file /home/debian/etlhausz/venv/lib/python3.9/site-packages/airflow/example_dags/example_trigger_target_dag.py for tasks to queue
[2022-11-06T22:12:03.250-0300] {logging_mixin.py:120} INFO - [2022-11-06T22:12:03.250-0300] {dagbag.py:537} INFO - Filling up the DagBag from /home/debian/etlhausz/venv/lib/python3.9/site-packages/airflow/example_dags/example_trigger_target_dag.py
[2022-11-06T22:12:03.271-0300] {processor.py:766} INFO - DAG(s) dict_keys(['example_trigger_target_dag']) retrieved from /home/debian/etlhausz/venv/lib/python3.9/site-packages/airflow/example_dags/example_trigger_target_dag.py
[2022-11-06T22:12:03.435-0300] {logging_mixin.py:120} INFO - [2022-11-06T22:12:03.435-0300] {dag.py:2585} INFO - Sync 1 DAGs
[2022-11-06T22:12:03.452-0300] {logging_mixin.py:120} INFO - [2022-11-06T22:12:03.452-0300] {dag.py:3336} INFO - Setting next_dagrun for example_trigger_target_dag to None, run_after=None
[2022-11-06T22:12:03.472-0300] {processor.py:176} INFO - Processing /home/debian/etlhausz/venv/lib/python3.9/site-packages/airflow/example_dags/example_trigger_target_dag.py took 0.242 seconds
[2022-11-06T22:12:33.868-0300] {processor.py:154} INFO - Started process (PID=18146) to work on /home/debian/etlhausz/venv/lib/python3.9/site-packages/airflow/example_dags/example_trigger_target_dag.py
[2022-11-06T22:12:33.870-0300] {processor.py:756} INFO - Processing file /home/debian/etlhausz/venv/lib/python3.9/site-packages/airflow/example_dags/example_trigger_target_dag.py for tasks to queue
[2022-11-06T22:12:33.870-0300] {logging_mixin.py:120} INFO - [2022-11-06T22:12:33.870-0300] {dagbag.py:537} INFO - Filling up the DagBag from /home/debian/etlhausz/venv/lib/python3.9/site-packages/airflow/example_dags/example_trigger_target_dag.py
[2022-11-06T22:12:33.889-0300] {processor.py:766} INFO - DAG(s) dict_keys(['example_trigger_target_dag']) retrieved from /home/debian/etlhausz/venv/lib/python3.9/site-packages/airflow/example_dags/example_trigger_target_dag.py
[2022-11-06T22:12:34.026-0300] {logging_mixin.py:120} INFO - [2022-11-06T22:12:34.026-0300] {dag.py:2585} INFO - Sync 1 DAGs
[2022-11-06T22:12:34.047-0300] {logging_mixin.py:120} INFO - [2022-11-06T22:12:34.046-0300] {dag.py:3336} INFO - Setting next_dagrun for example_trigger_target_dag to None, run_after=None
[2022-11-06T22:12:34.071-0300] {processor.py:176} INFO - Processing /home/debian/etlhausz/venv/lib/python3.9/site-packages/airflow/example_dags/example_trigger_target_dag.py took 0.206 seconds
[2022-11-06T22:13:04.954-0300] {processor.py:154} INFO - Started process (PID=18769) to work on /home/debian/etlhausz/venv/lib/python3.9/site-packages/airflow/example_dags/example_trigger_target_dag.py
[2022-11-06T22:13:04.956-0300] {processor.py:756} INFO - Processing file /home/debian/etlhausz/venv/lib/python3.9/site-packages/airflow/example_dags/example_trigger_target_dag.py for tasks to queue
[2022-11-06T22:13:04.957-0300] {logging_mixin.py:120} INFO - [2022-11-06T22:13:04.956-0300] {dagbag.py:537} INFO - Filling up the DagBag from /home/debian/etlhausz/venv/lib/python3.9/site-packages/airflow/example_dags/example_trigger_target_dag.py
[2022-11-06T22:13:05.090-0300] {processor.py:766} INFO - DAG(s) dict_keys(['example_trigger_target_dag']) retrieved from /home/debian/etlhausz/venv/lib/python3.9/site-packages/airflow/example_dags/example_trigger_target_dag.py
[2022-11-06T22:13:05.141-0300] {logging_mixin.py:120} INFO - [2022-11-06T22:13:05.141-0300] {dag.py:2585} INFO - Sync 1 DAGs
[2022-11-06T22:13:05.164-0300] {logging_mixin.py:120} INFO - [2022-11-06T22:13:05.163-0300] {dag.py:3336} INFO - Setting next_dagrun for example_trigger_target_dag to None, run_after=None
[2022-11-06T22:13:05.188-0300] {processor.py:176} INFO - Processing /home/debian/etlhausz/venv/lib/python3.9/site-packages/airflow/example_dags/example_trigger_target_dag.py took 0.236 seconds
[2022-11-06T22:13:35.582-0300] {processor.py:154} INFO - Started process (PID=19357) to work on /home/debian/etlhausz/venv/lib/python3.9/site-packages/airflow/example_dags/example_trigger_target_dag.py
[2022-11-06T22:13:35.583-0300] {processor.py:756} INFO - Processing file /home/debian/etlhausz/venv/lib/python3.9/site-packages/airflow/example_dags/example_trigger_target_dag.py for tasks to queue
[2022-11-06T22:13:35.584-0300] {logging_mixin.py:120} INFO - [2022-11-06T22:13:35.584-0300] {dagbag.py:537} INFO - Filling up the DagBag from /home/debian/etlhausz/venv/lib/python3.9/site-packages/airflow/example_dags/example_trigger_target_dag.py
[2022-11-06T22:13:35.600-0300] {processor.py:766} INFO - DAG(s) dict_keys(['example_trigger_target_dag']) retrieved from /home/debian/etlhausz/venv/lib/python3.9/site-packages/airflow/example_dags/example_trigger_target_dag.py
[2022-11-06T22:13:35.642-0300] {logging_mixin.py:120} INFO - [2022-11-06T22:13:35.641-0300] {dag.py:2585} INFO - Sync 1 DAGs
[2022-11-06T22:13:35.761-0300] {logging_mixin.py:120} INFO - [2022-11-06T22:13:35.761-0300] {dag.py:3336} INFO - Setting next_dagrun for example_trigger_target_dag to None, run_after=None
[2022-11-06T22:13:35.784-0300] {processor.py:176} INFO - Processing /home/debian/etlhausz/venv/lib/python3.9/site-packages/airflow/example_dags/example_trigger_target_dag.py took 0.204 seconds
[2022-11-06T22:14:08.093-0300] {processor.py:154} INFO - Started process (PID=19947) to work on /home/debian/etlhausz/venv/lib/python3.9/site-packages/airflow/example_dags/example_trigger_target_dag.py
[2022-11-06T22:14:08.098-0300] {processor.py:756} INFO - Processing file /home/debian/etlhausz/venv/lib/python3.9/site-packages/airflow/example_dags/example_trigger_target_dag.py for tasks to queue
[2022-11-06T22:14:08.100-0300] {logging_mixin.py:120} INFO - [2022-11-06T22:14:08.100-0300] {dagbag.py:537} INFO - Filling up the DagBag from /home/debian/etlhausz/venv/lib/python3.9/site-packages/airflow/example_dags/example_trigger_target_dag.py
[2022-11-06T22:14:08.137-0300] {processor.py:766} INFO - DAG(s) dict_keys(['example_trigger_target_dag']) retrieved from /home/debian/etlhausz/venv/lib/python3.9/site-packages/airflow/example_dags/example_trigger_target_dag.py
[2022-11-06T22:14:08.380-0300] {logging_mixin.py:120} INFO - [2022-11-06T22:14:08.380-0300] {dag.py:2585} INFO - Sync 1 DAGs
[2022-11-06T22:14:08.405-0300] {logging_mixin.py:120} INFO - [2022-11-06T22:14:08.405-0300] {dag.py:3336} INFO - Setting next_dagrun for example_trigger_target_dag to None, run_after=None
[2022-11-06T22:14:08.441-0300] {processor.py:176} INFO - Processing /home/debian/etlhausz/venv/lib/python3.9/site-packages/airflow/example_dags/example_trigger_target_dag.py took 0.356 seconds
[2022-11-06T22:14:40.931-0300] {processor.py:154} INFO - Started process (PID=20573) to work on /home/debian/etlhausz/venv/lib/python3.9/site-packages/airflow/example_dags/example_trigger_target_dag.py
[2022-11-06T22:14:40.933-0300] {processor.py:756} INFO - Processing file /home/debian/etlhausz/venv/lib/python3.9/site-packages/airflow/example_dags/example_trigger_target_dag.py for tasks to queue
[2022-11-06T22:14:40.934-0300] {logging_mixin.py:120} INFO - [2022-11-06T22:14:40.934-0300] {dagbag.py:537} INFO - Filling up the DagBag from /home/debian/etlhausz/venv/lib/python3.9/site-packages/airflow/example_dags/example_trigger_target_dag.py
[2022-11-06T22:14:40.969-0300] {processor.py:766} INFO - DAG(s) dict_keys(['example_trigger_target_dag']) retrieved from /home/debian/etlhausz/venv/lib/python3.9/site-packages/airflow/example_dags/example_trigger_target_dag.py
[2022-11-06T22:14:41.159-0300] {logging_mixin.py:120} INFO - [2022-11-06T22:14:41.159-0300] {dag.py:2585} INFO - Sync 1 DAGs
[2022-11-06T22:14:41.187-0300] {logging_mixin.py:120} INFO - [2022-11-06T22:14:41.187-0300] {dag.py:3336} INFO - Setting next_dagrun for example_trigger_target_dag to None, run_after=None
[2022-11-06T22:14:41.271-0300] {processor.py:176} INFO - Processing /home/debian/etlhausz/venv/lib/python3.9/site-packages/airflow/example_dags/example_trigger_target_dag.py took 0.343 seconds
[2022-11-06T22:15:11.731-0300] {processor.py:154} INFO - Started process (PID=21160) to work on /home/debian/etlhausz/venv/lib/python3.9/site-packages/airflow/example_dags/example_trigger_target_dag.py
[2022-11-06T22:15:11.734-0300] {processor.py:756} INFO - Processing file /home/debian/etlhausz/venv/lib/python3.9/site-packages/airflow/example_dags/example_trigger_target_dag.py for tasks to queue
[2022-11-06T22:15:11.735-0300] {logging_mixin.py:120} INFO - [2022-11-06T22:15:11.735-0300] {dagbag.py:537} INFO - Filling up the DagBag from /home/debian/etlhausz/venv/lib/python3.9/site-packages/airflow/example_dags/example_trigger_target_dag.py
[2022-11-06T22:15:11.894-0300] {processor.py:766} INFO - DAG(s) dict_keys(['example_trigger_target_dag']) retrieved from /home/debian/etlhausz/venv/lib/python3.9/site-packages/airflow/example_dags/example_trigger_target_dag.py
[2022-11-06T22:15:11.930-0300] {logging_mixin.py:120} INFO - [2022-11-06T22:15:11.930-0300] {dag.py:2585} INFO - Sync 1 DAGs
[2022-11-06T22:15:11.949-0300] {logging_mixin.py:120} INFO - [2022-11-06T22:15:11.948-0300] {dag.py:3336} INFO - Setting next_dagrun for example_trigger_target_dag to None, run_after=None
[2022-11-06T22:15:11.965-0300] {processor.py:176} INFO - Processing /home/debian/etlhausz/venv/lib/python3.9/site-packages/airflow/example_dags/example_trigger_target_dag.py took 0.236 seconds
[2022-11-06T22:15:44.919-0300] {processor.py:154} INFO - Started process (PID=21829) to work on /home/debian/etlhausz/venv/lib/python3.9/site-packages/airflow/example_dags/example_trigger_target_dag.py
[2022-11-06T22:15:44.921-0300] {processor.py:756} INFO - Processing file /home/debian/etlhausz/venv/lib/python3.9/site-packages/airflow/example_dags/example_trigger_target_dag.py for tasks to queue
[2022-11-06T22:15:44.921-0300] {logging_mixin.py:120} INFO - [2022-11-06T22:15:44.921-0300] {dagbag.py:537} INFO - Filling up the DagBag from /home/debian/etlhausz/venv/lib/python3.9/site-packages/airflow/example_dags/example_trigger_target_dag.py
[2022-11-06T22:15:44.940-0300] {processor.py:766} INFO - DAG(s) dict_keys(['example_trigger_target_dag']) retrieved from /home/debian/etlhausz/venv/lib/python3.9/site-packages/airflow/example_dags/example_trigger_target_dag.py
[2022-11-06T22:15:44.994-0300] {logging_mixin.py:120} INFO - [2022-11-06T22:15:44.993-0300] {dag.py:2585} INFO - Sync 1 DAGs
[2022-11-06T22:15:45.142-0300] {logging_mixin.py:120} INFO - [2022-11-06T22:15:45.142-0300] {dag.py:3336} INFO - Setting next_dagrun for example_trigger_target_dag to None, run_after=None
[2022-11-06T22:15:45.175-0300] {processor.py:176} INFO - Processing /home/debian/etlhausz/venv/lib/python3.9/site-packages/airflow/example_dags/example_trigger_target_dag.py took 0.258 seconds
[2022-11-06T22:16:16.925-0300] {processor.py:154} INFO - Started process (PID=22451) to work on /home/debian/etlhausz/venv/lib/python3.9/site-packages/airflow/example_dags/example_trigger_target_dag.py
[2022-11-06T22:16:16.926-0300] {processor.py:756} INFO - Processing file /home/debian/etlhausz/venv/lib/python3.9/site-packages/airflow/example_dags/example_trigger_target_dag.py for tasks to queue
[2022-11-06T22:16:16.926-0300] {logging_mixin.py:120} INFO - [2022-11-06T22:16:16.926-0300] {dagbag.py:537} INFO - Filling up the DagBag from /home/debian/etlhausz/venv/lib/python3.9/site-packages/airflow/example_dags/example_trigger_target_dag.py
[2022-11-06T22:16:16.950-0300] {processor.py:766} INFO - DAG(s) dict_keys(['example_trigger_target_dag']) retrieved from /home/debian/etlhausz/venv/lib/python3.9/site-packages/airflow/example_dags/example_trigger_target_dag.py
[2022-11-06T22:16:17.145-0300] {logging_mixin.py:120} INFO - [2022-11-06T22:16:17.145-0300] {dag.py:2585} INFO - Sync 1 DAGs
[2022-11-06T22:16:17.168-0300] {logging_mixin.py:120} INFO - [2022-11-06T22:16:17.168-0300] {dag.py:3336} INFO - Setting next_dagrun for example_trigger_target_dag to None, run_after=None
[2022-11-06T22:16:17.201-0300] {processor.py:176} INFO - Processing /home/debian/etlhausz/venv/lib/python3.9/site-packages/airflow/example_dags/example_trigger_target_dag.py took 0.279 seconds
[2022-11-06T22:16:50.396-0300] {processor.py:154} INFO - Started process (PID=23076) to work on /home/debian/etlhausz/venv/lib/python3.9/site-packages/airflow/example_dags/example_trigger_target_dag.py
[2022-11-06T22:16:50.397-0300] {processor.py:756} INFO - Processing file /home/debian/etlhausz/venv/lib/python3.9/site-packages/airflow/example_dags/example_trigger_target_dag.py for tasks to queue
[2022-11-06T22:16:50.398-0300] {logging_mixin.py:120} INFO - [2022-11-06T22:16:50.398-0300] {dagbag.py:537} INFO - Filling up the DagBag from /home/debian/etlhausz/venv/lib/python3.9/site-packages/airflow/example_dags/example_trigger_target_dag.py
[2022-11-06T22:16:50.424-0300] {processor.py:766} INFO - DAG(s) dict_keys(['example_trigger_target_dag']) retrieved from /home/debian/etlhausz/venv/lib/python3.9/site-packages/airflow/example_dags/example_trigger_target_dag.py
[2022-11-06T22:16:50.640-0300] {logging_mixin.py:120} INFO - [2022-11-06T22:16:50.640-0300] {dag.py:2585} INFO - Sync 1 DAGs
[2022-11-06T22:16:50.675-0300] {logging_mixin.py:120} INFO - [2022-11-06T22:16:50.675-0300] {dag.py:3336} INFO - Setting next_dagrun for example_trigger_target_dag to None, run_after=None
[2022-11-06T22:16:50.722-0300] {processor.py:176} INFO - Processing /home/debian/etlhausz/venv/lib/python3.9/site-packages/airflow/example_dags/example_trigger_target_dag.py took 0.330 seconds
[2022-11-06T22:17:22.340-0300] {processor.py:154} INFO - Started process (PID=23695) to work on /home/debian/etlhausz/venv/lib/python3.9/site-packages/airflow/example_dags/example_trigger_target_dag.py
[2022-11-06T22:17:22.341-0300] {processor.py:756} INFO - Processing file /home/debian/etlhausz/venv/lib/python3.9/site-packages/airflow/example_dags/example_trigger_target_dag.py for tasks to queue
[2022-11-06T22:17:22.342-0300] {logging_mixin.py:120} INFO - [2022-11-06T22:17:22.342-0300] {dagbag.py:537} INFO - Filling up the DagBag from /home/debian/etlhausz/venv/lib/python3.9/site-packages/airflow/example_dags/example_trigger_target_dag.py
[2022-11-06T22:17:22.462-0300] {processor.py:766} INFO - DAG(s) dict_keys(['example_trigger_target_dag']) retrieved from /home/debian/etlhausz/venv/lib/python3.9/site-packages/airflow/example_dags/example_trigger_target_dag.py
[2022-11-06T22:17:22.501-0300] {logging_mixin.py:120} INFO - [2022-11-06T22:17:22.501-0300] {dag.py:2585} INFO - Sync 1 DAGs
[2022-11-06T22:17:22.523-0300] {logging_mixin.py:120} INFO - [2022-11-06T22:17:22.523-0300] {dag.py:3336} INFO - Setting next_dagrun for example_trigger_target_dag to None, run_after=None
[2022-11-06T22:17:22.545-0300] {processor.py:176} INFO - Processing /home/debian/etlhausz/venv/lib/python3.9/site-packages/airflow/example_dags/example_trigger_target_dag.py took 0.208 seconds
[2022-11-06T22:17:53.782-0300] {processor.py:154} INFO - Started process (PID=24342) to work on /home/debian/etlhausz/venv/lib/python3.9/site-packages/airflow/example_dags/example_trigger_target_dag.py
[2022-11-06T22:17:53.784-0300] {processor.py:756} INFO - Processing file /home/debian/etlhausz/venv/lib/python3.9/site-packages/airflow/example_dags/example_trigger_target_dag.py for tasks to queue
[2022-11-06T22:17:53.784-0300] {logging_mixin.py:120} INFO - [2022-11-06T22:17:53.784-0300] {dagbag.py:537} INFO - Filling up the DagBag from /home/debian/etlhausz/venv/lib/python3.9/site-packages/airflow/example_dags/example_trigger_target_dag.py
[2022-11-06T22:17:53.803-0300] {processor.py:766} INFO - DAG(s) dict_keys(['example_trigger_target_dag']) retrieved from /home/debian/etlhausz/venv/lib/python3.9/site-packages/airflow/example_dags/example_trigger_target_dag.py
[2022-11-06T22:17:53.853-0300] {logging_mixin.py:120} INFO - [2022-11-06T22:17:53.853-0300] {dag.py:2585} INFO - Sync 1 DAGs
[2022-11-06T22:17:54.002-0300] {logging_mixin.py:120} INFO - [2022-11-06T22:17:54.001-0300] {dag.py:3336} INFO - Setting next_dagrun for example_trigger_target_dag to None, run_after=None
[2022-11-06T22:17:54.034-0300] {processor.py:176} INFO - Processing /home/debian/etlhausz/venv/lib/python3.9/site-packages/airflow/example_dags/example_trigger_target_dag.py took 0.256 seconds
[2022-11-06T22:18:24.426-0300] {processor.py:154} INFO - Started process (PID=24984) to work on /home/debian/etlhausz/venv/lib/python3.9/site-packages/airflow/example_dags/example_trigger_target_dag.py
[2022-11-06T22:18:24.434-0300] {processor.py:756} INFO - Processing file /home/debian/etlhausz/venv/lib/python3.9/site-packages/airflow/example_dags/example_trigger_target_dag.py for tasks to queue
[2022-11-06T22:18:24.435-0300] {logging_mixin.py:120} INFO - [2022-11-06T22:18:24.435-0300] {dagbag.py:537} INFO - Filling up the DagBag from /home/debian/etlhausz/venv/lib/python3.9/site-packages/airflow/example_dags/example_trigger_target_dag.py
[2022-11-06T22:18:24.465-0300] {processor.py:766} INFO - DAG(s) dict_keys(['example_trigger_target_dag']) retrieved from /home/debian/etlhausz/venv/lib/python3.9/site-packages/airflow/example_dags/example_trigger_target_dag.py
[2022-11-06T22:18:24.668-0300] {logging_mixin.py:120} INFO - [2022-11-06T22:18:24.668-0300] {dag.py:2585} INFO - Sync 1 DAGs
[2022-11-06T22:18:24.692-0300] {logging_mixin.py:120} INFO - [2022-11-06T22:18:24.692-0300] {dag.py:3336} INFO - Setting next_dagrun for example_trigger_target_dag to None, run_after=None
[2022-11-06T22:18:24.713-0300] {processor.py:176} INFO - Processing /home/debian/etlhausz/venv/lib/python3.9/site-packages/airflow/example_dags/example_trigger_target_dag.py took 0.290 seconds
[2022-11-06T22:19:23.468-0300] {processor.py:154} INFO - Started process (PID=26375) to work on /home/debian/etlhausz/venv/lib/python3.9/site-packages/airflow/example_dags/example_trigger_target_dag.py
[2022-11-06T22:19:23.473-0300] {processor.py:756} INFO - Processing file /home/debian/etlhausz/venv/lib/python3.9/site-packages/airflow/example_dags/example_trigger_target_dag.py for tasks to queue
[2022-11-06T22:19:23.474-0300] {logging_mixin.py:120} INFO - [2022-11-06T22:19:23.473-0300] {dagbag.py:537} INFO - Filling up the DagBag from /home/debian/etlhausz/venv/lib/python3.9/site-packages/airflow/example_dags/example_trigger_target_dag.py
[2022-11-06T22:19:23.542-0300] {processor.py:766} INFO - DAG(s) dict_keys(['example_trigger_target_dag']) retrieved from /home/debian/etlhausz/venv/lib/python3.9/site-packages/airflow/example_dags/example_trigger_target_dag.py
[2022-11-06T22:19:23.703-0300] {logging_mixin.py:120} INFO - [2022-11-06T22:19:23.703-0300] {dag.py:2585} INFO - Sync 1 DAGs
[2022-11-06T22:19:23.796-0300] {logging_mixin.py:120} INFO - [2022-11-06T22:19:23.796-0300] {dag.py:3336} INFO - Setting next_dagrun for example_trigger_target_dag to None, run_after=None
[2022-11-06T22:19:23.841-0300] {processor.py:176} INFO - Processing /home/debian/etlhausz/venv/lib/python3.9/site-packages/airflow/example_dags/example_trigger_target_dag.py took 0.383 seconds
[2022-11-06T22:19:54.197-0300] {processor.py:154} INFO - Started process (PID=26956) to work on /home/debian/etlhausz/venv/lib/python3.9/site-packages/airflow/example_dags/example_trigger_target_dag.py
[2022-11-06T22:19:54.201-0300] {processor.py:756} INFO - Processing file /home/debian/etlhausz/venv/lib/python3.9/site-packages/airflow/example_dags/example_trigger_target_dag.py for tasks to queue
[2022-11-06T22:19:54.203-0300] {logging_mixin.py:120} INFO - [2022-11-06T22:19:54.203-0300] {dagbag.py:537} INFO - Filling up the DagBag from /home/debian/etlhausz/venv/lib/python3.9/site-packages/airflow/example_dags/example_trigger_target_dag.py
[2022-11-06T22:19:54.235-0300] {processor.py:766} INFO - DAG(s) dict_keys(['example_trigger_target_dag']) retrieved from /home/debian/etlhausz/venv/lib/python3.9/site-packages/airflow/example_dags/example_trigger_target_dag.py
[2022-11-06T22:19:54.320-0300] {logging_mixin.py:120} INFO - [2022-11-06T22:19:54.319-0300] {dag.py:2585} INFO - Sync 1 DAGs
[2022-11-06T22:19:54.403-0300] {logging_mixin.py:120} INFO - [2022-11-06T22:19:54.397-0300] {dag.py:3336} INFO - Setting next_dagrun for example_trigger_target_dag to None, run_after=None
[2022-11-06T22:19:54.445-0300] {processor.py:176} INFO - Processing /home/debian/etlhausz/venv/lib/python3.9/site-packages/airflow/example_dags/example_trigger_target_dag.py took 0.252 seconds
[2022-11-06T22:20:25.176-0300] {processor.py:154} INFO - Started process (PID=27756) to work on /home/debian/etlhausz/venv/lib/python3.9/site-packages/airflow/example_dags/example_trigger_target_dag.py
[2022-11-06T22:20:25.178-0300] {processor.py:756} INFO - Processing file /home/debian/etlhausz/venv/lib/python3.9/site-packages/airflow/example_dags/example_trigger_target_dag.py for tasks to queue
[2022-11-06T22:20:25.182-0300] {logging_mixin.py:120} INFO - [2022-11-06T22:20:25.179-0300] {dagbag.py:537} INFO - Filling up the DagBag from /home/debian/etlhausz/venv/lib/python3.9/site-packages/airflow/example_dags/example_trigger_target_dag.py
[2022-11-06T22:20:25.205-0300] {processor.py:766} INFO - DAG(s) dict_keys(['example_trigger_target_dag']) retrieved from /home/debian/etlhausz/venv/lib/python3.9/site-packages/airflow/example_dags/example_trigger_target_dag.py
[2022-11-06T22:20:25.267-0300] {logging_mixin.py:120} INFO - [2022-11-06T22:20:25.267-0300] {dag.py:2585} INFO - Sync 1 DAGs
[2022-11-06T22:20:25.324-0300] {logging_mixin.py:120} INFO - [2022-11-06T22:20:25.323-0300] {dag.py:3336} INFO - Setting next_dagrun for example_trigger_target_dag to None, run_after=None
[2022-11-06T22:20:25.385-0300] {processor.py:176} INFO - Processing /home/debian/etlhausz/venv/lib/python3.9/site-packages/airflow/example_dags/example_trigger_target_dag.py took 0.214 seconds
[2022-11-06T22:20:56.824-0300] {processor.py:154} INFO - Started process (PID=28414) to work on /home/debian/etlhausz/venv/lib/python3.9/site-packages/airflow/example_dags/example_trigger_target_dag.py
[2022-11-06T22:20:56.825-0300] {processor.py:756} INFO - Processing file /home/debian/etlhausz/venv/lib/python3.9/site-packages/airflow/example_dags/example_trigger_target_dag.py for tasks to queue
[2022-11-06T22:20:56.826-0300] {logging_mixin.py:120} INFO - [2022-11-06T22:20:56.826-0300] {dagbag.py:537} INFO - Filling up the DagBag from /home/debian/etlhausz/venv/lib/python3.9/site-packages/airflow/example_dags/example_trigger_target_dag.py
[2022-11-06T22:20:56.850-0300] {processor.py:766} INFO - DAG(s) dict_keys(['example_trigger_target_dag']) retrieved from /home/debian/etlhausz/venv/lib/python3.9/site-packages/airflow/example_dags/example_trigger_target_dag.py
[2022-11-06T22:20:56.923-0300] {logging_mixin.py:120} INFO - [2022-11-06T22:20:56.923-0300] {dag.py:2585} INFO - Sync 1 DAGs
[2022-11-06T22:20:56.977-0300] {logging_mixin.py:120} INFO - [2022-11-06T22:20:56.976-0300] {dag.py:3336} INFO - Setting next_dagrun for example_trigger_target_dag to None, run_after=None
[2022-11-06T22:20:57.032-0300] {processor.py:176} INFO - Processing /home/debian/etlhausz/venv/lib/python3.9/site-packages/airflow/example_dags/example_trigger_target_dag.py took 0.211 seconds
[2022-11-06T22:21:31.472-0300] {processor.py:154} INFO - Started process (PID=29042) to work on /home/debian/etlhausz/venv/lib/python3.9/site-packages/airflow/example_dags/example_trigger_target_dag.py
[2022-11-06T22:21:31.474-0300] {processor.py:756} INFO - Processing file /home/debian/etlhausz/venv/lib/python3.9/site-packages/airflow/example_dags/example_trigger_target_dag.py for tasks to queue
[2022-11-06T22:21:31.475-0300] {logging_mixin.py:120} INFO - [2022-11-06T22:21:31.475-0300] {dagbag.py:537} INFO - Filling up the DagBag from /home/debian/etlhausz/venv/lib/python3.9/site-packages/airflow/example_dags/example_trigger_target_dag.py
[2022-11-06T22:21:31.518-0300] {processor.py:766} INFO - DAG(s) dict_keys(['example_trigger_target_dag']) retrieved from /home/debian/etlhausz/venv/lib/python3.9/site-packages/airflow/example_dags/example_trigger_target_dag.py
[2022-11-06T22:21:31.669-0300] {logging_mixin.py:120} INFO - [2022-11-06T22:21:31.669-0300] {dag.py:2585} INFO - Sync 1 DAGs
[2022-11-06T22:21:31.712-0300] {logging_mixin.py:120} INFO - [2022-11-06T22:21:31.712-0300] {dag.py:3336} INFO - Setting next_dagrun for example_trigger_target_dag to None, run_after=None
[2022-11-06T22:21:31.735-0300] {processor.py:176} INFO - Processing /home/debian/etlhausz/venv/lib/python3.9/site-packages/airflow/example_dags/example_trigger_target_dag.py took 0.266 seconds
[2022-11-06T22:22:03.661-0300] {processor.py:154} INFO - Started process (PID=29585) to work on /home/debian/etlhausz/venv/lib/python3.9/site-packages/airflow/example_dags/example_trigger_target_dag.py
[2022-11-06T22:22:03.676-0300] {processor.py:756} INFO - Processing file /home/debian/etlhausz/venv/lib/python3.9/site-packages/airflow/example_dags/example_trigger_target_dag.py for tasks to queue
[2022-11-06T22:22:03.677-0300] {logging_mixin.py:120} INFO - [2022-11-06T22:22:03.677-0300] {dagbag.py:537} INFO - Filling up the DagBag from /home/debian/etlhausz/venv/lib/python3.9/site-packages/airflow/example_dags/example_trigger_target_dag.py
[2022-11-06T22:22:03.720-0300] {processor.py:766} INFO - DAG(s) dict_keys(['example_trigger_target_dag']) retrieved from /home/debian/etlhausz/venv/lib/python3.9/site-packages/airflow/example_dags/example_trigger_target_dag.py
[2022-11-06T22:22:03.815-0300] {logging_mixin.py:120} INFO - [2022-11-06T22:22:03.815-0300] {dag.py:2585} INFO - Sync 1 DAGs
[2022-11-06T22:22:03.841-0300] {logging_mixin.py:120} INFO - [2022-11-06T22:22:03.840-0300] {dag.py:3336} INFO - Setting next_dagrun for example_trigger_target_dag to None, run_after=None
[2022-11-06T22:22:03.958-0300] {processor.py:176} INFO - Processing /home/debian/etlhausz/venv/lib/python3.9/site-packages/airflow/example_dags/example_trigger_target_dag.py took 0.311 seconds
[2022-11-06T22:22:34.906-0300] {processor.py:154} INFO - Started process (PID=30261) to work on /home/debian/etlhausz/venv/lib/python3.9/site-packages/airflow/example_dags/example_trigger_target_dag.py
[2022-11-06T22:22:34.913-0300] {processor.py:756} INFO - Processing file /home/debian/etlhausz/venv/lib/python3.9/site-packages/airflow/example_dags/example_trigger_target_dag.py for tasks to queue
[2022-11-06T22:22:34.915-0300] {logging_mixin.py:120} INFO - [2022-11-06T22:22:34.914-0300] {dagbag.py:537} INFO - Filling up the DagBag from /home/debian/etlhausz/venv/lib/python3.9/site-packages/airflow/example_dags/example_trigger_target_dag.py
[2022-11-06T22:22:34.937-0300] {processor.py:766} INFO - DAG(s) dict_keys(['example_trigger_target_dag']) retrieved from /home/debian/etlhausz/venv/lib/python3.9/site-packages/airflow/example_dags/example_trigger_target_dag.py
[2022-11-06T22:22:34.980-0300] {logging_mixin.py:120} INFO - [2022-11-06T22:22:34.980-0300] {dag.py:2585} INFO - Sync 1 DAGs
[2022-11-06T22:22:35.011-0300] {logging_mixin.py:120} INFO - [2022-11-06T22:22:35.011-0300] {dag.py:3336} INFO - Setting next_dagrun for example_trigger_target_dag to None, run_after=None
[2022-11-06T22:22:35.026-0300] {processor.py:176} INFO - Processing /home/debian/etlhausz/venv/lib/python3.9/site-packages/airflow/example_dags/example_trigger_target_dag.py took 0.122 seconds
[2022-11-06T22:23:12.267-0300] {processor.py:154} INFO - Started process (PID=31060) to work on /home/debian/etlhausz/venv/lib/python3.9/site-packages/airflow/example_dags/example_trigger_target_dag.py
[2022-11-06T22:23:12.268-0300] {processor.py:756} INFO - Processing file /home/debian/etlhausz/venv/lib/python3.9/site-packages/airflow/example_dags/example_trigger_target_dag.py for tasks to queue
[2022-11-06T22:23:12.269-0300] {logging_mixin.py:120} INFO - [2022-11-06T22:23:12.269-0300] {dagbag.py:537} INFO - Filling up the DagBag from /home/debian/etlhausz/venv/lib/python3.9/site-packages/airflow/example_dags/example_trigger_target_dag.py
[2022-11-06T22:23:12.287-0300] {processor.py:766} INFO - DAG(s) dict_keys(['example_trigger_target_dag']) retrieved from /home/debian/etlhausz/venv/lib/python3.9/site-packages/airflow/example_dags/example_trigger_target_dag.py
[2022-11-06T22:23:12.328-0300] {logging_mixin.py:120} INFO - [2022-11-06T22:23:12.328-0300] {dag.py:2585} INFO - Sync 1 DAGs
[2022-11-06T22:23:12.348-0300] {logging_mixin.py:120} INFO - [2022-11-06T22:23:12.348-0300] {dag.py:3336} INFO - Setting next_dagrun for example_trigger_target_dag to None, run_after=None
[2022-11-06T22:23:12.369-0300] {processor.py:176} INFO - Processing /home/debian/etlhausz/venv/lib/python3.9/site-packages/airflow/example_dags/example_trigger_target_dag.py took 0.105 seconds
[2022-11-06T22:23:43.007-0300] {processor.py:154} INFO - Started process (PID=31601) to work on /home/debian/etlhausz/venv/lib/python3.9/site-packages/airflow/example_dags/example_trigger_target_dag.py
[2022-11-06T22:23:43.010-0300] {processor.py:756} INFO - Processing file /home/debian/etlhausz/venv/lib/python3.9/site-packages/airflow/example_dags/example_trigger_target_dag.py for tasks to queue
[2022-11-06T22:23:43.010-0300] {logging_mixin.py:120} INFO - [2022-11-06T22:23:43.010-0300] {dagbag.py:537} INFO - Filling up the DagBag from /home/debian/etlhausz/venv/lib/python3.9/site-packages/airflow/example_dags/example_trigger_target_dag.py
[2022-11-06T22:23:43.029-0300] {processor.py:766} INFO - DAG(s) dict_keys(['example_trigger_target_dag']) retrieved from /home/debian/etlhausz/venv/lib/python3.9/site-packages/airflow/example_dags/example_trigger_target_dag.py
[2022-11-06T22:23:43.072-0300] {logging_mixin.py:120} INFO - [2022-11-06T22:23:43.072-0300] {dag.py:2585} INFO - Sync 1 DAGs
[2022-11-06T22:23:43.092-0300] {logging_mixin.py:120} INFO - [2022-11-06T22:23:43.092-0300] {dag.py:3336} INFO - Setting next_dagrun for example_trigger_target_dag to None, run_after=None
[2022-11-06T22:23:43.113-0300] {processor.py:176} INFO - Processing /home/debian/etlhausz/venv/lib/python3.9/site-packages/airflow/example_dags/example_trigger_target_dag.py took 0.114 seconds
[2022-11-06T22:24:16.125-0300] {processor.py:154} INFO - Started process (PID=32263) to work on /home/debian/etlhausz/venv/lib/python3.9/site-packages/airflow/example_dags/example_trigger_target_dag.py
[2022-11-06T22:24:16.127-0300] {processor.py:756} INFO - Processing file /home/debian/etlhausz/venv/lib/python3.9/site-packages/airflow/example_dags/example_trigger_target_dag.py for tasks to queue
[2022-11-06T22:24:16.128-0300] {logging_mixin.py:120} INFO - [2022-11-06T22:24:16.128-0300] {dagbag.py:537} INFO - Filling up the DagBag from /home/debian/etlhausz/venv/lib/python3.9/site-packages/airflow/example_dags/example_trigger_target_dag.py
[2022-11-06T22:24:16.156-0300] {processor.py:766} INFO - DAG(s) dict_keys(['example_trigger_target_dag']) retrieved from /home/debian/etlhausz/venv/lib/python3.9/site-packages/airflow/example_dags/example_trigger_target_dag.py
[2022-11-06T22:24:16.228-0300] {logging_mixin.py:120} INFO - [2022-11-06T22:24:16.228-0300] {dag.py:2585} INFO - Sync 1 DAGs
[2022-11-06T22:24:16.262-0300] {logging_mixin.py:120} INFO - [2022-11-06T22:24:16.262-0300] {dag.py:3336} INFO - Setting next_dagrun for example_trigger_target_dag to None, run_after=None
[2022-11-06T22:24:16.287-0300] {processor.py:176} INFO - Processing /home/debian/etlhausz/venv/lib/python3.9/site-packages/airflow/example_dags/example_trigger_target_dag.py took 0.170 seconds
[2022-11-06T22:24:46.555-0300] {processor.py:154} INFO - Started process (PID=32867) to work on /home/debian/etlhausz/venv/lib/python3.9/site-packages/airflow/example_dags/example_trigger_target_dag.py
[2022-11-06T22:24:46.556-0300] {processor.py:756} INFO - Processing file /home/debian/etlhausz/venv/lib/python3.9/site-packages/airflow/example_dags/example_trigger_target_dag.py for tasks to queue
[2022-11-06T22:24:46.557-0300] {logging_mixin.py:120} INFO - [2022-11-06T22:24:46.557-0300] {dagbag.py:537} INFO - Filling up the DagBag from /home/debian/etlhausz/venv/lib/python3.9/site-packages/airflow/example_dags/example_trigger_target_dag.py
[2022-11-06T22:24:46.574-0300] {processor.py:766} INFO - DAG(s) dict_keys(['example_trigger_target_dag']) retrieved from /home/debian/etlhausz/venv/lib/python3.9/site-packages/airflow/example_dags/example_trigger_target_dag.py
[2022-11-06T22:24:46.618-0300] {logging_mixin.py:120} INFO - [2022-11-06T22:24:46.618-0300] {dag.py:2585} INFO - Sync 1 DAGs
[2022-11-06T22:24:46.653-0300] {logging_mixin.py:120} INFO - [2022-11-06T22:24:46.653-0300] {dag.py:3336} INFO - Setting next_dagrun for example_trigger_target_dag to None, run_after=None
[2022-11-06T22:24:46.714-0300] {processor.py:176} INFO - Processing /home/debian/etlhausz/venv/lib/python3.9/site-packages/airflow/example_dags/example_trigger_target_dag.py took 0.163 seconds
[2022-11-06T22:25:18.218-0300] {processor.py:154} INFO - Started process (PID=33539) to work on /home/debian/etlhausz/venv/lib/python3.9/site-packages/airflow/example_dags/example_trigger_target_dag.py
[2022-11-06T22:25:18.219-0300] {processor.py:756} INFO - Processing file /home/debian/etlhausz/venv/lib/python3.9/site-packages/airflow/example_dags/example_trigger_target_dag.py for tasks to queue
[2022-11-06T22:25:18.230-0300] {logging_mixin.py:120} INFO - [2022-11-06T22:25:18.229-0300] {dagbag.py:537} INFO - Filling up the DagBag from /home/debian/etlhausz/venv/lib/python3.9/site-packages/airflow/example_dags/example_trigger_target_dag.py
[2022-11-06T22:25:18.271-0300] {processor.py:766} INFO - DAG(s) dict_keys(['example_trigger_target_dag']) retrieved from /home/debian/etlhausz/venv/lib/python3.9/site-packages/airflow/example_dags/example_trigger_target_dag.py
[2022-11-06T22:25:18.457-0300] {logging_mixin.py:120} INFO - [2022-11-06T22:25:18.456-0300] {dag.py:2585} INFO - Sync 1 DAGs
[2022-11-06T22:25:18.502-0300] {logging_mixin.py:120} INFO - [2022-11-06T22:25:18.502-0300] {dag.py:3336} INFO - Setting next_dagrun for example_trigger_target_dag to None, run_after=None
[2022-11-06T22:25:18.787-0300] {processor.py:176} INFO - Processing /home/debian/etlhausz/venv/lib/python3.9/site-packages/airflow/example_dags/example_trigger_target_dag.py took 0.589 seconds
[2022-11-06T22:25:49.800-0300] {processor.py:154} INFO - Started process (PID=34087) to work on /home/debian/etlhausz/venv/lib/python3.9/site-packages/airflow/example_dags/example_trigger_target_dag.py
[2022-11-06T22:25:49.805-0300] {processor.py:756} INFO - Processing file /home/debian/etlhausz/venv/lib/python3.9/site-packages/airflow/example_dags/example_trigger_target_dag.py for tasks to queue
[2022-11-06T22:25:49.806-0300] {logging_mixin.py:120} INFO - [2022-11-06T22:25:49.806-0300] {dagbag.py:537} INFO - Filling up the DagBag from /home/debian/etlhausz/venv/lib/python3.9/site-packages/airflow/example_dags/example_trigger_target_dag.py
[2022-11-06T22:25:49.826-0300] {processor.py:766} INFO - DAG(s) dict_keys(['example_trigger_target_dag']) retrieved from /home/debian/etlhausz/venv/lib/python3.9/site-packages/airflow/example_dags/example_trigger_target_dag.py
[2022-11-06T22:25:49.873-0300] {logging_mixin.py:120} INFO - [2022-11-06T22:25:49.872-0300] {dag.py:2585} INFO - Sync 1 DAGs
[2022-11-06T22:25:50.096-0300] {logging_mixin.py:120} INFO - [2022-11-06T22:25:50.095-0300] {dag.py:3336} INFO - Setting next_dagrun for example_trigger_target_dag to None, run_after=None
[2022-11-06T22:25:50.179-0300] {processor.py:176} INFO - Processing /home/debian/etlhausz/venv/lib/python3.9/site-packages/airflow/example_dags/example_trigger_target_dag.py took 0.386 seconds
[2022-11-06T22:26:20.682-0300] {processor.py:154} INFO - Started process (PID=34632) to work on /home/debian/etlhausz/venv/lib/python3.9/site-packages/airflow/example_dags/example_trigger_target_dag.py
[2022-11-06T22:26:20.683-0300] {processor.py:756} INFO - Processing file /home/debian/etlhausz/venv/lib/python3.9/site-packages/airflow/example_dags/example_trigger_target_dag.py for tasks to queue
[2022-11-06T22:26:20.684-0300] {logging_mixin.py:120} INFO - [2022-11-06T22:26:20.684-0300] {dagbag.py:537} INFO - Filling up the DagBag from /home/debian/etlhausz/venv/lib/python3.9/site-packages/airflow/example_dags/example_trigger_target_dag.py
[2022-11-06T22:26:20.703-0300] {processor.py:766} INFO - DAG(s) dict_keys(['example_trigger_target_dag']) retrieved from /home/debian/etlhausz/venv/lib/python3.9/site-packages/airflow/example_dags/example_trigger_target_dag.py
[2022-11-06T22:26:20.887-0300] {logging_mixin.py:120} INFO - [2022-11-06T22:26:20.887-0300] {dag.py:2585} INFO - Sync 1 DAGs
[2022-11-06T22:26:20.923-0300] {logging_mixin.py:120} INFO - [2022-11-06T22:26:20.923-0300] {dag.py:3336} INFO - Setting next_dagrun for example_trigger_target_dag to None, run_after=None
[2022-11-06T22:26:20.943-0300] {processor.py:176} INFO - Processing /home/debian/etlhausz/venv/lib/python3.9/site-packages/airflow/example_dags/example_trigger_target_dag.py took 0.264 seconds
[2022-11-06T22:26:51.849-0300] {processor.py:154} INFO - Started process (PID=35172) to work on /home/debian/etlhausz/venv/lib/python3.9/site-packages/airflow/example_dags/example_trigger_target_dag.py
[2022-11-06T22:26:51.851-0300] {processor.py:756} INFO - Processing file /home/debian/etlhausz/venv/lib/python3.9/site-packages/airflow/example_dags/example_trigger_target_dag.py for tasks to queue
[2022-11-06T22:26:51.851-0300] {logging_mixin.py:120} INFO - [2022-11-06T22:26:51.851-0300] {dagbag.py:537} INFO - Filling up the DagBag from /home/debian/etlhausz/venv/lib/python3.9/site-packages/airflow/example_dags/example_trigger_target_dag.py
[2022-11-06T22:26:51.874-0300] {processor.py:766} INFO - DAG(s) dict_keys(['example_trigger_target_dag']) retrieved from /home/debian/etlhausz/venv/lib/python3.9/site-packages/airflow/example_dags/example_trigger_target_dag.py
[2022-11-06T22:26:52.059-0300] {logging_mixin.py:120} INFO - [2022-11-06T22:26:52.059-0300] {dag.py:2585} INFO - Sync 1 DAGs
[2022-11-06T22:26:52.101-0300] {logging_mixin.py:120} INFO - [2022-11-06T22:26:52.101-0300] {dag.py:3336} INFO - Setting next_dagrun for example_trigger_target_dag to None, run_after=None
[2022-11-06T22:26:52.170-0300] {processor.py:176} INFO - Processing /home/debian/etlhausz/venv/lib/python3.9/site-packages/airflow/example_dags/example_trigger_target_dag.py took 0.325 seconds
[2022-11-06T22:27:22.917-0300] {processor.py:154} INFO - Started process (PID=35711) to work on /home/debian/etlhausz/venv/lib/python3.9/site-packages/airflow/example_dags/example_trigger_target_dag.py
[2022-11-06T22:27:22.919-0300] {processor.py:756} INFO - Processing file /home/debian/etlhausz/venv/lib/python3.9/site-packages/airflow/example_dags/example_trigger_target_dag.py for tasks to queue
[2022-11-06T22:27:22.920-0300] {logging_mixin.py:120} INFO - [2022-11-06T22:27:22.920-0300] {dagbag.py:537} INFO - Filling up the DagBag from /home/debian/etlhausz/venv/lib/python3.9/site-packages/airflow/example_dags/example_trigger_target_dag.py
[2022-11-06T22:27:22.950-0300] {processor.py:766} INFO - DAG(s) dict_keys(['example_trigger_target_dag']) retrieved from /home/debian/etlhausz/venv/lib/python3.9/site-packages/airflow/example_dags/example_trigger_target_dag.py
[2022-11-06T22:27:22.985-0300] {logging_mixin.py:120} INFO - [2022-11-06T22:27:22.985-0300] {dag.py:2585} INFO - Sync 1 DAGs
[2022-11-06T22:27:23.002-0300] {logging_mixin.py:120} INFO - [2022-11-06T22:27:23.002-0300] {dag.py:3336} INFO - Setting next_dagrun for example_trigger_target_dag to None, run_after=None
[2022-11-06T22:27:23.104-0300] {processor.py:176} INFO - Processing /home/debian/etlhausz/venv/lib/python3.9/site-packages/airflow/example_dags/example_trigger_target_dag.py took 0.190 seconds
[2022-11-06T22:27:53.649-0300] {processor.py:154} INFO - Started process (PID=36253) to work on /home/debian/etlhausz/venv/lib/python3.9/site-packages/airflow/example_dags/example_trigger_target_dag.py
[2022-11-06T22:27:53.660-0300] {processor.py:756} INFO - Processing file /home/debian/etlhausz/venv/lib/python3.9/site-packages/airflow/example_dags/example_trigger_target_dag.py for tasks to queue
[2022-11-06T22:27:53.666-0300] {logging_mixin.py:120} INFO - [2022-11-06T22:27:53.666-0300] {dagbag.py:537} INFO - Filling up the DagBag from /home/debian/etlhausz/venv/lib/python3.9/site-packages/airflow/example_dags/example_trigger_target_dag.py
[2022-11-06T22:27:53.689-0300] {processor.py:766} INFO - DAG(s) dict_keys(['example_trigger_target_dag']) retrieved from /home/debian/etlhausz/venv/lib/python3.9/site-packages/airflow/example_dags/example_trigger_target_dag.py
[2022-11-06T22:27:53.734-0300] {logging_mixin.py:120} INFO - [2022-11-06T22:27:53.734-0300] {dag.py:2585} INFO - Sync 1 DAGs
[2022-11-06T22:27:53.876-0300] {logging_mixin.py:120} INFO - [2022-11-06T22:27:53.875-0300] {dag.py:3336} INFO - Setting next_dagrun for example_trigger_target_dag to None, run_after=None
[2022-11-06T22:27:53.891-0300] {processor.py:176} INFO - Processing /home/debian/etlhausz/venv/lib/python3.9/site-packages/airflow/example_dags/example_trigger_target_dag.py took 0.255 seconds
[2022-11-06T22:28:25.127-0300] {processor.py:154} INFO - Started process (PID=36914) to work on /home/debian/etlhausz/venv/lib/python3.9/site-packages/airflow/example_dags/example_trigger_target_dag.py
[2022-11-06T22:28:25.128-0300] {processor.py:756} INFO - Processing file /home/debian/etlhausz/venv/lib/python3.9/site-packages/airflow/example_dags/example_trigger_target_dag.py for tasks to queue
[2022-11-06T22:28:25.129-0300] {logging_mixin.py:120} INFO - [2022-11-06T22:28:25.129-0300] {dagbag.py:537} INFO - Filling up the DagBag from /home/debian/etlhausz/venv/lib/python3.9/site-packages/airflow/example_dags/example_trigger_target_dag.py
[2022-11-06T22:28:25.147-0300] {processor.py:766} INFO - DAG(s) dict_keys(['example_trigger_target_dag']) retrieved from /home/debian/etlhausz/venv/lib/python3.9/site-packages/airflow/example_dags/example_trigger_target_dag.py
[2022-11-06T22:28:25.288-0300] {logging_mixin.py:120} INFO - [2022-11-06T22:28:25.288-0300] {dag.py:2585} INFO - Sync 1 DAGs
[2022-11-06T22:28:25.321-0300] {logging_mixin.py:120} INFO - [2022-11-06T22:28:25.321-0300] {dag.py:3336} INFO - Setting next_dagrun for example_trigger_target_dag to None, run_after=None
[2022-11-06T22:28:25.348-0300] {processor.py:176} INFO - Processing /home/debian/etlhausz/venv/lib/python3.9/site-packages/airflow/example_dags/example_trigger_target_dag.py took 0.224 seconds
[2022-11-06T22:28:56.013-0300] {processor.py:154} INFO - Started process (PID=37391) to work on /home/debian/etlhausz/venv/lib/python3.9/site-packages/airflow/example_dags/example_trigger_target_dag.py
[2022-11-06T22:28:56.013-0300] {processor.py:756} INFO - Processing file /home/debian/etlhausz/venv/lib/python3.9/site-packages/airflow/example_dags/example_trigger_target_dag.py for tasks to queue
[2022-11-06T22:28:56.014-0300] {logging_mixin.py:120} INFO - [2022-11-06T22:28:56.014-0300] {dagbag.py:537} INFO - Filling up the DagBag from /home/debian/etlhausz/venv/lib/python3.9/site-packages/airflow/example_dags/example_trigger_target_dag.py
[2022-11-06T22:28:56.054-0300] {processor.py:766} INFO - DAG(s) dict_keys(['example_trigger_target_dag']) retrieved from /home/debian/etlhausz/venv/lib/python3.9/site-packages/airflow/example_dags/example_trigger_target_dag.py
[2022-11-06T22:28:56.251-0300] {logging_mixin.py:120} INFO - [2022-11-06T22:28:56.251-0300] {dag.py:2585} INFO - Sync 1 DAGs
[2022-11-06T22:28:56.271-0300] {logging_mixin.py:120} INFO - [2022-11-06T22:28:56.271-0300] {dag.py:3336} INFO - Setting next_dagrun for example_trigger_target_dag to None, run_after=None
[2022-11-06T22:28:56.296-0300] {processor.py:176} INFO - Processing /home/debian/etlhausz/venv/lib/python3.9/site-packages/airflow/example_dags/example_trigger_target_dag.py took 0.287 seconds
[2022-11-06T22:29:26.961-0300] {processor.py:154} INFO - Started process (PID=37929) to work on /home/debian/etlhausz/venv/lib/python3.9/site-packages/airflow/example_dags/example_trigger_target_dag.py
[2022-11-06T22:29:26.962-0300] {processor.py:756} INFO - Processing file /home/debian/etlhausz/venv/lib/python3.9/site-packages/airflow/example_dags/example_trigger_target_dag.py for tasks to queue
[2022-11-06T22:29:26.963-0300] {logging_mixin.py:120} INFO - [2022-11-06T22:29:26.963-0300] {dagbag.py:537} INFO - Filling up the DagBag from /home/debian/etlhausz/venv/lib/python3.9/site-packages/airflow/example_dags/example_trigger_target_dag.py
[2022-11-06T22:29:26.980-0300] {processor.py:766} INFO - DAG(s) dict_keys(['example_trigger_target_dag']) retrieved from /home/debian/etlhausz/venv/lib/python3.9/site-packages/airflow/example_dags/example_trigger_target_dag.py
[2022-11-06T22:29:27.020-0300] {logging_mixin.py:120} INFO - [2022-11-06T22:29:27.020-0300] {dag.py:2585} INFO - Sync 1 DAGs
[2022-11-06T22:29:27.134-0300] {logging_mixin.py:120} INFO - [2022-11-06T22:29:27.133-0300] {dag.py:3336} INFO - Setting next_dagrun for example_trigger_target_dag to None, run_after=None
[2022-11-06T22:29:27.158-0300] {processor.py:176} INFO - Processing /home/debian/etlhausz/venv/lib/python3.9/site-packages/airflow/example_dags/example_trigger_target_dag.py took 0.200 seconds
[2022-11-06T22:29:58.889-0300] {processor.py:154} INFO - Started process (PID=38496) to work on /home/debian/etlhausz/venv/lib/python3.9/site-packages/airflow/example_dags/example_trigger_target_dag.py
[2022-11-06T22:29:58.889-0300] {processor.py:756} INFO - Processing file /home/debian/etlhausz/venv/lib/python3.9/site-packages/airflow/example_dags/example_trigger_target_dag.py for tasks to queue
[2022-11-06T22:29:58.890-0300] {logging_mixin.py:120} INFO - [2022-11-06T22:29:58.890-0300] {dagbag.py:537} INFO - Filling up the DagBag from /home/debian/etlhausz/venv/lib/python3.9/site-packages/airflow/example_dags/example_trigger_target_dag.py
[2022-11-06T22:29:58.909-0300] {processor.py:766} INFO - DAG(s) dict_keys(['example_trigger_target_dag']) retrieved from /home/debian/etlhausz/venv/lib/python3.9/site-packages/airflow/example_dags/example_trigger_target_dag.py
[2022-11-06T22:29:59.079-0300] {logging_mixin.py:120} INFO - [2022-11-06T22:29:59.079-0300] {dag.py:2585} INFO - Sync 1 DAGs
[2022-11-06T22:29:59.107-0300] {logging_mixin.py:120} INFO - [2022-11-06T22:29:59.107-0300] {dag.py:3336} INFO - Setting next_dagrun for example_trigger_target_dag to None, run_after=None
[2022-11-06T22:29:59.133-0300] {processor.py:176} INFO - Processing /home/debian/etlhausz/venv/lib/python3.9/site-packages/airflow/example_dags/example_trigger_target_dag.py took 0.247 seconds
[2022-11-06T22:30:29.472-0300] {processor.py:154} INFO - Started process (PID=39139) to work on /home/debian/etlhausz/venv/lib/python3.9/site-packages/airflow/example_dags/example_trigger_target_dag.py
[2022-11-06T22:30:29.473-0300] {processor.py:756} INFO - Processing file /home/debian/etlhausz/venv/lib/python3.9/site-packages/airflow/example_dags/example_trigger_target_dag.py for tasks to queue
[2022-11-06T22:30:29.474-0300] {logging_mixin.py:120} INFO - [2022-11-06T22:30:29.474-0300] {dagbag.py:537} INFO - Filling up the DagBag from /home/debian/etlhausz/venv/lib/python3.9/site-packages/airflow/example_dags/example_trigger_target_dag.py
[2022-11-06T22:30:29.496-0300] {processor.py:766} INFO - DAG(s) dict_keys(['example_trigger_target_dag']) retrieved from /home/debian/etlhausz/venv/lib/python3.9/site-packages/airflow/example_dags/example_trigger_target_dag.py
[2022-11-06T22:30:29.660-0300] {logging_mixin.py:120} INFO - [2022-11-06T22:30:29.660-0300] {dag.py:2585} INFO - Sync 1 DAGs
[2022-11-06T22:30:29.678-0300] {logging_mixin.py:120} INFO - [2022-11-06T22:30:29.678-0300] {dag.py:3336} INFO - Setting next_dagrun for example_trigger_target_dag to None, run_after=None
[2022-11-06T22:30:29.700-0300] {processor.py:176} INFO - Processing /home/debian/etlhausz/venv/lib/python3.9/site-packages/airflow/example_dags/example_trigger_target_dag.py took 0.233 seconds
[2022-11-06T22:31:00.505-0300] {processor.py:154} INFO - Started process (PID=39681) to work on /home/debian/etlhausz/venv/lib/python3.9/site-packages/airflow/example_dags/example_trigger_target_dag.py
[2022-11-06T22:31:00.507-0300] {processor.py:756} INFO - Processing file /home/debian/etlhausz/venv/lib/python3.9/site-packages/airflow/example_dags/example_trigger_target_dag.py for tasks to queue
[2022-11-06T22:31:00.507-0300] {logging_mixin.py:120} INFO - [2022-11-06T22:31:00.507-0300] {dagbag.py:537} INFO - Filling up the DagBag from /home/debian/etlhausz/venv/lib/python3.9/site-packages/airflow/example_dags/example_trigger_target_dag.py
[2022-11-06T22:31:00.617-0300] {processor.py:766} INFO - DAG(s) dict_keys(['example_trigger_target_dag']) retrieved from /home/debian/etlhausz/venv/lib/python3.9/site-packages/airflow/example_dags/example_trigger_target_dag.py
[2022-11-06T22:31:00.659-0300] {logging_mixin.py:120} INFO - [2022-11-06T22:31:00.658-0300] {dag.py:2585} INFO - Sync 1 DAGs
[2022-11-06T22:31:00.676-0300] {logging_mixin.py:120} INFO - [2022-11-06T22:31:00.676-0300] {dag.py:3336} INFO - Setting next_dagrun for example_trigger_target_dag to None, run_after=None
[2022-11-06T22:31:00.697-0300] {processor.py:176} INFO - Processing /home/debian/etlhausz/venv/lib/python3.9/site-packages/airflow/example_dags/example_trigger_target_dag.py took 0.196 seconds
[2022-11-06T22:31:32.420-0300] {processor.py:154} INFO - Started process (PID=40165) to work on /home/debian/etlhausz/venv/lib/python3.9/site-packages/airflow/example_dags/example_trigger_target_dag.py
[2022-11-06T22:31:32.421-0300] {processor.py:756} INFO - Processing file /home/debian/etlhausz/venv/lib/python3.9/site-packages/airflow/example_dags/example_trigger_target_dag.py for tasks to queue
[2022-11-06T22:31:32.421-0300] {logging_mixin.py:120} INFO - [2022-11-06T22:31:32.421-0300] {dagbag.py:537} INFO - Filling up the DagBag from /home/debian/etlhausz/venv/lib/python3.9/site-packages/airflow/example_dags/example_trigger_target_dag.py
[2022-11-06T22:31:32.437-0300] {processor.py:766} INFO - DAG(s) dict_keys(['example_trigger_target_dag']) retrieved from /home/debian/etlhausz/venv/lib/python3.9/site-packages/airflow/example_dags/example_trigger_target_dag.py
[2022-11-06T22:31:32.477-0300] {logging_mixin.py:120} INFO - [2022-11-06T22:31:32.477-0300] {dag.py:2585} INFO - Sync 1 DAGs
[2022-11-06T22:31:32.594-0300] {logging_mixin.py:120} INFO - [2022-11-06T22:31:32.594-0300] {dag.py:3336} INFO - Setting next_dagrun for example_trigger_target_dag to None, run_after=None
[2022-11-06T22:31:32.616-0300] {processor.py:176} INFO - Processing /home/debian/etlhausz/venv/lib/python3.9/site-packages/airflow/example_dags/example_trigger_target_dag.py took 0.200 seconds
