[2022-11-06T21:00:02.559-0300] {processor.py:154} INFO - Started process (PID=60916) to work on /home/debian/etlhausz/venv/lib/python3.9/site-packages/airflow/example_dags/tutorial_dag.py
[2022-11-06T21:00:02.560-0300] {processor.py:756} INFO - Processing file /home/debian/etlhausz/venv/lib/python3.9/site-packages/airflow/example_dags/tutorial_dag.py for tasks to queue
[2022-11-06T21:00:02.561-0300] {logging_mixin.py:120} INFO - [2022-11-06T21:00:02.561-0300] {dagbag.py:537} INFO - Filling up the DagBag from /home/debian/etlhausz/venv/lib/python3.9/site-packages/airflow/example_dags/tutorial_dag.py
[2022-11-06T21:00:02.631-0300] {processor.py:766} INFO - DAG(s) dict_keys(['tutorial_dag']) retrieved from /home/debian/etlhausz/venv/lib/python3.9/site-packages/airflow/example_dags/tutorial_dag.py
[2022-11-06T21:00:03.114-0300] {logging_mixin.py:120} INFO - [2022-11-06T21:00:03.114-0300] {dag.py:2585} INFO - Sync 1 DAGs
[2022-11-06T21:00:03.135-0300] {logging_mixin.py:120} INFO - [2022-11-06T21:00:03.135-0300] {dag.py:3336} INFO - Setting next_dagrun for tutorial_dag to None, run_after=None
[2022-11-06T21:00:03.156-0300] {processor.py:176} INFO - Processing /home/debian/etlhausz/venv/lib/python3.9/site-packages/airflow/example_dags/tutorial_dag.py took 0.603 seconds
[2022-11-06T21:00:33.880-0300] {processor.py:154} INFO - Started process (PID=61461) to work on /home/debian/etlhausz/venv/lib/python3.9/site-packages/airflow/example_dags/tutorial_dag.py
[2022-11-06T21:00:33.880-0300] {processor.py:756} INFO - Processing file /home/debian/etlhausz/venv/lib/python3.9/site-packages/airflow/example_dags/tutorial_dag.py for tasks to queue
[2022-11-06T21:00:33.881-0300] {logging_mixin.py:120} INFO - [2022-11-06T21:00:33.881-0300] {dagbag.py:537} INFO - Filling up the DagBag from /home/debian/etlhausz/venv/lib/python3.9/site-packages/airflow/example_dags/tutorial_dag.py
[2022-11-06T21:00:33.892-0300] {processor.py:766} INFO - DAG(s) dict_keys(['tutorial_dag']) retrieved from /home/debian/etlhausz/venv/lib/python3.9/site-packages/airflow/example_dags/tutorial_dag.py
[2022-11-06T21:00:33.936-0300] {logging_mixin.py:120} INFO - [2022-11-06T21:00:33.935-0300] {dag.py:2585} INFO - Sync 1 DAGs
[2022-11-06T21:00:34.045-0300] {logging_mixin.py:120} INFO - [2022-11-06T21:00:34.045-0300] {dag.py:3336} INFO - Setting next_dagrun for tutorial_dag to None, run_after=None
[2022-11-06T21:00:34.068-0300] {processor.py:176} INFO - Processing /home/debian/etlhausz/venv/lib/python3.9/site-packages/airflow/example_dags/tutorial_dag.py took 0.192 seconds
[2022-11-06T21:01:04.571-0300] {processor.py:154} INFO - Started process (PID=62059) to work on /home/debian/etlhausz/venv/lib/python3.9/site-packages/airflow/example_dags/tutorial_dag.py
[2022-11-06T21:01:04.582-0300] {processor.py:756} INFO - Processing file /home/debian/etlhausz/venv/lib/python3.9/site-packages/airflow/example_dags/tutorial_dag.py for tasks to queue
[2022-11-06T21:01:04.583-0300] {logging_mixin.py:120} INFO - [2022-11-06T21:01:04.583-0300] {dagbag.py:537} INFO - Filling up the DagBag from /home/debian/etlhausz/venv/lib/python3.9/site-packages/airflow/example_dags/tutorial_dag.py
[2022-11-06T21:01:04.597-0300] {processor.py:766} INFO - DAG(s) dict_keys(['tutorial_dag']) retrieved from /home/debian/etlhausz/venv/lib/python3.9/site-packages/airflow/example_dags/tutorial_dag.py
[2022-11-06T21:01:04.640-0300] {logging_mixin.py:120} INFO - [2022-11-06T21:01:04.640-0300] {dag.py:2585} INFO - Sync 1 DAGs
[2022-11-06T21:01:04.765-0300] {logging_mixin.py:120} INFO - [2022-11-06T21:01:04.765-0300] {dag.py:3336} INFO - Setting next_dagrun for tutorial_dag to None, run_after=None
[2022-11-06T21:01:04.799-0300] {processor.py:176} INFO - Processing /home/debian/etlhausz/venv/lib/python3.9/site-packages/airflow/example_dags/tutorial_dag.py took 0.230 seconds
[2022-11-06T21:01:35.553-0300] {processor.py:154} INFO - Started process (PID=62643) to work on /home/debian/etlhausz/venv/lib/python3.9/site-packages/airflow/example_dags/tutorial_dag.py
[2022-11-06T21:01:35.560-0300] {processor.py:756} INFO - Processing file /home/debian/etlhausz/venv/lib/python3.9/site-packages/airflow/example_dags/tutorial_dag.py for tasks to queue
[2022-11-06T21:01:35.561-0300] {logging_mixin.py:120} INFO - [2022-11-06T21:01:35.561-0300] {dagbag.py:537} INFO - Filling up the DagBag from /home/debian/etlhausz/venv/lib/python3.9/site-packages/airflow/example_dags/tutorial_dag.py
[2022-11-06T21:01:35.573-0300] {processor.py:766} INFO - DAG(s) dict_keys(['tutorial_dag']) retrieved from /home/debian/etlhausz/venv/lib/python3.9/site-packages/airflow/example_dags/tutorial_dag.py
[2022-11-06T21:01:35.943-0300] {logging_mixin.py:120} INFO - [2022-11-06T21:01:35.937-0300] {dag.py:2585} INFO - Sync 1 DAGs
[2022-11-06T21:01:36.064-0300] {logging_mixin.py:120} INFO - [2022-11-06T21:01:36.063-0300] {dag.py:3336} INFO - Setting next_dagrun for tutorial_dag to None, run_after=None
[2022-11-06T21:01:36.155-0300] {processor.py:176} INFO - Processing /home/debian/etlhausz/venv/lib/python3.9/site-packages/airflow/example_dags/tutorial_dag.py took 0.605 seconds
[2022-11-06T21:02:06.188-0300] {processor.py:154} INFO - Started process (PID=63183) to work on /home/debian/etlhausz/venv/lib/python3.9/site-packages/airflow/example_dags/tutorial_dag.py
[2022-11-06T21:02:06.190-0300] {processor.py:756} INFO - Processing file /home/debian/etlhausz/venv/lib/python3.9/site-packages/airflow/example_dags/tutorial_dag.py for tasks to queue
[2022-11-06T21:02:06.191-0300] {logging_mixin.py:120} INFO - [2022-11-06T21:02:06.191-0300] {dagbag.py:537} INFO - Filling up the DagBag from /home/debian/etlhausz/venv/lib/python3.9/site-packages/airflow/example_dags/tutorial_dag.py
[2022-11-06T21:02:06.209-0300] {processor.py:766} INFO - DAG(s) dict_keys(['tutorial_dag']) retrieved from /home/debian/etlhausz/venv/lib/python3.9/site-packages/airflow/example_dags/tutorial_dag.py
[2022-11-06T21:02:06.337-0300] {logging_mixin.py:120} INFO - [2022-11-06T21:02:06.337-0300] {dag.py:2585} INFO - Sync 1 DAGs
[2022-11-06T21:02:06.353-0300] {logging_mixin.py:120} INFO - [2022-11-06T21:02:06.353-0300] {dag.py:3336} INFO - Setting next_dagrun for tutorial_dag to None, run_after=None
[2022-11-06T21:02:06.374-0300] {processor.py:176} INFO - Processing /home/debian/etlhausz/venv/lib/python3.9/site-packages/airflow/example_dags/tutorial_dag.py took 0.188 seconds
[2022-11-06T21:02:36.728-0300] {processor.py:154} INFO - Started process (PID=63745) to work on /home/debian/etlhausz/venv/lib/python3.9/site-packages/airflow/example_dags/tutorial_dag.py
[2022-11-06T21:02:36.730-0300] {processor.py:756} INFO - Processing file /home/debian/etlhausz/venv/lib/python3.9/site-packages/airflow/example_dags/tutorial_dag.py for tasks to queue
[2022-11-06T21:02:36.730-0300] {logging_mixin.py:120} INFO - [2022-11-06T21:02:36.730-0300] {dagbag.py:537} INFO - Filling up the DagBag from /home/debian/etlhausz/venv/lib/python3.9/site-packages/airflow/example_dags/tutorial_dag.py
[2022-11-06T21:02:36.745-0300] {processor.py:766} INFO - DAG(s) dict_keys(['tutorial_dag']) retrieved from /home/debian/etlhausz/venv/lib/python3.9/site-packages/airflow/example_dags/tutorial_dag.py
[2022-11-06T21:02:36.852-0300] {logging_mixin.py:120} INFO - [2022-11-06T21:02:36.852-0300] {dag.py:2585} INFO - Sync 1 DAGs
[2022-11-06T21:02:37.048-0300] {logging_mixin.py:120} INFO - [2022-11-06T21:02:37.048-0300] {dag.py:3336} INFO - Setting next_dagrun for tutorial_dag to None, run_after=None
[2022-11-06T21:02:37.077-0300] {processor.py:176} INFO - Processing /home/debian/etlhausz/venv/lib/python3.9/site-packages/airflow/example_dags/tutorial_dag.py took 0.353 seconds
[2022-11-06T21:03:08.104-0300] {processor.py:154} INFO - Started process (PID=64318) to work on /home/debian/etlhausz/venv/lib/python3.9/site-packages/airflow/example_dags/tutorial_dag.py
[2022-11-06T21:03:08.107-0300] {processor.py:756} INFO - Processing file /home/debian/etlhausz/venv/lib/python3.9/site-packages/airflow/example_dags/tutorial_dag.py for tasks to queue
[2022-11-06T21:03:08.108-0300] {logging_mixin.py:120} INFO - [2022-11-06T21:03:08.108-0300] {dagbag.py:537} INFO - Filling up the DagBag from /home/debian/etlhausz/venv/lib/python3.9/site-packages/airflow/example_dags/tutorial_dag.py
[2022-11-06T21:03:08.120-0300] {processor.py:766} INFO - DAG(s) dict_keys(['tutorial_dag']) retrieved from /home/debian/etlhausz/venv/lib/python3.9/site-packages/airflow/example_dags/tutorial_dag.py
[2022-11-06T21:03:08.164-0300] {logging_mixin.py:120} INFO - [2022-11-06T21:03:08.163-0300] {dag.py:2585} INFO - Sync 1 DAGs
[2022-11-06T21:03:08.271-0300] {logging_mixin.py:120} INFO - [2022-11-06T21:03:08.270-0300] {dag.py:3336} INFO - Setting next_dagrun for tutorial_dag to None, run_after=None
[2022-11-06T21:03:08.290-0300] {processor.py:176} INFO - Processing /home/debian/etlhausz/venv/lib/python3.9/site-packages/airflow/example_dags/tutorial_dag.py took 0.189 seconds
[2022-11-06T21:03:38.808-0300] {processor.py:154} INFO - Started process (PID=64923) to work on /home/debian/etlhausz/venv/lib/python3.9/site-packages/airflow/example_dags/tutorial_dag.py
[2022-11-06T21:03:38.810-0300] {processor.py:756} INFO - Processing file /home/debian/etlhausz/venv/lib/python3.9/site-packages/airflow/example_dags/tutorial_dag.py for tasks to queue
[2022-11-06T21:03:38.811-0300] {logging_mixin.py:120} INFO - [2022-11-06T21:03:38.811-0300] {dagbag.py:537} INFO - Filling up the DagBag from /home/debian/etlhausz/venv/lib/python3.9/site-packages/airflow/example_dags/tutorial_dag.py
[2022-11-06T21:03:38.833-0300] {processor.py:766} INFO - DAG(s) dict_keys(['tutorial_dag']) retrieved from /home/debian/etlhausz/venv/lib/python3.9/site-packages/airflow/example_dags/tutorial_dag.py
[2022-11-06T21:03:39.024-0300] {logging_mixin.py:120} INFO - [2022-11-06T21:03:39.024-0300] {dag.py:2585} INFO - Sync 1 DAGs
[2022-11-06T21:03:39.046-0300] {logging_mixin.py:120} INFO - [2022-11-06T21:03:39.046-0300] {dag.py:3336} INFO - Setting next_dagrun for tutorial_dag to None, run_after=None
[2022-11-06T21:03:39.071-0300] {processor.py:176} INFO - Processing /home/debian/etlhausz/venv/lib/python3.9/site-packages/airflow/example_dags/tutorial_dag.py took 0.277 seconds
[2022-11-06T21:04:10.926-0300] {processor.py:154} INFO - Started process (PID=65550) to work on /home/debian/etlhausz/venv/lib/python3.9/site-packages/airflow/example_dags/tutorial_dag.py
[2022-11-06T21:04:10.930-0300] {processor.py:756} INFO - Processing file /home/debian/etlhausz/venv/lib/python3.9/site-packages/airflow/example_dags/tutorial_dag.py for tasks to queue
[2022-11-06T21:04:10.931-0300] {logging_mixin.py:120} INFO - [2022-11-06T21:04:10.931-0300] {dagbag.py:537} INFO - Filling up the DagBag from /home/debian/etlhausz/venv/lib/python3.9/site-packages/airflow/example_dags/tutorial_dag.py
[2022-11-06T21:04:10.957-0300] {processor.py:766} INFO - DAG(s) dict_keys(['tutorial_dag']) retrieved from /home/debian/etlhausz/venv/lib/python3.9/site-packages/airflow/example_dags/tutorial_dag.py
[2022-11-06T21:04:11.185-0300] {logging_mixin.py:120} INFO - [2022-11-06T21:04:11.185-0300] {dag.py:2585} INFO - Sync 1 DAGs
[2022-11-06T21:04:11.202-0300] {logging_mixin.py:120} INFO - [2022-11-06T21:04:11.202-0300] {dag.py:3336} INFO - Setting next_dagrun for tutorial_dag to None, run_after=None
[2022-11-06T21:04:11.216-0300] {processor.py:176} INFO - Processing /home/debian/etlhausz/venv/lib/python3.9/site-packages/airflow/example_dags/tutorial_dag.py took 0.304 seconds
[2022-11-06T22:01:37.689-0300] {processor.py:154} INFO - Started process (PID=5139) to work on /home/debian/etlhausz/venv/lib/python3.9/site-packages/airflow/example_dags/tutorial_dag.py
[2022-11-06T22:01:37.691-0300] {processor.py:756} INFO - Processing file /home/debian/etlhausz/venv/lib/python3.9/site-packages/airflow/example_dags/tutorial_dag.py for tasks to queue
[2022-11-06T22:01:37.692-0300] {logging_mixin.py:120} INFO - [2022-11-06T22:01:37.691-0300] {dagbag.py:537} INFO - Filling up the DagBag from /home/debian/etlhausz/venv/lib/python3.9/site-packages/airflow/example_dags/tutorial_dag.py
[2022-11-06T22:01:37.731-0300] {processor.py:766} INFO - DAG(s) dict_keys(['tutorial_dag']) retrieved from /home/debian/etlhausz/venv/lib/python3.9/site-packages/airflow/example_dags/tutorial_dag.py
[2022-11-06T22:01:37.886-0300] {logging_mixin.py:120} INFO - [2022-11-06T22:01:37.886-0300] {dag.py:2585} INFO - Sync 1 DAGs
[2022-11-06T22:01:37.936-0300] {logging_mixin.py:120} INFO - [2022-11-06T22:01:37.936-0300] {dag.py:3336} INFO - Setting next_dagrun for tutorial_dag to None, run_after=None
[2022-11-06T22:01:37.975-0300] {processor.py:176} INFO - Processing /home/debian/etlhausz/venv/lib/python3.9/site-packages/airflow/example_dags/tutorial_dag.py took 0.289 seconds
[2022-11-06T22:02:09.973-0300] {processor.py:154} INFO - Started process (PID=5789) to work on /home/debian/etlhausz/venv/lib/python3.9/site-packages/airflow/example_dags/tutorial_dag.py
[2022-11-06T22:02:09.975-0300] {processor.py:756} INFO - Processing file /home/debian/etlhausz/venv/lib/python3.9/site-packages/airflow/example_dags/tutorial_dag.py for tasks to queue
[2022-11-06T22:02:09.985-0300] {logging_mixin.py:120} INFO - [2022-11-06T22:02:09.985-0300] {dagbag.py:537} INFO - Filling up the DagBag from /home/debian/etlhausz/venv/lib/python3.9/site-packages/airflow/example_dags/tutorial_dag.py
[2022-11-06T22:02:10.082-0300] {processor.py:766} INFO - DAG(s) dict_keys(['tutorial_dag']) retrieved from /home/debian/etlhausz/venv/lib/python3.9/site-packages/airflow/example_dags/tutorial_dag.py
[2022-11-06T22:02:10.237-0300] {logging_mixin.py:120} INFO - [2022-11-06T22:02:10.237-0300] {dag.py:2585} INFO - Sync 1 DAGs
[2022-11-06T22:02:10.261-0300] {logging_mixin.py:120} INFO - [2022-11-06T22:02:10.261-0300] {dag.py:3336} INFO - Setting next_dagrun for tutorial_dag to None, run_after=None
[2022-11-06T22:02:10.280-0300] {processor.py:176} INFO - Processing /home/debian/etlhausz/venv/lib/python3.9/site-packages/airflow/example_dags/tutorial_dag.py took 0.319 seconds
[2022-11-06T22:02:41.801-0300] {processor.py:154} INFO - Started process (PID=6449) to work on /home/debian/etlhausz/venv/lib/python3.9/site-packages/airflow/example_dags/tutorial_dag.py
[2022-11-06T22:02:41.803-0300] {processor.py:756} INFO - Processing file /home/debian/etlhausz/venv/lib/python3.9/site-packages/airflow/example_dags/tutorial_dag.py for tasks to queue
[2022-11-06T22:02:41.803-0300] {logging_mixin.py:120} INFO - [2022-11-06T22:02:41.803-0300] {dagbag.py:537} INFO - Filling up the DagBag from /home/debian/etlhausz/venv/lib/python3.9/site-packages/airflow/example_dags/tutorial_dag.py
[2022-11-06T22:02:41.814-0300] {processor.py:766} INFO - DAG(s) dict_keys(['tutorial_dag']) retrieved from /home/debian/etlhausz/venv/lib/python3.9/site-packages/airflow/example_dags/tutorial_dag.py
[2022-11-06T22:02:41.857-0300] {logging_mixin.py:120} INFO - [2022-11-06T22:02:41.857-0300] {dag.py:2585} INFO - Sync 1 DAGs
[2022-11-06T22:02:41.876-0300] {logging_mixin.py:120} INFO - [2022-11-06T22:02:41.876-0300] {dag.py:3336} INFO - Setting next_dagrun for tutorial_dag to None, run_after=None
[2022-11-06T22:02:41.906-0300] {processor.py:176} INFO - Processing /home/debian/etlhausz/venv/lib/python3.9/site-packages/airflow/example_dags/tutorial_dag.py took 0.108 seconds
[2022-11-06T22:03:14.324-0300] {processor.py:154} INFO - Started process (PID=7025) to work on /home/debian/etlhausz/venv/lib/python3.9/site-packages/airflow/example_dags/tutorial_dag.py
[2022-11-06T22:03:14.326-0300] {processor.py:756} INFO - Processing file /home/debian/etlhausz/venv/lib/python3.9/site-packages/airflow/example_dags/tutorial_dag.py for tasks to queue
[2022-11-06T22:03:14.327-0300] {logging_mixin.py:120} INFO - [2022-11-06T22:03:14.327-0300] {dagbag.py:537} INFO - Filling up the DagBag from /home/debian/etlhausz/venv/lib/python3.9/site-packages/airflow/example_dags/tutorial_dag.py
[2022-11-06T22:03:14.343-0300] {processor.py:766} INFO - DAG(s) dict_keys(['tutorial_dag']) retrieved from /home/debian/etlhausz/venv/lib/python3.9/site-packages/airflow/example_dags/tutorial_dag.py
[2022-11-06T22:03:14.389-0300] {logging_mixin.py:120} INFO - [2022-11-06T22:03:14.388-0300] {dag.py:2585} INFO - Sync 1 DAGs
[2022-11-06T22:03:14.430-0300] {logging_mixin.py:120} INFO - [2022-11-06T22:03:14.429-0300] {dag.py:3336} INFO - Setting next_dagrun for tutorial_dag to None, run_after=None
[2022-11-06T22:03:14.480-0300] {processor.py:176} INFO - Processing /home/debian/etlhausz/venv/lib/python3.9/site-packages/airflow/example_dags/tutorial_dag.py took 0.161 seconds
[2022-11-06T22:03:45.851-0300] {processor.py:154} INFO - Started process (PID=7712) to work on /home/debian/etlhausz/venv/lib/python3.9/site-packages/airflow/example_dags/tutorial_dag.py
[2022-11-06T22:03:45.852-0300] {processor.py:756} INFO - Processing file /home/debian/etlhausz/venv/lib/python3.9/site-packages/airflow/example_dags/tutorial_dag.py for tasks to queue
[2022-11-06T22:03:45.853-0300] {logging_mixin.py:120} INFO - [2022-11-06T22:03:45.852-0300] {dagbag.py:537} INFO - Filling up the DagBag from /home/debian/etlhausz/venv/lib/python3.9/site-packages/airflow/example_dags/tutorial_dag.py
[2022-11-06T22:03:45.864-0300] {processor.py:766} INFO - DAG(s) dict_keys(['tutorial_dag']) retrieved from /home/debian/etlhausz/venv/lib/python3.9/site-packages/airflow/example_dags/tutorial_dag.py
[2022-11-06T22:03:45.910-0300] {logging_mixin.py:120} INFO - [2022-11-06T22:03:45.910-0300] {dag.py:2585} INFO - Sync 1 DAGs
[2022-11-06T22:03:45.935-0300] {logging_mixin.py:120} INFO - [2022-11-06T22:03:45.935-0300] {dag.py:3336} INFO - Setting next_dagrun for tutorial_dag to None, run_after=None
[2022-11-06T22:03:45.951-0300] {processor.py:176} INFO - Processing /home/debian/etlhausz/venv/lib/python3.9/site-packages/airflow/example_dags/tutorial_dag.py took 0.103 seconds
[2022-11-06T22:04:17.180-0300] {processor.py:154} INFO - Started process (PID=8335) to work on /home/debian/etlhausz/venv/lib/python3.9/site-packages/airflow/example_dags/tutorial_dag.py
[2022-11-06T22:04:17.182-0300] {processor.py:756} INFO - Processing file /home/debian/etlhausz/venv/lib/python3.9/site-packages/airflow/example_dags/tutorial_dag.py for tasks to queue
[2022-11-06T22:04:17.182-0300] {logging_mixin.py:120} INFO - [2022-11-06T22:04:17.182-0300] {dagbag.py:537} INFO - Filling up the DagBag from /home/debian/etlhausz/venv/lib/python3.9/site-packages/airflow/example_dags/tutorial_dag.py
[2022-11-06T22:04:17.194-0300] {processor.py:766} INFO - DAG(s) dict_keys(['tutorial_dag']) retrieved from /home/debian/etlhausz/venv/lib/python3.9/site-packages/airflow/example_dags/tutorial_dag.py
[2022-11-06T22:04:17.240-0300] {logging_mixin.py:120} INFO - [2022-11-06T22:04:17.239-0300] {dag.py:2585} INFO - Sync 1 DAGs
[2022-11-06T22:04:17.259-0300] {logging_mixin.py:120} INFO - [2022-11-06T22:04:17.258-0300] {dag.py:3336} INFO - Setting next_dagrun for tutorial_dag to None, run_after=None
[2022-11-06T22:04:17.299-0300] {processor.py:176} INFO - Processing /home/debian/etlhausz/venv/lib/python3.9/site-packages/airflow/example_dags/tutorial_dag.py took 0.122 seconds
[2022-11-06T22:04:49.903-0300] {processor.py:154} INFO - Started process (PID=8909) to work on /home/debian/etlhausz/venv/lib/python3.9/site-packages/airflow/example_dags/tutorial_dag.py
[2022-11-06T22:04:49.905-0300] {processor.py:756} INFO - Processing file /home/debian/etlhausz/venv/lib/python3.9/site-packages/airflow/example_dags/tutorial_dag.py for tasks to queue
[2022-11-06T22:04:49.905-0300] {logging_mixin.py:120} INFO - [2022-11-06T22:04:49.905-0300] {dagbag.py:537} INFO - Filling up the DagBag from /home/debian/etlhausz/venv/lib/python3.9/site-packages/airflow/example_dags/tutorial_dag.py
[2022-11-06T22:04:49.919-0300] {processor.py:766} INFO - DAG(s) dict_keys(['tutorial_dag']) retrieved from /home/debian/etlhausz/venv/lib/python3.9/site-packages/airflow/example_dags/tutorial_dag.py
[2022-11-06T22:04:49.971-0300] {logging_mixin.py:120} INFO - [2022-11-06T22:04:49.971-0300] {dag.py:2585} INFO - Sync 1 DAGs
[2022-11-06T22:04:50.001-0300] {logging_mixin.py:120} INFO - [2022-11-06T22:04:50.001-0300] {dag.py:3336} INFO - Setting next_dagrun for tutorial_dag to None, run_after=None
[2022-11-06T22:04:50.028-0300] {processor.py:176} INFO - Processing /home/debian/etlhausz/venv/lib/python3.9/site-packages/airflow/example_dags/tutorial_dag.py took 0.129 seconds
[2022-11-06T22:05:30.669-0300] {processor.py:154} INFO - Started process (PID=9839) to work on /home/debian/etlhausz/venv/lib/python3.9/site-packages/airflow/example_dags/tutorial_dag.py
[2022-11-06T22:05:30.671-0300] {processor.py:756} INFO - Processing file /home/debian/etlhausz/venv/lib/python3.9/site-packages/airflow/example_dags/tutorial_dag.py for tasks to queue
[2022-11-06T22:05:30.672-0300] {logging_mixin.py:120} INFO - [2022-11-06T22:05:30.671-0300] {dagbag.py:537} INFO - Filling up the DagBag from /home/debian/etlhausz/venv/lib/python3.9/site-packages/airflow/example_dags/tutorial_dag.py
[2022-11-06T22:05:30.686-0300] {processor.py:766} INFO - DAG(s) dict_keys(['tutorial_dag']) retrieved from /home/debian/etlhausz/venv/lib/python3.9/site-packages/airflow/example_dags/tutorial_dag.py
[2022-11-06T22:05:30.746-0300] {logging_mixin.py:120} INFO - [2022-11-06T22:05:30.745-0300] {dag.py:2585} INFO - Sync 1 DAGs
[2022-11-06T22:05:30.783-0300] {logging_mixin.py:120} INFO - [2022-11-06T22:05:30.783-0300] {dag.py:3336} INFO - Setting next_dagrun for tutorial_dag to None, run_after=None
[2022-11-06T22:05:30.813-0300] {processor.py:176} INFO - Processing /home/debian/etlhausz/venv/lib/python3.9/site-packages/airflow/example_dags/tutorial_dag.py took 0.146 seconds
[2022-11-06T22:06:01.226-0300] {processor.py:154} INFO - Started process (PID=10454) to work on /home/debian/etlhausz/venv/lib/python3.9/site-packages/airflow/example_dags/tutorial_dag.py
[2022-11-06T22:06:01.228-0300] {processor.py:756} INFO - Processing file /home/debian/etlhausz/venv/lib/python3.9/site-packages/airflow/example_dags/tutorial_dag.py for tasks to queue
[2022-11-06T22:06:01.230-0300] {logging_mixin.py:120} INFO - [2022-11-06T22:06:01.228-0300] {dagbag.py:537} INFO - Filling up the DagBag from /home/debian/etlhausz/venv/lib/python3.9/site-packages/airflow/example_dags/tutorial_dag.py
[2022-11-06T22:06:01.299-0300] {processor.py:766} INFO - DAG(s) dict_keys(['tutorial_dag']) retrieved from /home/debian/etlhausz/venv/lib/python3.9/site-packages/airflow/example_dags/tutorial_dag.py
[2022-11-06T22:06:01.348-0300] {logging_mixin.py:120} INFO - [2022-11-06T22:06:01.348-0300] {dag.py:2585} INFO - Sync 1 DAGs
[2022-11-06T22:06:01.373-0300] {logging_mixin.py:120} INFO - [2022-11-06T22:06:01.373-0300] {dag.py:3336} INFO - Setting next_dagrun for tutorial_dag to None, run_after=None
[2022-11-06T22:06:01.394-0300] {processor.py:176} INFO - Processing /home/debian/etlhausz/venv/lib/python3.9/site-packages/airflow/example_dags/tutorial_dag.py took 0.175 seconds
[2022-11-06T22:06:32.088-0300] {processor.py:154} INFO - Started process (PID=10981) to work on /home/debian/etlhausz/venv/lib/python3.9/site-packages/airflow/example_dags/tutorial_dag.py
[2022-11-06T22:06:32.090-0300] {processor.py:756} INFO - Processing file /home/debian/etlhausz/venv/lib/python3.9/site-packages/airflow/example_dags/tutorial_dag.py for tasks to queue
[2022-11-06T22:06:32.091-0300] {logging_mixin.py:120} INFO - [2022-11-06T22:06:32.091-0300] {dagbag.py:537} INFO - Filling up the DagBag from /home/debian/etlhausz/venv/lib/python3.9/site-packages/airflow/example_dags/tutorial_dag.py
[2022-11-06T22:06:32.103-0300] {processor.py:766} INFO - DAG(s) dict_keys(['tutorial_dag']) retrieved from /home/debian/etlhausz/venv/lib/python3.9/site-packages/airflow/example_dags/tutorial_dag.py
[2022-11-06T22:06:32.146-0300] {logging_mixin.py:120} INFO - [2022-11-06T22:06:32.146-0300] {dag.py:2585} INFO - Sync 1 DAGs
[2022-11-06T22:06:32.164-0300] {logging_mixin.py:120} INFO - [2022-11-06T22:06:32.164-0300] {dag.py:3336} INFO - Setting next_dagrun for tutorial_dag to None, run_after=None
[2022-11-06T22:06:32.186-0300] {processor.py:176} INFO - Processing /home/debian/etlhausz/venv/lib/python3.9/site-packages/airflow/example_dags/tutorial_dag.py took 0.101 seconds
[2022-11-06T22:07:02.788-0300] {processor.py:154} INFO - Started process (PID=11526) to work on /home/debian/etlhausz/venv/lib/python3.9/site-packages/airflow/example_dags/tutorial_dag.py
[2022-11-06T22:07:02.789-0300] {processor.py:756} INFO - Processing file /home/debian/etlhausz/venv/lib/python3.9/site-packages/airflow/example_dags/tutorial_dag.py for tasks to queue
[2022-11-06T22:07:02.790-0300] {logging_mixin.py:120} INFO - [2022-11-06T22:07:02.790-0300] {dagbag.py:537} INFO - Filling up the DagBag from /home/debian/etlhausz/venv/lib/python3.9/site-packages/airflow/example_dags/tutorial_dag.py
[2022-11-06T22:07:02.805-0300] {processor.py:766} INFO - DAG(s) dict_keys(['tutorial_dag']) retrieved from /home/debian/etlhausz/venv/lib/python3.9/site-packages/airflow/example_dags/tutorial_dag.py
[2022-11-06T22:07:02.847-0300] {logging_mixin.py:120} INFO - [2022-11-06T22:07:02.847-0300] {dag.py:2585} INFO - Sync 1 DAGs
[2022-11-06T22:07:02.868-0300] {logging_mixin.py:120} INFO - [2022-11-06T22:07:02.868-0300] {dag.py:3336} INFO - Setting next_dagrun for tutorial_dag to None, run_after=None
[2022-11-06T22:07:02.884-0300] {processor.py:176} INFO - Processing /home/debian/etlhausz/venv/lib/python3.9/site-packages/airflow/example_dags/tutorial_dag.py took 0.098 seconds
[2022-11-06T22:07:37.839-0300] {processor.py:154} INFO - Started process (PID=12299) to work on /home/debian/etlhausz/venv/lib/python3.9/site-packages/airflow/example_dags/tutorial_dag.py
[2022-11-06T22:07:37.847-0300] {processor.py:756} INFO - Processing file /home/debian/etlhausz/venv/lib/python3.9/site-packages/airflow/example_dags/tutorial_dag.py for tasks to queue
[2022-11-06T22:07:37.849-0300] {logging_mixin.py:120} INFO - [2022-11-06T22:07:37.847-0300] {dagbag.py:537} INFO - Filling up the DagBag from /home/debian/etlhausz/venv/lib/python3.9/site-packages/airflow/example_dags/tutorial_dag.py
[2022-11-06T22:07:37.881-0300] {processor.py:766} INFO - DAG(s) dict_keys(['tutorial_dag']) retrieved from /home/debian/etlhausz/venv/lib/python3.9/site-packages/airflow/example_dags/tutorial_dag.py
[2022-11-06T22:07:37.985-0300] {logging_mixin.py:120} INFO - [2022-11-06T22:07:37.984-0300] {dag.py:2585} INFO - Sync 1 DAGs
[2022-11-06T22:07:38.017-0300] {logging_mixin.py:120} INFO - [2022-11-06T22:07:38.017-0300] {dag.py:3336} INFO - Setting next_dagrun for tutorial_dag to None, run_after=None
[2022-11-06T22:07:38.080-0300] {processor.py:176} INFO - Processing /home/debian/etlhausz/venv/lib/python3.9/site-packages/airflow/example_dags/tutorial_dag.py took 0.244 seconds
[2022-11-06T22:08:08.725-0300] {processor.py:154} INFO - Started process (PID=13030) to work on /home/debian/etlhausz/venv/lib/python3.9/site-packages/airflow/example_dags/tutorial_dag.py
[2022-11-06T22:08:08.726-0300] {processor.py:756} INFO - Processing file /home/debian/etlhausz/venv/lib/python3.9/site-packages/airflow/example_dags/tutorial_dag.py for tasks to queue
[2022-11-06T22:08:08.726-0300] {logging_mixin.py:120} INFO - [2022-11-06T22:08:08.726-0300] {dagbag.py:537} INFO - Filling up the DagBag from /home/debian/etlhausz/venv/lib/python3.9/site-packages/airflow/example_dags/tutorial_dag.py
[2022-11-06T22:08:08.738-0300] {processor.py:766} INFO - DAG(s) dict_keys(['tutorial_dag']) retrieved from /home/debian/etlhausz/venv/lib/python3.9/site-packages/airflow/example_dags/tutorial_dag.py
[2022-11-06T22:08:08.808-0300] {logging_mixin.py:120} INFO - [2022-11-06T22:08:08.808-0300] {dag.py:2585} INFO - Sync 1 DAGs
[2022-11-06T22:08:08.861-0300] {logging_mixin.py:120} INFO - [2022-11-06T22:08:08.860-0300] {dag.py:3336} INFO - Setting next_dagrun for tutorial_dag to None, run_after=None
[2022-11-06T22:08:08.902-0300] {processor.py:176} INFO - Processing /home/debian/etlhausz/venv/lib/python3.9/site-packages/airflow/example_dags/tutorial_dag.py took 0.180 seconds
[2022-11-06T22:08:40.414-0300] {processor.py:154} INFO - Started process (PID=13709) to work on /home/debian/etlhausz/venv/lib/python3.9/site-packages/airflow/example_dags/tutorial_dag.py
[2022-11-06T22:08:40.417-0300] {processor.py:756} INFO - Processing file /home/debian/etlhausz/venv/lib/python3.9/site-packages/airflow/example_dags/tutorial_dag.py for tasks to queue
[2022-11-06T22:08:40.418-0300] {logging_mixin.py:120} INFO - [2022-11-06T22:08:40.418-0300] {dagbag.py:537} INFO - Filling up the DagBag from /home/debian/etlhausz/venv/lib/python3.9/site-packages/airflow/example_dags/tutorial_dag.py
[2022-11-06T22:08:40.436-0300] {processor.py:766} INFO - DAG(s) dict_keys(['tutorial_dag']) retrieved from /home/debian/etlhausz/venv/lib/python3.9/site-packages/airflow/example_dags/tutorial_dag.py
[2022-11-06T22:08:40.492-0300] {logging_mixin.py:120} INFO - [2022-11-06T22:08:40.492-0300] {dag.py:2585} INFO - Sync 1 DAGs
[2022-11-06T22:08:40.517-0300] {logging_mixin.py:120} INFO - [2022-11-06T22:08:40.516-0300] {dag.py:3336} INFO - Setting next_dagrun for tutorial_dag to None, run_after=None
[2022-11-06T22:08:40.534-0300] {processor.py:176} INFO - Processing /home/debian/etlhausz/venv/lib/python3.9/site-packages/airflow/example_dags/tutorial_dag.py took 0.125 seconds
[2022-11-06T22:09:12.996-0300] {processor.py:154} INFO - Started process (PID=14380) to work on /home/debian/etlhausz/venv/lib/python3.9/site-packages/airflow/example_dags/tutorial_dag.py
[2022-11-06T22:09:12.998-0300] {processor.py:756} INFO - Processing file /home/debian/etlhausz/venv/lib/python3.9/site-packages/airflow/example_dags/tutorial_dag.py for tasks to queue
[2022-11-06T22:09:12.999-0300] {logging_mixin.py:120} INFO - [2022-11-06T22:09:12.999-0300] {dagbag.py:537} INFO - Filling up the DagBag from /home/debian/etlhausz/venv/lib/python3.9/site-packages/airflow/example_dags/tutorial_dag.py
[2022-11-06T22:09:13.029-0300] {processor.py:766} INFO - DAG(s) dict_keys(['tutorial_dag']) retrieved from /home/debian/etlhausz/venv/lib/python3.9/site-packages/airflow/example_dags/tutorial_dag.py
[2022-11-06T22:09:13.115-0300] {logging_mixin.py:120} INFO - [2022-11-06T22:09:13.114-0300] {dag.py:2585} INFO - Sync 1 DAGs
[2022-11-06T22:09:13.177-0300] {logging_mixin.py:120} INFO - [2022-11-06T22:09:13.177-0300] {dag.py:3336} INFO - Setting next_dagrun for tutorial_dag to None, run_after=None
[2022-11-06T22:09:13.202-0300] {processor.py:176} INFO - Processing /home/debian/etlhausz/venv/lib/python3.9/site-packages/airflow/example_dags/tutorial_dag.py took 0.208 seconds
[2022-11-06T22:09:45.508-0300] {processor.py:154} INFO - Started process (PID=15002) to work on /home/debian/etlhausz/venv/lib/python3.9/site-packages/airflow/example_dags/tutorial_dag.py
[2022-11-06T22:09:45.510-0300] {processor.py:756} INFO - Processing file /home/debian/etlhausz/venv/lib/python3.9/site-packages/airflow/example_dags/tutorial_dag.py for tasks to queue
[2022-11-06T22:09:45.512-0300] {logging_mixin.py:120} INFO - [2022-11-06T22:09:45.511-0300] {dagbag.py:537} INFO - Filling up the DagBag from /home/debian/etlhausz/venv/lib/python3.9/site-packages/airflow/example_dags/tutorial_dag.py
[2022-11-06T22:09:45.534-0300] {processor.py:766} INFO - DAG(s) dict_keys(['tutorial_dag']) retrieved from /home/debian/etlhausz/venv/lib/python3.9/site-packages/airflow/example_dags/tutorial_dag.py
[2022-11-06T22:09:45.618-0300] {logging_mixin.py:120} INFO - [2022-11-06T22:09:45.618-0300] {dag.py:2585} INFO - Sync 1 DAGs
[2022-11-06T22:09:45.668-0300] {logging_mixin.py:120} INFO - [2022-11-06T22:09:45.668-0300] {dag.py:3336} INFO - Setting next_dagrun for tutorial_dag to None, run_after=None
[2022-11-06T22:09:45.719-0300] {processor.py:176} INFO - Processing /home/debian/etlhausz/venv/lib/python3.9/site-packages/airflow/example_dags/tutorial_dag.py took 0.216 seconds
[2022-11-06T22:10:17.518-0300] {processor.py:154} INFO - Started process (PID=15606) to work on /home/debian/etlhausz/venv/lib/python3.9/site-packages/airflow/example_dags/tutorial_dag.py
[2022-11-06T22:10:17.519-0300] {processor.py:756} INFO - Processing file /home/debian/etlhausz/venv/lib/python3.9/site-packages/airflow/example_dags/tutorial_dag.py for tasks to queue
[2022-11-06T22:10:17.520-0300] {logging_mixin.py:120} INFO - [2022-11-06T22:10:17.519-0300] {dagbag.py:537} INFO - Filling up the DagBag from /home/debian/etlhausz/venv/lib/python3.9/site-packages/airflow/example_dags/tutorial_dag.py
[2022-11-06T22:10:17.534-0300] {processor.py:766} INFO - DAG(s) dict_keys(['tutorial_dag']) retrieved from /home/debian/etlhausz/venv/lib/python3.9/site-packages/airflow/example_dags/tutorial_dag.py
[2022-11-06T22:10:17.601-0300] {logging_mixin.py:120} INFO - [2022-11-06T22:10:17.601-0300] {dag.py:2585} INFO - Sync 1 DAGs
[2022-11-06T22:10:17.626-0300] {logging_mixin.py:120} INFO - [2022-11-06T22:10:17.626-0300] {dag.py:3336} INFO - Setting next_dagrun for tutorial_dag to None, run_after=None
[2022-11-06T22:10:17.655-0300] {processor.py:176} INFO - Processing /home/debian/etlhausz/venv/lib/python3.9/site-packages/airflow/example_dags/tutorial_dag.py took 0.140 seconds
[2022-11-06T22:10:49.047-0300] {processor.py:154} INFO - Started process (PID=16233) to work on /home/debian/etlhausz/venv/lib/python3.9/site-packages/airflow/example_dags/tutorial_dag.py
[2022-11-06T22:10:49.065-0300] {processor.py:756} INFO - Processing file /home/debian/etlhausz/venv/lib/python3.9/site-packages/airflow/example_dags/tutorial_dag.py for tasks to queue
[2022-11-06T22:10:49.069-0300] {logging_mixin.py:120} INFO - [2022-11-06T22:10:49.068-0300] {dagbag.py:537} INFO - Filling up the DagBag from /home/debian/etlhausz/venv/lib/python3.9/site-packages/airflow/example_dags/tutorial_dag.py
[2022-11-06T22:10:49.103-0300] {processor.py:766} INFO - DAG(s) dict_keys(['tutorial_dag']) retrieved from /home/debian/etlhausz/venv/lib/python3.9/site-packages/airflow/example_dags/tutorial_dag.py
[2022-11-06T22:10:49.228-0300] {logging_mixin.py:120} INFO - [2022-11-06T22:10:49.228-0300] {dag.py:2585} INFO - Sync 1 DAGs
[2022-11-06T22:10:49.252-0300] {logging_mixin.py:120} INFO - [2022-11-06T22:10:49.252-0300] {dag.py:3336} INFO - Setting next_dagrun for tutorial_dag to None, run_after=None
[2022-11-06T22:10:49.277-0300] {processor.py:176} INFO - Processing /home/debian/etlhausz/venv/lib/python3.9/site-packages/airflow/example_dags/tutorial_dag.py took 0.233 seconds
[2022-11-06T22:11:22.854-0300] {processor.py:154} INFO - Started process (PID=16820) to work on /home/debian/etlhausz/venv/lib/python3.9/site-packages/airflow/example_dags/tutorial_dag.py
[2022-11-06T22:11:22.860-0300] {processor.py:756} INFO - Processing file /home/debian/etlhausz/venv/lib/python3.9/site-packages/airflow/example_dags/tutorial_dag.py for tasks to queue
[2022-11-06T22:11:22.861-0300] {logging_mixin.py:120} INFO - [2022-11-06T22:11:22.861-0300] {dagbag.py:537} INFO - Filling up the DagBag from /home/debian/etlhausz/venv/lib/python3.9/site-packages/airflow/example_dags/tutorial_dag.py
[2022-11-06T22:11:22.883-0300] {processor.py:766} INFO - DAG(s) dict_keys(['tutorial_dag']) retrieved from /home/debian/etlhausz/venv/lib/python3.9/site-packages/airflow/example_dags/tutorial_dag.py
[2022-11-06T22:11:22.935-0300] {logging_mixin.py:120} INFO - [2022-11-06T22:11:22.935-0300] {dag.py:2585} INFO - Sync 1 DAGs
[2022-11-06T22:11:22.966-0300] {logging_mixin.py:120} INFO - [2022-11-06T22:11:22.966-0300] {dag.py:3336} INFO - Setting next_dagrun for tutorial_dag to None, run_after=None
[2022-11-06T22:11:23.112-0300] {processor.py:176} INFO - Processing /home/debian/etlhausz/venv/lib/python3.9/site-packages/airflow/example_dags/tutorial_dag.py took 0.264 seconds
[2022-11-06T22:11:57.507-0300] {processor.py:154} INFO - Started process (PID=17368) to work on /home/debian/etlhausz/venv/lib/python3.9/site-packages/airflow/example_dags/tutorial_dag.py
[2022-11-06T22:11:57.508-0300] {processor.py:756} INFO - Processing file /home/debian/etlhausz/venv/lib/python3.9/site-packages/airflow/example_dags/tutorial_dag.py for tasks to queue
[2022-11-06T22:11:57.509-0300] {logging_mixin.py:120} INFO - [2022-11-06T22:11:57.509-0300] {dagbag.py:537} INFO - Filling up the DagBag from /home/debian/etlhausz/venv/lib/python3.9/site-packages/airflow/example_dags/tutorial_dag.py
[2022-11-06T22:11:57.550-0300] {processor.py:766} INFO - DAG(s) dict_keys(['tutorial_dag']) retrieved from /home/debian/etlhausz/venv/lib/python3.9/site-packages/airflow/example_dags/tutorial_dag.py
[2022-11-06T22:11:57.664-0300] {logging_mixin.py:120} INFO - [2022-11-06T22:11:57.664-0300] {dag.py:2585} INFO - Sync 1 DAGs
[2022-11-06T22:11:57.788-0300] {logging_mixin.py:120} INFO - [2022-11-06T22:11:57.788-0300] {dag.py:3336} INFO - Setting next_dagrun for tutorial_dag to None, run_after=None
[2022-11-06T22:11:57.820-0300] {processor.py:176} INFO - Processing /home/debian/etlhausz/venv/lib/python3.9/site-packages/airflow/example_dags/tutorial_dag.py took 0.314 seconds
[2022-11-06T22:12:28.493-0300] {processor.py:154} INFO - Started process (PID=17985) to work on /home/debian/etlhausz/venv/lib/python3.9/site-packages/airflow/example_dags/tutorial_dag.py
[2022-11-06T22:12:28.498-0300] {processor.py:756} INFO - Processing file /home/debian/etlhausz/venv/lib/python3.9/site-packages/airflow/example_dags/tutorial_dag.py for tasks to queue
[2022-11-06T22:12:28.500-0300] {logging_mixin.py:120} INFO - [2022-11-06T22:12:28.499-0300] {dagbag.py:537} INFO - Filling up the DagBag from /home/debian/etlhausz/venv/lib/python3.9/site-packages/airflow/example_dags/tutorial_dag.py
[2022-11-06T22:12:28.523-0300] {processor.py:766} INFO - DAG(s) dict_keys(['tutorial_dag']) retrieved from /home/debian/etlhausz/venv/lib/python3.9/site-packages/airflow/example_dags/tutorial_dag.py
[2022-11-06T22:12:28.691-0300] {logging_mixin.py:120} INFO - [2022-11-06T22:12:28.691-0300] {dag.py:2585} INFO - Sync 1 DAGs
[2022-11-06T22:12:28.710-0300] {logging_mixin.py:120} INFO - [2022-11-06T22:12:28.710-0300] {dag.py:3336} INFO - Setting next_dagrun for tutorial_dag to None, run_after=None
[2022-11-06T22:12:28.736-0300] {processor.py:176} INFO - Processing /home/debian/etlhausz/venv/lib/python3.9/site-packages/airflow/example_dags/tutorial_dag.py took 0.247 seconds
[2022-11-06T22:13:00.745-0300] {processor.py:154} INFO - Started process (PID=18607) to work on /home/debian/etlhausz/venv/lib/python3.9/site-packages/airflow/example_dags/tutorial_dag.py
[2022-11-06T22:13:00.746-0300] {processor.py:756} INFO - Processing file /home/debian/etlhausz/venv/lib/python3.9/site-packages/airflow/example_dags/tutorial_dag.py for tasks to queue
[2022-11-06T22:13:00.747-0300] {logging_mixin.py:120} INFO - [2022-11-06T22:13:00.746-0300] {dagbag.py:537} INFO - Filling up the DagBag from /home/debian/etlhausz/venv/lib/python3.9/site-packages/airflow/example_dags/tutorial_dag.py
[2022-11-06T22:13:00.760-0300] {processor.py:766} INFO - DAG(s) dict_keys(['tutorial_dag']) retrieved from /home/debian/etlhausz/venv/lib/python3.9/site-packages/airflow/example_dags/tutorial_dag.py
[2022-11-06T22:13:00.916-0300] {logging_mixin.py:120} INFO - [2022-11-06T22:13:00.916-0300] {dag.py:2585} INFO - Sync 1 DAGs
[2022-11-06T22:13:00.955-0300] {logging_mixin.py:120} INFO - [2022-11-06T22:13:00.955-0300] {dag.py:3336} INFO - Setting next_dagrun for tutorial_dag to None, run_after=None
[2022-11-06T22:13:00.994-0300] {processor.py:176} INFO - Processing /home/debian/etlhausz/venv/lib/python3.9/site-packages/airflow/example_dags/tutorial_dag.py took 0.254 seconds
[2022-11-06T22:13:32.605-0300] {processor.py:154} INFO - Started process (PID=19220) to work on /home/debian/etlhausz/venv/lib/python3.9/site-packages/airflow/example_dags/tutorial_dag.py
[2022-11-06T22:13:32.607-0300] {processor.py:756} INFO - Processing file /home/debian/etlhausz/venv/lib/python3.9/site-packages/airflow/example_dags/tutorial_dag.py for tasks to queue
[2022-11-06T22:13:32.607-0300] {logging_mixin.py:120} INFO - [2022-11-06T22:13:32.607-0300] {dagbag.py:537} INFO - Filling up the DagBag from /home/debian/etlhausz/venv/lib/python3.9/site-packages/airflow/example_dags/tutorial_dag.py
[2022-11-06T22:13:32.632-0300] {processor.py:766} INFO - DAG(s) dict_keys(['tutorial_dag']) retrieved from /home/debian/etlhausz/venv/lib/python3.9/site-packages/airflow/example_dags/tutorial_dag.py
[2022-11-06T22:13:32.700-0300] {logging_mixin.py:120} INFO - [2022-11-06T22:13:32.700-0300] {dag.py:2585} INFO - Sync 1 DAGs
[2022-11-06T22:13:32.742-0300] {logging_mixin.py:120} INFO - [2022-11-06T22:13:32.742-0300] {dag.py:3336} INFO - Setting next_dagrun for tutorial_dag to None, run_after=None
[2022-11-06T22:13:32.881-0300] {processor.py:176} INFO - Processing /home/debian/etlhausz/venv/lib/python3.9/site-packages/airflow/example_dags/tutorial_dag.py took 0.281 seconds
[2022-11-06T22:14:04.263-0300] {processor.py:154} INFO - Started process (PID=19817) to work on /home/debian/etlhausz/venv/lib/python3.9/site-packages/airflow/example_dags/tutorial_dag.py
[2022-11-06T22:14:04.264-0300] {processor.py:756} INFO - Processing file /home/debian/etlhausz/venv/lib/python3.9/site-packages/airflow/example_dags/tutorial_dag.py for tasks to queue
[2022-11-06T22:14:04.265-0300] {logging_mixin.py:120} INFO - [2022-11-06T22:14:04.265-0300] {dagbag.py:537} INFO - Filling up the DagBag from /home/debian/etlhausz/venv/lib/python3.9/site-packages/airflow/example_dags/tutorial_dag.py
[2022-11-06T22:14:04.278-0300] {processor.py:766} INFO - DAG(s) dict_keys(['tutorial_dag']) retrieved from /home/debian/etlhausz/venv/lib/python3.9/site-packages/airflow/example_dags/tutorial_dag.py
[2022-11-06T22:14:04.321-0300] {logging_mixin.py:120} INFO - [2022-11-06T22:14:04.320-0300] {dag.py:2585} INFO - Sync 1 DAGs
[2022-11-06T22:14:04.481-0300] {logging_mixin.py:120} INFO - [2022-11-06T22:14:04.481-0300] {dag.py:3336} INFO - Setting next_dagrun for tutorial_dag to None, run_after=None
[2022-11-06T22:14:04.514-0300] {processor.py:176} INFO - Processing /home/debian/etlhausz/venv/lib/python3.9/site-packages/airflow/example_dags/tutorial_dag.py took 0.256 seconds
[2022-11-06T22:14:36.916-0300] {processor.py:154} INFO - Started process (PID=20441) to work on /home/debian/etlhausz/venv/lib/python3.9/site-packages/airflow/example_dags/tutorial_dag.py
[2022-11-06T22:14:36.917-0300] {processor.py:756} INFO - Processing file /home/debian/etlhausz/venv/lib/python3.9/site-packages/airflow/example_dags/tutorial_dag.py for tasks to queue
[2022-11-06T22:14:36.918-0300] {logging_mixin.py:120} INFO - [2022-11-06T22:14:36.918-0300] {dagbag.py:537} INFO - Filling up the DagBag from /home/debian/etlhausz/venv/lib/python3.9/site-packages/airflow/example_dags/tutorial_dag.py
[2022-11-06T22:14:36.930-0300] {processor.py:766} INFO - DAG(s) dict_keys(['tutorial_dag']) retrieved from /home/debian/etlhausz/venv/lib/python3.9/site-packages/airflow/example_dags/tutorial_dag.py
[2022-11-06T22:14:37.108-0300] {logging_mixin.py:120} INFO - [2022-11-06T22:14:37.108-0300] {dag.py:2585} INFO - Sync 1 DAGs
[2022-11-06T22:14:37.176-0300] {logging_mixin.py:120} INFO - [2022-11-06T22:14:37.175-0300] {dag.py:3336} INFO - Setting next_dagrun for tutorial_dag to None, run_after=None
[2022-11-06T22:14:37.269-0300] {processor.py:176} INFO - Processing /home/debian/etlhausz/venv/lib/python3.9/site-packages/airflow/example_dags/tutorial_dag.py took 0.357 seconds
[2022-11-06T22:15:09.178-0300] {processor.py:154} INFO - Started process (PID=21029) to work on /home/debian/etlhausz/venv/lib/python3.9/site-packages/airflow/example_dags/tutorial_dag.py
[2022-11-06T22:15:09.179-0300] {processor.py:756} INFO - Processing file /home/debian/etlhausz/venv/lib/python3.9/site-packages/airflow/example_dags/tutorial_dag.py for tasks to queue
[2022-11-06T22:15:09.180-0300] {logging_mixin.py:120} INFO - [2022-11-06T22:15:09.180-0300] {dagbag.py:537} INFO - Filling up the DagBag from /home/debian/etlhausz/venv/lib/python3.9/site-packages/airflow/example_dags/tutorial_dag.py
[2022-11-06T22:15:09.196-0300] {processor.py:766} INFO - DAG(s) dict_keys(['tutorial_dag']) retrieved from /home/debian/etlhausz/venv/lib/python3.9/site-packages/airflow/example_dags/tutorial_dag.py
[2022-11-06T22:15:09.335-0300] {logging_mixin.py:120} INFO - [2022-11-06T22:15:09.335-0300] {dag.py:2585} INFO - Sync 1 DAGs
[2022-11-06T22:15:09.355-0300] {logging_mixin.py:120} INFO - [2022-11-06T22:15:09.355-0300] {dag.py:3336} INFO - Setting next_dagrun for tutorial_dag to None, run_after=None
[2022-11-06T22:15:09.377-0300] {processor.py:176} INFO - Processing /home/debian/etlhausz/venv/lib/python3.9/site-packages/airflow/example_dags/tutorial_dag.py took 0.203 seconds
[2022-11-06T22:15:41.433-0300] {processor.py:154} INFO - Started process (PID=21696) to work on /home/debian/etlhausz/venv/lib/python3.9/site-packages/airflow/example_dags/tutorial_dag.py
[2022-11-06T22:15:41.434-0300] {processor.py:756} INFO - Processing file /home/debian/etlhausz/venv/lib/python3.9/site-packages/airflow/example_dags/tutorial_dag.py for tasks to queue
[2022-11-06T22:15:41.435-0300] {logging_mixin.py:120} INFO - [2022-11-06T22:15:41.435-0300] {dagbag.py:537} INFO - Filling up the DagBag from /home/debian/etlhausz/venv/lib/python3.9/site-packages/airflow/example_dags/tutorial_dag.py
[2022-11-06T22:15:41.446-0300] {processor.py:766} INFO - DAG(s) dict_keys(['tutorial_dag']) retrieved from /home/debian/etlhausz/venv/lib/python3.9/site-packages/airflow/example_dags/tutorial_dag.py
[2022-11-06T22:15:41.503-0300] {logging_mixin.py:120} INFO - [2022-11-06T22:15:41.503-0300] {dag.py:2585} INFO - Sync 1 DAGs
[2022-11-06T22:15:41.631-0300] {logging_mixin.py:120} INFO - [2022-11-06T22:15:41.631-0300] {dag.py:3336} INFO - Setting next_dagrun for tutorial_dag to None, run_after=None
[2022-11-06T22:15:41.653-0300] {processor.py:176} INFO - Processing /home/debian/etlhausz/venv/lib/python3.9/site-packages/airflow/example_dags/tutorial_dag.py took 0.223 seconds
[2022-11-06T22:16:13.478-0300] {processor.py:154} INFO - Started process (PID=22319) to work on /home/debian/etlhausz/venv/lib/python3.9/site-packages/airflow/example_dags/tutorial_dag.py
[2022-11-06T22:16:13.480-0300] {processor.py:756} INFO - Processing file /home/debian/etlhausz/venv/lib/python3.9/site-packages/airflow/example_dags/tutorial_dag.py for tasks to queue
[2022-11-06T22:16:13.480-0300] {logging_mixin.py:120} INFO - [2022-11-06T22:16:13.480-0300] {dagbag.py:537} INFO - Filling up the DagBag from /home/debian/etlhausz/venv/lib/python3.9/site-packages/airflow/example_dags/tutorial_dag.py
[2022-11-06T22:16:13.493-0300] {processor.py:766} INFO - DAG(s) dict_keys(['tutorial_dag']) retrieved from /home/debian/etlhausz/venv/lib/python3.9/site-packages/airflow/example_dags/tutorial_dag.py
[2022-11-06T22:16:13.547-0300] {logging_mixin.py:120} INFO - [2022-11-06T22:16:13.546-0300] {dag.py:2585} INFO - Sync 1 DAGs
[2022-11-06T22:16:13.724-0300] {logging_mixin.py:120} INFO - [2022-11-06T22:16:13.724-0300] {dag.py:3336} INFO - Setting next_dagrun for tutorial_dag to None, run_after=None
[2022-11-06T22:16:13.757-0300] {processor.py:176} INFO - Processing /home/debian/etlhausz/venv/lib/python3.9/site-packages/airflow/example_dags/tutorial_dag.py took 0.284 seconds
[2022-11-06T22:16:46.502-0300] {processor.py:154} INFO - Started process (PID=22893) to work on /home/debian/etlhausz/venv/lib/python3.9/site-packages/airflow/example_dags/tutorial_dag.py
[2022-11-06T22:16:46.503-0300] {processor.py:756} INFO - Processing file /home/debian/etlhausz/venv/lib/python3.9/site-packages/airflow/example_dags/tutorial_dag.py for tasks to queue
[2022-11-06T22:16:46.504-0300] {logging_mixin.py:120} INFO - [2022-11-06T22:16:46.504-0300] {dagbag.py:537} INFO - Filling up the DagBag from /home/debian/etlhausz/venv/lib/python3.9/site-packages/airflow/example_dags/tutorial_dag.py
[2022-11-06T22:16:46.514-0300] {processor.py:766} INFO - DAG(s) dict_keys(['tutorial_dag']) retrieved from /home/debian/etlhausz/venv/lib/python3.9/site-packages/airflow/example_dags/tutorial_dag.py
[2022-11-06T22:16:46.648-0300] {logging_mixin.py:120} INFO - [2022-11-06T22:16:46.647-0300] {dag.py:2585} INFO - Sync 1 DAGs
[2022-11-06T22:16:46.682-0300] {logging_mixin.py:120} INFO - [2022-11-06T22:16:46.682-0300] {dag.py:3336} INFO - Setting next_dagrun for tutorial_dag to None, run_after=None
[2022-11-06T22:16:46.716-0300] {processor.py:176} INFO - Processing /home/debian/etlhausz/venv/lib/python3.9/site-packages/airflow/example_dags/tutorial_dag.py took 0.220 seconds
[2022-11-06T22:17:18.191-0300] {processor.py:154} INFO - Started process (PID=23510) to work on /home/debian/etlhausz/venv/lib/python3.9/site-packages/airflow/example_dags/tutorial_dag.py
[2022-11-06T22:17:18.192-0300] {processor.py:756} INFO - Processing file /home/debian/etlhausz/venv/lib/python3.9/site-packages/airflow/example_dags/tutorial_dag.py for tasks to queue
[2022-11-06T22:17:18.192-0300] {logging_mixin.py:120} INFO - [2022-11-06T22:17:18.192-0300] {dagbag.py:537} INFO - Filling up the DagBag from /home/debian/etlhausz/venv/lib/python3.9/site-packages/airflow/example_dags/tutorial_dag.py
[2022-11-06T22:17:18.350-0300] {processor.py:766} INFO - DAG(s) dict_keys(['tutorial_dag']) retrieved from /home/debian/etlhausz/venv/lib/python3.9/site-packages/airflow/example_dags/tutorial_dag.py
[2022-11-06T22:17:18.404-0300] {logging_mixin.py:120} INFO - [2022-11-06T22:17:18.404-0300] {dag.py:2585} INFO - Sync 1 DAGs
[2022-11-06T22:17:18.456-0300] {logging_mixin.py:120} INFO - [2022-11-06T22:17:18.455-0300] {dag.py:3336} INFO - Setting next_dagrun for tutorial_dag to None, run_after=None
[2022-11-06T22:17:18.491-0300] {processor.py:176} INFO - Processing /home/debian/etlhausz/venv/lib/python3.9/site-packages/airflow/example_dags/tutorial_dag.py took 0.310 seconds
[2022-11-06T22:17:49.812-0300] {processor.py:154} INFO - Started process (PID=24152) to work on /home/debian/etlhausz/venv/lib/python3.9/site-packages/airflow/example_dags/tutorial_dag.py
[2022-11-06T22:17:49.814-0300] {processor.py:756} INFO - Processing file /home/debian/etlhausz/venv/lib/python3.9/site-packages/airflow/example_dags/tutorial_dag.py for tasks to queue
[2022-11-06T22:17:49.814-0300] {logging_mixin.py:120} INFO - [2022-11-06T22:17:49.814-0300] {dagbag.py:537} INFO - Filling up the DagBag from /home/debian/etlhausz/venv/lib/python3.9/site-packages/airflow/example_dags/tutorial_dag.py
[2022-11-06T22:17:49.828-0300] {processor.py:766} INFO - DAG(s) dict_keys(['tutorial_dag']) retrieved from /home/debian/etlhausz/venv/lib/python3.9/site-packages/airflow/example_dags/tutorial_dag.py
[2022-11-06T22:17:49.872-0300] {logging_mixin.py:120} INFO - [2022-11-06T22:17:49.872-0300] {dag.py:2585} INFO - Sync 1 DAGs
[2022-11-06T22:17:50.000-0300] {logging_mixin.py:120} INFO - [2022-11-06T22:17:50.000-0300] {dag.py:3336} INFO - Setting next_dagrun for tutorial_dag to None, run_after=None
[2022-11-06T22:17:50.025-0300] {processor.py:176} INFO - Processing /home/debian/etlhausz/venv/lib/python3.9/site-packages/airflow/example_dags/tutorial_dag.py took 0.216 seconds
[2022-11-06T22:18:20.457-0300] {processor.py:154} INFO - Started process (PID=24700) to work on /home/debian/etlhausz/venv/lib/python3.9/site-packages/airflow/example_dags/tutorial_dag.py
[2022-11-06T22:18:20.460-0300] {processor.py:756} INFO - Processing file /home/debian/etlhausz/venv/lib/python3.9/site-packages/airflow/example_dags/tutorial_dag.py for tasks to queue
[2022-11-06T22:18:20.460-0300] {logging_mixin.py:120} INFO - [2022-11-06T22:18:20.460-0300] {dagbag.py:537} INFO - Filling up the DagBag from /home/debian/etlhausz/venv/lib/python3.9/site-packages/airflow/example_dags/tutorial_dag.py
[2022-11-06T22:18:20.471-0300] {processor.py:766} INFO - DAG(s) dict_keys(['tutorial_dag']) retrieved from /home/debian/etlhausz/venv/lib/python3.9/site-packages/airflow/example_dags/tutorial_dag.py
[2022-11-06T22:18:20.620-0300] {logging_mixin.py:120} INFO - [2022-11-06T22:18:20.620-0300] {dag.py:2585} INFO - Sync 1 DAGs
[2022-11-06T22:18:20.638-0300] {logging_mixin.py:120} INFO - [2022-11-06T22:18:20.638-0300] {dag.py:3336} INFO - Setting next_dagrun for tutorial_dag to None, run_after=None
[2022-11-06T22:18:20.662-0300] {processor.py:176} INFO - Processing /home/debian/etlhausz/venv/lib/python3.9/site-packages/airflow/example_dags/tutorial_dag.py took 0.209 seconds
[2022-11-06T22:18:55.577-0300] {processor.py:154} INFO - Started process (PID=25486) to work on /home/debian/etlhausz/venv/lib/python3.9/site-packages/airflow/example_dags/tutorial_dag.py
[2022-11-06T22:18:55.583-0300] {processor.py:756} INFO - Processing file /home/debian/etlhausz/venv/lib/python3.9/site-packages/airflow/example_dags/tutorial_dag.py for tasks to queue
[2022-11-06T22:18:55.585-0300] {logging_mixin.py:120} INFO - [2022-11-06T22:18:55.585-0300] {dagbag.py:537} INFO - Filling up the DagBag from /home/debian/etlhausz/venv/lib/python3.9/site-packages/airflow/example_dags/tutorial_dag.py
[2022-11-06T22:18:55.963-0300] {processor.py:766} INFO - DAG(s) dict_keys(['tutorial_dag']) retrieved from /home/debian/etlhausz/venv/lib/python3.9/site-packages/airflow/example_dags/tutorial_dag.py
[2022-11-06T22:18:56.589-0300] {logging_mixin.py:120} INFO - [2022-11-06T22:18:56.589-0300] {dag.py:2585} INFO - Sync 1 DAGs
[2022-11-06T22:18:56.609-0300] {logging_mixin.py:120} INFO - [2022-11-06T22:18:56.609-0300] {dag.py:3336} INFO - Setting next_dagrun for tutorial_dag to None, run_after=None
[2022-11-06T22:18:56.629-0300] {processor.py:176} INFO - Processing /home/debian/etlhausz/venv/lib/python3.9/site-packages/airflow/example_dags/tutorial_dag.py took 1.061 seconds
[2022-11-06T22:19:19.399-0300] {processor.py:154} INFO - Started process (PID=26250) to work on /home/debian/etlhausz/venv/lib/python3.9/site-packages/airflow/example_dags/tutorial_dag.py
[2022-11-06T22:19:19.399-0300] {processor.py:756} INFO - Processing file /home/debian/etlhausz/venv/lib/python3.9/site-packages/airflow/example_dags/tutorial_dag.py for tasks to queue
[2022-11-06T22:19:19.401-0300] {logging_mixin.py:120} INFO - [2022-11-06T22:19:19.400-0300] {dagbag.py:537} INFO - Filling up the DagBag from /home/debian/etlhausz/venv/lib/python3.9/site-packages/airflow/example_dags/tutorial_dag.py
[2022-11-06T22:19:19.418-0300] {processor.py:766} INFO - DAG(s) dict_keys(['tutorial_dag']) retrieved from /home/debian/etlhausz/venv/lib/python3.9/site-packages/airflow/example_dags/tutorial_dag.py
[2022-11-06T22:19:19.480-0300] {logging_mixin.py:120} INFO - [2022-11-06T22:19:19.480-0300] {dag.py:2585} INFO - Sync 1 DAGs
[2022-11-06T22:19:19.512-0300] {logging_mixin.py:120} INFO - [2022-11-06T22:19:19.512-0300] {dag.py:3336} INFO - Setting next_dagrun for tutorial_dag to None, run_after=None
[2022-11-06T22:19:19.549-0300] {processor.py:176} INFO - Processing /home/debian/etlhausz/venv/lib/python3.9/site-packages/airflow/example_dags/tutorial_dag.py took 0.154 seconds
[2022-11-06T22:19:49.804-0300] {processor.py:154} INFO - Started process (PID=26838) to work on /home/debian/etlhausz/venv/lib/python3.9/site-packages/airflow/example_dags/tutorial_dag.py
[2022-11-06T22:19:49.806-0300] {processor.py:756} INFO - Processing file /home/debian/etlhausz/venv/lib/python3.9/site-packages/airflow/example_dags/tutorial_dag.py for tasks to queue
[2022-11-06T22:19:49.807-0300] {logging_mixin.py:120} INFO - [2022-11-06T22:19:49.807-0300] {dagbag.py:537} INFO - Filling up the DagBag from /home/debian/etlhausz/venv/lib/python3.9/site-packages/airflow/example_dags/tutorial_dag.py
[2022-11-06T22:19:49.829-0300] {processor.py:766} INFO - DAG(s) dict_keys(['tutorial_dag']) retrieved from /home/debian/etlhausz/venv/lib/python3.9/site-packages/airflow/example_dags/tutorial_dag.py
[2022-11-06T22:19:49.885-0300] {logging_mixin.py:120} INFO - [2022-11-06T22:19:49.885-0300] {dag.py:2585} INFO - Sync 1 DAGs
[2022-11-06T22:19:49.908-0300] {logging_mixin.py:120} INFO - [2022-11-06T22:19:49.908-0300] {dag.py:3336} INFO - Setting next_dagrun for tutorial_dag to None, run_after=None
[2022-11-06T22:19:49.943-0300] {processor.py:176} INFO - Processing /home/debian/etlhausz/venv/lib/python3.9/site-packages/airflow/example_dags/tutorial_dag.py took 0.143 seconds
[2022-11-06T22:20:22.187-0300] {processor.py:154} INFO - Started process (PID=27611) to work on /home/debian/etlhausz/venv/lib/python3.9/site-packages/airflow/example_dags/tutorial_dag.py
[2022-11-06T22:20:22.188-0300] {processor.py:756} INFO - Processing file /home/debian/etlhausz/venv/lib/python3.9/site-packages/airflow/example_dags/tutorial_dag.py for tasks to queue
[2022-11-06T22:20:22.189-0300] {logging_mixin.py:120} INFO - [2022-11-06T22:20:22.189-0300] {dagbag.py:537} INFO - Filling up the DagBag from /home/debian/etlhausz/venv/lib/python3.9/site-packages/airflow/example_dags/tutorial_dag.py
[2022-11-06T22:20:22.202-0300] {processor.py:766} INFO - DAG(s) dict_keys(['tutorial_dag']) retrieved from /home/debian/etlhausz/venv/lib/python3.9/site-packages/airflow/example_dags/tutorial_dag.py
[2022-11-06T22:20:22.255-0300] {logging_mixin.py:120} INFO - [2022-11-06T22:20:22.255-0300] {dag.py:2585} INFO - Sync 1 DAGs
[2022-11-06T22:20:22.279-0300] {logging_mixin.py:120} INFO - [2022-11-06T22:20:22.279-0300] {dag.py:3336} INFO - Setting next_dagrun for tutorial_dag to None, run_after=None
[2022-11-06T22:20:22.309-0300] {processor.py:176} INFO - Processing /home/debian/etlhausz/venv/lib/python3.9/site-packages/airflow/example_dags/tutorial_dag.py took 0.127 seconds
[2022-11-06T22:20:53.811-0300] {processor.py:154} INFO - Started process (PID=28268) to work on /home/debian/etlhausz/venv/lib/python3.9/site-packages/airflow/example_dags/tutorial_dag.py
[2022-11-06T22:20:53.812-0300] {processor.py:756} INFO - Processing file /home/debian/etlhausz/venv/lib/python3.9/site-packages/airflow/example_dags/tutorial_dag.py for tasks to queue
[2022-11-06T22:20:53.819-0300] {logging_mixin.py:120} INFO - [2022-11-06T22:20:53.819-0300] {dagbag.py:537} INFO - Filling up the DagBag from /home/debian/etlhausz/venv/lib/python3.9/site-packages/airflow/example_dags/tutorial_dag.py
[2022-11-06T22:20:53.848-0300] {processor.py:766} INFO - DAG(s) dict_keys(['tutorial_dag']) retrieved from /home/debian/etlhausz/venv/lib/python3.9/site-packages/airflow/example_dags/tutorial_dag.py
[2022-11-06T22:20:53.899-0300] {logging_mixin.py:120} INFO - [2022-11-06T22:20:53.899-0300] {dag.py:2585} INFO - Sync 1 DAGs
[2022-11-06T22:20:53.926-0300] {logging_mixin.py:120} INFO - [2022-11-06T22:20:53.926-0300] {dag.py:3336} INFO - Setting next_dagrun for tutorial_dag to None, run_after=None
[2022-11-06T22:20:54.068-0300] {processor.py:176} INFO - Processing /home/debian/etlhausz/venv/lib/python3.9/site-packages/airflow/example_dags/tutorial_dag.py took 0.270 seconds
[2022-11-06T22:21:28.264-0300] {processor.py:154} INFO - Started process (PID=28921) to work on /home/debian/etlhausz/venv/lib/python3.9/site-packages/airflow/example_dags/tutorial_dag.py
[2022-11-06T22:21:28.271-0300] {processor.py:756} INFO - Processing file /home/debian/etlhausz/venv/lib/python3.9/site-packages/airflow/example_dags/tutorial_dag.py for tasks to queue
[2022-11-06T22:21:28.274-0300] {logging_mixin.py:120} INFO - [2022-11-06T22:21:28.273-0300] {dagbag.py:537} INFO - Filling up the DagBag from /home/debian/etlhausz/venv/lib/python3.9/site-packages/airflow/example_dags/tutorial_dag.py
[2022-11-06T22:21:28.303-0300] {processor.py:766} INFO - DAG(s) dict_keys(['tutorial_dag']) retrieved from /home/debian/etlhausz/venv/lib/python3.9/site-packages/airflow/example_dags/tutorial_dag.py
[2022-11-06T22:21:28.404-0300] {logging_mixin.py:120} INFO - [2022-11-06T22:21:28.403-0300] {dag.py:2585} INFO - Sync 1 DAGs
[2022-11-06T22:21:28.435-0300] {logging_mixin.py:120} INFO - [2022-11-06T22:21:28.435-0300] {dag.py:3336} INFO - Setting next_dagrun for tutorial_dag to None, run_after=None
[2022-11-06T22:21:28.481-0300] {processor.py:176} INFO - Processing /home/debian/etlhausz/venv/lib/python3.9/site-packages/airflow/example_dags/tutorial_dag.py took 0.225 seconds
[2022-11-06T22:21:59.422-0300] {processor.py:154} INFO - Started process (PID=29404) to work on /home/debian/etlhausz/venv/lib/python3.9/site-packages/airflow/example_dags/tutorial_dag.py
[2022-11-06T22:21:59.436-0300] {processor.py:756} INFO - Processing file /home/debian/etlhausz/venv/lib/python3.9/site-packages/airflow/example_dags/tutorial_dag.py for tasks to queue
[2022-11-06T22:21:59.437-0300] {logging_mixin.py:120} INFO - [2022-11-06T22:21:59.436-0300] {dagbag.py:537} INFO - Filling up the DagBag from /home/debian/etlhausz/venv/lib/python3.9/site-packages/airflow/example_dags/tutorial_dag.py
[2022-11-06T22:21:59.485-0300] {processor.py:766} INFO - DAG(s) dict_keys(['tutorial_dag']) retrieved from /home/debian/etlhausz/venv/lib/python3.9/site-packages/airflow/example_dags/tutorial_dag.py
[2022-11-06T22:21:59.855-0300] {logging_mixin.py:120} INFO - [2022-11-06T22:21:59.855-0300] {dag.py:2585} INFO - Sync 1 DAGs
[2022-11-06T22:22:00.035-0300] {logging_mixin.py:120} INFO - [2022-11-06T22:22:00.035-0300] {dag.py:3336} INFO - Setting next_dagrun for tutorial_dag to None, run_after=None
[2022-11-06T22:22:00.188-0300] {processor.py:176} INFO - Processing /home/debian/etlhausz/venv/lib/python3.9/site-packages/airflow/example_dags/tutorial_dag.py took 0.773 seconds
[2022-11-06T22:22:30.790-0300] {processor.py:154} INFO - Started process (PID=30044) to work on /home/debian/etlhausz/venv/lib/python3.9/site-packages/airflow/example_dags/tutorial_dag.py
[2022-11-06T22:22:30.791-0300] {processor.py:756} INFO - Processing file /home/debian/etlhausz/venv/lib/python3.9/site-packages/airflow/example_dags/tutorial_dag.py for tasks to queue
[2022-11-06T22:22:30.792-0300] {logging_mixin.py:120} INFO - [2022-11-06T22:22:30.792-0300] {dagbag.py:537} INFO - Filling up the DagBag from /home/debian/etlhausz/venv/lib/python3.9/site-packages/airflow/example_dags/tutorial_dag.py
[2022-11-06T22:22:30.805-0300] {processor.py:766} INFO - DAG(s) dict_keys(['tutorial_dag']) retrieved from /home/debian/etlhausz/venv/lib/python3.9/site-packages/airflow/example_dags/tutorial_dag.py
[2022-11-06T22:22:30.857-0300] {logging_mixin.py:120} INFO - [2022-11-06T22:22:30.857-0300] {dag.py:2585} INFO - Sync 1 DAGs
[2022-11-06T22:22:30.878-0300] {logging_mixin.py:120} INFO - [2022-11-06T22:22:30.878-0300] {dag.py:3336} INFO - Setting next_dagrun for tutorial_dag to None, run_after=None
[2022-11-06T22:22:30.894-0300] {processor.py:176} INFO - Processing /home/debian/etlhausz/venv/lib/python3.9/site-packages/airflow/example_dags/tutorial_dag.py took 0.107 seconds
[2022-11-06T22:23:08.893-0300] {processor.py:154} INFO - Started process (PID=30931) to work on /home/debian/etlhausz/venv/lib/python3.9/site-packages/airflow/example_dags/tutorial_dag.py
[2022-11-06T22:23:08.898-0300] {processor.py:756} INFO - Processing file /home/debian/etlhausz/venv/lib/python3.9/site-packages/airflow/example_dags/tutorial_dag.py for tasks to queue
[2022-11-06T22:23:08.900-0300] {logging_mixin.py:120} INFO - [2022-11-06T22:23:08.899-0300] {dagbag.py:537} INFO - Filling up the DagBag from /home/debian/etlhausz/venv/lib/python3.9/site-packages/airflow/example_dags/tutorial_dag.py
[2022-11-06T22:23:08.986-0300] {processor.py:766} INFO - DAG(s) dict_keys(['tutorial_dag']) retrieved from /home/debian/etlhausz/venv/lib/python3.9/site-packages/airflow/example_dags/tutorial_dag.py
[2022-11-06T22:23:09.151-0300] {logging_mixin.py:120} INFO - [2022-11-06T22:23:09.151-0300] {dag.py:2585} INFO - Sync 1 DAGs
[2022-11-06T22:23:09.186-0300] {logging_mixin.py:120} INFO - [2022-11-06T22:23:09.186-0300] {dag.py:3336} INFO - Setting next_dagrun for tutorial_dag to None, run_after=None
[2022-11-06T22:23:09.220-0300] {processor.py:176} INFO - Processing /home/debian/etlhausz/venv/lib/python3.9/site-packages/airflow/example_dags/tutorial_dag.py took 0.330 seconds
[2022-11-06T22:23:40.063-0300] {processor.py:154} INFO - Started process (PID=31478) to work on /home/debian/etlhausz/venv/lib/python3.9/site-packages/airflow/example_dags/tutorial_dag.py
[2022-11-06T22:23:40.064-0300] {processor.py:756} INFO - Processing file /home/debian/etlhausz/venv/lib/python3.9/site-packages/airflow/example_dags/tutorial_dag.py for tasks to queue
[2022-11-06T22:23:40.064-0300] {logging_mixin.py:120} INFO - [2022-11-06T22:23:40.064-0300] {dagbag.py:537} INFO - Filling up the DagBag from /home/debian/etlhausz/venv/lib/python3.9/site-packages/airflow/example_dags/tutorial_dag.py
[2022-11-06T22:23:40.078-0300] {processor.py:766} INFO - DAG(s) dict_keys(['tutorial_dag']) retrieved from /home/debian/etlhausz/venv/lib/python3.9/site-packages/airflow/example_dags/tutorial_dag.py
[2022-11-06T22:23:40.242-0300] {logging_mixin.py:120} INFO - [2022-11-06T22:23:40.242-0300] {dag.py:2585} INFO - Sync 1 DAGs
[2022-11-06T22:23:40.580-0300] {logging_mixin.py:120} INFO - [2022-11-06T22:23:40.580-0300] {dag.py:3336} INFO - Setting next_dagrun for tutorial_dag to None, run_after=None
[2022-11-06T22:23:40.696-0300] {processor.py:176} INFO - Processing /home/debian/etlhausz/venv/lib/python3.9/site-packages/airflow/example_dags/tutorial_dag.py took 0.640 seconds
[2022-11-06T22:24:11.860-0300] {processor.py:154} INFO - Started process (PID=32140) to work on /home/debian/etlhausz/venv/lib/python3.9/site-packages/airflow/example_dags/tutorial_dag.py
[2022-11-06T22:24:11.861-0300] {processor.py:756} INFO - Processing file /home/debian/etlhausz/venv/lib/python3.9/site-packages/airflow/example_dags/tutorial_dag.py for tasks to queue
[2022-11-06T22:24:11.862-0300] {logging_mixin.py:120} INFO - [2022-11-06T22:24:11.862-0300] {dagbag.py:537} INFO - Filling up the DagBag from /home/debian/etlhausz/venv/lib/python3.9/site-packages/airflow/example_dags/tutorial_dag.py
[2022-11-06T22:24:11.873-0300] {processor.py:766} INFO - DAG(s) dict_keys(['tutorial_dag']) retrieved from /home/debian/etlhausz/venv/lib/python3.9/site-packages/airflow/example_dags/tutorial_dag.py
[2022-11-06T22:24:11.924-0300] {logging_mixin.py:120} INFO - [2022-11-06T22:24:11.924-0300] {dag.py:2585} INFO - Sync 1 DAGs
[2022-11-06T22:24:11.952-0300] {logging_mixin.py:120} INFO - [2022-11-06T22:24:11.952-0300] {dag.py:3336} INFO - Setting next_dagrun for tutorial_dag to None, run_after=None
[2022-11-06T22:24:11.982-0300] {processor.py:176} INFO - Processing /home/debian/etlhausz/venv/lib/python3.9/site-packages/airflow/example_dags/tutorial_dag.py took 0.125 seconds
[2022-11-06T22:24:42.167-0300] {processor.py:154} INFO - Started process (PID=32647) to work on /home/debian/etlhausz/venv/lib/python3.9/site-packages/airflow/example_dags/tutorial_dag.py
[2022-11-06T22:24:42.168-0300] {processor.py:756} INFO - Processing file /home/debian/etlhausz/venv/lib/python3.9/site-packages/airflow/example_dags/tutorial_dag.py for tasks to queue
[2022-11-06T22:24:42.169-0300] {logging_mixin.py:120} INFO - [2022-11-06T22:24:42.169-0300] {dagbag.py:537} INFO - Filling up the DagBag from /home/debian/etlhausz/venv/lib/python3.9/site-packages/airflow/example_dags/tutorial_dag.py
[2022-11-06T22:24:42.183-0300] {processor.py:766} INFO - DAG(s) dict_keys(['tutorial_dag']) retrieved from /home/debian/etlhausz/venv/lib/python3.9/site-packages/airflow/example_dags/tutorial_dag.py
[2022-11-06T22:24:42.236-0300] {logging_mixin.py:120} INFO - [2022-11-06T22:24:42.236-0300] {dag.py:2585} INFO - Sync 1 DAGs
[2022-11-06T22:24:42.256-0300] {logging_mixin.py:120} INFO - [2022-11-06T22:24:42.256-0300] {dag.py:3336} INFO - Setting next_dagrun for tutorial_dag to None, run_after=None
[2022-11-06T22:24:42.299-0300] {processor.py:176} INFO - Processing /home/debian/etlhausz/venv/lib/python3.9/site-packages/airflow/example_dags/tutorial_dag.py took 0.135 seconds
[2022-11-06T22:25:12.572-0300] {processor.py:154} INFO - Started process (PID=33346) to work on /home/debian/etlhausz/venv/lib/python3.9/site-packages/airflow/example_dags/tutorial_dag.py
[2022-11-06T22:25:12.574-0300] {processor.py:756} INFO - Processing file /home/debian/etlhausz/venv/lib/python3.9/site-packages/airflow/example_dags/tutorial_dag.py for tasks to queue
[2022-11-06T22:25:12.574-0300] {logging_mixin.py:120} INFO - [2022-11-06T22:25:12.574-0300] {dagbag.py:537} INFO - Filling up the DagBag from /home/debian/etlhausz/venv/lib/python3.9/site-packages/airflow/example_dags/tutorial_dag.py
[2022-11-06T22:25:12.591-0300] {processor.py:766} INFO - DAG(s) dict_keys(['tutorial_dag']) retrieved from /home/debian/etlhausz/venv/lib/python3.9/site-packages/airflow/example_dags/tutorial_dag.py
[2022-11-06T22:25:12.646-0300] {logging_mixin.py:120} INFO - [2022-11-06T22:25:12.645-0300] {dag.py:2585} INFO - Sync 1 DAGs
[2022-11-06T22:25:12.667-0300] {logging_mixin.py:120} INFO - [2022-11-06T22:25:12.667-0300] {dag.py:3336} INFO - Setting next_dagrun for tutorial_dag to None, run_after=None
[2022-11-06T22:25:12.714-0300] {processor.py:176} INFO - Processing /home/debian/etlhausz/venv/lib/python3.9/site-packages/airflow/example_dags/tutorial_dag.py took 0.149 seconds
[2022-11-06T22:25:43.939-0300] {processor.py:154} INFO - Started process (PID=33887) to work on /home/debian/etlhausz/venv/lib/python3.9/site-packages/airflow/example_dags/tutorial_dag.py
[2022-11-06T22:25:43.941-0300] {processor.py:756} INFO - Processing file /home/debian/etlhausz/venv/lib/python3.9/site-packages/airflow/example_dags/tutorial_dag.py for tasks to queue
[2022-11-06T22:25:43.942-0300] {logging_mixin.py:120} INFO - [2022-11-06T22:25:43.942-0300] {dagbag.py:537} INFO - Filling up the DagBag from /home/debian/etlhausz/venv/lib/python3.9/site-packages/airflow/example_dags/tutorial_dag.py
[2022-11-06T22:25:43.957-0300] {processor.py:766} INFO - DAG(s) dict_keys(['tutorial_dag']) retrieved from /home/debian/etlhausz/venv/lib/python3.9/site-packages/airflow/example_dags/tutorial_dag.py
[2022-11-06T22:25:44.024-0300] {logging_mixin.py:120} INFO - [2022-11-06T22:25:44.024-0300] {dag.py:2585} INFO - Sync 1 DAGs
[2022-11-06T22:25:44.046-0300] {logging_mixin.py:120} INFO - [2022-11-06T22:25:44.046-0300] {dag.py:3336} INFO - Setting next_dagrun for tutorial_dag to None, run_after=None
[2022-11-06T22:25:44.171-0300] {processor.py:176} INFO - Processing /home/debian/etlhausz/venv/lib/python3.9/site-packages/airflow/example_dags/tutorial_dag.py took 0.236 seconds
[2022-11-06T22:26:15.480-0300] {processor.py:154} INFO - Started process (PID=34432) to work on /home/debian/etlhausz/venv/lib/python3.9/site-packages/airflow/example_dags/tutorial_dag.py
[2022-11-06T22:26:15.481-0300] {processor.py:756} INFO - Processing file /home/debian/etlhausz/venv/lib/python3.9/site-packages/airflow/example_dags/tutorial_dag.py for tasks to queue
[2022-11-06T22:26:15.481-0300] {logging_mixin.py:120} INFO - [2022-11-06T22:26:15.481-0300] {dagbag.py:537} INFO - Filling up the DagBag from /home/debian/etlhausz/venv/lib/python3.9/site-packages/airflow/example_dags/tutorial_dag.py
[2022-11-06T22:26:15.493-0300] {processor.py:766} INFO - DAG(s) dict_keys(['tutorial_dag']) retrieved from /home/debian/etlhausz/venv/lib/python3.9/site-packages/airflow/example_dags/tutorial_dag.py
[2022-11-06T22:26:15.539-0300] {logging_mixin.py:120} INFO - [2022-11-06T22:26:15.539-0300] {dag.py:2585} INFO - Sync 1 DAGs
[2022-11-06T22:26:15.676-0300] {logging_mixin.py:120} INFO - [2022-11-06T22:26:15.676-0300] {dag.py:3336} INFO - Setting next_dagrun for tutorial_dag to None, run_after=None
[2022-11-06T22:26:15.699-0300] {processor.py:176} INFO - Processing /home/debian/etlhausz/venv/lib/python3.9/site-packages/airflow/example_dags/tutorial_dag.py took 0.222 seconds
[2022-11-06T22:26:46.233-0300] {processor.py:154} INFO - Started process (PID=34918) to work on /home/debian/etlhausz/venv/lib/python3.9/site-packages/airflow/example_dags/tutorial_dag.py
[2022-11-06T22:26:46.234-0300] {processor.py:756} INFO - Processing file /home/debian/etlhausz/venv/lib/python3.9/site-packages/airflow/example_dags/tutorial_dag.py for tasks to queue
[2022-11-06T22:26:46.235-0300] {logging_mixin.py:120} INFO - [2022-11-06T22:26:46.235-0300] {dagbag.py:537} INFO - Filling up the DagBag from /home/debian/etlhausz/venv/lib/python3.9/site-packages/airflow/example_dags/tutorial_dag.py
[2022-11-06T22:26:46.249-0300] {processor.py:766} INFO - DAG(s) dict_keys(['tutorial_dag']) retrieved from /home/debian/etlhausz/venv/lib/python3.9/site-packages/airflow/example_dags/tutorial_dag.py
[2022-11-06T22:26:46.406-0300] {logging_mixin.py:120} INFO - [2022-11-06T22:26:46.406-0300] {dag.py:2585} INFO - Sync 1 DAGs
[2022-11-06T22:26:46.428-0300] {logging_mixin.py:120} INFO - [2022-11-06T22:26:46.428-0300] {dag.py:3336} INFO - Setting next_dagrun for tutorial_dag to None, run_after=None
[2022-11-06T22:26:46.456-0300] {processor.py:176} INFO - Processing /home/debian/etlhausz/venv/lib/python3.9/site-packages/airflow/example_dags/tutorial_dag.py took 0.227 seconds
[2022-11-06T22:27:17.681-0300] {processor.py:154} INFO - Started process (PID=35454) to work on /home/debian/etlhausz/venv/lib/python3.9/site-packages/airflow/example_dags/tutorial_dag.py
[2022-11-06T22:27:17.696-0300] {processor.py:756} INFO - Processing file /home/debian/etlhausz/venv/lib/python3.9/site-packages/airflow/example_dags/tutorial_dag.py for tasks to queue
[2022-11-06T22:27:17.698-0300] {logging_mixin.py:120} INFO - [2022-11-06T22:27:17.698-0300] {dagbag.py:537} INFO - Filling up the DagBag from /home/debian/etlhausz/venv/lib/python3.9/site-packages/airflow/example_dags/tutorial_dag.py
[2022-11-06T22:27:17.720-0300] {processor.py:766} INFO - DAG(s) dict_keys(['tutorial_dag']) retrieved from /home/debian/etlhausz/venv/lib/python3.9/site-packages/airflow/example_dags/tutorial_dag.py
[2022-11-06T22:27:17.790-0300] {logging_mixin.py:120} INFO - [2022-11-06T22:27:17.790-0300] {dag.py:2585} INFO - Sync 1 DAGs
[2022-11-06T22:27:17.832-0300] {logging_mixin.py:120} INFO - [2022-11-06T22:27:17.832-0300] {dag.py:3336} INFO - Setting next_dagrun for tutorial_dag to None, run_after=None
[2022-11-06T22:27:17.860-0300] {processor.py:176} INFO - Processing /home/debian/etlhausz/venv/lib/python3.9/site-packages/airflow/example_dags/tutorial_dag.py took 0.183 seconds
[2022-11-06T22:27:48.369-0300] {processor.py:154} INFO - Started process (PID=35925) to work on /home/debian/etlhausz/venv/lib/python3.9/site-packages/airflow/example_dags/tutorial_dag.py
[2022-11-06T22:27:48.370-0300] {processor.py:756} INFO - Processing file /home/debian/etlhausz/venv/lib/python3.9/site-packages/airflow/example_dags/tutorial_dag.py for tasks to queue
[2022-11-06T22:27:48.371-0300] {logging_mixin.py:120} INFO - [2022-11-06T22:27:48.371-0300] {dagbag.py:537} INFO - Filling up the DagBag from /home/debian/etlhausz/venv/lib/python3.9/site-packages/airflow/example_dags/tutorial_dag.py
[2022-11-06T22:27:48.381-0300] {processor.py:766} INFO - DAG(s) dict_keys(['tutorial_dag']) retrieved from /home/debian/etlhausz/venv/lib/python3.9/site-packages/airflow/example_dags/tutorial_dag.py
[2022-11-06T22:27:48.447-0300] {logging_mixin.py:120} INFO - [2022-11-06T22:27:48.446-0300] {dag.py:2585} INFO - Sync 1 DAGs
[2022-11-06T22:27:48.584-0300] {logging_mixin.py:120} INFO - [2022-11-06T22:27:48.584-0300] {dag.py:3336} INFO - Setting next_dagrun for tutorial_dag to None, run_after=None
[2022-11-06T22:27:48.618-0300] {processor.py:176} INFO - Processing /home/debian/etlhausz/venv/lib/python3.9/site-packages/airflow/example_dags/tutorial_dag.py took 0.254 seconds
[2022-11-06T22:28:18.800-0300] {processor.py:154} INFO - Started process (PID=36568) to work on /home/debian/etlhausz/venv/lib/python3.9/site-packages/airflow/example_dags/tutorial_dag.py
[2022-11-06T22:28:18.826-0300] {processor.py:756} INFO - Processing file /home/debian/etlhausz/venv/lib/python3.9/site-packages/airflow/example_dags/tutorial_dag.py for tasks to queue
[2022-11-06T22:28:18.832-0300] {logging_mixin.py:120} INFO - [2022-11-06T22:28:18.831-0300] {dagbag.py:537} INFO - Filling up the DagBag from /home/debian/etlhausz/venv/lib/python3.9/site-packages/airflow/example_dags/tutorial_dag.py
[2022-11-06T22:28:18.861-0300] {processor.py:766} INFO - DAG(s) dict_keys(['tutorial_dag']) retrieved from /home/debian/etlhausz/venv/lib/python3.9/site-packages/airflow/example_dags/tutorial_dag.py
[2022-11-06T22:28:18.942-0300] {logging_mixin.py:120} INFO - [2022-11-06T22:28:18.941-0300] {dag.py:2585} INFO - Sync 1 DAGs
[2022-11-06T22:28:19.063-0300] {logging_mixin.py:120} INFO - [2022-11-06T22:28:19.063-0300] {dag.py:3336} INFO - Setting next_dagrun for tutorial_dag to None, run_after=None
[2022-11-06T22:28:19.077-0300] {processor.py:176} INFO - Processing /home/debian/etlhausz/venv/lib/python3.9/site-packages/airflow/example_dags/tutorial_dag.py took 0.298 seconds
[2022-11-06T22:28:49.275-0300] {processor.py:154} INFO - Started process (PID=37116) to work on /home/debian/etlhausz/venv/lib/python3.9/site-packages/airflow/example_dags/tutorial_dag.py
[2022-11-06T22:28:49.276-0300] {processor.py:756} INFO - Processing file /home/debian/etlhausz/venv/lib/python3.9/site-packages/airflow/example_dags/tutorial_dag.py for tasks to queue
[2022-11-06T22:28:49.277-0300] {logging_mixin.py:120} INFO - [2022-11-06T22:28:49.277-0300] {dagbag.py:537} INFO - Filling up the DagBag from /home/debian/etlhausz/venv/lib/python3.9/site-packages/airflow/example_dags/tutorial_dag.py
[2022-11-06T22:28:49.288-0300] {processor.py:766} INFO - DAG(s) dict_keys(['tutorial_dag']) retrieved from /home/debian/etlhausz/venv/lib/python3.9/site-packages/airflow/example_dags/tutorial_dag.py
[2022-11-06T22:28:49.423-0300] {logging_mixin.py:120} INFO - [2022-11-06T22:28:49.423-0300] {dag.py:2585} INFO - Sync 1 DAGs
[2022-11-06T22:28:49.441-0300] {logging_mixin.py:120} INFO - [2022-11-06T22:28:49.441-0300] {dag.py:3336} INFO - Setting next_dagrun for tutorial_dag to None, run_after=None
[2022-11-06T22:28:49.460-0300] {processor.py:176} INFO - Processing /home/debian/etlhausz/venv/lib/python3.9/site-packages/airflow/example_dags/tutorial_dag.py took 0.188 seconds
[2022-11-06T22:29:19.681-0300] {processor.py:154} INFO - Started process (PID=37660) to work on /home/debian/etlhausz/venv/lib/python3.9/site-packages/airflow/example_dags/tutorial_dag.py
[2022-11-06T22:29:19.683-0300] {processor.py:756} INFO - Processing file /home/debian/etlhausz/venv/lib/python3.9/site-packages/airflow/example_dags/tutorial_dag.py for tasks to queue
[2022-11-06T22:29:19.683-0300] {logging_mixin.py:120} INFO - [2022-11-06T22:29:19.683-0300] {dagbag.py:537} INFO - Filling up the DagBag from /home/debian/etlhausz/venv/lib/python3.9/site-packages/airflow/example_dags/tutorial_dag.py
[2022-11-06T22:29:19.695-0300] {processor.py:766} INFO - DAG(s) dict_keys(['tutorial_dag']) retrieved from /home/debian/etlhausz/venv/lib/python3.9/site-packages/airflow/example_dags/tutorial_dag.py
[2022-11-06T22:29:19.748-0300] {logging_mixin.py:120} INFO - [2022-11-06T22:29:19.748-0300] {dag.py:2585} INFO - Sync 1 DAGs
[2022-11-06T22:29:19.768-0300] {logging_mixin.py:120} INFO - [2022-11-06T22:29:19.768-0300] {dag.py:3336} INFO - Setting next_dagrun for tutorial_dag to None, run_after=None
[2022-11-06T22:29:19.792-0300] {processor.py:176} INFO - Processing /home/debian/etlhausz/venv/lib/python3.9/site-packages/airflow/example_dags/tutorial_dag.py took 0.113 seconds
[2022-11-06T22:29:51.210-0300] {processor.py:154} INFO - Started process (PID=38201) to work on /home/debian/etlhausz/venv/lib/python3.9/site-packages/airflow/example_dags/tutorial_dag.py
[2022-11-06T22:29:51.211-0300] {processor.py:756} INFO - Processing file /home/debian/etlhausz/venv/lib/python3.9/site-packages/airflow/example_dags/tutorial_dag.py for tasks to queue
[2022-11-06T22:29:51.213-0300] {logging_mixin.py:120} INFO - [2022-11-06T22:29:51.213-0300] {dagbag.py:537} INFO - Filling up the DagBag from /home/debian/etlhausz/venv/lib/python3.9/site-packages/airflow/example_dags/tutorial_dag.py
[2022-11-06T22:29:51.236-0300] {processor.py:766} INFO - DAG(s) dict_keys(['tutorial_dag']) retrieved from /home/debian/etlhausz/venv/lib/python3.9/site-packages/airflow/example_dags/tutorial_dag.py
[2022-11-06T22:29:51.329-0300] {logging_mixin.py:120} INFO - [2022-11-06T22:29:51.329-0300] {dag.py:2585} INFO - Sync 1 DAGs
[2022-11-06T22:29:51.469-0300] {logging_mixin.py:120} INFO - [2022-11-06T22:29:51.468-0300] {dag.py:3336} INFO - Setting next_dagrun for tutorial_dag to None, run_after=None
[2022-11-06T22:29:51.490-0300] {processor.py:176} INFO - Processing /home/debian/etlhausz/venv/lib/python3.9/site-packages/airflow/example_dags/tutorial_dag.py took 0.283 seconds
[2022-11-06T22:30:21.541-0300] {processor.py:154} INFO - Started process (PID=38871) to work on /home/debian/etlhausz/venv/lib/python3.9/site-packages/airflow/example_dags/tutorial_dag.py
[2022-11-06T22:30:21.542-0300] {processor.py:756} INFO - Processing file /home/debian/etlhausz/venv/lib/python3.9/site-packages/airflow/example_dags/tutorial_dag.py for tasks to queue
[2022-11-06T22:30:21.543-0300] {logging_mixin.py:120} INFO - [2022-11-06T22:30:21.543-0300] {dagbag.py:537} INFO - Filling up the DagBag from /home/debian/etlhausz/venv/lib/python3.9/site-packages/airflow/example_dags/tutorial_dag.py
[2022-11-06T22:30:21.555-0300] {processor.py:766} INFO - DAG(s) dict_keys(['tutorial_dag']) retrieved from /home/debian/etlhausz/venv/lib/python3.9/site-packages/airflow/example_dags/tutorial_dag.py
[2022-11-06T22:30:21.680-0300] {logging_mixin.py:120} INFO - [2022-11-06T22:30:21.679-0300] {dag.py:2585} INFO - Sync 1 DAGs
[2022-11-06T22:30:21.701-0300] {logging_mixin.py:120} INFO - [2022-11-06T22:30:21.701-0300] {dag.py:3336} INFO - Setting next_dagrun for tutorial_dag to None, run_after=None
[2022-11-06T22:30:21.731-0300] {processor.py:176} INFO - Processing /home/debian/etlhausz/venv/lib/python3.9/site-packages/airflow/example_dags/tutorial_dag.py took 0.194 seconds
[2022-11-06T22:30:52.808-0300] {processor.py:154} INFO - Started process (PID=39380) to work on /home/debian/etlhausz/venv/lib/python3.9/site-packages/airflow/example_dags/tutorial_dag.py
[2022-11-06T22:30:52.811-0300] {processor.py:756} INFO - Processing file /home/debian/etlhausz/venv/lib/python3.9/site-packages/airflow/example_dags/tutorial_dag.py for tasks to queue
[2022-11-06T22:30:52.811-0300] {logging_mixin.py:120} INFO - [2022-11-06T22:30:52.811-0300] {dagbag.py:537} INFO - Filling up the DagBag from /home/debian/etlhausz/venv/lib/python3.9/site-packages/airflow/example_dags/tutorial_dag.py
[2022-11-06T22:30:52.824-0300] {processor.py:766} INFO - DAG(s) dict_keys(['tutorial_dag']) retrieved from /home/debian/etlhausz/venv/lib/python3.9/site-packages/airflow/example_dags/tutorial_dag.py
[2022-11-06T22:30:52.983-0300] {logging_mixin.py:120} INFO - [2022-11-06T22:30:52.983-0300] {dag.py:2585} INFO - Sync 1 DAGs
[2022-11-06T22:30:53.017-0300] {logging_mixin.py:120} INFO - [2022-11-06T22:30:53.017-0300] {dag.py:3336} INFO - Setting next_dagrun for tutorial_dag to None, run_after=None
[2022-11-06T22:30:53.045-0300] {processor.py:176} INFO - Processing /home/debian/etlhausz/venv/lib/python3.9/site-packages/airflow/example_dags/tutorial_dag.py took 0.240 seconds
[2022-11-06T22:31:23.726-0300] {processor.py:154} INFO - Started process (PID=39882) to work on /home/debian/etlhausz/venv/lib/python3.9/site-packages/airflow/example_dags/tutorial_dag.py
[2022-11-06T22:31:23.727-0300] {processor.py:756} INFO - Processing file /home/debian/etlhausz/venv/lib/python3.9/site-packages/airflow/example_dags/tutorial_dag.py for tasks to queue
[2022-11-06T22:31:23.727-0300] {logging_mixin.py:120} INFO - [2022-11-06T22:31:23.727-0300] {dagbag.py:537} INFO - Filling up the DagBag from /home/debian/etlhausz/venv/lib/python3.9/site-packages/airflow/example_dags/tutorial_dag.py
[2022-11-06T22:31:23.739-0300] {processor.py:766} INFO - DAG(s) dict_keys(['tutorial_dag']) retrieved from /home/debian/etlhausz/venv/lib/python3.9/site-packages/airflow/example_dags/tutorial_dag.py
[2022-11-06T22:31:23.787-0300] {logging_mixin.py:120} INFO - [2022-11-06T22:31:23.787-0300] {dag.py:2585} INFO - Sync 1 DAGs
[2022-11-06T22:31:23.806-0300] {logging_mixin.py:120} INFO - [2022-11-06T22:31:23.806-0300] {dag.py:3336} INFO - Setting next_dagrun for tutorial_dag to None, run_after=None
[2022-11-06T22:31:23.827-0300] {processor.py:176} INFO - Processing /home/debian/etlhausz/venv/lib/python3.9/site-packages/airflow/example_dags/tutorial_dag.py took 0.104 seconds
