[2022-11-06T21:00:23.054-0300] {processor.py:154} INFO - Started process (PID=61298) to work on /home/debian/etlhausz/venv/lib/python3.9/site-packages/airflow/example_dags/tutorial_taskflow_api.py
[2022-11-06T21:00:23.055-0300] {processor.py:756} INFO - Processing file /home/debian/etlhausz/venv/lib/python3.9/site-packages/airflow/example_dags/tutorial_taskflow_api.py for tasks to queue
[2022-11-06T21:00:23.055-0300] {logging_mixin.py:120} INFO - [2022-11-06T21:00:23.055-0300] {dagbag.py:537} INFO - Filling up the DagBag from /home/debian/etlhausz/venv/lib/python3.9/site-packages/airflow/example_dags/tutorial_taskflow_api.py
[2022-11-06T21:00:23.121-0300] {processor.py:766} INFO - DAG(s) dict_keys(['tutorial_taskflow_api']) retrieved from /home/debian/etlhausz/venv/lib/python3.9/site-packages/airflow/example_dags/tutorial_taskflow_api.py
[2022-11-06T21:00:23.199-0300] {logging_mixin.py:120} INFO - [2022-11-06T21:00:23.199-0300] {dag.py:2585} INFO - Sync 1 DAGs
[2022-11-06T21:00:23.352-0300] {logging_mixin.py:120} INFO - [2022-11-06T21:00:23.352-0300] {dag.py:3336} INFO - Setting next_dagrun for tutorial_taskflow_api to None, run_after=None
[2022-11-06T21:00:23.371-0300] {processor.py:176} INFO - Processing /home/debian/etlhausz/venv/lib/python3.9/site-packages/airflow/example_dags/tutorial_taskflow_api.py took 0.325 seconds
[2022-11-06T21:00:54.945-0300] {processor.py:154} INFO - Started process (PID=61881) to work on /home/debian/etlhausz/venv/lib/python3.9/site-packages/airflow/example_dags/tutorial_taskflow_api.py
[2022-11-06T21:00:54.959-0300] {processor.py:756} INFO - Processing file /home/debian/etlhausz/venv/lib/python3.9/site-packages/airflow/example_dags/tutorial_taskflow_api.py for tasks to queue
[2022-11-06T21:00:54.960-0300] {logging_mixin.py:120} INFO - [2022-11-06T21:00:54.959-0300] {dagbag.py:537} INFO - Filling up the DagBag from /home/debian/etlhausz/venv/lib/python3.9/site-packages/airflow/example_dags/tutorial_taskflow_api.py
[2022-11-06T21:00:54.981-0300] {processor.py:766} INFO - DAG(s) dict_keys(['tutorial_taskflow_api']) retrieved from /home/debian/etlhausz/venv/lib/python3.9/site-packages/airflow/example_dags/tutorial_taskflow_api.py
[2022-11-06T21:00:55.160-0300] {logging_mixin.py:120} INFO - [2022-11-06T21:00:55.160-0300] {dag.py:2585} INFO - Sync 1 DAGs
[2022-11-06T21:00:55.181-0300] {logging_mixin.py:120} INFO - [2022-11-06T21:00:55.181-0300] {dag.py:3336} INFO - Setting next_dagrun for tutorial_taskflow_api to None, run_after=None
[2022-11-06T21:00:55.211-0300] {processor.py:176} INFO - Processing /home/debian/etlhausz/venv/lib/python3.9/site-packages/airflow/example_dags/tutorial_taskflow_api.py took 0.270 seconds
[2022-11-06T21:01:28.454-0300] {processor.py:154} INFO - Started process (PID=62550) to work on /home/debian/etlhausz/venv/lib/python3.9/site-packages/airflow/example_dags/tutorial_taskflow_api.py
[2022-11-06T21:01:28.455-0300] {processor.py:756} INFO - Processing file /home/debian/etlhausz/venv/lib/python3.9/site-packages/airflow/example_dags/tutorial_taskflow_api.py for tasks to queue
[2022-11-06T21:01:28.455-0300] {logging_mixin.py:120} INFO - [2022-11-06T21:01:28.455-0300] {dagbag.py:537} INFO - Filling up the DagBag from /home/debian/etlhausz/venv/lib/python3.9/site-packages/airflow/example_dags/tutorial_taskflow_api.py
[2022-11-06T21:01:28.479-0300] {processor.py:766} INFO - DAG(s) dict_keys(['tutorial_taskflow_api']) retrieved from /home/debian/etlhausz/venv/lib/python3.9/site-packages/airflow/example_dags/tutorial_taskflow_api.py
[2022-11-06T21:01:28.656-0300] {logging_mixin.py:120} INFO - [2022-11-06T21:01:28.656-0300] {dag.py:2585} INFO - Sync 1 DAGs
[2022-11-06T21:01:28.681-0300] {logging_mixin.py:120} INFO - [2022-11-06T21:01:28.681-0300] {dag.py:3336} INFO - Setting next_dagrun for tutorial_taskflow_api to None, run_after=None
[2022-11-06T21:01:28.699-0300] {processor.py:176} INFO - Processing /home/debian/etlhausz/venv/lib/python3.9/site-packages/airflow/example_dags/tutorial_taskflow_api.py took 0.250 seconds
[2022-11-06T21:01:59.089-0300] {processor.py:154} INFO - Started process (PID=63024) to work on /home/debian/etlhausz/venv/lib/python3.9/site-packages/airflow/example_dags/tutorial_taskflow_api.py
[2022-11-06T21:01:59.090-0300] {processor.py:756} INFO - Processing file /home/debian/etlhausz/venv/lib/python3.9/site-packages/airflow/example_dags/tutorial_taskflow_api.py for tasks to queue
[2022-11-06T21:01:59.091-0300] {logging_mixin.py:120} INFO - [2022-11-06T21:01:59.091-0300] {dagbag.py:537} INFO - Filling up the DagBag from /home/debian/etlhausz/venv/lib/python3.9/site-packages/airflow/example_dags/tutorial_taskflow_api.py
[2022-11-06T21:01:59.240-0300] {processor.py:766} INFO - DAG(s) dict_keys(['tutorial_taskflow_api']) retrieved from /home/debian/etlhausz/venv/lib/python3.9/site-packages/airflow/example_dags/tutorial_taskflow_api.py
[2022-11-06T21:01:59.298-0300] {logging_mixin.py:120} INFO - [2022-11-06T21:01:59.298-0300] {dag.py:2585} INFO - Sync 1 DAGs
[2022-11-06T21:01:59.383-0300] {logging_mixin.py:120} INFO - [2022-11-06T21:01:59.383-0300] {dag.py:3336} INFO - Setting next_dagrun for tutorial_taskflow_api to None, run_after=None
[2022-11-06T21:01:59.431-0300] {processor.py:176} INFO - Processing /home/debian/etlhausz/venv/lib/python3.9/site-packages/airflow/example_dags/tutorial_taskflow_api.py took 0.346 seconds
[2022-11-06T21:02:29.669-0300] {processor.py:154} INFO - Started process (PID=63503) to work on /home/debian/etlhausz/venv/lib/python3.9/site-packages/airflow/example_dags/tutorial_taskflow_api.py
[2022-11-06T21:02:29.671-0300] {processor.py:756} INFO - Processing file /home/debian/etlhausz/venv/lib/python3.9/site-packages/airflow/example_dags/tutorial_taskflow_api.py for tasks to queue
[2022-11-06T21:02:29.671-0300] {logging_mixin.py:120} INFO - [2022-11-06T21:02:29.671-0300] {dagbag.py:537} INFO - Filling up the DagBag from /home/debian/etlhausz/venv/lib/python3.9/site-packages/airflow/example_dags/tutorial_taskflow_api.py
[2022-11-06T21:02:29.690-0300] {processor.py:766} INFO - DAG(s) dict_keys(['tutorial_taskflow_api']) retrieved from /home/debian/etlhausz/venv/lib/python3.9/site-packages/airflow/example_dags/tutorial_taskflow_api.py
[2022-11-06T21:02:29.767-0300] {logging_mixin.py:120} INFO - [2022-11-06T21:02:29.767-0300] {dag.py:2585} INFO - Sync 1 DAGs
[2022-11-06T21:02:30.086-0300] {logging_mixin.py:120} INFO - [2022-11-06T21:02:30.075-0300] {dag.py:3336} INFO - Setting next_dagrun for tutorial_taskflow_api to None, run_after=None
[2022-11-06T21:02:30.185-0300] {processor.py:176} INFO - Processing /home/debian/etlhausz/venv/lib/python3.9/site-packages/airflow/example_dags/tutorial_taskflow_api.py took 0.519 seconds
[2022-11-06T21:03:00.321-0300] {processor.py:154} INFO - Started process (PID=64080) to work on /home/debian/etlhausz/venv/lib/python3.9/site-packages/airflow/example_dags/tutorial_taskflow_api.py
[2022-11-06T21:03:00.324-0300] {processor.py:756} INFO - Processing file /home/debian/etlhausz/venv/lib/python3.9/site-packages/airflow/example_dags/tutorial_taskflow_api.py for tasks to queue
[2022-11-06T21:03:00.325-0300] {logging_mixin.py:120} INFO - [2022-11-06T21:03:00.325-0300] {dagbag.py:537} INFO - Filling up the DagBag from /home/debian/etlhausz/venv/lib/python3.9/site-packages/airflow/example_dags/tutorial_taskflow_api.py
[2022-11-06T21:03:00.348-0300] {processor.py:766} INFO - DAG(s) dict_keys(['tutorial_taskflow_api']) retrieved from /home/debian/etlhausz/venv/lib/python3.9/site-packages/airflow/example_dags/tutorial_taskflow_api.py
[2022-11-06T21:03:00.497-0300] {logging_mixin.py:120} INFO - [2022-11-06T21:03:00.497-0300] {dag.py:2585} INFO - Sync 1 DAGs
[2022-11-06T21:03:00.516-0300] {logging_mixin.py:120} INFO - [2022-11-06T21:03:00.515-0300] {dag.py:3336} INFO - Setting next_dagrun for tutorial_taskflow_api to None, run_after=None
[2022-11-06T21:03:00.534-0300] {processor.py:176} INFO - Processing /home/debian/etlhausz/venv/lib/python3.9/site-packages/airflow/example_dags/tutorial_taskflow_api.py took 0.217 seconds
[2022-11-06T21:03:31.518-0300] {processor.py:154} INFO - Started process (PID=64657) to work on /home/debian/etlhausz/venv/lib/python3.9/site-packages/airflow/example_dags/tutorial_taskflow_api.py
[2022-11-06T21:03:31.520-0300] {processor.py:756} INFO - Processing file /home/debian/etlhausz/venv/lib/python3.9/site-packages/airflow/example_dags/tutorial_taskflow_api.py for tasks to queue
[2022-11-06T21:03:31.520-0300] {logging_mixin.py:120} INFO - [2022-11-06T21:03:31.520-0300] {dagbag.py:537} INFO - Filling up the DagBag from /home/debian/etlhausz/venv/lib/python3.9/site-packages/airflow/example_dags/tutorial_taskflow_api.py
[2022-11-06T21:03:31.541-0300] {processor.py:766} INFO - DAG(s) dict_keys(['tutorial_taskflow_api']) retrieved from /home/debian/etlhausz/venv/lib/python3.9/site-packages/airflow/example_dags/tutorial_taskflow_api.py
[2022-11-06T21:03:31.746-0300] {logging_mixin.py:120} INFO - [2022-11-06T21:03:31.745-0300] {dag.py:2585} INFO - Sync 1 DAGs
[2022-11-06T21:03:31.764-0300] {logging_mixin.py:120} INFO - [2022-11-06T21:03:31.764-0300] {dag.py:3336} INFO - Setting next_dagrun for tutorial_taskflow_api to None, run_after=None
[2022-11-06T21:03:31.786-0300] {processor.py:176} INFO - Processing /home/debian/etlhausz/venv/lib/python3.9/site-packages/airflow/example_dags/tutorial_taskflow_api.py took 0.270 seconds
[2022-11-06T21:04:03.424-0300] {processor.py:154} INFO - Started process (PID=65247) to work on /home/debian/etlhausz/venv/lib/python3.9/site-packages/airflow/example_dags/tutorial_taskflow_api.py
[2022-11-06T21:04:03.431-0300] {processor.py:756} INFO - Processing file /home/debian/etlhausz/venv/lib/python3.9/site-packages/airflow/example_dags/tutorial_taskflow_api.py for tasks to queue
[2022-11-06T21:04:03.432-0300] {logging_mixin.py:120} INFO - [2022-11-06T21:04:03.432-0300] {dagbag.py:537} INFO - Filling up the DagBag from /home/debian/etlhausz/venv/lib/python3.9/site-packages/airflow/example_dags/tutorial_taskflow_api.py
[2022-11-06T21:04:03.676-0300] {processor.py:766} INFO - DAG(s) dict_keys(['tutorial_taskflow_api']) retrieved from /home/debian/etlhausz/venv/lib/python3.9/site-packages/airflow/example_dags/tutorial_taskflow_api.py
[2022-11-06T21:04:03.822-0300] {logging_mixin.py:120} INFO - [2022-11-06T21:04:03.822-0300] {dag.py:2585} INFO - Sync 1 DAGs
[2022-11-06T21:04:03.925-0300] {logging_mixin.py:120} INFO - [2022-11-06T21:04:03.925-0300] {dag.py:3336} INFO - Setting next_dagrun for tutorial_taskflow_api to None, run_after=None
[2022-11-06T21:04:04.137-0300] {processor.py:176} INFO - Processing /home/debian/etlhausz/venv/lib/python3.9/site-packages/airflow/example_dags/tutorial_taskflow_api.py took 0.716 seconds
[2022-11-06T22:01:43.482-0300] {processor.py:154} INFO - Started process (PID=5285) to work on /home/debian/etlhausz/venv/lib/python3.9/site-packages/airflow/example_dags/tutorial_taskflow_api.py
[2022-11-06T22:01:43.508-0300] {processor.py:756} INFO - Processing file /home/debian/etlhausz/venv/lib/python3.9/site-packages/airflow/example_dags/tutorial_taskflow_api.py for tasks to queue
[2022-11-06T22:01:43.509-0300] {logging_mixin.py:120} INFO - [2022-11-06T22:01:43.508-0300] {dagbag.py:537} INFO - Filling up the DagBag from /home/debian/etlhausz/venv/lib/python3.9/site-packages/airflow/example_dags/tutorial_taskflow_api.py
[2022-11-06T22:01:43.629-0300] {processor.py:766} INFO - DAG(s) dict_keys(['tutorial_taskflow_api']) retrieved from /home/debian/etlhausz/venv/lib/python3.9/site-packages/airflow/example_dags/tutorial_taskflow_api.py
[2022-11-06T22:01:43.895-0300] {logging_mixin.py:120} INFO - [2022-11-06T22:01:43.895-0300] {dag.py:2585} INFO - Sync 1 DAGs
[2022-11-06T22:01:43.977-0300] {logging_mixin.py:120} INFO - [2022-11-06T22:01:43.977-0300] {dag.py:3336} INFO - Setting next_dagrun for tutorial_taskflow_api to None, run_after=None
[2022-11-06T22:01:44.057-0300] {processor.py:176} INFO - Processing /home/debian/etlhausz/venv/lib/python3.9/site-packages/airflow/example_dags/tutorial_taskflow_api.py took 0.621 seconds
[2022-11-06T22:02:14.416-0300] {processor.py:154} INFO - Started process (PID=5920) to work on /home/debian/etlhausz/venv/lib/python3.9/site-packages/airflow/example_dags/tutorial_taskflow_api.py
[2022-11-06T22:02:14.417-0300] {processor.py:756} INFO - Processing file /home/debian/etlhausz/venv/lib/python3.9/site-packages/airflow/example_dags/tutorial_taskflow_api.py for tasks to queue
[2022-11-06T22:02:14.418-0300] {logging_mixin.py:120} INFO - [2022-11-06T22:02:14.418-0300] {dagbag.py:537} INFO - Filling up the DagBag from /home/debian/etlhausz/venv/lib/python3.9/site-packages/airflow/example_dags/tutorial_taskflow_api.py
[2022-11-06T22:02:14.440-0300] {processor.py:766} INFO - DAG(s) dict_keys(['tutorial_taskflow_api']) retrieved from /home/debian/etlhausz/venv/lib/python3.9/site-packages/airflow/example_dags/tutorial_taskflow_api.py
[2022-11-06T22:02:14.497-0300] {logging_mixin.py:120} INFO - [2022-11-06T22:02:14.496-0300] {dag.py:2585} INFO - Sync 1 DAGs
[2022-11-06T22:02:14.527-0300] {logging_mixin.py:120} INFO - [2022-11-06T22:02:14.527-0300] {dag.py:3336} INFO - Setting next_dagrun for tutorial_taskflow_api to None, run_after=None
[2022-11-06T22:02:14.542-0300] {processor.py:176} INFO - Processing /home/debian/etlhausz/venv/lib/python3.9/site-packages/airflow/example_dags/tutorial_taskflow_api.py took 0.129 seconds
[2022-11-06T22:02:44.621-0300] {processor.py:154} INFO - Started process (PID=6580) to work on /home/debian/etlhausz/venv/lib/python3.9/site-packages/airflow/example_dags/tutorial_taskflow_api.py
[2022-11-06T22:02:44.623-0300] {processor.py:756} INFO - Processing file /home/debian/etlhausz/venv/lib/python3.9/site-packages/airflow/example_dags/tutorial_taskflow_api.py for tasks to queue
[2022-11-06T22:02:44.623-0300] {logging_mixin.py:120} INFO - [2022-11-06T22:02:44.623-0300] {dagbag.py:537} INFO - Filling up the DagBag from /home/debian/etlhausz/venv/lib/python3.9/site-packages/airflow/example_dags/tutorial_taskflow_api.py
[2022-11-06T22:02:44.642-0300] {processor.py:766} INFO - DAG(s) dict_keys(['tutorial_taskflow_api']) retrieved from /home/debian/etlhausz/venv/lib/python3.9/site-packages/airflow/example_dags/tutorial_taskflow_api.py
[2022-11-06T22:02:44.686-0300] {logging_mixin.py:120} INFO - [2022-11-06T22:02:44.686-0300] {dag.py:2585} INFO - Sync 1 DAGs
[2022-11-06T22:02:44.707-0300] {logging_mixin.py:120} INFO - [2022-11-06T22:02:44.707-0300] {dag.py:3336} INFO - Setting next_dagrun for tutorial_taskflow_api to None, run_after=None
[2022-11-06T22:02:44.727-0300] {processor.py:176} INFO - Processing /home/debian/etlhausz/venv/lib/python3.9/site-packages/airflow/example_dags/tutorial_taskflow_api.py took 0.109 seconds
[2022-11-06T22:03:18.117-0300] {processor.py:154} INFO - Started process (PID=7189) to work on /home/debian/etlhausz/venv/lib/python3.9/site-packages/airflow/example_dags/tutorial_taskflow_api.py
[2022-11-06T22:03:18.118-0300] {processor.py:756} INFO - Processing file /home/debian/etlhausz/venv/lib/python3.9/site-packages/airflow/example_dags/tutorial_taskflow_api.py for tasks to queue
[2022-11-06T22:03:18.119-0300] {logging_mixin.py:120} INFO - [2022-11-06T22:03:18.119-0300] {dagbag.py:537} INFO - Filling up the DagBag from /home/debian/etlhausz/venv/lib/python3.9/site-packages/airflow/example_dags/tutorial_taskflow_api.py
[2022-11-06T22:03:18.171-0300] {processor.py:766} INFO - DAG(s) dict_keys(['tutorial_taskflow_api']) retrieved from /home/debian/etlhausz/venv/lib/python3.9/site-packages/airflow/example_dags/tutorial_taskflow_api.py
[2022-11-06T22:03:18.227-0300] {logging_mixin.py:120} INFO - [2022-11-06T22:03:18.227-0300] {dag.py:2585} INFO - Sync 1 DAGs
[2022-11-06T22:03:18.323-0300] {logging_mixin.py:120} INFO - [2022-11-06T22:03:18.323-0300] {dag.py:3336} INFO - Setting next_dagrun for tutorial_taskflow_api to None, run_after=None
[2022-11-06T22:03:18.371-0300] {processor.py:176} INFO - Processing /home/debian/etlhausz/venv/lib/python3.9/site-packages/airflow/example_dags/tutorial_taskflow_api.py took 0.261 seconds
[2022-11-06T22:03:49.147-0300] {processor.py:154} INFO - Started process (PID=7847) to work on /home/debian/etlhausz/venv/lib/python3.9/site-packages/airflow/example_dags/tutorial_taskflow_api.py
[2022-11-06T22:03:49.149-0300] {processor.py:756} INFO - Processing file /home/debian/etlhausz/venv/lib/python3.9/site-packages/airflow/example_dags/tutorial_taskflow_api.py for tasks to queue
[2022-11-06T22:03:49.149-0300] {logging_mixin.py:120} INFO - [2022-11-06T22:03:49.149-0300] {dagbag.py:537} INFO - Filling up the DagBag from /home/debian/etlhausz/venv/lib/python3.9/site-packages/airflow/example_dags/tutorial_taskflow_api.py
[2022-11-06T22:03:49.187-0300] {processor.py:766} INFO - DAG(s) dict_keys(['tutorial_taskflow_api']) retrieved from /home/debian/etlhausz/venv/lib/python3.9/site-packages/airflow/example_dags/tutorial_taskflow_api.py
[2022-11-06T22:03:49.245-0300] {logging_mixin.py:120} INFO - [2022-11-06T22:03:49.244-0300] {dag.py:2585} INFO - Sync 1 DAGs
[2022-11-06T22:03:49.273-0300] {logging_mixin.py:120} INFO - [2022-11-06T22:03:49.273-0300] {dag.py:3336} INFO - Setting next_dagrun for tutorial_taskflow_api to None, run_after=None
[2022-11-06T22:03:49.295-0300] {processor.py:176} INFO - Processing /home/debian/etlhausz/venv/lib/python3.9/site-packages/airflow/example_dags/tutorial_taskflow_api.py took 0.152 seconds
[2022-11-06T22:04:19.936-0300] {processor.py:154} INFO - Started process (PID=8472) to work on /home/debian/etlhausz/venv/lib/python3.9/site-packages/airflow/example_dags/tutorial_taskflow_api.py
[2022-11-06T22:04:19.938-0300] {processor.py:756} INFO - Processing file /home/debian/etlhausz/venv/lib/python3.9/site-packages/airflow/example_dags/tutorial_taskflow_api.py for tasks to queue
[2022-11-06T22:04:19.938-0300] {logging_mixin.py:120} INFO - [2022-11-06T22:04:19.938-0300] {dagbag.py:537} INFO - Filling up the DagBag from /home/debian/etlhausz/venv/lib/python3.9/site-packages/airflow/example_dags/tutorial_taskflow_api.py
[2022-11-06T22:04:19.963-0300] {processor.py:766} INFO - DAG(s) dict_keys(['tutorial_taskflow_api']) retrieved from /home/debian/etlhausz/venv/lib/python3.9/site-packages/airflow/example_dags/tutorial_taskflow_api.py
[2022-11-06T22:04:20.013-0300] {logging_mixin.py:120} INFO - [2022-11-06T22:04:20.013-0300] {dag.py:2585} INFO - Sync 1 DAGs
[2022-11-06T22:04:20.034-0300] {logging_mixin.py:120} INFO - [2022-11-06T22:04:20.033-0300] {dag.py:3336} INFO - Setting next_dagrun for tutorial_taskflow_api to None, run_after=None
[2022-11-06T22:04:20.061-0300] {processor.py:176} INFO - Processing /home/debian/etlhausz/venv/lib/python3.9/site-packages/airflow/example_dags/tutorial_taskflow_api.py took 0.128 seconds
[2022-11-06T22:04:51.632-0300] {processor.py:154} INFO - Started process (PID=9068) to work on /home/debian/etlhausz/venv/lib/python3.9/site-packages/airflow/example_dags/tutorial_taskflow_api.py
[2022-11-06T22:04:51.633-0300] {processor.py:756} INFO - Processing file /home/debian/etlhausz/venv/lib/python3.9/site-packages/airflow/example_dags/tutorial_taskflow_api.py for tasks to queue
[2022-11-06T22:04:51.635-0300] {logging_mixin.py:120} INFO - [2022-11-06T22:04:51.635-0300] {dagbag.py:537} INFO - Filling up the DagBag from /home/debian/etlhausz/venv/lib/python3.9/site-packages/airflow/example_dags/tutorial_taskflow_api.py
[2022-11-06T22:04:51.651-0300] {processor.py:766} INFO - DAG(s) dict_keys(['tutorial_taskflow_api']) retrieved from /home/debian/etlhausz/venv/lib/python3.9/site-packages/airflow/example_dags/tutorial_taskflow_api.py
[2022-11-06T22:04:51.707-0300] {logging_mixin.py:120} INFO - [2022-11-06T22:04:51.706-0300] {dag.py:2585} INFO - Sync 1 DAGs
[2022-11-06T22:04:51.729-0300] {logging_mixin.py:120} INFO - [2022-11-06T22:04:51.729-0300] {dag.py:3336} INFO - Setting next_dagrun for tutorial_taskflow_api to None, run_after=None
[2022-11-06T22:04:51.750-0300] {processor.py:176} INFO - Processing /home/debian/etlhausz/venv/lib/python3.9/site-packages/airflow/example_dags/tutorial_taskflow_api.py took 0.120 seconds
[2022-11-06T22:05:33.169-0300] {processor.py:154} INFO - Started process (PID=9974) to work on /home/debian/etlhausz/venv/lib/python3.9/site-packages/airflow/example_dags/tutorial_taskflow_api.py
[2022-11-06T22:05:33.170-0300] {processor.py:756} INFO - Processing file /home/debian/etlhausz/venv/lib/python3.9/site-packages/airflow/example_dags/tutorial_taskflow_api.py for tasks to queue
[2022-11-06T22:05:33.171-0300] {logging_mixin.py:120} INFO - [2022-11-06T22:05:33.170-0300] {dagbag.py:537} INFO - Filling up the DagBag from /home/debian/etlhausz/venv/lib/python3.9/site-packages/airflow/example_dags/tutorial_taskflow_api.py
[2022-11-06T22:05:33.228-0300] {processor.py:766} INFO - DAG(s) dict_keys(['tutorial_taskflow_api']) retrieved from /home/debian/etlhausz/venv/lib/python3.9/site-packages/airflow/example_dags/tutorial_taskflow_api.py
[2022-11-06T22:05:33.293-0300] {logging_mixin.py:120} INFO - [2022-11-06T22:05:33.293-0300] {dag.py:2585} INFO - Sync 1 DAGs
[2022-11-06T22:05:33.327-0300] {logging_mixin.py:120} INFO - [2022-11-06T22:05:33.327-0300] {dag.py:3336} INFO - Setting next_dagrun for tutorial_taskflow_api to None, run_after=None
[2022-11-06T22:05:33.347-0300] {processor.py:176} INFO - Processing /home/debian/etlhausz/venv/lib/python3.9/site-packages/airflow/example_dags/tutorial_taskflow_api.py took 0.181 seconds
[2022-11-06T22:06:06.238-0300] {processor.py:154} INFO - Started process (PID=10614) to work on /home/debian/etlhausz/venv/lib/python3.9/site-packages/airflow/example_dags/tutorial_taskflow_api.py
[2022-11-06T22:06:06.239-0300] {processor.py:756} INFO - Processing file /home/debian/etlhausz/venv/lib/python3.9/site-packages/airflow/example_dags/tutorial_taskflow_api.py for tasks to queue
[2022-11-06T22:06:06.240-0300] {logging_mixin.py:120} INFO - [2022-11-06T22:06:06.240-0300] {dagbag.py:537} INFO - Filling up the DagBag from /home/debian/etlhausz/venv/lib/python3.9/site-packages/airflow/example_dags/tutorial_taskflow_api.py
[2022-11-06T22:06:06.287-0300] {processor.py:766} INFO - DAG(s) dict_keys(['tutorial_taskflow_api']) retrieved from /home/debian/etlhausz/venv/lib/python3.9/site-packages/airflow/example_dags/tutorial_taskflow_api.py
[2022-11-06T22:06:06.339-0300] {logging_mixin.py:120} INFO - [2022-11-06T22:06:06.338-0300] {dag.py:2585} INFO - Sync 1 DAGs
[2022-11-06T22:06:06.372-0300] {logging_mixin.py:120} INFO - [2022-11-06T22:06:06.372-0300] {dag.py:3336} INFO - Setting next_dagrun for tutorial_taskflow_api to None, run_after=None
[2022-11-06T22:06:06.397-0300] {processor.py:176} INFO - Processing /home/debian/etlhausz/venv/lib/python3.9/site-packages/airflow/example_dags/tutorial_taskflow_api.py took 0.172 seconds
[2022-11-06T22:06:36.894-0300] {processor.py:154} INFO - Started process (PID=11185) to work on /home/debian/etlhausz/venv/lib/python3.9/site-packages/airflow/example_dags/tutorial_taskflow_api.py
[2022-11-06T22:06:36.895-0300] {processor.py:756} INFO - Processing file /home/debian/etlhausz/venv/lib/python3.9/site-packages/airflow/example_dags/tutorial_taskflow_api.py for tasks to queue
[2022-11-06T22:06:36.895-0300] {logging_mixin.py:120} INFO - [2022-11-06T22:06:36.895-0300] {dagbag.py:537} INFO - Filling up the DagBag from /home/debian/etlhausz/venv/lib/python3.9/site-packages/airflow/example_dags/tutorial_taskflow_api.py
[2022-11-06T22:06:36.912-0300] {processor.py:766} INFO - DAG(s) dict_keys(['tutorial_taskflow_api']) retrieved from /home/debian/etlhausz/venv/lib/python3.9/site-packages/airflow/example_dags/tutorial_taskflow_api.py
[2022-11-06T22:06:36.956-0300] {logging_mixin.py:120} INFO - [2022-11-06T22:06:36.956-0300] {dag.py:2585} INFO - Sync 1 DAGs
[2022-11-06T22:06:36.976-0300] {logging_mixin.py:120} INFO - [2022-11-06T22:06:36.976-0300] {dag.py:3336} INFO - Setting next_dagrun for tutorial_taskflow_api to None, run_after=None
[2022-11-06T22:06:36.997-0300] {processor.py:176} INFO - Processing /home/debian/etlhausz/venv/lib/python3.9/site-packages/airflow/example_dags/tutorial_taskflow_api.py took 0.106 seconds
[2022-11-06T22:07:07.380-0300] {processor.py:154} INFO - Started process (PID=11734) to work on /home/debian/etlhausz/venv/lib/python3.9/site-packages/airflow/example_dags/tutorial_taskflow_api.py
[2022-11-06T22:07:07.387-0300] {processor.py:756} INFO - Processing file /home/debian/etlhausz/venv/lib/python3.9/site-packages/airflow/example_dags/tutorial_taskflow_api.py for tasks to queue
[2022-11-06T22:07:07.389-0300] {logging_mixin.py:120} INFO - [2022-11-06T22:07:07.388-0300] {dagbag.py:537} INFO - Filling up the DagBag from /home/debian/etlhausz/venv/lib/python3.9/site-packages/airflow/example_dags/tutorial_taskflow_api.py
[2022-11-06T22:07:07.406-0300] {processor.py:766} INFO - DAG(s) dict_keys(['tutorial_taskflow_api']) retrieved from /home/debian/etlhausz/venv/lib/python3.9/site-packages/airflow/example_dags/tutorial_taskflow_api.py
[2022-11-06T22:07:07.463-0300] {logging_mixin.py:120} INFO - [2022-11-06T22:07:07.463-0300] {dag.py:2585} INFO - Sync 1 DAGs
[2022-11-06T22:07:07.494-0300] {logging_mixin.py:120} INFO - [2022-11-06T22:07:07.494-0300] {dag.py:3336} INFO - Setting next_dagrun for tutorial_taskflow_api to None, run_after=None
[2022-11-06T22:07:07.533-0300] {processor.py:176} INFO - Processing /home/debian/etlhausz/venv/lib/python3.9/site-packages/airflow/example_dags/tutorial_taskflow_api.py took 0.156 seconds
[2022-11-06T22:07:42.238-0300] {processor.py:154} INFO - Started process (PID=12430) to work on /home/debian/etlhausz/venv/lib/python3.9/site-packages/airflow/example_dags/tutorial_taskflow_api.py
[2022-11-06T22:07:42.241-0300] {processor.py:756} INFO - Processing file /home/debian/etlhausz/venv/lib/python3.9/site-packages/airflow/example_dags/tutorial_taskflow_api.py for tasks to queue
[2022-11-06T22:07:42.243-0300] {logging_mixin.py:120} INFO - [2022-11-06T22:07:42.242-0300] {dagbag.py:537} INFO - Filling up the DagBag from /home/debian/etlhausz/venv/lib/python3.9/site-packages/airflow/example_dags/tutorial_taskflow_api.py
[2022-11-06T22:07:42.264-0300] {processor.py:766} INFO - DAG(s) dict_keys(['tutorial_taskflow_api']) retrieved from /home/debian/etlhausz/venv/lib/python3.9/site-packages/airflow/example_dags/tutorial_taskflow_api.py
[2022-11-06T22:07:42.337-0300] {logging_mixin.py:120} INFO - [2022-11-06T22:07:42.337-0300] {dag.py:2585} INFO - Sync 1 DAGs
[2022-11-06T22:07:42.366-0300] {logging_mixin.py:120} INFO - [2022-11-06T22:07:42.366-0300] {dag.py:3336} INFO - Setting next_dagrun for tutorial_taskflow_api to None, run_after=None
[2022-11-06T22:07:42.422-0300] {processor.py:176} INFO - Processing /home/debian/etlhausz/venv/lib/python3.9/site-packages/airflow/example_dags/tutorial_taskflow_api.py took 0.188 seconds
[2022-11-06T22:08:12.579-0300] {processor.py:154} INFO - Started process (PID=13188) to work on /home/debian/etlhausz/venv/lib/python3.9/site-packages/airflow/example_dags/tutorial_taskflow_api.py
[2022-11-06T22:08:12.580-0300] {processor.py:756} INFO - Processing file /home/debian/etlhausz/venv/lib/python3.9/site-packages/airflow/example_dags/tutorial_taskflow_api.py for tasks to queue
[2022-11-06T22:08:12.580-0300] {logging_mixin.py:120} INFO - [2022-11-06T22:08:12.580-0300] {dagbag.py:537} INFO - Filling up the DagBag from /home/debian/etlhausz/venv/lib/python3.9/site-packages/airflow/example_dags/tutorial_taskflow_api.py
[2022-11-06T22:08:12.600-0300] {processor.py:766} INFO - DAG(s) dict_keys(['tutorial_taskflow_api']) retrieved from /home/debian/etlhausz/venv/lib/python3.9/site-packages/airflow/example_dags/tutorial_taskflow_api.py
[2022-11-06T22:08:12.644-0300] {logging_mixin.py:120} INFO - [2022-11-06T22:08:12.644-0300] {dag.py:2585} INFO - Sync 1 DAGs
[2022-11-06T22:08:12.671-0300] {logging_mixin.py:120} INFO - [2022-11-06T22:08:12.671-0300] {dag.py:3336} INFO - Setting next_dagrun for tutorial_taskflow_api to None, run_after=None
[2022-11-06T22:08:12.692-0300] {processor.py:176} INFO - Processing /home/debian/etlhausz/venv/lib/python3.9/site-packages/airflow/example_dags/tutorial_taskflow_api.py took 0.115 seconds
[2022-11-06T22:08:43.135-0300] {processor.py:154} INFO - Started process (PID=13866) to work on /home/debian/etlhausz/venv/lib/python3.9/site-packages/airflow/example_dags/tutorial_taskflow_api.py
[2022-11-06T22:08:43.136-0300] {processor.py:756} INFO - Processing file /home/debian/etlhausz/venv/lib/python3.9/site-packages/airflow/example_dags/tutorial_taskflow_api.py for tasks to queue
[2022-11-06T22:08:43.137-0300] {logging_mixin.py:120} INFO - [2022-11-06T22:08:43.137-0300] {dagbag.py:537} INFO - Filling up the DagBag from /home/debian/etlhausz/venv/lib/python3.9/site-packages/airflow/example_dags/tutorial_taskflow_api.py
[2022-11-06T22:08:43.162-0300] {processor.py:766} INFO - DAG(s) dict_keys(['tutorial_taskflow_api']) retrieved from /home/debian/etlhausz/venv/lib/python3.9/site-packages/airflow/example_dags/tutorial_taskflow_api.py
[2022-11-06T22:08:43.212-0300] {logging_mixin.py:120} INFO - [2022-11-06T22:08:43.212-0300] {dag.py:2585} INFO - Sync 1 DAGs
[2022-11-06T22:08:43.236-0300] {logging_mixin.py:120} INFO - [2022-11-06T22:08:43.236-0300] {dag.py:3336} INFO - Setting next_dagrun for tutorial_taskflow_api to None, run_after=None
[2022-11-06T22:08:43.258-0300] {processor.py:176} INFO - Processing /home/debian/etlhausz/venv/lib/python3.9/site-packages/airflow/example_dags/tutorial_taskflow_api.py took 0.126 seconds
[2022-11-06T22:09:15.619-0300] {processor.py:154} INFO - Started process (PID=14543) to work on /home/debian/etlhausz/venv/lib/python3.9/site-packages/airflow/example_dags/tutorial_taskflow_api.py
[2022-11-06T22:09:15.620-0300] {processor.py:756} INFO - Processing file /home/debian/etlhausz/venv/lib/python3.9/site-packages/airflow/example_dags/tutorial_taskflow_api.py for tasks to queue
[2022-11-06T22:09:15.620-0300] {logging_mixin.py:120} INFO - [2022-11-06T22:09:15.620-0300] {dagbag.py:537} INFO - Filling up the DagBag from /home/debian/etlhausz/venv/lib/python3.9/site-packages/airflow/example_dags/tutorial_taskflow_api.py
[2022-11-06T22:09:15.638-0300] {processor.py:766} INFO - DAG(s) dict_keys(['tutorial_taskflow_api']) retrieved from /home/debian/etlhausz/venv/lib/python3.9/site-packages/airflow/example_dags/tutorial_taskflow_api.py
[2022-11-06T22:09:15.683-0300] {logging_mixin.py:120} INFO - [2022-11-06T22:09:15.683-0300] {dag.py:2585} INFO - Sync 1 DAGs
[2022-11-06T22:09:15.707-0300] {logging_mixin.py:120} INFO - [2022-11-06T22:09:15.707-0300] {dag.py:3336} INFO - Setting next_dagrun for tutorial_taskflow_api to None, run_after=None
[2022-11-06T22:09:15.738-0300] {processor.py:176} INFO - Processing /home/debian/etlhausz/venv/lib/python3.9/site-packages/airflow/example_dags/tutorial_taskflow_api.py took 0.122 seconds
[2022-11-06T22:09:47.506-0300] {processor.py:154} INFO - Started process (PID=15133) to work on /home/debian/etlhausz/venv/lib/python3.9/site-packages/airflow/example_dags/tutorial_taskflow_api.py
[2022-11-06T22:09:47.507-0300] {processor.py:756} INFO - Processing file /home/debian/etlhausz/venv/lib/python3.9/site-packages/airflow/example_dags/tutorial_taskflow_api.py for tasks to queue
[2022-11-06T22:09:47.508-0300] {logging_mixin.py:120} INFO - [2022-11-06T22:09:47.508-0300] {dagbag.py:537} INFO - Filling up the DagBag from /home/debian/etlhausz/venv/lib/python3.9/site-packages/airflow/example_dags/tutorial_taskflow_api.py
[2022-11-06T22:09:47.527-0300] {processor.py:766} INFO - DAG(s) dict_keys(['tutorial_taskflow_api']) retrieved from /home/debian/etlhausz/venv/lib/python3.9/site-packages/airflow/example_dags/tutorial_taskflow_api.py
[2022-11-06T22:09:47.574-0300] {logging_mixin.py:120} INFO - [2022-11-06T22:09:47.574-0300] {dag.py:2585} INFO - Sync 1 DAGs
[2022-11-06T22:09:47.600-0300] {logging_mixin.py:120} INFO - [2022-11-06T22:09:47.600-0300] {dag.py:3336} INFO - Setting next_dagrun for tutorial_taskflow_api to None, run_after=None
[2022-11-06T22:09:47.622-0300] {processor.py:176} INFO - Processing /home/debian/etlhausz/venv/lib/python3.9/site-packages/airflow/example_dags/tutorial_taskflow_api.py took 0.119 seconds
[2022-11-06T22:10:21.020-0300] {processor.py:154} INFO - Started process (PID=15739) to work on /home/debian/etlhausz/venv/lib/python3.9/site-packages/airflow/example_dags/tutorial_taskflow_api.py
[2022-11-06T22:10:21.021-0300] {processor.py:756} INFO - Processing file /home/debian/etlhausz/venv/lib/python3.9/site-packages/airflow/example_dags/tutorial_taskflow_api.py for tasks to queue
[2022-11-06T22:10:21.022-0300] {logging_mixin.py:120} INFO - [2022-11-06T22:10:21.021-0300] {dagbag.py:537} INFO - Filling up the DagBag from /home/debian/etlhausz/venv/lib/python3.9/site-packages/airflow/example_dags/tutorial_taskflow_api.py
[2022-11-06T22:10:21.039-0300] {processor.py:766} INFO - DAG(s) dict_keys(['tutorial_taskflow_api']) retrieved from /home/debian/etlhausz/venv/lib/python3.9/site-packages/airflow/example_dags/tutorial_taskflow_api.py
[2022-11-06T22:10:21.089-0300] {logging_mixin.py:120} INFO - [2022-11-06T22:10:21.089-0300] {dag.py:2585} INFO - Sync 1 DAGs
[2022-11-06T22:10:21.118-0300] {logging_mixin.py:120} INFO - [2022-11-06T22:10:21.118-0300] {dag.py:3336} INFO - Setting next_dagrun for tutorial_taskflow_api to None, run_after=None
[2022-11-06T22:10:21.148-0300] {processor.py:176} INFO - Processing /home/debian/etlhausz/venv/lib/python3.9/site-packages/airflow/example_dags/tutorial_taskflow_api.py took 0.131 seconds
[2022-11-06T22:10:52.752-0300] {processor.py:154} INFO - Started process (PID=16369) to work on /home/debian/etlhausz/venv/lib/python3.9/site-packages/airflow/example_dags/tutorial_taskflow_api.py
[2022-11-06T22:10:52.766-0300] {processor.py:756} INFO - Processing file /home/debian/etlhausz/venv/lib/python3.9/site-packages/airflow/example_dags/tutorial_taskflow_api.py for tasks to queue
[2022-11-06T22:10:52.769-0300] {logging_mixin.py:120} INFO - [2022-11-06T22:10:52.768-0300] {dagbag.py:537} INFO - Filling up the DagBag from /home/debian/etlhausz/venv/lib/python3.9/site-packages/airflow/example_dags/tutorial_taskflow_api.py
[2022-11-06T22:10:52.812-0300] {processor.py:766} INFO - DAG(s) dict_keys(['tutorial_taskflow_api']) retrieved from /home/debian/etlhausz/venv/lib/python3.9/site-packages/airflow/example_dags/tutorial_taskflow_api.py
[2022-11-06T22:10:52.904-0300] {logging_mixin.py:120} INFO - [2022-11-06T22:10:52.904-0300] {dag.py:2585} INFO - Sync 1 DAGs
[2022-11-06T22:10:52.972-0300] {logging_mixin.py:120} INFO - [2022-11-06T22:10:52.972-0300] {dag.py:3336} INFO - Setting next_dagrun for tutorial_taskflow_api to None, run_after=None
[2022-11-06T22:10:53.033-0300] {processor.py:176} INFO - Processing /home/debian/etlhausz/venv/lib/python3.9/site-packages/airflow/example_dags/tutorial_taskflow_api.py took 0.293 seconds
[2022-11-06T22:11:25.984-0300] {processor.py:154} INFO - Started process (PID=16954) to work on /home/debian/etlhausz/venv/lib/python3.9/site-packages/airflow/example_dags/tutorial_taskflow_api.py
[2022-11-06T22:11:25.986-0300] {processor.py:756} INFO - Processing file /home/debian/etlhausz/venv/lib/python3.9/site-packages/airflow/example_dags/tutorial_taskflow_api.py for tasks to queue
[2022-11-06T22:11:25.986-0300] {logging_mixin.py:120} INFO - [2022-11-06T22:11:25.986-0300] {dagbag.py:537} INFO - Filling up the DagBag from /home/debian/etlhausz/venv/lib/python3.9/site-packages/airflow/example_dags/tutorial_taskflow_api.py
[2022-11-06T22:11:26.014-0300] {processor.py:766} INFO - DAG(s) dict_keys(['tutorial_taskflow_api']) retrieved from /home/debian/etlhausz/venv/lib/python3.9/site-packages/airflow/example_dags/tutorial_taskflow_api.py
[2022-11-06T22:11:26.069-0300] {logging_mixin.py:120} INFO - [2022-11-06T22:11:26.068-0300] {dag.py:2585} INFO - Sync 1 DAGs
[2022-11-06T22:11:26.188-0300] {logging_mixin.py:120} INFO - [2022-11-06T22:11:26.188-0300] {dag.py:3336} INFO - Setting next_dagrun for tutorial_taskflow_api to None, run_after=None
[2022-11-06T22:11:26.231-0300] {processor.py:176} INFO - Processing /home/debian/etlhausz/venv/lib/python3.9/site-packages/airflow/example_dags/tutorial_taskflow_api.py took 0.250 seconds
[2022-11-06T22:12:03.516-0300] {processor.py:154} INFO - Started process (PID=17533) to work on /home/debian/etlhausz/venv/lib/python3.9/site-packages/airflow/example_dags/tutorial_taskflow_api.py
[2022-11-06T22:12:03.517-0300] {processor.py:756} INFO - Processing file /home/debian/etlhausz/venv/lib/python3.9/site-packages/airflow/example_dags/tutorial_taskflow_api.py for tasks to queue
[2022-11-06T22:12:03.518-0300] {logging_mixin.py:120} INFO - [2022-11-06T22:12:03.518-0300] {dagbag.py:537} INFO - Filling up the DagBag from /home/debian/etlhausz/venv/lib/python3.9/site-packages/airflow/example_dags/tutorial_taskflow_api.py
[2022-11-06T22:12:03.544-0300] {processor.py:766} INFO - DAG(s) dict_keys(['tutorial_taskflow_api']) retrieved from /home/debian/etlhausz/venv/lib/python3.9/site-packages/airflow/example_dags/tutorial_taskflow_api.py
[2022-11-06T22:12:03.723-0300] {logging_mixin.py:120} INFO - [2022-11-06T22:12:03.723-0300] {dag.py:2585} INFO - Sync 1 DAGs
[2022-11-06T22:12:03.744-0300] {logging_mixin.py:120} INFO - [2022-11-06T22:12:03.744-0300] {dag.py:3336} INFO - Setting next_dagrun for tutorial_taskflow_api to None, run_after=None
[2022-11-06T22:12:03.799-0300] {processor.py:176} INFO - Processing /home/debian/etlhausz/venv/lib/python3.9/site-packages/airflow/example_dags/tutorial_taskflow_api.py took 0.287 seconds
[2022-11-06T22:12:34.121-0300] {processor.py:154} INFO - Started process (PID=18159) to work on /home/debian/etlhausz/venv/lib/python3.9/site-packages/airflow/example_dags/tutorial_taskflow_api.py
[2022-11-06T22:12:34.122-0300] {processor.py:756} INFO - Processing file /home/debian/etlhausz/venv/lib/python3.9/site-packages/airflow/example_dags/tutorial_taskflow_api.py for tasks to queue
[2022-11-06T22:12:34.123-0300] {logging_mixin.py:120} INFO - [2022-11-06T22:12:34.123-0300] {dagbag.py:537} INFO - Filling up the DagBag from /home/debian/etlhausz/venv/lib/python3.9/site-packages/airflow/example_dags/tutorial_taskflow_api.py
[2022-11-06T22:12:34.142-0300] {processor.py:766} INFO - DAG(s) dict_keys(['tutorial_taskflow_api']) retrieved from /home/debian/etlhausz/venv/lib/python3.9/site-packages/airflow/example_dags/tutorial_taskflow_api.py
[2022-11-06T22:12:34.273-0300] {logging_mixin.py:120} INFO - [2022-11-06T22:12:34.272-0300] {dag.py:2585} INFO - Sync 1 DAGs
[2022-11-06T22:12:34.289-0300] {logging_mixin.py:120} INFO - [2022-11-06T22:12:34.289-0300] {dag.py:3336} INFO - Setting next_dagrun for tutorial_taskflow_api to None, run_after=None
[2022-11-06T22:12:34.313-0300] {processor.py:176} INFO - Processing /home/debian/etlhausz/venv/lib/python3.9/site-packages/airflow/example_dags/tutorial_taskflow_api.py took 0.195 seconds
[2022-11-06T22:13:05.275-0300] {processor.py:154} INFO - Started process (PID=18781) to work on /home/debian/etlhausz/venv/lib/python3.9/site-packages/airflow/example_dags/tutorial_taskflow_api.py
[2022-11-06T22:13:05.276-0300] {processor.py:756} INFO - Processing file /home/debian/etlhausz/venv/lib/python3.9/site-packages/airflow/example_dags/tutorial_taskflow_api.py for tasks to queue
[2022-11-06T22:13:05.277-0300] {logging_mixin.py:120} INFO - [2022-11-06T22:13:05.277-0300] {dagbag.py:537} INFO - Filling up the DagBag from /home/debian/etlhausz/venv/lib/python3.9/site-packages/airflow/example_dags/tutorial_taskflow_api.py
[2022-11-06T22:13:05.387-0300] {processor.py:766} INFO - DAG(s) dict_keys(['tutorial_taskflow_api']) retrieved from /home/debian/etlhausz/venv/lib/python3.9/site-packages/airflow/example_dags/tutorial_taskflow_api.py
[2022-11-06T22:13:05.431-0300] {logging_mixin.py:120} INFO - [2022-11-06T22:13:05.430-0300] {dag.py:2585} INFO - Sync 1 DAGs
[2022-11-06T22:13:05.445-0300] {logging_mixin.py:120} INFO - [2022-11-06T22:13:05.445-0300] {dag.py:3336} INFO - Setting next_dagrun for tutorial_taskflow_api to None, run_after=None
[2022-11-06T22:13:05.474-0300] {processor.py:176} INFO - Processing /home/debian/etlhausz/venv/lib/python3.9/site-packages/airflow/example_dags/tutorial_taskflow_api.py took 0.202 seconds
[2022-11-06T22:13:35.811-0300] {processor.py:154} INFO - Started process (PID=19368) to work on /home/debian/etlhausz/venv/lib/python3.9/site-packages/airflow/example_dags/tutorial_taskflow_api.py
[2022-11-06T22:13:35.813-0300] {processor.py:756} INFO - Processing file /home/debian/etlhausz/venv/lib/python3.9/site-packages/airflow/example_dags/tutorial_taskflow_api.py for tasks to queue
[2022-11-06T22:13:35.814-0300] {logging_mixin.py:120} INFO - [2022-11-06T22:13:35.814-0300] {dagbag.py:537} INFO - Filling up the DagBag from /home/debian/etlhausz/venv/lib/python3.9/site-packages/airflow/example_dags/tutorial_taskflow_api.py
[2022-11-06T22:13:35.834-0300] {processor.py:766} INFO - DAG(s) dict_keys(['tutorial_taskflow_api']) retrieved from /home/debian/etlhausz/venv/lib/python3.9/site-packages/airflow/example_dags/tutorial_taskflow_api.py
[2022-11-06T22:13:35.875-0300] {logging_mixin.py:120} INFO - [2022-11-06T22:13:35.875-0300] {dag.py:2585} INFO - Sync 1 DAGs
[2022-11-06T22:13:35.994-0300] {logging_mixin.py:120} INFO - [2022-11-06T22:13:35.993-0300] {dag.py:3336} INFO - Setting next_dagrun for tutorial_taskflow_api to None, run_after=None
[2022-11-06T22:13:36.016-0300] {processor.py:176} INFO - Processing /home/debian/etlhausz/venv/lib/python3.9/site-packages/airflow/example_dags/tutorial_taskflow_api.py took 0.207 seconds
[2022-11-06T22:14:08.470-0300] {processor.py:154} INFO - Started process (PID=19959) to work on /home/debian/etlhausz/venv/lib/python3.9/site-packages/airflow/example_dags/tutorial_taskflow_api.py
[2022-11-06T22:14:08.472-0300] {processor.py:756} INFO - Processing file /home/debian/etlhausz/venv/lib/python3.9/site-packages/airflow/example_dags/tutorial_taskflow_api.py for tasks to queue
[2022-11-06T22:14:08.473-0300] {logging_mixin.py:120} INFO - [2022-11-06T22:14:08.473-0300] {dagbag.py:537} INFO - Filling up the DagBag from /home/debian/etlhausz/venv/lib/python3.9/site-packages/airflow/example_dags/tutorial_taskflow_api.py
[2022-11-06T22:14:08.493-0300] {processor.py:766} INFO - DAG(s) dict_keys(['tutorial_taskflow_api']) retrieved from /home/debian/etlhausz/venv/lib/python3.9/site-packages/airflow/example_dags/tutorial_taskflow_api.py
[2022-11-06T22:14:08.734-0300] {logging_mixin.py:120} INFO - [2022-11-06T22:14:08.733-0300] {dag.py:2585} INFO - Sync 1 DAGs
[2022-11-06T22:14:08.762-0300] {logging_mixin.py:120} INFO - [2022-11-06T22:14:08.762-0300] {dag.py:3336} INFO - Setting next_dagrun for tutorial_taskflow_api to None, run_after=None
[2022-11-06T22:14:08.784-0300] {processor.py:176} INFO - Processing /home/debian/etlhausz/venv/lib/python3.9/site-packages/airflow/example_dags/tutorial_taskflow_api.py took 0.318 seconds
[2022-11-06T22:14:41.382-0300] {processor.py:154} INFO - Started process (PID=20585) to work on /home/debian/etlhausz/venv/lib/python3.9/site-packages/airflow/example_dags/tutorial_taskflow_api.py
[2022-11-06T22:14:41.387-0300] {processor.py:756} INFO - Processing file /home/debian/etlhausz/venv/lib/python3.9/site-packages/airflow/example_dags/tutorial_taskflow_api.py for tasks to queue
[2022-11-06T22:14:41.390-0300] {logging_mixin.py:120} INFO - [2022-11-06T22:14:41.389-0300] {dagbag.py:537} INFO - Filling up the DagBag from /home/debian/etlhausz/venv/lib/python3.9/site-packages/airflow/example_dags/tutorial_taskflow_api.py
[2022-11-06T22:14:41.407-0300] {processor.py:766} INFO - DAG(s) dict_keys(['tutorial_taskflow_api']) retrieved from /home/debian/etlhausz/venv/lib/python3.9/site-packages/airflow/example_dags/tutorial_taskflow_api.py
[2022-11-06T22:14:41.548-0300] {logging_mixin.py:120} INFO - [2022-11-06T22:14:41.548-0300] {dag.py:2585} INFO - Sync 1 DAGs
[2022-11-06T22:14:41.566-0300] {logging_mixin.py:120} INFO - [2022-11-06T22:14:41.565-0300] {dag.py:3336} INFO - Setting next_dagrun for tutorial_taskflow_api to None, run_after=None
[2022-11-06T22:14:41.586-0300] {processor.py:176} INFO - Processing /home/debian/etlhausz/venv/lib/python3.9/site-packages/airflow/example_dags/tutorial_taskflow_api.py took 0.211 seconds
[2022-11-06T22:15:12.044-0300] {processor.py:154} INFO - Started process (PID=21172) to work on /home/debian/etlhausz/venv/lib/python3.9/site-packages/airflow/example_dags/tutorial_taskflow_api.py
[2022-11-06T22:15:12.046-0300] {processor.py:756} INFO - Processing file /home/debian/etlhausz/venv/lib/python3.9/site-packages/airflow/example_dags/tutorial_taskflow_api.py for tasks to queue
[2022-11-06T22:15:12.047-0300] {logging_mixin.py:120} INFO - [2022-11-06T22:15:12.047-0300] {dagbag.py:537} INFO - Filling up the DagBag from /home/debian/etlhausz/venv/lib/python3.9/site-packages/airflow/example_dags/tutorial_taskflow_api.py
[2022-11-06T22:15:12.184-0300] {processor.py:766} INFO - DAG(s) dict_keys(['tutorial_taskflow_api']) retrieved from /home/debian/etlhausz/venv/lib/python3.9/site-packages/airflow/example_dags/tutorial_taskflow_api.py
[2022-11-06T22:15:12.224-0300] {logging_mixin.py:120} INFO - [2022-11-06T22:15:12.224-0300] {dag.py:2585} INFO - Sync 1 DAGs
[2022-11-06T22:15:12.244-0300] {logging_mixin.py:120} INFO - [2022-11-06T22:15:12.244-0300] {dag.py:3336} INFO - Setting next_dagrun for tutorial_taskflow_api to None, run_after=None
[2022-11-06T22:15:12.273-0300] {processor.py:176} INFO - Processing /home/debian/etlhausz/venv/lib/python3.9/site-packages/airflow/example_dags/tutorial_taskflow_api.py took 0.233 seconds
[2022-11-06T22:15:45.305-0300] {processor.py:154} INFO - Started process (PID=21842) to work on /home/debian/etlhausz/venv/lib/python3.9/site-packages/airflow/example_dags/tutorial_taskflow_api.py
[2022-11-06T22:15:45.306-0300] {processor.py:756} INFO - Processing file /home/debian/etlhausz/venv/lib/python3.9/site-packages/airflow/example_dags/tutorial_taskflow_api.py for tasks to queue
[2022-11-06T22:15:45.307-0300] {logging_mixin.py:120} INFO - [2022-11-06T22:15:45.307-0300] {dagbag.py:537} INFO - Filling up the DagBag from /home/debian/etlhausz/venv/lib/python3.9/site-packages/airflow/example_dags/tutorial_taskflow_api.py
[2022-11-06T22:15:45.326-0300] {processor.py:766} INFO - DAG(s) dict_keys(['tutorial_taskflow_api']) retrieved from /home/debian/etlhausz/venv/lib/python3.9/site-packages/airflow/example_dags/tutorial_taskflow_api.py
[2022-11-06T22:15:45.380-0300] {logging_mixin.py:120} INFO - [2022-11-06T22:15:45.380-0300] {dag.py:2585} INFO - Sync 1 DAGs
[2022-11-06T22:15:45.493-0300] {logging_mixin.py:120} INFO - [2022-11-06T22:15:45.493-0300] {dag.py:3336} INFO - Setting next_dagrun for tutorial_taskflow_api to None, run_after=None
[2022-11-06T22:15:45.524-0300] {processor.py:176} INFO - Processing /home/debian/etlhausz/venv/lib/python3.9/site-packages/airflow/example_dags/tutorial_taskflow_api.py took 0.223 seconds
[2022-11-06T22:16:17.279-0300] {processor.py:154} INFO - Started process (PID=22463) to work on /home/debian/etlhausz/venv/lib/python3.9/site-packages/airflow/example_dags/tutorial_taskflow_api.py
[2022-11-06T22:16:17.280-0300] {processor.py:756} INFO - Processing file /home/debian/etlhausz/venv/lib/python3.9/site-packages/airflow/example_dags/tutorial_taskflow_api.py for tasks to queue
[2022-11-06T22:16:17.281-0300] {logging_mixin.py:120} INFO - [2022-11-06T22:16:17.280-0300] {dagbag.py:537} INFO - Filling up the DagBag from /home/debian/etlhausz/venv/lib/python3.9/site-packages/airflow/example_dags/tutorial_taskflow_api.py
[2022-11-06T22:16:17.316-0300] {processor.py:766} INFO - DAG(s) dict_keys(['tutorial_taskflow_api']) retrieved from /home/debian/etlhausz/venv/lib/python3.9/site-packages/airflow/example_dags/tutorial_taskflow_api.py
[2022-11-06T22:16:17.554-0300] {logging_mixin.py:120} INFO - [2022-11-06T22:16:17.554-0300] {dag.py:2585} INFO - Sync 1 DAGs
[2022-11-06T22:16:17.578-0300] {logging_mixin.py:120} INFO - [2022-11-06T22:16:17.578-0300] {dag.py:3336} INFO - Setting next_dagrun for tutorial_taskflow_api to None, run_after=None
[2022-11-06T22:16:17.611-0300] {processor.py:176} INFO - Processing /home/debian/etlhausz/venv/lib/python3.9/site-packages/airflow/example_dags/tutorial_taskflow_api.py took 0.334 seconds
[2022-11-06T22:16:50.816-0300] {processor.py:154} INFO - Started process (PID=23087) to work on /home/debian/etlhausz/venv/lib/python3.9/site-packages/airflow/example_dags/tutorial_taskflow_api.py
[2022-11-06T22:16:50.835-0300] {processor.py:756} INFO - Processing file /home/debian/etlhausz/venv/lib/python3.9/site-packages/airflow/example_dags/tutorial_taskflow_api.py for tasks to queue
[2022-11-06T22:16:50.847-0300] {logging_mixin.py:120} INFO - [2022-11-06T22:16:50.847-0300] {dagbag.py:537} INFO - Filling up the DagBag from /home/debian/etlhausz/venv/lib/python3.9/site-packages/airflow/example_dags/tutorial_taskflow_api.py
[2022-11-06T22:16:50.877-0300] {processor.py:766} INFO - DAG(s) dict_keys(['tutorial_taskflow_api']) retrieved from /home/debian/etlhausz/venv/lib/python3.9/site-packages/airflow/example_dags/tutorial_taskflow_api.py
[2022-11-06T22:16:51.105-0300] {logging_mixin.py:120} INFO - [2022-11-06T22:16:51.104-0300] {dag.py:2585} INFO - Sync 1 DAGs
[2022-11-06T22:16:51.128-0300] {logging_mixin.py:120} INFO - [2022-11-06T22:16:51.128-0300] {dag.py:3336} INFO - Setting next_dagrun for tutorial_taskflow_api to None, run_after=None
[2022-11-06T22:16:51.207-0300] {processor.py:176} INFO - Processing /home/debian/etlhausz/venv/lib/python3.9/site-packages/airflow/example_dags/tutorial_taskflow_api.py took 0.409 seconds
[2022-11-06T22:17:22.571-0300] {processor.py:154} INFO - Started process (PID=23707) to work on /home/debian/etlhausz/venv/lib/python3.9/site-packages/airflow/example_dags/tutorial_taskflow_api.py
[2022-11-06T22:17:22.572-0300] {processor.py:756} INFO - Processing file /home/debian/etlhausz/venv/lib/python3.9/site-packages/airflow/example_dags/tutorial_taskflow_api.py for tasks to queue
[2022-11-06T22:17:22.573-0300] {logging_mixin.py:120} INFO - [2022-11-06T22:17:22.573-0300] {dagbag.py:537} INFO - Filling up the DagBag from /home/debian/etlhausz/venv/lib/python3.9/site-packages/airflow/example_dags/tutorial_taskflow_api.py
[2022-11-06T22:17:22.590-0300] {processor.py:766} INFO - DAG(s) dict_keys(['tutorial_taskflow_api']) retrieved from /home/debian/etlhausz/venv/lib/python3.9/site-packages/airflow/example_dags/tutorial_taskflow_api.py
[2022-11-06T22:17:22.652-0300] {logging_mixin.py:120} INFO - [2022-11-06T22:17:22.652-0300] {dag.py:2585} INFO - Sync 1 DAGs
[2022-11-06T22:17:22.801-0300] {logging_mixin.py:120} INFO - [2022-11-06T22:17:22.801-0300] {dag.py:3336} INFO - Setting next_dagrun for tutorial_taskflow_api to None, run_after=None
[2022-11-06T22:17:22.836-0300] {processor.py:176} INFO - Processing /home/debian/etlhausz/venv/lib/python3.9/site-packages/airflow/example_dags/tutorial_taskflow_api.py took 0.268 seconds
[2022-11-06T22:17:54.089-0300] {processor.py:154} INFO - Started process (PID=24353) to work on /home/debian/etlhausz/venv/lib/python3.9/site-packages/airflow/example_dags/tutorial_taskflow_api.py
[2022-11-06T22:17:54.091-0300] {processor.py:756} INFO - Processing file /home/debian/etlhausz/venv/lib/python3.9/site-packages/airflow/example_dags/tutorial_taskflow_api.py for tasks to queue
[2022-11-06T22:17:54.092-0300] {logging_mixin.py:120} INFO - [2022-11-06T22:17:54.091-0300] {dagbag.py:537} INFO - Filling up the DagBag from /home/debian/etlhausz/venv/lib/python3.9/site-packages/airflow/example_dags/tutorial_taskflow_api.py
[2022-11-06T22:17:54.125-0300] {processor.py:766} INFO - DAG(s) dict_keys(['tutorial_taskflow_api']) retrieved from /home/debian/etlhausz/venv/lib/python3.9/site-packages/airflow/example_dags/tutorial_taskflow_api.py
[2022-11-06T22:17:54.175-0300] {logging_mixin.py:120} INFO - [2022-11-06T22:17:54.175-0300] {dag.py:2585} INFO - Sync 1 DAGs
[2022-11-06T22:17:54.312-0300] {logging_mixin.py:120} INFO - [2022-11-06T22:17:54.312-0300] {dag.py:3336} INFO - Setting next_dagrun for tutorial_taskflow_api to None, run_after=None
[2022-11-06T22:17:54.326-0300] {processor.py:176} INFO - Processing /home/debian/etlhausz/venv/lib/python3.9/site-packages/airflow/example_dags/tutorial_taskflow_api.py took 0.246 seconds
[2022-11-06T22:18:24.749-0300] {processor.py:154} INFO - Started process (PID=24996) to work on /home/debian/etlhausz/venv/lib/python3.9/site-packages/airflow/example_dags/tutorial_taskflow_api.py
[2022-11-06T22:18:24.750-0300] {processor.py:756} INFO - Processing file /home/debian/etlhausz/venv/lib/python3.9/site-packages/airflow/example_dags/tutorial_taskflow_api.py for tasks to queue
[2022-11-06T22:18:24.751-0300] {logging_mixin.py:120} INFO - [2022-11-06T22:18:24.750-0300] {dagbag.py:537} INFO - Filling up the DagBag from /home/debian/etlhausz/venv/lib/python3.9/site-packages/airflow/example_dags/tutorial_taskflow_api.py
[2022-11-06T22:18:24.778-0300] {processor.py:766} INFO - DAG(s) dict_keys(['tutorial_taskflow_api']) retrieved from /home/debian/etlhausz/venv/lib/python3.9/site-packages/airflow/example_dags/tutorial_taskflow_api.py
[2022-11-06T22:18:24.919-0300] {logging_mixin.py:120} INFO - [2022-11-06T22:18:24.919-0300] {dag.py:2585} INFO - Sync 1 DAGs
[2022-11-06T22:18:24.941-0300] {logging_mixin.py:120} INFO - [2022-11-06T22:18:24.941-0300] {dag.py:3336} INFO - Setting next_dagrun for tutorial_taskflow_api to None, run_after=None
[2022-11-06T22:18:24.968-0300] {processor.py:176} INFO - Processing /home/debian/etlhausz/venv/lib/python3.9/site-packages/airflow/example_dags/tutorial_taskflow_api.py took 0.223 seconds
[2022-11-06T22:19:24.191-0300] {processor.py:154} INFO - Started process (PID=26388) to work on /home/debian/etlhausz/venv/lib/python3.9/site-packages/airflow/example_dags/tutorial_taskflow_api.py
[2022-11-06T22:19:24.195-0300] {processor.py:756} INFO - Processing file /home/debian/etlhausz/venv/lib/python3.9/site-packages/airflow/example_dags/tutorial_taskflow_api.py for tasks to queue
[2022-11-06T22:19:24.196-0300] {logging_mixin.py:120} INFO - [2022-11-06T22:19:24.196-0300] {dagbag.py:537} INFO - Filling up the DagBag from /home/debian/etlhausz/venv/lib/python3.9/site-packages/airflow/example_dags/tutorial_taskflow_api.py
[2022-11-06T22:19:24.240-0300] {processor.py:766} INFO - DAG(s) dict_keys(['tutorial_taskflow_api']) retrieved from /home/debian/etlhausz/venv/lib/python3.9/site-packages/airflow/example_dags/tutorial_taskflow_api.py
[2022-11-06T22:19:24.349-0300] {logging_mixin.py:120} INFO - [2022-11-06T22:19:24.348-0300] {dag.py:2585} INFO - Sync 1 DAGs
[2022-11-06T22:19:24.410-0300] {logging_mixin.py:120} INFO - [2022-11-06T22:19:24.410-0300] {dag.py:3336} INFO - Setting next_dagrun for tutorial_taskflow_api to None, run_after=None
[2022-11-06T22:19:24.526-0300] {processor.py:176} INFO - Processing /home/debian/etlhausz/venv/lib/python3.9/site-packages/airflow/example_dags/tutorial_taskflow_api.py took 0.341 seconds
[2022-11-06T22:19:55.219-0300] {processor.py:154} INFO - Started process (PID=26969) to work on /home/debian/etlhausz/venv/lib/python3.9/site-packages/airflow/example_dags/tutorial_taskflow_api.py
[2022-11-06T22:19:55.221-0300] {processor.py:756} INFO - Processing file /home/debian/etlhausz/venv/lib/python3.9/site-packages/airflow/example_dags/tutorial_taskflow_api.py for tasks to queue
[2022-11-06T22:19:55.222-0300] {logging_mixin.py:120} INFO - [2022-11-06T22:19:55.222-0300] {dagbag.py:537} INFO - Filling up the DagBag from /home/debian/etlhausz/venv/lib/python3.9/site-packages/airflow/example_dags/tutorial_taskflow_api.py
[2022-11-06T22:19:55.258-0300] {processor.py:766} INFO - DAG(s) dict_keys(['tutorial_taskflow_api']) retrieved from /home/debian/etlhausz/venv/lib/python3.9/site-packages/airflow/example_dags/tutorial_taskflow_api.py
[2022-11-06T22:19:55.318-0300] {logging_mixin.py:120} INFO - [2022-11-06T22:19:55.318-0300] {dag.py:2585} INFO - Sync 1 DAGs
[2022-11-06T22:19:55.340-0300] {logging_mixin.py:120} INFO - [2022-11-06T22:19:55.340-0300] {dag.py:3336} INFO - Setting next_dagrun for tutorial_taskflow_api to None, run_after=None
[2022-11-06T22:19:55.359-0300] {processor.py:176} INFO - Processing /home/debian/etlhausz/venv/lib/python3.9/site-packages/airflow/example_dags/tutorial_taskflow_api.py took 0.150 seconds
[2022-11-06T22:20:25.493-0300] {processor.py:154} INFO - Started process (PID=27768) to work on /home/debian/etlhausz/venv/lib/python3.9/site-packages/airflow/example_dags/tutorial_taskflow_api.py
[2022-11-06T22:20:25.494-0300] {processor.py:756} INFO - Processing file /home/debian/etlhausz/venv/lib/python3.9/site-packages/airflow/example_dags/tutorial_taskflow_api.py for tasks to queue
[2022-11-06T22:20:25.506-0300] {logging_mixin.py:120} INFO - [2022-11-06T22:20:25.497-0300] {dagbag.py:537} INFO - Filling up the DagBag from /home/debian/etlhausz/venv/lib/python3.9/site-packages/airflow/example_dags/tutorial_taskflow_api.py
[2022-11-06T22:20:25.559-0300] {processor.py:766} INFO - DAG(s) dict_keys(['tutorial_taskflow_api']) retrieved from /home/debian/etlhausz/venv/lib/python3.9/site-packages/airflow/example_dags/tutorial_taskflow_api.py
[2022-11-06T22:20:25.630-0300] {logging_mixin.py:120} INFO - [2022-11-06T22:20:25.630-0300] {dag.py:2585} INFO - Sync 1 DAGs
[2022-11-06T22:20:25.658-0300] {logging_mixin.py:120} INFO - [2022-11-06T22:20:25.657-0300] {dag.py:3336} INFO - Setting next_dagrun for tutorial_taskflow_api to None, run_after=None
[2022-11-06T22:20:25.689-0300] {processor.py:176} INFO - Processing /home/debian/etlhausz/venv/lib/python3.9/site-packages/airflow/example_dags/tutorial_taskflow_api.py took 0.199 seconds
[2022-11-06T22:20:57.084-0300] {processor.py:154} INFO - Started process (PID=28428) to work on /home/debian/etlhausz/venv/lib/python3.9/site-packages/airflow/example_dags/tutorial_taskflow_api.py
[2022-11-06T22:20:57.085-0300] {processor.py:756} INFO - Processing file /home/debian/etlhausz/venv/lib/python3.9/site-packages/airflow/example_dags/tutorial_taskflow_api.py for tasks to queue
[2022-11-06T22:20:57.086-0300] {logging_mixin.py:120} INFO - [2022-11-06T22:20:57.085-0300] {dagbag.py:537} INFO - Filling up the DagBag from /home/debian/etlhausz/venv/lib/python3.9/site-packages/airflow/example_dags/tutorial_taskflow_api.py
[2022-11-06T22:20:57.105-0300] {processor.py:766} INFO - DAG(s) dict_keys(['tutorial_taskflow_api']) retrieved from /home/debian/etlhausz/venv/lib/python3.9/site-packages/airflow/example_dags/tutorial_taskflow_api.py
[2022-11-06T22:20:57.221-0300] {logging_mixin.py:120} INFO - [2022-11-06T22:20:57.221-0300] {dag.py:2585} INFO - Sync 1 DAGs
[2022-11-06T22:20:57.300-0300] {logging_mixin.py:120} INFO - [2022-11-06T22:20:57.299-0300] {dag.py:3336} INFO - Setting next_dagrun for tutorial_taskflow_api to None, run_after=None
[2022-11-06T22:20:57.460-0300] {processor.py:176} INFO - Processing /home/debian/etlhausz/venv/lib/python3.9/site-packages/airflow/example_dags/tutorial_taskflow_api.py took 0.379 seconds
[2022-11-06T22:21:31.768-0300] {processor.py:154} INFO - Started process (PID=29053) to work on /home/debian/etlhausz/venv/lib/python3.9/site-packages/airflow/example_dags/tutorial_taskflow_api.py
[2022-11-06T22:21:31.769-0300] {processor.py:756} INFO - Processing file /home/debian/etlhausz/venv/lib/python3.9/site-packages/airflow/example_dags/tutorial_taskflow_api.py for tasks to queue
[2022-11-06T22:21:31.771-0300] {logging_mixin.py:120} INFO - [2022-11-06T22:21:31.770-0300] {dagbag.py:537} INFO - Filling up the DagBag from /home/debian/etlhausz/venv/lib/python3.9/site-packages/airflow/example_dags/tutorial_taskflow_api.py
[2022-11-06T22:21:31.791-0300] {processor.py:766} INFO - DAG(s) dict_keys(['tutorial_taskflow_api']) retrieved from /home/debian/etlhausz/venv/lib/python3.9/site-packages/airflow/example_dags/tutorial_taskflow_api.py
[2022-11-06T22:21:31.856-0300] {logging_mixin.py:120} INFO - [2022-11-06T22:21:31.855-0300] {dag.py:2585} INFO - Sync 1 DAGs
[2022-11-06T22:21:31.879-0300] {logging_mixin.py:120} INFO - [2022-11-06T22:21:31.878-0300] {dag.py:3336} INFO - Setting next_dagrun for tutorial_taskflow_api to None, run_after=None
[2022-11-06T22:21:31.905-0300] {processor.py:176} INFO - Processing /home/debian/etlhausz/venv/lib/python3.9/site-packages/airflow/example_dags/tutorial_taskflow_api.py took 0.141 seconds
[2022-11-06T22:22:04.237-0300] {processor.py:154} INFO - Started process (PID=29602) to work on /home/debian/etlhausz/venv/lib/python3.9/site-packages/airflow/example_dags/tutorial_taskflow_api.py
[2022-11-06T22:22:04.238-0300] {processor.py:756} INFO - Processing file /home/debian/etlhausz/venv/lib/python3.9/site-packages/airflow/example_dags/tutorial_taskflow_api.py for tasks to queue
[2022-11-06T22:22:04.245-0300] {logging_mixin.py:120} INFO - [2022-11-06T22:22:04.238-0300] {dagbag.py:537} INFO - Filling up the DagBag from /home/debian/etlhausz/venv/lib/python3.9/site-packages/airflow/example_dags/tutorial_taskflow_api.py
[2022-11-06T22:22:04.264-0300] {processor.py:766} INFO - DAG(s) dict_keys(['tutorial_taskflow_api']) retrieved from /home/debian/etlhausz/venv/lib/python3.9/site-packages/airflow/example_dags/tutorial_taskflow_api.py
[2022-11-06T22:22:04.307-0300] {logging_mixin.py:120} INFO - [2022-11-06T22:22:04.307-0300] {dag.py:2585} INFO - Sync 1 DAGs
[2022-11-06T22:22:04.328-0300] {logging_mixin.py:120} INFO - [2022-11-06T22:22:04.328-0300] {dag.py:3336} INFO - Setting next_dagrun for tutorial_taskflow_api to None, run_after=None
[2022-11-06T22:22:04.351-0300] {processor.py:176} INFO - Processing /home/debian/etlhausz/venv/lib/python3.9/site-packages/airflow/example_dags/tutorial_taskflow_api.py took 0.118 seconds
[2022-11-06T22:22:35.131-0300] {processor.py:154} INFO - Started process (PID=30276) to work on /home/debian/etlhausz/venv/lib/python3.9/site-packages/airflow/example_dags/tutorial_taskflow_api.py
[2022-11-06T22:22:35.142-0300] {processor.py:756} INFO - Processing file /home/debian/etlhausz/venv/lib/python3.9/site-packages/airflow/example_dags/tutorial_taskflow_api.py for tasks to queue
[2022-11-06T22:22:35.143-0300] {logging_mixin.py:120} INFO - [2022-11-06T22:22:35.143-0300] {dagbag.py:537} INFO - Filling up the DagBag from /home/debian/etlhausz/venv/lib/python3.9/site-packages/airflow/example_dags/tutorial_taskflow_api.py
[2022-11-06T22:22:35.164-0300] {processor.py:766} INFO - DAG(s) dict_keys(['tutorial_taskflow_api']) retrieved from /home/debian/etlhausz/venv/lib/python3.9/site-packages/airflow/example_dags/tutorial_taskflow_api.py
[2022-11-06T22:22:35.208-0300] {logging_mixin.py:120} INFO - [2022-11-06T22:22:35.208-0300] {dag.py:2585} INFO - Sync 1 DAGs
[2022-11-06T22:22:35.230-0300] {logging_mixin.py:120} INFO - [2022-11-06T22:22:35.230-0300] {dag.py:3336} INFO - Setting next_dagrun for tutorial_taskflow_api to None, run_after=None
[2022-11-06T22:22:35.251-0300] {processor.py:176} INFO - Processing /home/debian/etlhausz/venv/lib/python3.9/site-packages/airflow/example_dags/tutorial_taskflow_api.py took 0.137 seconds
[2022-11-06T22:23:12.402-0300] {processor.py:154} INFO - Started process (PID=31071) to work on /home/debian/etlhausz/venv/lib/python3.9/site-packages/airflow/example_dags/tutorial_taskflow_api.py
[2022-11-06T22:23:12.404-0300] {processor.py:756} INFO - Processing file /home/debian/etlhausz/venv/lib/python3.9/site-packages/airflow/example_dags/tutorial_taskflow_api.py for tasks to queue
[2022-11-06T22:23:12.404-0300] {logging_mixin.py:120} INFO - [2022-11-06T22:23:12.404-0300] {dagbag.py:537} INFO - Filling up the DagBag from /home/debian/etlhausz/venv/lib/python3.9/site-packages/airflow/example_dags/tutorial_taskflow_api.py
[2022-11-06T22:23:12.427-0300] {processor.py:766} INFO - DAG(s) dict_keys(['tutorial_taskflow_api']) retrieved from /home/debian/etlhausz/venv/lib/python3.9/site-packages/airflow/example_dags/tutorial_taskflow_api.py
[2022-11-06T22:23:12.472-0300] {logging_mixin.py:120} INFO - [2022-11-06T22:23:12.471-0300] {dag.py:2585} INFO - Sync 1 DAGs
[2022-11-06T22:23:12.500-0300] {logging_mixin.py:120} INFO - [2022-11-06T22:23:12.500-0300] {dag.py:3336} INFO - Setting next_dagrun for tutorial_taskflow_api to None, run_after=None
[2022-11-06T22:23:12.518-0300] {processor.py:176} INFO - Processing /home/debian/etlhausz/venv/lib/python3.9/site-packages/airflow/example_dags/tutorial_taskflow_api.py took 0.119 seconds
[2022-11-06T22:23:43.141-0300] {processor.py:154} INFO - Started process (PID=31613) to work on /home/debian/etlhausz/venv/lib/python3.9/site-packages/airflow/example_dags/tutorial_taskflow_api.py
[2022-11-06T22:23:43.142-0300] {processor.py:756} INFO - Processing file /home/debian/etlhausz/venv/lib/python3.9/site-packages/airflow/example_dags/tutorial_taskflow_api.py for tasks to queue
[2022-11-06T22:23:43.142-0300] {logging_mixin.py:120} INFO - [2022-11-06T22:23:43.142-0300] {dagbag.py:537} INFO - Filling up the DagBag from /home/debian/etlhausz/venv/lib/python3.9/site-packages/airflow/example_dags/tutorial_taskflow_api.py
[2022-11-06T22:23:43.161-0300] {processor.py:766} INFO - DAG(s) dict_keys(['tutorial_taskflow_api']) retrieved from /home/debian/etlhausz/venv/lib/python3.9/site-packages/airflow/example_dags/tutorial_taskflow_api.py
[2022-11-06T22:23:43.206-0300] {logging_mixin.py:120} INFO - [2022-11-06T22:23:43.206-0300] {dag.py:2585} INFO - Sync 1 DAGs
[2022-11-06T22:23:43.231-0300] {logging_mixin.py:120} INFO - [2022-11-06T22:23:43.231-0300] {dag.py:3336} INFO - Setting next_dagrun for tutorial_taskflow_api to None, run_after=None
[2022-11-06T22:23:43.252-0300] {processor.py:176} INFO - Processing /home/debian/etlhausz/venv/lib/python3.9/site-packages/airflow/example_dags/tutorial_taskflow_api.py took 0.114 seconds
[2022-11-06T22:24:16.334-0300] {processor.py:154} INFO - Started process (PID=32273) to work on /home/debian/etlhausz/venv/lib/python3.9/site-packages/airflow/example_dags/tutorial_taskflow_api.py
[2022-11-06T22:24:16.337-0300] {processor.py:756} INFO - Processing file /home/debian/etlhausz/venv/lib/python3.9/site-packages/airflow/example_dags/tutorial_taskflow_api.py for tasks to queue
[2022-11-06T22:24:16.337-0300] {logging_mixin.py:120} INFO - [2022-11-06T22:24:16.337-0300] {dagbag.py:537} INFO - Filling up the DagBag from /home/debian/etlhausz/venv/lib/python3.9/site-packages/airflow/example_dags/tutorial_taskflow_api.py
[2022-11-06T22:24:16.405-0300] {processor.py:766} INFO - DAG(s) dict_keys(['tutorial_taskflow_api']) retrieved from /home/debian/etlhausz/venv/lib/python3.9/site-packages/airflow/example_dags/tutorial_taskflow_api.py
[2022-11-06T22:24:16.500-0300] {logging_mixin.py:120} INFO - [2022-11-06T22:24:16.500-0300] {dag.py:2585} INFO - Sync 1 DAGs
[2022-11-06T22:24:16.531-0300] {logging_mixin.py:120} INFO - [2022-11-06T22:24:16.531-0300] {dag.py:3336} INFO - Setting next_dagrun for tutorial_taskflow_api to None, run_after=None
[2022-11-06T22:24:16.565-0300] {processor.py:176} INFO - Processing /home/debian/etlhausz/venv/lib/python3.9/site-packages/airflow/example_dags/tutorial_taskflow_api.py took 0.236 seconds
[2022-11-06T22:24:46.780-0300] {processor.py:154} INFO - Started process (PID=32879) to work on /home/debian/etlhausz/venv/lib/python3.9/site-packages/airflow/example_dags/tutorial_taskflow_api.py
[2022-11-06T22:24:46.783-0300] {processor.py:756} INFO - Processing file /home/debian/etlhausz/venv/lib/python3.9/site-packages/airflow/example_dags/tutorial_taskflow_api.py for tasks to queue
[2022-11-06T22:24:46.785-0300] {logging_mixin.py:120} INFO - [2022-11-06T22:24:46.784-0300] {dagbag.py:537} INFO - Filling up the DagBag from /home/debian/etlhausz/venv/lib/python3.9/site-packages/airflow/example_dags/tutorial_taskflow_api.py
[2022-11-06T22:24:46.814-0300] {processor.py:766} INFO - DAG(s) dict_keys(['tutorial_taskflow_api']) retrieved from /home/debian/etlhausz/venv/lib/python3.9/site-packages/airflow/example_dags/tutorial_taskflow_api.py
[2022-11-06T22:24:47.014-0300] {logging_mixin.py:120} INFO - [2022-11-06T22:24:47.014-0300] {dag.py:2585} INFO - Sync 1 DAGs
[2022-11-06T22:24:47.164-0300] {logging_mixin.py:120} INFO - [2022-11-06T22:24:47.164-0300] {dag.py:3336} INFO - Setting next_dagrun for tutorial_taskflow_api to None, run_after=None
[2022-11-06T22:24:47.310-0300] {processor.py:176} INFO - Processing /home/debian/etlhausz/venv/lib/python3.9/site-packages/airflow/example_dags/tutorial_taskflow_api.py took 0.533 seconds
[2022-11-06T22:25:18.967-0300] {processor.py:154} INFO - Started process (PID=33553) to work on /home/debian/etlhausz/venv/lib/python3.9/site-packages/airflow/example_dags/tutorial_taskflow_api.py
[2022-11-06T22:25:19.007-0300] {processor.py:756} INFO - Processing file /home/debian/etlhausz/venv/lib/python3.9/site-packages/airflow/example_dags/tutorial_taskflow_api.py for tasks to queue
[2022-11-06T22:25:19.008-0300] {logging_mixin.py:120} INFO - [2022-11-06T22:25:19.007-0300] {dagbag.py:537} INFO - Filling up the DagBag from /home/debian/etlhausz/venv/lib/python3.9/site-packages/airflow/example_dags/tutorial_taskflow_api.py
[2022-11-06T22:25:19.040-0300] {processor.py:766} INFO - DAG(s) dict_keys(['tutorial_taskflow_api']) retrieved from /home/debian/etlhausz/venv/lib/python3.9/site-packages/airflow/example_dags/tutorial_taskflow_api.py
[2022-11-06T22:25:19.145-0300] {logging_mixin.py:120} INFO - [2022-11-06T22:25:19.145-0300] {dag.py:2585} INFO - Sync 1 DAGs
[2022-11-06T22:25:19.197-0300] {logging_mixin.py:120} INFO - [2022-11-06T22:25:19.196-0300] {dag.py:3336} INFO - Setting next_dagrun for tutorial_taskflow_api to None, run_after=None
[2022-11-06T22:25:19.316-0300] {processor.py:176} INFO - Processing /home/debian/etlhausz/venv/lib/python3.9/site-packages/airflow/example_dags/tutorial_taskflow_api.py took 0.353 seconds
[2022-11-06T22:25:50.347-0300] {processor.py:154} INFO - Started process (PID=34100) to work on /home/debian/etlhausz/venv/lib/python3.9/site-packages/airflow/example_dags/tutorial_taskflow_api.py
[2022-11-06T22:25:50.349-0300] {processor.py:756} INFO - Processing file /home/debian/etlhausz/venv/lib/python3.9/site-packages/airflow/example_dags/tutorial_taskflow_api.py for tasks to queue
[2022-11-06T22:25:50.349-0300] {logging_mixin.py:120} INFO - [2022-11-06T22:25:50.349-0300] {dagbag.py:537} INFO - Filling up the DagBag from /home/debian/etlhausz/venv/lib/python3.9/site-packages/airflow/example_dags/tutorial_taskflow_api.py
[2022-11-06T22:25:50.384-0300] {processor.py:766} INFO - DAG(s) dict_keys(['tutorial_taskflow_api']) retrieved from /home/debian/etlhausz/venv/lib/python3.9/site-packages/airflow/example_dags/tutorial_taskflow_api.py
[2022-11-06T22:25:50.429-0300] {logging_mixin.py:120} INFO - [2022-11-06T22:25:50.429-0300] {dag.py:2585} INFO - Sync 1 DAGs
[2022-11-06T22:25:50.548-0300] {logging_mixin.py:120} INFO - [2022-11-06T22:25:50.547-0300] {dag.py:3336} INFO - Setting next_dagrun for tutorial_taskflow_api to None, run_after=None
[2022-11-06T22:25:50.561-0300] {processor.py:176} INFO - Processing /home/debian/etlhausz/venv/lib/python3.9/site-packages/airflow/example_dags/tutorial_taskflow_api.py took 0.219 seconds
[2022-11-06T22:26:20.977-0300] {processor.py:154} INFO - Started process (PID=34644) to work on /home/debian/etlhausz/venv/lib/python3.9/site-packages/airflow/example_dags/tutorial_taskflow_api.py
[2022-11-06T22:26:20.979-0300] {processor.py:756} INFO - Processing file /home/debian/etlhausz/venv/lib/python3.9/site-packages/airflow/example_dags/tutorial_taskflow_api.py for tasks to queue
[2022-11-06T22:26:20.980-0300] {logging_mixin.py:120} INFO - [2022-11-06T22:26:20.980-0300] {dagbag.py:537} INFO - Filling up the DagBag from /home/debian/etlhausz/venv/lib/python3.9/site-packages/airflow/example_dags/tutorial_taskflow_api.py
[2022-11-06T22:26:20.999-0300] {processor.py:766} INFO - DAG(s) dict_keys(['tutorial_taskflow_api']) retrieved from /home/debian/etlhausz/venv/lib/python3.9/site-packages/airflow/example_dags/tutorial_taskflow_api.py
[2022-11-06T22:26:21.138-0300] {logging_mixin.py:120} INFO - [2022-11-06T22:26:21.138-0300] {dag.py:2585} INFO - Sync 1 DAGs
[2022-11-06T22:26:21.168-0300] {logging_mixin.py:120} INFO - [2022-11-06T22:26:21.168-0300] {dag.py:3336} INFO - Setting next_dagrun for tutorial_taskflow_api to None, run_after=None
[2022-11-06T22:26:21.285-0300] {processor.py:176} INFO - Processing /home/debian/etlhausz/venv/lib/python3.9/site-packages/airflow/example_dags/tutorial_taskflow_api.py took 0.311 seconds
[2022-11-06T22:26:52.306-0300] {processor.py:154} INFO - Started process (PID=35184) to work on /home/debian/etlhausz/venv/lib/python3.9/site-packages/airflow/example_dags/tutorial_taskflow_api.py
[2022-11-06T22:26:52.307-0300] {processor.py:756} INFO - Processing file /home/debian/etlhausz/venv/lib/python3.9/site-packages/airflow/example_dags/tutorial_taskflow_api.py for tasks to queue
[2022-11-06T22:26:52.308-0300] {logging_mixin.py:120} INFO - [2022-11-06T22:26:52.308-0300] {dagbag.py:537} INFO - Filling up the DagBag from /home/debian/etlhausz/venv/lib/python3.9/site-packages/airflow/example_dags/tutorial_taskflow_api.py
[2022-11-06T22:26:52.325-0300] {processor.py:766} INFO - DAG(s) dict_keys(['tutorial_taskflow_api']) retrieved from /home/debian/etlhausz/venv/lib/python3.9/site-packages/airflow/example_dags/tutorial_taskflow_api.py
[2022-11-06T22:26:52.491-0300] {logging_mixin.py:120} INFO - [2022-11-06T22:26:52.491-0300] {dag.py:2585} INFO - Sync 1 DAGs
[2022-11-06T22:26:52.509-0300] {logging_mixin.py:120} INFO - [2022-11-06T22:26:52.509-0300] {dag.py:3336} INFO - Setting next_dagrun for tutorial_taskflow_api to None, run_after=None
[2022-11-06T22:26:52.530-0300] {processor.py:176} INFO - Processing /home/debian/etlhausz/venv/lib/python3.9/site-packages/airflow/example_dags/tutorial_taskflow_api.py took 0.227 seconds
[2022-11-06T22:27:23.341-0300] {processor.py:154} INFO - Started process (PID=35725) to work on /home/debian/etlhausz/venv/lib/python3.9/site-packages/airflow/example_dags/tutorial_taskflow_api.py
[2022-11-06T22:27:23.359-0300] {processor.py:756} INFO - Processing file /home/debian/etlhausz/venv/lib/python3.9/site-packages/airflow/example_dags/tutorial_taskflow_api.py for tasks to queue
[2022-11-06T22:27:23.361-0300] {logging_mixin.py:120} INFO - [2022-11-06T22:27:23.361-0300] {dagbag.py:537} INFO - Filling up the DagBag from /home/debian/etlhausz/venv/lib/python3.9/site-packages/airflow/example_dags/tutorial_taskflow_api.py
[2022-11-06T22:27:23.423-0300] {processor.py:766} INFO - DAG(s) dict_keys(['tutorial_taskflow_api']) retrieved from /home/debian/etlhausz/venv/lib/python3.9/site-packages/airflow/example_dags/tutorial_taskflow_api.py
[2022-11-06T22:27:23.578-0300] {logging_mixin.py:120} INFO - [2022-11-06T22:27:23.577-0300] {dag.py:2585} INFO - Sync 1 DAGs
[2022-11-06T22:27:23.640-0300] {logging_mixin.py:120} INFO - [2022-11-06T22:27:23.640-0300] {dag.py:3336} INFO - Setting next_dagrun for tutorial_taskflow_api to None, run_after=None
[2022-11-06T22:27:24.129-0300] {processor.py:176} INFO - Processing /home/debian/etlhausz/venv/lib/python3.9/site-packages/airflow/example_dags/tutorial_taskflow_api.py took 0.791 seconds
[2022-11-06T22:27:55.483-0300] {processor.py:154} INFO - Started process (PID=36286) to work on /home/debian/etlhausz/venv/lib/python3.9/site-packages/airflow/example_dags/tutorial_taskflow_api.py
[2022-11-06T22:27:55.485-0300] {processor.py:756} INFO - Processing file /home/debian/etlhausz/venv/lib/python3.9/site-packages/airflow/example_dags/tutorial_taskflow_api.py for tasks to queue
[2022-11-06T22:27:55.489-0300] {logging_mixin.py:120} INFO - [2022-11-06T22:27:55.489-0300] {dagbag.py:537} INFO - Filling up the DagBag from /home/debian/etlhausz/venv/lib/python3.9/site-packages/airflow/example_dags/tutorial_taskflow_api.py
[2022-11-06T22:27:55.541-0300] {processor.py:766} INFO - DAG(s) dict_keys(['tutorial_taskflow_api']) retrieved from /home/debian/etlhausz/venv/lib/python3.9/site-packages/airflow/example_dags/tutorial_taskflow_api.py
[2022-11-06T22:27:55.619-0300] {logging_mixin.py:120} INFO - [2022-11-06T22:27:55.619-0300] {dag.py:2585} INFO - Sync 1 DAGs
[2022-11-06T22:27:55.816-0300] {logging_mixin.py:120} INFO - [2022-11-06T22:27:55.816-0300] {dag.py:3336} INFO - Setting next_dagrun for tutorial_taskflow_api to None, run_after=None
[2022-11-06T22:27:55.838-0300] {processor.py:176} INFO - Processing /home/debian/etlhausz/venv/lib/python3.9/site-packages/airflow/example_dags/tutorial_taskflow_api.py took 0.359 seconds
[2022-11-06T22:28:26.229-0300] {processor.py:154} INFO - Started process (PID=36942) to work on /home/debian/etlhausz/venv/lib/python3.9/site-packages/airflow/example_dags/tutorial_taskflow_api.py
[2022-11-06T22:28:26.231-0300] {processor.py:756} INFO - Processing file /home/debian/etlhausz/venv/lib/python3.9/site-packages/airflow/example_dags/tutorial_taskflow_api.py for tasks to queue
[2022-11-06T22:28:26.233-0300] {logging_mixin.py:120} INFO - [2022-11-06T22:28:26.232-0300] {dagbag.py:537} INFO - Filling up the DagBag from /home/debian/etlhausz/venv/lib/python3.9/site-packages/airflow/example_dags/tutorial_taskflow_api.py
[2022-11-06T22:28:26.321-0300] {processor.py:766} INFO - DAG(s) dict_keys(['tutorial_taskflow_api']) retrieved from /home/debian/etlhausz/venv/lib/python3.9/site-packages/airflow/example_dags/tutorial_taskflow_api.py
[2022-11-06T22:28:26.728-0300] {logging_mixin.py:120} INFO - [2022-11-06T22:28:26.727-0300] {dag.py:2585} INFO - Sync 1 DAGs
[2022-11-06T22:28:26.752-0300] {logging_mixin.py:120} INFO - [2022-11-06T22:28:26.752-0300] {dag.py:3336} INFO - Setting next_dagrun for tutorial_taskflow_api to None, run_after=None
[2022-11-06T22:28:26.884-0300] {processor.py:176} INFO - Processing /home/debian/etlhausz/venv/lib/python3.9/site-packages/airflow/example_dags/tutorial_taskflow_api.py took 0.667 seconds
[2022-11-06T22:28:57.396-0300] {processor.py:154} INFO - Started process (PID=37486) to work on /home/debian/etlhausz/venv/lib/python3.9/site-packages/airflow/example_dags/tutorial_taskflow_api.py
[2022-11-06T22:28:57.397-0300] {processor.py:756} INFO - Processing file /home/debian/etlhausz/venv/lib/python3.9/site-packages/airflow/example_dags/tutorial_taskflow_api.py for tasks to queue
[2022-11-06T22:28:57.398-0300] {logging_mixin.py:120} INFO - [2022-11-06T22:28:57.398-0300] {dagbag.py:537} INFO - Filling up the DagBag from /home/debian/etlhausz/venv/lib/python3.9/site-packages/airflow/example_dags/tutorial_taskflow_api.py
[2022-11-06T22:28:57.424-0300] {processor.py:766} INFO - DAG(s) dict_keys(['tutorial_taskflow_api']) retrieved from /home/debian/etlhausz/venv/lib/python3.9/site-packages/airflow/example_dags/tutorial_taskflow_api.py
[2022-11-06T22:28:57.598-0300] {logging_mixin.py:120} INFO - [2022-11-06T22:28:57.598-0300] {dag.py:2585} INFO - Sync 1 DAGs
[2022-11-06T22:28:57.645-0300] {logging_mixin.py:120} INFO - [2022-11-06T22:28:57.644-0300] {dag.py:3336} INFO - Setting next_dagrun for tutorial_taskflow_api to None, run_after=None
[2022-11-06T22:28:57.683-0300] {processor.py:176} INFO - Processing /home/debian/etlhausz/venv/lib/python3.9/site-packages/airflow/example_dags/tutorial_taskflow_api.py took 0.292 seconds
[2022-11-06T22:29:28.379-0300] {processor.py:154} INFO - Started process (PID=38027) to work on /home/debian/etlhausz/venv/lib/python3.9/site-packages/airflow/example_dags/tutorial_taskflow_api.py
[2022-11-06T22:29:28.380-0300] {processor.py:756} INFO - Processing file /home/debian/etlhausz/venv/lib/python3.9/site-packages/airflow/example_dags/tutorial_taskflow_api.py for tasks to queue
[2022-11-06T22:29:28.381-0300] {logging_mixin.py:120} INFO - [2022-11-06T22:29:28.381-0300] {dagbag.py:537} INFO - Filling up the DagBag from /home/debian/etlhausz/venv/lib/python3.9/site-packages/airflow/example_dags/tutorial_taskflow_api.py
[2022-11-06T22:29:28.404-0300] {processor.py:766} INFO - DAG(s) dict_keys(['tutorial_taskflow_api']) retrieved from /home/debian/etlhausz/venv/lib/python3.9/site-packages/airflow/example_dags/tutorial_taskflow_api.py
[2022-11-06T22:29:28.483-0300] {logging_mixin.py:120} INFO - [2022-11-06T22:29:28.483-0300] {dag.py:2585} INFO - Sync 1 DAGs
[2022-11-06T22:29:28.808-0300] {logging_mixin.py:120} INFO - [2022-11-06T22:29:28.808-0300] {dag.py:3336} INFO - Setting next_dagrun for tutorial_taskflow_api to None, run_after=None
[2022-11-06T22:29:28.921-0300] {processor.py:176} INFO - Processing /home/debian/etlhausz/venv/lib/python3.9/site-packages/airflow/example_dags/tutorial_taskflow_api.py took 0.545 seconds
[2022-11-06T22:29:59.447-0300] {processor.py:154} INFO - Started process (PID=38525) to work on /home/debian/etlhausz/venv/lib/python3.9/site-packages/airflow/example_dags/tutorial_taskflow_api.py
[2022-11-06T22:29:59.448-0300] {processor.py:756} INFO - Processing file /home/debian/etlhausz/venv/lib/python3.9/site-packages/airflow/example_dags/tutorial_taskflow_api.py for tasks to queue
[2022-11-06T22:29:59.449-0300] {logging_mixin.py:120} INFO - [2022-11-06T22:29:59.448-0300] {dagbag.py:537} INFO - Filling up the DagBag from /home/debian/etlhausz/venv/lib/python3.9/site-packages/airflow/example_dags/tutorial_taskflow_api.py
[2022-11-06T22:29:59.464-0300] {processor.py:766} INFO - DAG(s) dict_keys(['tutorial_taskflow_api']) retrieved from /home/debian/etlhausz/venv/lib/python3.9/site-packages/airflow/example_dags/tutorial_taskflow_api.py
[2022-11-06T22:29:59.511-0300] {logging_mixin.py:120} INFO - [2022-11-06T22:29:59.510-0300] {dag.py:2585} INFO - Sync 1 DAGs
[2022-11-06T22:29:59.611-0300] {logging_mixin.py:120} INFO - [2022-11-06T22:29:59.611-0300] {dag.py:3336} INFO - Setting next_dagrun for tutorial_taskflow_api to None, run_after=None
[2022-11-06T22:29:59.636-0300] {processor.py:176} INFO - Processing /home/debian/etlhausz/venv/lib/python3.9/site-packages/airflow/example_dags/tutorial_taskflow_api.py took 0.192 seconds
[2022-11-06T22:30:29.782-0300] {processor.py:154} INFO - Started process (PID=39156) to work on /home/debian/etlhausz/venv/lib/python3.9/site-packages/airflow/example_dags/tutorial_taskflow_api.py
[2022-11-06T22:30:29.783-0300] {processor.py:756} INFO - Processing file /home/debian/etlhausz/venv/lib/python3.9/site-packages/airflow/example_dags/tutorial_taskflow_api.py for tasks to queue
[2022-11-06T22:30:29.784-0300] {logging_mixin.py:120} INFO - [2022-11-06T22:30:29.784-0300] {dagbag.py:537} INFO - Filling up the DagBag from /home/debian/etlhausz/venv/lib/python3.9/site-packages/airflow/example_dags/tutorial_taskflow_api.py
[2022-11-06T22:30:29.805-0300] {processor.py:766} INFO - DAG(s) dict_keys(['tutorial_taskflow_api']) retrieved from /home/debian/etlhausz/venv/lib/python3.9/site-packages/airflow/example_dags/tutorial_taskflow_api.py
[2022-11-06T22:30:29.943-0300] {logging_mixin.py:120} INFO - [2022-11-06T22:30:29.943-0300] {dag.py:2585} INFO - Sync 1 DAGs
[2022-11-06T22:30:29.960-0300] {logging_mixin.py:120} INFO - [2022-11-06T22:30:29.960-0300] {dag.py:3336} INFO - Setting next_dagrun for tutorial_taskflow_api to None, run_after=None
[2022-11-06T22:30:29.979-0300] {processor.py:176} INFO - Processing /home/debian/etlhausz/venv/lib/python3.9/site-packages/airflow/example_dags/tutorial_taskflow_api.py took 0.200 seconds
[2022-11-06T22:31:00.823-0300] {processor.py:154} INFO - Started process (PID=39693) to work on /home/debian/etlhausz/venv/lib/python3.9/site-packages/airflow/example_dags/tutorial_taskflow_api.py
[2022-11-06T22:31:00.825-0300] {processor.py:756} INFO - Processing file /home/debian/etlhausz/venv/lib/python3.9/site-packages/airflow/example_dags/tutorial_taskflow_api.py for tasks to queue
[2022-11-06T22:31:00.829-0300] {logging_mixin.py:120} INFO - [2022-11-06T22:31:00.828-0300] {dagbag.py:537} INFO - Filling up the DagBag from /home/debian/etlhausz/venv/lib/python3.9/site-packages/airflow/example_dags/tutorial_taskflow_api.py
[2022-11-06T22:31:01.093-0300] {processor.py:766} INFO - DAG(s) dict_keys(['tutorial_taskflow_api']) retrieved from /home/debian/etlhausz/venv/lib/python3.9/site-packages/airflow/example_dags/tutorial_taskflow_api.py
[2022-11-06T22:31:01.168-0300] {logging_mixin.py:120} INFO - [2022-11-06T22:31:01.164-0300] {dag.py:2585} INFO - Sync 1 DAGs
[2022-11-06T22:31:01.226-0300] {logging_mixin.py:120} INFO - [2022-11-06T22:31:01.225-0300] {dag.py:3336} INFO - Setting next_dagrun for tutorial_taskflow_api to None, run_after=None
[2022-11-06T22:31:01.283-0300] {processor.py:176} INFO - Processing /home/debian/etlhausz/venv/lib/python3.9/site-packages/airflow/example_dags/tutorial_taskflow_api.py took 0.467 seconds
[2022-11-06T22:31:32.906-0300] {processor.py:154} INFO - Started process (PID=40238) to work on /home/debian/etlhausz/venv/lib/python3.9/site-packages/airflow/example_dags/tutorial_taskflow_api.py
[2022-11-06T22:31:32.907-0300] {processor.py:756} INFO - Processing file /home/debian/etlhausz/venv/lib/python3.9/site-packages/airflow/example_dags/tutorial_taskflow_api.py for tasks to queue
[2022-11-06T22:31:32.908-0300] {logging_mixin.py:120} INFO - [2022-11-06T22:31:32.908-0300] {dagbag.py:537} INFO - Filling up the DagBag from /home/debian/etlhausz/venv/lib/python3.9/site-packages/airflow/example_dags/tutorial_taskflow_api.py
[2022-11-06T22:31:32.928-0300] {processor.py:766} INFO - DAG(s) dict_keys(['tutorial_taskflow_api']) retrieved from /home/debian/etlhausz/venv/lib/python3.9/site-packages/airflow/example_dags/tutorial_taskflow_api.py
[2022-11-06T22:31:33.000-0300] {logging_mixin.py:120} INFO - [2022-11-06T22:31:32.999-0300] {dag.py:2585} INFO - Sync 1 DAGs
[2022-11-06T22:31:33.183-0300] {logging_mixin.py:120} INFO - [2022-11-06T22:31:33.183-0300] {dag.py:3336} INFO - Setting next_dagrun for tutorial_taskflow_api to None, run_after=None
[2022-11-06T22:31:33.240-0300] {processor.py:176} INFO - Processing /home/debian/etlhausz/venv/lib/python3.9/site-packages/airflow/example_dags/tutorial_taskflow_api.py took 0.344 seconds
