[2022-11-06T21:00:21.071-0300] {processor.py:154} INFO - Started process (PID=61242) to work on /home/debian/etlhausz/venv/lib/python3.9/site-packages/airflow/example_dags/tutorial_taskflow_api_virtualenv.py
[2022-11-06T21:00:21.077-0300] {processor.py:756} INFO - Processing file /home/debian/etlhausz/venv/lib/python3.9/site-packages/airflow/example_dags/tutorial_taskflow_api_virtualenv.py for tasks to queue
[2022-11-06T21:00:21.078-0300] {logging_mixin.py:120} INFO - [2022-11-06T21:00:21.078-0300] {dagbag.py:537} INFO - Filling up the DagBag from /home/debian/etlhausz/venv/lib/python3.9/site-packages/airflow/example_dags/tutorial_taskflow_api_virtualenv.py
[2022-11-06T21:00:21.101-0300] {processor.py:766} INFO - DAG(s) dict_keys(['tutorial_taskflow_api_virtualenv']) retrieved from /home/debian/etlhausz/venv/lib/python3.9/site-packages/airflow/example_dags/tutorial_taskflow_api_virtualenv.py
[2022-11-06T21:00:21.147-0300] {logging_mixin.py:120} INFO - [2022-11-06T21:00:21.147-0300] {dag.py:2585} INFO - Sync 1 DAGs
[2022-11-06T21:00:21.264-0300] {logging_mixin.py:120} INFO - [2022-11-06T21:00:21.264-0300] {dag.py:3336} INFO - Setting next_dagrun for tutorial_taskflow_api_virtualenv to None, run_after=None
[2022-11-06T21:00:21.284-0300] {processor.py:176} INFO - Processing /home/debian/etlhausz/venv/lib/python3.9/site-packages/airflow/example_dags/tutorial_taskflow_api_virtualenv.py took 0.216 seconds
[2022-11-06T21:00:51.753-0300] {processor.py:154} INFO - Started process (PID=61748) to work on /home/debian/etlhausz/venv/lib/python3.9/site-packages/airflow/example_dags/tutorial_taskflow_api_virtualenv.py
[2022-11-06T21:00:51.755-0300] {processor.py:756} INFO - Processing file /home/debian/etlhausz/venv/lib/python3.9/site-packages/airflow/example_dags/tutorial_taskflow_api_virtualenv.py for tasks to queue
[2022-11-06T21:00:51.756-0300] {logging_mixin.py:120} INFO - [2022-11-06T21:00:51.756-0300] {dagbag.py:537} INFO - Filling up the DagBag from /home/debian/etlhausz/venv/lib/python3.9/site-packages/airflow/example_dags/tutorial_taskflow_api_virtualenv.py
[2022-11-06T21:00:51.777-0300] {processor.py:766} INFO - DAG(s) dict_keys(['tutorial_taskflow_api_virtualenv']) retrieved from /home/debian/etlhausz/venv/lib/python3.9/site-packages/airflow/example_dags/tutorial_taskflow_api_virtualenv.py
[2022-11-06T21:00:52.154-0300] {logging_mixin.py:120} INFO - [2022-11-06T21:00:52.154-0300] {dag.py:2585} INFO - Sync 1 DAGs
[2022-11-06T21:00:52.205-0300] {logging_mixin.py:120} INFO - [2022-11-06T21:00:52.205-0300] {dag.py:3336} INFO - Setting next_dagrun for tutorial_taskflow_api_virtualenv to None, run_after=None
[2022-11-06T21:00:52.293-0300] {processor.py:176} INFO - Processing /home/debian/etlhausz/venv/lib/python3.9/site-packages/airflow/example_dags/tutorial_taskflow_api_virtualenv.py took 0.544 seconds
[2022-11-06T21:01:23.369-0300] {processor.py:154} INFO - Started process (PID=62316) to work on /home/debian/etlhausz/venv/lib/python3.9/site-packages/airflow/example_dags/tutorial_taskflow_api_virtualenv.py
[2022-11-06T21:01:23.373-0300] {processor.py:756} INFO - Processing file /home/debian/etlhausz/venv/lib/python3.9/site-packages/airflow/example_dags/tutorial_taskflow_api_virtualenv.py for tasks to queue
[2022-11-06T21:01:23.374-0300] {logging_mixin.py:120} INFO - [2022-11-06T21:01:23.374-0300] {dagbag.py:537} INFO - Filling up the DagBag from /home/debian/etlhausz/venv/lib/python3.9/site-packages/airflow/example_dags/tutorial_taskflow_api_virtualenv.py
[2022-11-06T21:01:23.503-0300] {processor.py:766} INFO - DAG(s) dict_keys(['tutorial_taskflow_api_virtualenv']) retrieved from /home/debian/etlhausz/venv/lib/python3.9/site-packages/airflow/example_dags/tutorial_taskflow_api_virtualenv.py
[2022-11-06T21:01:23.738-0300] {logging_mixin.py:120} INFO - [2022-11-06T21:01:23.738-0300] {dag.py:2585} INFO - Sync 1 DAGs
[2022-11-06T21:01:23.755-0300] {logging_mixin.py:120} INFO - [2022-11-06T21:01:23.755-0300] {dag.py:3336} INFO - Setting next_dagrun for tutorial_taskflow_api_virtualenv to None, run_after=None
[2022-11-06T21:01:23.767-0300] {processor.py:176} INFO - Processing /home/debian/etlhausz/venv/lib/python3.9/site-packages/airflow/example_dags/tutorial_taskflow_api_virtualenv.py took 0.412 seconds
[2022-11-06T21:01:54.017-0300] {processor.py:154} INFO - Started process (PID=62828) to work on /home/debian/etlhausz/venv/lib/python3.9/site-packages/airflow/example_dags/tutorial_taskflow_api_virtualenv.py
[2022-11-06T21:01:54.018-0300] {processor.py:756} INFO - Processing file /home/debian/etlhausz/venv/lib/python3.9/site-packages/airflow/example_dags/tutorial_taskflow_api_virtualenv.py for tasks to queue
[2022-11-06T21:01:54.018-0300] {logging_mixin.py:120} INFO - [2022-11-06T21:01:54.018-0300] {dagbag.py:537} INFO - Filling up the DagBag from /home/debian/etlhausz/venv/lib/python3.9/site-packages/airflow/example_dags/tutorial_taskflow_api_virtualenv.py
[2022-11-06T21:01:54.035-0300] {processor.py:766} INFO - DAG(s) dict_keys(['tutorial_taskflow_api_virtualenv']) retrieved from /home/debian/etlhausz/venv/lib/python3.9/site-packages/airflow/example_dags/tutorial_taskflow_api_virtualenv.py
[2022-11-06T21:01:54.167-0300] {logging_mixin.py:120} INFO - [2022-11-06T21:01:54.167-0300] {dag.py:2585} INFO - Sync 1 DAGs
[2022-11-06T21:01:54.184-0300] {logging_mixin.py:120} INFO - [2022-11-06T21:01:54.184-0300] {dag.py:3336} INFO - Setting next_dagrun for tutorial_taskflow_api_virtualenv to None, run_after=None
[2022-11-06T21:01:54.207-0300] {processor.py:176} INFO - Processing /home/debian/etlhausz/venv/lib/python3.9/site-packages/airflow/example_dags/tutorial_taskflow_api_virtualenv.py took 0.194 seconds
[2022-11-06T21:02:24.420-0300] {processor.py:154} INFO - Started process (PID=63366) to work on /home/debian/etlhausz/venv/lib/python3.9/site-packages/airflow/example_dags/tutorial_taskflow_api_virtualenv.py
[2022-11-06T21:02:24.422-0300] {processor.py:756} INFO - Processing file /home/debian/etlhausz/venv/lib/python3.9/site-packages/airflow/example_dags/tutorial_taskflow_api_virtualenv.py for tasks to queue
[2022-11-06T21:02:24.422-0300] {logging_mixin.py:120} INFO - [2022-11-06T21:02:24.422-0300] {dagbag.py:537} INFO - Filling up the DagBag from /home/debian/etlhausz/venv/lib/python3.9/site-packages/airflow/example_dags/tutorial_taskflow_api_virtualenv.py
[2022-11-06T21:02:24.443-0300] {processor.py:766} INFO - DAG(s) dict_keys(['tutorial_taskflow_api_virtualenv']) retrieved from /home/debian/etlhausz/venv/lib/python3.9/site-packages/airflow/example_dags/tutorial_taskflow_api_virtualenv.py
[2022-11-06T21:02:24.498-0300] {logging_mixin.py:120} INFO - [2022-11-06T21:02:24.498-0300] {dag.py:2585} INFO - Sync 1 DAGs
[2022-11-06T21:02:24.632-0300] {logging_mixin.py:120} INFO - [2022-11-06T21:02:24.632-0300] {dag.py:3336} INFO - Setting next_dagrun for tutorial_taskflow_api_virtualenv to None, run_after=None
[2022-11-06T21:02:24.655-0300] {processor.py:176} INFO - Processing /home/debian/etlhausz/venv/lib/python3.9/site-packages/airflow/example_dags/tutorial_taskflow_api_virtualenv.py took 0.239 seconds
[2022-11-06T21:02:55.333-0300] {processor.py:154} INFO - Started process (PID=63961) to work on /home/debian/etlhausz/venv/lib/python3.9/site-packages/airflow/example_dags/tutorial_taskflow_api_virtualenv.py
[2022-11-06T21:02:55.334-0300] {processor.py:756} INFO - Processing file /home/debian/etlhausz/venv/lib/python3.9/site-packages/airflow/example_dags/tutorial_taskflow_api_virtualenv.py for tasks to queue
[2022-11-06T21:02:55.334-0300] {logging_mixin.py:120} INFO - [2022-11-06T21:02:55.334-0300] {dagbag.py:537} INFO - Filling up the DagBag from /home/debian/etlhausz/venv/lib/python3.9/site-packages/airflow/example_dags/tutorial_taskflow_api_virtualenv.py
[2022-11-06T21:02:55.357-0300] {processor.py:766} INFO - DAG(s) dict_keys(['tutorial_taskflow_api_virtualenv']) retrieved from /home/debian/etlhausz/venv/lib/python3.9/site-packages/airflow/example_dags/tutorial_taskflow_api_virtualenv.py
[2022-11-06T21:02:55.399-0300] {logging_mixin.py:120} INFO - [2022-11-06T21:02:55.399-0300] {dag.py:2585} INFO - Sync 1 DAGs
[2022-11-06T21:02:55.525-0300] {logging_mixin.py:120} INFO - [2022-11-06T21:02:55.524-0300] {dag.py:3336} INFO - Setting next_dagrun for tutorial_taskflow_api_virtualenv to None, run_after=None
[2022-11-06T21:02:55.555-0300] {processor.py:176} INFO - Processing /home/debian/etlhausz/venv/lib/python3.9/site-packages/airflow/example_dags/tutorial_taskflow_api_virtualenv.py took 0.226 seconds
[2022-11-06T21:03:25.779-0300] {processor.py:154} INFO - Started process (PID=64505) to work on /home/debian/etlhausz/venv/lib/python3.9/site-packages/airflow/example_dags/tutorial_taskflow_api_virtualenv.py
[2022-11-06T21:03:25.781-0300] {processor.py:756} INFO - Processing file /home/debian/etlhausz/venv/lib/python3.9/site-packages/airflow/example_dags/tutorial_taskflow_api_virtualenv.py for tasks to queue
[2022-11-06T21:03:25.785-0300] {logging_mixin.py:120} INFO - [2022-11-06T21:03:25.784-0300] {dagbag.py:537} INFO - Filling up the DagBag from /home/debian/etlhausz/venv/lib/python3.9/site-packages/airflow/example_dags/tutorial_taskflow_api_virtualenv.py
[2022-11-06T21:03:25.811-0300] {processor.py:766} INFO - DAG(s) dict_keys(['tutorial_taskflow_api_virtualenv']) retrieved from /home/debian/etlhausz/venv/lib/python3.9/site-packages/airflow/example_dags/tutorial_taskflow_api_virtualenv.py
[2022-11-06T21:03:26.031-0300] {logging_mixin.py:120} INFO - [2022-11-06T21:03:26.031-0300] {dag.py:2585} INFO - Sync 1 DAGs
[2022-11-06T21:03:26.103-0300] {logging_mixin.py:120} INFO - [2022-11-06T21:03:26.103-0300] {dag.py:3336} INFO - Setting next_dagrun for tutorial_taskflow_api_virtualenv to None, run_after=None
[2022-11-06T21:03:26.234-0300] {processor.py:176} INFO - Processing /home/debian/etlhausz/venv/lib/python3.9/site-packages/airflow/example_dags/tutorial_taskflow_api_virtualenv.py took 0.462 seconds
[2022-11-06T21:03:56.545-0300] {processor.py:154} INFO - Started process (PID=65160) to work on /home/debian/etlhausz/venv/lib/python3.9/site-packages/airflow/example_dags/tutorial_taskflow_api_virtualenv.py
[2022-11-06T21:03:56.552-0300] {processor.py:756} INFO - Processing file /home/debian/etlhausz/venv/lib/python3.9/site-packages/airflow/example_dags/tutorial_taskflow_api_virtualenv.py for tasks to queue
[2022-11-06T21:03:56.559-0300] {logging_mixin.py:120} INFO - [2022-11-06T21:03:56.557-0300] {dagbag.py:537} INFO - Filling up the DagBag from /home/debian/etlhausz/venv/lib/python3.9/site-packages/airflow/example_dags/tutorial_taskflow_api_virtualenv.py
[2022-11-06T21:03:56.606-0300] {processor.py:766} INFO - DAG(s) dict_keys(['tutorial_taskflow_api_virtualenv']) retrieved from /home/debian/etlhausz/venv/lib/python3.9/site-packages/airflow/example_dags/tutorial_taskflow_api_virtualenv.py
[2022-11-06T21:03:57.184-0300] {logging_mixin.py:120} INFO - [2022-11-06T21:03:57.183-0300] {dag.py:2585} INFO - Sync 1 DAGs
[2022-11-06T21:03:57.205-0300] {logging_mixin.py:120} INFO - [2022-11-06T21:03:57.205-0300] {dag.py:3336} INFO - Setting next_dagrun for tutorial_taskflow_api_virtualenv to None, run_after=None
[2022-11-06T21:03:57.226-0300] {processor.py:176} INFO - Processing /home/debian/etlhausz/venv/lib/python3.9/site-packages/airflow/example_dags/tutorial_taskflow_api_virtualenv.py took 0.699 seconds
[2022-11-06T22:01:41.289-0300] {processor.py:154} INFO - Started process (PID=5239) to work on /home/debian/etlhausz/venv/lib/python3.9/site-packages/airflow/example_dags/tutorial_taskflow_api_virtualenv.py
[2022-11-06T22:01:41.296-0300] {processor.py:756} INFO - Processing file /home/debian/etlhausz/venv/lib/python3.9/site-packages/airflow/example_dags/tutorial_taskflow_api_virtualenv.py for tasks to queue
[2022-11-06T22:01:41.297-0300] {logging_mixin.py:120} INFO - [2022-11-06T22:01:41.296-0300] {dagbag.py:537} INFO - Filling up the DagBag from /home/debian/etlhausz/venv/lib/python3.9/site-packages/airflow/example_dags/tutorial_taskflow_api_virtualenv.py
[2022-11-06T22:01:41.460-0300] {processor.py:766} INFO - DAG(s) dict_keys(['tutorial_taskflow_api_virtualenv']) retrieved from /home/debian/etlhausz/venv/lib/python3.9/site-packages/airflow/example_dags/tutorial_taskflow_api_virtualenv.py
[2022-11-06T22:01:41.686-0300] {logging_mixin.py:120} INFO - [2022-11-06T22:01:41.685-0300] {dag.py:2585} INFO - Sync 1 DAGs
[2022-11-06T22:01:41.763-0300] {logging_mixin.py:120} INFO - [2022-11-06T22:01:41.763-0300] {dag.py:3336} INFO - Setting next_dagrun for tutorial_taskflow_api_virtualenv to None, run_after=None
[2022-11-06T22:01:41.882-0300] {processor.py:176} INFO - Processing /home/debian/etlhausz/venv/lib/python3.9/site-packages/airflow/example_dags/tutorial_taskflow_api_virtualenv.py took 0.620 seconds
[2022-11-06T22:02:12.860-0300] {processor.py:154} INFO - Started process (PID=5881) to work on /home/debian/etlhausz/venv/lib/python3.9/site-packages/airflow/example_dags/tutorial_taskflow_api_virtualenv.py
[2022-11-06T22:02:12.861-0300] {processor.py:756} INFO - Processing file /home/debian/etlhausz/venv/lib/python3.9/site-packages/airflow/example_dags/tutorial_taskflow_api_virtualenv.py for tasks to queue
[2022-11-06T22:02:12.863-0300] {logging_mixin.py:120} INFO - [2022-11-06T22:02:12.863-0300] {dagbag.py:537} INFO - Filling up the DagBag from /home/debian/etlhausz/venv/lib/python3.9/site-packages/airflow/example_dags/tutorial_taskflow_api_virtualenv.py
[2022-11-06T22:02:12.881-0300] {processor.py:766} INFO - DAG(s) dict_keys(['tutorial_taskflow_api_virtualenv']) retrieved from /home/debian/etlhausz/venv/lib/python3.9/site-packages/airflow/example_dags/tutorial_taskflow_api_virtualenv.py
[2022-11-06T22:02:12.925-0300] {logging_mixin.py:120} INFO - [2022-11-06T22:02:12.925-0300] {dag.py:2585} INFO - Sync 1 DAGs
[2022-11-06T22:02:12.946-0300] {logging_mixin.py:120} INFO - [2022-11-06T22:02:12.945-0300] {dag.py:3336} INFO - Setting next_dagrun for tutorial_taskflow_api_virtualenv to None, run_after=None
[2022-11-06T22:02:12.973-0300] {processor.py:176} INFO - Processing /home/debian/etlhausz/venv/lib/python3.9/site-packages/airflow/example_dags/tutorial_taskflow_api_virtualenv.py took 0.116 seconds
[2022-11-06T22:02:43.099-0300] {processor.py:154} INFO - Started process (PID=6539) to work on /home/debian/etlhausz/venv/lib/python3.9/site-packages/airflow/example_dags/tutorial_taskflow_api_virtualenv.py
[2022-11-06T22:02:43.100-0300] {processor.py:756} INFO - Processing file /home/debian/etlhausz/venv/lib/python3.9/site-packages/airflow/example_dags/tutorial_taskflow_api_virtualenv.py for tasks to queue
[2022-11-06T22:02:43.100-0300] {logging_mixin.py:120} INFO - [2022-11-06T22:02:43.100-0300] {dagbag.py:537} INFO - Filling up the DagBag from /home/debian/etlhausz/venv/lib/python3.9/site-packages/airflow/example_dags/tutorial_taskflow_api_virtualenv.py
[2022-11-06T22:02:43.118-0300] {processor.py:766} INFO - DAG(s) dict_keys(['tutorial_taskflow_api_virtualenv']) retrieved from /home/debian/etlhausz/venv/lib/python3.9/site-packages/airflow/example_dags/tutorial_taskflow_api_virtualenv.py
[2022-11-06T22:02:43.160-0300] {logging_mixin.py:120} INFO - [2022-11-06T22:02:43.160-0300] {dag.py:2585} INFO - Sync 1 DAGs
[2022-11-06T22:02:43.181-0300] {logging_mixin.py:120} INFO - [2022-11-06T22:02:43.180-0300] {dag.py:3336} INFO - Setting next_dagrun for tutorial_taskflow_api_virtualenv to None, run_after=None
[2022-11-06T22:02:43.206-0300] {processor.py:176} INFO - Processing /home/debian/etlhausz/venv/lib/python3.9/site-packages/airflow/example_dags/tutorial_taskflow_api_virtualenv.py took 0.110 seconds
[2022-11-06T22:03:17.105-0300] {processor.py:154} INFO - Started process (PID=7145) to work on /home/debian/etlhausz/venv/lib/python3.9/site-packages/airflow/example_dags/tutorial_taskflow_api_virtualenv.py
[2022-11-06T22:03:17.107-0300] {processor.py:756} INFO - Processing file /home/debian/etlhausz/venv/lib/python3.9/site-packages/airflow/example_dags/tutorial_taskflow_api_virtualenv.py for tasks to queue
[2022-11-06T22:03:17.107-0300] {logging_mixin.py:120} INFO - [2022-11-06T22:03:17.107-0300] {dagbag.py:537} INFO - Filling up the DagBag from /home/debian/etlhausz/venv/lib/python3.9/site-packages/airflow/example_dags/tutorial_taskflow_api_virtualenv.py
[2022-11-06T22:03:17.126-0300] {processor.py:766} INFO - DAG(s) dict_keys(['tutorial_taskflow_api_virtualenv']) retrieved from /home/debian/etlhausz/venv/lib/python3.9/site-packages/airflow/example_dags/tutorial_taskflow_api_virtualenv.py
[2022-11-06T22:03:17.171-0300] {logging_mixin.py:120} INFO - [2022-11-06T22:03:17.171-0300] {dag.py:2585} INFO - Sync 1 DAGs
[2022-11-06T22:03:17.218-0300] {logging_mixin.py:120} INFO - [2022-11-06T22:03:17.218-0300] {dag.py:3336} INFO - Setting next_dagrun for tutorial_taskflow_api_virtualenv to None, run_after=None
[2022-11-06T22:03:17.296-0300] {processor.py:176} INFO - Processing /home/debian/etlhausz/venv/lib/python3.9/site-packages/airflow/example_dags/tutorial_taskflow_api_virtualenv.py took 0.194 seconds
[2022-11-06T22:03:47.444-0300] {processor.py:154} INFO - Started process (PID=7802) to work on /home/debian/etlhausz/venv/lib/python3.9/site-packages/airflow/example_dags/tutorial_taskflow_api_virtualenv.py
[2022-11-06T22:03:47.445-0300] {processor.py:756} INFO - Processing file /home/debian/etlhausz/venv/lib/python3.9/site-packages/airflow/example_dags/tutorial_taskflow_api_virtualenv.py for tasks to queue
[2022-11-06T22:03:47.445-0300] {logging_mixin.py:120} INFO - [2022-11-06T22:03:47.445-0300] {dagbag.py:537} INFO - Filling up the DagBag from /home/debian/etlhausz/venv/lib/python3.9/site-packages/airflow/example_dags/tutorial_taskflow_api_virtualenv.py
[2022-11-06T22:03:47.467-0300] {processor.py:766} INFO - DAG(s) dict_keys(['tutorial_taskflow_api_virtualenv']) retrieved from /home/debian/etlhausz/venv/lib/python3.9/site-packages/airflow/example_dags/tutorial_taskflow_api_virtualenv.py
[2022-11-06T22:03:47.510-0300] {logging_mixin.py:120} INFO - [2022-11-06T22:03:47.510-0300] {dag.py:2585} INFO - Sync 1 DAGs
[2022-11-06T22:03:47.540-0300] {logging_mixin.py:120} INFO - [2022-11-06T22:03:47.540-0300] {dag.py:3336} INFO - Setting next_dagrun for tutorial_taskflow_api_virtualenv to None, run_after=None
[2022-11-06T22:03:47.564-0300] {processor.py:176} INFO - Processing /home/debian/etlhausz/venv/lib/python3.9/site-packages/airflow/example_dags/tutorial_taskflow_api_virtualenv.py took 0.123 seconds
[2022-11-06T22:04:18.474-0300] {processor.py:154} INFO - Started process (PID=8425) to work on /home/debian/etlhausz/venv/lib/python3.9/site-packages/airflow/example_dags/tutorial_taskflow_api_virtualenv.py
[2022-11-06T22:04:18.476-0300] {processor.py:756} INFO - Processing file /home/debian/etlhausz/venv/lib/python3.9/site-packages/airflow/example_dags/tutorial_taskflow_api_virtualenv.py for tasks to queue
[2022-11-06T22:04:18.476-0300] {logging_mixin.py:120} INFO - [2022-11-06T22:04:18.476-0300] {dagbag.py:537} INFO - Filling up the DagBag from /home/debian/etlhausz/venv/lib/python3.9/site-packages/airflow/example_dags/tutorial_taskflow_api_virtualenv.py
[2022-11-06T22:04:18.494-0300] {processor.py:766} INFO - DAG(s) dict_keys(['tutorial_taskflow_api_virtualenv']) retrieved from /home/debian/etlhausz/venv/lib/python3.9/site-packages/airflow/example_dags/tutorial_taskflow_api_virtualenv.py
[2022-11-06T22:04:18.536-0300] {logging_mixin.py:120} INFO - [2022-11-06T22:04:18.536-0300] {dag.py:2585} INFO - Sync 1 DAGs
[2022-11-06T22:04:18.554-0300] {logging_mixin.py:120} INFO - [2022-11-06T22:04:18.554-0300] {dag.py:3336} INFO - Setting next_dagrun for tutorial_taskflow_api_virtualenv to None, run_after=None
[2022-11-06T22:04:18.578-0300] {processor.py:176} INFO - Processing /home/debian/etlhausz/venv/lib/python3.9/site-packages/airflow/example_dags/tutorial_taskflow_api_virtualenv.py took 0.106 seconds
[2022-11-06T22:04:51.033-0300] {processor.py:154} INFO - Started process (PID=9026) to work on /home/debian/etlhausz/venv/lib/python3.9/site-packages/airflow/example_dags/tutorial_taskflow_api_virtualenv.py
[2022-11-06T22:04:51.035-0300] {processor.py:756} INFO - Processing file /home/debian/etlhausz/venv/lib/python3.9/site-packages/airflow/example_dags/tutorial_taskflow_api_virtualenv.py for tasks to queue
[2022-11-06T22:04:51.036-0300] {logging_mixin.py:120} INFO - [2022-11-06T22:04:51.035-0300] {dagbag.py:537} INFO - Filling up the DagBag from /home/debian/etlhausz/venv/lib/python3.9/site-packages/airflow/example_dags/tutorial_taskflow_api_virtualenv.py
[2022-11-06T22:04:51.060-0300] {processor.py:766} INFO - DAG(s) dict_keys(['tutorial_taskflow_api_virtualenv']) retrieved from /home/debian/etlhausz/venv/lib/python3.9/site-packages/airflow/example_dags/tutorial_taskflow_api_virtualenv.py
[2022-11-06T22:04:51.119-0300] {logging_mixin.py:120} INFO - [2022-11-06T22:04:51.118-0300] {dag.py:2585} INFO - Sync 1 DAGs
[2022-11-06T22:04:51.149-0300] {logging_mixin.py:120} INFO - [2022-11-06T22:04:51.149-0300] {dag.py:3336} INFO - Setting next_dagrun for tutorial_taskflow_api_virtualenv to None, run_after=None
[2022-11-06T22:04:51.166-0300] {processor.py:176} INFO - Processing /home/debian/etlhausz/venv/lib/python3.9/site-packages/airflow/example_dags/tutorial_taskflow_api_virtualenv.py took 0.136 seconds
[2022-11-06T22:05:32.614-0300] {processor.py:154} INFO - Started process (PID=9932) to work on /home/debian/etlhausz/venv/lib/python3.9/site-packages/airflow/example_dags/tutorial_taskflow_api_virtualenv.py
[2022-11-06T22:05:32.615-0300] {processor.py:756} INFO - Processing file /home/debian/etlhausz/venv/lib/python3.9/site-packages/airflow/example_dags/tutorial_taskflow_api_virtualenv.py for tasks to queue
[2022-11-06T22:05:32.616-0300] {logging_mixin.py:120} INFO - [2022-11-06T22:05:32.616-0300] {dagbag.py:537} INFO - Filling up the DagBag from /home/debian/etlhausz/venv/lib/python3.9/site-packages/airflow/example_dags/tutorial_taskflow_api_virtualenv.py
[2022-11-06T22:05:32.639-0300] {processor.py:766} INFO - DAG(s) dict_keys(['tutorial_taskflow_api_virtualenv']) retrieved from /home/debian/etlhausz/venv/lib/python3.9/site-packages/airflow/example_dags/tutorial_taskflow_api_virtualenv.py
[2022-11-06T22:05:32.678-0300] {logging_mixin.py:120} INFO - [2022-11-06T22:05:32.678-0300] {dag.py:2585} INFO - Sync 1 DAGs
[2022-11-06T22:05:32.698-0300] {logging_mixin.py:120} INFO - [2022-11-06T22:05:32.697-0300] {dag.py:3336} INFO - Setting next_dagrun for tutorial_taskflow_api_virtualenv to None, run_after=None
[2022-11-06T22:05:32.718-0300] {processor.py:176} INFO - Processing /home/debian/etlhausz/venv/lib/python3.9/site-packages/airflow/example_dags/tutorial_taskflow_api_virtualenv.py took 0.108 seconds
[2022-11-06T22:06:05.153-0300] {processor.py:154} INFO - Started process (PID=10548) to work on /home/debian/etlhausz/venv/lib/python3.9/site-packages/airflow/example_dags/tutorial_taskflow_api_virtualenv.py
[2022-11-06T22:06:05.155-0300] {processor.py:756} INFO - Processing file /home/debian/etlhausz/venv/lib/python3.9/site-packages/airflow/example_dags/tutorial_taskflow_api_virtualenv.py for tasks to queue
[2022-11-06T22:06:05.157-0300] {logging_mixin.py:120} INFO - [2022-11-06T22:06:05.156-0300] {dagbag.py:537} INFO - Filling up the DagBag from /home/debian/etlhausz/venv/lib/python3.9/site-packages/airflow/example_dags/tutorial_taskflow_api_virtualenv.py
[2022-11-06T22:06:05.187-0300] {processor.py:766} INFO - DAG(s) dict_keys(['tutorial_taskflow_api_virtualenv']) retrieved from /home/debian/etlhausz/venv/lib/python3.9/site-packages/airflow/example_dags/tutorial_taskflow_api_virtualenv.py
[2022-11-06T22:06:05.231-0300] {logging_mixin.py:120} INFO - [2022-11-06T22:06:05.231-0300] {dag.py:2585} INFO - Sync 1 DAGs
[2022-11-06T22:06:05.248-0300] {logging_mixin.py:120} INFO - [2022-11-06T22:06:05.248-0300] {dag.py:3336} INFO - Setting next_dagrun for tutorial_taskflow_api_virtualenv to None, run_after=None
[2022-11-06T22:06:05.268-0300] {processor.py:176} INFO - Processing /home/debian/etlhausz/venv/lib/python3.9/site-packages/airflow/example_dags/tutorial_taskflow_api_virtualenv.py took 0.124 seconds
[2022-11-06T22:06:35.355-0300] {processor.py:154} INFO - Started process (PID=11142) to work on /home/debian/etlhausz/venv/lib/python3.9/site-packages/airflow/example_dags/tutorial_taskflow_api_virtualenv.py
[2022-11-06T22:06:35.356-0300] {processor.py:756} INFO - Processing file /home/debian/etlhausz/venv/lib/python3.9/site-packages/airflow/example_dags/tutorial_taskflow_api_virtualenv.py for tasks to queue
[2022-11-06T22:06:35.356-0300] {logging_mixin.py:120} INFO - [2022-11-06T22:06:35.356-0300] {dagbag.py:537} INFO - Filling up the DagBag from /home/debian/etlhausz/venv/lib/python3.9/site-packages/airflow/example_dags/tutorial_taskflow_api_virtualenv.py
[2022-11-06T22:06:35.376-0300] {processor.py:766} INFO - DAG(s) dict_keys(['tutorial_taskflow_api_virtualenv']) retrieved from /home/debian/etlhausz/venv/lib/python3.9/site-packages/airflow/example_dags/tutorial_taskflow_api_virtualenv.py
[2022-11-06T22:06:35.418-0300] {logging_mixin.py:120} INFO - [2022-11-06T22:06:35.418-0300] {dag.py:2585} INFO - Sync 1 DAGs
[2022-11-06T22:06:35.438-0300] {logging_mixin.py:120} INFO - [2022-11-06T22:06:35.438-0300] {dag.py:3336} INFO - Setting next_dagrun for tutorial_taskflow_api_virtualenv to None, run_after=None
[2022-11-06T22:06:35.461-0300] {processor.py:176} INFO - Processing /home/debian/etlhausz/venv/lib/python3.9/site-packages/airflow/example_dags/tutorial_taskflow_api_virtualenv.py took 0.109 seconds
[2022-11-06T22:07:06.415-0300] {processor.py:154} INFO - Started process (PID=11693) to work on /home/debian/etlhausz/venv/lib/python3.9/site-packages/airflow/example_dags/tutorial_taskflow_api_virtualenv.py
[2022-11-06T22:07:06.417-0300] {processor.py:756} INFO - Processing file /home/debian/etlhausz/venv/lib/python3.9/site-packages/airflow/example_dags/tutorial_taskflow_api_virtualenv.py for tasks to queue
[2022-11-06T22:07:06.417-0300] {logging_mixin.py:120} INFO - [2022-11-06T22:07:06.417-0300] {dagbag.py:537} INFO - Filling up the DagBag from /home/debian/etlhausz/venv/lib/python3.9/site-packages/airflow/example_dags/tutorial_taskflow_api_virtualenv.py
[2022-11-06T22:07:06.437-0300] {processor.py:766} INFO - DAG(s) dict_keys(['tutorial_taskflow_api_virtualenv']) retrieved from /home/debian/etlhausz/venv/lib/python3.9/site-packages/airflow/example_dags/tutorial_taskflow_api_virtualenv.py
[2022-11-06T22:07:06.528-0300] {logging_mixin.py:120} INFO - [2022-11-06T22:07:06.528-0300] {dag.py:2585} INFO - Sync 1 DAGs
[2022-11-06T22:07:06.612-0300] {logging_mixin.py:120} INFO - [2022-11-06T22:07:06.612-0300] {dag.py:3336} INFO - Setting next_dagrun for tutorial_taskflow_api_virtualenv to None, run_after=None
[2022-11-06T22:07:06.676-0300] {processor.py:176} INFO - Processing /home/debian/etlhausz/venv/lib/python3.9/site-packages/airflow/example_dags/tutorial_taskflow_api_virtualenv.py took 0.263 seconds
[2022-11-06T22:07:40.889-0300] {processor.py:154} INFO - Started process (PID=12389) to work on /home/debian/etlhausz/venv/lib/python3.9/site-packages/airflow/example_dags/tutorial_taskflow_api_virtualenv.py
[2022-11-06T22:07:40.897-0300] {processor.py:756} INFO - Processing file /home/debian/etlhausz/venv/lib/python3.9/site-packages/airflow/example_dags/tutorial_taskflow_api_virtualenv.py for tasks to queue
[2022-11-06T22:07:40.900-0300] {logging_mixin.py:120} INFO - [2022-11-06T22:07:40.899-0300] {dagbag.py:537} INFO - Filling up the DagBag from /home/debian/etlhausz/venv/lib/python3.9/site-packages/airflow/example_dags/tutorial_taskflow_api_virtualenv.py
[2022-11-06T22:07:41.054-0300] {processor.py:766} INFO - DAG(s) dict_keys(['tutorial_taskflow_api_virtualenv']) retrieved from /home/debian/etlhausz/venv/lib/python3.9/site-packages/airflow/example_dags/tutorial_taskflow_api_virtualenv.py
[2022-11-06T22:07:41.254-0300] {logging_mixin.py:120} INFO - [2022-11-06T22:07:41.253-0300] {dag.py:2585} INFO - Sync 1 DAGs
[2022-11-06T22:07:41.486-0300] {logging_mixin.py:120} INFO - [2022-11-06T22:07:41.485-0300] {dag.py:3336} INFO - Setting next_dagrun for tutorial_taskflow_api_virtualenv to None, run_after=None
[2022-11-06T22:07:41.562-0300] {processor.py:176} INFO - Processing /home/debian/etlhausz/venv/lib/python3.9/site-packages/airflow/example_dags/tutorial_taskflow_api_virtualenv.py took 0.679 seconds
[2022-11-06T22:08:12.090-0300] {processor.py:154} INFO - Started process (PID=13123) to work on /home/debian/etlhausz/venv/lib/python3.9/site-packages/airflow/example_dags/tutorial_taskflow_api_virtualenv.py
[2022-11-06T22:08:12.092-0300] {processor.py:756} INFO - Processing file /home/debian/etlhausz/venv/lib/python3.9/site-packages/airflow/example_dags/tutorial_taskflow_api_virtualenv.py for tasks to queue
[2022-11-06T22:08:12.092-0300] {logging_mixin.py:120} INFO - [2022-11-06T22:08:12.092-0300] {dagbag.py:537} INFO - Filling up the DagBag from /home/debian/etlhausz/venv/lib/python3.9/site-packages/airflow/example_dags/tutorial_taskflow_api_virtualenv.py
[2022-11-06T22:08:12.109-0300] {processor.py:766} INFO - DAG(s) dict_keys(['tutorial_taskflow_api_virtualenv']) retrieved from /home/debian/etlhausz/venv/lib/python3.9/site-packages/airflow/example_dags/tutorial_taskflow_api_virtualenv.py
[2022-11-06T22:08:12.153-0300] {logging_mixin.py:120} INFO - [2022-11-06T22:08:12.153-0300] {dag.py:2585} INFO - Sync 1 DAGs
[2022-11-06T22:08:12.177-0300] {logging_mixin.py:120} INFO - [2022-11-06T22:08:12.177-0300] {dag.py:3336} INFO - Setting next_dagrun for tutorial_taskflow_api_virtualenv to None, run_after=None
[2022-11-06T22:08:12.207-0300] {processor.py:176} INFO - Processing /home/debian/etlhausz/venv/lib/python3.9/site-packages/airflow/example_dags/tutorial_taskflow_api_virtualenv.py took 0.122 seconds
[2022-11-06T22:08:42.589-0300] {processor.py:154} INFO - Started process (PID=13801) to work on /home/debian/etlhausz/venv/lib/python3.9/site-packages/airflow/example_dags/tutorial_taskflow_api_virtualenv.py
[2022-11-06T22:08:42.590-0300] {processor.py:756} INFO - Processing file /home/debian/etlhausz/venv/lib/python3.9/site-packages/airflow/example_dags/tutorial_taskflow_api_virtualenv.py for tasks to queue
[2022-11-06T22:08:42.591-0300] {logging_mixin.py:120} INFO - [2022-11-06T22:08:42.590-0300] {dagbag.py:537} INFO - Filling up the DagBag from /home/debian/etlhausz/venv/lib/python3.9/site-packages/airflow/example_dags/tutorial_taskflow_api_virtualenv.py
[2022-11-06T22:08:42.611-0300] {processor.py:766} INFO - DAG(s) dict_keys(['tutorial_taskflow_api_virtualenv']) retrieved from /home/debian/etlhausz/venv/lib/python3.9/site-packages/airflow/example_dags/tutorial_taskflow_api_virtualenv.py
[2022-11-06T22:08:42.657-0300] {logging_mixin.py:120} INFO - [2022-11-06T22:08:42.656-0300] {dag.py:2585} INFO - Sync 1 DAGs
[2022-11-06T22:08:42.679-0300] {logging_mixin.py:120} INFO - [2022-11-06T22:08:42.679-0300] {dag.py:3336} INFO - Setting next_dagrun for tutorial_taskflow_api_virtualenv to None, run_after=None
[2022-11-06T22:08:42.705-0300] {processor.py:176} INFO - Processing /home/debian/etlhausz/venv/lib/python3.9/site-packages/airflow/example_dags/tutorial_taskflow_api_virtualenv.py took 0.119 seconds
[2022-11-06T22:09:14.329-0300] {processor.py:154} INFO - Started process (PID=14469) to work on /home/debian/etlhausz/venv/lib/python3.9/site-packages/airflow/example_dags/tutorial_taskflow_api_virtualenv.py
[2022-11-06T22:09:14.331-0300] {processor.py:756} INFO - Processing file /home/debian/etlhausz/venv/lib/python3.9/site-packages/airflow/example_dags/tutorial_taskflow_api_virtualenv.py for tasks to queue
[2022-11-06T22:09:14.331-0300] {logging_mixin.py:120} INFO - [2022-11-06T22:09:14.331-0300] {dagbag.py:537} INFO - Filling up the DagBag from /home/debian/etlhausz/venv/lib/python3.9/site-packages/airflow/example_dags/tutorial_taskflow_api_virtualenv.py
[2022-11-06T22:09:14.354-0300] {processor.py:766} INFO - DAG(s) dict_keys(['tutorial_taskflow_api_virtualenv']) retrieved from /home/debian/etlhausz/venv/lib/python3.9/site-packages/airflow/example_dags/tutorial_taskflow_api_virtualenv.py
[2022-11-06T22:09:14.413-0300] {logging_mixin.py:120} INFO - [2022-11-06T22:09:14.413-0300] {dag.py:2585} INFO - Sync 1 DAGs
[2022-11-06T22:09:14.434-0300] {logging_mixin.py:120} INFO - [2022-11-06T22:09:14.434-0300] {dag.py:3336} INFO - Setting next_dagrun for tutorial_taskflow_api_virtualenv to None, run_after=None
[2022-11-06T22:09:14.458-0300] {processor.py:176} INFO - Processing /home/debian/etlhausz/venv/lib/python3.9/site-packages/airflow/example_dags/tutorial_taskflow_api_virtualenv.py took 0.138 seconds
[2022-11-06T22:09:46.808-0300] {processor.py:154} INFO - Started process (PID=15092) to work on /home/debian/etlhausz/venv/lib/python3.9/site-packages/airflow/example_dags/tutorial_taskflow_api_virtualenv.py
[2022-11-06T22:09:46.809-0300] {processor.py:756} INFO - Processing file /home/debian/etlhausz/venv/lib/python3.9/site-packages/airflow/example_dags/tutorial_taskflow_api_virtualenv.py for tasks to queue
[2022-11-06T22:09:46.811-0300] {logging_mixin.py:120} INFO - [2022-11-06T22:09:46.811-0300] {dagbag.py:537} INFO - Filling up the DagBag from /home/debian/etlhausz/venv/lib/python3.9/site-packages/airflow/example_dags/tutorial_taskflow_api_virtualenv.py
[2022-11-06T22:09:46.837-0300] {processor.py:766} INFO - DAG(s) dict_keys(['tutorial_taskflow_api_virtualenv']) retrieved from /home/debian/etlhausz/venv/lib/python3.9/site-packages/airflow/example_dags/tutorial_taskflow_api_virtualenv.py
[2022-11-06T22:09:46.884-0300] {logging_mixin.py:120} INFO - [2022-11-06T22:09:46.884-0300] {dag.py:2585} INFO - Sync 1 DAGs
[2022-11-06T22:09:46.907-0300] {logging_mixin.py:120} INFO - [2022-11-06T22:09:46.907-0300] {dag.py:3336} INFO - Setting next_dagrun for tutorial_taskflow_api_virtualenv to None, run_after=None
[2022-11-06T22:09:46.929-0300] {processor.py:176} INFO - Processing /home/debian/etlhausz/venv/lib/python3.9/site-packages/airflow/example_dags/tutorial_taskflow_api_virtualenv.py took 0.125 seconds
[2022-11-06T22:10:19.656-0300] {processor.py:154} INFO - Started process (PID=15699) to work on /home/debian/etlhausz/venv/lib/python3.9/site-packages/airflow/example_dags/tutorial_taskflow_api_virtualenv.py
[2022-11-06T22:10:19.666-0300] {processor.py:756} INFO - Processing file /home/debian/etlhausz/venv/lib/python3.9/site-packages/airflow/example_dags/tutorial_taskflow_api_virtualenv.py for tasks to queue
[2022-11-06T22:10:19.667-0300] {logging_mixin.py:120} INFO - [2022-11-06T22:10:19.667-0300] {dagbag.py:537} INFO - Filling up the DagBag from /home/debian/etlhausz/venv/lib/python3.9/site-packages/airflow/example_dags/tutorial_taskflow_api_virtualenv.py
[2022-11-06T22:10:19.728-0300] {processor.py:766} INFO - DAG(s) dict_keys(['tutorial_taskflow_api_virtualenv']) retrieved from /home/debian/etlhausz/venv/lib/python3.9/site-packages/airflow/example_dags/tutorial_taskflow_api_virtualenv.py
[2022-11-06T22:10:19.881-0300] {logging_mixin.py:120} INFO - [2022-11-06T22:10:19.881-0300] {dag.py:2585} INFO - Sync 1 DAGs
[2022-11-06T22:10:19.967-0300] {logging_mixin.py:120} INFO - [2022-11-06T22:10:19.967-0300] {dag.py:3336} INFO - Setting next_dagrun for tutorial_taskflow_api_virtualenv to None, run_after=None
[2022-11-06T22:10:19.998-0300] {processor.py:176} INFO - Processing /home/debian/etlhausz/venv/lib/python3.9/site-packages/airflow/example_dags/tutorial_taskflow_api_virtualenv.py took 0.347 seconds
[2022-11-06T22:10:51.393-0300] {processor.py:154} INFO - Started process (PID=16326) to work on /home/debian/etlhausz/venv/lib/python3.9/site-packages/airflow/example_dags/tutorial_taskflow_api_virtualenv.py
[2022-11-06T22:10:51.393-0300] {processor.py:756} INFO - Processing file /home/debian/etlhausz/venv/lib/python3.9/site-packages/airflow/example_dags/tutorial_taskflow_api_virtualenv.py for tasks to queue
[2022-11-06T22:10:51.394-0300] {logging_mixin.py:120} INFO - [2022-11-06T22:10:51.394-0300] {dagbag.py:537} INFO - Filling up the DagBag from /home/debian/etlhausz/venv/lib/python3.9/site-packages/airflow/example_dags/tutorial_taskflow_api_virtualenv.py
[2022-11-06T22:10:51.423-0300] {processor.py:766} INFO - DAG(s) dict_keys(['tutorial_taskflow_api_virtualenv']) retrieved from /home/debian/etlhausz/venv/lib/python3.9/site-packages/airflow/example_dags/tutorial_taskflow_api_virtualenv.py
[2022-11-06T22:10:51.510-0300] {logging_mixin.py:120} INFO - [2022-11-06T22:10:51.510-0300] {dag.py:2585} INFO - Sync 1 DAGs
[2022-11-06T22:10:51.552-0300] {logging_mixin.py:120} INFO - [2022-11-06T22:10:51.551-0300] {dag.py:3336} INFO - Setting next_dagrun for tutorial_taskflow_api_virtualenv to None, run_after=None
[2022-11-06T22:10:51.583-0300] {processor.py:176} INFO - Processing /home/debian/etlhausz/venv/lib/python3.9/site-packages/airflow/example_dags/tutorial_taskflow_api_virtualenv.py took 0.193 seconds
[2022-11-06T22:11:24.847-0300] {processor.py:154} INFO - Started process (PID=16912) to work on /home/debian/etlhausz/venv/lib/python3.9/site-packages/airflow/example_dags/tutorial_taskflow_api_virtualenv.py
[2022-11-06T22:11:24.851-0300] {processor.py:756} INFO - Processing file /home/debian/etlhausz/venv/lib/python3.9/site-packages/airflow/example_dags/tutorial_taskflow_api_virtualenv.py for tasks to queue
[2022-11-06T22:11:24.852-0300] {logging_mixin.py:120} INFO - [2022-11-06T22:11:24.852-0300] {dagbag.py:537} INFO - Filling up the DagBag from /home/debian/etlhausz/venv/lib/python3.9/site-packages/airflow/example_dags/tutorial_taskflow_api_virtualenv.py
[2022-11-06T22:11:24.878-0300] {processor.py:766} INFO - DAG(s) dict_keys(['tutorial_taskflow_api_virtualenv']) retrieved from /home/debian/etlhausz/venv/lib/python3.9/site-packages/airflow/example_dags/tutorial_taskflow_api_virtualenv.py
[2022-11-06T22:11:24.952-0300] {logging_mixin.py:120} INFO - [2022-11-06T22:11:24.951-0300] {dag.py:2585} INFO - Sync 1 DAGs
[2022-11-06T22:11:25.084-0300] {logging_mixin.py:120} INFO - [2022-11-06T22:11:25.084-0300] {dag.py:3336} INFO - Setting next_dagrun for tutorial_taskflow_api_virtualenv to None, run_after=None
[2022-11-06T22:11:25.111-0300] {processor.py:176} INFO - Processing /home/debian/etlhausz/venv/lib/python3.9/site-packages/airflow/example_dags/tutorial_taskflow_api_virtualenv.py took 0.267 seconds
[2022-11-06T22:12:02.124-0300] {processor.py:154} INFO - Started process (PID=17476) to work on /home/debian/etlhausz/venv/lib/python3.9/site-packages/airflow/example_dags/tutorial_taskflow_api_virtualenv.py
[2022-11-06T22:12:02.125-0300] {processor.py:756} INFO - Processing file /home/debian/etlhausz/venv/lib/python3.9/site-packages/airflow/example_dags/tutorial_taskflow_api_virtualenv.py for tasks to queue
[2022-11-06T22:12:02.127-0300] {logging_mixin.py:120} INFO - [2022-11-06T22:12:02.126-0300] {dagbag.py:537} INFO - Filling up the DagBag from /home/debian/etlhausz/venv/lib/python3.9/site-packages/airflow/example_dags/tutorial_taskflow_api_virtualenv.py
[2022-11-06T22:12:02.144-0300] {processor.py:766} INFO - DAG(s) dict_keys(['tutorial_taskflow_api_virtualenv']) retrieved from /home/debian/etlhausz/venv/lib/python3.9/site-packages/airflow/example_dags/tutorial_taskflow_api_virtualenv.py
[2022-11-06T22:12:02.327-0300] {logging_mixin.py:120} INFO - [2022-11-06T22:12:02.327-0300] {dag.py:2585} INFO - Sync 1 DAGs
[2022-11-06T22:12:02.372-0300] {logging_mixin.py:120} INFO - [2022-11-06T22:12:02.371-0300] {dag.py:3336} INFO - Setting next_dagrun for tutorial_taskflow_api_virtualenv to None, run_after=None
[2022-11-06T22:12:02.417-0300] {processor.py:176} INFO - Processing /home/debian/etlhausz/venv/lib/python3.9/site-packages/airflow/example_dags/tutorial_taskflow_api_virtualenv.py took 0.297 seconds
[2022-11-06T22:12:32.792-0300] {processor.py:154} INFO - Started process (PID=18077) to work on /home/debian/etlhausz/venv/lib/python3.9/site-packages/airflow/example_dags/tutorial_taskflow_api_virtualenv.py
[2022-11-06T22:12:32.793-0300] {processor.py:756} INFO - Processing file /home/debian/etlhausz/venv/lib/python3.9/site-packages/airflow/example_dags/tutorial_taskflow_api_virtualenv.py for tasks to queue
[2022-11-06T22:12:32.793-0300] {logging_mixin.py:120} INFO - [2022-11-06T22:12:32.793-0300] {dagbag.py:537} INFO - Filling up the DagBag from /home/debian/etlhausz/venv/lib/python3.9/site-packages/airflow/example_dags/tutorial_taskflow_api_virtualenv.py
[2022-11-06T22:12:32.810-0300] {processor.py:766} INFO - DAG(s) dict_keys(['tutorial_taskflow_api_virtualenv']) retrieved from /home/debian/etlhausz/venv/lib/python3.9/site-packages/airflow/example_dags/tutorial_taskflow_api_virtualenv.py
[2022-11-06T22:12:33.038-0300] {logging_mixin.py:120} INFO - [2022-11-06T22:12:33.038-0300] {dag.py:2585} INFO - Sync 1 DAGs
[2022-11-06T22:12:33.054-0300] {logging_mixin.py:120} INFO - [2022-11-06T22:12:33.054-0300] {dag.py:3336} INFO - Setting next_dagrun for tutorial_taskflow_api_virtualenv to None, run_after=None
[2022-11-06T22:12:33.080-0300] {processor.py:176} INFO - Processing /home/debian/etlhausz/venv/lib/python3.9/site-packages/airflow/example_dags/tutorial_taskflow_api_virtualenv.py took 0.292 seconds
[2022-11-06T22:13:03.797-0300] {processor.py:154} INFO - Started process (PID=18725) to work on /home/debian/etlhausz/venv/lib/python3.9/site-packages/airflow/example_dags/tutorial_taskflow_api_virtualenv.py
[2022-11-06T22:13:03.799-0300] {processor.py:756} INFO - Processing file /home/debian/etlhausz/venv/lib/python3.9/site-packages/airflow/example_dags/tutorial_taskflow_api_virtualenv.py for tasks to queue
[2022-11-06T22:13:03.799-0300] {logging_mixin.py:120} INFO - [2022-11-06T22:13:03.799-0300] {dagbag.py:537} INFO - Filling up the DagBag from /home/debian/etlhausz/venv/lib/python3.9/site-packages/airflow/example_dags/tutorial_taskflow_api_virtualenv.py
[2022-11-06T22:13:03.932-0300] {processor.py:766} INFO - DAG(s) dict_keys(['tutorial_taskflow_api_virtualenv']) retrieved from /home/debian/etlhausz/venv/lib/python3.9/site-packages/airflow/example_dags/tutorial_taskflow_api_virtualenv.py
[2022-11-06T22:13:03.971-0300] {logging_mixin.py:120} INFO - [2022-11-06T22:13:03.971-0300] {dag.py:2585} INFO - Sync 1 DAGs
[2022-11-06T22:13:03.991-0300] {logging_mixin.py:120} INFO - [2022-11-06T22:13:03.991-0300] {dag.py:3336} INFO - Setting next_dagrun for tutorial_taskflow_api_virtualenv to None, run_after=None
[2022-11-06T22:13:04.016-0300] {processor.py:176} INFO - Processing /home/debian/etlhausz/venv/lib/python3.9/site-packages/airflow/example_dags/tutorial_taskflow_api_virtualenv.py took 0.221 seconds
[2022-11-06T22:13:34.796-0300] {processor.py:154} INFO - Started process (PID=19315) to work on /home/debian/etlhausz/venv/lib/python3.9/site-packages/airflow/example_dags/tutorial_taskflow_api_virtualenv.py
[2022-11-06T22:13:34.797-0300] {processor.py:756} INFO - Processing file /home/debian/etlhausz/venv/lib/python3.9/site-packages/airflow/example_dags/tutorial_taskflow_api_virtualenv.py for tasks to queue
[2022-11-06T22:13:34.798-0300] {logging_mixin.py:120} INFO - [2022-11-06T22:13:34.797-0300] {dagbag.py:537} INFO - Filling up the DagBag from /home/debian/etlhausz/venv/lib/python3.9/site-packages/airflow/example_dags/tutorial_taskflow_api_virtualenv.py
[2022-11-06T22:13:34.817-0300] {processor.py:766} INFO - DAG(s) dict_keys(['tutorial_taskflow_api_virtualenv']) retrieved from /home/debian/etlhausz/venv/lib/python3.9/site-packages/airflow/example_dags/tutorial_taskflow_api_virtualenv.py
[2022-11-06T22:13:34.866-0300] {logging_mixin.py:120} INFO - [2022-11-06T22:13:34.865-0300] {dag.py:2585} INFO - Sync 1 DAGs
[2022-11-06T22:13:34.985-0300] {logging_mixin.py:120} INFO - [2022-11-06T22:13:34.984-0300] {dag.py:3336} INFO - Setting next_dagrun for tutorial_taskflow_api_virtualenv to None, run_after=None
[2022-11-06T22:13:35.004-0300] {processor.py:176} INFO - Processing /home/debian/etlhausz/venv/lib/python3.9/site-packages/airflow/example_dags/tutorial_taskflow_api_virtualenv.py took 0.212 seconds
[2022-11-06T22:14:07.276-0300] {processor.py:154} INFO - Started process (PID=19917) to work on /home/debian/etlhausz/venv/lib/python3.9/site-packages/airflow/example_dags/tutorial_taskflow_api_virtualenv.py
[2022-11-06T22:14:07.293-0300] {processor.py:756} INFO - Processing file /home/debian/etlhausz/venv/lib/python3.9/site-packages/airflow/example_dags/tutorial_taskflow_api_virtualenv.py for tasks to queue
[2022-11-06T22:14:07.294-0300] {logging_mixin.py:120} INFO - [2022-11-06T22:14:07.293-0300] {dagbag.py:537} INFO - Filling up the DagBag from /home/debian/etlhausz/venv/lib/python3.9/site-packages/airflow/example_dags/tutorial_taskflow_api_virtualenv.py
[2022-11-06T22:14:07.332-0300] {processor.py:766} INFO - DAG(s) dict_keys(['tutorial_taskflow_api_virtualenv']) retrieved from /home/debian/etlhausz/venv/lib/python3.9/site-packages/airflow/example_dags/tutorial_taskflow_api_virtualenv.py
[2022-11-06T22:14:07.498-0300] {logging_mixin.py:120} INFO - [2022-11-06T22:14:07.498-0300] {dag.py:2585} INFO - Sync 1 DAGs
[2022-11-06T22:14:07.525-0300] {logging_mixin.py:120} INFO - [2022-11-06T22:14:07.525-0300] {dag.py:3336} INFO - Setting next_dagrun for tutorial_taskflow_api_virtualenv to None, run_after=None
[2022-11-06T22:14:07.547-0300] {processor.py:176} INFO - Processing /home/debian/etlhausz/venv/lib/python3.9/site-packages/airflow/example_dags/tutorial_taskflow_api_virtualenv.py took 0.275 seconds
[2022-11-06T22:14:39.988-0300] {processor.py:154} INFO - Started process (PID=20543) to work on /home/debian/etlhausz/venv/lib/python3.9/site-packages/airflow/example_dags/tutorial_taskflow_api_virtualenv.py
[2022-11-06T22:14:39.990-0300] {processor.py:756} INFO - Processing file /home/debian/etlhausz/venv/lib/python3.9/site-packages/airflow/example_dags/tutorial_taskflow_api_virtualenv.py for tasks to queue
[2022-11-06T22:14:39.991-0300] {logging_mixin.py:120} INFO - [2022-11-06T22:14:39.991-0300] {dagbag.py:537} INFO - Filling up the DagBag from /home/debian/etlhausz/venv/lib/python3.9/site-packages/airflow/example_dags/tutorial_taskflow_api_virtualenv.py
[2022-11-06T22:14:40.016-0300] {processor.py:766} INFO - DAG(s) dict_keys(['tutorial_taskflow_api_virtualenv']) retrieved from /home/debian/etlhausz/venv/lib/python3.9/site-packages/airflow/example_dags/tutorial_taskflow_api_virtualenv.py
[2022-11-06T22:14:40.223-0300] {logging_mixin.py:120} INFO - [2022-11-06T22:14:40.223-0300] {dag.py:2585} INFO - Sync 1 DAGs
[2022-11-06T22:14:40.247-0300] {logging_mixin.py:120} INFO - [2022-11-06T22:14:40.247-0300] {dag.py:3336} INFO - Setting next_dagrun for tutorial_taskflow_api_virtualenv to None, run_after=None
[2022-11-06T22:14:40.272-0300] {processor.py:176} INFO - Processing /home/debian/etlhausz/venv/lib/python3.9/site-packages/airflow/example_dags/tutorial_taskflow_api_virtualenv.py took 0.286 seconds
[2022-11-06T22:15:11.099-0300] {processor.py:154} INFO - Started process (PID=21131) to work on /home/debian/etlhausz/venv/lib/python3.9/site-packages/airflow/example_dags/tutorial_taskflow_api_virtualenv.py
[2022-11-06T22:15:11.100-0300] {processor.py:756} INFO - Processing file /home/debian/etlhausz/venv/lib/python3.9/site-packages/airflow/example_dags/tutorial_taskflow_api_virtualenv.py for tasks to queue
[2022-11-06T22:15:11.101-0300] {logging_mixin.py:120} INFO - [2022-11-06T22:15:11.101-0300] {dagbag.py:537} INFO - Filling up the DagBag from /home/debian/etlhausz/venv/lib/python3.9/site-packages/airflow/example_dags/tutorial_taskflow_api_virtualenv.py
[2022-11-06T22:15:11.227-0300] {processor.py:766} INFO - DAG(s) dict_keys(['tutorial_taskflow_api_virtualenv']) retrieved from /home/debian/etlhausz/venv/lib/python3.9/site-packages/airflow/example_dags/tutorial_taskflow_api_virtualenv.py
[2022-11-06T22:15:11.267-0300] {logging_mixin.py:120} INFO - [2022-11-06T22:15:11.267-0300] {dag.py:2585} INFO - Sync 1 DAGs
[2022-11-06T22:15:11.285-0300] {logging_mixin.py:120} INFO - [2022-11-06T22:15:11.285-0300] {dag.py:3336} INFO - Setting next_dagrun for tutorial_taskflow_api_virtualenv to None, run_after=None
[2022-11-06T22:15:11.324-0300] {processor.py:176} INFO - Processing /home/debian/etlhausz/venv/lib/python3.9/site-packages/airflow/example_dags/tutorial_taskflow_api_virtualenv.py took 0.230 seconds
[2022-11-06T22:15:43.896-0300] {processor.py:154} INFO - Started process (PID=21798) to work on /home/debian/etlhausz/venv/lib/python3.9/site-packages/airflow/example_dags/tutorial_taskflow_api_virtualenv.py
[2022-11-06T22:15:43.897-0300] {processor.py:756} INFO - Processing file /home/debian/etlhausz/venv/lib/python3.9/site-packages/airflow/example_dags/tutorial_taskflow_api_virtualenv.py for tasks to queue
[2022-11-06T22:15:43.898-0300] {logging_mixin.py:120} INFO - [2022-11-06T22:15:43.897-0300] {dagbag.py:537} INFO - Filling up the DagBag from /home/debian/etlhausz/venv/lib/python3.9/site-packages/airflow/example_dags/tutorial_taskflow_api_virtualenv.py
[2022-11-06T22:15:43.916-0300] {processor.py:766} INFO - DAG(s) dict_keys(['tutorial_taskflow_api_virtualenv']) retrieved from /home/debian/etlhausz/venv/lib/python3.9/site-packages/airflow/example_dags/tutorial_taskflow_api_virtualenv.py
[2022-11-06T22:15:43.971-0300] {logging_mixin.py:120} INFO - [2022-11-06T22:15:43.970-0300] {dag.py:2585} INFO - Sync 1 DAGs
[2022-11-06T22:15:44.139-0300] {logging_mixin.py:120} INFO - [2022-11-06T22:15:44.139-0300] {dag.py:3336} INFO - Setting next_dagrun for tutorial_taskflow_api_virtualenv to None, run_after=None
[2022-11-06T22:15:44.171-0300] {processor.py:176} INFO - Processing /home/debian/etlhausz/venv/lib/python3.9/site-packages/airflow/example_dags/tutorial_taskflow_api_virtualenv.py took 0.278 seconds
[2022-11-06T22:16:16.093-0300] {processor.py:154} INFO - Started process (PID=22421) to work on /home/debian/etlhausz/venv/lib/python3.9/site-packages/airflow/example_dags/tutorial_taskflow_api_virtualenv.py
[2022-11-06T22:16:16.094-0300] {processor.py:756} INFO - Processing file /home/debian/etlhausz/venv/lib/python3.9/site-packages/airflow/example_dags/tutorial_taskflow_api_virtualenv.py for tasks to queue
[2022-11-06T22:16:16.095-0300] {logging_mixin.py:120} INFO - [2022-11-06T22:16:16.094-0300] {dagbag.py:537} INFO - Filling up the DagBag from /home/debian/etlhausz/venv/lib/python3.9/site-packages/airflow/example_dags/tutorial_taskflow_api_virtualenv.py
[2022-11-06T22:16:16.112-0300] {processor.py:766} INFO - DAG(s) dict_keys(['tutorial_taskflow_api_virtualenv']) retrieved from /home/debian/etlhausz/venv/lib/python3.9/site-packages/airflow/example_dags/tutorial_taskflow_api_virtualenv.py
[2022-11-06T22:16:16.249-0300] {logging_mixin.py:120} INFO - [2022-11-06T22:16:16.249-0300] {dag.py:2585} INFO - Sync 1 DAGs
[2022-11-06T22:16:16.294-0300] {logging_mixin.py:120} INFO - [2022-11-06T22:16:16.294-0300] {dag.py:3336} INFO - Setting next_dagrun for tutorial_taskflow_api_virtualenv to None, run_after=None
[2022-11-06T22:16:16.324-0300] {processor.py:176} INFO - Processing /home/debian/etlhausz/venv/lib/python3.9/site-packages/airflow/example_dags/tutorial_taskflow_api_virtualenv.py took 0.233 seconds
[2022-11-06T22:16:49.617-0300] {processor.py:154} INFO - Started process (PID=23045) to work on /home/debian/etlhausz/venv/lib/python3.9/site-packages/airflow/example_dags/tutorial_taskflow_api_virtualenv.py
[2022-11-06T22:16:49.619-0300] {processor.py:756} INFO - Processing file /home/debian/etlhausz/venv/lib/python3.9/site-packages/airflow/example_dags/tutorial_taskflow_api_virtualenv.py for tasks to queue
[2022-11-06T22:16:49.620-0300] {logging_mixin.py:120} INFO - [2022-11-06T22:16:49.620-0300] {dagbag.py:537} INFO - Filling up the DagBag from /home/debian/etlhausz/venv/lib/python3.9/site-packages/airflow/example_dags/tutorial_taskflow_api_virtualenv.py
[2022-11-06T22:16:49.640-0300] {processor.py:766} INFO - DAG(s) dict_keys(['tutorial_taskflow_api_virtualenv']) retrieved from /home/debian/etlhausz/venv/lib/python3.9/site-packages/airflow/example_dags/tutorial_taskflow_api_virtualenv.py
[2022-11-06T22:16:49.799-0300] {logging_mixin.py:120} INFO - [2022-11-06T22:16:49.799-0300] {dag.py:2585} INFO - Sync 1 DAGs
[2022-11-06T22:16:49.816-0300] {logging_mixin.py:120} INFO - [2022-11-06T22:16:49.816-0300] {dag.py:3336} INFO - Setting next_dagrun for tutorial_taskflow_api_virtualenv to None, run_after=None
[2022-11-06T22:16:49.832-0300] {processor.py:176} INFO - Processing /home/debian/etlhausz/venv/lib/python3.9/site-packages/airflow/example_dags/tutorial_taskflow_api_virtualenv.py took 0.218 seconds
[2022-11-06T22:17:21.027-0300] {processor.py:154} INFO - Started process (PID=23664) to work on /home/debian/etlhausz/venv/lib/python3.9/site-packages/airflow/example_dags/tutorial_taskflow_api_virtualenv.py
[2022-11-06T22:17:21.028-0300] {processor.py:756} INFO - Processing file /home/debian/etlhausz/venv/lib/python3.9/site-packages/airflow/example_dags/tutorial_taskflow_api_virtualenv.py for tasks to queue
[2022-11-06T22:17:21.031-0300] {logging_mixin.py:120} INFO - [2022-11-06T22:17:21.028-0300] {dagbag.py:537} INFO - Filling up the DagBag from /home/debian/etlhausz/venv/lib/python3.9/site-packages/airflow/example_dags/tutorial_taskflow_api_virtualenv.py
[2022-11-06T22:17:21.206-0300] {processor.py:766} INFO - DAG(s) dict_keys(['tutorial_taskflow_api_virtualenv']) retrieved from /home/debian/etlhausz/venv/lib/python3.9/site-packages/airflow/example_dags/tutorial_taskflow_api_virtualenv.py
[2022-11-06T22:17:21.278-0300] {logging_mixin.py:120} INFO - [2022-11-06T22:17:21.278-0300] {dag.py:2585} INFO - Sync 1 DAGs
[2022-11-06T22:17:21.328-0300] {logging_mixin.py:120} INFO - [2022-11-06T22:17:21.328-0300] {dag.py:3336} INFO - Setting next_dagrun for tutorial_taskflow_api_virtualenv to None, run_after=None
[2022-11-06T22:17:21.353-0300] {processor.py:176} INFO - Processing /home/debian/etlhausz/venv/lib/python3.9/site-packages/airflow/example_dags/tutorial_taskflow_api_virtualenv.py took 0.330 seconds
[2022-11-06T22:17:52.700-0300] {processor.py:154} INFO - Started process (PID=24312) to work on /home/debian/etlhausz/venv/lib/python3.9/site-packages/airflow/example_dags/tutorial_taskflow_api_virtualenv.py
[2022-11-06T22:17:52.701-0300] {processor.py:756} INFO - Processing file /home/debian/etlhausz/venv/lib/python3.9/site-packages/airflow/example_dags/tutorial_taskflow_api_virtualenv.py for tasks to queue
[2022-11-06T22:17:52.701-0300] {logging_mixin.py:120} INFO - [2022-11-06T22:17:52.701-0300] {dagbag.py:537} INFO - Filling up the DagBag from /home/debian/etlhausz/venv/lib/python3.9/site-packages/airflow/example_dags/tutorial_taskflow_api_virtualenv.py
[2022-11-06T22:17:52.747-0300] {processor.py:766} INFO - DAG(s) dict_keys(['tutorial_taskflow_api_virtualenv']) retrieved from /home/debian/etlhausz/venv/lib/python3.9/site-packages/airflow/example_dags/tutorial_taskflow_api_virtualenv.py
[2022-11-06T22:17:52.807-0300] {logging_mixin.py:120} INFO - [2022-11-06T22:17:52.807-0300] {dag.py:2585} INFO - Sync 1 DAGs
[2022-11-06T22:17:52.932-0300] {logging_mixin.py:120} INFO - [2022-11-06T22:17:52.932-0300] {dag.py:3336} INFO - Setting next_dagrun for tutorial_taskflow_api_virtualenv to None, run_after=None
[2022-11-06T22:17:52.954-0300] {processor.py:176} INFO - Processing /home/debian/etlhausz/venv/lib/python3.9/site-packages/airflow/example_dags/tutorial_taskflow_api_virtualenv.py took 0.265 seconds
[2022-11-06T22:18:23.615-0300] {processor.py:154} INFO - Started process (PID=24953) to work on /home/debian/etlhausz/venv/lib/python3.9/site-packages/airflow/example_dags/tutorial_taskflow_api_virtualenv.py
[2022-11-06T22:18:23.617-0300] {processor.py:756} INFO - Processing file /home/debian/etlhausz/venv/lib/python3.9/site-packages/airflow/example_dags/tutorial_taskflow_api_virtualenv.py for tasks to queue
[2022-11-06T22:18:23.617-0300] {logging_mixin.py:120} INFO - [2022-11-06T22:18:23.617-0300] {dagbag.py:537} INFO - Filling up the DagBag from /home/debian/etlhausz/venv/lib/python3.9/site-packages/airflow/example_dags/tutorial_taskflow_api_virtualenv.py
[2022-11-06T22:18:23.637-0300] {processor.py:766} INFO - DAG(s) dict_keys(['tutorial_taskflow_api_virtualenv']) retrieved from /home/debian/etlhausz/venv/lib/python3.9/site-packages/airflow/example_dags/tutorial_taskflow_api_virtualenv.py
[2022-11-06T22:18:23.778-0300] {logging_mixin.py:120} INFO - [2022-11-06T22:18:23.778-0300] {dag.py:2585} INFO - Sync 1 DAGs
[2022-11-06T22:18:23.802-0300] {logging_mixin.py:120} INFO - [2022-11-06T22:18:23.801-0300] {dag.py:3336} INFO - Setting next_dagrun for tutorial_taskflow_api_virtualenv to None, run_after=None
[2022-11-06T22:18:23.823-0300] {processor.py:176} INFO - Processing /home/debian/etlhausz/venv/lib/python3.9/site-packages/airflow/example_dags/tutorial_taskflow_api_virtualenv.py took 0.210 seconds
[2022-11-06T22:19:21.587-0300] {processor.py:154} INFO - Started process (PID=26342) to work on /home/debian/etlhausz/venv/lib/python3.9/site-packages/airflow/example_dags/tutorial_taskflow_api_virtualenv.py
[2022-11-06T22:19:21.591-0300] {processor.py:756} INFO - Processing file /home/debian/etlhausz/venv/lib/python3.9/site-packages/airflow/example_dags/tutorial_taskflow_api_virtualenv.py for tasks to queue
[2022-11-06T22:19:21.591-0300] {logging_mixin.py:120} INFO - [2022-11-06T22:19:21.591-0300] {dagbag.py:537} INFO - Filling up the DagBag from /home/debian/etlhausz/venv/lib/python3.9/site-packages/airflow/example_dags/tutorial_taskflow_api_virtualenv.py
[2022-11-06T22:19:21.650-0300] {processor.py:766} INFO - DAG(s) dict_keys(['tutorial_taskflow_api_virtualenv']) retrieved from /home/debian/etlhausz/venv/lib/python3.9/site-packages/airflow/example_dags/tutorial_taskflow_api_virtualenv.py
[2022-11-06T22:19:21.798-0300] {logging_mixin.py:120} INFO - [2022-11-06T22:19:21.797-0300] {dag.py:2585} INFO - Sync 1 DAGs
[2022-11-06T22:19:21.927-0300] {logging_mixin.py:120} INFO - [2022-11-06T22:19:21.927-0300] {dag.py:3336} INFO - Setting next_dagrun for tutorial_taskflow_api_virtualenv to None, run_after=None
[2022-11-06T22:19:21.951-0300] {processor.py:176} INFO - Processing /home/debian/etlhausz/venv/lib/python3.9/site-packages/airflow/example_dags/tutorial_taskflow_api_virtualenv.py took 0.371 seconds
[2022-11-06T22:19:52.096-0300] {processor.py:154} INFO - Started process (PID=26927) to work on /home/debian/etlhausz/venv/lib/python3.9/site-packages/airflow/example_dags/tutorial_taskflow_api_virtualenv.py
[2022-11-06T22:19:52.097-0300] {processor.py:756} INFO - Processing file /home/debian/etlhausz/venv/lib/python3.9/site-packages/airflow/example_dags/tutorial_taskflow_api_virtualenv.py for tasks to queue
[2022-11-06T22:19:52.097-0300] {logging_mixin.py:120} INFO - [2022-11-06T22:19:52.097-0300] {dagbag.py:537} INFO - Filling up the DagBag from /home/debian/etlhausz/venv/lib/python3.9/site-packages/airflow/example_dags/tutorial_taskflow_api_virtualenv.py
[2022-11-06T22:19:52.116-0300] {processor.py:766} INFO - DAG(s) dict_keys(['tutorial_taskflow_api_virtualenv']) retrieved from /home/debian/etlhausz/venv/lib/python3.9/site-packages/airflow/example_dags/tutorial_taskflow_api_virtualenv.py
[2022-11-06T22:19:52.186-0300] {logging_mixin.py:120} INFO - [2022-11-06T22:19:52.186-0300] {dag.py:2585} INFO - Sync 1 DAGs
[2022-11-06T22:19:52.269-0300] {logging_mixin.py:120} INFO - [2022-11-06T22:19:52.269-0300] {dag.py:3336} INFO - Setting next_dagrun for tutorial_taskflow_api_virtualenv to None, run_after=None
[2022-11-06T22:19:52.363-0300] {processor.py:176} INFO - Processing /home/debian/etlhausz/venv/lib/python3.9/site-packages/airflow/example_dags/tutorial_taskflow_api_virtualenv.py took 0.270 seconds
[2022-11-06T22:20:23.551-0300] {processor.py:154} INFO - Started process (PID=27700) to work on /home/debian/etlhausz/venv/lib/python3.9/site-packages/airflow/example_dags/tutorial_taskflow_api_virtualenv.py
[2022-11-06T22:20:23.552-0300] {processor.py:756} INFO - Processing file /home/debian/etlhausz/venv/lib/python3.9/site-packages/airflow/example_dags/tutorial_taskflow_api_virtualenv.py for tasks to queue
[2022-11-06T22:20:23.553-0300] {logging_mixin.py:120} INFO - [2022-11-06T22:20:23.553-0300] {dagbag.py:537} INFO - Filling up the DagBag from /home/debian/etlhausz/venv/lib/python3.9/site-packages/airflow/example_dags/tutorial_taskflow_api_virtualenv.py
[2022-11-06T22:20:23.571-0300] {processor.py:766} INFO - DAG(s) dict_keys(['tutorial_taskflow_api_virtualenv']) retrieved from /home/debian/etlhausz/venv/lib/python3.9/site-packages/airflow/example_dags/tutorial_taskflow_api_virtualenv.py
[2022-11-06T22:20:23.628-0300] {logging_mixin.py:120} INFO - [2022-11-06T22:20:23.628-0300] {dag.py:2585} INFO - Sync 1 DAGs
[2022-11-06T22:20:23.681-0300] {logging_mixin.py:120} INFO - [2022-11-06T22:20:23.680-0300] {dag.py:3336} INFO - Setting next_dagrun for tutorial_taskflow_api_virtualenv to None, run_after=None
[2022-11-06T22:20:23.720-0300] {processor.py:176} INFO - Processing /home/debian/etlhausz/venv/lib/python3.9/site-packages/airflow/example_dags/tutorial_taskflow_api_virtualenv.py took 0.172 seconds
[2022-11-06T22:20:55.974-0300] {processor.py:154} INFO - Started process (PID=28383) to work on /home/debian/etlhausz/venv/lib/python3.9/site-packages/airflow/example_dags/tutorial_taskflow_api_virtualenv.py
[2022-11-06T22:20:55.975-0300] {processor.py:756} INFO - Processing file /home/debian/etlhausz/venv/lib/python3.9/site-packages/airflow/example_dags/tutorial_taskflow_api_virtualenv.py for tasks to queue
[2022-11-06T22:20:55.976-0300] {logging_mixin.py:120} INFO - [2022-11-06T22:20:55.976-0300] {dagbag.py:537} INFO - Filling up the DagBag from /home/debian/etlhausz/venv/lib/python3.9/site-packages/airflow/example_dags/tutorial_taskflow_api_virtualenv.py
[2022-11-06T22:20:56.043-0300] {processor.py:766} INFO - DAG(s) dict_keys(['tutorial_taskflow_api_virtualenv']) retrieved from /home/debian/etlhausz/venv/lib/python3.9/site-packages/airflow/example_dags/tutorial_taskflow_api_virtualenv.py
[2022-11-06T22:20:56.166-0300] {logging_mixin.py:120} INFO - [2022-11-06T22:20:56.166-0300] {dag.py:2585} INFO - Sync 1 DAGs
[2022-11-06T22:20:56.224-0300] {logging_mixin.py:120} INFO - [2022-11-06T22:20:56.224-0300] {dag.py:3336} INFO - Setting next_dagrun for tutorial_taskflow_api_virtualenv to None, run_after=None
[2022-11-06T22:20:56.321-0300] {processor.py:176} INFO - Processing /home/debian/etlhausz/venv/lib/python3.9/site-packages/airflow/example_dags/tutorial_taskflow_api_virtualenv.py took 0.354 seconds
[2022-11-06T22:21:29.742-0300] {processor.py:154} INFO - Started process (PID=29010) to work on /home/debian/etlhausz/venv/lib/python3.9/site-packages/airflow/example_dags/tutorial_taskflow_api_virtualenv.py
[2022-11-06T22:21:29.744-0300] {processor.py:756} INFO - Processing file /home/debian/etlhausz/venv/lib/python3.9/site-packages/airflow/example_dags/tutorial_taskflow_api_virtualenv.py for tasks to queue
[2022-11-06T22:21:29.745-0300] {logging_mixin.py:120} INFO - [2022-11-06T22:21:29.745-0300] {dagbag.py:537} INFO - Filling up the DagBag from /home/debian/etlhausz/venv/lib/python3.9/site-packages/airflow/example_dags/tutorial_taskflow_api_virtualenv.py
[2022-11-06T22:21:29.795-0300] {processor.py:766} INFO - DAG(s) dict_keys(['tutorial_taskflow_api_virtualenv']) retrieved from /home/debian/etlhausz/venv/lib/python3.9/site-packages/airflow/example_dags/tutorial_taskflow_api_virtualenv.py
[2022-11-06T22:21:29.895-0300] {logging_mixin.py:120} INFO - [2022-11-06T22:21:29.895-0300] {dag.py:2585} INFO - Sync 1 DAGs
[2022-11-06T22:21:29.986-0300] {logging_mixin.py:120} INFO - [2022-11-06T22:21:29.986-0300] {dag.py:3336} INFO - Setting next_dagrun for tutorial_taskflow_api_virtualenv to None, run_after=None
[2022-11-06T22:21:30.328-0300] {processor.py:176} INFO - Processing /home/debian/etlhausz/venv/lib/python3.9/site-packages/airflow/example_dags/tutorial_taskflow_api_virtualenv.py took 0.591 seconds
[2022-11-06T22:22:02.910-0300] {processor.py:154} INFO - Started process (PID=29555) to work on /home/debian/etlhausz/venv/lib/python3.9/site-packages/airflow/example_dags/tutorial_taskflow_api_virtualenv.py
[2022-11-06T22:22:02.912-0300] {processor.py:756} INFO - Processing file /home/debian/etlhausz/venv/lib/python3.9/site-packages/airflow/example_dags/tutorial_taskflow_api_virtualenv.py for tasks to queue
[2022-11-06T22:22:02.912-0300] {logging_mixin.py:120} INFO - [2022-11-06T22:22:02.912-0300] {dagbag.py:537} INFO - Filling up the DagBag from /home/debian/etlhausz/venv/lib/python3.9/site-packages/airflow/example_dags/tutorial_taskflow_api_virtualenv.py
[2022-11-06T22:22:02.933-0300] {processor.py:766} INFO - DAG(s) dict_keys(['tutorial_taskflow_api_virtualenv']) retrieved from /home/debian/etlhausz/venv/lib/python3.9/site-packages/airflow/example_dags/tutorial_taskflow_api_virtualenv.py
[2022-11-06T22:22:02.995-0300] {logging_mixin.py:120} INFO - [2022-11-06T22:22:02.995-0300] {dag.py:2585} INFO - Sync 1 DAGs
[2022-11-06T22:22:03.027-0300] {logging_mixin.py:120} INFO - [2022-11-06T22:22:03.026-0300] {dag.py:3336} INFO - Setting next_dagrun for tutorial_taskflow_api_virtualenv to None, run_after=None
[2022-11-06T22:22:03.055-0300] {processor.py:176} INFO - Processing /home/debian/etlhausz/venv/lib/python3.9/site-packages/airflow/example_dags/tutorial_taskflow_api_virtualenv.py took 0.149 seconds
[2022-11-06T22:22:33.362-0300] {processor.py:154} INFO - Started process (PID=30204) to work on /home/debian/etlhausz/venv/lib/python3.9/site-packages/airflow/example_dags/tutorial_taskflow_api_virtualenv.py
[2022-11-06T22:22:33.363-0300] {processor.py:756} INFO - Processing file /home/debian/etlhausz/venv/lib/python3.9/site-packages/airflow/example_dags/tutorial_taskflow_api_virtualenv.py for tasks to queue
[2022-11-06T22:22:33.364-0300] {logging_mixin.py:120} INFO - [2022-11-06T22:22:33.364-0300] {dagbag.py:537} INFO - Filling up the DagBag from /home/debian/etlhausz/venv/lib/python3.9/site-packages/airflow/example_dags/tutorial_taskflow_api_virtualenv.py
[2022-11-06T22:22:33.393-0300] {processor.py:766} INFO - DAG(s) dict_keys(['tutorial_taskflow_api_virtualenv']) retrieved from /home/debian/etlhausz/venv/lib/python3.9/site-packages/airflow/example_dags/tutorial_taskflow_api_virtualenv.py
[2022-11-06T22:22:33.478-0300] {logging_mixin.py:120} INFO - [2022-11-06T22:22:33.478-0300] {dag.py:2585} INFO - Sync 1 DAGs
[2022-11-06T22:22:33.502-0300] {logging_mixin.py:120} INFO - [2022-11-06T22:22:33.502-0300] {dag.py:3336} INFO - Setting next_dagrun for tutorial_taskflow_api_virtualenv to None, run_after=None
[2022-11-06T22:22:33.560-0300] {processor.py:176} INFO - Processing /home/debian/etlhausz/venv/lib/python3.9/site-packages/airflow/example_dags/tutorial_taskflow_api_virtualenv.py took 0.201 seconds
[2022-11-06T22:23:11.453-0300] {processor.py:154} INFO - Started process (PID=31029) to work on /home/debian/etlhausz/venv/lib/python3.9/site-packages/airflow/example_dags/tutorial_taskflow_api_virtualenv.py
[2022-11-06T22:23:11.455-0300] {processor.py:756} INFO - Processing file /home/debian/etlhausz/venv/lib/python3.9/site-packages/airflow/example_dags/tutorial_taskflow_api_virtualenv.py for tasks to queue
[2022-11-06T22:23:11.455-0300] {logging_mixin.py:120} INFO - [2022-11-06T22:23:11.455-0300] {dagbag.py:537} INFO - Filling up the DagBag from /home/debian/etlhausz/venv/lib/python3.9/site-packages/airflow/example_dags/tutorial_taskflow_api_virtualenv.py
[2022-11-06T22:23:11.478-0300] {processor.py:766} INFO - DAG(s) dict_keys(['tutorial_taskflow_api_virtualenv']) retrieved from /home/debian/etlhausz/venv/lib/python3.9/site-packages/airflow/example_dags/tutorial_taskflow_api_virtualenv.py
[2022-11-06T22:23:11.568-0300] {logging_mixin.py:120} INFO - [2022-11-06T22:23:11.568-0300] {dag.py:2585} INFO - Sync 1 DAGs
[2022-11-06T22:23:11.618-0300] {logging_mixin.py:120} INFO - [2022-11-06T22:23:11.618-0300] {dag.py:3336} INFO - Setting next_dagrun for tutorial_taskflow_api_virtualenv to None, run_after=None
[2022-11-06T22:23:11.653-0300] {processor.py:176} INFO - Processing /home/debian/etlhausz/venv/lib/python3.9/site-packages/airflow/example_dags/tutorial_taskflow_api_virtualenv.py took 0.204 seconds
[2022-11-06T22:23:42.533-0300] {processor.py:154} INFO - Started process (PID=31569) to work on /home/debian/etlhausz/venv/lib/python3.9/site-packages/airflow/example_dags/tutorial_taskflow_api_virtualenv.py
[2022-11-06T22:23:42.534-0300] {processor.py:756} INFO - Processing file /home/debian/etlhausz/venv/lib/python3.9/site-packages/airflow/example_dags/tutorial_taskflow_api_virtualenv.py for tasks to queue
[2022-11-06T22:23:42.535-0300] {logging_mixin.py:120} INFO - [2022-11-06T22:23:42.535-0300] {dagbag.py:537} INFO - Filling up the DagBag from /home/debian/etlhausz/venv/lib/python3.9/site-packages/airflow/example_dags/tutorial_taskflow_api_virtualenv.py
[2022-11-06T22:23:42.555-0300] {processor.py:766} INFO - DAG(s) dict_keys(['tutorial_taskflow_api_virtualenv']) retrieved from /home/debian/etlhausz/venv/lib/python3.9/site-packages/airflow/example_dags/tutorial_taskflow_api_virtualenv.py
[2022-11-06T22:23:42.642-0300] {logging_mixin.py:120} INFO - [2022-11-06T22:23:42.642-0300] {dag.py:2585} INFO - Sync 1 DAGs
[2022-11-06T22:23:42.665-0300] {logging_mixin.py:120} INFO - [2022-11-06T22:23:42.665-0300] {dag.py:3336} INFO - Setting next_dagrun for tutorial_taskflow_api_virtualenv to None, run_after=None
[2022-11-06T22:23:42.688-0300] {processor.py:176} INFO - Processing /home/debian/etlhausz/venv/lib/python3.9/site-packages/airflow/example_dags/tutorial_taskflow_api_virtualenv.py took 0.159 seconds
[2022-11-06T22:24:14.547-0300] {processor.py:154} INFO - Started process (PID=32229) to work on /home/debian/etlhausz/venv/lib/python3.9/site-packages/airflow/example_dags/tutorial_taskflow_api_virtualenv.py
[2022-11-06T22:24:14.549-0300] {processor.py:756} INFO - Processing file /home/debian/etlhausz/venv/lib/python3.9/site-packages/airflow/example_dags/tutorial_taskflow_api_virtualenv.py for tasks to queue
[2022-11-06T22:24:14.549-0300] {logging_mixin.py:120} INFO - [2022-11-06T22:24:14.549-0300] {dagbag.py:537} INFO - Filling up the DagBag from /home/debian/etlhausz/venv/lib/python3.9/site-packages/airflow/example_dags/tutorial_taskflow_api_virtualenv.py
[2022-11-06T22:24:14.569-0300] {processor.py:766} INFO - DAG(s) dict_keys(['tutorial_taskflow_api_virtualenv']) retrieved from /home/debian/etlhausz/venv/lib/python3.9/site-packages/airflow/example_dags/tutorial_taskflow_api_virtualenv.py
[2022-11-06T22:24:14.615-0300] {logging_mixin.py:120} INFO - [2022-11-06T22:24:14.614-0300] {dag.py:2585} INFO - Sync 1 DAGs
[2022-11-06T22:24:14.637-0300] {logging_mixin.py:120} INFO - [2022-11-06T22:24:14.637-0300] {dag.py:3336} INFO - Setting next_dagrun for tutorial_taskflow_api_virtualenv to None, run_after=None
[2022-11-06T22:24:14.654-0300] {processor.py:176} INFO - Processing /home/debian/etlhausz/venv/lib/python3.9/site-packages/airflow/example_dags/tutorial_taskflow_api_virtualenv.py took 0.109 seconds
[2022-11-06T22:24:44.924-0300] {processor.py:154} INFO - Started process (PID=32836) to work on /home/debian/etlhausz/venv/lib/python3.9/site-packages/airflow/example_dags/tutorial_taskflow_api_virtualenv.py
[2022-11-06T22:24:44.927-0300] {processor.py:756} INFO - Processing file /home/debian/etlhausz/venv/lib/python3.9/site-packages/airflow/example_dags/tutorial_taskflow_api_virtualenv.py for tasks to queue
[2022-11-06T22:24:44.927-0300] {logging_mixin.py:120} INFO - [2022-11-06T22:24:44.927-0300] {dagbag.py:537} INFO - Filling up the DagBag from /home/debian/etlhausz/venv/lib/python3.9/site-packages/airflow/example_dags/tutorial_taskflow_api_virtualenv.py
[2022-11-06T22:24:44.950-0300] {processor.py:766} INFO - DAG(s) dict_keys(['tutorial_taskflow_api_virtualenv']) retrieved from /home/debian/etlhausz/venv/lib/python3.9/site-packages/airflow/example_dags/tutorial_taskflow_api_virtualenv.py
[2022-11-06T22:24:45.041-0300] {logging_mixin.py:120} INFO - [2022-11-06T22:24:45.041-0300] {dag.py:2585} INFO - Sync 1 DAGs
[2022-11-06T22:24:45.081-0300] {logging_mixin.py:120} INFO - [2022-11-06T22:24:45.081-0300] {dag.py:3336} INFO - Setting next_dagrun for tutorial_taskflow_api_virtualenv to None, run_after=None
[2022-11-06T22:24:45.131-0300] {processor.py:176} INFO - Processing /home/debian/etlhausz/venv/lib/python3.9/site-packages/airflow/example_dags/tutorial_taskflow_api_virtualenv.py took 0.209 seconds
[2022-11-06T22:25:17.434-0300] {processor.py:154} INFO - Started process (PID=33509) to work on /home/debian/etlhausz/venv/lib/python3.9/site-packages/airflow/example_dags/tutorial_taskflow_api_virtualenv.py
[2022-11-06T22:25:17.436-0300] {processor.py:756} INFO - Processing file /home/debian/etlhausz/venv/lib/python3.9/site-packages/airflow/example_dags/tutorial_taskflow_api_virtualenv.py for tasks to queue
[2022-11-06T22:25:17.436-0300] {logging_mixin.py:120} INFO - [2022-11-06T22:25:17.436-0300] {dagbag.py:537} INFO - Filling up the DagBag from /home/debian/etlhausz/venv/lib/python3.9/site-packages/airflow/example_dags/tutorial_taskflow_api_virtualenv.py
[2022-11-06T22:25:17.458-0300] {processor.py:766} INFO - DAG(s) dict_keys(['tutorial_taskflow_api_virtualenv']) retrieved from /home/debian/etlhausz/venv/lib/python3.9/site-packages/airflow/example_dags/tutorial_taskflow_api_virtualenv.py
[2022-11-06T22:25:17.583-0300] {logging_mixin.py:120} INFO - [2022-11-06T22:25:17.583-0300] {dag.py:2585} INFO - Sync 1 DAGs
[2022-11-06T22:25:17.605-0300] {logging_mixin.py:120} INFO - [2022-11-06T22:25:17.604-0300] {dag.py:3336} INFO - Setting next_dagrun for tutorial_taskflow_api_virtualenv to None, run_after=None
[2022-11-06T22:25:17.764-0300] {processor.py:176} INFO - Processing /home/debian/etlhausz/venv/lib/python3.9/site-packages/airflow/example_dags/tutorial_taskflow_api_virtualenv.py took 0.332 seconds
[2022-11-06T22:25:48.198-0300] {processor.py:154} INFO - Started process (PID=34055) to work on /home/debian/etlhausz/venv/lib/python3.9/site-packages/airflow/example_dags/tutorial_taskflow_api_virtualenv.py
[2022-11-06T22:25:48.200-0300] {processor.py:756} INFO - Processing file /home/debian/etlhausz/venv/lib/python3.9/site-packages/airflow/example_dags/tutorial_taskflow_api_virtualenv.py for tasks to queue
[2022-11-06T22:25:48.201-0300] {logging_mixin.py:120} INFO - [2022-11-06T22:25:48.201-0300] {dagbag.py:537} INFO - Filling up the DagBag from /home/debian/etlhausz/venv/lib/python3.9/site-packages/airflow/example_dags/tutorial_taskflow_api_virtualenv.py
[2022-11-06T22:25:48.246-0300] {processor.py:766} INFO - DAG(s) dict_keys(['tutorial_taskflow_api_virtualenv']) retrieved from /home/debian/etlhausz/venv/lib/python3.9/site-packages/airflow/example_dags/tutorial_taskflow_api_virtualenv.py
[2022-11-06T22:25:48.324-0300] {logging_mixin.py:120} INFO - [2022-11-06T22:25:48.324-0300] {dag.py:2585} INFO - Sync 1 DAGs
[2022-11-06T22:25:48.477-0300] {logging_mixin.py:120} INFO - [2022-11-06T22:25:48.477-0300] {dag.py:3336} INFO - Setting next_dagrun for tutorial_taskflow_api_virtualenv to None, run_after=None
[2022-11-06T22:25:48.531-0300] {processor.py:176} INFO - Processing /home/debian/etlhausz/venv/lib/python3.9/site-packages/airflow/example_dags/tutorial_taskflow_api_virtualenv.py took 0.344 seconds
[2022-11-06T22:26:19.695-0300] {processor.py:154} INFO - Started process (PID=34601) to work on /home/debian/etlhausz/venv/lib/python3.9/site-packages/airflow/example_dags/tutorial_taskflow_api_virtualenv.py
[2022-11-06T22:26:19.696-0300] {processor.py:756} INFO - Processing file /home/debian/etlhausz/venv/lib/python3.9/site-packages/airflow/example_dags/tutorial_taskflow_api_virtualenv.py for tasks to queue
[2022-11-06T22:26:19.696-0300] {logging_mixin.py:120} INFO - [2022-11-06T22:26:19.696-0300] {dagbag.py:537} INFO - Filling up the DagBag from /home/debian/etlhausz/venv/lib/python3.9/site-packages/airflow/example_dags/tutorial_taskflow_api_virtualenv.py
[2022-11-06T22:26:19.715-0300] {processor.py:766} INFO - DAG(s) dict_keys(['tutorial_taskflow_api_virtualenv']) retrieved from /home/debian/etlhausz/venv/lib/python3.9/site-packages/airflow/example_dags/tutorial_taskflow_api_virtualenv.py
[2022-11-06T22:26:19.943-0300] {logging_mixin.py:120} INFO - [2022-11-06T22:26:19.942-0300] {dag.py:2585} INFO - Sync 1 DAGs
[2022-11-06T22:26:20.002-0300] {logging_mixin.py:120} INFO - [2022-11-06T22:26:20.002-0300] {dag.py:3336} INFO - Setting next_dagrun for tutorial_taskflow_api_virtualenv to None, run_after=None
[2022-11-06T22:26:20.031-0300] {processor.py:176} INFO - Processing /home/debian/etlhausz/venv/lib/python3.9/site-packages/airflow/example_dags/tutorial_taskflow_api_virtualenv.py took 0.340 seconds
[2022-11-06T22:26:51.145-0300] {processor.py:154} INFO - Started process (PID=35145) to work on /home/debian/etlhausz/venv/lib/python3.9/site-packages/airflow/example_dags/tutorial_taskflow_api_virtualenv.py
[2022-11-06T22:26:51.147-0300] {processor.py:756} INFO - Processing file /home/debian/etlhausz/venv/lib/python3.9/site-packages/airflow/example_dags/tutorial_taskflow_api_virtualenv.py for tasks to queue
[2022-11-06T22:26:51.147-0300] {logging_mixin.py:120} INFO - [2022-11-06T22:26:51.147-0300] {dagbag.py:537} INFO - Filling up the DagBag from /home/debian/etlhausz/venv/lib/python3.9/site-packages/airflow/example_dags/tutorial_taskflow_api_virtualenv.py
[2022-11-06T22:26:51.165-0300] {processor.py:766} INFO - DAG(s) dict_keys(['tutorial_taskflow_api_virtualenv']) retrieved from /home/debian/etlhausz/venv/lib/python3.9/site-packages/airflow/example_dags/tutorial_taskflow_api_virtualenv.py
[2022-11-06T22:26:51.331-0300] {logging_mixin.py:120} INFO - [2022-11-06T22:26:51.330-0300] {dag.py:2585} INFO - Sync 1 DAGs
[2022-11-06T22:26:51.364-0300] {logging_mixin.py:120} INFO - [2022-11-06T22:26:51.363-0300] {dag.py:3336} INFO - Setting next_dagrun for tutorial_taskflow_api_virtualenv to None, run_after=None
[2022-11-06T22:26:51.411-0300] {processor.py:176} INFO - Processing /home/debian/etlhausz/venv/lib/python3.9/site-packages/airflow/example_dags/tutorial_taskflow_api_virtualenv.py took 0.270 seconds
[2022-11-06T22:27:22.071-0300] {processor.py:154} INFO - Started process (PID=35681) to work on /home/debian/etlhausz/venv/lib/python3.9/site-packages/airflow/example_dags/tutorial_taskflow_api_virtualenv.py
[2022-11-06T22:27:22.072-0300] {processor.py:756} INFO - Processing file /home/debian/etlhausz/venv/lib/python3.9/site-packages/airflow/example_dags/tutorial_taskflow_api_virtualenv.py for tasks to queue
[2022-11-06T22:27:22.073-0300] {logging_mixin.py:120} INFO - [2022-11-06T22:27:22.073-0300] {dagbag.py:537} INFO - Filling up the DagBag from /home/debian/etlhausz/venv/lib/python3.9/site-packages/airflow/example_dags/tutorial_taskflow_api_virtualenv.py
[2022-11-06T22:27:22.095-0300] {processor.py:766} INFO - DAG(s) dict_keys(['tutorial_taskflow_api_virtualenv']) retrieved from /home/debian/etlhausz/venv/lib/python3.9/site-packages/airflow/example_dags/tutorial_taskflow_api_virtualenv.py
[2022-11-06T22:27:22.145-0300] {logging_mixin.py:120} INFO - [2022-11-06T22:27:22.145-0300] {dag.py:2585} INFO - Sync 1 DAGs
[2022-11-06T22:27:22.172-0300] {logging_mixin.py:120} INFO - [2022-11-06T22:27:22.172-0300] {dag.py:3336} INFO - Setting next_dagrun for tutorial_taskflow_api_virtualenv to None, run_after=None
[2022-11-06T22:27:22.292-0300] {processor.py:176} INFO - Processing /home/debian/etlhausz/venv/lib/python3.9/site-packages/airflow/example_dags/tutorial_taskflow_api_virtualenv.py took 0.224 seconds
[2022-11-06T22:27:52.597-0300] {processor.py:154} INFO - Started process (PID=36157) to work on /home/debian/etlhausz/venv/lib/python3.9/site-packages/airflow/example_dags/tutorial_taskflow_api_virtualenv.py
[2022-11-06T22:27:52.599-0300] {processor.py:756} INFO - Processing file /home/debian/etlhausz/venv/lib/python3.9/site-packages/airflow/example_dags/tutorial_taskflow_api_virtualenv.py for tasks to queue
[2022-11-06T22:27:52.599-0300] {logging_mixin.py:120} INFO - [2022-11-06T22:27:52.599-0300] {dagbag.py:537} INFO - Filling up the DagBag from /home/debian/etlhausz/venv/lib/python3.9/site-packages/airflow/example_dags/tutorial_taskflow_api_virtualenv.py
[2022-11-06T22:27:52.616-0300] {processor.py:766} INFO - DAG(s) dict_keys(['tutorial_taskflow_api_virtualenv']) retrieved from /home/debian/etlhausz/venv/lib/python3.9/site-packages/airflow/example_dags/tutorial_taskflow_api_virtualenv.py
[2022-11-06T22:27:52.660-0300] {logging_mixin.py:120} INFO - [2022-11-06T22:27:52.660-0300] {dag.py:2585} INFO - Sync 1 DAGs
[2022-11-06T22:27:52.768-0300] {logging_mixin.py:120} INFO - [2022-11-06T22:27:52.767-0300] {dag.py:3336} INFO - Setting next_dagrun for tutorial_taskflow_api_virtualenv to None, run_after=None
[2022-11-06T22:27:52.804-0300] {processor.py:176} INFO - Processing /home/debian/etlhausz/venv/lib/python3.9/site-packages/airflow/example_dags/tutorial_taskflow_api_virtualenv.py took 0.210 seconds
[2022-11-06T22:28:23.452-0300] {processor.py:154} INFO - Started process (PID=36810) to work on /home/debian/etlhausz/venv/lib/python3.9/site-packages/airflow/example_dags/tutorial_taskflow_api_virtualenv.py
[2022-11-06T22:28:23.453-0300] {processor.py:756} INFO - Processing file /home/debian/etlhausz/venv/lib/python3.9/site-packages/airflow/example_dags/tutorial_taskflow_api_virtualenv.py for tasks to queue
[2022-11-06T22:28:23.454-0300] {logging_mixin.py:120} INFO - [2022-11-06T22:28:23.454-0300] {dagbag.py:537} INFO - Filling up the DagBag from /home/debian/etlhausz/venv/lib/python3.9/site-packages/airflow/example_dags/tutorial_taskflow_api_virtualenv.py
[2022-11-06T22:28:23.477-0300] {processor.py:766} INFO - DAG(s) dict_keys(['tutorial_taskflow_api_virtualenv']) retrieved from /home/debian/etlhausz/venv/lib/python3.9/site-packages/airflow/example_dags/tutorial_taskflow_api_virtualenv.py
[2022-11-06T22:28:23.647-0300] {logging_mixin.py:120} INFO - [2022-11-06T22:28:23.647-0300] {dag.py:2585} INFO - Sync 1 DAGs
[2022-11-06T22:28:23.700-0300] {logging_mixin.py:120} INFO - [2022-11-06T22:28:23.700-0300] {dag.py:3336} INFO - Setting next_dagrun for tutorial_taskflow_api_virtualenv to None, run_after=None
[2022-11-06T22:28:23.748-0300] {processor.py:176} INFO - Processing /home/debian/etlhausz/venv/lib/python3.9/site-packages/airflow/example_dags/tutorial_taskflow_api_virtualenv.py took 0.314 seconds
[2022-11-06T22:28:54.649-0300] {processor.py:154} INFO - Started process (PID=37350) to work on /home/debian/etlhausz/venv/lib/python3.9/site-packages/airflow/example_dags/tutorial_taskflow_api_virtualenv.py
[2022-11-06T22:28:54.655-0300] {processor.py:756} INFO - Processing file /home/debian/etlhausz/venv/lib/python3.9/site-packages/airflow/example_dags/tutorial_taskflow_api_virtualenv.py for tasks to queue
[2022-11-06T22:28:54.655-0300] {logging_mixin.py:120} INFO - [2022-11-06T22:28:54.655-0300] {dagbag.py:537} INFO - Filling up the DagBag from /home/debian/etlhausz/venv/lib/python3.9/site-packages/airflow/example_dags/tutorial_taskflow_api_virtualenv.py
[2022-11-06T22:28:54.697-0300] {processor.py:766} INFO - DAG(s) dict_keys(['tutorial_taskflow_api_virtualenv']) retrieved from /home/debian/etlhausz/venv/lib/python3.9/site-packages/airflow/example_dags/tutorial_taskflow_api_virtualenv.py
[2022-11-06T22:28:54.945-0300] {logging_mixin.py:120} INFO - [2022-11-06T22:28:54.945-0300] {dag.py:2585} INFO - Sync 1 DAGs
[2022-11-06T22:28:54.974-0300] {logging_mixin.py:120} INFO - [2022-11-06T22:28:54.973-0300] {dag.py:3336} INFO - Setting next_dagrun for tutorial_taskflow_api_virtualenv to None, run_after=None
[2022-11-06T22:28:55.009-0300] {processor.py:176} INFO - Processing /home/debian/etlhausz/venv/lib/python3.9/site-packages/airflow/example_dags/tutorial_taskflow_api_virtualenv.py took 0.368 seconds
[2022-11-06T22:29:25.817-0300] {processor.py:154} INFO - Started process (PID=37893) to work on /home/debian/etlhausz/venv/lib/python3.9/site-packages/airflow/example_dags/tutorial_taskflow_api_virtualenv.py
[2022-11-06T22:29:25.818-0300] {processor.py:756} INFO - Processing file /home/debian/etlhausz/venv/lib/python3.9/site-packages/airflow/example_dags/tutorial_taskflow_api_virtualenv.py for tasks to queue
[2022-11-06T22:29:25.819-0300] {logging_mixin.py:120} INFO - [2022-11-06T22:29:25.819-0300] {dagbag.py:537} INFO - Filling up the DagBag from /home/debian/etlhausz/venv/lib/python3.9/site-packages/airflow/example_dags/tutorial_taskflow_api_virtualenv.py
[2022-11-06T22:29:25.836-0300] {processor.py:766} INFO - DAG(s) dict_keys(['tutorial_taskflow_api_virtualenv']) retrieved from /home/debian/etlhausz/venv/lib/python3.9/site-packages/airflow/example_dags/tutorial_taskflow_api_virtualenv.py
[2022-11-06T22:29:25.880-0300] {logging_mixin.py:120} INFO - [2022-11-06T22:29:25.880-0300] {dag.py:2585} INFO - Sync 1 DAGs
[2022-11-06T22:29:26.117-0300] {logging_mixin.py:120} INFO - [2022-11-06T22:29:26.117-0300] {dag.py:3336} INFO - Setting next_dagrun for tutorial_taskflow_api_virtualenv to None, run_after=None
[2022-11-06T22:29:26.146-0300] {processor.py:176} INFO - Processing /home/debian/etlhausz/venv/lib/python3.9/site-packages/airflow/example_dags/tutorial_taskflow_api_virtualenv.py took 0.332 seconds
[2022-11-06T22:29:57.195-0300] {processor.py:154} INFO - Started process (PID=38431) to work on /home/debian/etlhausz/venv/lib/python3.9/site-packages/airflow/example_dags/tutorial_taskflow_api_virtualenv.py
[2022-11-06T22:29:57.201-0300] {processor.py:756} INFO - Processing file /home/debian/etlhausz/venv/lib/python3.9/site-packages/airflow/example_dags/tutorial_taskflow_api_virtualenv.py for tasks to queue
[2022-11-06T22:29:57.202-0300] {logging_mixin.py:120} INFO - [2022-11-06T22:29:57.202-0300] {dagbag.py:537} INFO - Filling up the DagBag from /home/debian/etlhausz/venv/lib/python3.9/site-packages/airflow/example_dags/tutorial_taskflow_api_virtualenv.py
[2022-11-06T22:29:57.219-0300] {processor.py:766} INFO - DAG(s) dict_keys(['tutorial_taskflow_api_virtualenv']) retrieved from /home/debian/etlhausz/venv/lib/python3.9/site-packages/airflow/example_dags/tutorial_taskflow_api_virtualenv.py
[2022-11-06T22:29:57.294-0300] {logging_mixin.py:120} INFO - [2022-11-06T22:29:57.294-0300] {dag.py:2585} INFO - Sync 1 DAGs
[2022-11-06T22:29:57.480-0300] {logging_mixin.py:120} INFO - [2022-11-06T22:29:57.480-0300] {dag.py:3336} INFO - Setting next_dagrun for tutorial_taskflow_api_virtualenv to None, run_after=None
[2022-11-06T22:29:57.625-0300] {processor.py:176} INFO - Processing /home/debian/etlhausz/venv/lib/python3.9/site-packages/airflow/example_dags/tutorial_taskflow_api_virtualenv.py took 0.433 seconds
[2022-11-06T22:30:27.817-0300] {processor.py:154} INFO - Started process (PID=39041) to work on /home/debian/etlhausz/venv/lib/python3.9/site-packages/airflow/example_dags/tutorial_taskflow_api_virtualenv.py
[2022-11-06T22:30:27.819-0300] {processor.py:756} INFO - Processing file /home/debian/etlhausz/venv/lib/python3.9/site-packages/airflow/example_dags/tutorial_taskflow_api_virtualenv.py for tasks to queue
[2022-11-06T22:30:27.820-0300] {logging_mixin.py:120} INFO - [2022-11-06T22:30:27.820-0300] {dagbag.py:537} INFO - Filling up the DagBag from /home/debian/etlhausz/venv/lib/python3.9/site-packages/airflow/example_dags/tutorial_taskflow_api_virtualenv.py
[2022-11-06T22:30:27.841-0300] {processor.py:766} INFO - DAG(s) dict_keys(['tutorial_taskflow_api_virtualenv']) retrieved from /home/debian/etlhausz/venv/lib/python3.9/site-packages/airflow/example_dags/tutorial_taskflow_api_virtualenv.py
[2022-11-06T22:30:27.984-0300] {logging_mixin.py:120} INFO - [2022-11-06T22:30:27.984-0300] {dag.py:2585} INFO - Sync 1 DAGs
[2022-11-06T22:30:28.001-0300] {logging_mixin.py:120} INFO - [2022-11-06T22:30:28.001-0300] {dag.py:3336} INFO - Setting next_dagrun for tutorial_taskflow_api_virtualenv to None, run_after=None
[2022-11-06T22:30:28.021-0300] {processor.py:176} INFO - Processing /home/debian/etlhausz/venv/lib/python3.9/site-packages/airflow/example_dags/tutorial_taskflow_api_virtualenv.py took 0.207 seconds
[2022-11-06T22:30:59.021-0300] {processor.py:154} INFO - Started process (PID=39575) to work on /home/debian/etlhausz/venv/lib/python3.9/site-packages/airflow/example_dags/tutorial_taskflow_api_virtualenv.py
[2022-11-06T22:30:59.023-0300] {processor.py:756} INFO - Processing file /home/debian/etlhausz/venv/lib/python3.9/site-packages/airflow/example_dags/tutorial_taskflow_api_virtualenv.py for tasks to queue
[2022-11-06T22:30:59.023-0300] {logging_mixin.py:120} INFO - [2022-11-06T22:30:59.023-0300] {dagbag.py:537} INFO - Filling up the DagBag from /home/debian/etlhausz/venv/lib/python3.9/site-packages/airflow/example_dags/tutorial_taskflow_api_virtualenv.py
[2022-11-06T22:30:59.039-0300] {processor.py:766} INFO - DAG(s) dict_keys(['tutorial_taskflow_api_virtualenv']) retrieved from /home/debian/etlhausz/venv/lib/python3.9/site-packages/airflow/example_dags/tutorial_taskflow_api_virtualenv.py
[2022-11-06T22:30:59.176-0300] {logging_mixin.py:120} INFO - [2022-11-06T22:30:59.176-0300] {dag.py:2585} INFO - Sync 1 DAGs
[2022-11-06T22:30:59.192-0300] {logging_mixin.py:120} INFO - [2022-11-06T22:30:59.192-0300] {dag.py:3336} INFO - Setting next_dagrun for tutorial_taskflow_api_virtualenv to None, run_after=None
[2022-11-06T22:30:59.212-0300] {processor.py:176} INFO - Processing /home/debian/etlhausz/venv/lib/python3.9/site-packages/airflow/example_dags/tutorial_taskflow_api_virtualenv.py took 0.193 seconds
[2022-11-06T22:31:30.372-0300] {processor.py:154} INFO - Started process (PID=40050) to work on /home/debian/etlhausz/venv/lib/python3.9/site-packages/airflow/example_dags/tutorial_taskflow_api_virtualenv.py
[2022-11-06T22:31:30.374-0300] {processor.py:756} INFO - Processing file /home/debian/etlhausz/venv/lib/python3.9/site-packages/airflow/example_dags/tutorial_taskflow_api_virtualenv.py for tasks to queue
[2022-11-06T22:31:30.380-0300] {logging_mixin.py:120} INFO - [2022-11-06T22:31:30.378-0300] {dagbag.py:537} INFO - Filling up the DagBag from /home/debian/etlhausz/venv/lib/python3.9/site-packages/airflow/example_dags/tutorial_taskflow_api_virtualenv.py
[2022-11-06T22:31:30.431-0300] {processor.py:766} INFO - DAG(s) dict_keys(['tutorial_taskflow_api_virtualenv']) retrieved from /home/debian/etlhausz/venv/lib/python3.9/site-packages/airflow/example_dags/tutorial_taskflow_api_virtualenv.py
[2022-11-06T22:31:30.566-0300] {logging_mixin.py:120} INFO - [2022-11-06T22:31:30.565-0300] {dag.py:2585} INFO - Sync 1 DAGs
[2022-11-06T22:31:30.921-0300] {logging_mixin.py:120} INFO - [2022-11-06T22:31:30.921-0300] {dag.py:3336} INFO - Setting next_dagrun for tutorial_taskflow_api_virtualenv to None, run_after=None
[2022-11-06T22:31:30.952-0300] {processor.py:176} INFO - Processing /home/debian/etlhausz/venv/lib/python3.9/site-packages/airflow/example_dags/tutorial_taskflow_api_virtualenv.py took 0.597 seconds
