[2022-11-06T17:44:50.899-0300] {taskinstance.py:1165} INFO - Dependencies all met for <TaskInstance: get_urls_deca.get_produtos manual__2022-11-06T20:44:36.916874+00:00 [queued]>
[2022-11-06T17:44:51.019-0300] {taskinstance.py:1165} INFO - Dependencies all met for <TaskInstance: get_urls_deca.get_produtos manual__2022-11-06T20:44:36.916874+00:00 [queued]>
[2022-11-06T17:44:51.022-0300] {taskinstance.py:1362} INFO - 
--------------------------------------------------------------------------------
[2022-11-06T17:44:51.023-0300] {taskinstance.py:1363} INFO - Starting attempt 1 of 1
[2022-11-06T17:44:51.024-0300] {taskinstance.py:1364} INFO - 
--------------------------------------------------------------------------------
[2022-11-06T17:44:51.150-0300] {taskinstance.py:1383} INFO - Executing <Task(PythonOperator): get_produtos> on 2022-11-06 20:44:36.916874+00:00
[2022-11-06T17:44:51.161-0300] {standard_task_runner.py:55} INFO - Started process 15298 to run task
[2022-11-06T17:44:51.193-0300] {standard_task_runner.py:82} INFO - Running: ['airflow', 'tasks', 'run', 'get_urls_deca', 'get_produtos', 'manual__2022-11-06T20:44:36.916874+00:00', '--job-id', '432', '--raw', '--subdir', 'DAGS_FOLDER/teste_excom.py', '--cfg-path', '/tmp/tmpdne6tban']
[2022-11-06T17:44:51.193-0300] {standard_task_runner.py:83} INFO - Job 432: Subtask get_produtos
[2022-11-06T17:44:51.483-0300] {task_command.py:376} INFO - Running <TaskInstance: get_urls_deca.get_produtos manual__2022-11-06T20:44:36.916874+00:00 [running]> on host debian
[2022-11-06T17:44:51.668-0300] {taskinstance.py:1590} INFO - Exporting the following env vars:
AIRFLOW_CTX_DAG_OWNER=airflow
AIRFLOW_CTX_DAG_ID=get_urls_deca
AIRFLOW_CTX_TASK_ID=get_produtos
AIRFLOW_CTX_EXECUTION_DATE=2022-11-06T20:44:36.916874+00:00
AIRFLOW_CTX_TRY_NUMBER=1
AIRFLOW_CTX_DAG_RUN_ID=manual__2022-11-06T20:44:36.916874+00:00
[2022-11-06T17:44:51.711-0300] {python.py:177} INFO - Done. Returned value was: []
[2022-11-06T17:44:51.791-0300] {taskinstance.py:1401} INFO - Marking task as SUCCESS. dag_id=get_urls_deca, task_id=get_produtos, execution_date=20221106T204436, start_date=20221106T204450, end_date=20221106T204451
[2022-11-06T17:44:51.862-0300] {local_task_job.py:164} INFO - Task exited with return code 0
[2022-11-06T17:44:51.908-0300] {local_task_job.py:273} INFO - 0 downstream tasks scheduled from follow-on schedule check
