[2022-11-06T18:23:07.995-0300] {taskinstance.py:1165} INFO - Dependencies all met for <TaskInstance: tutorial_taskflow_api.load manual__2022-11-06T21:23:01.339730+00:00 [queued]>
[2022-11-06T18:23:08.006-0300] {taskinstance.py:1165} INFO - Dependencies all met for <TaskInstance: tutorial_taskflow_api.load manual__2022-11-06T21:23:01.339730+00:00 [queued]>
[2022-11-06T18:23:08.007-0300] {taskinstance.py:1362} INFO - 
--------------------------------------------------------------------------------
[2022-11-06T18:23:08.007-0300] {taskinstance.py:1363} INFO - Starting attempt 1 of 1
[2022-11-06T18:23:08.007-0300] {taskinstance.py:1364} INFO - 
--------------------------------------------------------------------------------
[2022-11-06T18:23:08.023-0300] {taskinstance.py:1383} INFO - Executing <Task(_PythonDecoratedOperator): load> on 2022-11-06 21:23:01.339730+00:00
[2022-11-06T18:23:08.031-0300] {standard_task_runner.py:55} INFO - Started process 44800 to run task
[2022-11-06T18:23:08.041-0300] {standard_task_runner.py:82} INFO - Running: ['airflow', 'tasks', 'run', 'tutorial_taskflow_api', 'load', 'manual__2022-11-06T21:23:01.339730+00:00', '--job-id', '443', '--raw', '--subdir', '/home/debian/etlhausz/venv/lib/python3.9/site-packages/airflow/example_dags/tutorial_taskflow_api.py', '--cfg-path', '/tmp/tmpn7gsy2sc']
[2022-11-06T18:23:08.043-0300] {standard_task_runner.py:83} INFO - Job 443: Subtask load
[2022-11-06T18:23:08.358-0300] {task_command.py:376} INFO - Running <TaskInstance: tutorial_taskflow_api.load manual__2022-11-06T21:23:01.339730+00:00 [running]> on host debian
[2022-11-06T18:23:08.819-0300] {taskinstance.py:1590} INFO - Exporting the following env vars:
AIRFLOW_CTX_DAG_OWNER=airflow
AIRFLOW_CTX_DAG_ID=tutorial_taskflow_api
AIRFLOW_CTX_TASK_ID=load
AIRFLOW_CTX_EXECUTION_DATE=2022-11-06T21:23:01.339730+00:00
AIRFLOW_CTX_TRY_NUMBER=1
AIRFLOW_CTX_DAG_RUN_ID=manual__2022-11-06T21:23:01.339730+00:00
[2022-11-06T18:23:08.819-0300] {logging_mixin.py:120} INFO - Total order value is: ***6.70
[2022-11-06T18:23:08.819-0300] {python.py:177} INFO - Done. Returned value was: None
[2022-11-06T18:23:08.908-0300] {taskinstance.py:1401} INFO - Marking task as SUCCESS. dag_id=tutorial_taskflow_api, task_id=load, execution_date=20221106T2***01, start_date=20221106T2***07, end_date=20221106T2***08
[2022-11-06T18:23:09.067-0300] {local_task_job.py:164} INFO - Task exited with return code 0
[2022-11-06T18:23:09.169-0300] {local_task_job.py:273} INFO - 0 downstream tasks scheduled from follow-on schedule check
