[2022-11-02T05:34:57.408-0300] {processor.py:154} INFO - Started process (PID=4758) to work on /home/debian/etlhausz/venv/lib/python3.9/site-packages/airflow/example_dags/example_short_circuit_decorator.py
[2022-11-02T05:34:57.409-0300] {processor.py:756} INFO - Processing file /home/debian/etlhausz/venv/lib/python3.9/site-packages/airflow/example_dags/example_short_circuit_decorator.py for tasks to queue
[2022-11-02T05:34:57.409-0300] {logging_mixin.py:120} INFO - [2022-11-02T05:34:57.409-0300] {dagbag.py:537} INFO - Filling up the DagBag from /home/debian/etlhausz/venv/lib/python3.9/site-packages/airflow/example_dags/example_short_circuit_decorator.py
[2022-11-02T05:34:57.428-0300] {processor.py:766} INFO - DAG(s) dict_keys(['example_short_circuit_decorator']) retrieved from /home/debian/etlhausz/venv/lib/python3.9/site-packages/airflow/example_dags/example_short_circuit_decorator.py
[2022-11-02T05:34:57.511-0300] {logging_mixin.py:120} INFO - [2022-11-02T05:34:57.511-0300] {manager.py:507} INFO - Created Permission View: can read on DAG:example_short_circuit_decorator
[2022-11-02T05:34:57.523-0300] {logging_mixin.py:120} INFO - [2022-11-02T05:34:57.523-0300] {manager.py:507} INFO - Created Permission View: can edit on DAG:example_short_circuit_decorator
[2022-11-02T05:34:57.532-0300] {logging_mixin.py:120} INFO - [2022-11-02T05:34:57.532-0300] {manager.py:507} INFO - Created Permission View: can delete on DAG:example_short_circuit_decorator
[2022-11-02T05:34:57.532-0300] {logging_mixin.py:120} INFO - [2022-11-02T05:34:57.532-0300] {dag.py:2585} INFO - Sync 1 DAGs
[2022-11-02T05:34:57.540-0300] {logging_mixin.py:120} INFO - [2022-11-02T05:34:57.540-0300] {dag.py:2606} INFO - Creating ORM DAG for example_short_circuit_decorator
[2022-11-02T05:34:57.547-0300] {logging_mixin.py:120} INFO - [2022-11-02T05:34:57.547-0300] {dag.py:3336} INFO - Setting next_dagrun for example_short_circuit_decorator to 2022-11-01T08:34:57.547046+00:00, run_after=2022-11-02T08:34:57.547046+00:00
[2022-11-02T05:34:57.567-0300] {processor.py:176} INFO - Processing /home/debian/etlhausz/venv/lib/python3.9/site-packages/airflow/example_dags/example_short_circuit_decorator.py took 0.161 seconds
[2022-11-02T05:41:23.572-0300] {processor.py:154} INFO - Started process (PID=6728) to work on /home/debian/etlhausz/venv/lib/python3.9/site-packages/airflow/example_dags/example_short_circuit_decorator.py
[2022-11-02T05:41:23.578-0300] {processor.py:756} INFO - Processing file /home/debian/etlhausz/venv/lib/python3.9/site-packages/airflow/example_dags/example_short_circuit_decorator.py for tasks to queue
[2022-11-02T05:41:23.578-0300] {logging_mixin.py:120} INFO - [2022-11-02T05:41:23.578-0300] {dagbag.py:537} INFO - Filling up the DagBag from /home/debian/etlhausz/venv/lib/python3.9/site-packages/airflow/example_dags/example_short_circuit_decorator.py
[2022-11-02T05:41:23.617-0300] {processor.py:766} INFO - DAG(s) dict_keys(['example_short_circuit_decorator']) retrieved from /home/debian/etlhausz/venv/lib/python3.9/site-packages/airflow/example_dags/example_short_circuit_decorator.py
[2022-11-02T05:41:23.699-0300] {logging_mixin.py:120} INFO - [2022-11-02T05:41:23.699-0300] {dag.py:2585} INFO - Sync 1 DAGs
[2022-11-02T05:41:23.718-0300] {logging_mixin.py:120} INFO - [2022-11-02T05:41:23.717-0300] {dag.py:3336} INFO - Setting next_dagrun for example_short_circuit_decorator to 2022-11-01T08:41:23.716869+00:00, run_after=2022-11-02T08:41:23.716869+00:00
[2022-11-02T05:41:23.733-0300] {processor.py:176} INFO - Processing /home/debian/etlhausz/venv/lib/python3.9/site-packages/airflow/example_dags/example_short_circuit_decorator.py took 0.167 seconds
[2022-11-02T05:41:53.990-0300] {processor.py:154} INFO - Started process (PID=7082) to work on /home/debian/etlhausz/venv/lib/python3.9/site-packages/airflow/example_dags/example_short_circuit_decorator.py
[2022-11-02T05:41:53.991-0300] {processor.py:756} INFO - Processing file /home/debian/etlhausz/venv/lib/python3.9/site-packages/airflow/example_dags/example_short_circuit_decorator.py for tasks to queue
[2022-11-02T05:41:53.992-0300] {logging_mixin.py:120} INFO - [2022-11-02T05:41:53.992-0300] {dagbag.py:537} INFO - Filling up the DagBag from /home/debian/etlhausz/venv/lib/python3.9/site-packages/airflow/example_dags/example_short_circuit_decorator.py
[2022-11-02T05:41:54.011-0300] {processor.py:766} INFO - DAG(s) dict_keys(['example_short_circuit_decorator']) retrieved from /home/debian/etlhausz/venv/lib/python3.9/site-packages/airflow/example_dags/example_short_circuit_decorator.py
[2022-11-02T05:41:54.056-0300] {logging_mixin.py:120} INFO - [2022-11-02T05:41:54.056-0300] {dag.py:2585} INFO - Sync 1 DAGs
[2022-11-02T05:41:54.077-0300] {logging_mixin.py:120} INFO - [2022-11-02T05:41:54.077-0300] {dag.py:3336} INFO - Setting next_dagrun for example_short_circuit_decorator to 2022-11-01T08:41:54.076685+00:00, run_after=2022-11-02T08:41:54.076685+00:00
[2022-11-02T05:41:54.099-0300] {processor.py:176} INFO - Processing /home/debian/etlhausz/venv/lib/python3.9/site-packages/airflow/example_dags/example_short_circuit_decorator.py took 0.112 seconds
[2022-11-02T05:42:24.675-0300] {processor.py:154} INFO - Started process (PID=7317) to work on /home/debian/etlhausz/venv/lib/python3.9/site-packages/airflow/example_dags/example_short_circuit_decorator.py
[2022-11-02T05:42:24.677-0300] {processor.py:756} INFO - Processing file /home/debian/etlhausz/venv/lib/python3.9/site-packages/airflow/example_dags/example_short_circuit_decorator.py for tasks to queue
[2022-11-02T05:42:24.677-0300] {logging_mixin.py:120} INFO - [2022-11-02T05:42:24.677-0300] {dagbag.py:537} INFO - Filling up the DagBag from /home/debian/etlhausz/venv/lib/python3.9/site-packages/airflow/example_dags/example_short_circuit_decorator.py
[2022-11-02T05:42:24.697-0300] {processor.py:766} INFO - DAG(s) dict_keys(['example_short_circuit_decorator']) retrieved from /home/debian/etlhausz/venv/lib/python3.9/site-packages/airflow/example_dags/example_short_circuit_decorator.py
[2022-11-02T05:42:24.743-0300] {logging_mixin.py:120} INFO - [2022-11-02T05:42:24.743-0300] {dag.py:2585} INFO - Sync 1 DAGs
[2022-11-02T05:42:24.764-0300] {logging_mixin.py:120} INFO - [2022-11-02T05:42:24.764-0300] {dag.py:3336} INFO - Setting next_dagrun for example_short_circuit_decorator to 2022-11-01T08:42:24.763893+00:00, run_after=2022-11-02T08:42:24.763893+00:00
[2022-11-02T05:42:24.785-0300] {processor.py:176} INFO - Processing /home/debian/etlhausz/venv/lib/python3.9/site-packages/airflow/example_dags/example_short_circuit_decorator.py took 0.112 seconds
[2022-11-02T05:42:54.812-0300] {processor.py:154} INFO - Started process (PID=7556) to work on /home/debian/etlhausz/venv/lib/python3.9/site-packages/airflow/example_dags/example_short_circuit_decorator.py
[2022-11-02T05:42:54.812-0300] {processor.py:756} INFO - Processing file /home/debian/etlhausz/venv/lib/python3.9/site-packages/airflow/example_dags/example_short_circuit_decorator.py for tasks to queue
[2022-11-02T05:42:54.813-0300] {logging_mixin.py:120} INFO - [2022-11-02T05:42:54.813-0300] {dagbag.py:537} INFO - Filling up the DagBag from /home/debian/etlhausz/venv/lib/python3.9/site-packages/airflow/example_dags/example_short_circuit_decorator.py
[2022-11-02T05:42:54.832-0300] {processor.py:766} INFO - DAG(s) dict_keys(['example_short_circuit_decorator']) retrieved from /home/debian/etlhausz/venv/lib/python3.9/site-packages/airflow/example_dags/example_short_circuit_decorator.py
[2022-11-02T05:42:54.875-0300] {logging_mixin.py:120} INFO - [2022-11-02T05:42:54.875-0300] {dag.py:2585} INFO - Sync 1 DAGs
[2022-11-02T05:42:54.894-0300] {logging_mixin.py:120} INFO - [2022-11-02T05:42:54.893-0300] {dag.py:3336} INFO - Setting next_dagrun for example_short_circuit_decorator to 2022-11-01T08:42:54.893696+00:00, run_after=2022-11-02T08:42:54.893696+00:00
[2022-11-02T05:42:54.920-0300] {processor.py:176} INFO - Processing /home/debian/etlhausz/venv/lib/python3.9/site-packages/airflow/example_dags/example_short_circuit_decorator.py took 0.111 seconds
[2022-11-02T05:43:25.614-0300] {processor.py:154} INFO - Started process (PID=7786) to work on /home/debian/etlhausz/venv/lib/python3.9/site-packages/airflow/example_dags/example_short_circuit_decorator.py
[2022-11-02T05:43:25.615-0300] {processor.py:756} INFO - Processing file /home/debian/etlhausz/venv/lib/python3.9/site-packages/airflow/example_dags/example_short_circuit_decorator.py for tasks to queue
[2022-11-02T05:43:25.616-0300] {logging_mixin.py:120} INFO - [2022-11-02T05:43:25.615-0300] {dagbag.py:537} INFO - Filling up the DagBag from /home/debian/etlhausz/venv/lib/python3.9/site-packages/airflow/example_dags/example_short_circuit_decorator.py
[2022-11-02T05:43:25.636-0300] {processor.py:766} INFO - DAG(s) dict_keys(['example_short_circuit_decorator']) retrieved from /home/debian/etlhausz/venv/lib/python3.9/site-packages/airflow/example_dags/example_short_circuit_decorator.py
[2022-11-02T05:43:25.706-0300] {logging_mixin.py:120} INFO - [2022-11-02T05:43:25.706-0300] {dag.py:2585} INFO - Sync 1 DAGs
[2022-11-02T05:43:25.727-0300] {logging_mixin.py:120} INFO - [2022-11-02T05:43:25.727-0300] {dag.py:3336} INFO - Setting next_dagrun for example_short_circuit_decorator to 2022-11-01T08:43:25.727252+00:00, run_after=2022-11-02T08:43:25.727252+00:00
[2022-11-02T05:43:25.752-0300] {processor.py:176} INFO - Processing /home/debian/etlhausz/venv/lib/python3.9/site-packages/airflow/example_dags/example_short_circuit_decorator.py took 0.141 seconds
[2022-11-02T05:43:57.793-0300] {processor.py:154} INFO - Started process (PID=8046) to work on /home/debian/etlhausz/venv/lib/python3.9/site-packages/airflow/example_dags/example_short_circuit_decorator.py
[2022-11-02T05:43:57.811-0300] {processor.py:756} INFO - Processing file /home/debian/etlhausz/venv/lib/python3.9/site-packages/airflow/example_dags/example_short_circuit_decorator.py for tasks to queue
[2022-11-02T05:43:57.812-0300] {logging_mixin.py:120} INFO - [2022-11-02T05:43:57.812-0300] {dagbag.py:537} INFO - Filling up the DagBag from /home/debian/etlhausz/venv/lib/python3.9/site-packages/airflow/example_dags/example_short_circuit_decorator.py
[2022-11-02T05:43:58.021-0300] {processor.py:766} INFO - DAG(s) dict_keys(['example_short_circuit_decorator']) retrieved from /home/debian/etlhausz/venv/lib/python3.9/site-packages/airflow/example_dags/example_short_circuit_decorator.py
[2022-11-02T05:43:58.327-0300] {logging_mixin.py:120} INFO - [2022-11-02T05:43:58.327-0300] {dag.py:2585} INFO - Sync 1 DAGs
[2022-11-02T05:43:58.394-0300] {logging_mixin.py:120} INFO - [2022-11-02T05:43:58.394-0300] {dag.py:3336} INFO - Setting next_dagrun for example_short_circuit_decorator to 2022-11-01T08:43:58.394003+00:00, run_after=2022-11-02T08:43:58.394003+00:00
[2022-11-02T05:43:58.446-0300] {processor.py:176} INFO - Processing /home/debian/etlhausz/venv/lib/python3.9/site-packages/airflow/example_dags/example_short_circuit_decorator.py took 0.707 seconds
[2022-11-02T05:44:28.717-0300] {processor.py:154} INFO - Started process (PID=8421) to work on /home/debian/etlhausz/venv/lib/python3.9/site-packages/airflow/example_dags/example_short_circuit_decorator.py
[2022-11-02T05:44:28.717-0300] {processor.py:756} INFO - Processing file /home/debian/etlhausz/venv/lib/python3.9/site-packages/airflow/example_dags/example_short_circuit_decorator.py for tasks to queue
[2022-11-02T05:44:28.718-0300] {logging_mixin.py:120} INFO - [2022-11-02T05:44:28.718-0300] {dagbag.py:537} INFO - Filling up the DagBag from /home/debian/etlhausz/venv/lib/python3.9/site-packages/airflow/example_dags/example_short_circuit_decorator.py
[2022-11-02T05:44:28.744-0300] {processor.py:766} INFO - DAG(s) dict_keys(['example_short_circuit_decorator']) retrieved from /home/debian/etlhausz/venv/lib/python3.9/site-packages/airflow/example_dags/example_short_circuit_decorator.py
[2022-11-02T05:44:28.923-0300] {logging_mixin.py:120} INFO - [2022-11-02T05:44:28.922-0300] {dag.py:2585} INFO - Sync 1 DAGs
[2022-11-02T05:44:29.040-0300] {logging_mixin.py:120} INFO - [2022-11-02T05:44:29.040-0300] {dag.py:3336} INFO - Setting next_dagrun for example_short_circuit_decorator to 2022-11-01T08:44:29.040177+00:00, run_after=2022-11-02T08:44:29.040177+00:00
[2022-11-02T05:44:29.079-0300] {processor.py:176} INFO - Processing /home/debian/etlhausz/venv/lib/python3.9/site-packages/airflow/example_dags/example_short_circuit_decorator.py took 0.373 seconds
