[2022-11-02T05:34:54.914-0300] {processor.py:154} INFO - Started process (PID=4755) to work on /home/debian/etlhausz/venv/lib/python3.9/site-packages/airflow/example_dags/example_python_operator.py
[2022-11-02T05:34:54.915-0300] {processor.py:756} INFO - Processing file /home/debian/etlhausz/venv/lib/python3.9/site-packages/airflow/example_dags/example_python_operator.py for tasks to queue
[2022-11-02T05:34:54.915-0300] {logging_mixin.py:120} INFO - [2022-11-02T05:34:54.915-0300] {dagbag.py:537} INFO - Filling up the DagBag from /home/debian/etlhausz/venv/lib/python3.9/site-packages/airflow/example_dags/example_python_operator.py
[2022-11-02T05:34:54.933-0300] {logging_mixin.py:120} INFO - [2022-11-02T05:34:54.933-0300] {taskmixin.py:205} WARNING - Dependency <Task(_PythonDecoratedOperator): print_the_context>, log_sql_query already registered for DAG: example_python_operator
[2022-11-02T05:34:54.934-0300] {logging_mixin.py:120} INFO - [2022-11-02T05:34:54.934-0300] {taskmixin.py:205} WARNING - Dependency <Task(_PythonDecoratedOperator): log_sql_query>, print_the_context already registered for DAG: example_python_operator
[2022-11-02T05:34:54.934-0300] {logging_mixin.py:120} INFO - [2022-11-02T05:34:54.934-0300] {taskmixin.py:205} WARNING - Dependency <Task(_PythonDecoratedOperator): print_the_context>, log_sql_query already registered for DAG: example_python_operator
[2022-11-02T05:34:54.934-0300] {logging_mixin.py:120} INFO - [2022-11-02T05:34:54.934-0300] {taskmixin.py:205} WARNING - Dependency <Task(_PythonDecoratedOperator): log_sql_query>, print_the_context already registered for DAG: example_python_operator
[2022-11-02T05:34:54.935-0300] {logging_mixin.py:120} INFO - [2022-11-02T05:34:54.935-0300] {taskmixin.py:205} WARNING - Dependency <Task(_PythonDecoratedOperator): print_the_context>, log_sql_query already registered for DAG: example_python_operator
[2022-11-02T05:34:54.935-0300] {logging_mixin.py:120} INFO - [2022-11-02T05:34:54.935-0300] {taskmixin.py:205} WARNING - Dependency <Task(_PythonDecoratedOperator): log_sql_query>, print_the_context already registered for DAG: example_python_operator
[2022-11-02T05:34:54.935-0300] {logging_mixin.py:120} INFO - [2022-11-02T05:34:54.935-0300] {taskmixin.py:205} WARNING - Dependency <Task(_PythonDecoratedOperator): print_the_context>, log_sql_query already registered for DAG: example_python_operator
[2022-11-02T05:34:54.935-0300] {logging_mixin.py:120} INFO - [2022-11-02T05:34:54.935-0300] {taskmixin.py:205} WARNING - Dependency <Task(_PythonDecoratedOperator): log_sql_query>, print_the_context already registered for DAG: example_python_operator
[2022-11-02T05:34:54.941-0300] {processor.py:766} INFO - DAG(s) dict_keys(['example_python_operator']) retrieved from /home/debian/etlhausz/venv/lib/python3.9/site-packages/airflow/example_dags/example_python_operator.py
[2022-11-02T05:34:55.028-0300] {logging_mixin.py:120} INFO - [2022-11-02T05:34:55.028-0300] {manager.py:507} INFO - Created Permission View: can read on DAG:example_python_operator
[2022-11-02T05:34:55.038-0300] {logging_mixin.py:120} INFO - [2022-11-02T05:34:55.038-0300] {manager.py:507} INFO - Created Permission View: can edit on DAG:example_python_operator
[2022-11-02T05:34:55.047-0300] {logging_mixin.py:120} INFO - [2022-11-02T05:34:55.047-0300] {manager.py:507} INFO - Created Permission View: can delete on DAG:example_python_operator
[2022-11-02T05:34:55.048-0300] {logging_mixin.py:120} INFO - [2022-11-02T05:34:55.047-0300] {dag.py:2585} INFO - Sync 1 DAGs
[2022-11-02T05:34:55.055-0300] {logging_mixin.py:120} INFO - [2022-11-02T05:34:55.055-0300] {dag.py:2606} INFO - Creating ORM DAG for example_python_operator
[2022-11-02T05:34:55.065-0300] {logging_mixin.py:120} INFO - [2022-11-02T05:34:55.065-0300] {dag.py:3336} INFO - Setting next_dagrun for example_python_operator to None, run_after=None
[2022-11-02T05:34:55.089-0300] {processor.py:176} INFO - Processing /home/debian/etlhausz/venv/lib/python3.9/site-packages/airflow/example_dags/example_python_operator.py took 0.176 seconds
[2022-11-02T05:41:23.281-0300] {processor.py:154} INFO - Started process (PID=6716) to work on /home/debian/etlhausz/venv/lib/python3.9/site-packages/airflow/example_dags/example_python_operator.py
[2022-11-02T05:41:23.282-0300] {processor.py:756} INFO - Processing file /home/debian/etlhausz/venv/lib/python3.9/site-packages/airflow/example_dags/example_python_operator.py for tasks to queue
[2022-11-02T05:41:23.283-0300] {logging_mixin.py:120} INFO - [2022-11-02T05:41:23.283-0300] {dagbag.py:537} INFO - Filling up the DagBag from /home/debian/etlhausz/venv/lib/python3.9/site-packages/airflow/example_dags/example_python_operator.py
[2022-11-02T05:41:23.308-0300] {logging_mixin.py:120} INFO - [2022-11-02T05:41:23.308-0300] {taskmixin.py:205} WARNING - Dependency <Task(_PythonDecoratedOperator): print_the_context>, log_sql_query already registered for DAG: example_python_operator
[2022-11-02T05:41:23.308-0300] {logging_mixin.py:120} INFO - [2022-11-02T05:41:23.308-0300] {taskmixin.py:205} WARNING - Dependency <Task(_PythonDecoratedOperator): log_sql_query>, print_the_context already registered for DAG: example_python_operator
[2022-11-02T05:41:23.309-0300] {logging_mixin.py:120} INFO - [2022-11-02T05:41:23.309-0300] {taskmixin.py:205} WARNING - Dependency <Task(_PythonDecoratedOperator): print_the_context>, log_sql_query already registered for DAG: example_python_operator
[2022-11-02T05:41:23.309-0300] {logging_mixin.py:120} INFO - [2022-11-02T05:41:23.309-0300] {taskmixin.py:205} WARNING - Dependency <Task(_PythonDecoratedOperator): log_sql_query>, print_the_context already registered for DAG: example_python_operator
[2022-11-02T05:41:23.310-0300] {logging_mixin.py:120} INFO - [2022-11-02T05:41:23.310-0300] {taskmixin.py:205} WARNING - Dependency <Task(_PythonDecoratedOperator): print_the_context>, log_sql_query already registered for DAG: example_python_operator
[2022-11-02T05:41:23.310-0300] {logging_mixin.py:120} INFO - [2022-11-02T05:41:23.310-0300] {taskmixin.py:205} WARNING - Dependency <Task(_PythonDecoratedOperator): log_sql_query>, print_the_context already registered for DAG: example_python_operator
[2022-11-02T05:41:23.310-0300] {logging_mixin.py:120} INFO - [2022-11-02T05:41:23.310-0300] {taskmixin.py:205} WARNING - Dependency <Task(_PythonDecoratedOperator): print_the_context>, log_sql_query already registered for DAG: example_python_operator
[2022-11-02T05:41:23.311-0300] {logging_mixin.py:120} INFO - [2022-11-02T05:41:23.311-0300] {taskmixin.py:205} WARNING - Dependency <Task(_PythonDecoratedOperator): log_sql_query>, print_the_context already registered for DAG: example_python_operator
[2022-11-02T05:41:23.322-0300] {processor.py:766} INFO - DAG(s) dict_keys(['example_python_operator']) retrieved from /home/debian/etlhausz/venv/lib/python3.9/site-packages/airflow/example_dags/example_python_operator.py
[2022-11-02T05:41:23.448-0300] {logging_mixin.py:120} INFO - [2022-11-02T05:41:23.447-0300] {dag.py:2585} INFO - Sync 1 DAGs
[2022-11-02T05:41:23.478-0300] {logging_mixin.py:120} INFO - [2022-11-02T05:41:23.476-0300] {dag.py:3336} INFO - Setting next_dagrun for example_python_operator to None, run_after=None
[2022-11-02T05:41:23.506-0300] {processor.py:176} INFO - Processing /home/debian/etlhausz/venv/lib/python3.9/site-packages/airflow/example_dags/example_python_operator.py took 0.230 seconds
[2022-11-02T05:41:53.851-0300] {processor.py:154} INFO - Started process (PID=7070) to work on /home/debian/etlhausz/venv/lib/python3.9/site-packages/airflow/example_dags/example_python_operator.py
[2022-11-02T05:41:53.854-0300] {processor.py:756} INFO - Processing file /home/debian/etlhausz/venv/lib/python3.9/site-packages/airflow/example_dags/example_python_operator.py for tasks to queue
[2022-11-02T05:41:53.854-0300] {logging_mixin.py:120} INFO - [2022-11-02T05:41:53.854-0300] {dagbag.py:537} INFO - Filling up the DagBag from /home/debian/etlhausz/venv/lib/python3.9/site-packages/airflow/example_dags/example_python_operator.py
[2022-11-02T05:41:53.869-0300] {logging_mixin.py:120} INFO - [2022-11-02T05:41:53.869-0300] {taskmixin.py:205} WARNING - Dependency <Task(_PythonDecoratedOperator): print_the_context>, log_sql_query already registered for DAG: example_python_operator
[2022-11-02T05:41:53.869-0300] {logging_mixin.py:120} INFO - [2022-11-02T05:41:53.869-0300] {taskmixin.py:205} WARNING - Dependency <Task(_PythonDecoratedOperator): log_sql_query>, print_the_context already registered for DAG: example_python_operator
[2022-11-02T05:41:53.870-0300] {logging_mixin.py:120} INFO - [2022-11-02T05:41:53.869-0300] {taskmixin.py:205} WARNING - Dependency <Task(_PythonDecoratedOperator): print_the_context>, log_sql_query already registered for DAG: example_python_operator
[2022-11-02T05:41:53.870-0300] {logging_mixin.py:120} INFO - [2022-11-02T05:41:53.870-0300] {taskmixin.py:205} WARNING - Dependency <Task(_PythonDecoratedOperator): log_sql_query>, print_the_context already registered for DAG: example_python_operator
[2022-11-02T05:41:53.870-0300] {logging_mixin.py:120} INFO - [2022-11-02T05:41:53.870-0300] {taskmixin.py:205} WARNING - Dependency <Task(_PythonDecoratedOperator): print_the_context>, log_sql_query already registered for DAG: example_python_operator
[2022-11-02T05:41:53.870-0300] {logging_mixin.py:120} INFO - [2022-11-02T05:41:53.870-0300] {taskmixin.py:205} WARNING - Dependency <Task(_PythonDecoratedOperator): log_sql_query>, print_the_context already registered for DAG: example_python_operator
[2022-11-02T05:41:53.871-0300] {logging_mixin.py:120} INFO - [2022-11-02T05:41:53.871-0300] {taskmixin.py:205} WARNING - Dependency <Task(_PythonDecoratedOperator): print_the_context>, log_sql_query already registered for DAG: example_python_operator
[2022-11-02T05:41:53.871-0300] {logging_mixin.py:120} INFO - [2022-11-02T05:41:53.871-0300] {taskmixin.py:205} WARNING - Dependency <Task(_PythonDecoratedOperator): log_sql_query>, print_the_context already registered for DAG: example_python_operator
[2022-11-02T05:41:53.876-0300] {processor.py:766} INFO - DAG(s) dict_keys(['example_python_operator']) retrieved from /home/debian/etlhausz/venv/lib/python3.9/site-packages/airflow/example_dags/example_python_operator.py
[2022-11-02T05:41:53.919-0300] {logging_mixin.py:120} INFO - [2022-11-02T05:41:53.918-0300] {dag.py:2585} INFO - Sync 1 DAGs
[2022-11-02T05:41:53.944-0300] {logging_mixin.py:120} INFO - [2022-11-02T05:41:53.944-0300] {dag.py:3336} INFO - Setting next_dagrun for example_python_operator to None, run_after=None
[2022-11-02T05:41:53.965-0300] {processor.py:176} INFO - Processing /home/debian/etlhausz/venv/lib/python3.9/site-packages/airflow/example_dags/example_python_operator.py took 0.116 seconds
[2022-11-02T05:42:24.523-0300] {processor.py:154} INFO - Started process (PID=7303) to work on /home/debian/etlhausz/venv/lib/python3.9/site-packages/airflow/example_dags/example_python_operator.py
[2022-11-02T05:42:24.524-0300] {processor.py:756} INFO - Processing file /home/debian/etlhausz/venv/lib/python3.9/site-packages/airflow/example_dags/example_python_operator.py for tasks to queue
[2022-11-02T05:42:24.525-0300] {logging_mixin.py:120} INFO - [2022-11-02T05:42:24.524-0300] {dagbag.py:537} INFO - Filling up the DagBag from /home/debian/etlhausz/venv/lib/python3.9/site-packages/airflow/example_dags/example_python_operator.py
[2022-11-02T05:42:24.539-0300] {logging_mixin.py:120} INFO - [2022-11-02T05:42:24.539-0300] {taskmixin.py:205} WARNING - Dependency <Task(_PythonDecoratedOperator): print_the_context>, log_sql_query already registered for DAG: example_python_operator
[2022-11-02T05:42:24.540-0300] {logging_mixin.py:120} INFO - [2022-11-02T05:42:24.540-0300] {taskmixin.py:205} WARNING - Dependency <Task(_PythonDecoratedOperator): log_sql_query>, print_the_context already registered for DAG: example_python_operator
[2022-11-02T05:42:24.540-0300] {logging_mixin.py:120} INFO - [2022-11-02T05:42:24.540-0300] {taskmixin.py:205} WARNING - Dependency <Task(_PythonDecoratedOperator): print_the_context>, log_sql_query already registered for DAG: example_python_operator
[2022-11-02T05:42:24.540-0300] {logging_mixin.py:120} INFO - [2022-11-02T05:42:24.540-0300] {taskmixin.py:205} WARNING - Dependency <Task(_PythonDecoratedOperator): log_sql_query>, print_the_context already registered for DAG: example_python_operator
[2022-11-02T05:42:24.541-0300] {logging_mixin.py:120} INFO - [2022-11-02T05:42:24.541-0300] {taskmixin.py:205} WARNING - Dependency <Task(_PythonDecoratedOperator): print_the_context>, log_sql_query already registered for DAG: example_python_operator
[2022-11-02T05:42:24.541-0300] {logging_mixin.py:120} INFO - [2022-11-02T05:42:24.541-0300] {taskmixin.py:205} WARNING - Dependency <Task(_PythonDecoratedOperator): log_sql_query>, print_the_context already registered for DAG: example_python_operator
[2022-11-02T05:42:24.541-0300] {logging_mixin.py:120} INFO - [2022-11-02T05:42:24.541-0300] {taskmixin.py:205} WARNING - Dependency <Task(_PythonDecoratedOperator): print_the_context>, log_sql_query already registered for DAG: example_python_operator
[2022-11-02T05:42:24.541-0300] {logging_mixin.py:120} INFO - [2022-11-02T05:42:24.541-0300] {taskmixin.py:205} WARNING - Dependency <Task(_PythonDecoratedOperator): log_sql_query>, print_the_context already registered for DAG: example_python_operator
[2022-11-02T05:42:24.551-0300] {processor.py:766} INFO - DAG(s) dict_keys(['example_python_operator']) retrieved from /home/debian/etlhausz/venv/lib/python3.9/site-packages/airflow/example_dags/example_python_operator.py
[2022-11-02T05:42:24.608-0300] {logging_mixin.py:120} INFO - [2022-11-02T05:42:24.608-0300] {dag.py:2585} INFO - Sync 1 DAGs
[2022-11-02T05:42:24.630-0300] {logging_mixin.py:120} INFO - [2022-11-02T05:42:24.629-0300] {dag.py:3336} INFO - Setting next_dagrun for example_python_operator to None, run_after=None
[2022-11-02T05:42:24.652-0300] {processor.py:176} INFO - Processing /home/debian/etlhausz/venv/lib/python3.9/site-packages/airflow/example_dags/example_python_operator.py took 0.132 seconds
[2022-11-02T05:42:54.686-0300] {processor.py:154} INFO - Started process (PID=7545) to work on /home/debian/etlhausz/venv/lib/python3.9/site-packages/airflow/example_dags/example_python_operator.py
[2022-11-02T05:42:54.687-0300] {processor.py:756} INFO - Processing file /home/debian/etlhausz/venv/lib/python3.9/site-packages/airflow/example_dags/example_python_operator.py for tasks to queue
[2022-11-02T05:42:54.687-0300] {logging_mixin.py:120} INFO - [2022-11-02T05:42:54.687-0300] {dagbag.py:537} INFO - Filling up the DagBag from /home/debian/etlhausz/venv/lib/python3.9/site-packages/airflow/example_dags/example_python_operator.py
[2022-11-02T05:42:54.700-0300] {logging_mixin.py:120} INFO - [2022-11-02T05:42:54.700-0300] {taskmixin.py:205} WARNING - Dependency <Task(_PythonDecoratedOperator): print_the_context>, log_sql_query already registered for DAG: example_python_operator
[2022-11-02T05:42:54.701-0300] {logging_mixin.py:120} INFO - [2022-11-02T05:42:54.701-0300] {taskmixin.py:205} WARNING - Dependency <Task(_PythonDecoratedOperator): log_sql_query>, print_the_context already registered for DAG: example_python_operator
[2022-11-02T05:42:54.701-0300] {logging_mixin.py:120} INFO - [2022-11-02T05:42:54.701-0300] {taskmixin.py:205} WARNING - Dependency <Task(_PythonDecoratedOperator): print_the_context>, log_sql_query already registered for DAG: example_python_operator
[2022-11-02T05:42:54.701-0300] {logging_mixin.py:120} INFO - [2022-11-02T05:42:54.701-0300] {taskmixin.py:205} WARNING - Dependency <Task(_PythonDecoratedOperator): log_sql_query>, print_the_context already registered for DAG: example_python_operator
[2022-11-02T05:42:54.702-0300] {logging_mixin.py:120} INFO - [2022-11-02T05:42:54.701-0300] {taskmixin.py:205} WARNING - Dependency <Task(_PythonDecoratedOperator): print_the_context>, log_sql_query already registered for DAG: example_python_operator
[2022-11-02T05:42:54.702-0300] {logging_mixin.py:120} INFO - [2022-11-02T05:42:54.702-0300] {taskmixin.py:205} WARNING - Dependency <Task(_PythonDecoratedOperator): log_sql_query>, print_the_context already registered for DAG: example_python_operator
[2022-11-02T05:42:54.702-0300] {logging_mixin.py:120} INFO - [2022-11-02T05:42:54.702-0300] {taskmixin.py:205} WARNING - Dependency <Task(_PythonDecoratedOperator): print_the_context>, log_sql_query already registered for DAG: example_python_operator
[2022-11-02T05:42:54.702-0300] {logging_mixin.py:120} INFO - [2022-11-02T05:42:54.702-0300] {taskmixin.py:205} WARNING - Dependency <Task(_PythonDecoratedOperator): log_sql_query>, print_the_context already registered for DAG: example_python_operator
[2022-11-02T05:42:54.708-0300] {processor.py:766} INFO - DAG(s) dict_keys(['example_python_operator']) retrieved from /home/debian/etlhausz/venv/lib/python3.9/site-packages/airflow/example_dags/example_python_operator.py
[2022-11-02T05:42:54.750-0300] {logging_mixin.py:120} INFO - [2022-11-02T05:42:54.750-0300] {dag.py:2585} INFO - Sync 1 DAGs
[2022-11-02T05:42:54.767-0300] {logging_mixin.py:120} INFO - [2022-11-02T05:42:54.767-0300] {dag.py:3336} INFO - Setting next_dagrun for example_python_operator to None, run_after=None
[2022-11-02T05:42:54.787-0300] {processor.py:176} INFO - Processing /home/debian/etlhausz/venv/lib/python3.9/site-packages/airflow/example_dags/example_python_operator.py took 0.104 seconds
[2022-11-02T05:43:25.469-0300] {processor.py:154} INFO - Started process (PID=7778) to work on /home/debian/etlhausz/venv/lib/python3.9/site-packages/airflow/example_dags/example_python_operator.py
[2022-11-02T05:43:25.483-0300] {processor.py:756} INFO - Processing file /home/debian/etlhausz/venv/lib/python3.9/site-packages/airflow/example_dags/example_python_operator.py for tasks to queue
[2022-11-02T05:43:25.483-0300] {logging_mixin.py:120} INFO - [2022-11-02T05:43:25.483-0300] {dagbag.py:537} INFO - Filling up the DagBag from /home/debian/etlhausz/venv/lib/python3.9/site-packages/airflow/example_dags/example_python_operator.py
[2022-11-02T05:43:25.498-0300] {logging_mixin.py:120} INFO - [2022-11-02T05:43:25.497-0300] {taskmixin.py:205} WARNING - Dependency <Task(_PythonDecoratedOperator): print_the_context>, log_sql_query already registered for DAG: example_python_operator
[2022-11-02T05:43:25.498-0300] {logging_mixin.py:120} INFO - [2022-11-02T05:43:25.498-0300] {taskmixin.py:205} WARNING - Dependency <Task(_PythonDecoratedOperator): log_sql_query>, print_the_context already registered for DAG: example_python_operator
[2022-11-02T05:43:25.498-0300] {logging_mixin.py:120} INFO - [2022-11-02T05:43:25.498-0300] {taskmixin.py:205} WARNING - Dependency <Task(_PythonDecoratedOperator): print_the_context>, log_sql_query already registered for DAG: example_python_operator
[2022-11-02T05:43:25.498-0300] {logging_mixin.py:120} INFO - [2022-11-02T05:43:25.498-0300] {taskmixin.py:205} WARNING - Dependency <Task(_PythonDecoratedOperator): log_sql_query>, print_the_context already registered for DAG: example_python_operator
[2022-11-02T05:43:25.499-0300] {logging_mixin.py:120} INFO - [2022-11-02T05:43:25.499-0300] {taskmixin.py:205} WARNING - Dependency <Task(_PythonDecoratedOperator): print_the_context>, log_sql_query already registered for DAG: example_python_operator
[2022-11-02T05:43:25.499-0300] {logging_mixin.py:120} INFO - [2022-11-02T05:43:25.499-0300] {taskmixin.py:205} WARNING - Dependency <Task(_PythonDecoratedOperator): log_sql_query>, print_the_context already registered for DAG: example_python_operator
[2022-11-02T05:43:25.499-0300] {logging_mixin.py:120} INFO - [2022-11-02T05:43:25.499-0300] {taskmixin.py:205} WARNING - Dependency <Task(_PythonDecoratedOperator): print_the_context>, log_sql_query already registered for DAG: example_python_operator
[2022-11-02T05:43:25.499-0300] {logging_mixin.py:120} INFO - [2022-11-02T05:43:25.499-0300] {taskmixin.py:205} WARNING - Dependency <Task(_PythonDecoratedOperator): log_sql_query>, print_the_context already registered for DAG: example_python_operator
[2022-11-02T05:43:25.505-0300] {processor.py:766} INFO - DAG(s) dict_keys(['example_python_operator']) retrieved from /home/debian/etlhausz/venv/lib/python3.9/site-packages/airflow/example_dags/example_python_operator.py
[2022-11-02T05:43:25.547-0300] {logging_mixin.py:120} INFO - [2022-11-02T05:43:25.547-0300] {dag.py:2585} INFO - Sync 1 DAGs
[2022-11-02T05:43:25.566-0300] {logging_mixin.py:120} INFO - [2022-11-02T05:43:25.566-0300] {dag.py:3336} INFO - Setting next_dagrun for example_python_operator to None, run_after=None
[2022-11-02T05:43:25.586-0300] {processor.py:176} INFO - Processing /home/debian/etlhausz/venv/lib/python3.9/site-packages/airflow/example_dags/example_python_operator.py took 0.126 seconds
[2022-11-02T05:43:56.659-0300] {processor.py:154} INFO - Started process (PID=8013) to work on /home/debian/etlhausz/venv/lib/python3.9/site-packages/airflow/example_dags/example_python_operator.py
[2022-11-02T05:43:56.661-0300] {processor.py:756} INFO - Processing file /home/debian/etlhausz/venv/lib/python3.9/site-packages/airflow/example_dags/example_python_operator.py for tasks to queue
[2022-11-02T05:43:56.661-0300] {logging_mixin.py:120} INFO - [2022-11-02T05:43:56.661-0300] {dagbag.py:537} INFO - Filling up the DagBag from /home/debian/etlhausz/venv/lib/python3.9/site-packages/airflow/example_dags/example_python_operator.py
[2022-11-02T05:43:56.919-0300] {logging_mixin.py:120} INFO - [2022-11-02T05:43:56.919-0300] {taskmixin.py:205} WARNING - Dependency <Task(_PythonDecoratedOperator): print_the_context>, log_sql_query already registered for DAG: example_python_operator
[2022-11-02T05:43:56.919-0300] {logging_mixin.py:120} INFO - [2022-11-02T05:43:56.919-0300] {taskmixin.py:205} WARNING - Dependency <Task(_PythonDecoratedOperator): log_sql_query>, print_the_context already registered for DAG: example_python_operator
[2022-11-02T05:43:56.919-0300] {logging_mixin.py:120} INFO - [2022-11-02T05:43:56.919-0300] {taskmixin.py:205} WARNING - Dependency <Task(_PythonDecoratedOperator): print_the_context>, log_sql_query already registered for DAG: example_python_operator
[2022-11-02T05:43:56.920-0300] {logging_mixin.py:120} INFO - [2022-11-02T05:43:56.920-0300] {taskmixin.py:205} WARNING - Dependency <Task(_PythonDecoratedOperator): log_sql_query>, print_the_context already registered for DAG: example_python_operator
[2022-11-02T05:43:56.920-0300] {logging_mixin.py:120} INFO - [2022-11-02T05:43:56.920-0300] {taskmixin.py:205} WARNING - Dependency <Task(_PythonDecoratedOperator): print_the_context>, log_sql_query already registered for DAG: example_python_operator
[2022-11-02T05:43:56.920-0300] {logging_mixin.py:120} INFO - [2022-11-02T05:43:56.920-0300] {taskmixin.py:205} WARNING - Dependency <Task(_PythonDecoratedOperator): log_sql_query>, print_the_context already registered for DAG: example_python_operator
[2022-11-02T05:43:56.984-0300] {logging_mixin.py:120} INFO - [2022-11-02T05:43:56.983-0300] {taskmixin.py:205} WARNING - Dependency <Task(_PythonDecoratedOperator): print_the_context>, log_sql_query already registered for DAG: example_python_operator
[2022-11-02T05:43:56.984-0300] {logging_mixin.py:120} INFO - [2022-11-02T05:43:56.984-0300] {taskmixin.py:205} WARNING - Dependency <Task(_PythonDecoratedOperator): log_sql_query>, print_the_context already registered for DAG: example_python_operator
[2022-11-02T05:43:57.169-0300] {processor.py:766} INFO - DAG(s) dict_keys(['example_python_operator']) retrieved from /home/debian/etlhausz/venv/lib/python3.9/site-packages/airflow/example_dags/example_python_operator.py
[2022-11-02T05:43:57.535-0300] {logging_mixin.py:120} INFO - [2022-11-02T05:43:57.535-0300] {dag.py:2585} INFO - Sync 1 DAGs
[2022-11-02T05:43:57.632-0300] {logging_mixin.py:120} INFO - [2022-11-02T05:43:57.630-0300] {dag.py:3336} INFO - Setting next_dagrun for example_python_operator to None, run_after=None
[2022-11-02T05:43:57.847-0300] {processor.py:176} INFO - Processing /home/debian/etlhausz/venv/lib/python3.9/site-packages/airflow/example_dags/example_python_operator.py took 1.214 seconds
[2022-11-02T05:44:28.116-0300] {processor.py:154} INFO - Started process (PID=8393) to work on /home/debian/etlhausz/venv/lib/python3.9/site-packages/airflow/example_dags/example_python_operator.py
[2022-11-02T05:44:28.119-0300] {processor.py:756} INFO - Processing file /home/debian/etlhausz/venv/lib/python3.9/site-packages/airflow/example_dags/example_python_operator.py for tasks to queue
[2022-11-02T05:44:28.120-0300] {logging_mixin.py:120} INFO - [2022-11-02T05:44:28.119-0300] {dagbag.py:537} INFO - Filling up the DagBag from /home/debian/etlhausz/venv/lib/python3.9/site-packages/airflow/example_dags/example_python_operator.py
[2022-11-02T05:44:28.170-0300] {logging_mixin.py:120} INFO - [2022-11-02T05:44:28.170-0300] {taskmixin.py:205} WARNING - Dependency <Task(_PythonDecoratedOperator): print_the_context>, log_sql_query already registered for DAG: example_python_operator
[2022-11-02T05:44:28.171-0300] {logging_mixin.py:120} INFO - [2022-11-02T05:44:28.171-0300] {taskmixin.py:205} WARNING - Dependency <Task(_PythonDecoratedOperator): log_sql_query>, print_the_context already registered for DAG: example_python_operator
[2022-11-02T05:44:28.172-0300] {logging_mixin.py:120} INFO - [2022-11-02T05:44:28.172-0300] {taskmixin.py:205} WARNING - Dependency <Task(_PythonDecoratedOperator): print_the_context>, log_sql_query already registered for DAG: example_python_operator
[2022-11-02T05:44:28.172-0300] {logging_mixin.py:120} INFO - [2022-11-02T05:44:28.172-0300] {taskmixin.py:205} WARNING - Dependency <Task(_PythonDecoratedOperator): log_sql_query>, print_the_context already registered for DAG: example_python_operator
[2022-11-02T05:44:28.189-0300] {logging_mixin.py:120} INFO - [2022-11-02T05:44:28.179-0300] {taskmixin.py:205} WARNING - Dependency <Task(_PythonDecoratedOperator): print_the_context>, log_sql_query already registered for DAG: example_python_operator
[2022-11-02T05:44:28.190-0300] {logging_mixin.py:120} INFO - [2022-11-02T05:44:28.189-0300] {taskmixin.py:205} WARNING - Dependency <Task(_PythonDecoratedOperator): log_sql_query>, print_the_context already registered for DAG: example_python_operator
[2022-11-02T05:44:28.190-0300] {logging_mixin.py:120} INFO - [2022-11-02T05:44:28.190-0300] {taskmixin.py:205} WARNING - Dependency <Task(_PythonDecoratedOperator): print_the_context>, log_sql_query already registered for DAG: example_python_operator
[2022-11-02T05:44:28.190-0300] {logging_mixin.py:120} INFO - [2022-11-02T05:44:28.190-0300] {taskmixin.py:205} WARNING - Dependency <Task(_PythonDecoratedOperator): log_sql_query>, print_the_context already registered for DAG: example_python_operator
[2022-11-02T05:44:28.236-0300] {processor.py:766} INFO - DAG(s) dict_keys(['example_python_operator']) retrieved from /home/debian/etlhausz/venv/lib/python3.9/site-packages/airflow/example_dags/example_python_operator.py
[2022-11-02T05:44:28.439-0300] {logging_mixin.py:120} INFO - [2022-11-02T05:44:28.436-0300] {dag.py:2585} INFO - Sync 1 DAGs
[2022-11-02T05:44:28.532-0300] {logging_mixin.py:120} INFO - [2022-11-02T05:44:28.532-0300] {dag.py:3336} INFO - Setting next_dagrun for example_python_operator to None, run_after=None
[2022-11-02T05:44:28.593-0300] {processor.py:176} INFO - Processing /home/debian/etlhausz/venv/lib/python3.9/site-packages/airflow/example_dags/example_python_operator.py took 0.481 seconds
