[2022-11-02T05:35:14.755-0300] {processor.py:154} INFO - Started process (PID=4909) to work on /home/debian/etlhausz/venv/lib/python3.9/site-packages/airflow/example_dags/example_task_group_decorator.py
[2022-11-02T05:35:14.756-0300] {processor.py:756} INFO - Processing file /home/debian/etlhausz/venv/lib/python3.9/site-packages/airflow/example_dags/example_task_group_decorator.py for tasks to queue
[2022-11-02T05:35:14.756-0300] {logging_mixin.py:120} INFO - [2022-11-02T05:35:14.756-0300] {dagbag.py:537} INFO - Filling up the DagBag from /home/debian/etlhausz/venv/lib/python3.9/site-packages/airflow/example_dags/example_task_group_decorator.py
[2022-11-02T05:35:14.835-0300] {processor.py:766} INFO - DAG(s) dict_keys(['example_task_group_decorator']) retrieved from /home/debian/etlhausz/venv/lib/python3.9/site-packages/airflow/example_dags/example_task_group_decorator.py
[2022-11-02T05:35:15.108-0300] {logging_mixin.py:120} INFO - [2022-11-02T05:35:15.107-0300] {manager.py:507} INFO - Created Permission View: can read on DAG:example_task_group_decorator
[2022-11-02T05:35:15.247-0300] {logging_mixin.py:120} INFO - [2022-11-02T05:35:15.246-0300] {manager.py:507} INFO - Created Permission View: can edit on DAG:example_task_group_decorator
[2022-11-02T05:35:15.596-0300] {logging_mixin.py:120} INFO - [2022-11-02T05:35:15.596-0300] {manager.py:507} INFO - Created Permission View: can delete on DAG:example_task_group_decorator
[2022-11-02T05:35:15.597-0300] {logging_mixin.py:120} INFO - [2022-11-02T05:35:15.597-0300] {dag.py:2585} INFO - Sync 1 DAGs
[2022-11-02T05:35:15.644-0300] {logging_mixin.py:120} INFO - [2022-11-02T05:35:15.644-0300] {dag.py:2606} INFO - Creating ORM DAG for example_task_group_decorator
[2022-11-02T05:35:15.759-0300] {logging_mixin.py:120} INFO - [2022-11-02T05:35:15.759-0300] {dag.py:3336} INFO - Setting next_dagrun for example_task_group_decorator to 2022-11-01T08:35:15.759165+00:00, run_after=2022-11-02T08:35:15.759165+00:00
[2022-11-02T05:35:15.971-0300] {processor.py:176} INFO - Processing /home/debian/etlhausz/venv/lib/python3.9/site-packages/airflow/example_dags/example_task_group_decorator.py took 1.222 seconds
[2022-11-02T05:41:24.836-0300] {processor.py:154} INFO - Started process (PID=6800) to work on /home/debian/etlhausz/venv/lib/python3.9/site-packages/airflow/example_dags/example_task_group_decorator.py
[2022-11-02T05:41:24.839-0300] {processor.py:756} INFO - Processing file /home/debian/etlhausz/venv/lib/python3.9/site-packages/airflow/example_dags/example_task_group_decorator.py for tasks to queue
[2022-11-02T05:41:24.841-0300] {logging_mixin.py:120} INFO - [2022-11-02T05:41:24.841-0300] {dagbag.py:537} INFO - Filling up the DagBag from /home/debian/etlhausz/venv/lib/python3.9/site-packages/airflow/example_dags/example_task_group_decorator.py
[2022-11-02T05:41:24.893-0300] {processor.py:766} INFO - DAG(s) dict_keys(['example_task_group_decorator']) retrieved from /home/debian/etlhausz/venv/lib/python3.9/site-packages/airflow/example_dags/example_task_group_decorator.py
[2022-11-02T05:41:24.956-0300] {logging_mixin.py:120} INFO - [2022-11-02T05:41:24.956-0300] {dag.py:2585} INFO - Sync 1 DAGs
[2022-11-02T05:41:24.991-0300] {logging_mixin.py:120} INFO - [2022-11-02T05:41:24.991-0300] {dag.py:3336} INFO - Setting next_dagrun for example_task_group_decorator to 2022-11-01T08:41:24.990853+00:00, run_after=2022-11-02T08:41:24.990853+00:00
[2022-11-02T05:41:25.006-0300] {processor.py:176} INFO - Processing /home/debian/etlhausz/venv/lib/python3.9/site-packages/airflow/example_dags/example_task_group_decorator.py took 0.176 seconds
[2022-11-02T05:41:55.887-0300] {processor.py:154} INFO - Started process (PID=7157) to work on /home/debian/etlhausz/venv/lib/python3.9/site-packages/airflow/example_dags/example_task_group_decorator.py
[2022-11-02T05:41:55.888-0300] {processor.py:756} INFO - Processing file /home/debian/etlhausz/venv/lib/python3.9/site-packages/airflow/example_dags/example_task_group_decorator.py for tasks to queue
[2022-11-02T05:41:55.889-0300] {logging_mixin.py:120} INFO - [2022-11-02T05:41:55.889-0300] {dagbag.py:537} INFO - Filling up the DagBag from /home/debian/etlhausz/venv/lib/python3.9/site-packages/airflow/example_dags/example_task_group_decorator.py
[2022-11-02T05:41:55.911-0300] {processor.py:766} INFO - DAG(s) dict_keys(['example_task_group_decorator']) retrieved from /home/debian/etlhausz/venv/lib/python3.9/site-packages/airflow/example_dags/example_task_group_decorator.py
[2022-11-02T05:41:55.954-0300] {logging_mixin.py:120} INFO - [2022-11-02T05:41:55.954-0300] {dag.py:2585} INFO - Sync 1 DAGs
[2022-11-02T05:41:55.973-0300] {logging_mixin.py:120} INFO - [2022-11-02T05:41:55.973-0300] {dag.py:3336} INFO - Setting next_dagrun for example_task_group_decorator to 2022-11-01T08:41:55.972996+00:00, run_after=2022-11-02T08:41:55.972996+00:00
[2022-11-02T05:41:56.001-0300] {processor.py:176} INFO - Processing /home/debian/etlhausz/venv/lib/python3.9/site-packages/airflow/example_dags/example_task_group_decorator.py took 0.117 seconds
[2022-11-02T05:42:26.492-0300] {processor.py:154} INFO - Started process (PID=7390) to work on /home/debian/etlhausz/venv/lib/python3.9/site-packages/airflow/example_dags/example_task_group_decorator.py
[2022-11-02T05:42:26.493-0300] {processor.py:756} INFO - Processing file /home/debian/etlhausz/venv/lib/python3.9/site-packages/airflow/example_dags/example_task_group_decorator.py for tasks to queue
[2022-11-02T05:42:26.494-0300] {logging_mixin.py:120} INFO - [2022-11-02T05:42:26.494-0300] {dagbag.py:537} INFO - Filling up the DagBag from /home/debian/etlhausz/venv/lib/python3.9/site-packages/airflow/example_dags/example_task_group_decorator.py
[2022-11-02T05:42:26.516-0300] {processor.py:766} INFO - DAG(s) dict_keys(['example_task_group_decorator']) retrieved from /home/debian/etlhausz/venv/lib/python3.9/site-packages/airflow/example_dags/example_task_group_decorator.py
[2022-11-02T05:42:26.557-0300] {logging_mixin.py:120} INFO - [2022-11-02T05:42:26.557-0300] {dag.py:2585} INFO - Sync 1 DAGs
[2022-11-02T05:42:26.585-0300] {logging_mixin.py:120} INFO - [2022-11-02T05:42:26.584-0300] {dag.py:3336} INFO - Setting next_dagrun for example_task_group_decorator to 2022-11-01T08:42:26.583464+00:00, run_after=2022-11-02T08:42:26.583464+00:00
[2022-11-02T05:42:26.610-0300] {processor.py:176} INFO - Processing /home/debian/etlhausz/venv/lib/python3.9/site-packages/airflow/example_dags/example_task_group_decorator.py took 0.122 seconds
[2022-11-02T05:42:56.714-0300] {processor.py:154} INFO - Started process (PID=7631) to work on /home/debian/etlhausz/venv/lib/python3.9/site-packages/airflow/example_dags/example_task_group_decorator.py
[2022-11-02T05:42:56.715-0300] {processor.py:756} INFO - Processing file /home/debian/etlhausz/venv/lib/python3.9/site-packages/airflow/example_dags/example_task_group_decorator.py for tasks to queue
[2022-11-02T05:42:56.715-0300] {logging_mixin.py:120} INFO - [2022-11-02T05:42:56.715-0300] {dagbag.py:537} INFO - Filling up the DagBag from /home/debian/etlhausz/venv/lib/python3.9/site-packages/airflow/example_dags/example_task_group_decorator.py
[2022-11-02T05:42:56.743-0300] {processor.py:766} INFO - DAG(s) dict_keys(['example_task_group_decorator']) retrieved from /home/debian/etlhausz/venv/lib/python3.9/site-packages/airflow/example_dags/example_task_group_decorator.py
[2022-11-02T05:42:56.787-0300] {logging_mixin.py:120} INFO - [2022-11-02T05:42:56.787-0300] {dag.py:2585} INFO - Sync 1 DAGs
[2022-11-02T05:42:56.806-0300] {logging_mixin.py:120} INFO - [2022-11-02T05:42:56.806-0300] {dag.py:3336} INFO - Setting next_dagrun for example_task_group_decorator to 2022-11-01T08:42:56.806383+00:00, run_after=2022-11-02T08:42:56.806383+00:00
[2022-11-02T05:42:56.826-0300] {processor.py:176} INFO - Processing /home/debian/etlhausz/venv/lib/python3.9/site-packages/airflow/example_dags/example_task_group_decorator.py took 0.115 seconds
[2022-11-02T05:43:27.510-0300] {processor.py:154} INFO - Started process (PID=7861) to work on /home/debian/etlhausz/venv/lib/python3.9/site-packages/airflow/example_dags/example_task_group_decorator.py
[2022-11-02T05:43:27.512-0300] {processor.py:756} INFO - Processing file /home/debian/etlhausz/venv/lib/python3.9/site-packages/airflow/example_dags/example_task_group_decorator.py for tasks to queue
[2022-11-02T05:43:27.512-0300] {logging_mixin.py:120} INFO - [2022-11-02T05:43:27.512-0300] {dagbag.py:537} INFO - Filling up the DagBag from /home/debian/etlhausz/venv/lib/python3.9/site-packages/airflow/example_dags/example_task_group_decorator.py
[2022-11-02T05:43:27.536-0300] {processor.py:766} INFO - DAG(s) dict_keys(['example_task_group_decorator']) retrieved from /home/debian/etlhausz/venv/lib/python3.9/site-packages/airflow/example_dags/example_task_group_decorator.py
[2022-11-02T05:43:27.579-0300] {logging_mixin.py:120} INFO - [2022-11-02T05:43:27.578-0300] {dag.py:2585} INFO - Sync 1 DAGs
[2022-11-02T05:43:27.599-0300] {logging_mixin.py:120} INFO - [2022-11-02T05:43:27.599-0300] {dag.py:3336} INFO - Setting next_dagrun for example_task_group_decorator to 2022-11-01T08:43:27.599446+00:00, run_after=2022-11-02T08:43:27.599446+00:00
[2022-11-02T05:43:27.623-0300] {processor.py:176} INFO - Processing /home/debian/etlhausz/venv/lib/python3.9/site-packages/airflow/example_dags/example_task_group_decorator.py took 0.115 seconds
[2022-11-02T05:43:59.711-0300] {processor.py:154} INFO - Started process (PID=8137) to work on /home/debian/etlhausz/venv/lib/python3.9/site-packages/airflow/example_dags/example_task_group_decorator.py
[2022-11-02T05:43:59.712-0300] {processor.py:756} INFO - Processing file /home/debian/etlhausz/venv/lib/python3.9/site-packages/airflow/example_dags/example_task_group_decorator.py for tasks to queue
[2022-11-02T05:43:59.713-0300] {logging_mixin.py:120} INFO - [2022-11-02T05:43:59.713-0300] {dagbag.py:537} INFO - Filling up the DagBag from /home/debian/etlhausz/venv/lib/python3.9/site-packages/airflow/example_dags/example_task_group_decorator.py
[2022-11-02T05:43:59.736-0300] {processor.py:766} INFO - DAG(s) dict_keys(['example_task_group_decorator']) retrieved from /home/debian/etlhausz/venv/lib/python3.9/site-packages/airflow/example_dags/example_task_group_decorator.py
[2022-11-02T05:43:59.781-0300] {logging_mixin.py:120} INFO - [2022-11-02T05:43:59.781-0300] {dag.py:2585} INFO - Sync 1 DAGs
[2022-11-02T05:43:59.802-0300] {logging_mixin.py:120} INFO - [2022-11-02T05:43:59.802-0300] {dag.py:3336} INFO - Setting next_dagrun for example_task_group_decorator to 2022-11-01T08:43:59.800962+00:00, run_after=2022-11-02T08:43:59.800962+00:00
[2022-11-02T05:43:59.822-0300] {processor.py:176} INFO - Processing /home/debian/etlhausz/venv/lib/python3.9/site-packages/airflow/example_dags/example_task_group_decorator.py took 0.114 seconds
[2022-11-02T05:44:30.087-0300] {processor.py:154} INFO - Started process (PID=8510) to work on /home/debian/etlhausz/venv/lib/python3.9/site-packages/airflow/example_dags/example_task_group_decorator.py
[2022-11-02T05:44:30.088-0300] {processor.py:756} INFO - Processing file /home/debian/etlhausz/venv/lib/python3.9/site-packages/airflow/example_dags/example_task_group_decorator.py for tasks to queue
[2022-11-02T05:44:30.089-0300] {logging_mixin.py:120} INFO - [2022-11-02T05:44:30.089-0300] {dagbag.py:537} INFO - Filling up the DagBag from /home/debian/etlhausz/venv/lib/python3.9/site-packages/airflow/example_dags/example_task_group_decorator.py
[2022-11-02T05:44:30.111-0300] {processor.py:766} INFO - DAG(s) dict_keys(['example_task_group_decorator']) retrieved from /home/debian/etlhausz/venv/lib/python3.9/site-packages/airflow/example_dags/example_task_group_decorator.py
[2022-11-02T05:44:30.153-0300] {logging_mixin.py:120} INFO - [2022-11-02T05:44:30.153-0300] {dag.py:2585} INFO - Sync 1 DAGs
[2022-11-02T05:44:30.207-0300] {logging_mixin.py:120} INFO - [2022-11-02T05:44:30.207-0300] {dag.py:3336} INFO - Setting next_dagrun for example_task_group_decorator to 2022-11-01T08:44:30.207250+00:00, run_after=2022-11-02T08:44:30.207250+00:00
[2022-11-02T05:44:30.286-0300] {processor.py:176} INFO - Processing /home/debian/etlhausz/venv/lib/python3.9/site-packages/airflow/example_dags/example_task_group_decorator.py took 0.202 seconds
