[2022-11-02T05:41:25.620-0300] {processor.py:154} INFO - Started process (PID=6854) to work on /home/debian/etlhausz/venv/lib/python3.9/site-packages/airflow/example_dags/example_time_delta_sensor_async.py
[2022-11-02T05:41:25.621-0300] {processor.py:756} INFO - Processing file /home/debian/etlhausz/venv/lib/python3.9/site-packages/airflow/example_dags/example_time_delta_sensor_async.py for tasks to queue
[2022-11-02T05:41:25.621-0300] {logging_mixin.py:120} INFO - [2022-11-02T05:41:25.621-0300] {dagbag.py:537} INFO - Filling up the DagBag from /home/debian/etlhausz/venv/lib/python3.9/site-packages/airflow/example_dags/example_time_delta_sensor_async.py
[2022-11-02T05:41:25.632-0300] {processor.py:766} INFO - DAG(s) dict_keys(['example_time_delta_sensor_async']) retrieved from /home/debian/etlhausz/venv/lib/python3.9/site-packages/airflow/example_dags/example_time_delta_sensor_async.py
[2022-11-02T05:41:25.739-0300] {logging_mixin.py:120} INFO - [2022-11-02T05:41:25.739-0300] {dag.py:2585} INFO - Sync 1 DAGs
[2022-11-02T05:41:25.765-0300] {logging_mixin.py:120} INFO - [2022-11-02T05:41:25.765-0300] {dag.py:3336} INFO - Setting next_dagrun for example_time_delta_sensor_async to None, run_after=None
[2022-11-02T05:41:25.799-0300] {processor.py:176} INFO - Processing /home/debian/etlhausz/venv/lib/python3.9/site-packages/airflow/example_dags/example_time_delta_sensor_async.py took 0.181 seconds
[2022-11-02T05:41:56.525-0300] {processor.py:154} INFO - Started process (PID=7213) to work on /home/debian/etlhausz/venv/lib/python3.9/site-packages/airflow/example_dags/example_time_delta_sensor_async.py
[2022-11-02T05:41:56.526-0300] {processor.py:756} INFO - Processing file /home/debian/etlhausz/venv/lib/python3.9/site-packages/airflow/example_dags/example_time_delta_sensor_async.py for tasks to queue
[2022-11-02T05:41:56.526-0300] {logging_mixin.py:120} INFO - [2022-11-02T05:41:56.526-0300] {dagbag.py:537} INFO - Filling up the DagBag from /home/debian/etlhausz/venv/lib/python3.9/site-packages/airflow/example_dags/example_time_delta_sensor_async.py
[2022-11-02T05:41:56.552-0300] {processor.py:766} INFO - DAG(s) dict_keys(['example_time_delta_sensor_async']) retrieved from /home/debian/etlhausz/venv/lib/python3.9/site-packages/airflow/example_dags/example_time_delta_sensor_async.py
[2022-11-02T05:41:56.644-0300] {logging_mixin.py:120} INFO - [2022-11-02T05:41:56.644-0300] {dag.py:2585} INFO - Sync 1 DAGs
[2022-11-02T05:41:56.664-0300] {logging_mixin.py:120} INFO - [2022-11-02T05:41:56.664-0300] {dag.py:3336} INFO - Setting next_dagrun for example_time_delta_sensor_async to None, run_after=None
[2022-11-02T05:41:56.690-0300] {processor.py:176} INFO - Processing /home/debian/etlhausz/venv/lib/python3.9/site-packages/airflow/example_dags/example_time_delta_sensor_async.py took 0.168 seconds
[2022-11-02T05:42:27.347-0300] {processor.py:154} INFO - Started process (PID=7447) to work on /home/debian/etlhausz/venv/lib/python3.9/site-packages/airflow/example_dags/example_time_delta_sensor_async.py
[2022-11-02T05:42:27.348-0300] {processor.py:756} INFO - Processing file /home/debian/etlhausz/venv/lib/python3.9/site-packages/airflow/example_dags/example_time_delta_sensor_async.py for tasks to queue
[2022-11-02T05:42:27.349-0300] {logging_mixin.py:120} INFO - [2022-11-02T05:42:27.349-0300] {dagbag.py:537} INFO - Filling up the DagBag from /home/debian/etlhausz/venv/lib/python3.9/site-packages/airflow/example_dags/example_time_delta_sensor_async.py
[2022-11-02T05:42:27.366-0300] {processor.py:766} INFO - DAG(s) dict_keys(['example_time_delta_sensor_async']) retrieved from /home/debian/etlhausz/venv/lib/python3.9/site-packages/airflow/example_dags/example_time_delta_sensor_async.py
[2022-11-02T05:42:27.503-0300] {logging_mixin.py:120} INFO - [2022-11-02T05:42:27.503-0300] {dag.py:2585} INFO - Sync 1 DAGs
[2022-11-02T05:42:27.528-0300] {logging_mixin.py:120} INFO - [2022-11-02T05:42:27.528-0300] {dag.py:3336} INFO - Setting next_dagrun for example_time_delta_sensor_async to None, run_after=None
[2022-11-02T05:42:27.565-0300] {processor.py:176} INFO - Processing /home/debian/etlhausz/venv/lib/python3.9/site-packages/airflow/example_dags/example_time_delta_sensor_async.py took 0.221 seconds
[2022-11-02T05:42:58.318-0300] {processor.py:154} INFO - Started process (PID=7687) to work on /home/debian/etlhausz/venv/lib/python3.9/site-packages/airflow/example_dags/example_time_delta_sensor_async.py
[2022-11-02T05:42:58.319-0300] {processor.py:756} INFO - Processing file /home/debian/etlhausz/venv/lib/python3.9/site-packages/airflow/example_dags/example_time_delta_sensor_async.py for tasks to queue
[2022-11-02T05:42:58.320-0300] {logging_mixin.py:120} INFO - [2022-11-02T05:42:58.319-0300] {dagbag.py:537} INFO - Filling up the DagBag from /home/debian/etlhausz/venv/lib/python3.9/site-packages/airflow/example_dags/example_time_delta_sensor_async.py
[2022-11-02T05:42:58.331-0300] {processor.py:766} INFO - DAG(s) dict_keys(['example_time_delta_sensor_async']) retrieved from /home/debian/etlhausz/venv/lib/python3.9/site-packages/airflow/example_dags/example_time_delta_sensor_async.py
[2022-11-02T05:42:58.410-0300] {logging_mixin.py:120} INFO - [2022-11-02T05:42:58.410-0300] {dag.py:2585} INFO - Sync 1 DAGs
[2022-11-02T05:42:58.426-0300] {logging_mixin.py:120} INFO - [2022-11-02T05:42:58.426-0300] {dag.py:3336} INFO - Setting next_dagrun for example_time_delta_sensor_async to None, run_after=None
[2022-11-02T05:42:58.439-0300] {processor.py:176} INFO - Processing /home/debian/etlhausz/venv/lib/python3.9/site-packages/airflow/example_dags/example_time_delta_sensor_async.py took 0.125 seconds
[2022-11-02T05:43:29.198-0300] {processor.py:154} INFO - Started process (PID=7918) to work on /home/debian/etlhausz/venv/lib/python3.9/site-packages/airflow/example_dags/example_time_delta_sensor_async.py
[2022-11-02T05:43:29.199-0300] {processor.py:756} INFO - Processing file /home/debian/etlhausz/venv/lib/python3.9/site-packages/airflow/example_dags/example_time_delta_sensor_async.py for tasks to queue
[2022-11-02T05:43:29.200-0300] {logging_mixin.py:120} INFO - [2022-11-02T05:43:29.200-0300] {dagbag.py:537} INFO - Filling up the DagBag from /home/debian/etlhausz/venv/lib/python3.9/site-packages/airflow/example_dags/example_time_delta_sensor_async.py
[2022-11-02T05:43:29.212-0300] {processor.py:766} INFO - DAG(s) dict_keys(['example_time_delta_sensor_async']) retrieved from /home/debian/etlhausz/venv/lib/python3.9/site-packages/airflow/example_dags/example_time_delta_sensor_async.py
[2022-11-02T05:43:29.344-0300] {logging_mixin.py:120} INFO - [2022-11-02T05:43:29.344-0300] {dag.py:2585} INFO - Sync 1 DAGs
[2022-11-02T05:43:29.370-0300] {logging_mixin.py:120} INFO - [2022-11-02T05:43:29.370-0300] {dag.py:3336} INFO - Setting next_dagrun for example_time_delta_sensor_async to None, run_after=None
[2022-11-02T05:43:29.392-0300] {processor.py:176} INFO - Processing /home/debian/etlhausz/venv/lib/python3.9/site-packages/airflow/example_dags/example_time_delta_sensor_async.py took 0.196 seconds
[2022-11-02T05:44:00.323-0300] {processor.py:154} INFO - Started process (PID=8191) to work on /home/debian/etlhausz/venv/lib/python3.9/site-packages/airflow/example_dags/example_time_delta_sensor_async.py
[2022-11-02T05:44:00.325-0300] {processor.py:756} INFO - Processing file /home/debian/etlhausz/venv/lib/python3.9/site-packages/airflow/example_dags/example_time_delta_sensor_async.py for tasks to queue
[2022-11-02T05:44:00.325-0300] {logging_mixin.py:120} INFO - [2022-11-02T05:44:00.325-0300] {dagbag.py:537} INFO - Filling up the DagBag from /home/debian/etlhausz/venv/lib/python3.9/site-packages/airflow/example_dags/example_time_delta_sensor_async.py
[2022-11-02T05:44:00.335-0300] {processor.py:766} INFO - DAG(s) dict_keys(['example_time_delta_sensor_async']) retrieved from /home/debian/etlhausz/venv/lib/python3.9/site-packages/airflow/example_dags/example_time_delta_sensor_async.py
[2022-11-02T05:44:00.428-0300] {logging_mixin.py:120} INFO - [2022-11-02T05:44:00.428-0300] {dag.py:2585} INFO - Sync 1 DAGs
[2022-11-02T05:44:00.449-0300] {logging_mixin.py:120} INFO - [2022-11-02T05:44:00.449-0300] {dag.py:3336} INFO - Setting next_dagrun for example_time_delta_sensor_async to None, run_after=None
[2022-11-02T05:44:00.465-0300] {processor.py:176} INFO - Processing /home/debian/etlhausz/venv/lib/python3.9/site-packages/airflow/example_dags/example_time_delta_sensor_async.py took 0.144 seconds
[2022-11-02T05:44:31.111-0300] {processor.py:154} INFO - Started process (PID=8567) to work on /home/debian/etlhausz/venv/lib/python3.9/site-packages/airflow/example_dags/example_time_delta_sensor_async.py
[2022-11-02T05:44:31.112-0300] {processor.py:756} INFO - Processing file /home/debian/etlhausz/venv/lib/python3.9/site-packages/airflow/example_dags/example_time_delta_sensor_async.py for tasks to queue
[2022-11-02T05:44:31.113-0300] {logging_mixin.py:120} INFO - [2022-11-02T05:44:31.113-0300] {dagbag.py:537} INFO - Filling up the DagBag from /home/debian/etlhausz/venv/lib/python3.9/site-packages/airflow/example_dags/example_time_delta_sensor_async.py
[2022-11-02T05:44:31.123-0300] {processor.py:766} INFO - DAG(s) dict_keys(['example_time_delta_sensor_async']) retrieved from /home/debian/etlhausz/venv/lib/python3.9/site-packages/airflow/example_dags/example_time_delta_sensor_async.py
[2022-11-02T05:44:31.310-0300] {logging_mixin.py:120} INFO - [2022-11-02T05:44:31.310-0300] {dag.py:2585} INFO - Sync 1 DAGs
[2022-11-02T05:44:31.391-0300] {logging_mixin.py:120} INFO - [2022-11-02T05:44:31.390-0300] {dag.py:3336} INFO - Setting next_dagrun for example_time_delta_sensor_async to None, run_after=None
[2022-11-02T05:44:31.418-0300] {processor.py:176} INFO - Processing /home/debian/etlhausz/venv/lib/python3.9/site-packages/airflow/example_dags/example_time_delta_sensor_async.py took 0.310 seconds
