[2022-11-02T05:35:16.762-0300] {processor.py:154} INFO - Started process (PID=4940) to work on /home/debian/etlhausz/venv/lib/python3.9/site-packages/airflow/example_dags/example_latest_only_with_trigger.py
[2022-11-02T05:35:16.763-0300] {processor.py:756} INFO - Processing file /home/debian/etlhausz/venv/lib/python3.9/site-packages/airflow/example_dags/example_latest_only_with_trigger.py for tasks to queue
[2022-11-02T05:35:16.820-0300] {logging_mixin.py:120} INFO - [2022-11-02T05:35:16.820-0300] {dagbag.py:537} INFO - Filling up the DagBag from /home/debian/etlhausz/venv/lib/python3.9/site-packages/airflow/example_dags/example_latest_only_with_trigger.py
[2022-11-02T05:35:16.887-0300] {processor.py:766} INFO - DAG(s) dict_keys(['latest_only_with_trigger']) retrieved from /home/debian/etlhausz/venv/lib/python3.9/site-packages/airflow/example_dags/example_latest_only_with_trigger.py
[2022-11-02T05:35:17.487-0300] {logging_mixin.py:120} INFO - [2022-11-02T05:35:17.487-0300] {manager.py:507} INFO - Created Permission View: can read on DAG:latest_only_with_trigger
[2022-11-02T05:35:17.528-0300] {logging_mixin.py:120} INFO - [2022-11-02T05:35:17.527-0300] {manager.py:507} INFO - Created Permission View: can edit on DAG:latest_only_with_trigger
[2022-11-02T05:35:17.554-0300] {logging_mixin.py:120} INFO - [2022-11-02T05:35:17.554-0300] {manager.py:507} INFO - Created Permission View: can delete on DAG:latest_only_with_trigger
[2022-11-02T05:35:17.554-0300] {logging_mixin.py:120} INFO - [2022-11-02T05:35:17.554-0300] {dag.py:2585} INFO - Sync 1 DAGs
[2022-11-02T05:35:17.563-0300] {logging_mixin.py:120} INFO - [2022-11-02T05:35:17.563-0300] {dag.py:2606} INFO - Creating ORM DAG for latest_only_with_trigger
[2022-11-02T05:35:17.571-0300] {logging_mixin.py:120} INFO - [2022-11-02T05:35:17.571-0300] {dag.py:3336} INFO - Setting next_dagrun for latest_only_with_trigger to 2022-11-02T04:35:17.571262+00:00, run_after=2022-11-02T08:35:17.571262+00:00
[2022-11-02T05:35:17.612-0300] {processor.py:176} INFO - Processing /home/debian/etlhausz/venv/lib/python3.9/site-packages/airflow/example_dags/example_latest_only_with_trigger.py took 0.863 seconds
[2022-11-02T05:41:24.932-0300] {processor.py:154} INFO - Started process (PID=6806) to work on /home/debian/etlhausz/venv/lib/python3.9/site-packages/airflow/example_dags/example_latest_only_with_trigger.py
[2022-11-02T05:41:24.934-0300] {processor.py:756} INFO - Processing file /home/debian/etlhausz/venv/lib/python3.9/site-packages/airflow/example_dags/example_latest_only_with_trigger.py for tasks to queue
[2022-11-02T05:41:24.934-0300] {logging_mixin.py:120} INFO - [2022-11-02T05:41:24.934-0300] {dagbag.py:537} INFO - Filling up the DagBag from /home/debian/etlhausz/venv/lib/python3.9/site-packages/airflow/example_dags/example_latest_only_with_trigger.py
[2022-11-02T05:41:24.960-0300] {processor.py:766} INFO - DAG(s) dict_keys(['latest_only_with_trigger']) retrieved from /home/debian/etlhausz/venv/lib/python3.9/site-packages/airflow/example_dags/example_latest_only_with_trigger.py
[2022-11-02T05:41:25.024-0300] {logging_mixin.py:120} INFO - [2022-11-02T05:41:25.024-0300] {dag.py:2585} INFO - Sync 1 DAGs
[2022-11-02T05:41:25.043-0300] {logging_mixin.py:120} INFO - [2022-11-02T05:41:25.043-0300] {dag.py:3336} INFO - Setting next_dagrun for latest_only_with_trigger to 2022-11-02T04:41:25.043168+00:00, run_after=2022-11-02T08:41:25.043168+00:00
[2022-11-02T05:41:25.064-0300] {processor.py:176} INFO - Processing /home/debian/etlhausz/venv/lib/python3.9/site-packages/airflow/example_dags/example_latest_only_with_trigger.py took 0.136 seconds
[2022-11-02T05:41:55.956-0300] {processor.py:154} INFO - Started process (PID=7164) to work on /home/debian/etlhausz/venv/lib/python3.9/site-packages/airflow/example_dags/example_latest_only_with_trigger.py
[2022-11-02T05:41:55.958-0300] {processor.py:756} INFO - Processing file /home/debian/etlhausz/venv/lib/python3.9/site-packages/airflow/example_dags/example_latest_only_with_trigger.py for tasks to queue
[2022-11-02T05:41:55.958-0300] {logging_mixin.py:120} INFO - [2022-11-02T05:41:55.958-0300] {dagbag.py:537} INFO - Filling up the DagBag from /home/debian/etlhausz/venv/lib/python3.9/site-packages/airflow/example_dags/example_latest_only_with_trigger.py
[2022-11-02T05:41:55.970-0300] {processor.py:766} INFO - DAG(s) dict_keys(['latest_only_with_trigger']) retrieved from /home/debian/etlhausz/venv/lib/python3.9/site-packages/airflow/example_dags/example_latest_only_with_trigger.py
[2022-11-02T05:41:56.016-0300] {logging_mixin.py:120} INFO - [2022-11-02T05:41:56.016-0300] {dag.py:2585} INFO - Sync 1 DAGs
[2022-11-02T05:41:56.037-0300] {logging_mixin.py:120} INFO - [2022-11-02T05:41:56.037-0300] {dag.py:3336} INFO - Setting next_dagrun for latest_only_with_trigger to 2022-11-02T04:41:56.037303+00:00, run_after=2022-11-02T08:41:56.037303+00:00
[2022-11-02T05:41:56.056-0300] {processor.py:176} INFO - Processing /home/debian/etlhausz/venv/lib/python3.9/site-packages/airflow/example_dags/example_latest_only_with_trigger.py took 0.102 seconds
[2022-11-02T05:42:26.542-0300] {processor.py:154} INFO - Started process (PID=7396) to work on /home/debian/etlhausz/venv/lib/python3.9/site-packages/airflow/example_dags/example_latest_only_with_trigger.py
[2022-11-02T05:42:26.543-0300] {processor.py:756} INFO - Processing file /home/debian/etlhausz/venv/lib/python3.9/site-packages/airflow/example_dags/example_latest_only_with_trigger.py for tasks to queue
[2022-11-02T05:42:26.544-0300] {logging_mixin.py:120} INFO - [2022-11-02T05:42:26.544-0300] {dagbag.py:537} INFO - Filling up the DagBag from /home/debian/etlhausz/venv/lib/python3.9/site-packages/airflow/example_dags/example_latest_only_with_trigger.py
[2022-11-02T05:42:26.555-0300] {processor.py:766} INFO - DAG(s) dict_keys(['latest_only_with_trigger']) retrieved from /home/debian/etlhausz/venv/lib/python3.9/site-packages/airflow/example_dags/example_latest_only_with_trigger.py
[2022-11-02T05:42:26.593-0300] {logging_mixin.py:120} INFO - [2022-11-02T05:42:26.592-0300] {dag.py:2585} INFO - Sync 1 DAGs
[2022-11-02T05:42:26.616-0300] {logging_mixin.py:120} INFO - [2022-11-02T05:42:26.616-0300] {dag.py:3336} INFO - Setting next_dagrun for latest_only_with_trigger to 2022-11-02T04:42:26.616000+00:00, run_after=2022-11-02T08:42:26.616000+00:00
[2022-11-02T05:42:26.631-0300] {processor.py:176} INFO - Processing /home/debian/etlhausz/venv/lib/python3.9/site-packages/airflow/example_dags/example_latest_only_with_trigger.py took 0.092 seconds
[2022-11-02T05:42:56.787-0300] {processor.py:154} INFO - Started process (PID=7637) to work on /home/debian/etlhausz/venv/lib/python3.9/site-packages/airflow/example_dags/example_latest_only_with_trigger.py
[2022-11-02T05:42:56.788-0300] {processor.py:756} INFO - Processing file /home/debian/etlhausz/venv/lib/python3.9/site-packages/airflow/example_dags/example_latest_only_with_trigger.py for tasks to queue
[2022-11-02T05:42:56.789-0300] {logging_mixin.py:120} INFO - [2022-11-02T05:42:56.789-0300] {dagbag.py:537} INFO - Filling up the DagBag from /home/debian/etlhausz/venv/lib/python3.9/site-packages/airflow/example_dags/example_latest_only_with_trigger.py
[2022-11-02T05:42:56.803-0300] {processor.py:766} INFO - DAG(s) dict_keys(['latest_only_with_trigger']) retrieved from /home/debian/etlhausz/venv/lib/python3.9/site-packages/airflow/example_dags/example_latest_only_with_trigger.py
[2022-11-02T05:42:56.860-0300] {logging_mixin.py:120} INFO - [2022-11-02T05:42:56.860-0300] {dag.py:2585} INFO - Sync 1 DAGs
[2022-11-02T05:42:56.879-0300] {logging_mixin.py:120} INFO - [2022-11-02T05:42:56.879-0300] {dag.py:3336} INFO - Setting next_dagrun for latest_only_with_trigger to 2022-11-02T04:42:56.879064+00:00, run_after=2022-11-02T08:42:56.879064+00:00
[2022-11-02T05:42:56.900-0300] {processor.py:176} INFO - Processing /home/debian/etlhausz/venv/lib/python3.9/site-packages/airflow/example_dags/example_latest_only_with_trigger.py took 0.116 seconds
[2022-11-02T05:43:27.573-0300] {processor.py:154} INFO - Started process (PID=7867) to work on /home/debian/etlhausz/venv/lib/python3.9/site-packages/airflow/example_dags/example_latest_only_with_trigger.py
[2022-11-02T05:43:27.574-0300] {processor.py:756} INFO - Processing file /home/debian/etlhausz/venv/lib/python3.9/site-packages/airflow/example_dags/example_latest_only_with_trigger.py for tasks to queue
[2022-11-02T05:43:27.575-0300] {logging_mixin.py:120} INFO - [2022-11-02T05:43:27.575-0300] {dagbag.py:537} INFO - Filling up the DagBag from /home/debian/etlhausz/venv/lib/python3.9/site-packages/airflow/example_dags/example_latest_only_with_trigger.py
[2022-11-02T05:43:27.589-0300] {processor.py:766} INFO - DAG(s) dict_keys(['latest_only_with_trigger']) retrieved from /home/debian/etlhausz/venv/lib/python3.9/site-packages/airflow/example_dags/example_latest_only_with_trigger.py
[2022-11-02T05:43:27.638-0300] {logging_mixin.py:120} INFO - [2022-11-02T05:43:27.637-0300] {dag.py:2585} INFO - Sync 1 DAGs
[2022-11-02T05:43:27.683-0300] {logging_mixin.py:120} INFO - [2022-11-02T05:43:27.682-0300] {dag.py:3336} INFO - Setting next_dagrun for latest_only_with_trigger to 2022-11-02T04:43:27.682741+00:00, run_after=2022-11-02T08:43:27.682741+00:00
[2022-11-02T05:43:27.707-0300] {processor.py:176} INFO - Processing /home/debian/etlhausz/venv/lib/python3.9/site-packages/airflow/example_dags/example_latest_only_with_trigger.py took 0.137 seconds
[2022-11-02T05:43:59.775-0300] {processor.py:154} INFO - Started process (PID=8143) to work on /home/debian/etlhausz/venv/lib/python3.9/site-packages/airflow/example_dags/example_latest_only_with_trigger.py
[2022-11-02T05:43:59.776-0300] {processor.py:756} INFO - Processing file /home/debian/etlhausz/venv/lib/python3.9/site-packages/airflow/example_dags/example_latest_only_with_trigger.py for tasks to queue
[2022-11-02T05:43:59.777-0300] {logging_mixin.py:120} INFO - [2022-11-02T05:43:59.777-0300] {dagbag.py:537} INFO - Filling up the DagBag from /home/debian/etlhausz/venv/lib/python3.9/site-packages/airflow/example_dags/example_latest_only_with_trigger.py
[2022-11-02T05:43:59.787-0300] {processor.py:766} INFO - DAG(s) dict_keys(['latest_only_with_trigger']) retrieved from /home/debian/etlhausz/venv/lib/python3.9/site-packages/airflow/example_dags/example_latest_only_with_trigger.py
[2022-11-02T05:43:59.836-0300] {logging_mixin.py:120} INFO - [2022-11-02T05:43:59.836-0300] {dag.py:2585} INFO - Sync 1 DAGs
[2022-11-02T05:43:59.858-0300] {logging_mixin.py:120} INFO - [2022-11-02T05:43:59.858-0300] {dag.py:3336} INFO - Setting next_dagrun for latest_only_with_trigger to 2022-11-02T04:43:59.858435+00:00, run_after=2022-11-02T08:43:59.858435+00:00
[2022-11-02T05:43:59.880-0300] {processor.py:176} INFO - Processing /home/debian/etlhausz/venv/lib/python3.9/site-packages/airflow/example_dags/example_latest_only_with_trigger.py took 0.108 seconds
[2022-11-02T05:44:30.090-0300] {processor.py:154} INFO - Started process (PID=8512) to work on /home/debian/etlhausz/venv/lib/python3.9/site-packages/airflow/example_dags/example_latest_only_with_trigger.py
[2022-11-02T05:44:30.090-0300] {processor.py:756} INFO - Processing file /home/debian/etlhausz/venv/lib/python3.9/site-packages/airflow/example_dags/example_latest_only_with_trigger.py for tasks to queue
[2022-11-02T05:44:30.091-0300] {logging_mixin.py:120} INFO - [2022-11-02T05:44:30.091-0300] {dagbag.py:537} INFO - Filling up the DagBag from /home/debian/etlhausz/venv/lib/python3.9/site-packages/airflow/example_dags/example_latest_only_with_trigger.py
[2022-11-02T05:44:30.102-0300] {processor.py:766} INFO - DAG(s) dict_keys(['latest_only_with_trigger']) retrieved from /home/debian/etlhausz/venv/lib/python3.9/site-packages/airflow/example_dags/example_latest_only_with_trigger.py
[2022-11-02T05:44:30.147-0300] {logging_mixin.py:120} INFO - [2022-11-02T05:44:30.147-0300] {dag.py:2585} INFO - Sync 1 DAGs
[2022-11-02T05:44:30.194-0300] {logging_mixin.py:120} INFO - [2022-11-02T05:44:30.194-0300] {dag.py:3336} INFO - Setting next_dagrun for latest_only_with_trigger to 2022-11-02T04:44:30.194040+00:00, run_after=2022-11-02T08:44:30.194040+00:00
[2022-11-02T05:44:30.247-0300] {processor.py:176} INFO - Processing /home/debian/etlhausz/venv/lib/python3.9/site-packages/airflow/example_dags/example_latest_only_with_trigger.py took 0.160 seconds
