[2022-11-02T05:35:27.404-0300] {processor.py:154} INFO - Started process (PID=5005) to work on /home/debian/etlhausz/venv/lib/python3.9/site-packages/airflow/example_dags/example_dag_decorator.py
[2022-11-02T05:35:27.406-0300] {processor.py:756} INFO - Processing file /home/debian/etlhausz/venv/lib/python3.9/site-packages/airflow/example_dags/example_dag_decorator.py for tasks to queue
[2022-11-02T05:35:27.407-0300] {logging_mixin.py:120} INFO - [2022-11-02T05:35:27.407-0300] {dagbag.py:537} INFO - Filling up the DagBag from /home/debian/etlhausz/venv/lib/python3.9/site-packages/airflow/example_dags/example_dag_decorator.py
[2022-11-02T05:35:27.552-0300] {logging_mixin.py:120} INFO - [2022-11-02T05:35:27.551-0300] {taskmixin.py:205} WARNING - Dependency <Task(_PythonDecoratedOperator): prepare_email>, send_email already registered for DAG: example_dag_decorator
[2022-11-02T05:35:27.573-0300] {logging_mixin.py:120} INFO - [2022-11-02T05:35:27.572-0300] {taskmixin.py:205} WARNING - Dependency <Task(EmailOperator): send_email>, prepare_email already registered for DAG: example_dag_decorator
[2022-11-02T05:35:27.616-0300] {processor.py:766} INFO - DAG(s) dict_keys(['example_dag_decorator']) retrieved from /home/debian/etlhausz/venv/lib/python3.9/site-packages/airflow/example_dags/example_dag_decorator.py
[2022-11-02T05:35:28.566-0300] {logging_mixin.py:120} INFO - [2022-11-02T05:35:28.566-0300] {manager.py:507} INFO - Created Permission View: can read on DAG:example_dag_decorator
[2022-11-02T05:35:28.631-0300] {logging_mixin.py:120} INFO - [2022-11-02T05:35:28.631-0300] {manager.py:507} INFO - Created Permission View: can edit on DAG:example_dag_decorator
[2022-11-02T05:35:28.659-0300] {logging_mixin.py:120} INFO - [2022-11-02T05:35:28.658-0300] {manager.py:507} INFO - Created Permission View: can delete on DAG:example_dag_decorator
[2022-11-02T05:35:28.659-0300] {logging_mixin.py:120} INFO - [2022-11-02T05:35:28.659-0300] {dag.py:2585} INFO - Sync 1 DAGs
[2022-11-02T05:35:28.671-0300] {logging_mixin.py:120} INFO - [2022-11-02T05:35:28.671-0300] {dag.py:2606} INFO - Creating ORM DAG for example_dag_decorator
[2022-11-02T05:35:28.737-0300] {logging_mixin.py:120} INFO - [2022-11-02T05:35:28.735-0300] {dag.py:3336} INFO - Setting next_dagrun for example_dag_decorator to None, run_after=None
[2022-11-02T05:35:28.826-0300] {processor.py:176} INFO - Processing /home/debian/etlhausz/venv/lib/python3.9/site-packages/airflow/example_dags/example_dag_decorator.py took 1.425 seconds
[2022-11-02T05:41:25.223-0300] {processor.py:154} INFO - Started process (PID=6830) to work on /home/debian/etlhausz/venv/lib/python3.9/site-packages/airflow/example_dags/example_dag_decorator.py
[2022-11-02T05:41:25.224-0300] {processor.py:756} INFO - Processing file /home/debian/etlhausz/venv/lib/python3.9/site-packages/airflow/example_dags/example_dag_decorator.py for tasks to queue
[2022-11-02T05:41:25.224-0300] {logging_mixin.py:120} INFO - [2022-11-02T05:41:25.224-0300] {dagbag.py:537} INFO - Filling up the DagBag from /home/debian/etlhausz/venv/lib/python3.9/site-packages/airflow/example_dags/example_dag_decorator.py
[2022-11-02T05:41:25.244-0300] {logging_mixin.py:120} INFO - [2022-11-02T05:41:25.244-0300] {taskmixin.py:205} WARNING - Dependency <Task(_PythonDecoratedOperator): prepare_email>, send_email already registered for DAG: example_dag_decorator
[2022-11-02T05:41:25.244-0300] {logging_mixin.py:120} INFO - [2022-11-02T05:41:25.244-0300] {taskmixin.py:205} WARNING - Dependency <Task(EmailOperator): send_email>, prepare_email already registered for DAG: example_dag_decorator
[2022-11-02T05:41:25.257-0300] {processor.py:766} INFO - DAG(s) dict_keys(['example_dag_decorator']) retrieved from /home/debian/etlhausz/venv/lib/python3.9/site-packages/airflow/example_dags/example_dag_decorator.py
[2022-11-02T05:41:25.394-0300] {logging_mixin.py:120} INFO - [2022-11-02T05:41:25.393-0300] {dag.py:2585} INFO - Sync 1 DAGs
[2022-11-02T05:41:25.420-0300] {logging_mixin.py:120} INFO - [2022-11-02T05:41:25.420-0300] {dag.py:3336} INFO - Setting next_dagrun for example_dag_decorator to None, run_after=None
[2022-11-02T05:41:25.443-0300] {processor.py:176} INFO - Processing /home/debian/etlhausz/venv/lib/python3.9/site-packages/airflow/example_dags/example_dag_decorator.py took 0.224 seconds
[2022-11-02T05:41:56.210-0300] {processor.py:154} INFO - Started process (PID=7188) to work on /home/debian/etlhausz/venv/lib/python3.9/site-packages/airflow/example_dags/example_dag_decorator.py
[2022-11-02T05:41:56.212-0300] {processor.py:756} INFO - Processing file /home/debian/etlhausz/venv/lib/python3.9/site-packages/airflow/example_dags/example_dag_decorator.py for tasks to queue
[2022-11-02T05:41:56.212-0300] {logging_mixin.py:120} INFO - [2022-11-02T05:41:56.212-0300] {dagbag.py:537} INFO - Filling up the DagBag from /home/debian/etlhausz/venv/lib/python3.9/site-packages/airflow/example_dags/example_dag_decorator.py
[2022-11-02T05:41:56.227-0300] {logging_mixin.py:120} INFO - [2022-11-02T05:41:56.227-0300] {taskmixin.py:205} WARNING - Dependency <Task(_PythonDecoratedOperator): prepare_email>, send_email already registered for DAG: example_dag_decorator
[2022-11-02T05:41:56.227-0300] {logging_mixin.py:120} INFO - [2022-11-02T05:41:56.227-0300] {taskmixin.py:205} WARNING - Dependency <Task(EmailOperator): send_email>, prepare_email already registered for DAG: example_dag_decorator
[2022-11-02T05:41:56.235-0300] {processor.py:766} INFO - DAG(s) dict_keys(['example_dag_decorator']) retrieved from /home/debian/etlhausz/venv/lib/python3.9/site-packages/airflow/example_dags/example_dag_decorator.py
[2022-11-02T05:41:56.308-0300] {logging_mixin.py:120} INFO - [2022-11-02T05:41:56.308-0300] {dag.py:2585} INFO - Sync 1 DAGs
[2022-11-02T05:41:56.326-0300] {logging_mixin.py:120} INFO - [2022-11-02T05:41:56.326-0300] {dag.py:3336} INFO - Setting next_dagrun for example_dag_decorator to None, run_after=None
[2022-11-02T05:41:56.349-0300] {processor.py:176} INFO - Processing /home/debian/etlhausz/venv/lib/python3.9/site-packages/airflow/example_dags/example_dag_decorator.py took 0.141 seconds
[2022-11-02T05:42:26.785-0300] {processor.py:154} INFO - Started process (PID=7419) to work on /home/debian/etlhausz/venv/lib/python3.9/site-packages/airflow/example_dags/example_dag_decorator.py
[2022-11-02T05:42:26.787-0300] {processor.py:756} INFO - Processing file /home/debian/etlhausz/venv/lib/python3.9/site-packages/airflow/example_dags/example_dag_decorator.py for tasks to queue
[2022-11-02T05:42:26.787-0300] {logging_mixin.py:120} INFO - [2022-11-02T05:42:26.787-0300] {dagbag.py:537} INFO - Filling up the DagBag from /home/debian/etlhausz/venv/lib/python3.9/site-packages/airflow/example_dags/example_dag_decorator.py
[2022-11-02T05:42:26.800-0300] {logging_mixin.py:120} INFO - [2022-11-02T05:42:26.800-0300] {taskmixin.py:205} WARNING - Dependency <Task(_PythonDecoratedOperator): prepare_email>, send_email already registered for DAG: example_dag_decorator
[2022-11-02T05:42:26.800-0300] {logging_mixin.py:120} INFO - [2022-11-02T05:42:26.800-0300] {taskmixin.py:205} WARNING - Dependency <Task(EmailOperator): send_email>, prepare_email already registered for DAG: example_dag_decorator
[2022-11-02T05:42:26.809-0300] {processor.py:766} INFO - DAG(s) dict_keys(['example_dag_decorator']) retrieved from /home/debian/etlhausz/venv/lib/python3.9/site-packages/airflow/example_dags/example_dag_decorator.py
[2022-11-02T05:42:26.883-0300] {logging_mixin.py:120} INFO - [2022-11-02T05:42:26.883-0300] {dag.py:2585} INFO - Sync 1 DAGs
[2022-11-02T05:42:26.913-0300] {logging_mixin.py:120} INFO - [2022-11-02T05:42:26.913-0300] {dag.py:3336} INFO - Setting next_dagrun for example_dag_decorator to None, run_after=None
[2022-11-02T05:42:26.935-0300] {processor.py:176} INFO - Processing /home/debian/etlhausz/venv/lib/python3.9/site-packages/airflow/example_dags/example_dag_decorator.py took 0.152 seconds
[2022-11-02T05:42:57.039-0300] {processor.py:154} INFO - Started process (PID=7660) to work on /home/debian/etlhausz/venv/lib/python3.9/site-packages/airflow/example_dags/example_dag_decorator.py
[2022-11-02T05:42:57.040-0300] {processor.py:756} INFO - Processing file /home/debian/etlhausz/venv/lib/python3.9/site-packages/airflow/example_dags/example_dag_decorator.py for tasks to queue
[2022-11-02T05:42:57.040-0300] {logging_mixin.py:120} INFO - [2022-11-02T05:42:57.040-0300] {dagbag.py:537} INFO - Filling up the DagBag from /home/debian/etlhausz/venv/lib/python3.9/site-packages/airflow/example_dags/example_dag_decorator.py
[2022-11-02T05:42:57.052-0300] {logging_mixin.py:120} INFO - [2022-11-02T05:42:57.052-0300] {taskmixin.py:205} WARNING - Dependency <Task(_PythonDecoratedOperator): prepare_email>, send_email already registered for DAG: example_dag_decorator
[2022-11-02T05:42:57.052-0300] {logging_mixin.py:120} INFO - [2022-11-02T05:42:57.052-0300] {taskmixin.py:205} WARNING - Dependency <Task(EmailOperator): send_email>, prepare_email already registered for DAG: example_dag_decorator
[2022-11-02T05:42:57.062-0300] {processor.py:766} INFO - DAG(s) dict_keys(['example_dag_decorator']) retrieved from /home/debian/etlhausz/venv/lib/python3.9/site-packages/airflow/example_dags/example_dag_decorator.py
[2022-11-02T05:42:57.125-0300] {logging_mixin.py:120} INFO - [2022-11-02T05:42:57.125-0300] {dag.py:2585} INFO - Sync 1 DAGs
[2022-11-02T05:42:57.142-0300] {logging_mixin.py:120} INFO - [2022-11-02T05:42:57.142-0300] {dag.py:3336} INFO - Setting next_dagrun for example_dag_decorator to None, run_after=None
[2022-11-02T05:42:57.164-0300] {processor.py:176} INFO - Processing /home/debian/etlhausz/venv/lib/python3.9/site-packages/airflow/example_dags/example_dag_decorator.py took 0.129 seconds
[2022-11-02T05:43:27.882-0300] {processor.py:154} INFO - Started process (PID=7891) to work on /home/debian/etlhausz/venv/lib/python3.9/site-packages/airflow/example_dags/example_dag_decorator.py
[2022-11-02T05:43:27.883-0300] {processor.py:756} INFO - Processing file /home/debian/etlhausz/venv/lib/python3.9/site-packages/airflow/example_dags/example_dag_decorator.py for tasks to queue
[2022-11-02T05:43:27.883-0300] {logging_mixin.py:120} INFO - [2022-11-02T05:43:27.883-0300] {dagbag.py:537} INFO - Filling up the DagBag from /home/debian/etlhausz/venv/lib/python3.9/site-packages/airflow/example_dags/example_dag_decorator.py
[2022-11-02T05:43:27.898-0300] {logging_mixin.py:120} INFO - [2022-11-02T05:43:27.898-0300] {taskmixin.py:205} WARNING - Dependency <Task(_PythonDecoratedOperator): prepare_email>, send_email already registered for DAG: example_dag_decorator
[2022-11-02T05:43:27.898-0300] {logging_mixin.py:120} INFO - [2022-11-02T05:43:27.898-0300] {taskmixin.py:205} WARNING - Dependency <Task(EmailOperator): send_email>, prepare_email already registered for DAG: example_dag_decorator
[2022-11-02T05:43:27.909-0300] {processor.py:766} INFO - DAG(s) dict_keys(['example_dag_decorator']) retrieved from /home/debian/etlhausz/venv/lib/python3.9/site-packages/airflow/example_dags/example_dag_decorator.py
[2022-11-02T05:43:28.004-0300] {logging_mixin.py:120} INFO - [2022-11-02T05:43:28.002-0300] {dag.py:2585} INFO - Sync 1 DAGs
[2022-11-02T05:43:28.030-0300] {logging_mixin.py:120} INFO - [2022-11-02T05:43:28.030-0300] {dag.py:3336} INFO - Setting next_dagrun for example_dag_decorator to None, run_after=None
[2022-11-02T05:43:28.045-0300] {processor.py:176} INFO - Processing /home/debian/etlhausz/venv/lib/python3.9/site-packages/airflow/example_dags/example_dag_decorator.py took 0.166 seconds
[2022-11-02T05:44:00.033-0300] {processor.py:154} INFO - Started process (PID=8167) to work on /home/debian/etlhausz/venv/lib/python3.9/site-packages/airflow/example_dags/example_dag_decorator.py
[2022-11-02T05:44:00.034-0300] {processor.py:756} INFO - Processing file /home/debian/etlhausz/venv/lib/python3.9/site-packages/airflow/example_dags/example_dag_decorator.py for tasks to queue
[2022-11-02T05:44:00.035-0300] {logging_mixin.py:120} INFO - [2022-11-02T05:44:00.035-0300] {dagbag.py:537} INFO - Filling up the DagBag from /home/debian/etlhausz/venv/lib/python3.9/site-packages/airflow/example_dags/example_dag_decorator.py
[2022-11-02T05:44:00.052-0300] {logging_mixin.py:120} INFO - [2022-11-02T05:44:00.051-0300] {taskmixin.py:205} WARNING - Dependency <Task(_PythonDecoratedOperator): prepare_email>, send_email already registered for DAG: example_dag_decorator
[2022-11-02T05:44:00.052-0300] {logging_mixin.py:120} INFO - [2022-11-02T05:44:00.052-0300] {taskmixin.py:205} WARNING - Dependency <Task(EmailOperator): send_email>, prepare_email already registered for DAG: example_dag_decorator
[2022-11-02T05:44:00.065-0300] {processor.py:766} INFO - DAG(s) dict_keys(['example_dag_decorator']) retrieved from /home/debian/etlhausz/venv/lib/python3.9/site-packages/airflow/example_dags/example_dag_decorator.py
[2022-11-02T05:44:00.147-0300] {logging_mixin.py:120} INFO - [2022-11-02T05:44:00.147-0300] {dag.py:2585} INFO - Sync 1 DAGs
[2022-11-02T05:44:00.165-0300] {logging_mixin.py:120} INFO - [2022-11-02T05:44:00.165-0300] {dag.py:3336} INFO - Setting next_dagrun for example_dag_decorator to None, run_after=None
[2022-11-02T05:44:00.186-0300] {processor.py:176} INFO - Processing /home/debian/etlhausz/venv/lib/python3.9/site-packages/airflow/example_dags/example_dag_decorator.py took 0.156 seconds
[2022-11-02T05:44:30.524-0300] {processor.py:154} INFO - Started process (PID=8537) to work on /home/debian/etlhausz/venv/lib/python3.9/site-packages/airflow/example_dags/example_dag_decorator.py
[2022-11-02T05:44:30.526-0300] {processor.py:756} INFO - Processing file /home/debian/etlhausz/venv/lib/python3.9/site-packages/airflow/example_dags/example_dag_decorator.py for tasks to queue
[2022-11-02T05:44:30.526-0300] {logging_mixin.py:120} INFO - [2022-11-02T05:44:30.526-0300] {dagbag.py:537} INFO - Filling up the DagBag from /home/debian/etlhausz/venv/lib/python3.9/site-packages/airflow/example_dags/example_dag_decorator.py
[2022-11-02T05:44:30.543-0300] {logging_mixin.py:120} INFO - [2022-11-02T05:44:30.543-0300] {taskmixin.py:205} WARNING - Dependency <Task(_PythonDecoratedOperator): prepare_email>, send_email already registered for DAG: example_dag_decorator
[2022-11-02T05:44:30.543-0300] {logging_mixin.py:120} INFO - [2022-11-02T05:44:30.543-0300] {taskmixin.py:205} WARNING - Dependency <Task(EmailOperator): send_email>, prepare_email already registered for DAG: example_dag_decorator
[2022-11-02T05:44:30.555-0300] {processor.py:766} INFO - DAG(s) dict_keys(['example_dag_decorator']) retrieved from /home/debian/etlhausz/venv/lib/python3.9/site-packages/airflow/example_dags/example_dag_decorator.py
[2022-11-02T05:44:30.696-0300] {logging_mixin.py:120} INFO - [2022-11-02T05:44:30.696-0300] {dag.py:2585} INFO - Sync 1 DAGs
[2022-11-02T05:44:30.734-0300] {logging_mixin.py:120} INFO - [2022-11-02T05:44:30.733-0300] {dag.py:3336} INFO - Setting next_dagrun for example_dag_decorator to None, run_after=None
[2022-11-02T05:44:30.807-0300] {processor.py:176} INFO - Processing /home/debian/etlhausz/venv/lib/python3.9/site-packages/airflow/example_dags/example_dag_decorator.py took 0.288 seconds
