[2022-11-02T05:41:25.954-0300] {processor.py:154} INFO - Started process (PID=6875) to work on /home/debian/etlhausz/venv/lib/python3.9/site-packages/airflow/example_dags/example_external_task_marker_dag.py
[2022-11-02T05:41:25.955-0300] {processor.py:756} INFO - Processing file /home/debian/etlhausz/venv/lib/python3.9/site-packages/airflow/example_dags/example_external_task_marker_dag.py for tasks to queue
[2022-11-02T05:41:25.956-0300] {logging_mixin.py:120} INFO - [2022-11-02T05:41:25.956-0300] {dagbag.py:537} INFO - Filling up the DagBag from /home/debian/etlhausz/venv/lib/python3.9/site-packages/airflow/example_dags/example_external_task_marker_dag.py
[2022-11-02T05:41:25.972-0300] {processor.py:766} INFO - DAG(s) dict_keys(['example_external_task_marker_parent', 'example_external_task_marker_child']) retrieved from /home/debian/etlhausz/venv/lib/python3.9/site-packages/airflow/example_dags/example_external_task_marker_dag.py
[2022-11-02T05:41:26.132-0300] {logging_mixin.py:120} INFO - [2022-11-02T05:41:26.132-0300] {dag.py:2585} INFO - Sync 2 DAGs
[2022-11-02T05:41:26.151-0300] {logging_mixin.py:120} INFO - [2022-11-02T05:41:26.151-0300] {dag.py:3336} INFO - Setting next_dagrun for example_external_task_marker_child to None, run_after=None
[2022-11-02T05:41:26.154-0300] {logging_mixin.py:120} INFO - [2022-11-02T05:41:26.154-0300] {dag.py:3336} INFO - Setting next_dagrun for example_external_task_marker_parent to None, run_after=None
[2022-11-02T05:41:26.172-0300] {processor.py:176} INFO - Processing /home/debian/etlhausz/venv/lib/python3.9/site-packages/airflow/example_dags/example_external_task_marker_dag.py took 0.221 seconds
[2022-11-02T05:41:56.716-0300] {processor.py:154} INFO - Started process (PID=7230) to work on /home/debian/etlhausz/venv/lib/python3.9/site-packages/airflow/example_dags/example_external_task_marker_dag.py
[2022-11-02T05:41:56.717-0300] {processor.py:756} INFO - Processing file /home/debian/etlhausz/venv/lib/python3.9/site-packages/airflow/example_dags/example_external_task_marker_dag.py for tasks to queue
[2022-11-02T05:41:56.718-0300] {logging_mixin.py:120} INFO - [2022-11-02T05:41:56.717-0300] {dagbag.py:537} INFO - Filling up the DagBag from /home/debian/etlhausz/venv/lib/python3.9/site-packages/airflow/example_dags/example_external_task_marker_dag.py
[2022-11-02T05:41:56.728-0300] {processor.py:766} INFO - DAG(s) dict_keys(['example_external_task_marker_child', 'example_external_task_marker_parent']) retrieved from /home/debian/etlhausz/venv/lib/python3.9/site-packages/airflow/example_dags/example_external_task_marker_dag.py
[2022-11-02T05:41:56.835-0300] {logging_mixin.py:120} INFO - [2022-11-02T05:41:56.834-0300] {dag.py:2585} INFO - Sync 2 DAGs
[2022-11-02T05:41:56.854-0300] {logging_mixin.py:120} INFO - [2022-11-02T05:41:56.854-0300] {dag.py:3336} INFO - Setting next_dagrun for example_external_task_marker_child to None, run_after=None
[2022-11-02T05:41:56.857-0300] {logging_mixin.py:120} INFO - [2022-11-02T05:41:56.857-0300] {dag.py:3336} INFO - Setting next_dagrun for example_external_task_marker_parent to None, run_after=None
[2022-11-02T05:41:56.878-0300] {processor.py:176} INFO - Processing /home/debian/etlhausz/venv/lib/python3.9/site-packages/airflow/example_dags/example_external_task_marker_dag.py took 0.164 seconds
[2022-11-02T05:42:27.780-0300] {processor.py:154} INFO - Started process (PID=7467) to work on /home/debian/etlhausz/venv/lib/python3.9/site-packages/airflow/example_dags/example_external_task_marker_dag.py
[2022-11-02T05:42:27.782-0300] {processor.py:756} INFO - Processing file /home/debian/etlhausz/venv/lib/python3.9/site-packages/airflow/example_dags/example_external_task_marker_dag.py for tasks to queue
[2022-11-02T05:42:27.782-0300] {logging_mixin.py:120} INFO - [2022-11-02T05:42:27.782-0300] {dagbag.py:537} INFO - Filling up the DagBag from /home/debian/etlhausz/venv/lib/python3.9/site-packages/airflow/example_dags/example_external_task_marker_dag.py
[2022-11-02T05:42:27.798-0300] {processor.py:766} INFO - DAG(s) dict_keys(['example_external_task_marker_parent', 'example_external_task_marker_child']) retrieved from /home/debian/etlhausz/venv/lib/python3.9/site-packages/airflow/example_dags/example_external_task_marker_dag.py
[2022-11-02T05:42:27.985-0300] {logging_mixin.py:120} INFO - [2022-11-02T05:42:27.985-0300] {dag.py:2585} INFO - Sync 2 DAGs
[2022-11-02T05:42:28.021-0300] {logging_mixin.py:120} INFO - [2022-11-02T05:42:28.021-0300] {dag.py:3336} INFO - Setting next_dagrun for example_external_task_marker_child to None, run_after=None
[2022-11-02T05:42:28.024-0300] {logging_mixin.py:120} INFO - [2022-11-02T05:42:28.024-0300] {dag.py:3336} INFO - Setting next_dagrun for example_external_task_marker_parent to None, run_after=None
[2022-11-02T05:42:28.054-0300] {processor.py:176} INFO - Processing /home/debian/etlhausz/venv/lib/python3.9/site-packages/airflow/example_dags/example_external_task_marker_dag.py took 0.276 seconds
[2022-11-02T05:42:58.586-0300] {processor.py:154} INFO - Started process (PID=7706) to work on /home/debian/etlhausz/venv/lib/python3.9/site-packages/airflow/example_dags/example_external_task_marker_dag.py
[2022-11-02T05:42:58.588-0300] {processor.py:756} INFO - Processing file /home/debian/etlhausz/venv/lib/python3.9/site-packages/airflow/example_dags/example_external_task_marker_dag.py for tasks to queue
[2022-11-02T05:42:58.588-0300] {logging_mixin.py:120} INFO - [2022-11-02T05:42:58.588-0300] {dagbag.py:537} INFO - Filling up the DagBag from /home/debian/etlhausz/venv/lib/python3.9/site-packages/airflow/example_dags/example_external_task_marker_dag.py
[2022-11-02T05:42:58.598-0300] {processor.py:766} INFO - DAG(s) dict_keys(['example_external_task_marker_child', 'example_external_task_marker_parent']) retrieved from /home/debian/etlhausz/venv/lib/python3.9/site-packages/airflow/example_dags/example_external_task_marker_dag.py
[2022-11-02T05:42:58.694-0300] {logging_mixin.py:120} INFO - [2022-11-02T05:42:58.693-0300] {dag.py:2585} INFO - Sync 2 DAGs
[2022-11-02T05:42:58.714-0300] {logging_mixin.py:120} INFO - [2022-11-02T05:42:58.714-0300] {dag.py:3336} INFO - Setting next_dagrun for example_external_task_marker_child to None, run_after=None
[2022-11-02T05:42:58.716-0300] {logging_mixin.py:120} INFO - [2022-11-02T05:42:58.716-0300] {dag.py:3336} INFO - Setting next_dagrun for example_external_task_marker_parent to None, run_after=None
[2022-11-02T05:42:58.736-0300] {processor.py:176} INFO - Processing /home/debian/etlhausz/venv/lib/python3.9/site-packages/airflow/example_dags/example_external_task_marker_dag.py took 0.152 seconds
[2022-11-02T05:43:29.448-0300] {processor.py:154} INFO - Started process (PID=7933) to work on /home/debian/etlhausz/venv/lib/python3.9/site-packages/airflow/example_dags/example_external_task_marker_dag.py
[2022-11-02T05:43:29.450-0300] {processor.py:756} INFO - Processing file /home/debian/etlhausz/venv/lib/python3.9/site-packages/airflow/example_dags/example_external_task_marker_dag.py for tasks to queue
[2022-11-02T05:43:29.450-0300] {logging_mixin.py:120} INFO - [2022-11-02T05:43:29.450-0300] {dagbag.py:537} INFO - Filling up the DagBag from /home/debian/etlhausz/venv/lib/python3.9/site-packages/airflow/example_dags/example_external_task_marker_dag.py
[2022-11-02T05:43:29.461-0300] {processor.py:766} INFO - DAG(s) dict_keys(['example_external_task_marker_parent', 'example_external_task_marker_child']) retrieved from /home/debian/etlhausz/venv/lib/python3.9/site-packages/airflow/example_dags/example_external_task_marker_dag.py
[2022-11-02T05:43:29.593-0300] {logging_mixin.py:120} INFO - [2022-11-02T05:43:29.593-0300] {dag.py:2585} INFO - Sync 2 DAGs
[2022-11-02T05:43:29.619-0300] {logging_mixin.py:120} INFO - [2022-11-02T05:43:29.619-0300] {dag.py:3336} INFO - Setting next_dagrun for example_external_task_marker_child to None, run_after=None
[2022-11-02T05:43:29.622-0300] {logging_mixin.py:120} INFO - [2022-11-02T05:43:29.621-0300] {dag.py:3336} INFO - Setting next_dagrun for example_external_task_marker_parent to None, run_after=None
[2022-11-02T05:43:29.636-0300] {processor.py:176} INFO - Processing /home/debian/etlhausz/venv/lib/python3.9/site-packages/airflow/example_dags/example_external_task_marker_dag.py took 0.190 seconds
[2022-11-02T05:44:00.489-0300] {processor.py:154} INFO - Started process (PID=8208) to work on /home/debian/etlhausz/venv/lib/python3.9/site-packages/airflow/example_dags/example_external_task_marker_dag.py
[2022-11-02T05:44:00.491-0300] {processor.py:756} INFO - Processing file /home/debian/etlhausz/venv/lib/python3.9/site-packages/airflow/example_dags/example_external_task_marker_dag.py for tasks to queue
[2022-11-02T05:44:00.491-0300] {logging_mixin.py:120} INFO - [2022-11-02T05:44:00.491-0300] {dagbag.py:537} INFO - Filling up the DagBag from /home/debian/etlhausz/venv/lib/python3.9/site-packages/airflow/example_dags/example_external_task_marker_dag.py
[2022-11-02T05:44:00.502-0300] {processor.py:766} INFO - DAG(s) dict_keys(['example_external_task_marker_child', 'example_external_task_marker_parent']) retrieved from /home/debian/etlhausz/venv/lib/python3.9/site-packages/airflow/example_dags/example_external_task_marker_dag.py
[2022-11-02T05:44:00.602-0300] {logging_mixin.py:120} INFO - [2022-11-02T05:44:00.602-0300] {dag.py:2585} INFO - Sync 2 DAGs
[2022-11-02T05:44:00.648-0300] {logging_mixin.py:120} INFO - [2022-11-02T05:44:00.648-0300] {dag.py:3336} INFO - Setting next_dagrun for example_external_task_marker_child to None, run_after=None
[2022-11-02T05:44:00.652-0300] {logging_mixin.py:120} INFO - [2022-11-02T05:44:00.652-0300] {dag.py:3336} INFO - Setting next_dagrun for example_external_task_marker_parent to None, run_after=None
[2022-11-02T05:44:00.666-0300] {processor.py:176} INFO - Processing /home/debian/etlhausz/venv/lib/python3.9/site-packages/airflow/example_dags/example_external_task_marker_dag.py took 0.180 seconds
[2022-11-02T05:44:31.439-0300] {processor.py:154} INFO - Started process (PID=8580) to work on /home/debian/etlhausz/venv/lib/python3.9/site-packages/airflow/example_dags/example_external_task_marker_dag.py
[2022-11-02T05:44:31.440-0300] {processor.py:756} INFO - Processing file /home/debian/etlhausz/venv/lib/python3.9/site-packages/airflow/example_dags/example_external_task_marker_dag.py for tasks to queue
[2022-11-02T05:44:31.442-0300] {logging_mixin.py:120} INFO - [2022-11-02T05:44:31.441-0300] {dagbag.py:537} INFO - Filling up the DagBag from /home/debian/etlhausz/venv/lib/python3.9/site-packages/airflow/example_dags/example_external_task_marker_dag.py
[2022-11-02T05:44:31.453-0300] {processor.py:766} INFO - DAG(s) dict_keys(['example_external_task_marker_child', 'example_external_task_marker_parent']) retrieved from /home/debian/etlhausz/venv/lib/python3.9/site-packages/airflow/example_dags/example_external_task_marker_dag.py
[2022-11-02T05:44:31.568-0300] {logging_mixin.py:120} INFO - [2022-11-02T05:44:31.568-0300] {dag.py:2585} INFO - Sync 2 DAGs
[2022-11-02T05:44:31.605-0300] {logging_mixin.py:120} INFO - [2022-11-02T05:44:31.605-0300] {dag.py:3336} INFO - Setting next_dagrun for example_external_task_marker_child to None, run_after=None
[2022-11-02T05:44:31.609-0300] {logging_mixin.py:120} INFO - [2022-11-02T05:44:31.608-0300] {dag.py:3336} INFO - Setting next_dagrun for example_external_task_marker_parent to None, run_after=None
[2022-11-02T05:44:31.673-0300] {processor.py:176} INFO - Processing /home/debian/etlhausz/venv/lib/python3.9/site-packages/airflow/example_dags/example_external_task_marker_dag.py took 0.237 seconds
