[2022-11-02T05:35:21.741-0300] {processor.py:154} INFO - Started process (PID=4972) to work on /home/debian/etlhausz/venv/lib/python3.9/site-packages/airflow/example_dags/example_branch_operator.py
[2022-11-02T05:35:21.755-0300] {processor.py:756} INFO - Processing file /home/debian/etlhausz/venv/lib/python3.9/site-packages/airflow/example_dags/example_branch_operator.py for tasks to queue
[2022-11-02T05:35:21.766-0300] {logging_mixin.py:120} INFO - [2022-11-02T05:35:21.766-0300] {dagbag.py:537} INFO - Filling up the DagBag from /home/debian/etlhausz/venv/lib/python3.9/site-packages/airflow/example_dags/example_branch_operator.py
[2022-11-02T05:35:21.961-0300] {processor.py:766} INFO - DAG(s) dict_keys(['example_branch_operator']) retrieved from /home/debian/etlhausz/venv/lib/python3.9/site-packages/airflow/example_dags/example_branch_operator.py
[2022-11-02T05:35:22.633-0300] {logging_mixin.py:120} INFO - [2022-11-02T05:35:22.632-0300] {manager.py:507} INFO - Created Permission View: can read on DAG:example_branch_operator
[2022-11-02T05:35:22.656-0300] {logging_mixin.py:120} INFO - [2022-11-02T05:35:22.655-0300] {manager.py:507} INFO - Created Permission View: can edit on DAG:example_branch_operator
[2022-11-02T05:35:22.700-0300] {logging_mixin.py:120} INFO - [2022-11-02T05:35:22.700-0300] {manager.py:507} INFO - Created Permission View: can delete on DAG:example_branch_operator
[2022-11-02T05:35:22.700-0300] {logging_mixin.py:120} INFO - [2022-11-02T05:35:22.700-0300] {dag.py:2585} INFO - Sync 1 DAGs
[2022-11-02T05:35:22.714-0300] {logging_mixin.py:120} INFO - [2022-11-02T05:35:22.714-0300] {dag.py:2606} INFO - Creating ORM DAG for example_branch_operator
[2022-11-02T05:35:22.723-0300] {logging_mixin.py:120} INFO - [2022-11-02T05:35:22.723-0300] {dag.py:3336} INFO - Setting next_dagrun for example_branch_operator to 2022-11-01T00:00:00+00:00, run_after=2022-11-02T00:00:00+00:00
[2022-11-02T05:35:22.803-0300] {processor.py:176} INFO - Processing /home/debian/etlhausz/venv/lib/python3.9/site-packages/airflow/example_dags/example_branch_operator.py took 1.075 seconds
[2022-11-02T05:41:25.092-0300] {processor.py:154} INFO - Started process (PID=6818) to work on /home/debian/etlhausz/venv/lib/python3.9/site-packages/airflow/example_dags/example_branch_operator.py
[2022-11-02T05:41:25.094-0300] {processor.py:756} INFO - Processing file /home/debian/etlhausz/venv/lib/python3.9/site-packages/airflow/example_dags/example_branch_operator.py for tasks to queue
[2022-11-02T05:41:25.094-0300] {logging_mixin.py:120} INFO - [2022-11-02T05:41:25.094-0300] {dagbag.py:537} INFO - Filling up the DagBag from /home/debian/etlhausz/venv/lib/python3.9/site-packages/airflow/example_dags/example_branch_operator.py
[2022-11-02T05:41:25.109-0300] {processor.py:766} INFO - DAG(s) dict_keys(['example_branch_operator']) retrieved from /home/debian/etlhausz/venv/lib/python3.9/site-packages/airflow/example_dags/example_branch_operator.py
[2022-11-02T05:41:25.152-0300] {logging_mixin.py:120} INFO - [2022-11-02T05:41:25.152-0300] {dag.py:2585} INFO - Sync 1 DAGs
[2022-11-02T05:41:25.170-0300] {logging_mixin.py:120} INFO - [2022-11-02T05:41:25.170-0300] {dag.py:3336} INFO - Setting next_dagrun for example_branch_operator to 2022-11-01T00:00:00+00:00, run_after=2022-11-02T00:00:00+00:00
[2022-11-02T05:41:25.191-0300] {processor.py:176} INFO - Processing /home/debian/etlhausz/venv/lib/python3.9/site-packages/airflow/example_dags/example_branch_operator.py took 0.103 seconds
[2022-11-02T05:41:56.079-0300] {processor.py:154} INFO - Started process (PID=7176) to work on /home/debian/etlhausz/venv/lib/python3.9/site-packages/airflow/example_dags/example_branch_operator.py
[2022-11-02T05:41:56.080-0300] {processor.py:756} INFO - Processing file /home/debian/etlhausz/venv/lib/python3.9/site-packages/airflow/example_dags/example_branch_operator.py for tasks to queue
[2022-11-02T05:41:56.080-0300] {logging_mixin.py:120} INFO - [2022-11-02T05:41:56.080-0300] {dagbag.py:537} INFO - Filling up the DagBag from /home/debian/etlhausz/venv/lib/python3.9/site-packages/airflow/example_dags/example_branch_operator.py
[2022-11-02T05:41:56.094-0300] {processor.py:766} INFO - DAG(s) dict_keys(['example_branch_operator']) retrieved from /home/debian/etlhausz/venv/lib/python3.9/site-packages/airflow/example_dags/example_branch_operator.py
[2022-11-02T05:41:56.139-0300] {logging_mixin.py:120} INFO - [2022-11-02T05:41:56.138-0300] {dag.py:2585} INFO - Sync 1 DAGs
[2022-11-02T05:41:56.159-0300] {logging_mixin.py:120} INFO - [2022-11-02T05:41:56.159-0300] {dag.py:3336} INFO - Setting next_dagrun for example_branch_operator to 2022-11-01T00:00:00+00:00, run_after=2022-11-02T00:00:00+00:00
[2022-11-02T05:41:56.190-0300] {processor.py:176} INFO - Processing /home/debian/etlhausz/venv/lib/python3.9/site-packages/airflow/example_dags/example_branch_operator.py took 0.114 seconds
[2022-11-02T05:42:26.657-0300] {processor.py:154} INFO - Started process (PID=7407) to work on /home/debian/etlhausz/venv/lib/python3.9/site-packages/airflow/example_dags/example_branch_operator.py
[2022-11-02T05:42:26.658-0300] {processor.py:756} INFO - Processing file /home/debian/etlhausz/venv/lib/python3.9/site-packages/airflow/example_dags/example_branch_operator.py for tasks to queue
[2022-11-02T05:42:26.658-0300] {logging_mixin.py:120} INFO - [2022-11-02T05:42:26.658-0300] {dagbag.py:537} INFO - Filling up the DagBag from /home/debian/etlhausz/venv/lib/python3.9/site-packages/airflow/example_dags/example_branch_operator.py
[2022-11-02T05:42:26.672-0300] {processor.py:766} INFO - DAG(s) dict_keys(['example_branch_operator']) retrieved from /home/debian/etlhausz/venv/lib/python3.9/site-packages/airflow/example_dags/example_branch_operator.py
[2022-11-02T05:42:26.718-0300] {logging_mixin.py:120} INFO - [2022-11-02T05:42:26.718-0300] {dag.py:2585} INFO - Sync 1 DAGs
[2022-11-02T05:42:26.740-0300] {logging_mixin.py:120} INFO - [2022-11-02T05:42:26.740-0300] {dag.py:3336} INFO - Setting next_dagrun for example_branch_operator to 2022-11-01T00:00:00+00:00, run_after=2022-11-02T00:00:00+00:00
[2022-11-02T05:42:26.762-0300] {processor.py:176} INFO - Processing /home/debian/etlhausz/venv/lib/python3.9/site-packages/airflow/example_dags/example_branch_operator.py took 0.108 seconds
[2022-11-02T05:42:56.924-0300] {processor.py:154} INFO - Started process (PID=7649) to work on /home/debian/etlhausz/venv/lib/python3.9/site-packages/airflow/example_dags/example_branch_operator.py
[2022-11-02T05:42:56.925-0300] {processor.py:756} INFO - Processing file /home/debian/etlhausz/venv/lib/python3.9/site-packages/airflow/example_dags/example_branch_operator.py for tasks to queue
[2022-11-02T05:42:56.925-0300] {logging_mixin.py:120} INFO - [2022-11-02T05:42:56.925-0300] {dagbag.py:537} INFO - Filling up the DagBag from /home/debian/etlhausz/venv/lib/python3.9/site-packages/airflow/example_dags/example_branch_operator.py
[2022-11-02T05:42:56.940-0300] {processor.py:766} INFO - DAG(s) dict_keys(['example_branch_operator']) retrieved from /home/debian/etlhausz/venv/lib/python3.9/site-packages/airflow/example_dags/example_branch_operator.py
[2022-11-02T05:42:56.978-0300] {logging_mixin.py:120} INFO - [2022-11-02T05:42:56.978-0300] {dag.py:2585} INFO - Sync 1 DAGs
[2022-11-02T05:42:56.996-0300] {logging_mixin.py:120} INFO - [2022-11-02T05:42:56.996-0300] {dag.py:3336} INFO - Setting next_dagrun for example_branch_operator to 2022-11-01T00:00:00+00:00, run_after=2022-11-02T00:00:00+00:00
[2022-11-02T05:42:57.009-0300] {processor.py:176} INFO - Processing /home/debian/etlhausz/venv/lib/python3.9/site-packages/airflow/example_dags/example_branch_operator.py took 0.088 seconds
[2022-11-02T05:43:27.735-0300] {processor.py:154} INFO - Started process (PID=7879) to work on /home/debian/etlhausz/venv/lib/python3.9/site-packages/airflow/example_dags/example_branch_operator.py
[2022-11-02T05:43:27.736-0300] {processor.py:756} INFO - Processing file /home/debian/etlhausz/venv/lib/python3.9/site-packages/airflow/example_dags/example_branch_operator.py for tasks to queue
[2022-11-02T05:43:27.736-0300] {logging_mixin.py:120} INFO - [2022-11-02T05:43:27.736-0300] {dagbag.py:537} INFO - Filling up the DagBag from /home/debian/etlhausz/venv/lib/python3.9/site-packages/airflow/example_dags/example_branch_operator.py
[2022-11-02T05:43:27.753-0300] {processor.py:766} INFO - DAG(s) dict_keys(['example_branch_operator']) retrieved from /home/debian/etlhausz/venv/lib/python3.9/site-packages/airflow/example_dags/example_branch_operator.py
[2022-11-02T05:43:27.797-0300] {logging_mixin.py:120} INFO - [2022-11-02T05:43:27.797-0300] {dag.py:2585} INFO - Sync 1 DAGs
[2022-11-02T05:43:27.818-0300] {logging_mixin.py:120} INFO - [2022-11-02T05:43:27.818-0300] {dag.py:3336} INFO - Setting next_dagrun for example_branch_operator to 2022-11-01T00:00:00+00:00, run_after=2022-11-02T00:00:00+00:00
[2022-11-02T05:43:27.837-0300] {processor.py:176} INFO - Processing /home/debian/etlhausz/venv/lib/python3.9/site-packages/airflow/example_dags/example_branch_operator.py took 0.105 seconds
[2022-11-02T05:43:59.902-0300] {processor.py:154} INFO - Started process (PID=8155) to work on /home/debian/etlhausz/venv/lib/python3.9/site-packages/airflow/example_dags/example_branch_operator.py
[2022-11-02T05:43:59.903-0300] {processor.py:756} INFO - Processing file /home/debian/etlhausz/venv/lib/python3.9/site-packages/airflow/example_dags/example_branch_operator.py for tasks to queue
[2022-11-02T05:43:59.904-0300] {logging_mixin.py:120} INFO - [2022-11-02T05:43:59.904-0300] {dagbag.py:537} INFO - Filling up the DagBag from /home/debian/etlhausz/venv/lib/python3.9/site-packages/airflow/example_dags/example_branch_operator.py
[2022-11-02T05:43:59.918-0300] {processor.py:766} INFO - DAG(s) dict_keys(['example_branch_operator']) retrieved from /home/debian/etlhausz/venv/lib/python3.9/site-packages/airflow/example_dags/example_branch_operator.py
[2022-11-02T05:43:59.963-0300] {logging_mixin.py:120} INFO - [2022-11-02T05:43:59.963-0300] {dag.py:2585} INFO - Sync 1 DAGs
[2022-11-02T05:43:59.984-0300] {logging_mixin.py:120} INFO - [2022-11-02T05:43:59.984-0300] {dag.py:3336} INFO - Setting next_dagrun for example_branch_operator to 2022-11-01T00:00:00+00:00, run_after=2022-11-02T00:00:00+00:00
[2022-11-02T05:44:00.003-0300] {processor.py:176} INFO - Processing /home/debian/etlhausz/venv/lib/python3.9/site-packages/airflow/example_dags/example_branch_operator.py took 0.104 seconds
[2022-11-02T05:44:30.371-0300] {processor.py:154} INFO - Started process (PID=8525) to work on /home/debian/etlhausz/venv/lib/python3.9/site-packages/airflow/example_dags/example_branch_operator.py
[2022-11-02T05:44:30.371-0300] {processor.py:756} INFO - Processing file /home/debian/etlhausz/venv/lib/python3.9/site-packages/airflow/example_dags/example_branch_operator.py for tasks to queue
[2022-11-02T05:44:30.372-0300] {logging_mixin.py:120} INFO - [2022-11-02T05:44:30.372-0300] {dagbag.py:537} INFO - Filling up the DagBag from /home/debian/etlhausz/venv/lib/python3.9/site-packages/airflow/example_dags/example_branch_operator.py
[2022-11-02T05:44:30.392-0300] {processor.py:766} INFO - DAG(s) dict_keys(['example_branch_operator']) retrieved from /home/debian/etlhausz/venv/lib/python3.9/site-packages/airflow/example_dags/example_branch_operator.py
[2022-11-02T05:44:30.435-0300] {logging_mixin.py:120} INFO - [2022-11-02T05:44:30.435-0300] {dag.py:2585} INFO - Sync 1 DAGs
[2022-11-02T05:44:30.457-0300] {logging_mixin.py:120} INFO - [2022-11-02T05:44:30.456-0300] {dag.py:3336} INFO - Setting next_dagrun for example_branch_operator to 2022-11-01T00:00:00+00:00, run_after=2022-11-02T00:00:00+00:00
[2022-11-02T05:44:30.484-0300] {processor.py:176} INFO - Processing /home/debian/etlhausz/venv/lib/python3.9/site-packages/airflow/example_dags/example_branch_operator.py took 0.118 seconds
