[2022-11-02T05:35:12.940-0300] {processor.py:154} INFO - Started process (PID=4906) to work on /home/debian/etlhausz/venv/lib/python3.9/site-packages/airflow/example_dags/example_branch_day_of_week_operator.py
[2022-11-02T05:35:12.956-0300] {processor.py:756} INFO - Processing file /home/debian/etlhausz/venv/lib/python3.9/site-packages/airflow/example_dags/example_branch_day_of_week_operator.py for tasks to queue
[2022-11-02T05:35:12.959-0300] {logging_mixin.py:120} INFO - [2022-11-02T05:35:12.958-0300] {dagbag.py:537} INFO - Filling up the DagBag from /home/debian/etlhausz/venv/lib/python3.9/site-packages/airflow/example_dags/example_branch_day_of_week_operator.py
[2022-11-02T05:35:13.075-0300] {processor.py:766} INFO - DAG(s) dict_keys(['example_weekday_branch_operator']) retrieved from /home/debian/etlhausz/venv/lib/python3.9/site-packages/airflow/example_dags/example_branch_day_of_week_operator.py
[2022-11-02T05:35:13.409-0300] {logging_mixin.py:120} INFO - [2022-11-02T05:35:13.409-0300] {manager.py:507} INFO - Created Permission View: can read on DAG:example_weekday_branch_operator
[2022-11-02T05:35:13.446-0300] {logging_mixin.py:120} INFO - [2022-11-02T05:35:13.446-0300] {manager.py:507} INFO - Created Permission View: can edit on DAG:example_weekday_branch_operator
[2022-11-02T05:35:13.462-0300] {logging_mixin.py:120} INFO - [2022-11-02T05:35:13.462-0300] {manager.py:507} INFO - Created Permission View: can delete on DAG:example_weekday_branch_operator
[2022-11-02T05:35:13.463-0300] {logging_mixin.py:120} INFO - [2022-11-02T05:35:13.463-0300] {dag.py:2585} INFO - Sync 1 DAGs
[2022-11-02T05:35:13.515-0300] {logging_mixin.py:120} INFO - [2022-11-02T05:35:13.515-0300] {dag.py:2606} INFO - Creating ORM DAG for example_weekday_branch_operator
[2022-11-02T05:35:13.538-0300] {logging_mixin.py:120} INFO - [2022-11-02T05:35:13.538-0300] {dag.py:3336} INFO - Setting next_dagrun for example_weekday_branch_operator to 2022-11-01T00:00:00+00:00, run_after=2022-11-02T00:00:00+00:00
[2022-11-02T05:35:13.582-0300] {processor.py:176} INFO - Processing /home/debian/etlhausz/venv/lib/python3.9/site-packages/airflow/example_dags/example_branch_day_of_week_operator.py took 0.693 seconds
[2022-11-02T05:41:24.683-0300] {processor.py:154} INFO - Started process (PID=6794) to work on /home/debian/etlhausz/venv/lib/python3.9/site-packages/airflow/example_dags/example_branch_day_of_week_operator.py
[2022-11-02T05:41:24.684-0300] {processor.py:756} INFO - Processing file /home/debian/etlhausz/venv/lib/python3.9/site-packages/airflow/example_dags/example_branch_day_of_week_operator.py for tasks to queue
[2022-11-02T05:41:24.685-0300] {logging_mixin.py:120} INFO - [2022-11-02T05:41:24.685-0300] {dagbag.py:537} INFO - Filling up the DagBag from /home/debian/etlhausz/venv/lib/python3.9/site-packages/airflow/example_dags/example_branch_day_of_week_operator.py
[2022-11-02T05:41:24.707-0300] {processor.py:766} INFO - DAG(s) dict_keys(['example_weekday_branch_operator']) retrieved from /home/debian/etlhausz/venv/lib/python3.9/site-packages/airflow/example_dags/example_branch_day_of_week_operator.py
[2022-11-02T05:41:24.786-0300] {logging_mixin.py:120} INFO - [2022-11-02T05:41:24.786-0300] {dag.py:2585} INFO - Sync 1 DAGs
[2022-11-02T05:41:24.830-0300] {logging_mixin.py:120} INFO - [2022-11-02T05:41:24.829-0300] {dag.py:3336} INFO - Setting next_dagrun for example_weekday_branch_operator to 2022-11-01T00:00:00+00:00, run_after=2022-11-02T00:00:00+00:00
[2022-11-02T05:41:24.882-0300] {processor.py:176} INFO - Processing /home/debian/etlhausz/venv/lib/python3.9/site-packages/airflow/example_dags/example_branch_day_of_week_operator.py took 0.203 seconds
[2022-11-02T05:41:55.825-0300] {processor.py:154} INFO - Started process (PID=7151) to work on /home/debian/etlhausz/venv/lib/python3.9/site-packages/airflow/example_dags/example_branch_day_of_week_operator.py
[2022-11-02T05:41:55.826-0300] {processor.py:756} INFO - Processing file /home/debian/etlhausz/venv/lib/python3.9/site-packages/airflow/example_dags/example_branch_day_of_week_operator.py for tasks to queue
[2022-11-02T05:41:55.827-0300] {logging_mixin.py:120} INFO - [2022-11-02T05:41:55.826-0300] {dagbag.py:537} INFO - Filling up the DagBag from /home/debian/etlhausz/venv/lib/python3.9/site-packages/airflow/example_dags/example_branch_day_of_week_operator.py
[2022-11-02T05:41:55.839-0300] {processor.py:766} INFO - DAG(s) dict_keys(['example_weekday_branch_operator']) retrieved from /home/debian/etlhausz/venv/lib/python3.9/site-packages/airflow/example_dags/example_branch_day_of_week_operator.py
[2022-11-02T05:41:55.889-0300] {logging_mixin.py:120} INFO - [2022-11-02T05:41:55.889-0300] {dag.py:2585} INFO - Sync 1 DAGs
[2022-11-02T05:41:55.911-0300] {logging_mixin.py:120} INFO - [2022-11-02T05:41:55.911-0300] {dag.py:3336} INFO - Setting next_dagrun for example_weekday_branch_operator to 2022-11-01T00:00:00+00:00, run_after=2022-11-02T00:00:00+00:00
[2022-11-02T05:41:55.931-0300] {processor.py:176} INFO - Processing /home/debian/etlhausz/venv/lib/python3.9/site-packages/airflow/example_dags/example_branch_day_of_week_operator.py took 0.109 seconds
[2022-11-02T05:42:26.423-0300] {processor.py:154} INFO - Started process (PID=7384) to work on /home/debian/etlhausz/venv/lib/python3.9/site-packages/airflow/example_dags/example_branch_day_of_week_operator.py
[2022-11-02T05:42:26.424-0300] {processor.py:756} INFO - Processing file /home/debian/etlhausz/venv/lib/python3.9/site-packages/airflow/example_dags/example_branch_day_of_week_operator.py for tasks to queue
[2022-11-02T05:42:26.425-0300] {logging_mixin.py:120} INFO - [2022-11-02T05:42:26.424-0300] {dagbag.py:537} INFO - Filling up the DagBag from /home/debian/etlhausz/venv/lib/python3.9/site-packages/airflow/example_dags/example_branch_day_of_week_operator.py
[2022-11-02T05:42:26.437-0300] {processor.py:766} INFO - DAG(s) dict_keys(['example_weekday_branch_operator']) retrieved from /home/debian/etlhausz/venv/lib/python3.9/site-packages/airflow/example_dags/example_branch_day_of_week_operator.py
[2022-11-02T05:42:26.480-0300] {logging_mixin.py:120} INFO - [2022-11-02T05:42:26.480-0300] {dag.py:2585} INFO - Sync 1 DAGs
[2022-11-02T05:42:26.500-0300] {logging_mixin.py:120} INFO - [2022-11-02T05:42:26.500-0300] {dag.py:3336} INFO - Setting next_dagrun for example_weekday_branch_operator to 2022-11-01T00:00:00+00:00, run_after=2022-11-02T00:00:00+00:00
[2022-11-02T05:42:26.520-0300] {processor.py:176} INFO - Processing /home/debian/etlhausz/venv/lib/python3.9/site-packages/airflow/example_dags/example_branch_day_of_week_operator.py took 0.100 seconds
[2022-11-02T05:42:56.644-0300] {processor.py:154} INFO - Started process (PID=7625) to work on /home/debian/etlhausz/venv/lib/python3.9/site-packages/airflow/example_dags/example_branch_day_of_week_operator.py
[2022-11-02T05:42:56.647-0300] {processor.py:756} INFO - Processing file /home/debian/etlhausz/venv/lib/python3.9/site-packages/airflow/example_dags/example_branch_day_of_week_operator.py for tasks to queue
[2022-11-02T05:42:56.647-0300] {logging_mixin.py:120} INFO - [2022-11-02T05:42:56.647-0300] {dagbag.py:537} INFO - Filling up the DagBag from /home/debian/etlhausz/venv/lib/python3.9/site-packages/airflow/example_dags/example_branch_day_of_week_operator.py
[2022-11-02T05:42:56.661-0300] {processor.py:766} INFO - DAG(s) dict_keys(['example_weekday_branch_operator']) retrieved from /home/debian/etlhausz/venv/lib/python3.9/site-packages/airflow/example_dags/example_branch_day_of_week_operator.py
[2022-11-02T05:42:56.710-0300] {logging_mixin.py:120} INFO - [2022-11-02T05:42:56.710-0300] {dag.py:2585} INFO - Sync 1 DAGs
[2022-11-02T05:42:56.739-0300] {logging_mixin.py:120} INFO - [2022-11-02T05:42:56.738-0300] {dag.py:3336} INFO - Setting next_dagrun for example_weekday_branch_operator to 2022-11-01T00:00:00+00:00, run_after=2022-11-02T00:00:00+00:00
[2022-11-02T05:42:56.758-0300] {processor.py:176} INFO - Processing /home/debian/etlhausz/venv/lib/python3.9/site-packages/airflow/example_dags/example_branch_day_of_week_operator.py took 0.117 seconds
[2022-11-02T05:43:27.447-0300] {processor.py:154} INFO - Started process (PID=7855) to work on /home/debian/etlhausz/venv/lib/python3.9/site-packages/airflow/example_dags/example_branch_day_of_week_operator.py
[2022-11-02T05:43:27.448-0300] {processor.py:756} INFO - Processing file /home/debian/etlhausz/venv/lib/python3.9/site-packages/airflow/example_dags/example_branch_day_of_week_operator.py for tasks to queue
[2022-11-02T05:43:27.449-0300] {logging_mixin.py:120} INFO - [2022-11-02T05:43:27.449-0300] {dagbag.py:537} INFO - Filling up the DagBag from /home/debian/etlhausz/venv/lib/python3.9/site-packages/airflow/example_dags/example_branch_day_of_week_operator.py
[2022-11-02T05:43:27.463-0300] {processor.py:766} INFO - DAG(s) dict_keys(['example_weekday_branch_operator']) retrieved from /home/debian/etlhausz/venv/lib/python3.9/site-packages/airflow/example_dags/example_branch_day_of_week_operator.py
[2022-11-02T05:43:27.508-0300] {logging_mixin.py:120} INFO - [2022-11-02T05:43:27.508-0300] {dag.py:2585} INFO - Sync 1 DAGs
[2022-11-02T05:43:27.530-0300] {logging_mixin.py:120} INFO - [2022-11-02T05:43:27.530-0300] {dag.py:3336} INFO - Setting next_dagrun for example_weekday_branch_operator to 2022-11-01T00:00:00+00:00, run_after=2022-11-02T00:00:00+00:00
[2022-11-02T05:43:27.550-0300] {processor.py:176} INFO - Processing /home/debian/etlhausz/venv/lib/python3.9/site-packages/airflow/example_dags/example_branch_day_of_week_operator.py took 0.106 seconds
[2022-11-02T05:43:59.647-0300] {processor.py:154} INFO - Started process (PID=8131) to work on /home/debian/etlhausz/venv/lib/python3.9/site-packages/airflow/example_dags/example_branch_day_of_week_operator.py
[2022-11-02T05:43:59.649-0300] {processor.py:756} INFO - Processing file /home/debian/etlhausz/venv/lib/python3.9/site-packages/airflow/example_dags/example_branch_day_of_week_operator.py for tasks to queue
[2022-11-02T05:43:59.649-0300] {logging_mixin.py:120} INFO - [2022-11-02T05:43:59.649-0300] {dagbag.py:537} INFO - Filling up the DagBag from /home/debian/etlhausz/venv/lib/python3.9/site-packages/airflow/example_dags/example_branch_day_of_week_operator.py
[2022-11-02T05:43:59.662-0300] {processor.py:766} INFO - DAG(s) dict_keys(['example_weekday_branch_operator']) retrieved from /home/debian/etlhausz/venv/lib/python3.9/site-packages/airflow/example_dags/example_branch_day_of_week_operator.py
[2022-11-02T05:43:59.708-0300] {logging_mixin.py:120} INFO - [2022-11-02T05:43:59.708-0300] {dag.py:2585} INFO - Sync 1 DAGs
[2022-11-02T05:43:59.731-0300] {logging_mixin.py:120} INFO - [2022-11-02T05:43:59.731-0300] {dag.py:3336} INFO - Setting next_dagrun for example_weekday_branch_operator to 2022-11-01T00:00:00+00:00, run_after=2022-11-02T00:00:00+00:00
[2022-11-02T05:43:59.751-0300] {processor.py:176} INFO - Processing /home/debian/etlhausz/venv/lib/python3.9/site-packages/airflow/example_dags/example_branch_day_of_week_operator.py took 0.106 seconds
[2022-11-02T05:44:29.963-0300] {processor.py:154} INFO - Started process (PID=8504) to work on /home/debian/etlhausz/venv/lib/python3.9/site-packages/airflow/example_dags/example_branch_day_of_week_operator.py
[2022-11-02T05:44:29.963-0300] {processor.py:756} INFO - Processing file /home/debian/etlhausz/venv/lib/python3.9/site-packages/airflow/example_dags/example_branch_day_of_week_operator.py for tasks to queue
[2022-11-02T05:44:29.964-0300] {logging_mixin.py:120} INFO - [2022-11-02T05:44:29.964-0300] {dagbag.py:537} INFO - Filling up the DagBag from /home/debian/etlhausz/venv/lib/python3.9/site-packages/airflow/example_dags/example_branch_day_of_week_operator.py
[2022-11-02T05:44:29.977-0300] {processor.py:766} INFO - DAG(s) dict_keys(['example_weekday_branch_operator']) retrieved from /home/debian/etlhausz/venv/lib/python3.9/site-packages/airflow/example_dags/example_branch_day_of_week_operator.py
[2022-11-02T05:44:30.019-0300] {logging_mixin.py:120} INFO - [2022-11-02T05:44:30.018-0300] {dag.py:2585} INFO - Sync 1 DAGs
[2022-11-02T05:44:30.038-0300] {logging_mixin.py:120} INFO - [2022-11-02T05:44:30.038-0300] {dag.py:3336} INFO - Setting next_dagrun for example_weekday_branch_operator to 2022-11-01T00:00:00+00:00, run_after=2022-11-02T00:00:00+00:00
[2022-11-02T05:44:30.059-0300] {processor.py:176} INFO - Processing /home/debian/etlhausz/venv/lib/python3.9/site-packages/airflow/example_dags/example_branch_day_of_week_operator.py took 0.100 seconds
