[2022-11-02T05:34:51.128-0300] {processor.py:154} INFO - Started process (PID=4746) to work on /home/debian/etlhausz/venv/lib/python3.9/site-packages/airflow/example_dags/example_sla_dag.py
[2022-11-02T05:34:51.129-0300] {processor.py:756} INFO - Processing file /home/debian/etlhausz/venv/lib/python3.9/site-packages/airflow/example_dags/example_sla_dag.py for tasks to queue
[2022-11-02T05:34:51.129-0300] {logging_mixin.py:120} INFO - [2022-11-02T05:34:51.129-0300] {dagbag.py:537} INFO - Filling up the DagBag from /home/debian/etlhausz/venv/lib/python3.9/site-packages/airflow/example_dags/example_sla_dag.py
[2022-11-02T05:34:51.180-0300] {processor.py:766} INFO - DAG(s) dict_keys(['example_sla_dag']) retrieved from /home/debian/etlhausz/venv/lib/python3.9/site-packages/airflow/example_dags/example_sla_dag.py
[2022-11-02T05:34:51.357-0300] {logging_mixin.py:120} INFO - [2022-11-02T05:34:51.357-0300] {manager.py:507} INFO - Created Permission View: can read on DAG:example_sla_dag
[2022-11-02T05:34:51.369-0300] {logging_mixin.py:120} INFO - [2022-11-02T05:34:51.369-0300] {manager.py:507} INFO - Created Permission View: can edit on DAG:example_sla_dag
[2022-11-02T05:34:51.379-0300] {logging_mixin.py:120} INFO - [2022-11-02T05:34:51.378-0300] {manager.py:507} INFO - Created Permission View: can delete on DAG:example_sla_dag
[2022-11-02T05:34:51.379-0300] {logging_mixin.py:120} INFO - [2022-11-02T05:34:51.379-0300] {dag.py:2585} INFO - Sync 1 DAGs
[2022-11-02T05:34:51.392-0300] {logging_mixin.py:120} INFO - [2022-11-02T05:34:51.391-0300] {dag.py:2606} INFO - Creating ORM DAG for example_sla_dag
[2022-11-02T05:34:51.408-0300] {logging_mixin.py:120} INFO - [2022-11-02T05:34:51.408-0300] {dag.py:3336} INFO - Setting next_dagrun for example_sla_dag to 2022-11-02T08:32:00+00:00, run_after=2022-11-02T08:34:00+00:00
[2022-11-02T05:34:51.431-0300] {processor.py:176} INFO - Processing /home/debian/etlhausz/venv/lib/python3.9/site-packages/airflow/example_dags/example_sla_dag.py took 0.307 seconds
[2022-11-02T05:41:22.765-0300] {processor.py:154} INFO - Started process (PID=6694) to work on /home/debian/etlhausz/venv/lib/python3.9/site-packages/airflow/example_dags/example_sla_dag.py
[2022-11-02T05:41:22.775-0300] {processor.py:756} INFO - Processing file /home/debian/etlhausz/venv/lib/python3.9/site-packages/airflow/example_dags/example_sla_dag.py for tasks to queue
[2022-11-02T05:41:22.776-0300] {logging_mixin.py:120} INFO - [2022-11-02T05:41:22.776-0300] {dagbag.py:537} INFO - Filling up the DagBag from /home/debian/etlhausz/venv/lib/python3.9/site-packages/airflow/example_dags/example_sla_dag.py
[2022-11-02T05:41:22.846-0300] {processor.py:766} INFO - DAG(s) dict_keys(['example_sla_dag']) retrieved from /home/debian/etlhausz/venv/lib/python3.9/site-packages/airflow/example_dags/example_sla_dag.py
[2022-11-02T05:41:22.926-0300] {logging_mixin.py:120} INFO - [2022-11-02T05:41:22.926-0300] {dag.py:2585} INFO - Sync 1 DAGs
[2022-11-02T05:41:22.976-0300] {logging_mixin.py:120} INFO - [2022-11-02T05:41:22.976-0300] {dag.py:3336} INFO - Setting next_dagrun for example_sla_dag to 2022-11-02T08:38:00+00:00, run_after=2022-11-02T08:40:00+00:00
[2022-11-02T05:41:23.058-0300] {processor.py:176} INFO - Processing /home/debian/etlhausz/venv/lib/python3.9/site-packages/airflow/example_dags/example_sla_dag.py took 0.314 seconds
[2022-11-02T05:41:53.559-0300] {processor.py:154} INFO - Started process (PID=7051) to work on /home/debian/etlhausz/venv/lib/python3.9/site-packages/airflow/example_dags/example_sla_dag.py
[2022-11-02T05:41:53.560-0300] {processor.py:756} INFO - Processing file /home/debian/etlhausz/venv/lib/python3.9/site-packages/airflow/example_dags/example_sla_dag.py for tasks to queue
[2022-11-02T05:41:53.568-0300] {logging_mixin.py:120} INFO - [2022-11-02T05:41:53.568-0300] {dagbag.py:537} INFO - Filling up the DagBag from /home/debian/etlhausz/venv/lib/python3.9/site-packages/airflow/example_dags/example_sla_dag.py
[2022-11-02T05:41:53.596-0300] {processor.py:766} INFO - DAG(s) dict_keys(['example_sla_dag']) retrieved from /home/debian/etlhausz/venv/lib/python3.9/site-packages/airflow/example_dags/example_sla_dag.py
[2022-11-02T05:41:53.668-0300] {logging_mixin.py:120} INFO - [2022-11-02T05:41:53.668-0300] {dag.py:2585} INFO - Sync 1 DAGs
[2022-11-02T05:41:53.707-0300] {logging_mixin.py:120} INFO - [2022-11-02T05:41:53.706-0300] {dag.py:3336} INFO - Setting next_dagrun for example_sla_dag to 2022-11-02T08:38:00+00:00, run_after=2022-11-02T08:40:00+00:00
[2022-11-02T05:41:53.734-0300] {processor.py:176} INFO - Processing /home/debian/etlhausz/venv/lib/python3.9/site-packages/airflow/example_dags/example_sla_dag.py took 0.178 seconds
[2022-11-02T05:42:24.322-0300] {processor.py:154} INFO - Started process (PID=7286) to work on /home/debian/etlhausz/venv/lib/python3.9/site-packages/airflow/example_dags/example_sla_dag.py
[2022-11-02T05:42:24.333-0300] {processor.py:756} INFO - Processing file /home/debian/etlhausz/venv/lib/python3.9/site-packages/airflow/example_dags/example_sla_dag.py for tasks to queue
[2022-11-02T05:42:24.334-0300] {logging_mixin.py:120} INFO - [2022-11-02T05:42:24.334-0300] {dagbag.py:537} INFO - Filling up the DagBag from /home/debian/etlhausz/venv/lib/python3.9/site-packages/airflow/example_dags/example_sla_dag.py
[2022-11-02T05:42:24.363-0300] {processor.py:766} INFO - DAG(s) dict_keys(['example_sla_dag']) retrieved from /home/debian/etlhausz/venv/lib/python3.9/site-packages/airflow/example_dags/example_sla_dag.py
[2022-11-02T05:42:24.404-0300] {logging_mixin.py:120} INFO - [2022-11-02T05:42:24.404-0300] {dag.py:2585} INFO - Sync 1 DAGs
[2022-11-02T05:42:24.459-0300] {logging_mixin.py:120} INFO - [2022-11-02T05:42:24.458-0300] {dag.py:3336} INFO - Setting next_dagrun for example_sla_dag to 2022-11-02T08:40:00+00:00, run_after=2022-11-02T08:42:00+00:00
[2022-11-02T05:42:24.485-0300] {processor.py:176} INFO - Processing /home/debian/etlhausz/venv/lib/python3.9/site-packages/airflow/example_dags/example_sla_dag.py took 0.166 seconds
[2022-11-02T05:42:54.538-0300] {processor.py:154} INFO - Started process (PID=7530) to work on /home/debian/etlhausz/venv/lib/python3.9/site-packages/airflow/example_dags/example_sla_dag.py
[2022-11-02T05:42:54.539-0300] {processor.py:756} INFO - Processing file /home/debian/etlhausz/venv/lib/python3.9/site-packages/airflow/example_dags/example_sla_dag.py for tasks to queue
[2022-11-02T05:42:54.539-0300] {logging_mixin.py:120} INFO - [2022-11-02T05:42:54.539-0300] {dagbag.py:537} INFO - Filling up the DagBag from /home/debian/etlhausz/venv/lib/python3.9/site-packages/airflow/example_dags/example_sla_dag.py
[2022-11-02T05:42:54.558-0300] {processor.py:766} INFO - DAG(s) dict_keys(['example_sla_dag']) retrieved from /home/debian/etlhausz/venv/lib/python3.9/site-packages/airflow/example_dags/example_sla_dag.py
[2022-11-02T05:42:54.604-0300] {logging_mixin.py:120} INFO - [2022-11-02T05:42:54.604-0300] {dag.py:2585} INFO - Sync 1 DAGs
[2022-11-02T05:42:54.634-0300] {logging_mixin.py:120} INFO - [2022-11-02T05:42:54.634-0300] {dag.py:3336} INFO - Setting next_dagrun for example_sla_dag to 2022-11-02T08:40:00+00:00, run_after=2022-11-02T08:42:00+00:00
[2022-11-02T05:42:54.659-0300] {processor.py:176} INFO - Processing /home/debian/etlhausz/venv/lib/python3.9/site-packages/airflow/example_dags/example_sla_dag.py took 0.124 seconds
[2022-11-02T05:43:25.256-0300] {processor.py:154} INFO - Started process (PID=7756) to work on /home/debian/etlhausz/venv/lib/python3.9/site-packages/airflow/example_dags/example_sla_dag.py
[2022-11-02T05:43:25.257-0300] {processor.py:756} INFO - Processing file /home/debian/etlhausz/venv/lib/python3.9/site-packages/airflow/example_dags/example_sla_dag.py for tasks to queue
[2022-11-02T05:43:25.257-0300] {logging_mixin.py:120} INFO - [2022-11-02T05:43:25.257-0300] {dagbag.py:537} INFO - Filling up the DagBag from /home/debian/etlhausz/venv/lib/python3.9/site-packages/airflow/example_dags/example_sla_dag.py
[2022-11-02T05:43:25.277-0300] {processor.py:766} INFO - DAG(s) dict_keys(['example_sla_dag']) retrieved from /home/debian/etlhausz/venv/lib/python3.9/site-packages/airflow/example_dags/example_sla_dag.py
[2022-11-02T05:43:25.322-0300] {logging_mixin.py:120} INFO - [2022-11-02T05:43:25.322-0300] {dag.py:2585} INFO - Sync 1 DAGs
[2022-11-02T05:43:25.346-0300] {logging_mixin.py:120} INFO - [2022-11-02T05:43:25.345-0300] {dag.py:3336} INFO - Setting next_dagrun for example_sla_dag to 2022-11-02T08:40:00+00:00, run_after=2022-11-02T08:42:00+00:00
[2022-11-02T05:43:25.374-0300] {processor.py:176} INFO - Processing /home/debian/etlhausz/venv/lib/python3.9/site-packages/airflow/example_dags/example_sla_dag.py took 0.122 seconds
[2022-11-02T05:43:56.159-0300] {processor.py:154} INFO - Started process (PID=7993) to work on /home/debian/etlhausz/venv/lib/python3.9/site-packages/airflow/example_dags/example_sla_dag.py
[2022-11-02T05:43:56.161-0300] {processor.py:756} INFO - Processing file /home/debian/etlhausz/venv/lib/python3.9/site-packages/airflow/example_dags/example_sla_dag.py for tasks to queue
[2022-11-02T05:43:56.161-0300] {logging_mixin.py:120} INFO - [2022-11-02T05:43:56.161-0300] {dagbag.py:537} INFO - Filling up the DagBag from /home/debian/etlhausz/venv/lib/python3.9/site-packages/airflow/example_dags/example_sla_dag.py
[2022-11-02T05:43:56.182-0300] {processor.py:766} INFO - DAG(s) dict_keys(['example_sla_dag']) retrieved from /home/debian/etlhausz/venv/lib/python3.9/site-packages/airflow/example_dags/example_sla_dag.py
[2022-11-02T05:43:56.231-0300] {logging_mixin.py:120} INFO - [2022-11-02T05:43:56.231-0300] {dag.py:2585} INFO - Sync 1 DAGs
[2022-11-02T05:43:56.259-0300] {logging_mixin.py:120} INFO - [2022-11-02T05:43:56.258-0300] {dag.py:3336} INFO - Setting next_dagrun for example_sla_dag to 2022-11-02T08:40:00+00:00, run_after=2022-11-02T08:42:00+00:00
[2022-11-02T05:43:56.281-0300] {processor.py:176} INFO - Processing /home/debian/etlhausz/venv/lib/python3.9/site-packages/airflow/example_dags/example_sla_dag.py took 0.125 seconds
[2022-11-02T05:44:27.314-0300] {processor.py:154} INFO - Started process (PID=8373) to work on /home/debian/etlhausz/venv/lib/python3.9/site-packages/airflow/example_dags/example_sla_dag.py
[2022-11-02T05:44:27.326-0300] {processor.py:756} INFO - Processing file /home/debian/etlhausz/venv/lib/python3.9/site-packages/airflow/example_dags/example_sla_dag.py for tasks to queue
[2022-11-02T05:44:27.327-0300] {logging_mixin.py:120} INFO - [2022-11-02T05:44:27.327-0300] {dagbag.py:537} INFO - Filling up the DagBag from /home/debian/etlhausz/venv/lib/python3.9/site-packages/airflow/example_dags/example_sla_dag.py
[2022-11-02T05:44:27.395-0300] {processor.py:766} INFO - DAG(s) dict_keys(['example_sla_dag']) retrieved from /home/debian/etlhausz/venv/lib/python3.9/site-packages/airflow/example_dags/example_sla_dag.py
[2022-11-02T05:44:27.503-0300] {logging_mixin.py:120} INFO - [2022-11-02T05:44:27.503-0300] {dag.py:2585} INFO - Sync 1 DAGs
[2022-11-02T05:44:27.579-0300] {logging_mixin.py:120} INFO - [2022-11-02T05:44:27.579-0300] {dag.py:3336} INFO - Setting next_dagrun for example_sla_dag to 2022-11-02T08:42:00+00:00, run_after=2022-11-02T08:44:00+00:00
[2022-11-02T05:44:27.688-0300] {processor.py:176} INFO - Processing /home/debian/etlhausz/venv/lib/python3.9/site-packages/airflow/example_dags/example_sla_dag.py took 0.448 seconds
