[2022-11-02T05:35:10.142-0300] {processor.py:154} INFO - Started process (PID=4878) to work on /home/debian/etlhausz/venv/lib/python3.9/site-packages/airflow/example_dags/example_branch_operator_decorator.py
[2022-11-02T05:35:10.142-0300] {processor.py:756} INFO - Processing file /home/debian/etlhausz/venv/lib/python3.9/site-packages/airflow/example_dags/example_branch_operator_decorator.py for tasks to queue
[2022-11-02T05:35:10.143-0300] {logging_mixin.py:120} INFO - [2022-11-02T05:35:10.143-0300] {dagbag.py:537} INFO - Filling up the DagBag from /home/debian/etlhausz/venv/lib/python3.9/site-packages/airflow/example_dags/example_branch_operator_decorator.py
[2022-11-02T05:35:10.218-0300] {processor.py:766} INFO - DAG(s) dict_keys(['example_branch_python_operator_decorator']) retrieved from /home/debian/etlhausz/venv/lib/python3.9/site-packages/airflow/example_dags/example_branch_operator_decorator.py
[2022-11-02T05:35:10.869-0300] {logging_mixin.py:120} INFO - [2022-11-02T05:35:10.869-0300] {manager.py:507} INFO - Created Permission View: can read on DAG:example_branch_python_operator_decorator
[2022-11-02T05:35:11.024-0300] {logging_mixin.py:120} INFO - [2022-11-02T05:35:11.024-0300] {manager.py:507} INFO - Created Permission View: can edit on DAG:example_branch_python_operator_decorator
[2022-11-02T05:35:11.072-0300] {logging_mixin.py:120} INFO - [2022-11-02T05:35:11.072-0300] {manager.py:507} INFO - Created Permission View: can delete on DAG:example_branch_python_operator_decorator
[2022-11-02T05:35:11.073-0300] {logging_mixin.py:120} INFO - [2022-11-02T05:35:11.073-0300] {dag.py:2585} INFO - Sync 1 DAGs
[2022-11-02T05:35:11.167-0300] {logging_mixin.py:120} INFO - [2022-11-02T05:35:11.167-0300] {dag.py:2606} INFO - Creating ORM DAG for example_branch_python_operator_decorator
[2022-11-02T05:35:11.301-0300] {logging_mixin.py:120} INFO - [2022-11-02T05:35:11.288-0300] {dag.py:3336} INFO - Setting next_dagrun for example_branch_python_operator_decorator to 2022-11-01T00:00:00+00:00, run_after=2022-11-02T00:00:00+00:00
[2022-11-02T05:35:11.427-0300] {processor.py:176} INFO - Processing /home/debian/etlhausz/venv/lib/python3.9/site-packages/airflow/example_dags/example_branch_operator_decorator.py took 1.288 seconds
[2022-11-02T05:41:24.621-0300] {processor.py:154} INFO - Started process (PID=6788) to work on /home/debian/etlhausz/venv/lib/python3.9/site-packages/airflow/example_dags/example_branch_operator_decorator.py
[2022-11-02T05:41:24.622-0300] {processor.py:756} INFO - Processing file /home/debian/etlhausz/venv/lib/python3.9/site-packages/airflow/example_dags/example_branch_operator_decorator.py for tasks to queue
[2022-11-02T05:41:24.622-0300] {logging_mixin.py:120} INFO - [2022-11-02T05:41:24.622-0300] {dagbag.py:537} INFO - Filling up the DagBag from /home/debian/etlhausz/venv/lib/python3.9/site-packages/airflow/example_dags/example_branch_operator_decorator.py
[2022-11-02T05:41:24.646-0300] {processor.py:766} INFO - DAG(s) dict_keys(['example_branch_python_operator_decorator']) retrieved from /home/debian/etlhausz/venv/lib/python3.9/site-packages/airflow/example_dags/example_branch_operator_decorator.py
[2022-11-02T05:41:24.686-0300] {logging_mixin.py:120} INFO - [2022-11-02T05:41:24.686-0300] {dag.py:2585} INFO - Sync 1 DAGs
[2022-11-02T05:41:24.720-0300] {logging_mixin.py:120} INFO - [2022-11-02T05:41:24.720-0300] {dag.py:3336} INFO - Setting next_dagrun for example_branch_python_operator_decorator to 2022-11-01T00:00:00+00:00, run_after=2022-11-02T00:00:00+00:00
[2022-11-02T05:41:24.741-0300] {processor.py:176} INFO - Processing /home/debian/etlhausz/venv/lib/python3.9/site-packages/airflow/example_dags/example_branch_operator_decorator.py took 0.124 seconds
[2022-11-02T05:41:55.749-0300] {processor.py:154} INFO - Started process (PID=7145) to work on /home/debian/etlhausz/venv/lib/python3.9/site-packages/airflow/example_dags/example_branch_operator_decorator.py
[2022-11-02T05:41:55.751-0300] {processor.py:756} INFO - Processing file /home/debian/etlhausz/venv/lib/python3.9/site-packages/airflow/example_dags/example_branch_operator_decorator.py for tasks to queue
[2022-11-02T05:41:55.752-0300] {logging_mixin.py:120} INFO - [2022-11-02T05:41:55.751-0300] {dagbag.py:537} INFO - Filling up the DagBag from /home/debian/etlhausz/venv/lib/python3.9/site-packages/airflow/example_dags/example_branch_operator_decorator.py
[2022-11-02T05:41:55.770-0300] {processor.py:766} INFO - DAG(s) dict_keys(['example_branch_python_operator_decorator']) retrieved from /home/debian/etlhausz/venv/lib/python3.9/site-packages/airflow/example_dags/example_branch_operator_decorator.py
[2022-11-02T05:41:55.817-0300] {logging_mixin.py:120} INFO - [2022-11-02T05:41:55.816-0300] {dag.py:2585} INFO - Sync 1 DAGs
[2022-11-02T05:41:55.837-0300] {logging_mixin.py:120} INFO - [2022-11-02T05:41:55.837-0300] {dag.py:3336} INFO - Setting next_dagrun for example_branch_python_operator_decorator to 2022-11-01T00:00:00+00:00, run_after=2022-11-02T00:00:00+00:00
[2022-11-02T05:41:55.860-0300] {processor.py:176} INFO - Processing /home/debian/etlhausz/venv/lib/python3.9/site-packages/airflow/example_dags/example_branch_operator_decorator.py took 0.113 seconds
[2022-11-02T05:42:26.364-0300] {processor.py:154} INFO - Started process (PID=7378) to work on /home/debian/etlhausz/venv/lib/python3.9/site-packages/airflow/example_dags/example_branch_operator_decorator.py
[2022-11-02T05:42:26.366-0300] {processor.py:756} INFO - Processing file /home/debian/etlhausz/venv/lib/python3.9/site-packages/airflow/example_dags/example_branch_operator_decorator.py for tasks to queue
[2022-11-02T05:42:26.366-0300] {logging_mixin.py:120} INFO - [2022-11-02T05:42:26.366-0300] {dagbag.py:537} INFO - Filling up the DagBag from /home/debian/etlhausz/venv/lib/python3.9/site-packages/airflow/example_dags/example_branch_operator_decorator.py
[2022-11-02T05:42:26.387-0300] {processor.py:766} INFO - DAG(s) dict_keys(['example_branch_python_operator_decorator']) retrieved from /home/debian/etlhausz/venv/lib/python3.9/site-packages/airflow/example_dags/example_branch_operator_decorator.py
[2022-11-02T05:42:26.430-0300] {logging_mixin.py:120} INFO - [2022-11-02T05:42:26.430-0300] {dag.py:2585} INFO - Sync 1 DAGs
[2022-11-02T05:42:26.448-0300] {logging_mixin.py:120} INFO - [2022-11-02T05:42:26.448-0300] {dag.py:3336} INFO - Setting next_dagrun for example_branch_python_operator_decorator to 2022-11-01T00:00:00+00:00, run_after=2022-11-02T00:00:00+00:00
[2022-11-02T05:42:26.467-0300] {processor.py:176} INFO - Processing /home/debian/etlhausz/venv/lib/python3.9/site-packages/airflow/example_dags/example_branch_operator_decorator.py took 0.105 seconds
[2022-11-02T05:42:56.581-0300] {processor.py:154} INFO - Started process (PID=7619) to work on /home/debian/etlhausz/venv/lib/python3.9/site-packages/airflow/example_dags/example_branch_operator_decorator.py
[2022-11-02T05:42:56.582-0300] {processor.py:756} INFO - Processing file /home/debian/etlhausz/venv/lib/python3.9/site-packages/airflow/example_dags/example_branch_operator_decorator.py for tasks to queue
[2022-11-02T05:42:56.582-0300] {logging_mixin.py:120} INFO - [2022-11-02T05:42:56.582-0300] {dagbag.py:537} INFO - Filling up the DagBag from /home/debian/etlhausz/venv/lib/python3.9/site-packages/airflow/example_dags/example_branch_operator_decorator.py
[2022-11-02T05:42:56.603-0300] {processor.py:766} INFO - DAG(s) dict_keys(['example_branch_python_operator_decorator']) retrieved from /home/debian/etlhausz/venv/lib/python3.9/site-packages/airflow/example_dags/example_branch_operator_decorator.py
[2022-11-02T05:42:56.647-0300] {logging_mixin.py:120} INFO - [2022-11-02T05:42:56.647-0300] {dag.py:2585} INFO - Sync 1 DAGs
[2022-11-02T05:42:56.668-0300] {logging_mixin.py:120} INFO - [2022-11-02T05:42:56.668-0300] {dag.py:3336} INFO - Setting next_dagrun for example_branch_python_operator_decorator to 2022-11-01T00:00:00+00:00, run_after=2022-11-02T00:00:00+00:00
[2022-11-02T05:42:56.690-0300] {processor.py:176} INFO - Processing /home/debian/etlhausz/venv/lib/python3.9/site-packages/airflow/example_dags/example_branch_operator_decorator.py took 0.111 seconds
[2022-11-02T05:43:27.369-0300] {processor.py:154} INFO - Started process (PID=7849) to work on /home/debian/etlhausz/venv/lib/python3.9/site-packages/airflow/example_dags/example_branch_operator_decorator.py
[2022-11-02T05:43:27.371-0300] {processor.py:756} INFO - Processing file /home/debian/etlhausz/venv/lib/python3.9/site-packages/airflow/example_dags/example_branch_operator_decorator.py for tasks to queue
[2022-11-02T05:43:27.371-0300] {logging_mixin.py:120} INFO - [2022-11-02T05:43:27.371-0300] {dagbag.py:537} INFO - Filling up the DagBag from /home/debian/etlhausz/venv/lib/python3.9/site-packages/airflow/example_dags/example_branch_operator_decorator.py
[2022-11-02T05:43:27.395-0300] {processor.py:766} INFO - DAG(s) dict_keys(['example_branch_python_operator_decorator']) retrieved from /home/debian/etlhausz/venv/lib/python3.9/site-packages/airflow/example_dags/example_branch_operator_decorator.py
[2022-11-02T05:43:27.442-0300] {logging_mixin.py:120} INFO - [2022-11-02T05:43:27.442-0300] {dag.py:2585} INFO - Sync 1 DAGs
[2022-11-02T05:43:27.463-0300] {logging_mixin.py:120} INFO - [2022-11-02T05:43:27.463-0300] {dag.py:3336} INFO - Setting next_dagrun for example_branch_python_operator_decorator to 2022-11-01T00:00:00+00:00, run_after=2022-11-02T00:00:00+00:00
[2022-11-02T05:43:27.483-0300] {processor.py:176} INFO - Processing /home/debian/etlhausz/venv/lib/python3.9/site-packages/airflow/example_dags/example_branch_operator_decorator.py took 0.117 seconds
[2022-11-02T05:43:59.571-0300] {processor.py:154} INFO - Started process (PID=8125) to work on /home/debian/etlhausz/venv/lib/python3.9/site-packages/airflow/example_dags/example_branch_operator_decorator.py
[2022-11-02T05:43:59.572-0300] {processor.py:756} INFO - Processing file /home/debian/etlhausz/venv/lib/python3.9/site-packages/airflow/example_dags/example_branch_operator_decorator.py for tasks to queue
[2022-11-02T05:43:59.573-0300] {logging_mixin.py:120} INFO - [2022-11-02T05:43:59.573-0300] {dagbag.py:537} INFO - Filling up the DagBag from /home/debian/etlhausz/venv/lib/python3.9/site-packages/airflow/example_dags/example_branch_operator_decorator.py
[2022-11-02T05:43:59.594-0300] {processor.py:766} INFO - DAG(s) dict_keys(['example_branch_python_operator_decorator']) retrieved from /home/debian/etlhausz/venv/lib/python3.9/site-packages/airflow/example_dags/example_branch_operator_decorator.py
[2022-11-02T05:43:59.647-0300] {logging_mixin.py:120} INFO - [2022-11-02T05:43:59.647-0300] {dag.py:2585} INFO - Sync 1 DAGs
[2022-11-02T05:43:59.667-0300] {logging_mixin.py:120} INFO - [2022-11-02T05:43:59.667-0300] {dag.py:3336} INFO - Setting next_dagrun for example_branch_python_operator_decorator to 2022-11-01T00:00:00+00:00, run_after=2022-11-02T00:00:00+00:00
[2022-11-02T05:43:59.687-0300] {processor.py:176} INFO - Processing /home/debian/etlhausz/venv/lib/python3.9/site-packages/airflow/example_dags/example_branch_operator_decorator.py took 0.119 seconds
[2022-11-02T05:44:29.828-0300] {processor.py:154} INFO - Started process (PID=8498) to work on /home/debian/etlhausz/venv/lib/python3.9/site-packages/airflow/example_dags/example_branch_operator_decorator.py
[2022-11-02T05:44:29.828-0300] {processor.py:756} INFO - Processing file /home/debian/etlhausz/venv/lib/python3.9/site-packages/airflow/example_dags/example_branch_operator_decorator.py for tasks to queue
[2022-11-02T05:44:29.829-0300] {logging_mixin.py:120} INFO - [2022-11-02T05:44:29.829-0300] {dagbag.py:537} INFO - Filling up the DagBag from /home/debian/etlhausz/venv/lib/python3.9/site-packages/airflow/example_dags/example_branch_operator_decorator.py
[2022-11-02T05:44:29.855-0300] {processor.py:766} INFO - DAG(s) dict_keys(['example_branch_python_operator_decorator']) retrieved from /home/debian/etlhausz/venv/lib/python3.9/site-packages/airflow/example_dags/example_branch_operator_decorator.py
[2022-11-02T05:44:29.898-0300] {logging_mixin.py:120} INFO - [2022-11-02T05:44:29.898-0300] {dag.py:2585} INFO - Sync 1 DAGs
[2022-11-02T05:44:29.917-0300] {logging_mixin.py:120} INFO - [2022-11-02T05:44:29.917-0300] {dag.py:3336} INFO - Setting next_dagrun for example_branch_python_operator_decorator to 2022-11-01T00:00:00+00:00, run_after=2022-11-02T00:00:00+00:00
[2022-11-02T05:44:29.938-0300] {processor.py:176} INFO - Processing /home/debian/etlhausz/venv/lib/python3.9/site-packages/airflow/example_dags/example_branch_operator_decorator.py took 0.114 seconds
