[2022-11-02T05:41:26.229-0300] {processor.py:154} INFO - Started process (PID=6896) to work on /home/debian/etlhausz/venv/lib/python3.9/site-packages/airflow/example_dags/example_bash_operator.py
[2022-11-02T05:41:26.230-0300] {processor.py:756} INFO - Processing file /home/debian/etlhausz/venv/lib/python3.9/site-packages/airflow/example_dags/example_bash_operator.py for tasks to queue
[2022-11-02T05:41:26.231-0300] {logging_mixin.py:120} INFO - [2022-11-02T05:41:26.230-0300] {dagbag.py:537} INFO - Filling up the DagBag from /home/debian/etlhausz/venv/lib/python3.9/site-packages/airflow/example_dags/example_bash_operator.py
[2022-11-02T05:41:26.250-0300] {processor.py:766} INFO - DAG(s) dict_keys(['example_bash_operator']) retrieved from /home/debian/etlhausz/venv/lib/python3.9/site-packages/airflow/example_dags/example_bash_operator.py
[2022-11-02T05:41:26.296-0300] {logging_mixin.py:120} INFO - [2022-11-02T05:41:26.296-0300] {dag.py:2585} INFO - Sync 1 DAGs
[2022-11-02T05:41:26.320-0300] {logging_mixin.py:120} INFO - [2022-11-02T05:41:26.320-0300] {dag.py:3336} INFO - Setting next_dagrun for example_bash_operator to 2022-11-01T00:00:00+00:00, run_after=2022-11-02T00:00:00+00:00
[2022-11-02T05:41:26.340-0300] {processor.py:176} INFO - Processing /home/debian/etlhausz/venv/lib/python3.9/site-packages/airflow/example_dags/example_bash_operator.py took 0.113 seconds
[2022-11-02T05:41:57.020-0300] {processor.py:154} INFO - Started process (PID=7254) to work on /home/debian/etlhausz/venv/lib/python3.9/site-packages/airflow/example_dags/example_bash_operator.py
[2022-11-02T05:41:57.021-0300] {processor.py:756} INFO - Processing file /home/debian/etlhausz/venv/lib/python3.9/site-packages/airflow/example_dags/example_bash_operator.py for tasks to queue
[2022-11-02T05:41:57.021-0300] {logging_mixin.py:120} INFO - [2022-11-02T05:41:57.021-0300] {dagbag.py:537} INFO - Filling up the DagBag from /home/debian/etlhausz/venv/lib/python3.9/site-packages/airflow/example_dags/example_bash_operator.py
[2022-11-02T05:41:57.040-0300] {processor.py:766} INFO - DAG(s) dict_keys(['example_bash_operator']) retrieved from /home/debian/etlhausz/venv/lib/python3.9/site-packages/airflow/example_dags/example_bash_operator.py
[2022-11-02T05:41:57.084-0300] {logging_mixin.py:120} INFO - [2022-11-02T05:41:57.084-0300] {dag.py:2585} INFO - Sync 1 DAGs
[2022-11-02T05:41:57.107-0300] {logging_mixin.py:120} INFO - [2022-11-02T05:41:57.106-0300] {dag.py:3336} INFO - Setting next_dagrun for example_bash_operator to 2022-11-01T00:00:00+00:00, run_after=2022-11-02T00:00:00+00:00
[2022-11-02T05:41:57.126-0300] {processor.py:176} INFO - Processing /home/debian/etlhausz/venv/lib/python3.9/site-packages/airflow/example_dags/example_bash_operator.py took 0.109 seconds
[2022-11-02T05:42:28.215-0300] {processor.py:154} INFO - Started process (PID=7495) to work on /home/debian/etlhausz/venv/lib/python3.9/site-packages/airflow/example_dags/example_bash_operator.py
[2022-11-02T05:42:28.217-0300] {processor.py:756} INFO - Processing file /home/debian/etlhausz/venv/lib/python3.9/site-packages/airflow/example_dags/example_bash_operator.py for tasks to queue
[2022-11-02T05:42:28.217-0300] {logging_mixin.py:120} INFO - [2022-11-02T05:42:28.217-0300] {dagbag.py:537} INFO - Filling up the DagBag from /home/debian/etlhausz/venv/lib/python3.9/site-packages/airflow/example_dags/example_bash_operator.py
[2022-11-02T05:42:28.240-0300] {processor.py:766} INFO - DAG(s) dict_keys(['example_bash_operator']) retrieved from /home/debian/etlhausz/venv/lib/python3.9/site-packages/airflow/example_dags/example_bash_operator.py
[2022-11-02T05:42:28.297-0300] {logging_mixin.py:120} INFO - [2022-11-02T05:42:28.296-0300] {dag.py:2585} INFO - Sync 1 DAGs
[2022-11-02T05:42:28.320-0300] {logging_mixin.py:120} INFO - [2022-11-02T05:42:28.320-0300] {dag.py:3336} INFO - Setting next_dagrun for example_bash_operator to 2022-11-01T00:00:00+00:00, run_after=2022-11-02T00:00:00+00:00
[2022-11-02T05:42:28.341-0300] {processor.py:176} INFO - Processing /home/debian/etlhausz/venv/lib/python3.9/site-packages/airflow/example_dags/example_bash_operator.py took 0.128 seconds
[2022-11-02T05:42:58.892-0300] {processor.py:154} INFO - Started process (PID=7727) to work on /home/debian/etlhausz/venv/lib/python3.9/site-packages/airflow/example_dags/example_bash_operator.py
[2022-11-02T05:42:58.895-0300] {processor.py:756} INFO - Processing file /home/debian/etlhausz/venv/lib/python3.9/site-packages/airflow/example_dags/example_bash_operator.py for tasks to queue
[2022-11-02T05:42:58.895-0300] {logging_mixin.py:120} INFO - [2022-11-02T05:42:58.895-0300] {dagbag.py:537} INFO - Filling up the DagBag from /home/debian/etlhausz/venv/lib/python3.9/site-packages/airflow/example_dags/example_bash_operator.py
[2022-11-02T05:42:58.916-0300] {processor.py:766} INFO - DAG(s) dict_keys(['example_bash_operator']) retrieved from /home/debian/etlhausz/venv/lib/python3.9/site-packages/airflow/example_dags/example_bash_operator.py
[2022-11-02T05:42:58.991-0300] {logging_mixin.py:120} INFO - [2022-11-02T05:42:58.991-0300] {dag.py:2585} INFO - Sync 1 DAGs
[2022-11-02T05:42:59.013-0300] {logging_mixin.py:120} INFO - [2022-11-02T05:42:59.013-0300] {dag.py:3336} INFO - Setting next_dagrun for example_bash_operator to 2022-11-01T00:00:00+00:00, run_after=2022-11-02T00:00:00+00:00
[2022-11-02T05:42:59.037-0300] {processor.py:176} INFO - Processing /home/debian/etlhausz/venv/lib/python3.9/site-packages/airflow/example_dags/example_bash_operator.py took 0.147 seconds
[2022-11-02T05:43:29.818-0300] {processor.py:154} INFO - Started process (PID=7958) to work on /home/debian/etlhausz/venv/lib/python3.9/site-packages/airflow/example_dags/example_bash_operator.py
[2022-11-02T05:43:29.820-0300] {processor.py:756} INFO - Processing file /home/debian/etlhausz/venv/lib/python3.9/site-packages/airflow/example_dags/example_bash_operator.py for tasks to queue
[2022-11-02T05:43:29.820-0300] {logging_mixin.py:120} INFO - [2022-11-02T05:43:29.820-0300] {dagbag.py:537} INFO - Filling up the DagBag from /home/debian/etlhausz/venv/lib/python3.9/site-packages/airflow/example_dags/example_bash_operator.py
[2022-11-02T05:43:29.842-0300] {processor.py:766} INFO - DAG(s) dict_keys(['example_bash_operator']) retrieved from /home/debian/etlhausz/venv/lib/python3.9/site-packages/airflow/example_dags/example_bash_operator.py
[2022-11-02T05:43:29.903-0300] {logging_mixin.py:120} INFO - [2022-11-02T05:43:29.902-0300] {dag.py:2585} INFO - Sync 1 DAGs
[2022-11-02T05:43:29.928-0300] {logging_mixin.py:120} INFO - [2022-11-02T05:43:29.927-0300] {dag.py:3336} INFO - Setting next_dagrun for example_bash_operator to 2022-11-01T00:00:00+00:00, run_after=2022-11-02T00:00:00+00:00
[2022-11-02T05:43:29.982-0300] {processor.py:176} INFO - Processing /home/debian/etlhausz/venv/lib/python3.9/site-packages/airflow/example_dags/example_bash_operator.py took 0.167 seconds
[2022-11-02T05:44:00.807-0300] {processor.py:154} INFO - Started process (PID=8233) to work on /home/debian/etlhausz/venv/lib/python3.9/site-packages/airflow/example_dags/example_bash_operator.py
[2022-11-02T05:44:00.808-0300] {processor.py:756} INFO - Processing file /home/debian/etlhausz/venv/lib/python3.9/site-packages/airflow/example_dags/example_bash_operator.py for tasks to queue
[2022-11-02T05:44:00.812-0300] {logging_mixin.py:120} INFO - [2022-11-02T05:44:00.812-0300] {dagbag.py:537} INFO - Filling up the DagBag from /home/debian/etlhausz/venv/lib/python3.9/site-packages/airflow/example_dags/example_bash_operator.py
[2022-11-02T05:44:00.834-0300] {processor.py:766} INFO - DAG(s) dict_keys(['example_bash_operator']) retrieved from /home/debian/etlhausz/venv/lib/python3.9/site-packages/airflow/example_dags/example_bash_operator.py
[2022-11-02T05:44:00.902-0300] {logging_mixin.py:120} INFO - [2022-11-02T05:44:00.902-0300] {dag.py:2585} INFO - Sync 1 DAGs
[2022-11-02T05:44:00.922-0300] {logging_mixin.py:120} INFO - [2022-11-02T05:44:00.922-0300] {dag.py:3336} INFO - Setting next_dagrun for example_bash_operator to 2022-11-01T00:00:00+00:00, run_after=2022-11-02T00:00:00+00:00
[2022-11-02T05:44:00.940-0300] {processor.py:176} INFO - Processing /home/debian/etlhausz/venv/lib/python3.9/site-packages/airflow/example_dags/example_bash_operator.py took 0.137 seconds
[2022-11-02T05:44:32.347-0300] {processor.py:154} INFO - Started process (PID=8609) to work on /home/debian/etlhausz/venv/lib/python3.9/site-packages/airflow/example_dags/example_bash_operator.py
[2022-11-02T05:44:32.348-0300] {processor.py:756} INFO - Processing file /home/debian/etlhausz/venv/lib/python3.9/site-packages/airflow/example_dags/example_bash_operator.py for tasks to queue
[2022-11-02T05:44:32.349-0300] {logging_mixin.py:120} INFO - [2022-11-02T05:44:32.349-0300] {dagbag.py:537} INFO - Filling up the DagBag from /home/debian/etlhausz/venv/lib/python3.9/site-packages/airflow/example_dags/example_bash_operator.py
[2022-11-02T05:44:32.397-0300] {processor.py:766} INFO - DAG(s) dict_keys(['example_bash_operator']) retrieved from /home/debian/etlhausz/venv/lib/python3.9/site-packages/airflow/example_dags/example_bash_operator.py
[2022-11-02T05:44:32.484-0300] {logging_mixin.py:120} INFO - [2022-11-02T05:44:32.484-0300] {dag.py:2585} INFO - Sync 1 DAGs
[2022-11-02T05:44:32.505-0300] {logging_mixin.py:120} INFO - [2022-11-02T05:44:32.505-0300] {dag.py:3336} INFO - Setting next_dagrun for example_bash_operator to 2022-11-01T00:00:00+00:00, run_after=2022-11-02T00:00:00+00:00
[2022-11-02T05:44:32.527-0300] {processor.py:176} INFO - Processing /home/debian/etlhausz/venv/lib/python3.9/site-packages/airflow/example_dags/example_bash_operator.py took 0.186 seconds
