[2022-11-02T05:41:25.471-0300] {processor.py:154} INFO - Started process (PID=6842) to work on /home/debian/etlhausz/venv/lib/python3.9/site-packages/airflow/example_dags/example_complex.py
[2022-11-02T05:41:25.472-0300] {processor.py:756} INFO - Processing file /home/debian/etlhausz/venv/lib/python3.9/site-packages/airflow/example_dags/example_complex.py for tasks to queue
[2022-11-02T05:41:25.472-0300] {logging_mixin.py:120} INFO - [2022-11-02T05:41:25.472-0300] {dagbag.py:537} INFO - Filling up the DagBag from /home/debian/etlhausz/venv/lib/python3.9/site-packages/airflow/example_dags/example_complex.py
[2022-11-02T05:41:25.482-0300] {logging_mixin.py:120} INFO - [2022-11-02T05:41:25.481-0300] {taskmixin.py:205} WARNING - Dependency <Task(BashOperator): create_entry_group>, delete_entry_group already registered for DAG: example_complex
[2022-11-02T05:41:25.482-0300] {logging_mixin.py:120} INFO - [2022-11-02T05:41:25.482-0300] {taskmixin.py:205} WARNING - Dependency <Task(BashOperator): delete_entry_group>, create_entry_group already registered for DAG: example_complex
[2022-11-02T05:41:25.482-0300] {logging_mixin.py:120} INFO - [2022-11-02T05:41:25.482-0300] {taskmixin.py:205} WARNING - Dependency <Task(BashOperator): create_entry_gcs>, delete_entry already registered for DAG: example_complex
[2022-11-02T05:41:25.482-0300] {logging_mixin.py:120} INFO - [2022-11-02T05:41:25.482-0300] {taskmixin.py:205} WARNING - Dependency <Task(BashOperator): delete_entry>, create_entry_gcs already registered for DAG: example_complex
[2022-11-02T05:41:25.482-0300] {logging_mixin.py:120} INFO - [2022-11-02T05:41:25.482-0300] {taskmixin.py:205} WARNING - Dependency <Task(BashOperator): create_tag>, delete_tag already registered for DAG: example_complex
[2022-11-02T05:41:25.482-0300] {logging_mixin.py:120} INFO - [2022-11-02T05:41:25.482-0300] {taskmixin.py:205} WARNING - Dependency <Task(BashOperator): delete_tag>, create_tag already registered for DAG: example_complex
[2022-11-02T05:41:25.513-0300] {processor.py:766} INFO - DAG(s) dict_keys(['example_complex']) retrieved from /home/debian/etlhausz/venv/lib/python3.9/site-packages/airflow/example_dags/example_complex.py
[2022-11-02T05:41:25.559-0300] {logging_mixin.py:120} INFO - [2022-11-02T05:41:25.559-0300] {dag.py:2585} INFO - Sync 1 DAGs
[2022-11-02T05:41:25.580-0300] {logging_mixin.py:120} INFO - [2022-11-02T05:41:25.580-0300] {dag.py:3336} INFO - Setting next_dagrun for example_complex to None, run_after=None
[2022-11-02T05:41:25.601-0300] {processor.py:176} INFO - Processing /home/debian/etlhausz/venv/lib/python3.9/site-packages/airflow/example_dags/example_complex.py took 0.133 seconds
[2022-11-02T05:41:56.375-0300] {processor.py:154} INFO - Started process (PID=7202) to work on /home/debian/etlhausz/venv/lib/python3.9/site-packages/airflow/example_dags/example_complex.py
[2022-11-02T05:41:56.376-0300] {processor.py:756} INFO - Processing file /home/debian/etlhausz/venv/lib/python3.9/site-packages/airflow/example_dags/example_complex.py for tasks to queue
[2022-11-02T05:41:56.376-0300] {logging_mixin.py:120} INFO - [2022-11-02T05:41:56.376-0300] {dagbag.py:537} INFO - Filling up the DagBag from /home/debian/etlhausz/venv/lib/python3.9/site-packages/airflow/example_dags/example_complex.py
[2022-11-02T05:41:56.386-0300] {logging_mixin.py:120} INFO - [2022-11-02T05:41:56.386-0300] {taskmixin.py:205} WARNING - Dependency <Task(BashOperator): create_entry_group>, delete_entry_group already registered for DAG: example_complex
[2022-11-02T05:41:56.386-0300] {logging_mixin.py:120} INFO - [2022-11-02T05:41:56.386-0300] {taskmixin.py:205} WARNING - Dependency <Task(BashOperator): delete_entry_group>, create_entry_group already registered for DAG: example_complex
[2022-11-02T05:41:56.386-0300] {logging_mixin.py:120} INFO - [2022-11-02T05:41:56.386-0300] {taskmixin.py:205} WARNING - Dependency <Task(BashOperator): create_entry_gcs>, delete_entry already registered for DAG: example_complex
[2022-11-02T05:41:56.387-0300] {logging_mixin.py:120} INFO - [2022-11-02T05:41:56.386-0300] {taskmixin.py:205} WARNING - Dependency <Task(BashOperator): delete_entry>, create_entry_gcs already registered for DAG: example_complex
[2022-11-02T05:41:56.387-0300] {logging_mixin.py:120} INFO - [2022-11-02T05:41:56.387-0300] {taskmixin.py:205} WARNING - Dependency <Task(BashOperator): create_tag>, delete_tag already registered for DAG: example_complex
[2022-11-02T05:41:56.387-0300] {logging_mixin.py:120} INFO - [2022-11-02T05:41:56.387-0300] {taskmixin.py:205} WARNING - Dependency <Task(BashOperator): delete_tag>, create_tag already registered for DAG: example_complex
[2022-11-02T05:41:56.392-0300] {processor.py:766} INFO - DAG(s) dict_keys(['example_complex']) retrieved from /home/debian/etlhausz/venv/lib/python3.9/site-packages/airflow/example_dags/example_complex.py
[2022-11-02T05:41:56.456-0300] {logging_mixin.py:120} INFO - [2022-11-02T05:41:56.456-0300] {dag.py:2585} INFO - Sync 1 DAGs
[2022-11-02T05:41:56.476-0300] {logging_mixin.py:120} INFO - [2022-11-02T05:41:56.476-0300] {dag.py:3336} INFO - Setting next_dagrun for example_complex to None, run_after=None
[2022-11-02T05:41:56.498-0300] {processor.py:176} INFO - Processing /home/debian/etlhausz/venv/lib/python3.9/site-packages/airflow/example_dags/example_complex.py took 0.125 seconds
[2022-11-02T05:42:27.149-0300] {processor.py:154} INFO - Started process (PID=7434) to work on /home/debian/etlhausz/venv/lib/python3.9/site-packages/airflow/example_dags/example_complex.py
[2022-11-02T05:42:27.152-0300] {processor.py:756} INFO - Processing file /home/debian/etlhausz/venv/lib/python3.9/site-packages/airflow/example_dags/example_complex.py for tasks to queue
[2022-11-02T05:42:27.153-0300] {logging_mixin.py:120} INFO - [2022-11-02T05:42:27.153-0300] {dagbag.py:537} INFO - Filling up the DagBag from /home/debian/etlhausz/venv/lib/python3.9/site-packages/airflow/example_dags/example_complex.py
[2022-11-02T05:42:27.163-0300] {logging_mixin.py:120} INFO - [2022-11-02T05:42:27.162-0300] {taskmixin.py:205} WARNING - Dependency <Task(BashOperator): create_entry_group>, delete_entry_group already registered for DAG: example_complex
[2022-11-02T05:42:27.163-0300] {logging_mixin.py:120} INFO - [2022-11-02T05:42:27.163-0300] {taskmixin.py:205} WARNING - Dependency <Task(BashOperator): delete_entry_group>, create_entry_group already registered for DAG: example_complex
[2022-11-02T05:42:27.163-0300] {logging_mixin.py:120} INFO - [2022-11-02T05:42:27.163-0300] {taskmixin.py:205} WARNING - Dependency <Task(BashOperator): create_entry_gcs>, delete_entry already registered for DAG: example_complex
[2022-11-02T05:42:27.163-0300] {logging_mixin.py:120} INFO - [2022-11-02T05:42:27.163-0300] {taskmixin.py:205} WARNING - Dependency <Task(BashOperator): delete_entry>, create_entry_gcs already registered for DAG: example_complex
[2022-11-02T05:42:27.163-0300] {logging_mixin.py:120} INFO - [2022-11-02T05:42:27.163-0300] {taskmixin.py:205} WARNING - Dependency <Task(BashOperator): create_tag>, delete_tag already registered for DAG: example_complex
[2022-11-02T05:42:27.163-0300] {logging_mixin.py:120} INFO - [2022-11-02T05:42:27.163-0300] {taskmixin.py:205} WARNING - Dependency <Task(BashOperator): delete_tag>, create_tag already registered for DAG: example_complex
[2022-11-02T05:42:27.173-0300] {processor.py:766} INFO - DAG(s) dict_keys(['example_complex']) retrieved from /home/debian/etlhausz/venv/lib/python3.9/site-packages/airflow/example_dags/example_complex.py
[2022-11-02T05:42:27.280-0300] {logging_mixin.py:120} INFO - [2022-11-02T05:42:27.280-0300] {dag.py:2585} INFO - Sync 1 DAGs
[2022-11-02T05:42:27.325-0300] {logging_mixin.py:120} INFO - [2022-11-02T05:42:27.324-0300] {dag.py:3336} INFO - Setting next_dagrun for example_complex to None, run_after=None
[2022-11-02T05:42:27.364-0300] {processor.py:176} INFO - Processing /home/debian/etlhausz/venv/lib/python3.9/site-packages/airflow/example_dags/example_complex.py took 0.218 seconds
[2022-11-02T05:42:58.197-0300] {processor.py:154} INFO - Started process (PID=7675) to work on /home/debian/etlhausz/venv/lib/python3.9/site-packages/airflow/example_dags/example_complex.py
[2022-11-02T05:42:58.198-0300] {processor.py:756} INFO - Processing file /home/debian/etlhausz/venv/lib/python3.9/site-packages/airflow/example_dags/example_complex.py for tasks to queue
[2022-11-02T05:42:58.199-0300] {logging_mixin.py:120} INFO - [2022-11-02T05:42:58.199-0300] {dagbag.py:537} INFO - Filling up the DagBag from /home/debian/etlhausz/venv/lib/python3.9/site-packages/airflow/example_dags/example_complex.py
[2022-11-02T05:42:58.207-0300] {logging_mixin.py:120} INFO - [2022-11-02T05:42:58.207-0300] {taskmixin.py:205} WARNING - Dependency <Task(BashOperator): create_entry_group>, delete_entry_group already registered for DAG: example_complex
[2022-11-02T05:42:58.207-0300] {logging_mixin.py:120} INFO - [2022-11-02T05:42:58.207-0300] {taskmixin.py:205} WARNING - Dependency <Task(BashOperator): delete_entry_group>, create_entry_group already registered for DAG: example_complex
[2022-11-02T05:42:58.208-0300] {logging_mixin.py:120} INFO - [2022-11-02T05:42:58.208-0300] {taskmixin.py:205} WARNING - Dependency <Task(BashOperator): create_entry_gcs>, delete_entry already registered for DAG: example_complex
[2022-11-02T05:42:58.208-0300] {logging_mixin.py:120} INFO - [2022-11-02T05:42:58.208-0300] {taskmixin.py:205} WARNING - Dependency <Task(BashOperator): delete_entry>, create_entry_gcs already registered for DAG: example_complex
[2022-11-02T05:42:58.208-0300] {logging_mixin.py:120} INFO - [2022-11-02T05:42:58.208-0300] {taskmixin.py:205} WARNING - Dependency <Task(BashOperator): create_tag>, delete_tag already registered for DAG: example_complex
[2022-11-02T05:42:58.208-0300] {logging_mixin.py:120} INFO - [2022-11-02T05:42:58.208-0300] {taskmixin.py:205} WARNING - Dependency <Task(BashOperator): delete_tag>, create_tag already registered for DAG: example_complex
[2022-11-02T05:42:58.213-0300] {processor.py:766} INFO - DAG(s) dict_keys(['example_complex']) retrieved from /home/debian/etlhausz/venv/lib/python3.9/site-packages/airflow/example_dags/example_complex.py
[2022-11-02T05:42:58.257-0300] {logging_mixin.py:120} INFO - [2022-11-02T05:42:58.256-0300] {dag.py:2585} INFO - Sync 1 DAGs
[2022-11-02T05:42:58.273-0300] {logging_mixin.py:120} INFO - [2022-11-02T05:42:58.273-0300] {dag.py:3336} INFO - Setting next_dagrun for example_complex to None, run_after=None
[2022-11-02T05:42:58.298-0300] {processor.py:176} INFO - Processing /home/debian/etlhausz/venv/lib/python3.9/site-packages/airflow/example_dags/example_complex.py took 0.103 seconds
[2022-11-02T05:43:29.072-0300] {processor.py:154} INFO - Started process (PID=7906) to work on /home/debian/etlhausz/venv/lib/python3.9/site-packages/airflow/example_dags/example_complex.py
[2022-11-02T05:43:29.074-0300] {processor.py:756} INFO - Processing file /home/debian/etlhausz/venv/lib/python3.9/site-packages/airflow/example_dags/example_complex.py for tasks to queue
[2022-11-02T05:43:29.075-0300] {logging_mixin.py:120} INFO - [2022-11-02T05:43:29.075-0300] {dagbag.py:537} INFO - Filling up the DagBag from /home/debian/etlhausz/venv/lib/python3.9/site-packages/airflow/example_dags/example_complex.py
[2022-11-02T05:43:29.085-0300] {logging_mixin.py:120} INFO - [2022-11-02T05:43:29.085-0300] {taskmixin.py:205} WARNING - Dependency <Task(BashOperator): create_entry_group>, delete_entry_group already registered for DAG: example_complex
[2022-11-02T05:43:29.086-0300] {logging_mixin.py:120} INFO - [2022-11-02T05:43:29.085-0300] {taskmixin.py:205} WARNING - Dependency <Task(BashOperator): delete_entry_group>, create_entry_group already registered for DAG: example_complex
[2022-11-02T05:43:29.086-0300] {logging_mixin.py:120} INFO - [2022-11-02T05:43:29.086-0300] {taskmixin.py:205} WARNING - Dependency <Task(BashOperator): create_entry_gcs>, delete_entry already registered for DAG: example_complex
[2022-11-02T05:43:29.087-0300] {logging_mixin.py:120} INFO - [2022-11-02T05:43:29.086-0300] {taskmixin.py:205} WARNING - Dependency <Task(BashOperator): delete_entry>, create_entry_gcs already registered for DAG: example_complex
[2022-11-02T05:43:29.087-0300] {logging_mixin.py:120} INFO - [2022-11-02T05:43:29.087-0300] {taskmixin.py:205} WARNING - Dependency <Task(BashOperator): create_tag>, delete_tag already registered for DAG: example_complex
[2022-11-02T05:43:29.087-0300] {logging_mixin.py:120} INFO - [2022-11-02T05:43:29.087-0300] {taskmixin.py:205} WARNING - Dependency <Task(BashOperator): delete_tag>, create_tag already registered for DAG: example_complex
[2022-11-02T05:43:29.094-0300] {processor.py:766} INFO - DAG(s) dict_keys(['example_complex']) retrieved from /home/debian/etlhausz/venv/lib/python3.9/site-packages/airflow/example_dags/example_complex.py
[2022-11-02T05:43:29.137-0300] {logging_mixin.py:120} INFO - [2022-11-02T05:43:29.137-0300] {dag.py:2585} INFO - Sync 1 DAGs
[2022-11-02T05:43:29.154-0300] {logging_mixin.py:120} INFO - [2022-11-02T05:43:29.154-0300] {dag.py:3336} INFO - Setting next_dagrun for example_complex to None, run_after=None
[2022-11-02T05:43:29.179-0300] {processor.py:176} INFO - Processing /home/debian/etlhausz/venv/lib/python3.9/site-packages/airflow/example_dags/example_complex.py took 0.110 seconds
[2022-11-02T05:44:00.199-0300] {processor.py:154} INFO - Started process (PID=8181) to work on /home/debian/etlhausz/venv/lib/python3.9/site-packages/airflow/example_dags/example_complex.py
[2022-11-02T05:44:00.200-0300] {processor.py:756} INFO - Processing file /home/debian/etlhausz/venv/lib/python3.9/site-packages/airflow/example_dags/example_complex.py for tasks to queue
[2022-11-02T05:44:00.200-0300] {logging_mixin.py:120} INFO - [2022-11-02T05:44:00.200-0300] {dagbag.py:537} INFO - Filling up the DagBag from /home/debian/etlhausz/venv/lib/python3.9/site-packages/airflow/example_dags/example_complex.py
[2022-11-02T05:44:00.210-0300] {logging_mixin.py:120} INFO - [2022-11-02T05:44:00.209-0300] {taskmixin.py:205} WARNING - Dependency <Task(BashOperator): create_entry_group>, delete_entry_group already registered for DAG: example_complex
[2022-11-02T05:44:00.210-0300] {logging_mixin.py:120} INFO - [2022-11-02T05:44:00.210-0300] {taskmixin.py:205} WARNING - Dependency <Task(BashOperator): delete_entry_group>, create_entry_group already registered for DAG: example_complex
[2022-11-02T05:44:00.210-0300] {logging_mixin.py:120} INFO - [2022-11-02T05:44:00.210-0300] {taskmixin.py:205} WARNING - Dependency <Task(BashOperator): create_entry_gcs>, delete_entry already registered for DAG: example_complex
[2022-11-02T05:44:00.210-0300] {logging_mixin.py:120} INFO - [2022-11-02T05:44:00.210-0300] {taskmixin.py:205} WARNING - Dependency <Task(BashOperator): delete_entry>, create_entry_gcs already registered for DAG: example_complex
[2022-11-02T05:44:00.210-0300] {logging_mixin.py:120} INFO - [2022-11-02T05:44:00.210-0300] {taskmixin.py:205} WARNING - Dependency <Task(BashOperator): create_tag>, delete_tag already registered for DAG: example_complex
[2022-11-02T05:44:00.211-0300] {logging_mixin.py:120} INFO - [2022-11-02T05:44:00.211-0300] {taskmixin.py:205} WARNING - Dependency <Task(BashOperator): delete_tag>, create_tag already registered for DAG: example_complex
[2022-11-02T05:44:00.216-0300] {processor.py:766} INFO - DAG(s) dict_keys(['example_complex']) retrieved from /home/debian/etlhausz/venv/lib/python3.9/site-packages/airflow/example_dags/example_complex.py
[2022-11-02T05:44:00.261-0300] {logging_mixin.py:120} INFO - [2022-11-02T05:44:00.261-0300] {dag.py:2585} INFO - Sync 1 DAGs
[2022-11-02T05:44:00.280-0300] {logging_mixin.py:120} INFO - [2022-11-02T05:44:00.280-0300] {dag.py:3336} INFO - Setting next_dagrun for example_complex to None, run_after=None
[2022-11-02T05:44:00.302-0300] {processor.py:176} INFO - Processing /home/debian/etlhausz/venv/lib/python3.9/site-packages/airflow/example_dags/example_complex.py took 0.106 seconds
[2022-11-02T05:44:30.908-0300] {processor.py:154} INFO - Started process (PID=8550) to work on /home/debian/etlhausz/venv/lib/python3.9/site-packages/airflow/example_dags/example_complex.py
[2022-11-02T05:44:30.910-0300] {processor.py:756} INFO - Processing file /home/debian/etlhausz/venv/lib/python3.9/site-packages/airflow/example_dags/example_complex.py for tasks to queue
[2022-11-02T05:44:30.910-0300] {logging_mixin.py:120} INFO - [2022-11-02T05:44:30.910-0300] {dagbag.py:537} INFO - Filling up the DagBag from /home/debian/etlhausz/venv/lib/python3.9/site-packages/airflow/example_dags/example_complex.py
[2022-11-02T05:44:30.926-0300] {logging_mixin.py:120} INFO - [2022-11-02T05:44:30.925-0300] {taskmixin.py:205} WARNING - Dependency <Task(BashOperator): create_entry_group>, delete_entry_group already registered for DAG: example_complex
[2022-11-02T05:44:30.926-0300] {logging_mixin.py:120} INFO - [2022-11-02T05:44:30.926-0300] {taskmixin.py:205} WARNING - Dependency <Task(BashOperator): delete_entry_group>, create_entry_group already registered for DAG: example_complex
[2022-11-02T05:44:30.926-0300] {logging_mixin.py:120} INFO - [2022-11-02T05:44:30.926-0300] {taskmixin.py:205} WARNING - Dependency <Task(BashOperator): create_entry_gcs>, delete_entry already registered for DAG: example_complex
[2022-11-02T05:44:30.926-0300] {logging_mixin.py:120} INFO - [2022-11-02T05:44:30.926-0300] {taskmixin.py:205} WARNING - Dependency <Task(BashOperator): delete_entry>, create_entry_gcs already registered for DAG: example_complex
[2022-11-02T05:44:30.926-0300] {logging_mixin.py:120} INFO - [2022-11-02T05:44:30.926-0300] {taskmixin.py:205} WARNING - Dependency <Task(BashOperator): create_tag>, delete_tag already registered for DAG: example_complex
[2022-11-02T05:44:30.926-0300] {logging_mixin.py:120} INFO - [2022-11-02T05:44:30.926-0300] {taskmixin.py:205} WARNING - Dependency <Task(BashOperator): delete_tag>, create_tag already registered for DAG: example_complex
[2022-11-02T05:44:30.932-0300] {processor.py:766} INFO - DAG(s) dict_keys(['example_complex']) retrieved from /home/debian/etlhausz/venv/lib/python3.9/site-packages/airflow/example_dags/example_complex.py
[2022-11-02T05:44:30.990-0300] {logging_mixin.py:120} INFO - [2022-11-02T05:44:30.990-0300] {dag.py:2585} INFO - Sync 1 DAGs
[2022-11-02T05:44:31.010-0300] {logging_mixin.py:120} INFO - [2022-11-02T05:44:31.009-0300] {dag.py:3336} INFO - Setting next_dagrun for example_complex to None, run_after=None
[2022-11-02T05:44:31.044-0300] {processor.py:176} INFO - Processing /home/debian/etlhausz/venv/lib/python3.9/site-packages/airflow/example_dags/example_complex.py took 0.141 seconds
