[2022-11-02T05:35:01.460-0300] {processor.py:154} INFO - Started process (PID=4763) to work on /home/debian/etlhausz/venv/lib/python3.9/site-packages/airflow/example_dags/example_branch_python_dop_operator_3.py
[2022-11-02T05:35:01.461-0300] {processor.py:756} INFO - Processing file /home/debian/etlhausz/venv/lib/python3.9/site-packages/airflow/example_dags/example_branch_python_dop_operator_3.py for tasks to queue
[2022-11-02T05:35:01.462-0300] {logging_mixin.py:120} INFO - [2022-11-02T05:35:01.462-0300] {dagbag.py:537} INFO - Filling up the DagBag from /home/debian/etlhausz/venv/lib/python3.9/site-packages/airflow/example_dags/example_branch_python_dop_operator_3.py
[2022-11-02T05:35:01.520-0300] {processor.py:766} INFO - DAG(s) dict_keys(['example_branch_dop_operator_v3']) retrieved from /home/debian/etlhausz/venv/lib/python3.9/site-packages/airflow/example_dags/example_branch_python_dop_operator_3.py
[2022-11-02T05:35:01.696-0300] {logging_mixin.py:120} INFO - [2022-11-02T05:35:01.696-0300] {manager.py:507} INFO - Created Permission View: can read on DAG:example_branch_dop_operator_v3
[2022-11-02T05:35:01.714-0300] {logging_mixin.py:120} INFO - [2022-11-02T05:35:01.713-0300] {manager.py:507} INFO - Created Permission View: can edit on DAG:example_branch_dop_operator_v3
[2022-11-02T05:35:01.733-0300] {logging_mixin.py:120} INFO - [2022-11-02T05:35:01.731-0300] {manager.py:507} INFO - Created Permission View: can delete on DAG:example_branch_dop_operator_v3
[2022-11-02T05:35:01.734-0300] {logging_mixin.py:120} INFO - [2022-11-02T05:35:01.734-0300] {dag.py:2585} INFO - Sync 1 DAGs
[2022-11-02T05:35:01.752-0300] {logging_mixin.py:120} INFO - [2022-11-02T05:35:01.752-0300] {dag.py:2606} INFO - Creating ORM DAG for example_branch_dop_operator_v3
[2022-11-02T05:35:01.782-0300] {logging_mixin.py:120} INFO - [2022-11-02T05:35:01.782-0300] {dag.py:3336} INFO - Setting next_dagrun for example_branch_dop_operator_v3 to 2022-11-02T08:34:00+00:00, run_after=2022-11-02T08:35:00+00:00
[2022-11-02T05:35:01.816-0300] {processor.py:176} INFO - Processing /home/debian/etlhausz/venv/lib/python3.9/site-packages/airflow/example_dags/example_branch_python_dop_operator_3.py took 0.368 seconds
[2022-11-02T05:41:24.023-0300] {processor.py:154} INFO - Started process (PID=6752) to work on /home/debian/etlhausz/venv/lib/python3.9/site-packages/airflow/example_dags/example_branch_python_dop_operator_3.py
[2022-11-02T05:41:24.035-0300] {processor.py:756} INFO - Processing file /home/debian/etlhausz/venv/lib/python3.9/site-packages/airflow/example_dags/example_branch_python_dop_operator_3.py for tasks to queue
[2022-11-02T05:41:24.036-0300] {logging_mixin.py:120} INFO - [2022-11-02T05:41:24.036-0300] {dagbag.py:537} INFO - Filling up the DagBag from /home/debian/etlhausz/venv/lib/python3.9/site-packages/airflow/example_dags/example_branch_python_dop_operator_3.py
[2022-11-02T05:41:24.121-0300] {processor.py:766} INFO - DAG(s) dict_keys(['example_branch_dop_operator_v3']) retrieved from /home/debian/etlhausz/venv/lib/python3.9/site-packages/airflow/example_dags/example_branch_python_dop_operator_3.py
[2022-11-02T05:41:24.242-0300] {logging_mixin.py:120} INFO - [2022-11-02T05:41:24.242-0300] {dag.py:2585} INFO - Sync 1 DAGs
[2022-11-02T05:41:24.291-0300] {logging_mixin.py:120} INFO - [2022-11-02T05:41:24.291-0300] {dag.py:3336} INFO - Setting next_dagrun for example_branch_dop_operator_v3 to 2022-11-02T08:40:00+00:00, run_after=2022-11-02T08:41:00+00:00
[2022-11-02T05:41:24.321-0300] {processor.py:176} INFO - Processing /home/debian/etlhausz/venv/lib/python3.9/site-packages/airflow/example_dags/example_branch_python_dop_operator_3.py took 0.302 seconds
[2022-11-02T05:41:55.161-0300] {processor.py:154} INFO - Started process (PID=7107) to work on /home/debian/etlhausz/venv/lib/python3.9/site-packages/airflow/example_dags/example_branch_python_dop_operator_3.py
[2022-11-02T05:41:55.163-0300] {processor.py:756} INFO - Processing file /home/debian/etlhausz/venv/lib/python3.9/site-packages/airflow/example_dags/example_branch_python_dop_operator_3.py for tasks to queue
[2022-11-02T05:41:55.164-0300] {logging_mixin.py:120} INFO - [2022-11-02T05:41:55.164-0300] {dagbag.py:537} INFO - Filling up the DagBag from /home/debian/etlhausz/venv/lib/python3.9/site-packages/airflow/example_dags/example_branch_python_dop_operator_3.py
[2022-11-02T05:41:55.212-0300] {processor.py:766} INFO - DAG(s) dict_keys(['example_branch_dop_operator_v3']) retrieved from /home/debian/etlhausz/venv/lib/python3.9/site-packages/airflow/example_dags/example_branch_python_dop_operator_3.py
[2022-11-02T05:41:55.294-0300] {logging_mixin.py:120} INFO - [2022-11-02T05:41:55.294-0300] {dag.py:2585} INFO - Sync 1 DAGs
[2022-11-02T05:41:55.322-0300] {logging_mixin.py:120} INFO - [2022-11-02T05:41:55.322-0300] {dag.py:3336} INFO - Setting next_dagrun for example_branch_dop_operator_v3 to 2022-11-02T08:40:00+00:00, run_after=2022-11-02T08:41:00+00:00
[2022-11-02T05:41:55.374-0300] {processor.py:176} INFO - Processing /home/debian/etlhausz/venv/lib/python3.9/site-packages/airflow/example_dags/example_branch_python_dop_operator_3.py took 0.225 seconds
[2022-11-02T05:42:25.897-0300] {processor.py:154} INFO - Started process (PID=7339) to work on /home/debian/etlhausz/venv/lib/python3.9/site-packages/airflow/example_dags/example_branch_python_dop_operator_3.py
[2022-11-02T05:42:25.899-0300] {processor.py:756} INFO - Processing file /home/debian/etlhausz/venv/lib/python3.9/site-packages/airflow/example_dags/example_branch_python_dop_operator_3.py for tasks to queue
[2022-11-02T05:42:25.899-0300] {logging_mixin.py:120} INFO - [2022-11-02T05:42:25.899-0300] {dagbag.py:537} INFO - Filling up the DagBag from /home/debian/etlhausz/venv/lib/python3.9/site-packages/airflow/example_dags/example_branch_python_dop_operator_3.py
[2022-11-02T05:42:25.920-0300] {processor.py:766} INFO - DAG(s) dict_keys(['example_branch_dop_operator_v3']) retrieved from /home/debian/etlhausz/venv/lib/python3.9/site-packages/airflow/example_dags/example_branch_python_dop_operator_3.py
[2022-11-02T05:42:25.966-0300] {logging_mixin.py:120} INFO - [2022-11-02T05:42:25.965-0300] {dag.py:2585} INFO - Sync 1 DAGs
[2022-11-02T05:42:25.988-0300] {logging_mixin.py:120} INFO - [2022-11-02T05:42:25.988-0300] {dag.py:3336} INFO - Setting next_dagrun for example_branch_dop_operator_v3 to 2022-11-02T08:41:00+00:00, run_after=2022-11-02T08:42:00+00:00
[2022-11-02T05:42:26.014-0300] {processor.py:176} INFO - Processing /home/debian/etlhausz/venv/lib/python3.9/site-packages/airflow/example_dags/example_branch_python_dop_operator_3.py took 0.120 seconds
[2022-11-02T05:42:56.076-0300] {processor.py:154} INFO - Started process (PID=7579) to work on /home/debian/etlhausz/venv/lib/python3.9/site-packages/airflow/example_dags/example_branch_python_dop_operator_3.py
[2022-11-02T05:42:56.076-0300] {processor.py:756} INFO - Processing file /home/debian/etlhausz/venv/lib/python3.9/site-packages/airflow/example_dags/example_branch_python_dop_operator_3.py for tasks to queue
[2022-11-02T05:42:56.077-0300] {logging_mixin.py:120} INFO - [2022-11-02T05:42:56.077-0300] {dagbag.py:537} INFO - Filling up the DagBag from /home/debian/etlhausz/venv/lib/python3.9/site-packages/airflow/example_dags/example_branch_python_dop_operator_3.py
[2022-11-02T05:42:56.096-0300] {processor.py:766} INFO - DAG(s) dict_keys(['example_branch_dop_operator_v3']) retrieved from /home/debian/etlhausz/venv/lib/python3.9/site-packages/airflow/example_dags/example_branch_python_dop_operator_3.py
[2022-11-02T05:42:56.133-0300] {logging_mixin.py:120} INFO - [2022-11-02T05:42:56.133-0300] {dag.py:2585} INFO - Sync 1 DAGs
[2022-11-02T05:42:56.152-0300] {logging_mixin.py:120} INFO - [2022-11-02T05:42:56.151-0300] {dag.py:3336} INFO - Setting next_dagrun for example_branch_dop_operator_v3 to 2022-11-02T08:41:00+00:00, run_after=2022-11-02T08:42:00+00:00
[2022-11-02T05:42:56.172-0300] {processor.py:176} INFO - Processing /home/debian/etlhausz/venv/lib/python3.9/site-packages/airflow/example_dags/example_branch_python_dop_operator_3.py took 0.099 seconds
[2022-11-02T05:43:26.918-0300] {processor.py:154} INFO - Started process (PID=7811) to work on /home/debian/etlhausz/venv/lib/python3.9/site-packages/airflow/example_dags/example_branch_python_dop_operator_3.py
[2022-11-02T05:43:26.919-0300] {processor.py:756} INFO - Processing file /home/debian/etlhausz/venv/lib/python3.9/site-packages/airflow/example_dags/example_branch_python_dop_operator_3.py for tasks to queue
[2022-11-02T05:43:26.920-0300] {logging_mixin.py:120} INFO - [2022-11-02T05:43:26.920-0300] {dagbag.py:537} INFO - Filling up the DagBag from /home/debian/etlhausz/venv/lib/python3.9/site-packages/airflow/example_dags/example_branch_python_dop_operator_3.py
[2022-11-02T05:43:26.942-0300] {processor.py:766} INFO - DAG(s) dict_keys(['example_branch_dop_operator_v3']) retrieved from /home/debian/etlhausz/venv/lib/python3.9/site-packages/airflow/example_dags/example_branch_python_dop_operator_3.py
[2022-11-02T05:43:26.983-0300] {logging_mixin.py:120} INFO - [2022-11-02T05:43:26.983-0300] {dag.py:2585} INFO - Sync 1 DAGs
[2022-11-02T05:43:27.008-0300] {logging_mixin.py:120} INFO - [2022-11-02T05:43:27.008-0300] {dag.py:3336} INFO - Setting next_dagrun for example_branch_dop_operator_v3 to 2022-11-02T08:42:00+00:00, run_after=2022-11-02T08:43:00+00:00
[2022-11-02T05:43:27.027-0300] {processor.py:176} INFO - Processing /home/debian/etlhausz/venv/lib/python3.9/site-packages/airflow/example_dags/example_branch_python_dop_operator_3.py took 0.112 seconds
[2022-11-02T05:43:59.026-0300] {processor.py:154} INFO - Started process (PID=8088) to work on /home/debian/etlhausz/venv/lib/python3.9/site-packages/airflow/example_dags/example_branch_python_dop_operator_3.py
[2022-11-02T05:43:59.027-0300] {processor.py:756} INFO - Processing file /home/debian/etlhausz/venv/lib/python3.9/site-packages/airflow/example_dags/example_branch_python_dop_operator_3.py for tasks to queue
[2022-11-02T05:43:59.028-0300] {logging_mixin.py:120} INFO - [2022-11-02T05:43:59.028-0300] {dagbag.py:537} INFO - Filling up the DagBag from /home/debian/etlhausz/venv/lib/python3.9/site-packages/airflow/example_dags/example_branch_python_dop_operator_3.py
[2022-11-02T05:43:59.065-0300] {processor.py:766} INFO - DAG(s) dict_keys(['example_branch_dop_operator_v3']) retrieved from /home/debian/etlhausz/venv/lib/python3.9/site-packages/airflow/example_dags/example_branch_python_dop_operator_3.py
[2022-11-02T05:43:59.138-0300] {logging_mixin.py:120} INFO - [2022-11-02T05:43:59.138-0300] {dag.py:2585} INFO - Sync 1 DAGs
[2022-11-02T05:43:59.174-0300] {logging_mixin.py:120} INFO - [2022-11-02T05:43:59.173-0300] {dag.py:3336} INFO - Setting next_dagrun for example_branch_dop_operator_v3 to 2022-11-02T08:42:00+00:00, run_after=2022-11-02T08:43:00+00:00
[2022-11-02T05:43:59.217-0300] {processor.py:176} INFO - Processing /home/debian/etlhausz/venv/lib/python3.9/site-packages/airflow/example_dags/example_branch_python_dop_operator_3.py took 0.195 seconds
[2022-11-02T05:44:29.268-0300] {processor.py:154} INFO - Started process (PID=8445) to work on /home/debian/etlhausz/venv/lib/python3.9/site-packages/airflow/example_dags/example_branch_python_dop_operator_3.py
[2022-11-02T05:44:29.269-0300] {processor.py:756} INFO - Processing file /home/debian/etlhausz/venv/lib/python3.9/site-packages/airflow/example_dags/example_branch_python_dop_operator_3.py for tasks to queue
[2022-11-02T05:44:29.269-0300] {logging_mixin.py:120} INFO - [2022-11-02T05:44:29.269-0300] {dagbag.py:537} INFO - Filling up the DagBag from /home/debian/etlhausz/venv/lib/python3.9/site-packages/airflow/example_dags/example_branch_python_dop_operator_3.py
[2022-11-02T05:44:29.288-0300] {processor.py:766} INFO - DAG(s) dict_keys(['example_branch_dop_operator_v3']) retrieved from /home/debian/etlhausz/venv/lib/python3.9/site-packages/airflow/example_dags/example_branch_python_dop_operator_3.py
[2022-11-02T05:44:29.335-0300] {logging_mixin.py:120} INFO - [2022-11-02T05:44:29.335-0300] {dag.py:2585} INFO - Sync 1 DAGs
[2022-11-02T05:44:29.359-0300] {logging_mixin.py:120} INFO - [2022-11-02T05:44:29.359-0300] {dag.py:3336} INFO - Setting next_dagrun for example_branch_dop_operator_v3 to 2022-11-02T08:43:00+00:00, run_after=2022-11-02T08:44:00+00:00
[2022-11-02T05:44:29.398-0300] {processor.py:176} INFO - Processing /home/debian/etlhausz/venv/lib/python3.9/site-packages/airflow/example_dags/example_branch_python_dop_operator_3.py took 0.133 seconds
