[2022-11-02T05:35:05.512-0300] {processor.py:154} INFO - Started process (PID=4853) to work on /home/debian/etlhausz/venv/lib/python3.9/site-packages/airflow/example_dags/example_xcom.py
[2022-11-02T05:35:05.529-0300] {processor.py:756} INFO - Processing file /home/debian/etlhausz/venv/lib/python3.9/site-packages/airflow/example_dags/example_xcom.py for tasks to queue
[2022-11-02T05:35:05.532-0300] {logging_mixin.py:120} INFO - [2022-11-02T05:35:05.531-0300] {dagbag.py:537} INFO - Filling up the DagBag from /home/debian/etlhausz/venv/lib/python3.9/site-packages/airflow/example_dags/example_xcom.py
[2022-11-02T05:35:05.664-0300] {processor.py:766} INFO - DAG(s) dict_keys(['example_xcom']) retrieved from /home/debian/etlhausz/venv/lib/python3.9/site-packages/airflow/example_dags/example_xcom.py
[2022-11-02T05:35:06.065-0300] {logging_mixin.py:120} INFO - [2022-11-02T05:35:06.065-0300] {manager.py:507} INFO - Created Permission View: can read on DAG:example_xcom
[2022-11-02T05:35:06.092-0300] {logging_mixin.py:120} INFO - [2022-11-02T05:35:06.092-0300] {manager.py:507} INFO - Created Permission View: can edit on DAG:example_xcom
[2022-11-02T05:35:06.106-0300] {logging_mixin.py:120} INFO - [2022-11-02T05:35:06.106-0300] {manager.py:507} INFO - Created Permission View: can delete on DAG:example_xcom
[2022-11-02T05:35:06.107-0300] {logging_mixin.py:120} INFO - [2022-11-02T05:35:06.107-0300] {dag.py:2585} INFO - Sync 1 DAGs
[2022-11-02T05:35:06.136-0300] {logging_mixin.py:120} INFO - [2022-11-02T05:35:06.136-0300] {dag.py:2606} INFO - Creating ORM DAG for example_xcom
[2022-11-02T05:35:06.148-0300] {logging_mixin.py:120} INFO - [2022-11-02T05:35:06.148-0300] {dag.py:3336} INFO - Setting next_dagrun for example_xcom to 2021-01-01T00:00:00+00:00, run_after=2021-01-01T00:00:00+00:00
[2022-11-02T05:35:06.182-0300] {processor.py:176} INFO - Processing /home/debian/etlhausz/venv/lib/python3.9/site-packages/airflow/example_dags/example_xcom.py took 0.674 seconds
[2022-11-02T05:41:24.415-0300] {processor.py:154} INFO - Started process (PID=6770) to work on /home/debian/etlhausz/venv/lib/python3.9/site-packages/airflow/example_dags/example_xcom.py
[2022-11-02T05:41:24.416-0300] {processor.py:756} INFO - Processing file /home/debian/etlhausz/venv/lib/python3.9/site-packages/airflow/example_dags/example_xcom.py for tasks to queue
[2022-11-02T05:41:24.417-0300] {logging_mixin.py:120} INFO - [2022-11-02T05:41:24.416-0300] {dagbag.py:537} INFO - Filling up the DagBag from /home/debian/etlhausz/venv/lib/python3.9/site-packages/airflow/example_dags/example_xcom.py
[2022-11-02T05:41:24.436-0300] {processor.py:766} INFO - DAG(s) dict_keys(['example_xcom']) retrieved from /home/debian/etlhausz/venv/lib/python3.9/site-packages/airflow/example_dags/example_xcom.py
[2022-11-02T05:41:24.478-0300] {logging_mixin.py:120} INFO - [2022-11-02T05:41:24.478-0300] {dag.py:2585} INFO - Sync 1 DAGs
[2022-11-02T05:41:24.500-0300] {logging_mixin.py:120} INFO - [2022-11-02T05:41:24.500-0300] {dag.py:3336} INFO - Setting next_dagrun for example_xcom to 2021-01-01T00:00:00+00:00, run_after=2021-01-01T00:00:00+00:00
[2022-11-02T05:41:24.520-0300] {processor.py:176} INFO - Processing /home/debian/etlhausz/venv/lib/python3.9/site-packages/airflow/example_dags/example_xcom.py took 0.108 seconds
[2022-11-02T05:41:55.547-0300] {processor.py:154} INFO - Started process (PID=7127) to work on /home/debian/etlhausz/venv/lib/python3.9/site-packages/airflow/example_dags/example_xcom.py
[2022-11-02T05:41:55.548-0300] {processor.py:756} INFO - Processing file /home/debian/etlhausz/venv/lib/python3.9/site-packages/airflow/example_dags/example_xcom.py for tasks to queue
[2022-11-02T05:41:55.549-0300] {logging_mixin.py:120} INFO - [2022-11-02T05:41:55.549-0300] {dagbag.py:537} INFO - Filling up the DagBag from /home/debian/etlhausz/venv/lib/python3.9/site-packages/airflow/example_dags/example_xcom.py
[2022-11-02T05:41:55.571-0300] {processor.py:766} INFO - DAG(s) dict_keys(['example_xcom']) retrieved from /home/debian/etlhausz/venv/lib/python3.9/site-packages/airflow/example_dags/example_xcom.py
[2022-11-02T05:41:55.622-0300] {logging_mixin.py:120} INFO - [2022-11-02T05:41:55.622-0300] {dag.py:2585} INFO - Sync 1 DAGs
[2022-11-02T05:41:55.645-0300] {logging_mixin.py:120} INFO - [2022-11-02T05:41:55.645-0300] {dag.py:3336} INFO - Setting next_dagrun for example_xcom to 2021-01-01T00:00:00+00:00, run_after=2021-01-01T00:00:00+00:00
[2022-11-02T05:41:55.668-0300] {processor.py:176} INFO - Processing /home/debian/etlhausz/venv/lib/python3.9/site-packages/airflow/example_dags/example_xcom.py took 0.124 seconds
[2022-11-02T05:42:26.158-0300] {processor.py:154} INFO - Started process (PID=7360) to work on /home/debian/etlhausz/venv/lib/python3.9/site-packages/airflow/example_dags/example_xcom.py
[2022-11-02T05:42:26.159-0300] {processor.py:756} INFO - Processing file /home/debian/etlhausz/venv/lib/python3.9/site-packages/airflow/example_dags/example_xcom.py for tasks to queue
[2022-11-02T05:42:26.160-0300] {logging_mixin.py:120} INFO - [2022-11-02T05:42:26.160-0300] {dagbag.py:537} INFO - Filling up the DagBag from /home/debian/etlhausz/venv/lib/python3.9/site-packages/airflow/example_dags/example_xcom.py
[2022-11-02T05:42:26.179-0300] {processor.py:766} INFO - DAG(s) dict_keys(['example_xcom']) retrieved from /home/debian/etlhausz/venv/lib/python3.9/site-packages/airflow/example_dags/example_xcom.py
[2022-11-02T05:42:26.225-0300] {logging_mixin.py:120} INFO - [2022-11-02T05:42:26.224-0300] {dag.py:2585} INFO - Sync 1 DAGs
[2022-11-02T05:42:26.244-0300] {logging_mixin.py:120} INFO - [2022-11-02T05:42:26.244-0300] {dag.py:3336} INFO - Setting next_dagrun for example_xcom to 2021-01-01T00:00:00+00:00, run_after=2021-01-01T00:00:00+00:00
[2022-11-02T05:42:26.265-0300] {processor.py:176} INFO - Processing /home/debian/etlhausz/venv/lib/python3.9/site-packages/airflow/example_dags/example_xcom.py took 0.110 seconds
[2022-11-02T05:42:56.392-0300] {processor.py:154} INFO - Started process (PID=7601) to work on /home/debian/etlhausz/venv/lib/python3.9/site-packages/airflow/example_dags/example_xcom.py
[2022-11-02T05:42:56.393-0300] {processor.py:756} INFO - Processing file /home/debian/etlhausz/venv/lib/python3.9/site-packages/airflow/example_dags/example_xcom.py for tasks to queue
[2022-11-02T05:42:56.393-0300] {logging_mixin.py:120} INFO - [2022-11-02T05:42:56.393-0300] {dagbag.py:537} INFO - Filling up the DagBag from /home/debian/etlhausz/venv/lib/python3.9/site-packages/airflow/example_dags/example_xcom.py
[2022-11-02T05:42:56.414-0300] {processor.py:766} INFO - DAG(s) dict_keys(['example_xcom']) retrieved from /home/debian/etlhausz/venv/lib/python3.9/site-packages/airflow/example_dags/example_xcom.py
[2022-11-02T05:42:56.457-0300] {logging_mixin.py:120} INFO - [2022-11-02T05:42:56.457-0300] {dag.py:2585} INFO - Sync 1 DAGs
[2022-11-02T05:42:56.475-0300] {logging_mixin.py:120} INFO - [2022-11-02T05:42:56.475-0300] {dag.py:3336} INFO - Setting next_dagrun for example_xcom to 2021-01-01T00:00:00+00:00, run_after=2021-01-01T00:00:00+00:00
[2022-11-02T05:42:56.491-0300] {processor.py:176} INFO - Processing /home/debian/etlhausz/venv/lib/python3.9/site-packages/airflow/example_dags/example_xcom.py took 0.103 seconds
[2022-11-02T05:43:27.176-0300] {processor.py:154} INFO - Started process (PID=7831) to work on /home/debian/etlhausz/venv/lib/python3.9/site-packages/airflow/example_dags/example_xcom.py
[2022-11-02T05:43:27.178-0300] {processor.py:756} INFO - Processing file /home/debian/etlhausz/venv/lib/python3.9/site-packages/airflow/example_dags/example_xcom.py for tasks to queue
[2022-11-02T05:43:27.178-0300] {logging_mixin.py:120} INFO - [2022-11-02T05:43:27.178-0300] {dagbag.py:537} INFO - Filling up the DagBag from /home/debian/etlhausz/venv/lib/python3.9/site-packages/airflow/example_dags/example_xcom.py
[2022-11-02T05:43:27.198-0300] {processor.py:766} INFO - DAG(s) dict_keys(['example_xcom']) retrieved from /home/debian/etlhausz/venv/lib/python3.9/site-packages/airflow/example_dags/example_xcom.py
[2022-11-02T05:43:27.245-0300] {logging_mixin.py:120} INFO - [2022-11-02T05:43:27.245-0300] {dag.py:2585} INFO - Sync 1 DAGs
[2022-11-02T05:43:27.266-0300] {logging_mixin.py:120} INFO - [2022-11-02T05:43:27.266-0300] {dag.py:3336} INFO - Setting next_dagrun for example_xcom to 2021-01-01T00:00:00+00:00, run_after=2021-01-01T00:00:00+00:00
[2022-11-02T05:43:27.288-0300] {processor.py:176} INFO - Processing /home/debian/etlhausz/venv/lib/python3.9/site-packages/airflow/example_dags/example_xcom.py took 0.114 seconds
[2022-11-02T05:43:59.367-0300] {processor.py:154} INFO - Started process (PID=8107) to work on /home/debian/etlhausz/venv/lib/python3.9/site-packages/airflow/example_dags/example_xcom.py
[2022-11-02T05:43:59.368-0300] {processor.py:756} INFO - Processing file /home/debian/etlhausz/venv/lib/python3.9/site-packages/airflow/example_dags/example_xcom.py for tasks to queue
[2022-11-02T05:43:59.369-0300] {logging_mixin.py:120} INFO - [2022-11-02T05:43:59.369-0300] {dagbag.py:537} INFO - Filling up the DagBag from /home/debian/etlhausz/venv/lib/python3.9/site-packages/airflow/example_dags/example_xcom.py
[2022-11-02T05:43:59.389-0300] {processor.py:766} INFO - DAG(s) dict_keys(['example_xcom']) retrieved from /home/debian/etlhausz/venv/lib/python3.9/site-packages/airflow/example_dags/example_xcom.py
[2022-11-02T05:43:59.433-0300] {logging_mixin.py:120} INFO - [2022-11-02T05:43:59.432-0300] {dag.py:2585} INFO - Sync 1 DAGs
[2022-11-02T05:43:59.451-0300] {logging_mixin.py:120} INFO - [2022-11-02T05:43:59.451-0300] {dag.py:3336} INFO - Setting next_dagrun for example_xcom to 2021-01-01T00:00:00+00:00, run_after=2021-01-01T00:00:00+00:00
[2022-11-02T05:43:59.472-0300] {processor.py:176} INFO - Processing /home/debian/etlhausz/venv/lib/python3.9/site-packages/airflow/example_dags/example_xcom.py took 0.108 seconds
[2022-11-02T05:44:29.561-0300] {processor.py:154} INFO - Started process (PID=8461) to work on /home/debian/etlhausz/venv/lib/python3.9/site-packages/airflow/example_dags/example_xcom.py
[2022-11-02T05:44:29.562-0300] {processor.py:756} INFO - Processing file /home/debian/etlhausz/venv/lib/python3.9/site-packages/airflow/example_dags/example_xcom.py for tasks to queue
[2022-11-02T05:44:29.562-0300] {logging_mixin.py:120} INFO - [2022-11-02T05:44:29.562-0300] {dagbag.py:537} INFO - Filling up the DagBag from /home/debian/etlhausz/venv/lib/python3.9/site-packages/airflow/example_dags/example_xcom.py
[2022-11-02T05:44:29.583-0300] {processor.py:766} INFO - DAG(s) dict_keys(['example_xcom']) retrieved from /home/debian/etlhausz/venv/lib/python3.9/site-packages/airflow/example_dags/example_xcom.py
[2022-11-02T05:44:29.631-0300] {logging_mixin.py:120} INFO - [2022-11-02T05:44:29.631-0300] {dag.py:2585} INFO - Sync 1 DAGs
[2022-11-02T05:44:29.651-0300] {logging_mixin.py:120} INFO - [2022-11-02T05:44:29.650-0300] {dag.py:3336} INFO - Setting next_dagrun for example_xcom to 2021-01-01T00:00:00+00:00, run_after=2021-01-01T00:00:00+00:00
[2022-11-02T05:44:29.667-0300] {processor.py:176} INFO - Processing /home/debian/etlhausz/venv/lib/python3.9/site-packages/airflow/example_dags/example_xcom.py took 0.109 seconds
