[2022-11-02T05:35:30.187-0300] {processor.py:154} INFO - Started process (PID=5009) to work on /home/debian/etlhausz/venv/lib/python3.9/site-packages/airflow/example_dags/example_kubernetes_executor.py
[2022-11-02T05:35:30.190-0300] {processor.py:756} INFO - Processing file /home/debian/etlhausz/venv/lib/python3.9/site-packages/airflow/example_dags/example_kubernetes_executor.py for tasks to queue
[2022-11-02T05:35:30.193-0300] {logging_mixin.py:120} INFO - [2022-11-02T05:35:30.193-0300] {dagbag.py:537} INFO - Filling up the DagBag from /home/debian/etlhausz/venv/lib/python3.9/site-packages/airflow/example_dags/example_kubernetes_executor.py
[2022-11-02T05:35:30.276-0300] {logging_mixin.py:120} INFO - [2022-11-02T05:35:30.276-0300] {example_kubernetes_executor.py:41} WARNING - The example_kubernetes_executor example DAG requires the kubernetes provider. Please install it with: pip install apache-airflow[cncf.kubernetes]
[2022-11-02T05:35:30.276-0300] {processor.py:768} WARNING - No viable dags retrieved from /home/debian/etlhausz/venv/lib/python3.9/site-packages/airflow/example_dags/example_kubernetes_executor.py
[2022-11-02T05:35:30.326-0300] {processor.py:176} INFO - Processing /home/debian/etlhausz/venv/lib/python3.9/site-packages/airflow/example_dags/example_kubernetes_executor.py took 0.206 seconds
[2022-11-02T05:41:25.434-0300] {processor.py:154} INFO - Started process (PID=6836) to work on /home/debian/etlhausz/venv/lib/python3.9/site-packages/airflow/example_dags/example_kubernetes_executor.py
[2022-11-02T05:41:25.435-0300] {processor.py:756} INFO - Processing file /home/debian/etlhausz/venv/lib/python3.9/site-packages/airflow/example_dags/example_kubernetes_executor.py for tasks to queue
[2022-11-02T05:41:25.435-0300] {logging_mixin.py:120} INFO - [2022-11-02T05:41:25.435-0300] {dagbag.py:537} INFO - Filling up the DagBag from /home/debian/etlhausz/venv/lib/python3.9/site-packages/airflow/example_dags/example_kubernetes_executor.py
[2022-11-02T05:41:25.449-0300] {logging_mixin.py:120} INFO - [2022-11-02T05:41:25.449-0300] {example_kubernetes_executor.py:41} WARNING - The example_kubernetes_executor example DAG requires the kubernetes provider. Please install it with: pip install apache-airflow[cncf.kubernetes]
[2022-11-02T05:41:25.449-0300] {processor.py:768} WARNING - No viable dags retrieved from /home/debian/etlhausz/venv/lib/python3.9/site-packages/airflow/example_dags/example_kubernetes_executor.py
[2022-11-02T05:41:25.490-0300] {processor.py:176} INFO - Processing /home/debian/etlhausz/venv/lib/python3.9/site-packages/airflow/example_dags/example_kubernetes_executor.py took 0.060 seconds
[2022-11-02T05:41:56.315-0300] {processor.py:154} INFO - Started process (PID=7194) to work on /home/debian/etlhausz/venv/lib/python3.9/site-packages/airflow/example_dags/example_kubernetes_executor.py
[2022-11-02T05:41:56.316-0300] {processor.py:756} INFO - Processing file /home/debian/etlhausz/venv/lib/python3.9/site-packages/airflow/example_dags/example_kubernetes_executor.py for tasks to queue
[2022-11-02T05:41:56.317-0300] {logging_mixin.py:120} INFO - [2022-11-02T05:41:56.317-0300] {dagbag.py:537} INFO - Filling up the DagBag from /home/debian/etlhausz/venv/lib/python3.9/site-packages/airflow/example_dags/example_kubernetes_executor.py
[2022-11-02T05:41:56.328-0300] {logging_mixin.py:120} INFO - [2022-11-02T05:41:56.328-0300] {example_kubernetes_executor.py:41} WARNING - The example_kubernetes_executor example DAG requires the kubernetes provider. Please install it with: pip install apache-airflow[cncf.kubernetes]
[2022-11-02T05:41:56.329-0300] {processor.py:768} WARNING - No viable dags retrieved from /home/debian/etlhausz/venv/lib/python3.9/site-packages/airflow/example_dags/example_kubernetes_executor.py
[2022-11-02T05:41:56.354-0300] {processor.py:176} INFO - Processing /home/debian/etlhausz/venv/lib/python3.9/site-packages/airflow/example_dags/example_kubernetes_executor.py took 0.042 seconds
[2022-11-02T05:42:27.054-0300] {processor.py:154} INFO - Started process (PID=7428) to work on /home/debian/etlhausz/venv/lib/python3.9/site-packages/airflow/example_dags/example_kubernetes_executor.py
[2022-11-02T05:42:27.056-0300] {processor.py:756} INFO - Processing file /home/debian/etlhausz/venv/lib/python3.9/site-packages/airflow/example_dags/example_kubernetes_executor.py for tasks to queue
[2022-11-02T05:42:27.057-0300] {logging_mixin.py:120} INFO - [2022-11-02T05:42:27.056-0300] {dagbag.py:537} INFO - Filling up the DagBag from /home/debian/etlhausz/venv/lib/python3.9/site-packages/airflow/example_dags/example_kubernetes_executor.py
[2022-11-02T05:42:27.070-0300] {logging_mixin.py:120} INFO - [2022-11-02T05:42:27.070-0300] {example_kubernetes_executor.py:41} WARNING - The example_kubernetes_executor example DAG requires the kubernetes provider. Please install it with: pip install apache-airflow[cncf.kubernetes]
[2022-11-02T05:42:27.071-0300] {processor.py:768} WARNING - No viable dags retrieved from /home/debian/etlhausz/venv/lib/python3.9/site-packages/airflow/example_dags/example_kubernetes_executor.py
[2022-11-02T05:42:27.106-0300] {processor.py:176} INFO - Processing /home/debian/etlhausz/venv/lib/python3.9/site-packages/airflow/example_dags/example_kubernetes_executor.py took 0.055 seconds
[2022-11-02T05:42:57.187-0300] {processor.py:154} INFO - Started process (PID=7669) to work on /home/debian/etlhausz/venv/lib/python3.9/site-packages/airflow/example_dags/example_kubernetes_executor.py
[2022-11-02T05:42:57.187-0300] {processor.py:756} INFO - Processing file /home/debian/etlhausz/venv/lib/python3.9/site-packages/airflow/example_dags/example_kubernetes_executor.py for tasks to queue
[2022-11-02T05:42:57.188-0300] {logging_mixin.py:120} INFO - [2022-11-02T05:42:57.188-0300] {dagbag.py:537} INFO - Filling up the DagBag from /home/debian/etlhausz/venv/lib/python3.9/site-packages/airflow/example_dags/example_kubernetes_executor.py
[2022-11-02T05:42:57.198-0300] {logging_mixin.py:120} INFO - [2022-11-02T05:42:57.198-0300] {example_kubernetes_executor.py:41} WARNING - The example_kubernetes_executor example DAG requires the kubernetes provider. Please install it with: pip install apache-airflow[cncf.kubernetes]
[2022-11-02T05:42:57.198-0300] {processor.py:768} WARNING - No viable dags retrieved from /home/debian/etlhausz/venv/lib/python3.9/site-packages/airflow/example_dags/example_kubernetes_executor.py
[2022-11-02T05:42:57.221-0300] {processor.py:176} INFO - Processing /home/debian/etlhausz/venv/lib/python3.9/site-packages/airflow/example_dags/example_kubernetes_executor.py took 0.037 seconds
[2022-11-02T05:43:28.017-0300] {processor.py:154} INFO - Started process (PID=7897) to work on /home/debian/etlhausz/venv/lib/python3.9/site-packages/airflow/example_dags/example_kubernetes_executor.py
[2022-11-02T05:43:28.019-0300] {processor.py:756} INFO - Processing file /home/debian/etlhausz/venv/lib/python3.9/site-packages/airflow/example_dags/example_kubernetes_executor.py for tasks to queue
[2022-11-02T05:43:28.019-0300] {logging_mixin.py:120} INFO - [2022-11-02T05:43:28.019-0300] {dagbag.py:537} INFO - Filling up the DagBag from /home/debian/etlhausz/venv/lib/python3.9/site-packages/airflow/example_dags/example_kubernetes_executor.py
[2022-11-02T05:43:28.033-0300] {logging_mixin.py:120} INFO - [2022-11-02T05:43:28.033-0300] {example_kubernetes_executor.py:41} WARNING - The example_kubernetes_executor example DAG requires the kubernetes provider. Please install it with: pip install apache-airflow[cncf.kubernetes]
[2022-11-02T05:43:28.033-0300] {processor.py:768} WARNING - No viable dags retrieved from /home/debian/etlhausz/venv/lib/python3.9/site-packages/airflow/example_dags/example_kubernetes_executor.py
[2022-11-02T05:43:28.059-0300] {processor.py:176} INFO - Processing /home/debian/etlhausz/venv/lib/python3.9/site-packages/airflow/example_dags/example_kubernetes_executor.py took 0.045 seconds
[2022-11-02T05:44:00.142-0300] {processor.py:154} INFO - Started process (PID=8173) to work on /home/debian/etlhausz/venv/lib/python3.9/site-packages/airflow/example_dags/example_kubernetes_executor.py
[2022-11-02T05:44:00.143-0300] {processor.py:756} INFO - Processing file /home/debian/etlhausz/venv/lib/python3.9/site-packages/airflow/example_dags/example_kubernetes_executor.py for tasks to queue
[2022-11-02T05:44:00.144-0300] {logging_mixin.py:120} INFO - [2022-11-02T05:44:00.144-0300] {dagbag.py:537} INFO - Filling up the DagBag from /home/debian/etlhausz/venv/lib/python3.9/site-packages/airflow/example_dags/example_kubernetes_executor.py
[2022-11-02T05:44:00.155-0300] {logging_mixin.py:120} INFO - [2022-11-02T05:44:00.155-0300] {example_kubernetes_executor.py:41} WARNING - The example_kubernetes_executor example DAG requires the kubernetes provider. Please install it with: pip install apache-airflow[cncf.kubernetes]
[2022-11-02T05:44:00.155-0300] {processor.py:768} WARNING - No viable dags retrieved from /home/debian/etlhausz/venv/lib/python3.9/site-packages/airflow/example_dags/example_kubernetes_executor.py
[2022-11-02T05:44:00.180-0300] {processor.py:176} INFO - Processing /home/debian/etlhausz/venv/lib/python3.9/site-packages/airflow/example_dags/example_kubernetes_executor.py took 0.041 seconds
[2022-11-02T05:44:30.791-0300] {processor.py:154} INFO - Started process (PID=8544) to work on /home/debian/etlhausz/venv/lib/python3.9/site-packages/airflow/example_dags/example_kubernetes_executor.py
[2022-11-02T05:44:30.792-0300] {processor.py:756} INFO - Processing file /home/debian/etlhausz/venv/lib/python3.9/site-packages/airflow/example_dags/example_kubernetes_executor.py for tasks to queue
[2022-11-02T05:44:30.792-0300] {logging_mixin.py:120} INFO - [2022-11-02T05:44:30.792-0300] {dagbag.py:537} INFO - Filling up the DagBag from /home/debian/etlhausz/venv/lib/python3.9/site-packages/airflow/example_dags/example_kubernetes_executor.py
[2022-11-02T05:44:30.805-0300] {logging_mixin.py:120} INFO - [2022-11-02T05:44:30.805-0300] {example_kubernetes_executor.py:41} WARNING - The example_kubernetes_executor example DAG requires the kubernetes provider. Please install it with: pip install apache-airflow[cncf.kubernetes]
[2022-11-02T05:44:30.805-0300] {processor.py:768} WARNING - No viable dags retrieved from /home/debian/etlhausz/venv/lib/python3.9/site-packages/airflow/example_dags/example_kubernetes_executor.py
[2022-11-02T05:44:30.884-0300] {processor.py:176} INFO - Processing /home/debian/etlhausz/venv/lib/python3.9/site-packages/airflow/example_dags/example_kubernetes_executor.py took 0.097 seconds
