[2022-11-02T05:41:25.956-0300] {processor.py:154} INFO - Started process (PID=6877) to work on /home/debian/etlhausz/venv/lib/python3.9/site-packages/airflow/example_dags/example_trigger_target_dag.py
[2022-11-02T05:41:25.957-0300] {processor.py:756} INFO - Processing file /home/debian/etlhausz/venv/lib/python3.9/site-packages/airflow/example_dags/example_trigger_target_dag.py for tasks to queue
[2022-11-02T05:41:25.957-0300] {logging_mixin.py:120} INFO - [2022-11-02T05:41:25.957-0300] {dagbag.py:537} INFO - Filling up the DagBag from /home/debian/etlhausz/venv/lib/python3.9/site-packages/airflow/example_dags/example_trigger_target_dag.py
[2022-11-02T05:41:25.979-0300] {processor.py:766} INFO - DAG(s) dict_keys(['example_trigger_target_dag']) retrieved from /home/debian/etlhausz/venv/lib/python3.9/site-packages/airflow/example_dags/example_trigger_target_dag.py
[2022-11-02T05:41:26.031-0300] {logging_mixin.py:120} INFO - [2022-11-02T05:41:26.031-0300] {dag.py:2585} INFO - Sync 1 DAGs
[2022-11-02T05:41:26.058-0300] {logging_mixin.py:120} INFO - [2022-11-02T05:41:26.058-0300] {dag.py:3336} INFO - Setting next_dagrun for example_trigger_target_dag to None, run_after=None
[2022-11-02T05:41:26.084-0300] {processor.py:176} INFO - Processing /home/debian/etlhausz/venv/lib/python3.9/site-packages/airflow/example_dags/example_trigger_target_dag.py took 0.129 seconds
[2022-11-02T05:41:56.792-0300] {processor.py:154} INFO - Started process (PID=7236) to work on /home/debian/etlhausz/venv/lib/python3.9/site-packages/airflow/example_dags/example_trigger_target_dag.py
[2022-11-02T05:41:56.792-0300] {processor.py:756} INFO - Processing file /home/debian/etlhausz/venv/lib/python3.9/site-packages/airflow/example_dags/example_trigger_target_dag.py for tasks to queue
[2022-11-02T05:41:56.793-0300] {logging_mixin.py:120} INFO - [2022-11-02T05:41:56.792-0300] {dagbag.py:537} INFO - Filling up the DagBag from /home/debian/etlhausz/venv/lib/python3.9/site-packages/airflow/example_dags/example_trigger_target_dag.py
[2022-11-02T05:41:56.808-0300] {processor.py:766} INFO - DAG(s) dict_keys(['example_trigger_target_dag']) retrieved from /home/debian/etlhausz/venv/lib/python3.9/site-packages/airflow/example_dags/example_trigger_target_dag.py
[2022-11-02T05:41:56.850-0300] {logging_mixin.py:120} INFO - [2022-11-02T05:41:56.850-0300] {dag.py:2585} INFO - Sync 1 DAGs
[2022-11-02T05:41:56.872-0300] {logging_mixin.py:120} INFO - [2022-11-02T05:41:56.871-0300] {dag.py:3336} INFO - Setting next_dagrun for example_trigger_target_dag to None, run_after=None
[2022-11-02T05:41:56.892-0300] {processor.py:176} INFO - Processing /home/debian/etlhausz/venv/lib/python3.9/site-packages/airflow/example_dags/example_trigger_target_dag.py took 0.104 seconds
[2022-11-02T05:42:27.790-0300] {processor.py:154} INFO - Started process (PID=7470) to work on /home/debian/etlhausz/venv/lib/python3.9/site-packages/airflow/example_dags/example_trigger_target_dag.py
[2022-11-02T05:42:27.792-0300] {processor.py:756} INFO - Processing file /home/debian/etlhausz/venv/lib/python3.9/site-packages/airflow/example_dags/example_trigger_target_dag.py for tasks to queue
[2022-11-02T05:42:27.797-0300] {logging_mixin.py:120} INFO - [2022-11-02T05:42:27.797-0300] {dagbag.py:537} INFO - Filling up the DagBag from /home/debian/etlhausz/venv/lib/python3.9/site-packages/airflow/example_dags/example_trigger_target_dag.py
[2022-11-02T05:42:27.820-0300] {processor.py:766} INFO - DAG(s) dict_keys(['example_trigger_target_dag']) retrieved from /home/debian/etlhausz/venv/lib/python3.9/site-packages/airflow/example_dags/example_trigger_target_dag.py
[2022-11-02T05:42:27.872-0300] {logging_mixin.py:120} INFO - [2022-11-02T05:42:27.871-0300] {dag.py:2585} INFO - Sync 1 DAGs
[2022-11-02T05:42:27.911-0300] {logging_mixin.py:120} INFO - [2022-11-02T05:42:27.911-0300] {dag.py:3336} INFO - Setting next_dagrun for example_trigger_target_dag to None, run_after=None
[2022-11-02T05:42:27.964-0300] {processor.py:176} INFO - Processing /home/debian/etlhausz/venv/lib/python3.9/site-packages/airflow/example_dags/example_trigger_target_dag.py took 0.176 seconds
[2022-11-02T05:42:58.762-0300] {processor.py:154} INFO - Started process (PID=7712) to work on /home/debian/etlhausz/venv/lib/python3.9/site-packages/airflow/example_dags/example_trigger_target_dag.py
[2022-11-02T05:42:58.763-0300] {processor.py:756} INFO - Processing file /home/debian/etlhausz/venv/lib/python3.9/site-packages/airflow/example_dags/example_trigger_target_dag.py for tasks to queue
[2022-11-02T05:42:58.763-0300] {logging_mixin.py:120} INFO - [2022-11-02T05:42:58.763-0300] {dagbag.py:537} INFO - Filling up the DagBag from /home/debian/etlhausz/venv/lib/python3.9/site-packages/airflow/example_dags/example_trigger_target_dag.py
[2022-11-02T05:42:58.780-0300] {processor.py:766} INFO - DAG(s) dict_keys(['example_trigger_target_dag']) retrieved from /home/debian/etlhausz/venv/lib/python3.9/site-packages/airflow/example_dags/example_trigger_target_dag.py
[2022-11-02T05:42:58.823-0300] {logging_mixin.py:120} INFO - [2022-11-02T05:42:58.823-0300] {dag.py:2585} INFO - Sync 1 DAGs
[2022-11-02T05:42:58.843-0300] {logging_mixin.py:120} INFO - [2022-11-02T05:42:58.843-0300] {dag.py:3336} INFO - Setting next_dagrun for example_trigger_target_dag to None, run_after=None
[2022-11-02T05:42:58.867-0300] {processor.py:176} INFO - Processing /home/debian/etlhausz/venv/lib/python3.9/site-packages/airflow/example_dags/example_trigger_target_dag.py took 0.109 seconds
[2022-11-02T05:43:29.539-0300] {processor.py:154} INFO - Started process (PID=7940) to work on /home/debian/etlhausz/venv/lib/python3.9/site-packages/airflow/example_dags/example_trigger_target_dag.py
[2022-11-02T05:43:29.541-0300] {processor.py:756} INFO - Processing file /home/debian/etlhausz/venv/lib/python3.9/site-packages/airflow/example_dags/example_trigger_target_dag.py for tasks to queue
[2022-11-02T05:43:29.542-0300] {logging_mixin.py:120} INFO - [2022-11-02T05:43:29.542-0300] {dagbag.py:537} INFO - Filling up the DagBag from /home/debian/etlhausz/venv/lib/python3.9/site-packages/airflow/example_dags/example_trigger_target_dag.py
[2022-11-02T05:43:29.581-0300] {processor.py:766} INFO - DAG(s) dict_keys(['example_trigger_target_dag']) retrieved from /home/debian/etlhausz/venv/lib/python3.9/site-packages/airflow/example_dags/example_trigger_target_dag.py
[2022-11-02T05:43:29.643-0300] {logging_mixin.py:120} INFO - [2022-11-02T05:43:29.643-0300] {dag.py:2585} INFO - Sync 1 DAGs
[2022-11-02T05:43:29.664-0300] {logging_mixin.py:120} INFO - [2022-11-02T05:43:29.664-0300] {dag.py:3336} INFO - Setting next_dagrun for example_trigger_target_dag to None, run_after=None
[2022-11-02T05:43:29.684-0300] {processor.py:176} INFO - Processing /home/debian/etlhausz/venv/lib/python3.9/site-packages/airflow/example_dags/example_trigger_target_dag.py took 0.149 seconds
[2022-11-02T05:44:00.580-0300] {processor.py:154} INFO - Started process (PID=8215) to work on /home/debian/etlhausz/venv/lib/python3.9/site-packages/airflow/example_dags/example_trigger_target_dag.py
[2022-11-02T05:44:00.582-0300] {processor.py:756} INFO - Processing file /home/debian/etlhausz/venv/lib/python3.9/site-packages/airflow/example_dags/example_trigger_target_dag.py for tasks to queue
[2022-11-02T05:44:00.582-0300] {logging_mixin.py:120} INFO - [2022-11-02T05:44:00.582-0300] {dagbag.py:537} INFO - Filling up the DagBag from /home/debian/etlhausz/venv/lib/python3.9/site-packages/airflow/example_dags/example_trigger_target_dag.py
[2022-11-02T05:44:00.600-0300] {processor.py:766} INFO - DAG(s) dict_keys(['example_trigger_target_dag']) retrieved from /home/debian/etlhausz/venv/lib/python3.9/site-packages/airflow/example_dags/example_trigger_target_dag.py
[2022-11-02T05:44:00.663-0300] {logging_mixin.py:120} INFO - [2022-11-02T05:44:00.663-0300] {dag.py:2585} INFO - Sync 1 DAGs
[2022-11-02T05:44:00.685-0300] {logging_mixin.py:120} INFO - [2022-11-02T05:44:00.685-0300] {dag.py:3336} INFO - Setting next_dagrun for example_trigger_target_dag to None, run_after=None
[2022-11-02T05:44:00.707-0300] {processor.py:176} INFO - Processing /home/debian/etlhausz/venv/lib/python3.9/site-packages/airflow/example_dags/example_trigger_target_dag.py took 0.130 seconds
[2022-11-02T05:44:31.535-0300] {processor.py:154} INFO - Started process (PID=8586) to work on /home/debian/etlhausz/venv/lib/python3.9/site-packages/airflow/example_dags/example_trigger_target_dag.py
[2022-11-02T05:44:31.541-0300] {processor.py:756} INFO - Processing file /home/debian/etlhausz/venv/lib/python3.9/site-packages/airflow/example_dags/example_trigger_target_dag.py for tasks to queue
[2022-11-02T05:44:31.546-0300] {logging_mixin.py:120} INFO - [2022-11-02T05:44:31.544-0300] {dagbag.py:537} INFO - Filling up the DagBag from /home/debian/etlhausz/venv/lib/python3.9/site-packages/airflow/example_dags/example_trigger_target_dag.py
[2022-11-02T05:44:31.597-0300] {processor.py:766} INFO - DAG(s) dict_keys(['example_trigger_target_dag']) retrieved from /home/debian/etlhausz/venv/lib/python3.9/site-packages/airflow/example_dags/example_trigger_target_dag.py
[2022-11-02T05:44:31.714-0300] {logging_mixin.py:120} INFO - [2022-11-02T05:44:31.714-0300] {dag.py:2585} INFO - Sync 1 DAGs
[2022-11-02T05:44:31.754-0300] {logging_mixin.py:120} INFO - [2022-11-02T05:44:31.754-0300] {dag.py:3336} INFO - Setting next_dagrun for example_trigger_target_dag to None, run_after=None
[2022-11-02T05:44:31.789-0300] {processor.py:176} INFO - Processing /home/debian/etlhausz/venv/lib/python3.9/site-packages/airflow/example_dags/example_trigger_target_dag.py took 0.258 seconds
