[2022-11-02T05:35:08.789-0300] {processor.py:154} INFO - Started process (PID=4871) to work on /home/debian/etlhausz/venv/lib/python3.9/site-packages/airflow/example_dags/example_short_circuit_operator.py
[2022-11-02T05:35:08.789-0300] {processor.py:756} INFO - Processing file /home/debian/etlhausz/venv/lib/python3.9/site-packages/airflow/example_dags/example_short_circuit_operator.py for tasks to queue
[2022-11-02T05:35:08.790-0300] {logging_mixin.py:120} INFO - [2022-11-02T05:35:08.790-0300] {dagbag.py:537} INFO - Filling up the DagBag from /home/debian/etlhausz/venv/lib/python3.9/site-packages/airflow/example_dags/example_short_circuit_operator.py
[2022-11-02T05:35:08.803-0300] {processor.py:766} INFO - DAG(s) dict_keys(['example_short_circuit_operator']) retrieved from /home/debian/etlhausz/venv/lib/python3.9/site-packages/airflow/example_dags/example_short_circuit_operator.py
[2022-11-02T05:35:08.923-0300] {logging_mixin.py:120} INFO - [2022-11-02T05:35:08.922-0300] {manager.py:507} INFO - Created Permission View: can read on DAG:example_short_circuit_operator
[2022-11-02T05:35:08.957-0300] {logging_mixin.py:120} INFO - [2022-11-02T05:35:08.957-0300] {manager.py:507} INFO - Created Permission View: can edit on DAG:example_short_circuit_operator
[2022-11-02T05:35:08.968-0300] {logging_mixin.py:120} INFO - [2022-11-02T05:35:08.968-0300] {manager.py:507} INFO - Created Permission View: can delete on DAG:example_short_circuit_operator
[2022-11-02T05:35:08.968-0300] {logging_mixin.py:120} INFO - [2022-11-02T05:35:08.968-0300] {dag.py:2585} INFO - Sync 1 DAGs
[2022-11-02T05:35:08.975-0300] {logging_mixin.py:120} INFO - [2022-11-02T05:35:08.975-0300] {dag.py:2606} INFO - Creating ORM DAG for example_short_circuit_operator
[2022-11-02T05:35:08.983-0300] {logging_mixin.py:120} INFO - [2022-11-02T05:35:08.983-0300] {dag.py:3336} INFO - Setting next_dagrun for example_short_circuit_operator to 2022-11-01T08:35:08.983306+00:00, run_after=2022-11-02T08:35:08.983306+00:00
[2022-11-02T05:35:09.009-0300] {processor.py:176} INFO - Processing /home/debian/etlhausz/venv/lib/python3.9/site-packages/airflow/example_dags/example_short_circuit_operator.py took 0.222 seconds
[2022-11-02T05:41:24.544-0300] {processor.py:154} INFO - Started process (PID=6782) to work on /home/debian/etlhausz/venv/lib/python3.9/site-packages/airflow/example_dags/example_short_circuit_operator.py
[2022-11-02T05:41:24.552-0300] {processor.py:756} INFO - Processing file /home/debian/etlhausz/venv/lib/python3.9/site-packages/airflow/example_dags/example_short_circuit_operator.py for tasks to queue
[2022-11-02T05:41:24.553-0300] {logging_mixin.py:120} INFO - [2022-11-02T05:41:24.553-0300] {dagbag.py:537} INFO - Filling up the DagBag from /home/debian/etlhausz/venv/lib/python3.9/site-packages/airflow/example_dags/example_short_circuit_operator.py
[2022-11-02T05:41:24.568-0300] {processor.py:766} INFO - DAG(s) dict_keys(['example_short_circuit_operator']) retrieved from /home/debian/etlhausz/venv/lib/python3.9/site-packages/airflow/example_dags/example_short_circuit_operator.py
[2022-11-02T05:41:24.619-0300] {logging_mixin.py:120} INFO - [2022-11-02T05:41:24.619-0300] {dag.py:2585} INFO - Sync 1 DAGs
[2022-11-02T05:41:24.639-0300] {logging_mixin.py:120} INFO - [2022-11-02T05:41:24.639-0300] {dag.py:3336} INFO - Setting next_dagrun for example_short_circuit_operator to 2022-11-01T08:41:24.639050+00:00, run_after=2022-11-02T08:41:24.639050+00:00
[2022-11-02T05:41:24.655-0300] {processor.py:176} INFO - Processing /home/debian/etlhausz/venv/lib/python3.9/site-packages/airflow/example_dags/example_short_circuit_operator.py took 0.114 seconds
[2022-11-02T05:41:55.691-0300] {processor.py:154} INFO - Started process (PID=7139) to work on /home/debian/etlhausz/venv/lib/python3.9/site-packages/airflow/example_dags/example_short_circuit_operator.py
[2022-11-02T05:41:55.693-0300] {processor.py:756} INFO - Processing file /home/debian/etlhausz/venv/lib/python3.9/site-packages/airflow/example_dags/example_short_circuit_operator.py for tasks to queue
[2022-11-02T05:41:55.693-0300] {logging_mixin.py:120} INFO - [2022-11-02T05:41:55.693-0300] {dagbag.py:537} INFO - Filling up the DagBag from /home/debian/etlhausz/venv/lib/python3.9/site-packages/airflow/example_dags/example_short_circuit_operator.py
[2022-11-02T05:41:55.705-0300] {processor.py:766} INFO - DAG(s) dict_keys(['example_short_circuit_operator']) retrieved from /home/debian/etlhausz/venv/lib/python3.9/site-packages/airflow/example_dags/example_short_circuit_operator.py
[2022-11-02T05:41:55.753-0300] {logging_mixin.py:120} INFO - [2022-11-02T05:41:55.753-0300] {dag.py:2585} INFO - Sync 1 DAGs
[2022-11-02T05:41:55.773-0300] {logging_mixin.py:120} INFO - [2022-11-02T05:41:55.773-0300] {dag.py:3336} INFO - Setting next_dagrun for example_short_circuit_operator to 2022-11-01T08:41:55.773067+00:00, run_after=2022-11-02T08:41:55.773067+00:00
[2022-11-02T05:41:55.803-0300] {processor.py:176} INFO - Processing /home/debian/etlhausz/venv/lib/python3.9/site-packages/airflow/example_dags/example_short_circuit_operator.py took 0.114 seconds
[2022-11-02T05:42:26.288-0300] {processor.py:154} INFO - Started process (PID=7372) to work on /home/debian/etlhausz/venv/lib/python3.9/site-packages/airflow/example_dags/example_short_circuit_operator.py
[2022-11-02T05:42:26.290-0300] {processor.py:756} INFO - Processing file /home/debian/etlhausz/venv/lib/python3.9/site-packages/airflow/example_dags/example_short_circuit_operator.py for tasks to queue
[2022-11-02T05:42:26.291-0300] {logging_mixin.py:120} INFO - [2022-11-02T05:42:26.291-0300] {dagbag.py:537} INFO - Filling up the DagBag from /home/debian/etlhausz/venv/lib/python3.9/site-packages/airflow/example_dags/example_short_circuit_operator.py
[2022-11-02T05:42:26.306-0300] {processor.py:766} INFO - DAG(s) dict_keys(['example_short_circuit_operator']) retrieved from /home/debian/etlhausz/venv/lib/python3.9/site-packages/airflow/example_dags/example_short_circuit_operator.py
[2022-11-02T05:42:26.357-0300] {logging_mixin.py:120} INFO - [2022-11-02T05:42:26.357-0300] {dag.py:2585} INFO - Sync 1 DAGs
[2022-11-02T05:42:26.377-0300] {logging_mixin.py:120} INFO - [2022-11-02T05:42:26.377-0300] {dag.py:3336} INFO - Setting next_dagrun for example_short_circuit_operator to 2022-11-01T08:42:26.377106+00:00, run_after=2022-11-02T08:42:26.377106+00:00
[2022-11-02T05:42:26.396-0300] {processor.py:176} INFO - Processing /home/debian/etlhausz/venv/lib/python3.9/site-packages/airflow/example_dags/example_short_circuit_operator.py took 0.111 seconds
[2022-11-02T05:42:56.518-0300] {processor.py:154} INFO - Started process (PID=7613) to work on /home/debian/etlhausz/venv/lib/python3.9/site-packages/airflow/example_dags/example_short_circuit_operator.py
[2022-11-02T05:42:56.519-0300] {processor.py:756} INFO - Processing file /home/debian/etlhausz/venv/lib/python3.9/site-packages/airflow/example_dags/example_short_circuit_operator.py for tasks to queue
[2022-11-02T05:42:56.520-0300] {logging_mixin.py:120} INFO - [2022-11-02T05:42:56.520-0300] {dagbag.py:537} INFO - Filling up the DagBag from /home/debian/etlhausz/venv/lib/python3.9/site-packages/airflow/example_dags/example_short_circuit_operator.py
[2022-11-02T05:42:56.531-0300] {processor.py:766} INFO - DAG(s) dict_keys(['example_short_circuit_operator']) retrieved from /home/debian/etlhausz/venv/lib/python3.9/site-packages/airflow/example_dags/example_short_circuit_operator.py
[2022-11-02T05:42:56.579-0300] {logging_mixin.py:120} INFO - [2022-11-02T05:42:56.579-0300] {dag.py:2585} INFO - Sync 1 DAGs
[2022-11-02T05:42:56.599-0300] {logging_mixin.py:120} INFO - [2022-11-02T05:42:56.599-0300] {dag.py:3336} INFO - Setting next_dagrun for example_short_circuit_operator to 2022-11-01T08:42:56.598883+00:00, run_after=2022-11-02T08:42:56.598883+00:00
[2022-11-02T05:42:56.622-0300] {processor.py:176} INFO - Processing /home/debian/etlhausz/venv/lib/python3.9/site-packages/airflow/example_dags/example_short_circuit_operator.py took 0.107 seconds
[2022-11-02T05:43:27.310-0300] {processor.py:154} INFO - Started process (PID=7843) to work on /home/debian/etlhausz/venv/lib/python3.9/site-packages/airflow/example_dags/example_short_circuit_operator.py
[2022-11-02T05:43:27.311-0300] {processor.py:756} INFO - Processing file /home/debian/etlhausz/venv/lib/python3.9/site-packages/airflow/example_dags/example_short_circuit_operator.py for tasks to queue
[2022-11-02T05:43:27.312-0300] {logging_mixin.py:120} INFO - [2022-11-02T05:43:27.311-0300] {dagbag.py:537} INFO - Filling up the DagBag from /home/debian/etlhausz/venv/lib/python3.9/site-packages/airflow/example_dags/example_short_circuit_operator.py
[2022-11-02T05:43:27.325-0300] {processor.py:766} INFO - DAG(s) dict_keys(['example_short_circuit_operator']) retrieved from /home/debian/etlhausz/venv/lib/python3.9/site-packages/airflow/example_dags/example_short_circuit_operator.py
[2022-11-02T05:43:27.370-0300] {logging_mixin.py:120} INFO - [2022-11-02T05:43:27.370-0300] {dag.py:2585} INFO - Sync 1 DAGs
[2022-11-02T05:43:27.394-0300] {logging_mixin.py:120} INFO - [2022-11-02T05:43:27.394-0300] {dag.py:3336} INFO - Setting next_dagrun for example_short_circuit_operator to 2022-11-01T08:43:27.393849+00:00, run_after=2022-11-02T08:43:27.393849+00:00
[2022-11-02T05:43:27.418-0300] {processor.py:176} INFO - Processing /home/debian/etlhausz/venv/lib/python3.9/site-packages/airflow/example_dags/example_short_circuit_operator.py took 0.111 seconds
[2022-11-02T05:43:59.507-0300] {processor.py:154} INFO - Started process (PID=8119) to work on /home/debian/etlhausz/venv/lib/python3.9/site-packages/airflow/example_dags/example_short_circuit_operator.py
[2022-11-02T05:43:59.513-0300] {processor.py:756} INFO - Processing file /home/debian/etlhausz/venv/lib/python3.9/site-packages/airflow/example_dags/example_short_circuit_operator.py for tasks to queue
[2022-11-02T05:43:59.513-0300] {logging_mixin.py:120} INFO - [2022-11-02T05:43:59.513-0300] {dagbag.py:537} INFO - Filling up the DagBag from /home/debian/etlhausz/venv/lib/python3.9/site-packages/airflow/example_dags/example_short_circuit_operator.py
[2022-11-02T05:43:59.526-0300] {processor.py:766} INFO - DAG(s) dict_keys(['example_short_circuit_operator']) retrieved from /home/debian/etlhausz/venv/lib/python3.9/site-packages/airflow/example_dags/example_short_circuit_operator.py
[2022-11-02T05:43:59.571-0300] {logging_mixin.py:120} INFO - [2022-11-02T05:43:59.571-0300] {dag.py:2585} INFO - Sync 1 DAGs
[2022-11-02T05:43:59.593-0300] {logging_mixin.py:120} INFO - [2022-11-02T05:43:59.593-0300] {dag.py:3336} INFO - Setting next_dagrun for example_short_circuit_operator to 2022-11-01T08:43:59.593432+00:00, run_after=2022-11-02T08:43:59.593432+00:00
[2022-11-02T05:43:59.616-0300] {processor.py:176} INFO - Processing /home/debian/etlhausz/venv/lib/python3.9/site-packages/airflow/example_dags/example_short_circuit_operator.py took 0.112 seconds
[2022-11-02T05:44:29.699-0300] {processor.py:154} INFO - Started process (PID=8488) to work on /home/debian/etlhausz/venv/lib/python3.9/site-packages/airflow/example_dags/example_short_circuit_operator.py
[2022-11-02T05:44:29.701-0300] {processor.py:756} INFO - Processing file /home/debian/etlhausz/venv/lib/python3.9/site-packages/airflow/example_dags/example_short_circuit_operator.py for tasks to queue
[2022-11-02T05:44:29.702-0300] {logging_mixin.py:120} INFO - [2022-11-02T05:44:29.702-0300] {dagbag.py:537} INFO - Filling up the DagBag from /home/debian/etlhausz/venv/lib/python3.9/site-packages/airflow/example_dags/example_short_circuit_operator.py
[2022-11-02T05:44:29.722-0300] {processor.py:766} INFO - DAG(s) dict_keys(['example_short_circuit_operator']) retrieved from /home/debian/etlhausz/venv/lib/python3.9/site-packages/airflow/example_dags/example_short_circuit_operator.py
[2022-11-02T05:44:29.766-0300] {logging_mixin.py:120} INFO - [2022-11-02T05:44:29.766-0300] {dag.py:2585} INFO - Sync 1 DAGs
[2022-11-02T05:44:29.784-0300] {logging_mixin.py:120} INFO - [2022-11-02T05:44:29.783-0300] {dag.py:3336} INFO - Setting next_dagrun for example_short_circuit_operator to 2022-11-01T08:44:29.783681+00:00, run_after=2022-11-02T08:44:29.783681+00:00
[2022-11-02T05:44:29.799-0300] {processor.py:176} INFO - Processing /home/debian/etlhausz/venv/lib/python3.9/site-packages/airflow/example_dags/example_short_circuit_operator.py took 0.105 seconds
