[2022-11-02T05:34:52.636-0300] {processor.py:154} INFO - Started process (PID=4750) to work on /home/debian/etlhausz/venv/lib/python3.9/site-packages/airflow/example_dags/example_branch_datetime_operator.py
[2022-11-02T05:34:52.637-0300] {processor.py:756} INFO - Processing file /home/debian/etlhausz/venv/lib/python3.9/site-packages/airflow/example_dags/example_branch_datetime_operator.py for tasks to queue
[2022-11-02T05:34:52.637-0300] {logging_mixin.py:120} INFO - [2022-11-02T05:34:52.637-0300] {dagbag.py:537} INFO - Filling up the DagBag from /home/debian/etlhausz/venv/lib/python3.9/site-packages/airflow/example_dags/example_branch_datetime_operator.py
[2022-11-02T05:34:52.655-0300] {processor.py:766} INFO - DAG(s) dict_keys(['example_branch_datetime_operator_2', 'example_branch_datetime_operator_3', 'example_branch_datetime_operator']) retrieved from /home/debian/etlhausz/venv/lib/python3.9/site-packages/airflow/example_dags/example_branch_datetime_operator.py
[2022-11-02T05:34:52.748-0300] {logging_mixin.py:120} INFO - [2022-11-02T05:34:52.748-0300] {manager.py:507} INFO - Created Permission View: can read on DAG:example_branch_datetime_operator_2
[2022-11-02T05:34:52.757-0300] {logging_mixin.py:120} INFO - [2022-11-02T05:34:52.757-0300] {manager.py:507} INFO - Created Permission View: can edit on DAG:example_branch_datetime_operator_2
[2022-11-02T05:34:52.766-0300] {logging_mixin.py:120} INFO - [2022-11-02T05:34:52.766-0300] {manager.py:507} INFO - Created Permission View: can delete on DAG:example_branch_datetime_operator_2
[2022-11-02T05:34:52.784-0300] {logging_mixin.py:120} INFO - [2022-11-02T05:34:52.784-0300] {manager.py:507} INFO - Created Permission View: can read on DAG:example_branch_datetime_operator_3
[2022-11-02T05:34:52.794-0300] {logging_mixin.py:120} INFO - [2022-11-02T05:34:52.793-0300] {manager.py:507} INFO - Created Permission View: can edit on DAG:example_branch_datetime_operator_3
[2022-11-02T05:34:52.804-0300] {logging_mixin.py:120} INFO - [2022-11-02T05:34:52.804-0300] {manager.py:507} INFO - Created Permission View: can delete on DAG:example_branch_datetime_operator_3
[2022-11-02T05:34:52.824-0300] {logging_mixin.py:120} INFO - [2022-11-02T05:34:52.824-0300] {manager.py:507} INFO - Created Permission View: can read on DAG:example_branch_datetime_operator
[2022-11-02T05:34:52.833-0300] {logging_mixin.py:120} INFO - [2022-11-02T05:34:52.833-0300] {manager.py:507} INFO - Created Permission View: can edit on DAG:example_branch_datetime_operator
[2022-11-02T05:34:52.841-0300] {logging_mixin.py:120} INFO - [2022-11-02T05:34:52.841-0300] {manager.py:507} INFO - Created Permission View: can delete on DAG:example_branch_datetime_operator
[2022-11-02T05:34:52.841-0300] {logging_mixin.py:120} INFO - [2022-11-02T05:34:52.841-0300] {dag.py:2585} INFO - Sync 3 DAGs
[2022-11-02T05:34:52.848-0300] {logging_mixin.py:120} INFO - [2022-11-02T05:34:52.848-0300] {dag.py:2606} INFO - Creating ORM DAG for example_branch_datetime_operator_3
[2022-11-02T05:34:52.849-0300] {logging_mixin.py:120} INFO - [2022-11-02T05:34:52.849-0300] {dag.py:2606} INFO - Creating ORM DAG for example_branch_datetime_operator_2
[2022-11-02T05:34:52.849-0300] {logging_mixin.py:120} INFO - [2022-11-02T05:34:52.849-0300] {dag.py:2606} INFO - Creating ORM DAG for example_branch_datetime_operator
[2022-11-02T05:34:52.856-0300] {logging_mixin.py:120} INFO - [2022-11-02T05:34:52.856-0300] {dag.py:3336} INFO - Setting next_dagrun for example_branch_datetime_operator to 2022-11-01T00:00:00+00:00, run_after=2022-11-02T00:00:00+00:00
[2022-11-02T05:34:52.857-0300] {logging_mixin.py:120} INFO - [2022-11-02T05:34:52.857-0300] {dag.py:3336} INFO - Setting next_dagrun for example_branch_datetime_operator_2 to 2022-11-01T00:00:00+00:00, run_after=2022-11-02T00:00:00+00:00
[2022-11-02T05:34:52.858-0300] {logging_mixin.py:120} INFO - [2022-11-02T05:34:52.858-0300] {dag.py:3336} INFO - Setting next_dagrun for example_branch_datetime_operator_3 to 2022-11-01T00:00:00+00:00, run_after=2022-11-02T00:00:00+00:00
[2022-11-02T05:34:52.879-0300] {processor.py:176} INFO - Processing /home/debian/etlhausz/venv/lib/python3.9/site-packages/airflow/example_dags/example_branch_datetime_operator.py took 0.245 seconds
[2022-11-02T05:41:22.919-0300] {processor.py:154} INFO - Started process (PID=6704) to work on /home/debian/etlhausz/venv/lib/python3.9/site-packages/airflow/example_dags/example_branch_datetime_operator.py
[2022-11-02T05:41:22.921-0300] {processor.py:756} INFO - Processing file /home/debian/etlhausz/venv/lib/python3.9/site-packages/airflow/example_dags/example_branch_datetime_operator.py for tasks to queue
[2022-11-02T05:41:22.922-0300] {logging_mixin.py:120} INFO - [2022-11-02T05:41:22.922-0300] {dagbag.py:537} INFO - Filling up the DagBag from /home/debian/etlhausz/venv/lib/python3.9/site-packages/airflow/example_dags/example_branch_datetime_operator.py
[2022-11-02T05:41:22.972-0300] {processor.py:766} INFO - DAG(s) dict_keys(['example_branch_datetime_operator_3', 'example_branch_datetime_operator_2', 'example_branch_datetime_operator']) retrieved from /home/debian/etlhausz/venv/lib/python3.9/site-packages/airflow/example_dags/example_branch_datetime_operator.py
[2022-11-02T05:41:23.144-0300] {logging_mixin.py:120} INFO - [2022-11-02T05:41:23.142-0300] {dag.py:2585} INFO - Sync 3 DAGs
[2022-11-02T05:41:23.215-0300] {logging_mixin.py:120} INFO - [2022-11-02T05:41:23.215-0300] {dag.py:3336} INFO - Setting next_dagrun for example_branch_datetime_operator to 2022-11-01T00:00:00+00:00, run_after=2022-11-02T00:00:00+00:00
[2022-11-02T05:41:23.235-0300] {logging_mixin.py:120} INFO - [2022-11-02T05:41:23.235-0300] {dag.py:3336} INFO - Setting next_dagrun for example_branch_datetime_operator_2 to 2022-11-01T00:00:00+00:00, run_after=2022-11-02T00:00:00+00:00
[2022-11-02T05:41:23.237-0300] {logging_mixin.py:120} INFO - [2022-11-02T05:41:23.237-0300] {dag.py:3336} INFO - Setting next_dagrun for example_branch_datetime_operator_3 to 2022-11-01T00:00:00+00:00, run_after=2022-11-02T00:00:00+00:00
[2022-11-02T05:41:23.255-0300] {processor.py:176} INFO - Processing /home/debian/etlhausz/venv/lib/python3.9/site-packages/airflow/example_dags/example_branch_datetime_operator.py took 0.341 seconds
[2022-11-02T05:41:53.652-0300] {processor.py:154} INFO - Started process (PID=7057) to work on /home/debian/etlhausz/venv/lib/python3.9/site-packages/airflow/example_dags/example_branch_datetime_operator.py
[2022-11-02T05:41:53.654-0300] {processor.py:756} INFO - Processing file /home/debian/etlhausz/venv/lib/python3.9/site-packages/airflow/example_dags/example_branch_datetime_operator.py for tasks to queue
[2022-11-02T05:41:53.654-0300] {logging_mixin.py:120} INFO - [2022-11-02T05:41:53.654-0300] {dagbag.py:537} INFO - Filling up the DagBag from /home/debian/etlhausz/venv/lib/python3.9/site-packages/airflow/example_dags/example_branch_datetime_operator.py
[2022-11-02T05:41:53.682-0300] {processor.py:766} INFO - DAG(s) dict_keys(['example_branch_datetime_operator_2', 'example_branch_datetime_operator_3', 'example_branch_datetime_operator']) retrieved from /home/debian/etlhausz/venv/lib/python3.9/site-packages/airflow/example_dags/example_branch_datetime_operator.py
[2022-11-02T05:41:53.756-0300] {logging_mixin.py:120} INFO - [2022-11-02T05:41:53.756-0300] {dag.py:2585} INFO - Sync 3 DAGs
[2022-11-02T05:41:53.812-0300] {logging_mixin.py:120} INFO - [2022-11-02T05:41:53.812-0300] {dag.py:3336} INFO - Setting next_dagrun for example_branch_datetime_operator to 2022-11-01T00:00:00+00:00, run_after=2022-11-02T00:00:00+00:00
[2022-11-02T05:41:53.817-0300] {logging_mixin.py:120} INFO - [2022-11-02T05:41:53.817-0300] {dag.py:3336} INFO - Setting next_dagrun for example_branch_datetime_operator_2 to 2022-11-01T00:00:00+00:00, run_after=2022-11-02T00:00:00+00:00
[2022-11-02T05:41:53.820-0300] {logging_mixin.py:120} INFO - [2022-11-02T05:41:53.820-0300] {dag.py:3336} INFO - Setting next_dagrun for example_branch_datetime_operator_3 to 2022-11-01T00:00:00+00:00, run_after=2022-11-02T00:00:00+00:00
[2022-11-02T05:41:53.840-0300] {processor.py:176} INFO - Processing /home/debian/etlhausz/venv/lib/python3.9/site-packages/airflow/example_dags/example_branch_datetime_operator.py took 0.197 seconds
[2022-11-02T05:42:24.373-0300] {processor.py:154} INFO - Started process (PID=7292) to work on /home/debian/etlhausz/venv/lib/python3.9/site-packages/airflow/example_dags/example_branch_datetime_operator.py
[2022-11-02T05:42:24.375-0300] {processor.py:756} INFO - Processing file /home/debian/etlhausz/venv/lib/python3.9/site-packages/airflow/example_dags/example_branch_datetime_operator.py for tasks to queue
[2022-11-02T05:42:24.375-0300] {logging_mixin.py:120} INFO - [2022-11-02T05:42:24.375-0300] {dagbag.py:537} INFO - Filling up the DagBag from /home/debian/etlhausz/venv/lib/python3.9/site-packages/airflow/example_dags/example_branch_datetime_operator.py
[2022-11-02T05:42:24.391-0300] {processor.py:766} INFO - DAG(s) dict_keys(['example_branch_datetime_operator_2', 'example_branch_datetime_operator', 'example_branch_datetime_operator_3']) retrieved from /home/debian/etlhausz/venv/lib/python3.9/site-packages/airflow/example_dags/example_branch_datetime_operator.py
[2022-11-02T05:42:24.442-0300] {logging_mixin.py:120} INFO - [2022-11-02T05:42:24.442-0300] {dag.py:2585} INFO - Sync 3 DAGs
[2022-11-02T05:42:24.472-0300] {logging_mixin.py:120} INFO - [2022-11-02T05:42:24.472-0300] {dag.py:3336} INFO - Setting next_dagrun for example_branch_datetime_operator to 2022-11-01T00:00:00+00:00, run_after=2022-11-02T00:00:00+00:00
[2022-11-02T05:42:24.478-0300] {logging_mixin.py:120} INFO - [2022-11-02T05:42:24.478-0300] {dag.py:3336} INFO - Setting next_dagrun for example_branch_datetime_operator_2 to 2022-11-01T00:00:00+00:00, run_after=2022-11-02T00:00:00+00:00
[2022-11-02T05:42:24.480-0300] {logging_mixin.py:120} INFO - [2022-11-02T05:42:24.480-0300] {dag.py:3336} INFO - Setting next_dagrun for example_branch_datetime_operator_3 to 2022-11-01T00:00:00+00:00, run_after=2022-11-02T00:00:00+00:00
[2022-11-02T05:42:24.501-0300] {processor.py:176} INFO - Processing /home/debian/etlhausz/venv/lib/python3.9/site-packages/airflow/example_dags/example_branch_datetime_operator.py took 0.131 seconds
[2022-11-02T05:42:54.542-0300] {processor.py:154} INFO - Started process (PID=7533) to work on /home/debian/etlhausz/venv/lib/python3.9/site-packages/airflow/example_dags/example_branch_datetime_operator.py
[2022-11-02T05:42:54.543-0300] {processor.py:756} INFO - Processing file /home/debian/etlhausz/venv/lib/python3.9/site-packages/airflow/example_dags/example_branch_datetime_operator.py for tasks to queue
[2022-11-02T05:42:54.544-0300] {logging_mixin.py:120} INFO - [2022-11-02T05:42:54.543-0300] {dagbag.py:537} INFO - Filling up the DagBag from /home/debian/etlhausz/venv/lib/python3.9/site-packages/airflow/example_dags/example_branch_datetime_operator.py
[2022-11-02T05:42:54.559-0300] {processor.py:766} INFO - DAG(s) dict_keys(['example_branch_datetime_operator_3', 'example_branch_datetime_operator', 'example_branch_datetime_operator_2']) retrieved from /home/debian/etlhausz/venv/lib/python3.9/site-packages/airflow/example_dags/example_branch_datetime_operator.py
[2022-11-02T05:42:54.603-0300] {logging_mixin.py:120} INFO - [2022-11-02T05:42:54.602-0300] {dag.py:2585} INFO - Sync 3 DAGs
[2022-11-02T05:42:54.624-0300] {logging_mixin.py:120} INFO - [2022-11-02T05:42:54.624-0300] {dag.py:3336} INFO - Setting next_dagrun for example_branch_datetime_operator to 2022-11-01T00:00:00+00:00, run_after=2022-11-02T00:00:00+00:00
[2022-11-02T05:42:54.628-0300] {logging_mixin.py:120} INFO - [2022-11-02T05:42:54.628-0300] {dag.py:3336} INFO - Setting next_dagrun for example_branch_datetime_operator_2 to 2022-11-01T00:00:00+00:00, run_after=2022-11-02T00:00:00+00:00
[2022-11-02T05:42:54.630-0300] {logging_mixin.py:120} INFO - [2022-11-02T05:42:54.630-0300] {dag.py:3336} INFO - Setting next_dagrun for example_branch_datetime_operator_3 to 2022-11-01T00:00:00+00:00, run_after=2022-11-02T00:00:00+00:00
[2022-11-02T05:42:54.643-0300] {processor.py:176} INFO - Processing /home/debian/etlhausz/venv/lib/python3.9/site-packages/airflow/example_dags/example_branch_datetime_operator.py took 0.104 seconds
[2022-11-02T05:43:25.303-0300] {processor.py:154} INFO - Started process (PID=7764) to work on /home/debian/etlhausz/venv/lib/python3.9/site-packages/airflow/example_dags/example_branch_datetime_operator.py
[2022-11-02T05:43:25.305-0300] {processor.py:756} INFO - Processing file /home/debian/etlhausz/venv/lib/python3.9/site-packages/airflow/example_dags/example_branch_datetime_operator.py for tasks to queue
[2022-11-02T05:43:25.306-0300] {logging_mixin.py:120} INFO - [2022-11-02T05:43:25.305-0300] {dagbag.py:537} INFO - Filling up the DagBag from /home/debian/etlhausz/venv/lib/python3.9/site-packages/airflow/example_dags/example_branch_datetime_operator.py
[2022-11-02T05:43:25.322-0300] {processor.py:766} INFO - DAG(s) dict_keys(['example_branch_datetime_operator_2', 'example_branch_datetime_operator_3', 'example_branch_datetime_operator']) retrieved from /home/debian/etlhausz/venv/lib/python3.9/site-packages/airflow/example_dags/example_branch_datetime_operator.py
[2022-11-02T05:43:25.381-0300] {logging_mixin.py:120} INFO - [2022-11-02T05:43:25.381-0300] {dag.py:2585} INFO - Sync 3 DAGs
[2022-11-02T05:43:25.402-0300] {logging_mixin.py:120} INFO - [2022-11-02T05:43:25.402-0300] {dag.py:3336} INFO - Setting next_dagrun for example_branch_datetime_operator to 2022-11-01T00:00:00+00:00, run_after=2022-11-02T00:00:00+00:00
[2022-11-02T05:43:25.407-0300] {logging_mixin.py:120} INFO - [2022-11-02T05:43:25.407-0300] {dag.py:3336} INFO - Setting next_dagrun for example_branch_datetime_operator_2 to 2022-11-01T00:00:00+00:00, run_after=2022-11-02T00:00:00+00:00
[2022-11-02T05:43:25.410-0300] {logging_mixin.py:120} INFO - [2022-11-02T05:43:25.410-0300] {dag.py:3336} INFO - Setting next_dagrun for example_branch_datetime_operator_3 to 2022-11-01T00:00:00+00:00, run_after=2022-11-02T00:00:00+00:00
[2022-11-02T05:43:25.428-0300] {processor.py:176} INFO - Processing /home/debian/etlhausz/venv/lib/python3.9/site-packages/airflow/example_dags/example_branch_datetime_operator.py took 0.128 seconds
[2022-11-02T05:43:56.210-0300] {processor.py:154} INFO - Started process (PID=8000) to work on /home/debian/etlhausz/venv/lib/python3.9/site-packages/airflow/example_dags/example_branch_datetime_operator.py
[2022-11-02T05:43:56.213-0300] {processor.py:756} INFO - Processing file /home/debian/etlhausz/venv/lib/python3.9/site-packages/airflow/example_dags/example_branch_datetime_operator.py for tasks to queue
[2022-11-02T05:43:56.214-0300] {logging_mixin.py:120} INFO - [2022-11-02T05:43:56.214-0300] {dagbag.py:537} INFO - Filling up the DagBag from /home/debian/etlhausz/venv/lib/python3.9/site-packages/airflow/example_dags/example_branch_datetime_operator.py
[2022-11-02T05:43:56.230-0300] {processor.py:766} INFO - DAG(s) dict_keys(['example_branch_datetime_operator_3', 'example_branch_datetime_operator', 'example_branch_datetime_operator_2']) retrieved from /home/debian/etlhausz/venv/lib/python3.9/site-packages/airflow/example_dags/example_branch_datetime_operator.py
[2022-11-02T05:43:56.302-0300] {logging_mixin.py:120} INFO - [2022-11-02T05:43:56.302-0300] {dag.py:2585} INFO - Sync 3 DAGs
[2022-11-02T05:43:56.385-0300] {logging_mixin.py:120} INFO - [2022-11-02T05:43:56.385-0300] {dag.py:3336} INFO - Setting next_dagrun for example_branch_datetime_operator to 2022-11-01T00:00:00+00:00, run_after=2022-11-02T00:00:00+00:00
[2022-11-02T05:43:56.403-0300] {logging_mixin.py:120} INFO - [2022-11-02T05:43:56.403-0300] {dag.py:3336} INFO - Setting next_dagrun for example_branch_datetime_operator_2 to 2022-11-01T00:00:00+00:00, run_after=2022-11-02T00:00:00+00:00
[2022-11-02T05:43:56.412-0300] {logging_mixin.py:120} INFO - [2022-11-02T05:43:56.412-0300] {dag.py:3336} INFO - Setting next_dagrun for example_branch_datetime_operator_3 to 2022-11-01T00:00:00+00:00, run_after=2022-11-02T00:00:00+00:00
[2022-11-02T05:43:56.482-0300] {processor.py:176} INFO - Processing /home/debian/etlhausz/venv/lib/python3.9/site-packages/airflow/example_dags/example_branch_datetime_operator.py took 0.277 seconds
[2022-11-02T05:44:27.440-0300] {processor.py:154} INFO - Started process (PID=8380) to work on /home/debian/etlhausz/venv/lib/python3.9/site-packages/airflow/example_dags/example_branch_datetime_operator.py
[2022-11-02T05:44:27.460-0300] {processor.py:756} INFO - Processing file /home/debian/etlhausz/venv/lib/python3.9/site-packages/airflow/example_dags/example_branch_datetime_operator.py for tasks to queue
[2022-11-02T05:44:27.460-0300] {logging_mixin.py:120} INFO - [2022-11-02T05:44:27.460-0300] {dagbag.py:537} INFO - Filling up the DagBag from /home/debian/etlhausz/venv/lib/python3.9/site-packages/airflow/example_dags/example_branch_datetime_operator.py
[2022-11-02T05:44:27.655-0300] {processor.py:766} INFO - DAG(s) dict_keys(['example_branch_datetime_operator_3', 'example_branch_datetime_operator', 'example_branch_datetime_operator_2']) retrieved from /home/debian/etlhausz/venv/lib/python3.9/site-packages/airflow/example_dags/example_branch_datetime_operator.py
[2022-11-02T05:44:27.908-0300] {logging_mixin.py:120} INFO - [2022-11-02T05:44:27.908-0300] {dag.py:2585} INFO - Sync 3 DAGs
[2022-11-02T05:44:28.049-0300] {logging_mixin.py:120} INFO - [2022-11-02T05:44:28.048-0300] {dag.py:3336} INFO - Setting next_dagrun for example_branch_datetime_operator to 2022-11-01T00:00:00+00:00, run_after=2022-11-02T00:00:00+00:00
[2022-11-02T05:44:28.114-0300] {logging_mixin.py:120} INFO - [2022-11-02T05:44:28.114-0300] {dag.py:3336} INFO - Setting next_dagrun for example_branch_datetime_operator_2 to 2022-11-01T00:00:00+00:00, run_after=2022-11-02T00:00:00+00:00
[2022-11-02T05:44:28.153-0300] {logging_mixin.py:120} INFO - [2022-11-02T05:44:28.153-0300] {dag.py:3336} INFO - Setting next_dagrun for example_branch_datetime_operator_3 to 2022-11-01T00:00:00+00:00, run_after=2022-11-02T00:00:00+00:00
[2022-11-02T05:44:28.271-0300] {processor.py:176} INFO - Processing /home/debian/etlhausz/venv/lib/python3.9/site-packages/airflow/example_dags/example_branch_datetime_operator.py took 0.856 seconds
