[2022-11-02T05:35:18.891-0300] {processor.py:154} INFO - Started process (PID=4941) to work on /home/debian/etlhausz/venv/lib/python3.9/site-packages/airflow/example_dags/example_branch_labels.py
[2022-11-02T05:35:18.893-0300] {processor.py:756} INFO - Processing file /home/debian/etlhausz/venv/lib/python3.9/site-packages/airflow/example_dags/example_branch_labels.py for tasks to queue
[2022-11-02T05:35:18.898-0300] {logging_mixin.py:120} INFO - [2022-11-02T05:35:18.895-0300] {dagbag.py:537} INFO - Filling up the DagBag from /home/debian/etlhausz/venv/lib/python3.9/site-packages/airflow/example_dags/example_branch_labels.py
[2022-11-02T05:35:19.026-0300] {processor.py:766} INFO - DAG(s) dict_keys(['example_branch_labels']) retrieved from /home/debian/etlhausz/venv/lib/python3.9/site-packages/airflow/example_dags/example_branch_labels.py
[2022-11-02T05:35:19.912-0300] {logging_mixin.py:120} INFO - [2022-11-02T05:35:19.911-0300] {manager.py:507} INFO - Created Permission View: can read on DAG:example_branch_labels
[2022-11-02T05:35:19.983-0300] {logging_mixin.py:120} INFO - [2022-11-02T05:35:19.983-0300] {manager.py:507} INFO - Created Permission View: can edit on DAG:example_branch_labels
[2022-11-02T05:35:20.055-0300] {logging_mixin.py:120} INFO - [2022-11-02T05:35:20.054-0300] {manager.py:507} INFO - Created Permission View: can delete on DAG:example_branch_labels
[2022-11-02T05:35:20.055-0300] {logging_mixin.py:120} INFO - [2022-11-02T05:35:20.055-0300] {dag.py:2585} INFO - Sync 1 DAGs
[2022-11-02T05:35:20.109-0300] {logging_mixin.py:120} INFO - [2022-11-02T05:35:20.105-0300] {dag.py:2606} INFO - Creating ORM DAG for example_branch_labels
[2022-11-02T05:35:20.219-0300] {logging_mixin.py:120} INFO - [2022-11-02T05:35:20.219-0300] {dag.py:3336} INFO - Setting next_dagrun for example_branch_labels to 2022-11-01T00:00:00+00:00, run_after=2022-11-02T00:00:00+00:00
[2022-11-02T05:35:20.500-0300] {processor.py:176} INFO - Processing /home/debian/etlhausz/venv/lib/python3.9/site-packages/airflow/example_dags/example_branch_labels.py took 1.638 seconds
[2022-11-02T05:41:25.030-0300] {processor.py:154} INFO - Started process (PID=6812) to work on /home/debian/etlhausz/venv/lib/python3.9/site-packages/airflow/example_dags/example_branch_labels.py
[2022-11-02T05:41:25.032-0300] {processor.py:756} INFO - Processing file /home/debian/etlhausz/venv/lib/python3.9/site-packages/airflow/example_dags/example_branch_labels.py for tasks to queue
[2022-11-02T05:41:25.033-0300] {logging_mixin.py:120} INFO - [2022-11-02T05:41:25.032-0300] {dagbag.py:537} INFO - Filling up the DagBag from /home/debian/etlhausz/venv/lib/python3.9/site-packages/airflow/example_dags/example_branch_labels.py
[2022-11-02T05:41:25.049-0300] {processor.py:766} INFO - DAG(s) dict_keys(['example_branch_labels']) retrieved from /home/debian/etlhausz/venv/lib/python3.9/site-packages/airflow/example_dags/example_branch_labels.py
[2022-11-02T05:41:25.094-0300] {logging_mixin.py:120} INFO - [2022-11-02T05:41:25.094-0300] {dag.py:2585} INFO - Sync 1 DAGs
[2022-11-02T05:41:25.112-0300] {logging_mixin.py:120} INFO - [2022-11-02T05:41:25.112-0300] {dag.py:3336} INFO - Setting next_dagrun for example_branch_labels to 2022-11-01T00:00:00+00:00, run_after=2022-11-02T00:00:00+00:00
[2022-11-02T05:41:25.131-0300] {processor.py:176} INFO - Processing /home/debian/etlhausz/venv/lib/python3.9/site-packages/airflow/example_dags/example_branch_labels.py took 0.104 seconds
[2022-11-02T05:41:56.029-0300] {processor.py:154} INFO - Started process (PID=7170) to work on /home/debian/etlhausz/venv/lib/python3.9/site-packages/airflow/example_dags/example_branch_labels.py
[2022-11-02T05:41:56.030-0300] {processor.py:756} INFO - Processing file /home/debian/etlhausz/venv/lib/python3.9/site-packages/airflow/example_dags/example_branch_labels.py for tasks to queue
[2022-11-02T05:41:56.031-0300] {logging_mixin.py:120} INFO - [2022-11-02T05:41:56.031-0300] {dagbag.py:537} INFO - Filling up the DagBag from /home/debian/etlhausz/venv/lib/python3.9/site-packages/airflow/example_dags/example_branch_labels.py
[2022-11-02T05:41:56.042-0300] {processor.py:766} INFO - DAG(s) dict_keys(['example_branch_labels']) retrieved from /home/debian/etlhausz/venv/lib/python3.9/site-packages/airflow/example_dags/example_branch_labels.py
[2022-11-02T05:41:56.086-0300] {logging_mixin.py:120} INFO - [2022-11-02T05:41:56.086-0300] {dag.py:2585} INFO - Sync 1 DAGs
[2022-11-02T05:41:56.107-0300] {logging_mixin.py:120} INFO - [2022-11-02T05:41:56.107-0300] {dag.py:3336} INFO - Setting next_dagrun for example_branch_labels to 2022-11-01T00:00:00+00:00, run_after=2022-11-02T00:00:00+00:00
[2022-11-02T05:41:56.128-0300] {processor.py:176} INFO - Processing /home/debian/etlhausz/venv/lib/python3.9/site-packages/airflow/example_dags/example_branch_labels.py took 0.103 seconds
[2022-11-02T05:42:26.634-0300] {processor.py:154} INFO - Started process (PID=7402) to work on /home/debian/etlhausz/venv/lib/python3.9/site-packages/airflow/example_dags/example_branch_labels.py
[2022-11-02T05:42:26.635-0300] {processor.py:756} INFO - Processing file /home/debian/etlhausz/venv/lib/python3.9/site-packages/airflow/example_dags/example_branch_labels.py for tasks to queue
[2022-11-02T05:42:26.636-0300] {logging_mixin.py:120} INFO - [2022-11-02T05:42:26.636-0300] {dagbag.py:537} INFO - Filling up the DagBag from /home/debian/etlhausz/venv/lib/python3.9/site-packages/airflow/example_dags/example_branch_labels.py
[2022-11-02T05:42:26.649-0300] {processor.py:766} INFO - DAG(s) dict_keys(['example_branch_labels']) retrieved from /home/debian/etlhausz/venv/lib/python3.9/site-packages/airflow/example_dags/example_branch_labels.py
[2022-11-02T05:42:26.694-0300] {logging_mixin.py:120} INFO - [2022-11-02T05:42:26.694-0300] {dag.py:2585} INFO - Sync 1 DAGs
[2022-11-02T05:42:26.714-0300] {logging_mixin.py:120} INFO - [2022-11-02T05:42:26.714-0300] {dag.py:3336} INFO - Setting next_dagrun for example_branch_labels to 2022-11-01T00:00:00+00:00, run_after=2022-11-02T00:00:00+00:00
[2022-11-02T05:42:26.737-0300] {processor.py:176} INFO - Processing /home/debian/etlhausz/venv/lib/python3.9/site-packages/airflow/example_dags/example_branch_labels.py took 0.106 seconds
[2022-11-02T05:42:56.854-0300] {processor.py:154} INFO - Started process (PID=7643) to work on /home/debian/etlhausz/venv/lib/python3.9/site-packages/airflow/example_dags/example_branch_labels.py
[2022-11-02T05:42:56.855-0300] {processor.py:756} INFO - Processing file /home/debian/etlhausz/venv/lib/python3.9/site-packages/airflow/example_dags/example_branch_labels.py for tasks to queue
[2022-11-02T05:42:56.856-0300] {logging_mixin.py:120} INFO - [2022-11-02T05:42:56.855-0300] {dagbag.py:537} INFO - Filling up the DagBag from /home/debian/etlhausz/venv/lib/python3.9/site-packages/airflow/example_dags/example_branch_labels.py
[2022-11-02T05:42:56.868-0300] {processor.py:766} INFO - DAG(s) dict_keys(['example_branch_labels']) retrieved from /home/debian/etlhausz/venv/lib/python3.9/site-packages/airflow/example_dags/example_branch_labels.py
[2022-11-02T05:42:56.915-0300] {logging_mixin.py:120} INFO - [2022-11-02T05:42:56.915-0300] {dag.py:2585} INFO - Sync 1 DAGs
[2022-11-02T05:42:56.935-0300] {logging_mixin.py:120} INFO - [2022-11-02T05:42:56.935-0300] {dag.py:3336} INFO - Setting next_dagrun for example_branch_labels to 2022-11-01T00:00:00+00:00, run_after=2022-11-02T00:00:00+00:00
[2022-11-02T05:42:56.956-0300] {processor.py:176} INFO - Processing /home/debian/etlhausz/venv/lib/python3.9/site-packages/airflow/example_dags/example_branch_labels.py took 0.106 seconds
[2022-11-02T05:43:27.652-0300] {processor.py:154} INFO - Started process (PID=7873) to work on /home/debian/etlhausz/venv/lib/python3.9/site-packages/airflow/example_dags/example_branch_labels.py
[2022-11-02T05:43:27.653-0300] {processor.py:756} INFO - Processing file /home/debian/etlhausz/venv/lib/python3.9/site-packages/airflow/example_dags/example_branch_labels.py for tasks to queue
[2022-11-02T05:43:27.654-0300] {logging_mixin.py:120} INFO - [2022-11-02T05:43:27.654-0300] {dagbag.py:537} INFO - Filling up the DagBag from /home/debian/etlhausz/venv/lib/python3.9/site-packages/airflow/example_dags/example_branch_labels.py
[2022-11-02T05:43:27.682-0300] {processor.py:766} INFO - DAG(s) dict_keys(['example_branch_labels']) retrieved from /home/debian/etlhausz/venv/lib/python3.9/site-packages/airflow/example_dags/example_branch_labels.py
[2022-11-02T05:43:27.733-0300] {logging_mixin.py:120} INFO - [2022-11-02T05:43:27.733-0300] {dag.py:2585} INFO - Sync 1 DAGs
[2022-11-02T05:43:27.755-0300] {logging_mixin.py:120} INFO - [2022-11-02T05:43:27.755-0300] {dag.py:3336} INFO - Setting next_dagrun for example_branch_labels to 2022-11-01T00:00:00+00:00, run_after=2022-11-02T00:00:00+00:00
[2022-11-02T05:43:27.777-0300] {processor.py:176} INFO - Processing /home/debian/etlhausz/venv/lib/python3.9/site-packages/airflow/example_dags/example_branch_labels.py took 0.130 seconds
[2022-11-02T05:43:59.851-0300] {processor.py:154} INFO - Started process (PID=8149) to work on /home/debian/etlhausz/venv/lib/python3.9/site-packages/airflow/example_dags/example_branch_labels.py
[2022-11-02T05:43:59.852-0300] {processor.py:756} INFO - Processing file /home/debian/etlhausz/venv/lib/python3.9/site-packages/airflow/example_dags/example_branch_labels.py for tasks to queue
[2022-11-02T05:43:59.852-0300] {logging_mixin.py:120} INFO - [2022-11-02T05:43:59.852-0300] {dagbag.py:537} INFO - Filling up the DagBag from /home/debian/etlhausz/venv/lib/python3.9/site-packages/airflow/example_dags/example_branch_labels.py
[2022-11-02T05:43:59.865-0300] {processor.py:766} INFO - DAG(s) dict_keys(['example_branch_labels']) retrieved from /home/debian/etlhausz/venv/lib/python3.9/site-packages/airflow/example_dags/example_branch_labels.py
[2022-11-02T05:43:59.908-0300] {logging_mixin.py:120} INFO - [2022-11-02T05:43:59.908-0300] {dag.py:2585} INFO - Sync 1 DAGs
[2022-11-02T05:43:59.931-0300] {logging_mixin.py:120} INFO - [2022-11-02T05:43:59.931-0300] {dag.py:3336} INFO - Setting next_dagrun for example_branch_labels to 2022-11-01T00:00:00+00:00, run_after=2022-11-02T00:00:00+00:00
[2022-11-02T05:43:59.950-0300] {processor.py:176} INFO - Processing /home/debian/etlhausz/venv/lib/python3.9/site-packages/airflow/example_dags/example_branch_labels.py took 0.102 seconds
[2022-11-02T05:44:30.321-0300] {processor.py:154} INFO - Started process (PID=8522) to work on /home/debian/etlhausz/venv/lib/python3.9/site-packages/airflow/example_dags/example_branch_labels.py
[2022-11-02T05:44:30.323-0300] {processor.py:756} INFO - Processing file /home/debian/etlhausz/venv/lib/python3.9/site-packages/airflow/example_dags/example_branch_labels.py for tasks to queue
[2022-11-02T05:44:30.324-0300] {logging_mixin.py:120} INFO - [2022-11-02T05:44:30.324-0300] {dagbag.py:537} INFO - Filling up the DagBag from /home/debian/etlhausz/venv/lib/python3.9/site-packages/airflow/example_dags/example_branch_labels.py
[2022-11-02T05:44:30.349-0300] {processor.py:766} INFO - DAG(s) dict_keys(['example_branch_labels']) retrieved from /home/debian/etlhausz/venv/lib/python3.9/site-packages/airflow/example_dags/example_branch_labels.py
[2022-11-02T05:44:30.406-0300] {logging_mixin.py:120} INFO - [2022-11-02T05:44:30.406-0300] {dag.py:2585} INFO - Sync 1 DAGs
[2022-11-02T05:44:30.427-0300] {logging_mixin.py:120} INFO - [2022-11-02T05:44:30.427-0300] {dag.py:3336} INFO - Setting next_dagrun for example_branch_labels to 2022-11-01T00:00:00+00:00, run_after=2022-11-02T00:00:00+00:00
[2022-11-02T05:44:30.452-0300] {processor.py:176} INFO - Processing /home/debian/etlhausz/venv/lib/python3.9/site-packages/airflow/example_dags/example_branch_labels.py took 0.139 seconds
