[2022-11-02T05:35:07.330-0300] {processor.py:154} INFO - Started process (PID=4870) to work on /home/debian/etlhausz/venv/lib/python3.9/site-packages/airflow/example_dags/example_xcomargs.py
[2022-11-02T05:35:07.331-0300] {processor.py:756} INFO - Processing file /home/debian/etlhausz/venv/lib/python3.9/site-packages/airflow/example_dags/example_xcomargs.py for tasks to queue
[2022-11-02T05:35:07.332-0300] {logging_mixin.py:120} INFO - [2022-11-02T05:35:07.331-0300] {dagbag.py:537} INFO - Filling up the DagBag from /home/debian/etlhausz/venv/lib/python3.9/site-packages/airflow/example_dags/example_xcomargs.py
[2022-11-02T05:35:07.353-0300] {processor.py:766} INFO - DAG(s) dict_keys(['example_xcom_args', 'example_xcom_args_with_operators']) retrieved from /home/debian/etlhausz/venv/lib/python3.9/site-packages/airflow/example_dags/example_xcomargs.py
[2022-11-02T05:35:07.546-0300] {logging_mixin.py:120} INFO - [2022-11-02T05:35:07.546-0300] {manager.py:507} INFO - Created Permission View: can read on DAG:example_xcom_args
[2022-11-02T05:35:07.558-0300] {logging_mixin.py:120} INFO - [2022-11-02T05:35:07.558-0300] {manager.py:507} INFO - Created Permission View: can edit on DAG:example_xcom_args
[2022-11-02T05:35:07.608-0300] {logging_mixin.py:120} INFO - [2022-11-02T05:35:07.608-0300] {manager.py:507} INFO - Created Permission View: can delete on DAG:example_xcom_args
[2022-11-02T05:35:07.641-0300] {logging_mixin.py:120} INFO - [2022-11-02T05:35:07.640-0300] {manager.py:507} INFO - Created Permission View: can read on DAG:example_xcom_args_with_operators
[2022-11-02T05:35:07.650-0300] {logging_mixin.py:120} INFO - [2022-11-02T05:35:07.650-0300] {manager.py:507} INFO - Created Permission View: can edit on DAG:example_xcom_args_with_operators
[2022-11-02T05:35:07.661-0300] {logging_mixin.py:120} INFO - [2022-11-02T05:35:07.661-0300] {manager.py:507} INFO - Created Permission View: can delete on DAG:example_xcom_args_with_operators
[2022-11-02T05:35:07.661-0300] {logging_mixin.py:120} INFO - [2022-11-02T05:35:07.661-0300] {dag.py:2585} INFO - Sync 2 DAGs
[2022-11-02T05:35:07.670-0300] {logging_mixin.py:120} INFO - [2022-11-02T05:35:07.670-0300] {dag.py:2606} INFO - Creating ORM DAG for example_xcom_args
[2022-11-02T05:35:07.670-0300] {logging_mixin.py:120} INFO - [2022-11-02T05:35:07.670-0300] {dag.py:2606} INFO - Creating ORM DAG for example_xcom_args_with_operators
[2022-11-02T05:35:07.676-0300] {logging_mixin.py:120} INFO - [2022-11-02T05:35:07.676-0300] {dag.py:3336} INFO - Setting next_dagrun for example_xcom_args to None, run_after=None
[2022-11-02T05:35:07.676-0300] {logging_mixin.py:120} INFO - [2022-11-02T05:35:07.676-0300] {dag.py:3336} INFO - Setting next_dagrun for example_xcom_args_with_operators to None, run_after=None
[2022-11-02T05:35:07.697-0300] {processor.py:176} INFO - Processing /home/debian/etlhausz/venv/lib/python3.9/site-packages/airflow/example_dags/example_xcomargs.py took 0.370 seconds
[2022-11-02T05:41:24.470-0300] {processor.py:154} INFO - Started process (PID=6776) to work on /home/debian/etlhausz/venv/lib/python3.9/site-packages/airflow/example_dags/example_xcomargs.py
[2022-11-02T05:41:24.472-0300] {processor.py:756} INFO - Processing file /home/debian/etlhausz/venv/lib/python3.9/site-packages/airflow/example_dags/example_xcomargs.py for tasks to queue
[2022-11-02T05:41:24.472-0300] {logging_mixin.py:120} INFO - [2022-11-02T05:41:24.472-0300] {dagbag.py:537} INFO - Filling up the DagBag from /home/debian/etlhausz/venv/lib/python3.9/site-packages/airflow/example_dags/example_xcomargs.py
[2022-11-02T05:41:24.495-0300] {processor.py:766} INFO - DAG(s) dict_keys(['example_xcom_args_with_operators', 'example_xcom_args']) retrieved from /home/debian/etlhausz/venv/lib/python3.9/site-packages/airflow/example_dags/example_xcomargs.py
[2022-11-02T05:41:24.550-0300] {logging_mixin.py:120} INFO - [2022-11-02T05:41:24.550-0300] {dag.py:2585} INFO - Sync 2 DAGs
[2022-11-02T05:41:24.572-0300] {logging_mixin.py:120} INFO - [2022-11-02T05:41:24.572-0300] {dag.py:3336} INFO - Setting next_dagrun for example_xcom_args to None, run_after=None
[2022-11-02T05:41:24.575-0300] {logging_mixin.py:120} INFO - [2022-11-02T05:41:24.575-0300] {dag.py:3336} INFO - Setting next_dagrun for example_xcom_args_with_operators to None, run_after=None
[2022-11-02T05:41:24.600-0300] {processor.py:176} INFO - Processing /home/debian/etlhausz/venv/lib/python3.9/site-packages/airflow/example_dags/example_xcomargs.py took 0.132 seconds
[2022-11-02T05:41:55.605-0300] {processor.py:154} INFO - Started process (PID=7133) to work on /home/debian/etlhausz/venv/lib/python3.9/site-packages/airflow/example_dags/example_xcomargs.py
[2022-11-02T05:41:55.606-0300] {processor.py:756} INFO - Processing file /home/debian/etlhausz/venv/lib/python3.9/site-packages/airflow/example_dags/example_xcomargs.py for tasks to queue
[2022-11-02T05:41:55.607-0300] {logging_mixin.py:120} INFO - [2022-11-02T05:41:55.607-0300] {dagbag.py:537} INFO - Filling up the DagBag from /home/debian/etlhausz/venv/lib/python3.9/site-packages/airflow/example_dags/example_xcomargs.py
[2022-11-02T05:41:55.637-0300] {processor.py:766} INFO - DAG(s) dict_keys(['example_xcom_args', 'example_xcom_args_with_operators']) retrieved from /home/debian/etlhausz/venv/lib/python3.9/site-packages/airflow/example_dags/example_xcomargs.py
[2022-11-02T05:41:55.685-0300] {logging_mixin.py:120} INFO - [2022-11-02T05:41:55.685-0300] {dag.py:2585} INFO - Sync 2 DAGs
[2022-11-02T05:41:55.703-0300] {logging_mixin.py:120} INFO - [2022-11-02T05:41:55.703-0300] {dag.py:3336} INFO - Setting next_dagrun for example_xcom_args to None, run_after=None
[2022-11-02T05:41:55.705-0300] {logging_mixin.py:120} INFO - [2022-11-02T05:41:55.705-0300] {dag.py:3336} INFO - Setting next_dagrun for example_xcom_args_with_operators to None, run_after=None
[2022-11-02T05:41:55.724-0300] {processor.py:176} INFO - Processing /home/debian/etlhausz/venv/lib/python3.9/site-packages/airflow/example_dags/example_xcomargs.py took 0.126 seconds
[2022-11-02T05:42:26.227-0300] {processor.py:154} INFO - Started process (PID=7366) to work on /home/debian/etlhausz/venv/lib/python3.9/site-packages/airflow/example_dags/example_xcomargs.py
[2022-11-02T05:42:26.228-0300] {processor.py:756} INFO - Processing file /home/debian/etlhausz/venv/lib/python3.9/site-packages/airflow/example_dags/example_xcomargs.py for tasks to queue
[2022-11-02T05:42:26.228-0300] {logging_mixin.py:120} INFO - [2022-11-02T05:42:26.228-0300] {dagbag.py:537} INFO - Filling up the DagBag from /home/debian/etlhausz/venv/lib/python3.9/site-packages/airflow/example_dags/example_xcomargs.py
[2022-11-02T05:42:26.251-0300] {processor.py:766} INFO - DAG(s) dict_keys(['example_xcom_args_with_operators', 'example_xcom_args']) retrieved from /home/debian/etlhausz/venv/lib/python3.9/site-packages/airflow/example_dags/example_xcomargs.py
[2022-11-02T05:42:26.298-0300] {logging_mixin.py:120} INFO - [2022-11-02T05:42:26.298-0300] {dag.py:2585} INFO - Sync 2 DAGs
[2022-11-02T05:42:26.319-0300] {logging_mixin.py:120} INFO - [2022-11-02T05:42:26.319-0300] {dag.py:3336} INFO - Setting next_dagrun for example_xcom_args to None, run_after=None
[2022-11-02T05:42:26.323-0300] {logging_mixin.py:120} INFO - [2022-11-02T05:42:26.323-0300] {dag.py:3336} INFO - Setting next_dagrun for example_xcom_args_with_operators to None, run_after=None
[2022-11-02T05:42:26.342-0300] {processor.py:176} INFO - Processing /home/debian/etlhausz/venv/lib/python3.9/site-packages/airflow/example_dags/example_xcomargs.py took 0.118 seconds
[2022-11-02T05:42:56.450-0300] {processor.py:154} INFO - Started process (PID=7607) to work on /home/debian/etlhausz/venv/lib/python3.9/site-packages/airflow/example_dags/example_xcomargs.py
[2022-11-02T05:42:56.451-0300] {processor.py:756} INFO - Processing file /home/debian/etlhausz/venv/lib/python3.9/site-packages/airflow/example_dags/example_xcomargs.py for tasks to queue
[2022-11-02T05:42:56.451-0300] {logging_mixin.py:120} INFO - [2022-11-02T05:42:56.451-0300] {dagbag.py:537} INFO - Filling up the DagBag from /home/debian/etlhausz/venv/lib/python3.9/site-packages/airflow/example_dags/example_xcomargs.py
[2022-11-02T05:42:56.470-0300] {processor.py:766} INFO - DAG(s) dict_keys(['example_xcom_args', 'example_xcom_args_with_operators']) retrieved from /home/debian/etlhausz/venv/lib/python3.9/site-packages/airflow/example_dags/example_xcomargs.py
[2022-11-02T05:42:56.518-0300] {logging_mixin.py:120} INFO - [2022-11-02T05:42:56.517-0300] {dag.py:2585} INFO - Sync 2 DAGs
[2022-11-02T05:42:56.535-0300] {logging_mixin.py:120} INFO - [2022-11-02T05:42:56.535-0300] {dag.py:3336} INFO - Setting next_dagrun for example_xcom_args to None, run_after=None
[2022-11-02T05:42:56.537-0300] {logging_mixin.py:120} INFO - [2022-11-02T05:42:56.537-0300] {dag.py:3336} INFO - Setting next_dagrun for example_xcom_args_with_operators to None, run_after=None
[2022-11-02T05:42:56.556-0300] {processor.py:176} INFO - Processing /home/debian/etlhausz/venv/lib/python3.9/site-packages/airflow/example_dags/example_xcomargs.py took 0.109 seconds
[2022-11-02T05:43:27.229-0300] {processor.py:154} INFO - Started process (PID=7837) to work on /home/debian/etlhausz/venv/lib/python3.9/site-packages/airflow/example_dags/example_xcomargs.py
[2022-11-02T05:43:27.230-0300] {processor.py:756} INFO - Processing file /home/debian/etlhausz/venv/lib/python3.9/site-packages/airflow/example_dags/example_xcomargs.py for tasks to queue
[2022-11-02T05:43:27.231-0300] {logging_mixin.py:120} INFO - [2022-11-02T05:43:27.230-0300] {dagbag.py:537} INFO - Filling up the DagBag from /home/debian/etlhausz/venv/lib/python3.9/site-packages/airflow/example_dags/example_xcomargs.py
[2022-11-02T05:43:27.250-0300] {processor.py:766} INFO - DAG(s) dict_keys(['example_xcom_args', 'example_xcom_args_with_operators']) retrieved from /home/debian/etlhausz/venv/lib/python3.9/site-packages/airflow/example_dags/example_xcomargs.py
[2022-11-02T05:43:27.300-0300] {logging_mixin.py:120} INFO - [2022-11-02T05:43:27.300-0300] {dag.py:2585} INFO - Sync 2 DAGs
[2022-11-02T05:43:27.321-0300] {logging_mixin.py:120} INFO - [2022-11-02T05:43:27.321-0300] {dag.py:3336} INFO - Setting next_dagrun for example_xcom_args to None, run_after=None
[2022-11-02T05:43:27.325-0300] {logging_mixin.py:120} INFO - [2022-11-02T05:43:27.325-0300] {dag.py:3336} INFO - Setting next_dagrun for example_xcom_args_with_operators to None, run_after=None
[2022-11-02T05:43:27.346-0300] {processor.py:176} INFO - Processing /home/debian/etlhausz/venv/lib/python3.9/site-packages/airflow/example_dags/example_xcomargs.py took 0.121 seconds
[2022-11-02T05:43:59.431-0300] {processor.py:154} INFO - Started process (PID=8113) to work on /home/debian/etlhausz/venv/lib/python3.9/site-packages/airflow/example_dags/example_xcomargs.py
[2022-11-02T05:43:59.432-0300] {processor.py:756} INFO - Processing file /home/debian/etlhausz/venv/lib/python3.9/site-packages/airflow/example_dags/example_xcomargs.py for tasks to queue
[2022-11-02T05:43:59.432-0300] {logging_mixin.py:120} INFO - [2022-11-02T05:43:59.432-0300] {dagbag.py:537} INFO - Filling up the DagBag from /home/debian/etlhausz/venv/lib/python3.9/site-packages/airflow/example_dags/example_xcomargs.py
[2022-11-02T05:43:59.450-0300] {processor.py:766} INFO - DAG(s) dict_keys(['example_xcom_args_with_operators', 'example_xcom_args']) retrieved from /home/debian/etlhausz/venv/lib/python3.9/site-packages/airflow/example_dags/example_xcomargs.py
[2022-11-02T05:43:59.510-0300] {logging_mixin.py:120} INFO - [2022-11-02T05:43:59.509-0300] {dag.py:2585} INFO - Sync 2 DAGs
[2022-11-02T05:43:59.529-0300] {logging_mixin.py:120} INFO - [2022-11-02T05:43:59.529-0300] {dag.py:3336} INFO - Setting next_dagrun for example_xcom_args to None, run_after=None
[2022-11-02T05:43:59.532-0300] {logging_mixin.py:120} INFO - [2022-11-02T05:43:59.531-0300] {dag.py:3336} INFO - Setting next_dagrun for example_xcom_args_with_operators to None, run_after=None
[2022-11-02T05:43:59.547-0300] {processor.py:176} INFO - Processing /home/debian/etlhausz/venv/lib/python3.9/site-packages/airflow/example_dags/example_xcomargs.py took 0.119 seconds
[2022-11-02T05:44:29.694-0300] {processor.py:154} INFO - Started process (PID=8486) to work on /home/debian/etlhausz/venv/lib/python3.9/site-packages/airflow/example_dags/example_xcomargs.py
[2022-11-02T05:44:29.694-0300] {processor.py:756} INFO - Processing file /home/debian/etlhausz/venv/lib/python3.9/site-packages/airflow/example_dags/example_xcomargs.py for tasks to queue
[2022-11-02T05:44:29.695-0300] {logging_mixin.py:120} INFO - [2022-11-02T05:44:29.695-0300] {dagbag.py:537} INFO - Filling up the DagBag from /home/debian/etlhausz/venv/lib/python3.9/site-packages/airflow/example_dags/example_xcomargs.py
[2022-11-02T05:44:29.715-0300] {processor.py:766} INFO - DAG(s) dict_keys(['example_xcom_args_with_operators', 'example_xcom_args']) retrieved from /home/debian/etlhausz/venv/lib/python3.9/site-packages/airflow/example_dags/example_xcomargs.py
[2022-11-02T05:44:29.764-0300] {logging_mixin.py:120} INFO - [2022-11-02T05:44:29.763-0300] {dag.py:2585} INFO - Sync 2 DAGs
[2022-11-02T05:44:29.783-0300] {logging_mixin.py:120} INFO - [2022-11-02T05:44:29.783-0300] {dag.py:3336} INFO - Setting next_dagrun for example_xcom_args to None, run_after=None
[2022-11-02T05:44:29.786-0300] {logging_mixin.py:120} INFO - [2022-11-02T05:44:29.786-0300] {dag.py:3336} INFO - Setting next_dagrun for example_xcom_args_with_operators to None, run_after=None
[2022-11-02T05:44:29.807-0300] {processor.py:176} INFO - Processing /home/debian/etlhausz/venv/lib/python3.9/site-packages/airflow/example_dags/example_xcomargs.py took 0.116 seconds
