[2022-11-02T05:35:00.161-0300] {processor.py:154} INFO - Started process (PID=4762) to work on /home/debian/etlhausz/venv/lib/python3.9/site-packages/airflow/example_dags/example_subdag_operator.py
[2022-11-02T05:35:00.161-0300] {processor.py:756} INFO - Processing file /home/debian/etlhausz/venv/lib/python3.9/site-packages/airflow/example_dags/example_subdag_operator.py for tasks to queue
[2022-11-02T05:35:00.162-0300] {logging_mixin.py:120} INFO - [2022-11-02T05:35:00.162-0300] {dagbag.py:537} INFO - Filling up the DagBag from /home/debian/etlhausz/venv/lib/python3.9/site-packages/airflow/example_dags/example_subdag_operator.py
[2022-11-02T05:35:00.182-0300] {processor.py:766} INFO - DAG(s) dict_keys(['example_subdag_operator.section-1', 'example_subdag_operator.section-2', 'example_subdag_operator']) retrieved from /home/debian/etlhausz/venv/lib/python3.9/site-packages/airflow/example_dags/example_subdag_operator.py
[2022-11-02T05:35:00.310-0300] {logging_mixin.py:120} INFO - [2022-11-02T05:35:00.310-0300] {manager.py:507} INFO - Created Permission View: can read on DAG:example_subdag_operator
[2022-11-02T05:35:00.321-0300] {logging_mixin.py:120} INFO - [2022-11-02T05:35:00.321-0300] {manager.py:507} INFO - Created Permission View: can edit on DAG:example_subdag_operator
[2022-11-02T05:35:00.331-0300] {logging_mixin.py:120} INFO - [2022-11-02T05:35:00.331-0300] {manager.py:507} INFO - Created Permission View: can delete on DAG:example_subdag_operator
[2022-11-02T05:35:00.331-0300] {logging_mixin.py:120} INFO - [2022-11-02T05:35:00.331-0300] {dag.py:2585} INFO - Sync 3 DAGs
[2022-11-02T05:35:00.341-0300] {logging_mixin.py:120} INFO - [2022-11-02T05:35:00.340-0300] {dag.py:2606} INFO - Creating ORM DAG for example_subdag_operator
[2022-11-02T05:35:00.341-0300] {logging_mixin.py:120} INFO - [2022-11-02T05:35:00.341-0300] {dag.py:2606} INFO - Creating ORM DAG for example_subdag_operator.section-2
[2022-11-02T05:35:00.341-0300] {logging_mixin.py:120} INFO - [2022-11-02T05:35:00.341-0300] {dag.py:2606} INFO - Creating ORM DAG for example_subdag_operator.section-1
[2022-11-02T05:35:00.349-0300] {logging_mixin.py:120} INFO - [2022-11-02T05:35:00.349-0300] {dag.py:3336} INFO - Setting next_dagrun for example_subdag_operator to 2022-01-01T00:00:00+00:00, run_after=2022-01-01T00:00:00+00:00
[2022-11-02T05:35:00.349-0300] {logging_mixin.py:120} INFO - [2022-11-02T05:35:00.349-0300] {dag.py:3336} INFO - Setting next_dagrun for example_subdag_operator.section-1 to None, run_after=None
[2022-11-02T05:35:00.349-0300] {logging_mixin.py:120} INFO - [2022-11-02T05:35:00.349-0300] {dag.py:3336} INFO - Setting next_dagrun for example_subdag_operator.section-2 to None, run_after=None
[2022-11-02T05:35:00.355-0300] {logging_mixin.py:120} INFO - [2022-11-02T05:35:00.355-0300] {dag.py:2585} INFO - Sync 2 DAGs
[2022-11-02T05:35:00.358-0300] {logging_mixin.py:120} INFO - [2022-11-02T05:35:00.358-0300] {dag.py:3336} INFO - Setting next_dagrun for example_subdag_operator.section-1 to None, run_after=None
[2022-11-02T05:35:00.360-0300] {logging_mixin.py:120} INFO - [2022-11-02T05:35:00.360-0300] {dag.py:3336} INFO - Setting next_dagrun for example_subdag_operator.section-2 to None, run_after=None
[2022-11-02T05:35:00.380-0300] {processor.py:176} INFO - Processing /home/debian/etlhausz/venv/lib/python3.9/site-packages/airflow/example_dags/example_subdag_operator.py took 0.222 seconds
[2022-11-02T05:41:23.863-0300] {processor.py:154} INFO - Started process (PID=6746) to work on /home/debian/etlhausz/venv/lib/python3.9/site-packages/airflow/example_dags/example_subdag_operator.py
[2022-11-02T05:41:23.866-0300] {processor.py:756} INFO - Processing file /home/debian/etlhausz/venv/lib/python3.9/site-packages/airflow/example_dags/example_subdag_operator.py for tasks to queue
[2022-11-02T05:41:23.866-0300] {logging_mixin.py:120} INFO - [2022-11-02T05:41:23.866-0300] {dagbag.py:537} INFO - Filling up the DagBag from /home/debian/etlhausz/venv/lib/python3.9/site-packages/airflow/example_dags/example_subdag_operator.py
[2022-11-02T05:41:23.932-0300] {processor.py:766} INFO - DAG(s) dict_keys(['example_subdag_operator.section-1', 'example_subdag_operator.section-2', 'example_subdag_operator']) retrieved from /home/debian/etlhausz/venv/lib/python3.9/site-packages/airflow/example_dags/example_subdag_operator.py
[2022-11-02T05:41:24.129-0300] {logging_mixin.py:120} INFO - [2022-11-02T05:41:24.129-0300] {dag.py:2585} INFO - Sync 3 DAGs
[2022-11-02T05:41:24.169-0300] {logging_mixin.py:120} INFO - [2022-11-02T05:41:24.168-0300] {dag.py:3336} INFO - Setting next_dagrun for example_subdag_operator to 2022-01-01T00:00:00+00:00, run_after=2022-01-01T00:00:00+00:00
[2022-11-02T05:41:24.175-0300] {logging_mixin.py:120} INFO - [2022-11-02T05:41:24.175-0300] {dag.py:3336} INFO - Setting next_dagrun for example_subdag_operator.section-1 to None, run_after=None
[2022-11-02T05:41:24.176-0300] {logging_mixin.py:120} INFO - [2022-11-02T05:41:24.176-0300] {dag.py:3336} INFO - Setting next_dagrun for example_subdag_operator.section-2 to None, run_after=None
[2022-11-02T05:41:24.185-0300] {logging_mixin.py:120} INFO - [2022-11-02T05:41:24.185-0300] {dag.py:2585} INFO - Sync 2 DAGs
[2022-11-02T05:41:24.191-0300] {logging_mixin.py:120} INFO - [2022-11-02T05:41:24.191-0300] {dag.py:3336} INFO - Setting next_dagrun for example_subdag_operator.section-1 to None, run_after=None
[2022-11-02T05:41:24.191-0300] {logging_mixin.py:120} INFO - [2022-11-02T05:41:24.191-0300] {dag.py:3336} INFO - Setting next_dagrun for example_subdag_operator.section-2 to None, run_after=None
[2022-11-02T05:41:24.203-0300] {processor.py:176} INFO - Processing /home/debian/etlhausz/venv/lib/python3.9/site-packages/airflow/example_dags/example_subdag_operator.py took 0.343 seconds
[2022-11-02T05:41:55.146-0300] {processor.py:154} INFO - Started process (PID=7105) to work on /home/debian/etlhausz/venv/lib/python3.9/site-packages/airflow/example_dags/example_subdag_operator.py
[2022-11-02T05:41:55.149-0300] {processor.py:756} INFO - Processing file /home/debian/etlhausz/venv/lib/python3.9/site-packages/airflow/example_dags/example_subdag_operator.py for tasks to queue
[2022-11-02T05:41:55.149-0300] {logging_mixin.py:120} INFO - [2022-11-02T05:41:55.149-0300] {dagbag.py:537} INFO - Filling up the DagBag from /home/debian/etlhausz/venv/lib/python3.9/site-packages/airflow/example_dags/example_subdag_operator.py
[2022-11-02T05:41:55.244-0300] {processor.py:766} INFO - DAG(s) dict_keys(['example_subdag_operator.section-1', 'example_subdag_operator.section-2', 'example_subdag_operator']) retrieved from /home/debian/etlhausz/venv/lib/python3.9/site-packages/airflow/example_dags/example_subdag_operator.py
[2022-11-02T05:41:55.364-0300] {logging_mixin.py:120} INFO - [2022-11-02T05:41:55.364-0300] {dag.py:2585} INFO - Sync 3 DAGs
[2022-11-02T05:41:55.397-0300] {logging_mixin.py:120} INFO - [2022-11-02T05:41:55.397-0300] {dag.py:3336} INFO - Setting next_dagrun for example_subdag_operator to 2022-01-01T00:00:00+00:00, run_after=2022-01-01T00:00:00+00:00
[2022-11-02T05:41:55.403-0300] {logging_mixin.py:120} INFO - [2022-11-02T05:41:55.402-0300] {dag.py:3336} INFO - Setting next_dagrun for example_subdag_operator.section-1 to None, run_after=None
[2022-11-02T05:41:55.404-0300] {logging_mixin.py:120} INFO - [2022-11-02T05:41:55.404-0300] {dag.py:3336} INFO - Setting next_dagrun for example_subdag_operator.section-2 to None, run_after=None
[2022-11-02T05:41:55.410-0300] {logging_mixin.py:120} INFO - [2022-11-02T05:41:55.410-0300] {dag.py:2585} INFO - Sync 2 DAGs
[2022-11-02T05:41:55.419-0300] {logging_mixin.py:120} INFO - [2022-11-02T05:41:55.418-0300] {dag.py:3336} INFO - Setting next_dagrun for example_subdag_operator.section-1 to None, run_after=None
[2022-11-02T05:41:55.419-0300] {logging_mixin.py:120} INFO - [2022-11-02T05:41:55.419-0300] {dag.py:3336} INFO - Setting next_dagrun for example_subdag_operator.section-2 to None, run_after=None
[2022-11-02T05:41:55.441-0300] {processor.py:176} INFO - Processing /home/debian/etlhausz/venv/lib/python3.9/site-packages/airflow/example_dags/example_subdag_operator.py took 0.299 seconds
[2022-11-02T05:42:25.894-0300] {processor.py:154} INFO - Started process (PID=7337) to work on /home/debian/etlhausz/venv/lib/python3.9/site-packages/airflow/example_dags/example_subdag_operator.py
[2022-11-02T05:42:25.895-0300] {processor.py:756} INFO - Processing file /home/debian/etlhausz/venv/lib/python3.9/site-packages/airflow/example_dags/example_subdag_operator.py for tasks to queue
[2022-11-02T05:42:25.896-0300] {logging_mixin.py:120} INFO - [2022-11-02T05:42:25.896-0300] {dagbag.py:537} INFO - Filling up the DagBag from /home/debian/etlhausz/venv/lib/python3.9/site-packages/airflow/example_dags/example_subdag_operator.py
[2022-11-02T05:42:25.937-0300] {processor.py:766} INFO - DAG(s) dict_keys(['example_subdag_operator.section-1', 'example_subdag_operator.section-2', 'example_subdag_operator']) retrieved from /home/debian/etlhausz/venv/lib/python3.9/site-packages/airflow/example_dags/example_subdag_operator.py
[2022-11-02T05:42:26.018-0300] {logging_mixin.py:120} INFO - [2022-11-02T05:42:26.018-0300] {dag.py:2585} INFO - Sync 3 DAGs
[2022-11-02T05:42:26.039-0300] {logging_mixin.py:120} INFO - [2022-11-02T05:42:26.039-0300] {dag.py:3336} INFO - Setting next_dagrun for example_subdag_operator to 2022-01-01T00:00:00+00:00, run_after=2022-01-01T00:00:00+00:00
[2022-11-02T05:42:26.042-0300] {logging_mixin.py:120} INFO - [2022-11-02T05:42:26.042-0300] {dag.py:3336} INFO - Setting next_dagrun for example_subdag_operator.section-1 to None, run_after=None
[2022-11-02T05:42:26.043-0300] {logging_mixin.py:120} INFO - [2022-11-02T05:42:26.043-0300] {dag.py:3336} INFO - Setting next_dagrun for example_subdag_operator.section-2 to None, run_after=None
[2022-11-02T05:42:26.049-0300] {logging_mixin.py:120} INFO - [2022-11-02T05:42:26.049-0300] {dag.py:2585} INFO - Sync 2 DAGs
[2022-11-02T05:42:26.054-0300] {logging_mixin.py:120} INFO - [2022-11-02T05:42:26.054-0300] {dag.py:3336} INFO - Setting next_dagrun for example_subdag_operator.section-1 to None, run_after=None
[2022-11-02T05:42:26.055-0300] {logging_mixin.py:120} INFO - [2022-11-02T05:42:26.054-0300] {dag.py:3336} INFO - Setting next_dagrun for example_subdag_operator.section-2 to None, run_after=None
[2022-11-02T05:42:26.070-0300] {processor.py:176} INFO - Processing /home/debian/etlhausz/venv/lib/python3.9/site-packages/airflow/example_dags/example_subdag_operator.py took 0.179 seconds
[2022-11-02T05:42:56.197-0300] {processor.py:154} INFO - Started process (PID=7585) to work on /home/debian/etlhausz/venv/lib/python3.9/site-packages/airflow/example_dags/example_subdag_operator.py
[2022-11-02T05:42:56.198-0300] {processor.py:756} INFO - Processing file /home/debian/etlhausz/venv/lib/python3.9/site-packages/airflow/example_dags/example_subdag_operator.py for tasks to queue
[2022-11-02T05:42:56.199-0300] {logging_mixin.py:120} INFO - [2022-11-02T05:42:56.199-0300] {dagbag.py:537} INFO - Filling up the DagBag from /home/debian/etlhausz/venv/lib/python3.9/site-packages/airflow/example_dags/example_subdag_operator.py
[2022-11-02T05:42:56.241-0300] {processor.py:766} INFO - DAG(s) dict_keys(['example_subdag_operator.section-1', 'example_subdag_operator.section-2', 'example_subdag_operator']) retrieved from /home/debian/etlhausz/venv/lib/python3.9/site-packages/airflow/example_dags/example_subdag_operator.py
[2022-11-02T05:42:56.316-0300] {logging_mixin.py:120} INFO - [2022-11-02T05:42:56.316-0300] {dag.py:2585} INFO - Sync 3 DAGs
[2022-11-02T05:42:56.337-0300] {logging_mixin.py:120} INFO - [2022-11-02T05:42:56.337-0300] {dag.py:3336} INFO - Setting next_dagrun for example_subdag_operator to 2022-01-01T00:00:00+00:00, run_after=2022-01-01T00:00:00+00:00
[2022-11-02T05:42:56.340-0300] {logging_mixin.py:120} INFO - [2022-11-02T05:42:56.340-0300] {dag.py:3336} INFO - Setting next_dagrun for example_subdag_operator.section-1 to None, run_after=None
[2022-11-02T05:42:56.341-0300] {logging_mixin.py:120} INFO - [2022-11-02T05:42:56.341-0300] {dag.py:3336} INFO - Setting next_dagrun for example_subdag_operator.section-2 to None, run_after=None
[2022-11-02T05:42:56.348-0300] {logging_mixin.py:120} INFO - [2022-11-02T05:42:56.348-0300] {dag.py:2585} INFO - Sync 2 DAGs
[2022-11-02T05:42:56.354-0300] {logging_mixin.py:120} INFO - [2022-11-02T05:42:56.354-0300] {dag.py:3336} INFO - Setting next_dagrun for example_subdag_operator.section-1 to None, run_after=None
[2022-11-02T05:42:56.354-0300] {logging_mixin.py:120} INFO - [2022-11-02T05:42:56.354-0300] {dag.py:3336} INFO - Setting next_dagrun for example_subdag_operator.section-2 to None, run_after=None
[2022-11-02T05:42:56.368-0300] {processor.py:176} INFO - Processing /home/debian/etlhausz/venv/lib/python3.9/site-packages/airflow/example_dags/example_subdag_operator.py took 0.174 seconds
[2022-11-02T05:43:26.915-0300] {processor.py:154} INFO - Started process (PID=7809) to work on /home/debian/etlhausz/venv/lib/python3.9/site-packages/airflow/example_dags/example_subdag_operator.py
[2022-11-02T05:43:26.916-0300] {processor.py:756} INFO - Processing file /home/debian/etlhausz/venv/lib/python3.9/site-packages/airflow/example_dags/example_subdag_operator.py for tasks to queue
[2022-11-02T05:43:26.917-0300] {logging_mixin.py:120} INFO - [2022-11-02T05:43:26.917-0300] {dagbag.py:537} INFO - Filling up the DagBag from /home/debian/etlhausz/venv/lib/python3.9/site-packages/airflow/example_dags/example_subdag_operator.py
[2022-11-02T05:43:26.957-0300] {processor.py:766} INFO - DAG(s) dict_keys(['example_subdag_operator.section-1', 'example_subdag_operator.section-2', 'example_subdag_operator']) retrieved from /home/debian/etlhausz/venv/lib/python3.9/site-packages/airflow/example_dags/example_subdag_operator.py
[2022-11-02T05:43:27.033-0300] {logging_mixin.py:120} INFO - [2022-11-02T05:43:27.033-0300] {dag.py:2585} INFO - Sync 3 DAGs
[2022-11-02T05:43:27.052-0300] {logging_mixin.py:120} INFO - [2022-11-02T05:43:27.052-0300] {dag.py:3336} INFO - Setting next_dagrun for example_subdag_operator to 2022-01-01T00:00:00+00:00, run_after=2022-01-01T00:00:00+00:00
[2022-11-02T05:43:27.055-0300] {logging_mixin.py:120} INFO - [2022-11-02T05:43:27.055-0300] {dag.py:3336} INFO - Setting next_dagrun for example_subdag_operator.section-1 to None, run_after=None
[2022-11-02T05:43:27.056-0300] {logging_mixin.py:120} INFO - [2022-11-02T05:43:27.056-0300] {dag.py:3336} INFO - Setting next_dagrun for example_subdag_operator.section-2 to None, run_after=None
[2022-11-02T05:43:27.062-0300] {logging_mixin.py:120} INFO - [2022-11-02T05:43:27.062-0300] {dag.py:2585} INFO - Sync 2 DAGs
[2022-11-02T05:43:27.066-0300] {logging_mixin.py:120} INFO - [2022-11-02T05:43:27.066-0300] {dag.py:3336} INFO - Setting next_dagrun for example_subdag_operator.section-1 to None, run_after=None
[2022-11-02T05:43:27.066-0300] {logging_mixin.py:120} INFO - [2022-11-02T05:43:27.066-0300] {dag.py:3336} INFO - Setting next_dagrun for example_subdag_operator.section-2 to None, run_after=None
[2022-11-02T05:43:27.085-0300] {processor.py:176} INFO - Processing /home/debian/etlhausz/venv/lib/python3.9/site-packages/airflow/example_dags/example_subdag_operator.py took 0.174 seconds
[2022-11-02T05:43:58.785-0300] {processor.py:154} INFO - Started process (PID=8077) to work on /home/debian/etlhausz/venv/lib/python3.9/site-packages/airflow/example_dags/example_subdag_operator.py
[2022-11-02T05:43:58.787-0300] {processor.py:756} INFO - Processing file /home/debian/etlhausz/venv/lib/python3.9/site-packages/airflow/example_dags/example_subdag_operator.py for tasks to queue
[2022-11-02T05:43:58.787-0300] {logging_mixin.py:120} INFO - [2022-11-02T05:43:58.787-0300] {dagbag.py:537} INFO - Filling up the DagBag from /home/debian/etlhausz/venv/lib/python3.9/site-packages/airflow/example_dags/example_subdag_operator.py
[2022-11-02T05:43:58.901-0300] {processor.py:766} INFO - DAG(s) dict_keys(['example_subdag_operator.section-1', 'example_subdag_operator.section-2', 'example_subdag_operator']) retrieved from /home/debian/etlhausz/venv/lib/python3.9/site-packages/airflow/example_dags/example_subdag_operator.py
[2022-11-02T05:43:59.049-0300] {logging_mixin.py:120} INFO - [2022-11-02T05:43:59.049-0300] {dag.py:2585} INFO - Sync 3 DAGs
[2022-11-02T05:43:59.072-0300] {logging_mixin.py:120} INFO - [2022-11-02T05:43:59.071-0300] {dag.py:3336} INFO - Setting next_dagrun for example_subdag_operator to 2022-01-01T00:00:00+00:00, run_after=2022-01-01T00:00:00+00:00
[2022-11-02T05:43:59.075-0300] {logging_mixin.py:120} INFO - [2022-11-02T05:43:59.075-0300] {dag.py:3336} INFO - Setting next_dagrun for example_subdag_operator.section-1 to None, run_after=None
[2022-11-02T05:43:59.076-0300] {logging_mixin.py:120} INFO - [2022-11-02T05:43:59.076-0300] {dag.py:3336} INFO - Setting next_dagrun for example_subdag_operator.section-2 to None, run_after=None
[2022-11-02T05:43:59.082-0300] {logging_mixin.py:120} INFO - [2022-11-02T05:43:59.082-0300] {dag.py:2585} INFO - Sync 2 DAGs
[2022-11-02T05:43:59.087-0300] {logging_mixin.py:120} INFO - [2022-11-02T05:43:59.087-0300] {dag.py:3336} INFO - Setting next_dagrun for example_subdag_operator.section-1 to None, run_after=None
[2022-11-02T05:43:59.087-0300] {logging_mixin.py:120} INFO - [2022-11-02T05:43:59.087-0300] {dag.py:3336} INFO - Setting next_dagrun for example_subdag_operator.section-2 to None, run_after=None
[2022-11-02T05:43:59.103-0300] {processor.py:176} INFO - Processing /home/debian/etlhausz/venv/lib/python3.9/site-packages/airflow/example_dags/example_subdag_operator.py took 0.322 seconds
[2022-11-02T05:44:29.196-0300] {processor.py:154} INFO - Started process (PID=8439) to work on /home/debian/etlhausz/venv/lib/python3.9/site-packages/airflow/example_dags/example_subdag_operator.py
[2022-11-02T05:44:29.196-0300] {processor.py:756} INFO - Processing file /home/debian/etlhausz/venv/lib/python3.9/site-packages/airflow/example_dags/example_subdag_operator.py for tasks to queue
[2022-11-02T05:44:29.197-0300] {logging_mixin.py:120} INFO - [2022-11-02T05:44:29.197-0300] {dagbag.py:537} INFO - Filling up the DagBag from /home/debian/etlhausz/venv/lib/python3.9/site-packages/airflow/example_dags/example_subdag_operator.py
[2022-11-02T05:44:29.245-0300] {processor.py:766} INFO - DAG(s) dict_keys(['example_subdag_operator.section-1', 'example_subdag_operator.section-2', 'example_subdag_operator']) retrieved from /home/debian/etlhausz/venv/lib/python3.9/site-packages/airflow/example_dags/example_subdag_operator.py
[2022-11-02T05:44:29.328-0300] {logging_mixin.py:120} INFO - [2022-11-02T05:44:29.327-0300] {dag.py:2585} INFO - Sync 3 DAGs
[2022-11-02T05:44:29.348-0300] {logging_mixin.py:120} INFO - [2022-11-02T05:44:29.348-0300] {dag.py:3336} INFO - Setting next_dagrun for example_subdag_operator to 2022-01-01T00:00:00+00:00, run_after=2022-01-01T00:00:00+00:00
[2022-11-02T05:44:29.352-0300] {logging_mixin.py:120} INFO - [2022-11-02T05:44:29.352-0300] {dag.py:3336} INFO - Setting next_dagrun for example_subdag_operator.section-1 to None, run_after=None
[2022-11-02T05:44:29.353-0300] {logging_mixin.py:120} INFO - [2022-11-02T05:44:29.353-0300] {dag.py:3336} INFO - Setting next_dagrun for example_subdag_operator.section-2 to None, run_after=None
[2022-11-02T05:44:29.359-0300] {logging_mixin.py:120} INFO - [2022-11-02T05:44:29.359-0300] {dag.py:2585} INFO - Sync 2 DAGs
[2022-11-02T05:44:29.368-0300] {logging_mixin.py:120} INFO - [2022-11-02T05:44:29.368-0300] {dag.py:3336} INFO - Setting next_dagrun for example_subdag_operator.section-1 to None, run_after=None
[2022-11-02T05:44:29.368-0300] {logging_mixin.py:120} INFO - [2022-11-02T05:44:29.368-0300] {dag.py:3336} INFO - Setting next_dagrun for example_subdag_operator.section-2 to None, run_after=None
[2022-11-02T05:44:29.392-0300] {processor.py:176} INFO - Processing /home/debian/etlhausz/venv/lib/python3.9/site-packages/airflow/example_dags/example_subdag_operator.py took 0.200 seconds
