[2022-11-02T05:35:04.526-0300] {processor.py:154} INFO - Started process (PID=4825) to work on /home/debian/etlhausz/venv/lib/python3.9/site-packages/airflow/example_dags/example_trigger_controller_dag.py
[2022-11-02T05:35:04.542-0300] {processor.py:756} INFO - Processing file /home/debian/etlhausz/venv/lib/python3.9/site-packages/airflow/example_dags/example_trigger_controller_dag.py for tasks to queue
[2022-11-02T05:35:04.544-0300] {logging_mixin.py:120} INFO - [2022-11-02T05:35:04.543-0300] {dagbag.py:537} INFO - Filling up the DagBag from /home/debian/etlhausz/venv/lib/python3.9/site-packages/airflow/example_dags/example_trigger_controller_dag.py
[2022-11-02T05:35:04.626-0300] {processor.py:766} INFO - DAG(s) dict_keys(['example_trigger_controller_dag']) retrieved from /home/debian/etlhausz/venv/lib/python3.9/site-packages/airflow/example_dags/example_trigger_controller_dag.py
[2022-11-02T05:35:04.837-0300] {logging_mixin.py:120} INFO - [2022-11-02T05:35:04.837-0300] {manager.py:507} INFO - Created Permission View: can read on DAG:example_trigger_controller_dag
[2022-11-02T05:35:04.848-0300] {logging_mixin.py:120} INFO - [2022-11-02T05:35:04.848-0300] {manager.py:507} INFO - Created Permission View: can edit on DAG:example_trigger_controller_dag
[2022-11-02T05:35:04.858-0300] {logging_mixin.py:120} INFO - [2022-11-02T05:35:04.858-0300] {manager.py:507} INFO - Created Permission View: can delete on DAG:example_trigger_controller_dag
[2022-11-02T05:35:04.858-0300] {logging_mixin.py:120} INFO - [2022-11-02T05:35:04.858-0300] {dag.py:2585} INFO - Sync 1 DAGs
[2022-11-02T05:35:04.866-0300] {logging_mixin.py:120} INFO - [2022-11-02T05:35:04.866-0300] {dag.py:2606} INFO - Creating ORM DAG for example_trigger_controller_dag
[2022-11-02T05:35:04.873-0300] {logging_mixin.py:120} INFO - [2022-11-02T05:35:04.873-0300] {dag.py:3336} INFO - Setting next_dagrun for example_trigger_controller_dag to 2021-01-01T00:00:00+00:00, run_after=2021-01-01T00:00:00+00:00
[2022-11-02T05:35:04.909-0300] {processor.py:176} INFO - Processing /home/debian/etlhausz/venv/lib/python3.9/site-packages/airflow/example_dags/example_trigger_controller_dag.py took 0.403 seconds
[2022-11-02T05:41:24.348-0300] {processor.py:154} INFO - Started process (PID=6764) to work on /home/debian/etlhausz/venv/lib/python3.9/site-packages/airflow/example_dags/example_trigger_controller_dag.py
[2022-11-02T05:41:24.351-0300] {processor.py:756} INFO - Processing file /home/debian/etlhausz/venv/lib/python3.9/site-packages/airflow/example_dags/example_trigger_controller_dag.py for tasks to queue
[2022-11-02T05:41:24.351-0300] {logging_mixin.py:120} INFO - [2022-11-02T05:41:24.351-0300] {dagbag.py:537} INFO - Filling up the DagBag from /home/debian/etlhausz/venv/lib/python3.9/site-packages/airflow/example_dags/example_trigger_controller_dag.py
[2022-11-02T05:41:24.367-0300] {processor.py:766} INFO - DAG(s) dict_keys(['example_trigger_controller_dag']) retrieved from /home/debian/etlhausz/venv/lib/python3.9/site-packages/airflow/example_dags/example_trigger_controller_dag.py
[2022-11-02T05:41:24.414-0300] {logging_mixin.py:120} INFO - [2022-11-02T05:41:24.413-0300] {dag.py:2585} INFO - Sync 1 DAGs
[2022-11-02T05:41:24.431-0300] {logging_mixin.py:120} INFO - [2022-11-02T05:41:24.431-0300] {dag.py:3336} INFO - Setting next_dagrun for example_trigger_controller_dag to 2021-01-01T00:00:00+00:00, run_after=2021-01-01T00:00:00+00:00
[2022-11-02T05:41:24.450-0300] {processor.py:176} INFO - Processing /home/debian/etlhausz/venv/lib/python3.9/site-packages/airflow/example_dags/example_trigger_controller_dag.py took 0.105 seconds
[2022-11-02T05:41:55.470-0300] {processor.py:154} INFO - Started process (PID=7121) to work on /home/debian/etlhausz/venv/lib/python3.9/site-packages/airflow/example_dags/example_trigger_controller_dag.py
[2022-11-02T05:41:55.471-0300] {processor.py:756} INFO - Processing file /home/debian/etlhausz/venv/lib/python3.9/site-packages/airflow/example_dags/example_trigger_controller_dag.py for tasks to queue
[2022-11-02T05:41:55.472-0300] {logging_mixin.py:120} INFO - [2022-11-02T05:41:55.472-0300] {dagbag.py:537} INFO - Filling up the DagBag from /home/debian/etlhausz/venv/lib/python3.9/site-packages/airflow/example_dags/example_trigger_controller_dag.py
[2022-11-02T05:41:55.483-0300] {processor.py:766} INFO - DAG(s) dict_keys(['example_trigger_controller_dag']) retrieved from /home/debian/etlhausz/venv/lib/python3.9/site-packages/airflow/example_dags/example_trigger_controller_dag.py
[2022-11-02T05:41:55.525-0300] {logging_mixin.py:120} INFO - [2022-11-02T05:41:55.524-0300] {dag.py:2585} INFO - Sync 1 DAGs
[2022-11-02T05:41:55.556-0300] {logging_mixin.py:120} INFO - [2022-11-02T05:41:55.556-0300] {dag.py:3336} INFO - Setting next_dagrun for example_trigger_controller_dag to 2021-01-01T00:00:00+00:00, run_after=2021-01-01T00:00:00+00:00
[2022-11-02T05:41:55.575-0300] {processor.py:176} INFO - Processing /home/debian/etlhausz/venv/lib/python3.9/site-packages/airflow/example_dags/example_trigger_controller_dag.py took 0.108 seconds
[2022-11-02T05:42:26.094-0300] {processor.py:154} INFO - Started process (PID=7354) to work on /home/debian/etlhausz/venv/lib/python3.9/site-packages/airflow/example_dags/example_trigger_controller_dag.py
[2022-11-02T05:42:26.097-0300] {processor.py:756} INFO - Processing file /home/debian/etlhausz/venv/lib/python3.9/site-packages/airflow/example_dags/example_trigger_controller_dag.py for tasks to queue
[2022-11-02T05:42:26.097-0300] {logging_mixin.py:120} INFO - [2022-11-02T05:42:26.097-0300] {dagbag.py:537} INFO - Filling up the DagBag from /home/debian/etlhausz/venv/lib/python3.9/site-packages/airflow/example_dags/example_trigger_controller_dag.py
[2022-11-02T05:42:26.108-0300] {processor.py:766} INFO - DAG(s) dict_keys(['example_trigger_controller_dag']) retrieved from /home/debian/etlhausz/venv/lib/python3.9/site-packages/airflow/example_dags/example_trigger_controller_dag.py
[2022-11-02T05:42:26.160-0300] {logging_mixin.py:120} INFO - [2022-11-02T05:42:26.160-0300] {dag.py:2585} INFO - Sync 1 DAGs
[2022-11-02T05:42:26.181-0300] {logging_mixin.py:120} INFO - [2022-11-02T05:42:26.180-0300] {dag.py:3336} INFO - Setting next_dagrun for example_trigger_controller_dag to 2021-01-01T00:00:00+00:00, run_after=2021-01-01T00:00:00+00:00
[2022-11-02T05:42:26.200-0300] {processor.py:176} INFO - Processing /home/debian/etlhausz/venv/lib/python3.9/site-packages/airflow/example_dags/example_trigger_controller_dag.py took 0.109 seconds
[2022-11-02T05:42:56.327-0300] {processor.py:154} INFO - Started process (PID=7595) to work on /home/debian/etlhausz/venv/lib/python3.9/site-packages/airflow/example_dags/example_trigger_controller_dag.py
[2022-11-02T05:42:56.327-0300] {processor.py:756} INFO - Processing file /home/debian/etlhausz/venv/lib/python3.9/site-packages/airflow/example_dags/example_trigger_controller_dag.py for tasks to queue
[2022-11-02T05:42:56.328-0300] {logging_mixin.py:120} INFO - [2022-11-02T05:42:56.327-0300] {dagbag.py:537} INFO - Filling up the DagBag from /home/debian/etlhausz/venv/lib/python3.9/site-packages/airflow/example_dags/example_trigger_controller_dag.py
[2022-11-02T05:42:56.337-0300] {processor.py:766} INFO - DAG(s) dict_keys(['example_trigger_controller_dag']) retrieved from /home/debian/etlhausz/venv/lib/python3.9/site-packages/airflow/example_dags/example_trigger_controller_dag.py
[2022-11-02T05:42:56.380-0300] {logging_mixin.py:120} INFO - [2022-11-02T05:42:56.379-0300] {dag.py:2585} INFO - Sync 1 DAGs
[2022-11-02T05:42:56.402-0300] {logging_mixin.py:120} INFO - [2022-11-02T05:42:56.402-0300] {dag.py:3336} INFO - Setting next_dagrun for example_trigger_controller_dag to 2021-01-01T00:00:00+00:00, run_after=2021-01-01T00:00:00+00:00
[2022-11-02T05:42:56.422-0300] {processor.py:176} INFO - Processing /home/debian/etlhausz/venv/lib/python3.9/site-packages/airflow/example_dags/example_trigger_controller_dag.py took 0.099 seconds
[2022-11-02T05:43:27.108-0300] {processor.py:154} INFO - Started process (PID=7825) to work on /home/debian/etlhausz/venv/lib/python3.9/site-packages/airflow/example_dags/example_trigger_controller_dag.py
[2022-11-02T05:43:27.110-0300] {processor.py:756} INFO - Processing file /home/debian/etlhausz/venv/lib/python3.9/site-packages/airflow/example_dags/example_trigger_controller_dag.py for tasks to queue
[2022-11-02T05:43:27.110-0300] {logging_mixin.py:120} INFO - [2022-11-02T05:43:27.110-0300] {dagbag.py:537} INFO - Filling up the DagBag from /home/debian/etlhausz/venv/lib/python3.9/site-packages/airflow/example_dags/example_trigger_controller_dag.py
[2022-11-02T05:43:27.119-0300] {processor.py:766} INFO - DAG(s) dict_keys(['example_trigger_controller_dag']) retrieved from /home/debian/etlhausz/venv/lib/python3.9/site-packages/airflow/example_dags/example_trigger_controller_dag.py
[2022-11-02T05:43:27.162-0300] {logging_mixin.py:120} INFO - [2022-11-02T05:43:27.161-0300] {dag.py:2585} INFO - Sync 1 DAGs
[2022-11-02T05:43:27.181-0300] {logging_mixin.py:120} INFO - [2022-11-02T05:43:27.181-0300] {dag.py:3336} INFO - Setting next_dagrun for example_trigger_controller_dag to 2021-01-01T00:00:00+00:00, run_after=2021-01-01T00:00:00+00:00
[2022-11-02T05:43:27.201-0300] {processor.py:176} INFO - Processing /home/debian/etlhausz/venv/lib/python3.9/site-packages/airflow/example_dags/example_trigger_controller_dag.py took 0.097 seconds
[2022-11-02T05:43:59.263-0300] {processor.py:154} INFO - Started process (PID=8100) to work on /home/debian/etlhausz/venv/lib/python3.9/site-packages/airflow/example_dags/example_trigger_controller_dag.py
[2022-11-02T05:43:59.265-0300] {processor.py:756} INFO - Processing file /home/debian/etlhausz/venv/lib/python3.9/site-packages/airflow/example_dags/example_trigger_controller_dag.py for tasks to queue
[2022-11-02T05:43:59.266-0300] {logging_mixin.py:120} INFO - [2022-11-02T05:43:59.266-0300] {dagbag.py:537} INFO - Filling up the DagBag from /home/debian/etlhausz/venv/lib/python3.9/site-packages/airflow/example_dags/example_trigger_controller_dag.py
[2022-11-02T05:43:59.280-0300] {processor.py:766} INFO - DAG(s) dict_keys(['example_trigger_controller_dag']) retrieved from /home/debian/etlhausz/venv/lib/python3.9/site-packages/airflow/example_dags/example_trigger_controller_dag.py
[2022-11-02T05:43:59.340-0300] {logging_mixin.py:120} INFO - [2022-11-02T05:43:59.339-0300] {dag.py:2585} INFO - Sync 1 DAGs
[2022-11-02T05:43:59.374-0300] {logging_mixin.py:120} INFO - [2022-11-02T05:43:59.374-0300] {dag.py:3336} INFO - Setting next_dagrun for example_trigger_controller_dag to 2021-01-01T00:00:00+00:00, run_after=2021-01-01T00:00:00+00:00
[2022-11-02T05:43:59.405-0300] {processor.py:176} INFO - Processing /home/debian/etlhausz/venv/lib/python3.9/site-packages/airflow/example_dags/example_trigger_controller_dag.py took 0.148 seconds
[2022-11-02T05:44:29.559-0300] {processor.py:154} INFO - Started process (PID=8459) to work on /home/debian/etlhausz/venv/lib/python3.9/site-packages/airflow/example_dags/example_trigger_controller_dag.py
[2022-11-02T05:44:29.560-0300] {processor.py:756} INFO - Processing file /home/debian/etlhausz/venv/lib/python3.9/site-packages/airflow/example_dags/example_trigger_controller_dag.py for tasks to queue
[2022-11-02T05:44:29.560-0300] {logging_mixin.py:120} INFO - [2022-11-02T05:44:29.560-0300] {dagbag.py:537} INFO - Filling up the DagBag from /home/debian/etlhausz/venv/lib/python3.9/site-packages/airflow/example_dags/example_trigger_controller_dag.py
[2022-11-02T05:44:29.573-0300] {processor.py:766} INFO - DAG(s) dict_keys(['example_trigger_controller_dag']) retrieved from /home/debian/etlhausz/venv/lib/python3.9/site-packages/airflow/example_dags/example_trigger_controller_dag.py
[2022-11-02T05:44:29.622-0300] {logging_mixin.py:120} INFO - [2022-11-02T05:44:29.622-0300] {dag.py:2585} INFO - Sync 1 DAGs
[2022-11-02T05:44:29.643-0300] {logging_mixin.py:120} INFO - [2022-11-02T05:44:29.643-0300] {dag.py:3336} INFO - Setting next_dagrun for example_trigger_controller_dag to 2021-01-01T00:00:00+00:00, run_after=2021-01-01T00:00:00+00:00
[2022-11-02T05:44:29.671-0300] {processor.py:176} INFO - Processing /home/debian/etlhausz/venv/lib/python3.9/site-packages/airflow/example_dags/example_trigger_controller_dag.py took 0.116 seconds
