[2022-11-02T05:34:58.948-0300] {processor.py:154} INFO - Started process (PID=4760) to work on /home/debian/etlhausz/venv/lib/python3.9/site-packages/airflow/example_dags/example_skip_dag.py
[2022-11-02T05:34:58.948-0300] {processor.py:756} INFO - Processing file /home/debian/etlhausz/venv/lib/python3.9/site-packages/airflow/example_dags/example_skip_dag.py for tasks to queue
[2022-11-02T05:34:58.949-0300] {logging_mixin.py:120} INFO - [2022-11-02T05:34:58.949-0300] {dagbag.py:537} INFO - Filling up the DagBag from /home/debian/etlhausz/venv/lib/python3.9/site-packages/airflow/example_dags/example_skip_dag.py
[2022-11-02T05:34:58.961-0300] {processor.py:766} INFO - DAG(s) dict_keys(['example_skip_dag']) retrieved from /home/debian/etlhausz/venv/lib/python3.9/site-packages/airflow/example_dags/example_skip_dag.py
[2022-11-02T05:34:59.062-0300] {logging_mixin.py:120} INFO - [2022-11-02T05:34:59.062-0300] {manager.py:507} INFO - Created Permission View: can read on DAG:example_skip_dag
[2022-11-02T05:34:59.072-0300] {logging_mixin.py:120} INFO - [2022-11-02T05:34:59.072-0300] {manager.py:507} INFO - Created Permission View: can edit on DAG:example_skip_dag
[2022-11-02T05:34:59.080-0300] {logging_mixin.py:120} INFO - [2022-11-02T05:34:59.080-0300] {manager.py:507} INFO - Created Permission View: can delete on DAG:example_skip_dag
[2022-11-02T05:34:59.080-0300] {logging_mixin.py:120} INFO - [2022-11-02T05:34:59.080-0300] {dag.py:2585} INFO - Sync 1 DAGs
[2022-11-02T05:34:59.088-0300] {logging_mixin.py:120} INFO - [2022-11-02T05:34:59.088-0300] {dag.py:2606} INFO - Creating ORM DAG for example_skip_dag
[2022-11-02T05:34:59.094-0300] {logging_mixin.py:120} INFO - [2022-11-02T05:34:59.094-0300] {dag.py:3336} INFO - Setting next_dagrun for example_skip_dag to 2022-11-01T08:34:59.094603+00:00, run_after=2022-11-02T08:34:59.094603+00:00
[2022-11-02T05:34:59.115-0300] {processor.py:176} INFO - Processing /home/debian/etlhausz/venv/lib/python3.9/site-packages/airflow/example_dags/example_skip_dag.py took 0.169 seconds
[2022-11-02T05:41:23.708-0300] {processor.py:154} INFO - Started process (PID=6734) to work on /home/debian/etlhausz/venv/lib/python3.9/site-packages/airflow/example_dags/example_skip_dag.py
[2022-11-02T05:41:23.710-0300] {processor.py:756} INFO - Processing file /home/debian/etlhausz/venv/lib/python3.9/site-packages/airflow/example_dags/example_skip_dag.py for tasks to queue
[2022-11-02T05:41:23.710-0300] {logging_mixin.py:120} INFO - [2022-11-02T05:41:23.710-0300] {dagbag.py:537} INFO - Filling up the DagBag from /home/debian/etlhausz/venv/lib/python3.9/site-packages/airflow/example_dags/example_skip_dag.py
[2022-11-02T05:41:23.728-0300] {processor.py:766} INFO - DAG(s) dict_keys(['example_skip_dag']) retrieved from /home/debian/etlhausz/venv/lib/python3.9/site-packages/airflow/example_dags/example_skip_dag.py
[2022-11-02T05:41:23.799-0300] {logging_mixin.py:120} INFO - [2022-11-02T05:41:23.798-0300] {dag.py:2585} INFO - Sync 1 DAGs
[2022-11-02T05:41:23.817-0300] {logging_mixin.py:120} INFO - [2022-11-02T05:41:23.817-0300] {dag.py:3336} INFO - Setting next_dagrun for example_skip_dag to 2022-11-01T08:41:23.817508+00:00, run_after=2022-11-02T08:41:23.817508+00:00
[2022-11-02T05:41:23.839-0300] {processor.py:176} INFO - Processing /home/debian/etlhausz/venv/lib/python3.9/site-packages/airflow/example_dags/example_skip_dag.py took 0.133 seconds
[2022-11-02T05:41:54.006-0300] {processor.py:154} INFO - Started process (PID=7087) to work on /home/debian/etlhausz/venv/lib/python3.9/site-packages/airflow/example_dags/example_skip_dag.py
[2022-11-02T05:41:54.007-0300] {processor.py:756} INFO - Processing file /home/debian/etlhausz/venv/lib/python3.9/site-packages/airflow/example_dags/example_skip_dag.py for tasks to queue
[2022-11-02T05:41:54.007-0300] {logging_mixin.py:120} INFO - [2022-11-02T05:41:54.007-0300] {dagbag.py:537} INFO - Filling up the DagBag from /home/debian/etlhausz/venv/lib/python3.9/site-packages/airflow/example_dags/example_skip_dag.py
[2022-11-02T05:41:54.018-0300] {processor.py:766} INFO - DAG(s) dict_keys(['example_skip_dag']) retrieved from /home/debian/etlhausz/venv/lib/python3.9/site-packages/airflow/example_dags/example_skip_dag.py
[2022-11-02T05:41:54.066-0300] {logging_mixin.py:120} INFO - [2022-11-02T05:41:54.066-0300] {dag.py:2585} INFO - Sync 1 DAGs
[2022-11-02T05:41:54.086-0300] {logging_mixin.py:120} INFO - [2022-11-02T05:41:54.086-0300] {dag.py:3336} INFO - Setting next_dagrun for example_skip_dag to 2022-11-01T08:41:54.086377+00:00, run_after=2022-11-02T08:41:54.086377+00:00
[2022-11-02T05:41:54.106-0300] {processor.py:176} INFO - Processing /home/debian/etlhausz/venv/lib/python3.9/site-packages/airflow/example_dags/example_skip_dag.py took 0.103 seconds
[2022-11-02T05:42:24.751-0300] {processor.py:154} INFO - Started process (PID=7323) to work on /home/debian/etlhausz/venv/lib/python3.9/site-packages/airflow/example_dags/example_skip_dag.py
[2022-11-02T05:42:24.752-0300] {processor.py:756} INFO - Processing file /home/debian/etlhausz/venv/lib/python3.9/site-packages/airflow/example_dags/example_skip_dag.py for tasks to queue
[2022-11-02T05:42:24.753-0300] {logging_mixin.py:120} INFO - [2022-11-02T05:42:24.753-0300] {dagbag.py:537} INFO - Filling up the DagBag from /home/debian/etlhausz/venv/lib/python3.9/site-packages/airflow/example_dags/example_skip_dag.py
[2022-11-02T05:42:24.772-0300] {processor.py:766} INFO - DAG(s) dict_keys(['example_skip_dag']) retrieved from /home/debian/etlhausz/venv/lib/python3.9/site-packages/airflow/example_dags/example_skip_dag.py
[2022-11-02T05:42:24.821-0300] {logging_mixin.py:120} INFO - [2022-11-02T05:42:24.821-0300] {dag.py:2585} INFO - Sync 1 DAGs
[2022-11-02T05:42:24.842-0300] {logging_mixin.py:120} INFO - [2022-11-02T05:42:24.842-0300] {dag.py:3336} INFO - Setting next_dagrun for example_skip_dag to 2022-11-01T08:42:24.842295+00:00, run_after=2022-11-02T08:42:24.842295+00:00
[2022-11-02T05:42:24.862-0300] {processor.py:176} INFO - Processing /home/debian/etlhausz/venv/lib/python3.9/site-packages/airflow/example_dags/example_skip_dag.py took 0.115 seconds
[2022-11-02T05:42:54.950-0300] {processor.py:154} INFO - Started process (PID=7566) to work on /home/debian/etlhausz/venv/lib/python3.9/site-packages/airflow/example_dags/example_skip_dag.py
[2022-11-02T05:42:54.952-0300] {processor.py:756} INFO - Processing file /home/debian/etlhausz/venv/lib/python3.9/site-packages/airflow/example_dags/example_skip_dag.py for tasks to queue
[2022-11-02T05:42:54.952-0300] {logging_mixin.py:120} INFO - [2022-11-02T05:42:54.952-0300] {dagbag.py:537} INFO - Filling up the DagBag from /home/debian/etlhausz/venv/lib/python3.9/site-packages/airflow/example_dags/example_skip_dag.py
[2022-11-02T05:42:54.962-0300] {processor.py:766} INFO - DAG(s) dict_keys(['example_skip_dag']) retrieved from /home/debian/etlhausz/venv/lib/python3.9/site-packages/airflow/example_dags/example_skip_dag.py
[2022-11-02T05:42:55.004-0300] {logging_mixin.py:120} INFO - [2022-11-02T05:42:55.004-0300] {dag.py:2585} INFO - Sync 1 DAGs
[2022-11-02T05:42:55.025-0300] {logging_mixin.py:120} INFO - [2022-11-02T05:42:55.025-0300] {dag.py:3336} INFO - Setting next_dagrun for example_skip_dag to 2022-11-01T08:42:55.025227+00:00, run_after=2022-11-02T08:42:55.025227+00:00
[2022-11-02T05:42:55.044-0300] {processor.py:176} INFO - Processing /home/debian/etlhausz/venv/lib/python3.9/site-packages/airflow/example_dags/example_skip_dag.py took 0.097 seconds
[2022-11-02T05:43:25.775-0300] {processor.py:154} INFO - Started process (PID=7796) to work on /home/debian/etlhausz/venv/lib/python3.9/site-packages/airflow/example_dags/example_skip_dag.py
[2022-11-02T05:43:25.776-0300] {processor.py:756} INFO - Processing file /home/debian/etlhausz/venv/lib/python3.9/site-packages/airflow/example_dags/example_skip_dag.py for tasks to queue
[2022-11-02T05:43:25.777-0300] {logging_mixin.py:120} INFO - [2022-11-02T05:43:25.776-0300] {dagbag.py:537} INFO - Filling up the DagBag from /home/debian/etlhausz/venv/lib/python3.9/site-packages/airflow/example_dags/example_skip_dag.py
[2022-11-02T05:43:25.789-0300] {processor.py:766} INFO - DAG(s) dict_keys(['example_skip_dag']) retrieved from /home/debian/etlhausz/venv/lib/python3.9/site-packages/airflow/example_dags/example_skip_dag.py
[2022-11-02T05:43:25.832-0300] {logging_mixin.py:120} INFO - [2022-11-02T05:43:25.832-0300] {dag.py:2585} INFO - Sync 1 DAGs
[2022-11-02T05:43:25.852-0300] {logging_mixin.py:120} INFO - [2022-11-02T05:43:25.851-0300] {dag.py:3336} INFO - Setting next_dagrun for example_skip_dag to 2022-11-01T08:43:25.851774+00:00, run_after=2022-11-02T08:43:25.851774+00:00
[2022-11-02T05:43:25.874-0300] {processor.py:176} INFO - Processing /home/debian/etlhausz/venv/lib/python3.9/site-packages/airflow/example_dags/example_skip_dag.py took 0.102 seconds
[2022-11-02T05:43:58.086-0300] {processor.py:154} INFO - Started process (PID=8053) to work on /home/debian/etlhausz/venv/lib/python3.9/site-packages/airflow/example_dags/example_skip_dag.py
[2022-11-02T05:43:58.138-0300] {processor.py:756} INFO - Processing file /home/debian/etlhausz/venv/lib/python3.9/site-packages/airflow/example_dags/example_skip_dag.py for tasks to queue
[2022-11-02T05:43:58.146-0300] {logging_mixin.py:120} INFO - [2022-11-02T05:43:58.145-0300] {dagbag.py:537} INFO - Filling up the DagBag from /home/debian/etlhausz/venv/lib/python3.9/site-packages/airflow/example_dags/example_skip_dag.py
[2022-11-02T05:43:58.296-0300] {processor.py:766} INFO - DAG(s) dict_keys(['example_skip_dag']) retrieved from /home/debian/etlhausz/venv/lib/python3.9/site-packages/airflow/example_dags/example_skip_dag.py
[2022-11-02T05:43:58.535-0300] {logging_mixin.py:120} INFO - [2022-11-02T05:43:58.534-0300] {dag.py:2585} INFO - Sync 1 DAGs
[2022-11-02T05:43:58.607-0300] {logging_mixin.py:120} INFO - [2022-11-02T05:43:58.607-0300] {dag.py:3336} INFO - Setting next_dagrun for example_skip_dag to 2022-11-01T08:43:58.607448+00:00, run_after=2022-11-02T08:43:58.607448+00:00
[2022-11-02T05:43:58.681-0300] {processor.py:176} INFO - Processing /home/debian/etlhausz/venv/lib/python3.9/site-packages/airflow/example_dags/example_skip_dag.py took 0.643 seconds
[2022-11-02T05:44:28.892-0300] {processor.py:154} INFO - Started process (PID=8427) to work on /home/debian/etlhausz/venv/lib/python3.9/site-packages/airflow/example_dags/example_skip_dag.py
[2022-11-02T05:44:28.892-0300] {processor.py:756} INFO - Processing file /home/debian/etlhausz/venv/lib/python3.9/site-packages/airflow/example_dags/example_skip_dag.py for tasks to queue
[2022-11-02T05:44:28.904-0300] {logging_mixin.py:120} INFO - [2022-11-02T05:44:28.893-0300] {dagbag.py:537} INFO - Filling up the DagBag from /home/debian/etlhausz/venv/lib/python3.9/site-packages/airflow/example_dags/example_skip_dag.py
[2022-11-02T05:44:29.032-0300] {processor.py:766} INFO - DAG(s) dict_keys(['example_skip_dag']) retrieved from /home/debian/etlhausz/venv/lib/python3.9/site-packages/airflow/example_dags/example_skip_dag.py
[2022-11-02T05:44:29.087-0300] {logging_mixin.py:120} INFO - [2022-11-02T05:44:29.087-0300] {dag.py:2585} INFO - Sync 1 DAGs
[2022-11-02T05:44:29.109-0300] {logging_mixin.py:120} INFO - [2022-11-02T05:44:29.109-0300] {dag.py:3336} INFO - Setting next_dagrun for example_skip_dag to 2022-11-01T08:44:29.109244+00:00, run_after=2022-11-02T08:44:29.109244+00:00
[2022-11-02T05:44:29.167-0300] {processor.py:176} INFO - Processing /home/debian/etlhausz/venv/lib/python3.9/site-packages/airflow/example_dags/example_skip_dag.py took 0.297 seconds
