[2022-11-02T05:35:23.984-0300] {processor.py:154} INFO - Started process (PID=4973) to work on /home/debian/etlhausz/venv/lib/python3.9/site-packages/airflow/example_dags/example_datasets.py
[2022-11-02T05:35:23.984-0300] {processor.py:756} INFO - Processing file /home/debian/etlhausz/venv/lib/python3.9/site-packages/airflow/example_dags/example_datasets.py for tasks to queue
[2022-11-02T05:35:23.988-0300] {logging_mixin.py:120} INFO - [2022-11-02T05:35:23.985-0300] {dagbag.py:537} INFO - Filling up the DagBag from /home/debian/etlhausz/venv/lib/python3.9/site-packages/airflow/example_dags/example_datasets.py
[2022-11-02T05:35:24.071-0300] {processor.py:766} INFO - DAG(s) dict_keys(['dataset_consumes_1', 'dataset_consumes_unknown_never_scheduled', 'dataset_consumes_1_and_2', 'dataset_produces_2', 'dataset_consumes_1_never_scheduled', 'dataset_produces_1']) retrieved from /home/debian/etlhausz/venv/lib/python3.9/site-packages/airflow/example_dags/example_datasets.py
[2022-11-02T05:35:24.584-0300] {logging_mixin.py:120} INFO - [2022-11-02T05:35:24.583-0300] {manager.py:507} INFO - Created Permission View: can read on DAG:dataset_consumes_1
[2022-11-02T05:35:24.598-0300] {logging_mixin.py:120} INFO - [2022-11-02T05:35:24.598-0300] {manager.py:507} INFO - Created Permission View: can edit on DAG:dataset_consumes_1
[2022-11-02T05:35:24.609-0300] {logging_mixin.py:120} INFO - [2022-11-02T05:35:24.608-0300] {manager.py:507} INFO - Created Permission View: can delete on DAG:dataset_consumes_1
[2022-11-02T05:35:24.676-0300] {logging_mixin.py:120} INFO - [2022-11-02T05:35:24.676-0300] {manager.py:507} INFO - Created Permission View: can read on DAG:dataset_consumes_unknown_never_scheduled
[2022-11-02T05:35:24.689-0300] {logging_mixin.py:120} INFO - [2022-11-02T05:35:24.689-0300] {manager.py:507} INFO - Created Permission View: can edit on DAG:dataset_consumes_unknown_never_scheduled
[2022-11-02T05:35:24.745-0300] {logging_mixin.py:120} INFO - [2022-11-02T05:35:24.745-0300] {manager.py:507} INFO - Created Permission View: can delete on DAG:dataset_consumes_unknown_never_scheduled
[2022-11-02T05:35:24.863-0300] {logging_mixin.py:120} INFO - [2022-11-02T05:35:24.862-0300] {manager.py:507} INFO - Created Permission View: can read on DAG:dataset_consumes_1_and_2
[2022-11-02T05:35:24.910-0300] {logging_mixin.py:120} INFO - [2022-11-02T05:35:24.910-0300] {manager.py:507} INFO - Created Permission View: can edit on DAG:dataset_consumes_1_and_2
[2022-11-02T05:35:24.968-0300] {logging_mixin.py:120} INFO - [2022-11-02T05:35:24.967-0300] {manager.py:507} INFO - Created Permission View: can delete on DAG:dataset_consumes_1_and_2
[2022-11-02T05:35:25.026-0300] {logging_mixin.py:120} INFO - [2022-11-02T05:35:25.026-0300] {manager.py:507} INFO - Created Permission View: can read on DAG:dataset_produces_2
[2022-11-02T05:35:25.071-0300] {logging_mixin.py:120} INFO - [2022-11-02T05:35:25.071-0300] {manager.py:507} INFO - Created Permission View: can edit on DAG:dataset_produces_2
[2022-11-02T05:35:25.134-0300] {logging_mixin.py:120} INFO - [2022-11-02T05:35:25.133-0300] {manager.py:507} INFO - Created Permission View: can delete on DAG:dataset_produces_2
[2022-11-02T05:35:25.229-0300] {logging_mixin.py:120} INFO - [2022-11-02T05:35:25.229-0300] {manager.py:507} INFO - Created Permission View: can read on DAG:dataset_consumes_1_never_scheduled
[2022-11-02T05:35:25.260-0300] {logging_mixin.py:120} INFO - [2022-11-02T05:35:25.260-0300] {manager.py:507} INFO - Created Permission View: can edit on DAG:dataset_consumes_1_never_scheduled
[2022-11-02T05:35:25.280-0300] {logging_mixin.py:120} INFO - [2022-11-02T05:35:25.280-0300] {manager.py:507} INFO - Created Permission View: can delete on DAG:dataset_consumes_1_never_scheduled
[2022-11-02T05:35:25.405-0300] {logging_mixin.py:120} INFO - [2022-11-02T05:35:25.405-0300] {manager.py:507} INFO - Created Permission View: can read on DAG:dataset_produces_1
[2022-11-02T05:35:25.538-0300] {logging_mixin.py:120} INFO - [2022-11-02T05:35:25.538-0300] {manager.py:507} INFO - Created Permission View: can edit on DAG:dataset_produces_1
[2022-11-02T05:35:25.890-0300] {logging_mixin.py:120} INFO - [2022-11-02T05:35:25.889-0300] {manager.py:507} INFO - Created Permission View: can delete on DAG:dataset_produces_1
[2022-11-02T05:35:25.890-0300] {logging_mixin.py:120} INFO - [2022-11-02T05:35:25.890-0300] {dag.py:2585} INFO - Sync 6 DAGs
[2022-11-02T05:35:25.932-0300] {logging_mixin.py:120} INFO - [2022-11-02T05:35:25.932-0300] {dag.py:2606} INFO - Creating ORM DAG for dataset_produces_2
[2022-11-02T05:35:25.933-0300] {logging_mixin.py:120} INFO - [2022-11-02T05:35:25.933-0300] {dag.py:2606} INFO - Creating ORM DAG for dataset_consumes_1
[2022-11-02T05:35:25.933-0300] {logging_mixin.py:120} INFO - [2022-11-02T05:35:25.933-0300] {dag.py:2606} INFO - Creating ORM DAG for dataset_produces_1
[2022-11-02T05:35:25.933-0300] {logging_mixin.py:120} INFO - [2022-11-02T05:35:25.933-0300] {dag.py:2606} INFO - Creating ORM DAG for dataset_consumes_1_and_2
[2022-11-02T05:35:25.933-0300] {logging_mixin.py:120} INFO - [2022-11-02T05:35:25.933-0300] {dag.py:2606} INFO - Creating ORM DAG for dataset_consumes_1_never_scheduled
[2022-11-02T05:35:25.935-0300] {logging_mixin.py:120} INFO - [2022-11-02T05:35:25.934-0300] {dag.py:2606} INFO - Creating ORM DAG for dataset_consumes_unknown_never_scheduled
[2022-11-02T05:35:26.040-0300] {logging_mixin.py:120} INFO - [2022-11-02T05:35:26.040-0300] {dag.py:3336} INFO - Setting next_dagrun for dataset_consumes_1 to None, run_after=None
[2022-11-02T05:35:26.047-0300] {logging_mixin.py:120} INFO - [2022-11-02T05:35:26.047-0300] {dag.py:3336} INFO - Setting next_dagrun for dataset_consumes_1_and_2 to None, run_after=None
[2022-11-02T05:35:26.048-0300] {logging_mixin.py:120} INFO - [2022-11-02T05:35:26.048-0300] {dag.py:3336} INFO - Setting next_dagrun for dataset_consumes_1_never_scheduled to None, run_after=None
[2022-11-02T05:35:26.048-0300] {logging_mixin.py:120} INFO - [2022-11-02T05:35:26.048-0300] {dag.py:3336} INFO - Setting next_dagrun for dataset_consumes_unknown_never_scheduled to None, run_after=None
[2022-11-02T05:35:26.055-0300] {logging_mixin.py:120} INFO - [2022-11-02T05:35:26.055-0300] {dag.py:3336} INFO - Setting next_dagrun for dataset_produces_1 to 2022-11-01T00:00:00+00:00, run_after=2022-11-02T00:00:00+00:00
[2022-11-02T05:35:26.068-0300] {logging_mixin.py:120} INFO - [2022-11-02T05:35:26.068-0300] {dag.py:3336} INFO - Setting next_dagrun for dataset_produces_2 to None, run_after=None
[2022-11-02T05:35:26.219-0300] {processor.py:176} INFO - Processing /home/debian/etlhausz/venv/lib/python3.9/site-packages/airflow/example_dags/example_datasets.py took 2.267 seconds
[2022-11-02T05:41:25.152-0300] {processor.py:154} INFO - Started process (PID=6824) to work on /home/debian/etlhausz/venv/lib/python3.9/site-packages/airflow/example_dags/example_datasets.py
[2022-11-02T05:41:25.154-0300] {processor.py:756} INFO - Processing file /home/debian/etlhausz/venv/lib/python3.9/site-packages/airflow/example_dags/example_datasets.py for tasks to queue
[2022-11-02T05:41:25.154-0300] {logging_mixin.py:120} INFO - [2022-11-02T05:41:25.154-0300] {dagbag.py:537} INFO - Filling up the DagBag from /home/debian/etlhausz/venv/lib/python3.9/site-packages/airflow/example_dags/example_datasets.py
[2022-11-02T05:41:25.168-0300] {processor.py:766} INFO - DAG(s) dict_keys(['dataset_consumes_1_never_scheduled', 'dataset_consumes_unknown_never_scheduled', 'dataset_consumes_1', 'dataset_produces_1', 'dataset_consumes_1_and_2', 'dataset_produces_2']) retrieved from /home/debian/etlhausz/venv/lib/python3.9/site-packages/airflow/example_dags/example_datasets.py
[2022-11-02T05:41:25.320-0300] {logging_mixin.py:120} INFO - [2022-11-02T05:41:25.318-0300] {dag.py:2585} INFO - Sync 6 DAGs
[2022-11-02T05:41:25.357-0300] {logging_mixin.py:120} INFO - [2022-11-02T05:41:25.357-0300] {dag.py:3336} INFO - Setting next_dagrun for dataset_consumes_1 to None, run_after=None
[2022-11-02T05:41:25.360-0300] {logging_mixin.py:120} INFO - [2022-11-02T05:41:25.360-0300] {dag.py:3336} INFO - Setting next_dagrun for dataset_consumes_1_and_2 to None, run_after=None
[2022-11-02T05:41:25.362-0300] {logging_mixin.py:120} INFO - [2022-11-02T05:41:25.362-0300] {dag.py:3336} INFO - Setting next_dagrun for dataset_consumes_1_never_scheduled to None, run_after=None
[2022-11-02T05:41:25.363-0300] {logging_mixin.py:120} INFO - [2022-11-02T05:41:25.363-0300] {dag.py:3336} INFO - Setting next_dagrun for dataset_consumes_unknown_never_scheduled to None, run_after=None
[2022-11-02T05:41:25.366-0300] {logging_mixin.py:120} INFO - [2022-11-02T05:41:25.366-0300] {dag.py:3336} INFO - Setting next_dagrun for dataset_produces_1 to 2022-11-01T00:00:00+00:00, run_after=2022-11-02T00:00:00+00:00
[2022-11-02T05:41:25.368-0300] {logging_mixin.py:120} INFO - [2022-11-02T05:41:25.368-0300] {dag.py:3336} INFO - Setting next_dagrun for dataset_produces_2 to None, run_after=None
[2022-11-02T05:41:25.405-0300] {processor.py:176} INFO - Processing /home/debian/etlhausz/venv/lib/python3.9/site-packages/airflow/example_dags/example_datasets.py took 0.255 seconds
[2022-11-02T05:41:56.150-0300] {processor.py:154} INFO - Started process (PID=7182) to work on /home/debian/etlhausz/venv/lib/python3.9/site-packages/airflow/example_dags/example_datasets.py
[2022-11-02T05:41:56.151-0300] {processor.py:756} INFO - Processing file /home/debian/etlhausz/venv/lib/python3.9/site-packages/airflow/example_dags/example_datasets.py for tasks to queue
[2022-11-02T05:41:56.152-0300] {logging_mixin.py:120} INFO - [2022-11-02T05:41:56.152-0300] {dagbag.py:537} INFO - Filling up the DagBag from /home/debian/etlhausz/venv/lib/python3.9/site-packages/airflow/example_dags/example_datasets.py
[2022-11-02T05:41:56.168-0300] {processor.py:766} INFO - DAG(s) dict_keys(['dataset_consumes_1', 'dataset_produces_2', 'dataset_consumes_1_never_scheduled', 'dataset_produces_1', 'dataset_consumes_1_and_2', 'dataset_consumes_unknown_never_scheduled']) retrieved from /home/debian/etlhausz/venv/lib/python3.9/site-packages/airflow/example_dags/example_datasets.py
[2022-11-02T05:41:56.229-0300] {logging_mixin.py:120} INFO - [2022-11-02T05:41:56.228-0300] {dag.py:2585} INFO - Sync 6 DAGs
[2022-11-02T05:41:56.250-0300] {logging_mixin.py:120} INFO - [2022-11-02T05:41:56.250-0300] {dag.py:3336} INFO - Setting next_dagrun for dataset_consumes_1 to None, run_after=None
[2022-11-02T05:41:56.253-0300] {logging_mixin.py:120} INFO - [2022-11-02T05:41:56.253-0300] {dag.py:3336} INFO - Setting next_dagrun for dataset_consumes_1_and_2 to None, run_after=None
[2022-11-02T05:41:56.254-0300] {logging_mixin.py:120} INFO - [2022-11-02T05:41:56.254-0300] {dag.py:3336} INFO - Setting next_dagrun for dataset_consumes_1_never_scheduled to None, run_after=None
[2022-11-02T05:41:56.255-0300] {logging_mixin.py:120} INFO - [2022-11-02T05:41:56.255-0300] {dag.py:3336} INFO - Setting next_dagrun for dataset_consumes_unknown_never_scheduled to None, run_after=None
[2022-11-02T05:41:56.257-0300] {logging_mixin.py:120} INFO - [2022-11-02T05:41:56.257-0300] {dag.py:3336} INFO - Setting next_dagrun for dataset_produces_1 to 2022-11-01T00:00:00+00:00, run_after=2022-11-02T00:00:00+00:00
[2022-11-02T05:41:56.258-0300] {logging_mixin.py:120} INFO - [2022-11-02T05:41:56.258-0300] {dag.py:3336} INFO - Setting next_dagrun for dataset_produces_2 to None, run_after=None
[2022-11-02T05:41:56.289-0300] {processor.py:176} INFO - Processing /home/debian/etlhausz/venv/lib/python3.9/site-packages/airflow/example_dags/example_datasets.py took 0.142 seconds
[2022-11-02T05:42:26.765-0300] {processor.py:154} INFO - Started process (PID=7414) to work on /home/debian/etlhausz/venv/lib/python3.9/site-packages/airflow/example_dags/example_datasets.py
[2022-11-02T05:42:26.766-0300] {processor.py:756} INFO - Processing file /home/debian/etlhausz/venv/lib/python3.9/site-packages/airflow/example_dags/example_datasets.py for tasks to queue
[2022-11-02T05:42:26.767-0300] {logging_mixin.py:120} INFO - [2022-11-02T05:42:26.767-0300] {dagbag.py:537} INFO - Filling up the DagBag from /home/debian/etlhausz/venv/lib/python3.9/site-packages/airflow/example_dags/example_datasets.py
[2022-11-02T05:42:26.781-0300] {processor.py:766} INFO - DAG(s) dict_keys(['dataset_produces_1', 'dataset_produces_2', 'dataset_consumes_1_and_2', 'dataset_consumes_unknown_never_scheduled', 'dataset_consumes_1_never_scheduled', 'dataset_consumes_1']) retrieved from /home/debian/etlhausz/venv/lib/python3.9/site-packages/airflow/example_dags/example_datasets.py
[2022-11-02T05:42:26.833-0300] {logging_mixin.py:120} INFO - [2022-11-02T05:42:26.833-0300] {dag.py:2585} INFO - Sync 6 DAGs
[2022-11-02T05:42:26.854-0300] {logging_mixin.py:120} INFO - [2022-11-02T05:42:26.854-0300] {dag.py:3336} INFO - Setting next_dagrun for dataset_consumes_1 to None, run_after=None
[2022-11-02T05:42:26.858-0300] {logging_mixin.py:120} INFO - [2022-11-02T05:42:26.858-0300] {dag.py:3336} INFO - Setting next_dagrun for dataset_consumes_1_and_2 to None, run_after=None
[2022-11-02T05:42:26.859-0300] {logging_mixin.py:120} INFO - [2022-11-02T05:42:26.859-0300] {dag.py:3336} INFO - Setting next_dagrun for dataset_consumes_1_never_scheduled to None, run_after=None
[2022-11-02T05:42:26.860-0300] {logging_mixin.py:120} INFO - [2022-11-02T05:42:26.860-0300] {dag.py:3336} INFO - Setting next_dagrun for dataset_consumes_unknown_never_scheduled to None, run_after=None
[2022-11-02T05:42:26.866-0300] {logging_mixin.py:120} INFO - [2022-11-02T05:42:26.866-0300] {dag.py:3336} INFO - Setting next_dagrun for dataset_produces_1 to 2022-11-01T00:00:00+00:00, run_after=2022-11-02T00:00:00+00:00
[2022-11-02T05:42:26.868-0300] {logging_mixin.py:120} INFO - [2022-11-02T05:42:26.868-0300] {dag.py:3336} INFO - Setting next_dagrun for dataset_produces_2 to None, run_after=None
[2022-11-02T05:42:26.935-0300] {processor.py:176} INFO - Processing /home/debian/etlhausz/venv/lib/python3.9/site-packages/airflow/example_dags/example_datasets.py took 0.172 seconds
[2022-11-02T05:42:57.035-0300] {processor.py:154} INFO - Started process (PID=7657) to work on /home/debian/etlhausz/venv/lib/python3.9/site-packages/airflow/example_dags/example_datasets.py
[2022-11-02T05:42:57.036-0300] {processor.py:756} INFO - Processing file /home/debian/etlhausz/venv/lib/python3.9/site-packages/airflow/example_dags/example_datasets.py for tasks to queue
[2022-11-02T05:42:57.036-0300] {logging_mixin.py:120} INFO - [2022-11-02T05:42:57.036-0300] {dagbag.py:537} INFO - Filling up the DagBag from /home/debian/etlhausz/venv/lib/python3.9/site-packages/airflow/example_dags/example_datasets.py
[2022-11-02T05:42:57.051-0300] {processor.py:766} INFO - DAG(s) dict_keys(['dataset_consumes_1_and_2', 'dataset_produces_1', 'dataset_consumes_unknown_never_scheduled', 'dataset_consumes_1_never_scheduled', 'dataset_consumes_1', 'dataset_produces_2']) retrieved from /home/debian/etlhausz/venv/lib/python3.9/site-packages/airflow/example_dags/example_datasets.py
[2022-11-02T05:42:57.108-0300] {logging_mixin.py:120} INFO - [2022-11-02T05:42:57.107-0300] {dag.py:2585} INFO - Sync 6 DAGs
[2022-11-02T05:42:57.127-0300] {logging_mixin.py:120} INFO - [2022-11-02T05:42:57.127-0300] {dag.py:3336} INFO - Setting next_dagrun for dataset_consumes_1 to None, run_after=None
[2022-11-02T05:42:57.130-0300] {logging_mixin.py:120} INFO - [2022-11-02T05:42:57.130-0300] {dag.py:3336} INFO - Setting next_dagrun for dataset_consumes_1_and_2 to None, run_after=None
[2022-11-02T05:42:57.131-0300] {logging_mixin.py:120} INFO - [2022-11-02T05:42:57.131-0300] {dag.py:3336} INFO - Setting next_dagrun for dataset_consumes_1_never_scheduled to None, run_after=None
[2022-11-02T05:42:57.132-0300] {logging_mixin.py:120} INFO - [2022-11-02T05:42:57.132-0300] {dag.py:3336} INFO - Setting next_dagrun for dataset_consumes_unknown_never_scheduled to None, run_after=None
[2022-11-02T05:42:57.134-0300] {logging_mixin.py:120} INFO - [2022-11-02T05:42:57.134-0300] {dag.py:3336} INFO - Setting next_dagrun for dataset_produces_1 to 2022-11-01T00:00:00+00:00, run_after=2022-11-02T00:00:00+00:00
[2022-11-02T05:42:57.136-0300] {logging_mixin.py:120} INFO - [2022-11-02T05:42:57.136-0300] {dag.py:3336} INFO - Setting next_dagrun for dataset_produces_2 to None, run_after=None
[2022-11-02T05:42:57.167-0300] {processor.py:176} INFO - Processing /home/debian/etlhausz/venv/lib/python3.9/site-packages/airflow/example_dags/example_datasets.py took 0.135 seconds
[2022-11-02T05:43:27.802-0300] {processor.py:154} INFO - Started process (PID=7885) to work on /home/debian/etlhausz/venv/lib/python3.9/site-packages/airflow/example_dags/example_datasets.py
[2022-11-02T05:43:27.803-0300] {processor.py:756} INFO - Processing file /home/debian/etlhausz/venv/lib/python3.9/site-packages/airflow/example_dags/example_datasets.py for tasks to queue
[2022-11-02T05:43:27.804-0300] {logging_mixin.py:120} INFO - [2022-11-02T05:43:27.804-0300] {dagbag.py:537} INFO - Filling up the DagBag from /home/debian/etlhausz/venv/lib/python3.9/site-packages/airflow/example_dags/example_datasets.py
[2022-11-02T05:43:27.823-0300] {processor.py:766} INFO - DAG(s) dict_keys(['dataset_consumes_1_and_2', 'dataset_consumes_1', 'dataset_produces_1', 'dataset_consumes_unknown_never_scheduled', 'dataset_produces_2', 'dataset_consumes_1_never_scheduled']) retrieved from /home/debian/etlhausz/venv/lib/python3.9/site-packages/airflow/example_dags/example_datasets.py
[2022-11-02T05:43:27.900-0300] {logging_mixin.py:120} INFO - [2022-11-02T05:43:27.899-0300] {dag.py:2585} INFO - Sync 6 DAGs
[2022-11-02T05:43:27.920-0300] {logging_mixin.py:120} INFO - [2022-11-02T05:43:27.920-0300] {dag.py:3336} INFO - Setting next_dagrun for dataset_consumes_1 to None, run_after=None
[2022-11-02T05:43:27.926-0300] {logging_mixin.py:120} INFO - [2022-11-02T05:43:27.926-0300] {dag.py:3336} INFO - Setting next_dagrun for dataset_consumes_1_and_2 to None, run_after=None
[2022-11-02T05:43:27.928-0300] {logging_mixin.py:120} INFO - [2022-11-02T05:43:27.927-0300] {dag.py:3336} INFO - Setting next_dagrun for dataset_consumes_1_never_scheduled to None, run_after=None
[2022-11-02T05:43:27.929-0300] {logging_mixin.py:120} INFO - [2022-11-02T05:43:27.929-0300] {dag.py:3336} INFO - Setting next_dagrun for dataset_consumes_unknown_never_scheduled to None, run_after=None
[2022-11-02T05:43:27.931-0300] {logging_mixin.py:120} INFO - [2022-11-02T05:43:27.931-0300] {dag.py:3336} INFO - Setting next_dagrun for dataset_produces_1 to 2022-11-01T00:00:00+00:00, run_after=2022-11-02T00:00:00+00:00
[2022-11-02T05:43:27.932-0300] {logging_mixin.py:120} INFO - [2022-11-02T05:43:27.932-0300] {dag.py:3336} INFO - Setting next_dagrun for dataset_produces_2 to None, run_after=None
[2022-11-02T05:43:27.975-0300] {processor.py:176} INFO - Processing /home/debian/etlhausz/venv/lib/python3.9/site-packages/airflow/example_dags/example_datasets.py took 0.176 seconds
[2022-11-02T05:43:59.976-0300] {processor.py:154} INFO - Started process (PID=8161) to work on /home/debian/etlhausz/venv/lib/python3.9/site-packages/airflow/example_dags/example_datasets.py
[2022-11-02T05:43:59.977-0300] {processor.py:756} INFO - Processing file /home/debian/etlhausz/venv/lib/python3.9/site-packages/airflow/example_dags/example_datasets.py for tasks to queue
[2022-11-02T05:43:59.978-0300] {logging_mixin.py:120} INFO - [2022-11-02T05:43:59.977-0300] {dagbag.py:537} INFO - Filling up the DagBag from /home/debian/etlhausz/venv/lib/python3.9/site-packages/airflow/example_dags/example_datasets.py
[2022-11-02T05:43:59.992-0300] {processor.py:766} INFO - DAG(s) dict_keys(['dataset_produces_2', 'dataset_consumes_1_and_2', 'dataset_consumes_1', 'dataset_produces_1', 'dataset_consumes_1_never_scheduled', 'dataset_consumes_unknown_never_scheduled']) retrieved from /home/debian/etlhausz/venv/lib/python3.9/site-packages/airflow/example_dags/example_datasets.py
[2022-11-02T05:44:00.053-0300] {logging_mixin.py:120} INFO - [2022-11-02T05:44:00.053-0300] {dag.py:2585} INFO - Sync 6 DAGs
[2022-11-02T05:44:00.076-0300] {logging_mixin.py:120} INFO - [2022-11-02T05:44:00.076-0300] {dag.py:3336} INFO - Setting next_dagrun for dataset_consumes_1 to None, run_after=None
[2022-11-02T05:44:00.079-0300] {logging_mixin.py:120} INFO - [2022-11-02T05:44:00.079-0300] {dag.py:3336} INFO - Setting next_dagrun for dataset_consumes_1_and_2 to None, run_after=None
[2022-11-02T05:44:00.082-0300] {logging_mixin.py:120} INFO - [2022-11-02T05:44:00.082-0300] {dag.py:3336} INFO - Setting next_dagrun for dataset_consumes_1_never_scheduled to None, run_after=None
[2022-11-02T05:44:00.083-0300] {logging_mixin.py:120} INFO - [2022-11-02T05:44:00.083-0300] {dag.py:3336} INFO - Setting next_dagrun for dataset_consumes_unknown_never_scheduled to None, run_after=None
[2022-11-02T05:44:00.085-0300] {logging_mixin.py:120} INFO - [2022-11-02T05:44:00.085-0300] {dag.py:3336} INFO - Setting next_dagrun for dataset_produces_1 to 2022-11-01T00:00:00+00:00, run_after=2022-11-02T00:00:00+00:00
[2022-11-02T05:44:00.086-0300] {logging_mixin.py:120} INFO - [2022-11-02T05:44:00.086-0300] {dag.py:3336} INFO - Setting next_dagrun for dataset_produces_2 to None, run_after=None
[2022-11-02T05:44:00.116-0300] {processor.py:176} INFO - Processing /home/debian/etlhausz/venv/lib/python3.9/site-packages/airflow/example_dags/example_datasets.py took 0.143 seconds
[2022-11-02T05:44:30.486-0300] {processor.py:154} INFO - Started process (PID=8532) to work on /home/debian/etlhausz/venv/lib/python3.9/site-packages/airflow/example_dags/example_datasets.py
[2022-11-02T05:44:30.487-0300] {processor.py:756} INFO - Processing file /home/debian/etlhausz/venv/lib/python3.9/site-packages/airflow/example_dags/example_datasets.py for tasks to queue
[2022-11-02T05:44:30.487-0300] {logging_mixin.py:120} INFO - [2022-11-02T05:44:30.487-0300] {dagbag.py:537} INFO - Filling up the DagBag from /home/debian/etlhausz/venv/lib/python3.9/site-packages/airflow/example_dags/example_datasets.py
[2022-11-02T05:44:30.509-0300] {processor.py:766} INFO - DAG(s) dict_keys(['dataset_consumes_unknown_never_scheduled', 'dataset_produces_1', 'dataset_consumes_1', 'dataset_consumes_1_and_2', 'dataset_produces_2', 'dataset_consumes_1_never_scheduled']) retrieved from /home/debian/etlhausz/venv/lib/python3.9/site-packages/airflow/example_dags/example_datasets.py
[2022-11-02T05:44:30.620-0300] {logging_mixin.py:120} INFO - [2022-11-02T05:44:30.615-0300] {dag.py:2585} INFO - Sync 6 DAGs
[2022-11-02T05:44:30.659-0300] {logging_mixin.py:120} INFO - [2022-11-02T05:44:30.659-0300] {dag.py:3336} INFO - Setting next_dagrun for dataset_consumes_1 to None, run_after=None
[2022-11-02T05:44:30.662-0300] {logging_mixin.py:120} INFO - [2022-11-02T05:44:30.662-0300] {dag.py:3336} INFO - Setting next_dagrun for dataset_consumes_1_and_2 to None, run_after=None
[2022-11-02T05:44:30.663-0300] {logging_mixin.py:120} INFO - [2022-11-02T05:44:30.663-0300] {dag.py:3336} INFO - Setting next_dagrun for dataset_consumes_1_never_scheduled to None, run_after=None
[2022-11-02T05:44:30.664-0300] {logging_mixin.py:120} INFO - [2022-11-02T05:44:30.664-0300] {dag.py:3336} INFO - Setting next_dagrun for dataset_consumes_unknown_never_scheduled to None, run_after=None
[2022-11-02T05:44:30.669-0300] {logging_mixin.py:120} INFO - [2022-11-02T05:44:30.668-0300] {dag.py:3336} INFO - Setting next_dagrun for dataset_produces_1 to 2022-11-01T00:00:00+00:00, run_after=2022-11-02T00:00:00+00:00
[2022-11-02T05:44:30.670-0300] {logging_mixin.py:120} INFO - [2022-11-02T05:44:30.670-0300] {dag.py:3336} INFO - Setting next_dagrun for dataset_produces_2 to None, run_after=None
[2022-11-02T05:44:30.719-0300] {processor.py:176} INFO - Processing /home/debian/etlhausz/venv/lib/python3.9/site-packages/airflow/example_dags/example_datasets.py took 0.238 seconds
