[2022-11-02T05:41:25.543-0300] {processor.py:154} INFO - Started process (PID=6847) to work on /home/debian/etlhausz/venv/lib/python3.9/site-packages/airflow/example_dags/tutorial_taskflow_api_virtualenv.py
[2022-11-02T05:41:25.544-0300] {processor.py:756} INFO - Processing file /home/debian/etlhausz/venv/lib/python3.9/site-packages/airflow/example_dags/tutorial_taskflow_api_virtualenv.py for tasks to queue
[2022-11-02T05:41:25.544-0300] {logging_mixin.py:120} INFO - [2022-11-02T05:41:25.544-0300] {dagbag.py:537} INFO - Filling up the DagBag from /home/debian/etlhausz/venv/lib/python3.9/site-packages/airflow/example_dags/tutorial_taskflow_api_virtualenv.py
[2022-11-02T05:41:25.567-0300] {processor.py:766} INFO - DAG(s) dict_keys(['tutorial_taskflow_api_virtualenv']) retrieved from /home/debian/etlhausz/venv/lib/python3.9/site-packages/airflow/example_dags/tutorial_taskflow_api_virtualenv.py
[2022-11-02T05:41:25.610-0300] {logging_mixin.py:120} INFO - [2022-11-02T05:41:25.610-0300] {dag.py:2585} INFO - Sync 1 DAGs
[2022-11-02T05:41:25.629-0300] {logging_mixin.py:120} INFO - [2022-11-02T05:41:25.629-0300] {dag.py:3336} INFO - Setting next_dagrun for tutorial_taskflow_api_virtualenv to None, run_after=None
[2022-11-02T05:41:25.654-0300] {processor.py:176} INFO - Processing /home/debian/etlhausz/venv/lib/python3.9/site-packages/airflow/example_dags/tutorial_taskflow_api_virtualenv.py took 0.113 seconds
[2022-11-02T05:41:56.395-0300] {processor.py:154} INFO - Started process (PID=7205) to work on /home/debian/etlhausz/venv/lib/python3.9/site-packages/airflow/example_dags/tutorial_taskflow_api_virtualenv.py
[2022-11-02T05:41:56.396-0300] {processor.py:756} INFO - Processing file /home/debian/etlhausz/venv/lib/python3.9/site-packages/airflow/example_dags/tutorial_taskflow_api_virtualenv.py for tasks to queue
[2022-11-02T05:41:56.396-0300] {logging_mixin.py:120} INFO - [2022-11-02T05:41:56.396-0300] {dagbag.py:537} INFO - Filling up the DagBag from /home/debian/etlhausz/venv/lib/python3.9/site-packages/airflow/example_dags/tutorial_taskflow_api_virtualenv.py
[2022-11-02T05:41:56.418-0300] {processor.py:766} INFO - DAG(s) dict_keys(['tutorial_taskflow_api_virtualenv']) retrieved from /home/debian/etlhausz/venv/lib/python3.9/site-packages/airflow/example_dags/tutorial_taskflow_api_virtualenv.py
[2022-11-02T05:41:56.465-0300] {logging_mixin.py:120} INFO - [2022-11-02T05:41:56.465-0300] {dag.py:2585} INFO - Sync 1 DAGs
[2022-11-02T05:41:56.485-0300] {logging_mixin.py:120} INFO - [2022-11-02T05:41:56.485-0300] {dag.py:3336} INFO - Setting next_dagrun for tutorial_taskflow_api_virtualenv to None, run_after=None
[2022-11-02T05:41:56.507-0300] {processor.py:176} INFO - Processing /home/debian/etlhausz/venv/lib/python3.9/site-packages/airflow/example_dags/tutorial_taskflow_api_virtualenv.py took 0.125 seconds
[2022-11-02T05:42:27.154-0300] {processor.py:154} INFO - Started process (PID=7436) to work on /home/debian/etlhausz/venv/lib/python3.9/site-packages/airflow/example_dags/tutorial_taskflow_api_virtualenv.py
[2022-11-02T05:42:27.155-0300] {processor.py:756} INFO - Processing file /home/debian/etlhausz/venv/lib/python3.9/site-packages/airflow/example_dags/tutorial_taskflow_api_virtualenv.py for tasks to queue
[2022-11-02T05:42:27.156-0300] {logging_mixin.py:120} INFO - [2022-11-02T05:42:27.155-0300] {dagbag.py:537} INFO - Filling up the DagBag from /home/debian/etlhausz/venv/lib/python3.9/site-packages/airflow/example_dags/tutorial_taskflow_api_virtualenv.py
[2022-11-02T05:42:27.177-0300] {processor.py:766} INFO - DAG(s) dict_keys(['tutorial_taskflow_api_virtualenv']) retrieved from /home/debian/etlhausz/venv/lib/python3.9/site-packages/airflow/example_dags/tutorial_taskflow_api_virtualenv.py
[2022-11-02T05:42:27.235-0300] {logging_mixin.py:120} INFO - [2022-11-02T05:42:27.235-0300] {dag.py:2585} INFO - Sync 1 DAGs
[2022-11-02T05:42:27.266-0300] {logging_mixin.py:120} INFO - [2022-11-02T05:42:27.265-0300] {dag.py:3336} INFO - Setting next_dagrun for tutorial_taskflow_api_virtualenv to None, run_after=None
[2022-11-02T05:42:27.296-0300] {processor.py:176} INFO - Processing /home/debian/etlhausz/venv/lib/python3.9/site-packages/airflow/example_dags/tutorial_taskflow_api_virtualenv.py took 0.147 seconds
[2022-11-02T05:42:58.201-0300] {processor.py:154} INFO - Started process (PID=7678) to work on /home/debian/etlhausz/venv/lib/python3.9/site-packages/airflow/example_dags/tutorial_taskflow_api_virtualenv.py
[2022-11-02T05:42:58.202-0300] {processor.py:756} INFO - Processing file /home/debian/etlhausz/venv/lib/python3.9/site-packages/airflow/example_dags/tutorial_taskflow_api_virtualenv.py for tasks to queue
[2022-11-02T05:42:58.203-0300] {logging_mixin.py:120} INFO - [2022-11-02T05:42:58.202-0300] {dagbag.py:537} INFO - Filling up the DagBag from /home/debian/etlhausz/venv/lib/python3.9/site-packages/airflow/example_dags/tutorial_taskflow_api_virtualenv.py
[2022-11-02T05:42:58.220-0300] {processor.py:766} INFO - DAG(s) dict_keys(['tutorial_taskflow_api_virtualenv']) retrieved from /home/debian/etlhausz/venv/lib/python3.9/site-packages/airflow/example_dags/tutorial_taskflow_api_virtualenv.py
[2022-11-02T05:42:58.255-0300] {logging_mixin.py:120} INFO - [2022-11-02T05:42:58.254-0300] {dag.py:2585} INFO - Sync 1 DAGs
[2022-11-02T05:42:58.270-0300] {logging_mixin.py:120} INFO - [2022-11-02T05:42:58.270-0300] {dag.py:3336} INFO - Setting next_dagrun for tutorial_taskflow_api_virtualenv to None, run_after=None
[2022-11-02T05:42:58.291-0300] {processor.py:176} INFO - Processing /home/debian/etlhausz/venv/lib/python3.9/site-packages/airflow/example_dags/tutorial_taskflow_api_virtualenv.py took 0.094 seconds
[2022-11-02T05:43:29.078-0300] {processor.py:154} INFO - Started process (PID=7909) to work on /home/debian/etlhausz/venv/lib/python3.9/site-packages/airflow/example_dags/tutorial_taskflow_api_virtualenv.py
[2022-11-02T05:43:29.079-0300] {processor.py:756} INFO - Processing file /home/debian/etlhausz/venv/lib/python3.9/site-packages/airflow/example_dags/tutorial_taskflow_api_virtualenv.py for tasks to queue
[2022-11-02T05:43:29.080-0300] {logging_mixin.py:120} INFO - [2022-11-02T05:43:29.080-0300] {dagbag.py:537} INFO - Filling up the DagBag from /home/debian/etlhausz/venv/lib/python3.9/site-packages/airflow/example_dags/tutorial_taskflow_api_virtualenv.py
[2022-11-02T05:43:29.100-0300] {processor.py:766} INFO - DAG(s) dict_keys(['tutorial_taskflow_api_virtualenv']) retrieved from /home/debian/etlhausz/venv/lib/python3.9/site-packages/airflow/example_dags/tutorial_taskflow_api_virtualenv.py
[2022-11-02T05:43:29.133-0300] {logging_mixin.py:120} INFO - [2022-11-02T05:43:29.133-0300] {dag.py:2585} INFO - Sync 1 DAGs
[2022-11-02T05:43:29.151-0300] {logging_mixin.py:120} INFO - [2022-11-02T05:43:29.151-0300] {dag.py:3336} INFO - Setting next_dagrun for tutorial_taskflow_api_virtualenv to None, run_after=None
[2022-11-02T05:43:29.170-0300] {processor.py:176} INFO - Processing /home/debian/etlhausz/venv/lib/python3.9/site-packages/airflow/example_dags/tutorial_taskflow_api_virtualenv.py took 0.097 seconds
[2022-11-02T05:44:00.210-0300] {processor.py:154} INFO - Started process (PID=8184) to work on /home/debian/etlhausz/venv/lib/python3.9/site-packages/airflow/example_dags/tutorial_taskflow_api_virtualenv.py
[2022-11-02T05:44:00.211-0300] {processor.py:756} INFO - Processing file /home/debian/etlhausz/venv/lib/python3.9/site-packages/airflow/example_dags/tutorial_taskflow_api_virtualenv.py for tasks to queue
[2022-11-02T05:44:00.212-0300] {logging_mixin.py:120} INFO - [2022-11-02T05:44:00.212-0300] {dagbag.py:537} INFO - Filling up the DagBag from /home/debian/etlhausz/venv/lib/python3.9/site-packages/airflow/example_dags/tutorial_taskflow_api_virtualenv.py
[2022-11-02T05:44:00.229-0300] {processor.py:766} INFO - DAG(s) dict_keys(['tutorial_taskflow_api_virtualenv']) retrieved from /home/debian/etlhausz/venv/lib/python3.9/site-packages/airflow/example_dags/tutorial_taskflow_api_virtualenv.py
[2022-11-02T05:44:00.271-0300] {logging_mixin.py:120} INFO - [2022-11-02T05:44:00.271-0300] {dag.py:2585} INFO - Sync 1 DAGs
[2022-11-02T05:44:00.292-0300] {logging_mixin.py:120} INFO - [2022-11-02T05:44:00.292-0300] {dag.py:3336} INFO - Setting next_dagrun for tutorial_taskflow_api_virtualenv to None, run_after=None
[2022-11-02T05:44:00.313-0300] {processor.py:176} INFO - Processing /home/debian/etlhausz/venv/lib/python3.9/site-packages/airflow/example_dags/tutorial_taskflow_api_virtualenv.py took 0.106 seconds
[2022-11-02T05:44:30.929-0300] {processor.py:154} INFO - Started process (PID=8555) to work on /home/debian/etlhausz/venv/lib/python3.9/site-packages/airflow/example_dags/tutorial_taskflow_api_virtualenv.py
[2022-11-02T05:44:30.930-0300] {processor.py:756} INFO - Processing file /home/debian/etlhausz/venv/lib/python3.9/site-packages/airflow/example_dags/tutorial_taskflow_api_virtualenv.py for tasks to queue
[2022-11-02T05:44:30.931-0300] {logging_mixin.py:120} INFO - [2022-11-02T05:44:30.931-0300] {dagbag.py:537} INFO - Filling up the DagBag from /home/debian/etlhausz/venv/lib/python3.9/site-packages/airflow/example_dags/tutorial_taskflow_api_virtualenv.py
[2022-11-02T05:44:30.960-0300] {processor.py:766} INFO - DAG(s) dict_keys(['tutorial_taskflow_api_virtualenv']) retrieved from /home/debian/etlhausz/venv/lib/python3.9/site-packages/airflow/example_dags/tutorial_taskflow_api_virtualenv.py
[2022-11-02T05:44:31.029-0300] {logging_mixin.py:120} INFO - [2022-11-02T05:44:31.029-0300] {dag.py:2585} INFO - Sync 1 DAGs
[2022-11-02T05:44:31.057-0300] {logging_mixin.py:120} INFO - [2022-11-02T05:44:31.056-0300] {dag.py:3336} INFO - Setting next_dagrun for tutorial_taskflow_api_virtualenv to None, run_after=None
[2022-11-02T05:44:31.087-0300] {processor.py:176} INFO - Processing /home/debian/etlhausz/venv/lib/python3.9/site-packages/airflow/example_dags/tutorial_taskflow_api_virtualenv.py took 0.160 seconds
