[2022-11-02T05:41:26.194-0300] {processor.py:154} INFO - Started process (PID=6891) to work on /home/debian/etlhausz/venv/lib/python3.9/site-packages/airflow/example_dags/tutorial_taskflow_api.py
[2022-11-02T05:41:26.195-0300] {processor.py:756} INFO - Processing file /home/debian/etlhausz/venv/lib/python3.9/site-packages/airflow/example_dags/tutorial_taskflow_api.py for tasks to queue
[2022-11-02T05:41:26.195-0300] {logging_mixin.py:120} INFO - [2022-11-02T05:41:26.195-0300] {dagbag.py:537} INFO - Filling up the DagBag from /home/debian/etlhausz/venv/lib/python3.9/site-packages/airflow/example_dags/tutorial_taskflow_api.py
[2022-11-02T05:41:26.215-0300] {processor.py:766} INFO - DAG(s) dict_keys(['tutorial_taskflow_api']) retrieved from /home/debian/etlhausz/venv/lib/python3.9/site-packages/airflow/example_dags/tutorial_taskflow_api.py
[2022-11-02T05:41:26.254-0300] {logging_mixin.py:120} INFO - [2022-11-02T05:41:26.254-0300] {dag.py:2585} INFO - Sync 1 DAGs
[2022-11-02T05:41:26.275-0300] {logging_mixin.py:120} INFO - [2022-11-02T05:41:26.275-0300] {dag.py:3336} INFO - Setting next_dagrun for tutorial_taskflow_api to None, run_after=None
[2022-11-02T05:41:26.294-0300] {processor.py:176} INFO - Processing /home/debian/etlhausz/venv/lib/python3.9/site-packages/airflow/example_dags/tutorial_taskflow_api.py took 0.102 seconds
[2022-11-02T05:41:56.919-0300] {processor.py:154} INFO - Started process (PID=7247) to work on /home/debian/etlhausz/venv/lib/python3.9/site-packages/airflow/example_dags/tutorial_taskflow_api.py
[2022-11-02T05:41:56.919-0300] {processor.py:756} INFO - Processing file /home/debian/etlhausz/venv/lib/python3.9/site-packages/airflow/example_dags/tutorial_taskflow_api.py for tasks to queue
[2022-11-02T05:41:56.920-0300] {logging_mixin.py:120} INFO - [2022-11-02T05:41:56.920-0300] {dagbag.py:537} INFO - Filling up the DagBag from /home/debian/etlhausz/venv/lib/python3.9/site-packages/airflow/example_dags/tutorial_taskflow_api.py
[2022-11-02T05:41:56.938-0300] {processor.py:766} INFO - DAG(s) dict_keys(['tutorial_taskflow_api']) retrieved from /home/debian/etlhausz/venv/lib/python3.9/site-packages/airflow/example_dags/tutorial_taskflow_api.py
[2022-11-02T05:41:56.979-0300] {logging_mixin.py:120} INFO - [2022-11-02T05:41:56.979-0300] {dag.py:2585} INFO - Sync 1 DAGs
[2022-11-02T05:41:56.999-0300] {logging_mixin.py:120} INFO - [2022-11-02T05:41:56.998-0300] {dag.py:3336} INFO - Setting next_dagrun for tutorial_taskflow_api to None, run_after=None
[2022-11-02T05:41:57.020-0300] {processor.py:176} INFO - Processing /home/debian/etlhausz/venv/lib/python3.9/site-packages/airflow/example_dags/tutorial_taskflow_api.py took 0.104 seconds
[2022-11-02T05:42:28.076-0300] {processor.py:154} INFO - Started process (PID=7483) to work on /home/debian/etlhausz/venv/lib/python3.9/site-packages/airflow/example_dags/tutorial_taskflow_api.py
[2022-11-02T05:42:28.077-0300] {processor.py:756} INFO - Processing file /home/debian/etlhausz/venv/lib/python3.9/site-packages/airflow/example_dags/tutorial_taskflow_api.py for tasks to queue
[2022-11-02T05:42:28.077-0300] {logging_mixin.py:120} INFO - [2022-11-02T05:42:28.077-0300] {dagbag.py:537} INFO - Filling up the DagBag from /home/debian/etlhausz/venv/lib/python3.9/site-packages/airflow/example_dags/tutorial_taskflow_api.py
[2022-11-02T05:42:28.097-0300] {processor.py:766} INFO - DAG(s) dict_keys(['tutorial_taskflow_api']) retrieved from /home/debian/etlhausz/venv/lib/python3.9/site-packages/airflow/example_dags/tutorial_taskflow_api.py
[2022-11-02T05:42:28.167-0300] {logging_mixin.py:120} INFO - [2022-11-02T05:42:28.167-0300] {dag.py:2585} INFO - Sync 1 DAGs
[2022-11-02T05:42:28.190-0300] {logging_mixin.py:120} INFO - [2022-11-02T05:42:28.190-0300] {dag.py:3336} INFO - Setting next_dagrun for tutorial_taskflow_api to None, run_after=None
[2022-11-02T05:42:28.211-0300] {processor.py:176} INFO - Processing /home/debian/etlhausz/venv/lib/python3.9/site-packages/airflow/example_dags/tutorial_taskflow_api.py took 0.139 seconds
[2022-11-02T05:42:58.876-0300] {processor.py:154} INFO - Started process (PID=7722) to work on /home/debian/etlhausz/venv/lib/python3.9/site-packages/airflow/example_dags/tutorial_taskflow_api.py
[2022-11-02T05:42:58.877-0300] {processor.py:756} INFO - Processing file /home/debian/etlhausz/venv/lib/python3.9/site-packages/airflow/example_dags/tutorial_taskflow_api.py for tasks to queue
[2022-11-02T05:42:58.878-0300] {logging_mixin.py:120} INFO - [2022-11-02T05:42:58.878-0300] {dagbag.py:537} INFO - Filling up the DagBag from /home/debian/etlhausz/venv/lib/python3.9/site-packages/airflow/example_dags/tutorial_taskflow_api.py
[2022-11-02T05:42:58.896-0300] {processor.py:766} INFO - DAG(s) dict_keys(['tutorial_taskflow_api']) retrieved from /home/debian/etlhausz/venv/lib/python3.9/site-packages/airflow/example_dags/tutorial_taskflow_api.py
[2022-11-02T05:42:58.940-0300] {logging_mixin.py:120} INFO - [2022-11-02T05:42:58.940-0300] {dag.py:2585} INFO - Sync 1 DAGs
[2022-11-02T05:42:58.972-0300] {logging_mixin.py:120} INFO - [2022-11-02T05:42:58.972-0300] {dag.py:3336} INFO - Setting next_dagrun for tutorial_taskflow_api to None, run_after=None
[2022-11-02T05:42:58.994-0300] {processor.py:176} INFO - Processing /home/debian/etlhausz/venv/lib/python3.9/site-packages/airflow/example_dags/tutorial_taskflow_api.py took 0.121 seconds
[2022-11-02T05:43:29.712-0300] {processor.py:154} INFO - Started process (PID=7952) to work on /home/debian/etlhausz/venv/lib/python3.9/site-packages/airflow/example_dags/tutorial_taskflow_api.py
[2022-11-02T05:43:29.714-0300] {processor.py:756} INFO - Processing file /home/debian/etlhausz/venv/lib/python3.9/site-packages/airflow/example_dags/tutorial_taskflow_api.py for tasks to queue
[2022-11-02T05:43:29.715-0300] {logging_mixin.py:120} INFO - [2022-11-02T05:43:29.715-0300] {dagbag.py:537} INFO - Filling up the DagBag from /home/debian/etlhausz/venv/lib/python3.9/site-packages/airflow/example_dags/tutorial_taskflow_api.py
[2022-11-02T05:43:29.740-0300] {processor.py:766} INFO - DAG(s) dict_keys(['tutorial_taskflow_api']) retrieved from /home/debian/etlhausz/venv/lib/python3.9/site-packages/airflow/example_dags/tutorial_taskflow_api.py
[2022-11-02T05:43:29.817-0300] {logging_mixin.py:120} INFO - [2022-11-02T05:43:29.817-0300] {dag.py:2585} INFO - Sync 1 DAGs
[2022-11-02T05:43:29.839-0300] {logging_mixin.py:120} INFO - [2022-11-02T05:43:29.838-0300] {dag.py:3336} INFO - Setting next_dagrun for tutorial_taskflow_api to None, run_after=None
[2022-11-02T05:43:29.860-0300] {processor.py:176} INFO - Processing /home/debian/etlhausz/venv/lib/python3.9/site-packages/airflow/example_dags/tutorial_taskflow_api.py took 0.156 seconds
[2022-11-02T05:44:00.732-0300] {processor.py:154} INFO - Started process (PID=8227) to work on /home/debian/etlhausz/venv/lib/python3.9/site-packages/airflow/example_dags/tutorial_taskflow_api.py
[2022-11-02T05:44:00.734-0300] {processor.py:756} INFO - Processing file /home/debian/etlhausz/venv/lib/python3.9/site-packages/airflow/example_dags/tutorial_taskflow_api.py for tasks to queue
[2022-11-02T05:44:00.734-0300] {logging_mixin.py:120} INFO - [2022-11-02T05:44:00.734-0300] {dagbag.py:537} INFO - Filling up the DagBag from /home/debian/etlhausz/venv/lib/python3.9/site-packages/airflow/example_dags/tutorial_taskflow_api.py
[2022-11-02T05:44:00.750-0300] {processor.py:766} INFO - DAG(s) dict_keys(['tutorial_taskflow_api']) retrieved from /home/debian/etlhausz/venv/lib/python3.9/site-packages/airflow/example_dags/tutorial_taskflow_api.py
[2022-11-02T05:44:00.788-0300] {logging_mixin.py:120} INFO - [2022-11-02T05:44:00.788-0300] {dag.py:2585} INFO - Sync 1 DAGs
[2022-11-02T05:44:00.815-0300] {logging_mixin.py:120} INFO - [2022-11-02T05:44:00.815-0300] {dag.py:3336} INFO - Setting next_dagrun for tutorial_taskflow_api to None, run_after=None
[2022-11-02T05:44:00.834-0300] {processor.py:176} INFO - Processing /home/debian/etlhausz/venv/lib/python3.9/site-packages/airflow/example_dags/tutorial_taskflow_api.py took 0.105 seconds
[2022-11-02T05:44:31.920-0300] {processor.py:154} INFO - Started process (PID=8600) to work on /home/debian/etlhausz/venv/lib/python3.9/site-packages/airflow/example_dags/tutorial_taskflow_api.py
[2022-11-02T05:44:31.932-0300] {processor.py:756} INFO - Processing file /home/debian/etlhausz/venv/lib/python3.9/site-packages/airflow/example_dags/tutorial_taskflow_api.py for tasks to queue
[2022-11-02T05:44:31.935-0300] {logging_mixin.py:120} INFO - [2022-11-02T05:44:31.935-0300] {dagbag.py:537} INFO - Filling up the DagBag from /home/debian/etlhausz/venv/lib/python3.9/site-packages/airflow/example_dags/tutorial_taskflow_api.py
[2022-11-02T05:44:31.989-0300] {processor.py:766} INFO - DAG(s) dict_keys(['tutorial_taskflow_api']) retrieved from /home/debian/etlhausz/venv/lib/python3.9/site-packages/airflow/example_dags/tutorial_taskflow_api.py
[2022-11-02T05:44:32.119-0300] {logging_mixin.py:120} INFO - [2022-11-02T05:44:32.119-0300] {dag.py:2585} INFO - Sync 1 DAGs
[2022-11-02T05:44:32.181-0300] {logging_mixin.py:120} INFO - [2022-11-02T05:44:32.181-0300] {dag.py:3336} INFO - Setting next_dagrun for tutorial_taskflow_api to None, run_after=None
[2022-11-02T05:44:32.237-0300] {processor.py:176} INFO - Processing /home/debian/etlhausz/venv/lib/python3.9/site-packages/airflow/example_dags/tutorial_taskflow_api.py took 0.329 seconds
