[2022-11-06T16:52:24.133-0300] {taskinstance.py:1165} INFO - Dependencies all met for <TaskInstance: get_urls_deca.get_urls_produtos scheduled__2022-11-06T19:42:04.351167+00:00 [queued]>
[2022-11-06T16:52:24.140-0300] {taskinstance.py:1165} INFO - Dependencies all met for <TaskInstance: get_urls_deca.get_urls_produtos scheduled__2022-11-06T19:42:04.351167+00:00 [queued]>
[2022-11-06T16:52:24.140-0300] {taskinstance.py:1362} INFO - 
--------------------------------------------------------------------------------
[2022-11-06T16:52:24.141-0300] {taskinstance.py:1363} INFO - Starting attempt 1 of 1
[2022-11-06T16:52:24.141-0300] {taskinstance.py:1364} INFO - 
--------------------------------------------------------------------------------
[2022-11-06T16:52:24.151-0300] {taskinstance.py:1383} INFO - Executing <Task(PythonOperator): get_urls_produtos> on 2022-11-06 19:42:04.351167+00:00
[2022-11-06T16:52:24.153-0300] {standard_task_runner.py:55} INFO - Started process 6474 to run task
[2022-11-06T16:52:24.157-0300] {standard_task_runner.py:82} INFO - Running: ['airflow', 'tasks', 'run', 'get_urls_deca', 'get_urls_produtos', 'scheduled__2022-11-06T19:42:04.351167+00:00', '--job-id', '389', '--raw', '--subdir', 'DAGS_FOLDER/teste_excom.py', '--cfg-path', '/tmp/tmpveamg98n']
[2022-11-06T16:52:24.157-0300] {standard_task_runner.py:83} INFO - Job 389: Subtask get_urls_produtos
[2022-11-06T16:52:24.254-0300] {task_command.py:376} INFO - Running <TaskInstance: get_urls_deca.get_urls_produtos scheduled__2022-11-06T19:42:04.351167+00:00 [running]> on host debian
[2022-11-06T16:52:24.335-0300] {taskinstance.py:1590} INFO - Exporting the following env vars:
AIRFLOW_CTX_DAG_OWNER=airflow
AIRFLOW_CTX_DAG_ID=get_urls_deca
AIRFLOW_CTX_TASK_ID=get_urls_produtos
AIRFLOW_CTX_EXECUTION_DATE=2022-11-06T19:42:04.351167+00:00
AIRFLOW_CTX_TRY_NUMBER=1
AIRFLOW_CTX_DAG_RUN_ID=scheduled__2022-11-06T19:42:04.351167+00:00
[2022-11-06T16:52:28.430-0300] {python.py:177} INFO - Done. Returned value was: None
[2022-11-06T16:52:28.465-0300] {taskinstance.py:1401} INFO - Marking task as SUCCESS. dag_id=get_urls_deca, task_id=get_urls_produtos, execution_date=20221106T194204, start_date=20221106T195224, end_date=20221106T195228
[2022-11-06T16:52:28.501-0300] {local_task_job.py:164} INFO - Task exited with return code 0
[2022-11-06T16:52:28.557-0300] {local_task_job.py:273} INFO - 1 downstream tasks scheduled from follow-on schedule check
