[2022-11-06T17:24:20.604-0300] {taskinstance.py:1165} INFO - Dependencies all met for <TaskInstance: get_urls_deca.get_urls_produtos scheduled__2022-11-06T20:14:17.733814+00:00 [queued]>
[2022-11-06T17:24:20.641-0300] {taskinstance.py:1165} INFO - Dependencies all met for <TaskInstance: get_urls_deca.get_urls_produtos scheduled__2022-11-06T20:14:17.733814+00:00 [queued]>
[2022-11-06T17:24:20.641-0300] {taskinstance.py:1362} INFO - 
--------------------------------------------------------------------------------
[2022-11-06T17:24:20.641-0300] {taskinstance.py:1363} INFO - Starting attempt 1 of 1
[2022-11-06T17:24:20.641-0300] {taskinstance.py:1364} INFO - 
--------------------------------------------------------------------------------
[2022-11-06T17:24:20.654-0300] {taskinstance.py:1383} INFO - Executing <Task(PythonOperator): get_urls_produtos> on 2022-11-06 20:14:17.733814+00:00
[2022-11-06T17:24:20.660-0300] {standard_task_runner.py:55} INFO - Started process 46046 to run task
[2022-11-06T17:24:20.663-0300] {standard_task_runner.py:82} INFO - Running: ['airflow', 'tasks', 'run', 'get_urls_deca', 'get_urls_produtos', 'scheduled__2022-11-06T20:14:17.733814+00:00', '--job-id', '414', '--raw', '--subdir', 'DAGS_FOLDER/teste_excom.py', '--cfg-path', '/tmp/tmpkhtn9qak']
[2022-11-06T17:24:20.663-0300] {standard_task_runner.py:83} INFO - Job 414: Subtask get_urls_produtos
[2022-11-06T17:24:20.821-0300] {task_command.py:376} INFO - Running <TaskInstance: get_urls_deca.get_urls_produtos scheduled__2022-11-06T20:14:17.733814+00:00 [running]> on host debian
[2022-11-06T17:24:20.942-0300] {taskinstance.py:1590} INFO - Exporting the following env vars:
AIRFLOW_CTX_DAG_OWNER=airflow
AIRFLOW_CTX_DAG_ID=get_urls_deca
AIRFLOW_CTX_TASK_ID=get_urls_produtos
AIRFLOW_CTX_EXECUTION_DATE=2022-11-06T20:14:17.733814+00:00
AIRFLOW_CTX_TRY_NUMBER=1
AIRFLOW_CTX_DAG_RUN_ID=scheduled__2022-11-06T20:14:17.733814+00:00
[2022-11-06T17:24:26.072-0300] {python.py:177} INFO - Done. Returned value was: None
[2022-11-06T17:24:26.171-0300] {taskinstance.py:1401} INFO - Marking task as SUCCESS. dag_id=get_urls_deca, task_id=get_urls_produtos, execution_date=20221106T201417, start_date=20221106T202420, end_date=20221106T202426
[2022-11-06T17:24:26.305-0300] {local_task_job.py:164} INFO - Task exited with return code 0
[2022-11-06T17:24:26.410-0300] {local_task_job.py:273} INFO - 1 downstream tasks scheduled from follow-on schedule check
