[2022-11-02T16:13:50.160-0300] {taskinstance.py:1165} INFO - Dependencies all met for <TaskInstance: get_postgre_databases.select_marcas manual__2022-11-02T19:13:48.205540+00:00 [queued]>
[2022-11-02T16:13:50.170-0300] {taskinstance.py:1165} INFO - Dependencies all met for <TaskInstance: get_postgre_databases.select_marcas manual__2022-11-02T19:13:48.205540+00:00 [queued]>
[2022-11-02T16:13:50.170-0300] {taskinstance.py:1362} INFO - 
--------------------------------------------------------------------------------
[2022-11-02T16:13:50.170-0300] {taskinstance.py:1363} INFO - Starting attempt 1 of 1
[2022-11-02T16:13:50.171-0300] {taskinstance.py:1364} INFO - 
--------------------------------------------------------------------------------
[2022-11-02T16:13:50.190-0300] {taskinstance.py:1383} INFO - Executing <Task(_PythonDecoratedOperator): select_marcas> on 2022-11-02 19:13:48.205540+00:00
[2022-11-02T16:13:50.194-0300] {standard_task_runner.py:55} INFO - Started process 21492 to run task
[2022-11-02T16:13:50.210-0300] {standard_task_runner.py:82} INFO - Running: ['airflow', 'tasks', 'run', 'get_postgre_databases', 'select_marcas', 'manual__2022-11-02T19:13:48.205540+00:00', '--job-id', '376', '--raw', '--subdir', 'DAGS_FOLDER/testedag.py', '--cfg-path', '/tmp/tmpebt9p3va']
[2022-11-02T16:13:50.211-0300] {standard_task_runner.py:83} INFO - Job 376: Subtask select_marcas
[2022-11-02T16:13:50.407-0300] {task_command.py:376} INFO - Running <TaskInstance: get_postgre_databases.select_marcas manual__2022-11-02T19:13:48.205540+00:00 [running]> on host debian
[2022-11-02T16:13:50.525-0300] {taskinstance.py:1590} INFO - Exporting the following env vars:
AIRFLOW_CTX_DAG_OWNER=airflow
AIRFLOW_CTX_DAG_ID=get_postgre_databases
AIRFLOW_CTX_TASK_ID=select_marcas
AIRFLOW_CTX_EXECUTION_DATE=2022-11-02T19:13:48.205540+00:00
AIRFLOW_CTX_TRY_NUMBER=1
AIRFLOW_CTX_DAG_RUN_ID=manual__2022-11-02T19:13:48.205540+00:00
[2022-11-02T16:13:50.556-0300] {base.py:71} INFO - Using connection ID 'postgres_default' for task execution.
[2022-11-02T16:13:50.567-0300] {python.py:177} INFO - Done. Returned value was: [[1, "Deca"], [2, "Durafloor"], [3, "Roca"]]
[2022-11-02T16:13:50.619-0300] {taskinstance.py:1401} INFO - Marking task as SUCCESS. dag_id=get_postgre_databases, task_id=select_marcas, execution_date=20221102T191348, start_date=20221102T191350, end_date=20221102T191350
[2022-11-02T16:13:50.663-0300] {local_task_job.py:164} INFO - Task exited with return code 0
[2022-11-02T16:13:50.701-0300] {local_task_job.py:273} INFO - 0 downstream tasks scheduled from follow-on schedule check
