[2022-11-06T20:14:32.912-0300] {taskinstance.py:1165} INFO - Dependencies all met for <TaskInstance: Dag_ETL.task_deca manual__2022-11-06T23:14:30.636157+00:00 [queued]>
[2022-11-06T20:14:32.942-0300] {taskinstance.py:1165} INFO - Dependencies all met for <TaskInstance: Dag_ETL.task_deca manual__2022-11-06T23:14:30.636157+00:00 [queued]>
[2022-11-06T20:14:32.942-0300] {taskinstance.py:1362} INFO - 
--------------------------------------------------------------------------------
[2022-11-06T20:14:32.942-0300] {taskinstance.py:1363} INFO - Starting attempt 1 of 1
[2022-11-06T20:14:32.942-0300] {taskinstance.py:1364} INFO - 
--------------------------------------------------------------------------------
[2022-11-06T20:14:32.976-0300] {taskinstance.py:1383} INFO - Executing <Task(PythonOperator): task_deca> on 2022-11-06 23:14:30.636157+00:00
[2022-11-06T20:14:32.984-0300] {standard_task_runner.py:55} INFO - Started process 12265 to run task
[2022-11-06T20:14:32.990-0300] {standard_task_runner.py:82} INFO - Running: ['airflow', 'tasks', 'run', 'Dag_ETL', 'task_deca', 'manual__2022-11-06T23:14:30.636157+00:00', '--job-id', '514', '--raw', '--subdir', 'DAGS_FOLDER/teste_excom.py', '--cfg-path', '/tmp/tmpd4i6yhq1']
[2022-11-06T20:14:32.995-0300] {standard_task_runner.py:83} INFO - Job 514: Subtask task_deca
[2022-11-06T20:14:33.181-0300] {task_command.py:376} INFO - Running <TaskInstance: Dag_ETL.task_deca manual__2022-11-06T23:14:30.636157+00:00 [running]> on host debian
[2022-11-06T20:14:33.501-0300] {taskinstance.py:1590} INFO - Exporting the following env vars:
AIRFLOW_CTX_DAG_OWNER=airflow
AIRFLOW_CTX_DAG_ID=Dag_ETL
AIRFLOW_CTX_TASK_ID=task_deca
AIRFLOW_CTX_EXECUTION_DATE=2022-11-06T23:14:30.636157+00:00
AIRFLOW_CTX_TRY_NUMBER=1
AIRFLOW_CTX_DAG_RUN_ID=manual__2022-11-06T23:14:30.636157+00:00
[2022-11-06T20:14:33.502-0300] {logging_mixin.py:120} INFO - /home/debian/etlhausz/airflow/dags/ airflow.txt
[2022-11-06T20:14:33.502-0300] {python.py:177} INFO - Done. Returned value was: None
[2022-11-06T20:14:33.535-0300] {taskinstance.py:1401} INFO - Marking task as SUCCESS. dag_id=Dag_ETL, task_id=task_deca, execution_date=20221106T231430, start_date=20221106T231432, end_date=20221106T231433
[2022-11-06T20:14:33.589-0300] {local_task_job.py:164} INFO - Task exited with return code 0
[2022-11-06T20:14:33.650-0300] {local_task_job.py:273} INFO - 0 downstream tasks scheduled from follow-on schedule check
