[2022-11-06T17:44:53.992-0300] {taskinstance.py:1165} INFO - Dependencies all met for <TaskInstance: get_urls_deca.get_produtos scheduled__2022-11-06T20:34:39.933989+00:00 [queued]>
[2022-11-06T17:44:54.008-0300] {taskinstance.py:1165} INFO - Dependencies all met for <TaskInstance: get_urls_deca.get_produtos scheduled__2022-11-06T20:34:39.933989+00:00 [queued]>
[2022-11-06T17:44:54.009-0300] {taskinstance.py:1362} INFO - 
--------------------------------------------------------------------------------
[2022-11-06T17:44:54.010-0300] {taskinstance.py:1363} INFO - Starting attempt 1 of 1
[2022-11-06T17:44:54.010-0300] {taskinstance.py:1364} INFO - 
--------------------------------------------------------------------------------
[2022-11-06T17:44:54.029-0300] {taskinstance.py:1383} INFO - Executing <Task(PythonOperator): get_produtos> on 2022-11-06 20:34:39.933989+00:00
[2022-11-06T17:44:54.034-0300] {standard_task_runner.py:55} INFO - Started process 15477 to run task
[2022-11-06T17:44:54.057-0300] {standard_task_runner.py:82} INFO - Running: ['airflow', 'tasks', 'run', 'get_urls_deca', 'get_produtos', 'scheduled__2022-11-06T20:34:39.933989+00:00', '--job-id', '433', '--raw', '--subdir', 'DAGS_FOLDER/teste_excom.py', '--cfg-path', '/tmp/tmpccl73zog']
[2022-11-06T17:44:54.062-0300] {standard_task_runner.py:83} INFO - Job 433: Subtask get_produtos
[2022-11-06T17:44:54.630-0300] {task_command.py:376} INFO - Running <TaskInstance: get_urls_deca.get_produtos scheduled__2022-11-06T20:34:39.933989+00:00 [running]> on host debian
[2022-11-06T17:44:55.222-0300] {taskinstance.py:1590} INFO - Exporting the following env vars:
AIRFLOW_CTX_DAG_OWNER=airflow
AIRFLOW_CTX_DAG_ID=get_urls_deca
AIRFLOW_CTX_TASK_ID=get_produtos
AIRFLOW_CTX_EXECUTION_DATE=2022-11-06T20:34:39.933989+00:00
AIRFLOW_CTX_TRY_NUMBER=1
AIRFLOW_CTX_DAG_RUN_ID=scheduled__2022-11-06T20:34:39.933989+00:00
[2022-11-06T17:44:55.273-0300] {python.py:177} INFO - Done. Returned value was: []
[2022-11-06T17:44:55.366-0300] {taskinstance.py:1401} INFO - Marking task as SUCCESS. dag_id=get_urls_deca, task_id=get_produtos, execution_date=20221106T203439, start_date=20221106T204453, end_date=20221106T204455
[2022-11-06T17:44:55.464-0300] {local_task_job.py:164} INFO - Task exited with return code 0
[2022-11-06T17:44:55.553-0300] {local_task_job.py:273} INFO - 0 downstream tasks scheduled from follow-on schedule check
