[2022-11-06T17:24:31.947-0300] {taskinstance.py:1165} INFO - Dependencies all met for <TaskInstance: get_urls_deca.get_produtos scheduled__2022-11-06T20:14:17.733814+00:00 [queued]>
[2022-11-06T17:24:32.074-0300] {taskinstance.py:1165} INFO - Dependencies all met for <TaskInstance: get_urls_deca.get_produtos scheduled__2022-11-06T20:14:17.733814+00:00 [queued]>
[2022-11-06T17:24:32.079-0300] {taskinstance.py:1362} INFO - 
--------------------------------------------------------------------------------
[2022-11-06T17:24:32.117-0300] {taskinstance.py:1363} INFO - Starting attempt 1 of 1
[2022-11-06T17:24:32.121-0300] {taskinstance.py:1364} INFO - 
--------------------------------------------------------------------------------
[2022-11-06T17:24:32.252-0300] {taskinstance.py:1383} INFO - Executing <Task(PythonOperator): get_produtos> on 2022-11-06 20:14:17.733814+00:00
[2022-11-06T17:24:32.341-0300] {standard_task_runner.py:55} INFO - Started process 46517 to run task
[2022-11-06T17:24:32.355-0300] {standard_task_runner.py:82} INFO - Running: ['airflow', 'tasks', 'run', 'get_urls_deca', 'get_produtos', 'scheduled__2022-11-06T20:14:17.733814+00:00', '--job-id', '416', '--raw', '--subdir', 'DAGS_FOLDER/teste_excom.py', '--cfg-path', '/tmp/tmpe8xk5jbl']
[2022-11-06T17:24:32.355-0300] {standard_task_runner.py:83} INFO - Job 416: Subtask get_produtos
[2022-11-06T17:24:33.894-0300] {task_command.py:376} INFO - Running <TaskInstance: get_urls_deca.get_produtos scheduled__2022-11-06T20:14:17.733814+00:00 [running]> on host debian
[2022-11-06T17:24:34.290-0300] {taskinstance.py:1590} INFO - Exporting the following env vars:
AIRFLOW_CTX_DAG_OWNER=airflow
AIRFLOW_CTX_DAG_ID=get_urls_deca
AIRFLOW_CTX_TASK_ID=get_produtos
AIRFLOW_CTX_EXECUTION_DATE=2022-11-06T20:14:17.733814+00:00
AIRFLOW_CTX_TRY_NUMBER=1
AIRFLOW_CTX_DAG_RUN_ID=scheduled__2022-11-06T20:14:17.733814+00:00
[2022-11-06T17:24:34.406-0300] {python.py:177} INFO - Done. Returned value was: None
[2022-11-06T17:24:34.493-0300] {taskinstance.py:1401} INFO - Marking task as SUCCESS. dag_id=get_urls_deca, task_id=get_produtos, execution_date=20221106T201417, start_date=20221106T202431, end_date=20221106T202434
[2022-11-06T17:24:34.573-0300] {local_task_job.py:164} INFO - Task exited with return code 0
[2022-11-06T17:24:34.627-0300] {local_task_job.py:273} INFO - 0 downstream tasks scheduled from follow-on schedule check
