[2022-11-02T05:41:26.317-0300] {processor.py:154} INFO - Started process (PID=6903) to work on /home/debian/etlhausz/venv/lib/python3.9/site-packages/airflow/example_dags/plugins/workday.py
[2022-11-02T05:41:26.317-0300] {processor.py:756} INFO - Processing file /home/debian/etlhausz/venv/lib/python3.9/site-packages/airflow/example_dags/plugins/workday.py for tasks to queue
[2022-11-02T05:41:26.318-0300] {logging_mixin.py:120} INFO - [2022-11-02T05:41:26.318-0300] {dagbag.py:537} INFO - Filling up the DagBag from /home/debian/etlhausz/venv/lib/python3.9/site-packages/airflow/example_dags/plugins/workday.py
[2022-11-02T05:41:26.319-0300] {processor.py:768} WARNING - No viable dags retrieved from /home/debian/etlhausz/venv/lib/python3.9/site-packages/airflow/example_dags/plugins/workday.py
[2022-11-02T05:41:26.344-0300] {processor.py:176} INFO - Processing /home/debian/etlhausz/venv/lib/python3.9/site-packages/airflow/example_dags/plugins/workday.py took 0.031 seconds
[2022-11-02T05:41:57.043-0300] {processor.py:154} INFO - Started process (PID=7259) to work on /home/debian/etlhausz/venv/lib/python3.9/site-packages/airflow/example_dags/plugins/workday.py
[2022-11-02T05:41:57.043-0300] {processor.py:756} INFO - Processing file /home/debian/etlhausz/venv/lib/python3.9/site-packages/airflow/example_dags/plugins/workday.py for tasks to queue
[2022-11-02T05:41:57.044-0300] {logging_mixin.py:120} INFO - [2022-11-02T05:41:57.044-0300] {dagbag.py:537} INFO - Filling up the DagBag from /home/debian/etlhausz/venv/lib/python3.9/site-packages/airflow/example_dags/plugins/workday.py
[2022-11-02T05:41:57.045-0300] {processor.py:768} WARNING - No viable dags retrieved from /home/debian/etlhausz/venv/lib/python3.9/site-packages/airflow/example_dags/plugins/workday.py
[2022-11-02T05:41:57.068-0300] {processor.py:176} INFO - Processing /home/debian/etlhausz/venv/lib/python3.9/site-packages/airflow/example_dags/plugins/workday.py took 0.028 seconds
[2022-11-02T05:42:28.160-0300] {processor.py:154} INFO - Started process (PID=7489) to work on /home/debian/etlhausz/venv/lib/python3.9/site-packages/airflow/example_dags/plugins/workday.py
[2022-11-02T05:42:28.161-0300] {processor.py:756} INFO - Processing file /home/debian/etlhausz/venv/lib/python3.9/site-packages/airflow/example_dags/plugins/workday.py for tasks to queue
[2022-11-02T05:42:28.162-0300] {logging_mixin.py:120} INFO - [2022-11-02T05:42:28.162-0300] {dagbag.py:537} INFO - Filling up the DagBag from /home/debian/etlhausz/venv/lib/python3.9/site-packages/airflow/example_dags/plugins/workday.py
[2022-11-02T05:42:28.163-0300] {processor.py:768} WARNING - No viable dags retrieved from /home/debian/etlhausz/venv/lib/python3.9/site-packages/airflow/example_dags/plugins/workday.py
[2022-11-02T05:42:28.191-0300] {processor.py:176} INFO - Processing /home/debian/etlhausz/venv/lib/python3.9/site-packages/airflow/example_dags/plugins/workday.py took 0.034 seconds
[2022-11-02T05:42:59.020-0300] {processor.py:154} INFO - Started process (PID=7734) to work on /home/debian/etlhausz/venv/lib/python3.9/site-packages/airflow/example_dags/plugins/workday.py
[2022-11-02T05:42:59.024-0300] {processor.py:756} INFO - Processing file /home/debian/etlhausz/venv/lib/python3.9/site-packages/airflow/example_dags/plugins/workday.py for tasks to queue
[2022-11-02T05:42:59.025-0300] {logging_mixin.py:120} INFO - [2022-11-02T05:42:59.025-0300] {dagbag.py:537} INFO - Filling up the DagBag from /home/debian/etlhausz/venv/lib/python3.9/site-packages/airflow/example_dags/plugins/workday.py
[2022-11-02T05:42:59.027-0300] {processor.py:768} WARNING - No viable dags retrieved from /home/debian/etlhausz/venv/lib/python3.9/site-packages/airflow/example_dags/plugins/workday.py
[2022-11-02T05:42:59.049-0300] {processor.py:176} INFO - Processing /home/debian/etlhausz/venv/lib/python3.9/site-packages/airflow/example_dags/plugins/workday.py took 0.032 seconds
[2022-11-02T05:43:29.884-0300] {processor.py:154} INFO - Started process (PID=7964) to work on /home/debian/etlhausz/venv/lib/python3.9/site-packages/airflow/example_dags/plugins/workday.py
[2022-11-02T05:43:29.886-0300] {processor.py:756} INFO - Processing file /home/debian/etlhausz/venv/lib/python3.9/site-packages/airflow/example_dags/plugins/workday.py for tasks to queue
[2022-11-02T05:43:29.886-0300] {logging_mixin.py:120} INFO - [2022-11-02T05:43:29.886-0300] {dagbag.py:537} INFO - Filling up the DagBag from /home/debian/etlhausz/venv/lib/python3.9/site-packages/airflow/example_dags/plugins/workday.py
[2022-11-02T05:43:29.887-0300] {processor.py:768} WARNING - No viable dags retrieved from /home/debian/etlhausz/venv/lib/python3.9/site-packages/airflow/example_dags/plugins/workday.py
[2022-11-02T05:43:29.919-0300] {processor.py:176} INFO - Processing /home/debian/etlhausz/venv/lib/python3.9/site-packages/airflow/example_dags/plugins/workday.py took 0.038 seconds
[2022-11-02T05:44:00.862-0300] {processor.py:154} INFO - Started process (PID=8238) to work on /home/debian/etlhausz/venv/lib/python3.9/site-packages/airflow/example_dags/plugins/workday.py
[2022-11-02T05:44:00.863-0300] {processor.py:756} INFO - Processing file /home/debian/etlhausz/venv/lib/python3.9/site-packages/airflow/example_dags/plugins/workday.py for tasks to queue
[2022-11-02T05:44:00.863-0300] {logging_mixin.py:120} INFO - [2022-11-02T05:44:00.863-0300] {dagbag.py:537} INFO - Filling up the DagBag from /home/debian/etlhausz/venv/lib/python3.9/site-packages/airflow/example_dags/plugins/workday.py
[2022-11-02T05:44:00.865-0300] {processor.py:768} WARNING - No viable dags retrieved from /home/debian/etlhausz/venv/lib/python3.9/site-packages/airflow/example_dags/plugins/workday.py
[2022-11-02T05:44:00.890-0300] {processor.py:176} INFO - Processing /home/debian/etlhausz/venv/lib/python3.9/site-packages/airflow/example_dags/plugins/workday.py took 0.033 seconds
[2022-11-02T05:44:32.549-0300] {processor.py:154} INFO - Started process (PID=8615) to work on /home/debian/etlhausz/venv/lib/python3.9/site-packages/airflow/example_dags/plugins/workday.py
[2022-11-02T05:44:32.550-0300] {processor.py:756} INFO - Processing file /home/debian/etlhausz/venv/lib/python3.9/site-packages/airflow/example_dags/plugins/workday.py for tasks to queue
[2022-11-02T05:44:32.551-0300] {logging_mixin.py:120} INFO - [2022-11-02T05:44:32.551-0300] {dagbag.py:537} INFO - Filling up the DagBag from /home/debian/etlhausz/venv/lib/python3.9/site-packages/airflow/example_dags/plugins/workday.py
[2022-11-02T05:44:32.552-0300] {processor.py:768} WARNING - No viable dags retrieved from /home/debian/etlhausz/venv/lib/python3.9/site-packages/airflow/example_dags/plugins/workday.py
[2022-11-02T05:44:32.586-0300] {processor.py:176} INFO - Processing /home/debian/etlhausz/venv/lib/python3.9/site-packages/airflow/example_dags/plugins/workday.py took 0.041 seconds
