[2022-11-06T18:50:22.811-0300] {taskinstance.py:1165} INFO - Dependencies all met for <TaskInstance: dagselenium.load manual__2022-11-06T21:41:59.644036+00:00 [queued]>
[2022-11-06T18:50:22.959-0300] {taskinstance.py:1165} INFO - Dependencies all met for <TaskInstance: dagselenium.load manual__2022-11-06T21:41:59.644036+00:00 [queued]>
[2022-11-06T18:50:22.960-0300] {taskinstance.py:1362} INFO - 
--------------------------------------------------------------------------------
[2022-11-06T18:50:22.964-0300] {taskinstance.py:1363} INFO - Starting attempt 1 of 3
[2022-11-06T18:50:22.965-0300] {taskinstance.py:1364} INFO - 
--------------------------------------------------------------------------------
[2022-11-06T18:50:23.061-0300] {taskinstance.py:1383} INFO - Executing <Task(PythonOperator): load> on 2022-11-06 21:41:59.644036+00:00
[2022-11-06T18:50:23.083-0300] {standard_task_runner.py:55} INFO - Started process 78297 to run task
[2022-11-06T18:50:23.131-0300] {standard_task_runner.py:82} INFO - Running: ['airflow', 'tasks', 'run', 'dagselenium', 'load', 'manual__2022-11-06T21:41:59.644036+00:00', '--job-id', '459', '--raw', '--subdir', 'DAGS_FOLDER/teste_excom.py', '--cfg-path', '/tmp/tmpy6d_w940']
[2022-11-06T18:50:23.131-0300] {standard_task_runner.py:83} INFO - Job 459: Subtask load
[2022-11-06T18:50:23.440-0300] {task_command.py:376} INFO - Running <TaskInstance: dagselenium.load manual__2022-11-06T21:41:59.644036+00:00 [running]> on host debian
[2022-11-06T18:50:23.648-0300] {taskinstance.py:1590} INFO - Exporting the following env vars:
AIRFLOW_CTX_DAG_OWNER=airflow
AIRFLOW_CTX_DAG_ID=dagselenium
AIRFLOW_CTX_TASK_ID=load
AIRFLOW_CTX_EXECUTION_DATE=2022-11-06T21:41:59.644036+00:00
AIRFLOW_CTX_TRY_NUMBER=1
AIRFLOW_CTX_DAG_RUN_ID=manual__2022-11-06T21:41:59.644036+00:00
[2022-11-06T18:50:23.680-0300] {python.py:177} INFO - Done. Returned value was: None
[2022-11-06T18:50:23.699-0300] {taskinstance.py:1401} INFO - Marking task as SUCCESS. dag_id=dagselenium, task_id=load, execution_date=20221106T214159, start_date=20221106T215022, end_date=20221106T215023
[2022-11-06T18:50:23.733-0300] {local_task_job.py:164} INFO - Task exited with return code 0
[2022-11-06T18:50:23.766-0300] {local_task_job.py:273} INFO - 0 downstream tasks scheduled from follow-on schedule check
