[2022-11-06T21:00:23.911-0300] {processor.py:154} INFO - Started process (PID=61379) to work on /home/debian/etlhausz/venv/lib/python3.9/site-packages/airflow/example_dags/subdags/subdag.py
[2022-11-06T21:00:23.911-0300] {processor.py:756} INFO - Processing file /home/debian/etlhausz/venv/lib/python3.9/site-packages/airflow/example_dags/subdags/subdag.py for tasks to queue
[2022-11-06T21:00:23.912-0300] {logging_mixin.py:120} INFO - [2022-11-06T21:00:23.912-0300] {dagbag.py:537} INFO - Filling up the DagBag from /home/debian/etlhausz/venv/lib/python3.9/site-packages/airflow/example_dags/subdags/subdag.py
[2022-11-06T21:00:23.915-0300] {processor.py:768} WARNING - No viable dags retrieved from /home/debian/etlhausz/venv/lib/python3.9/site-packages/airflow/example_dags/subdags/subdag.py
[2022-11-06T21:00:23.937-0300] {processor.py:176} INFO - Processing /home/debian/etlhausz/venv/lib/python3.9/site-packages/airflow/example_dags/subdags/subdag.py took 0.030 seconds
[2022-11-06T21:00:54.007-0300] {processor.py:154} INFO - Started process (PID=61847) to work on /home/debian/etlhausz/venv/lib/python3.9/site-packages/airflow/example_dags/subdags/subdag.py
[2022-11-06T21:00:54.009-0300] {processor.py:756} INFO - Processing file /home/debian/etlhausz/venv/lib/python3.9/site-packages/airflow/example_dags/subdags/subdag.py for tasks to queue
[2022-11-06T21:00:54.011-0300] {logging_mixin.py:120} INFO - [2022-11-06T21:00:54.010-0300] {dagbag.py:537} INFO - Filling up the DagBag from /home/debian/etlhausz/venv/lib/python3.9/site-packages/airflow/example_dags/subdags/subdag.py
[2022-11-06T21:00:54.016-0300] {processor.py:768} WARNING - No viable dags retrieved from /home/debian/etlhausz/venv/lib/python3.9/site-packages/airflow/example_dags/subdags/subdag.py
[2022-11-06T21:00:54.082-0300] {processor.py:176} INFO - Processing /home/debian/etlhausz/venv/lib/python3.9/site-packages/airflow/example_dags/subdags/subdag.py took 0.078 seconds
[2022-11-06T21:01:24.380-0300] {processor.py:154} INFO - Started process (PID=62370) to work on /home/debian/etlhausz/venv/lib/python3.9/site-packages/airflow/example_dags/subdags/subdag.py
[2022-11-06T21:01:24.381-0300] {processor.py:756} INFO - Processing file /home/debian/etlhausz/venv/lib/python3.9/site-packages/airflow/example_dags/subdags/subdag.py for tasks to queue
[2022-11-06T21:01:24.382-0300] {logging_mixin.py:120} INFO - [2022-11-06T21:01:24.382-0300] {dagbag.py:537} INFO - Filling up the DagBag from /home/debian/etlhausz/venv/lib/python3.9/site-packages/airflow/example_dags/subdags/subdag.py
[2022-11-06T21:01:24.389-0300] {processor.py:768} WARNING - No viable dags retrieved from /home/debian/etlhausz/venv/lib/python3.9/site-packages/airflow/example_dags/subdags/subdag.py
[2022-11-06T21:01:24.414-0300] {processor.py:176} INFO - Processing /home/debian/etlhausz/venv/lib/python3.9/site-packages/airflow/example_dags/subdags/subdag.py took 0.037 seconds
[2022-11-06T21:01:55.024-0300] {processor.py:154} INFO - Started process (PID=62900) to work on /home/debian/etlhausz/venv/lib/python3.9/site-packages/airflow/example_dags/subdags/subdag.py
[2022-11-06T21:01:55.025-0300] {processor.py:756} INFO - Processing file /home/debian/etlhausz/venv/lib/python3.9/site-packages/airflow/example_dags/subdags/subdag.py for tasks to queue
[2022-11-06T21:01:55.025-0300] {logging_mixin.py:120} INFO - [2022-11-06T21:01:55.025-0300] {dagbag.py:537} INFO - Filling up the DagBag from /home/debian/etlhausz/venv/lib/python3.9/site-packages/airflow/example_dags/subdags/subdag.py
[2022-11-06T21:01:55.032-0300] {processor.py:768} WARNING - No viable dags retrieved from /home/debian/etlhausz/venv/lib/python3.9/site-packages/airflow/example_dags/subdags/subdag.py
[2022-11-06T21:01:55.055-0300] {processor.py:176} INFO - Processing /home/debian/etlhausz/venv/lib/python3.9/site-packages/airflow/example_dags/subdags/subdag.py took 0.034 seconds
[2022-11-06T21:02:25.753-0300] {processor.py:154} INFO - Started process (PID=63381) to work on /home/debian/etlhausz/venv/lib/python3.9/site-packages/airflow/example_dags/subdags/subdag.py
[2022-11-06T21:02:25.766-0300] {processor.py:756} INFO - Processing file /home/debian/etlhausz/venv/lib/python3.9/site-packages/airflow/example_dags/subdags/subdag.py for tasks to queue
[2022-11-06T21:02:25.766-0300] {logging_mixin.py:120} INFO - [2022-11-06T21:02:25.766-0300] {dagbag.py:537} INFO - Filling up the DagBag from /home/debian/etlhausz/venv/lib/python3.9/site-packages/airflow/example_dags/subdags/subdag.py
[2022-11-06T21:02:25.772-0300] {processor.py:768} WARNING - No viable dags retrieved from /home/debian/etlhausz/venv/lib/python3.9/site-packages/airflow/example_dags/subdags/subdag.py
[2022-11-06T21:02:25.802-0300] {processor.py:176} INFO - Processing /home/debian/etlhausz/venv/lib/python3.9/site-packages/airflow/example_dags/subdags/subdag.py took 0.056 seconds
[2022-11-06T21:02:56.631-0300] {processor.py:154} INFO - Started process (PID=63970) to work on /home/debian/etlhausz/venv/lib/python3.9/site-packages/airflow/example_dags/subdags/subdag.py
[2022-11-06T21:02:56.632-0300] {processor.py:756} INFO - Processing file /home/debian/etlhausz/venv/lib/python3.9/site-packages/airflow/example_dags/subdags/subdag.py for tasks to queue
[2022-11-06T21:02:56.633-0300] {logging_mixin.py:120} INFO - [2022-11-06T21:02:56.633-0300] {dagbag.py:537} INFO - Filling up the DagBag from /home/debian/etlhausz/venv/lib/python3.9/site-packages/airflow/example_dags/subdags/subdag.py
[2022-11-06T21:02:56.636-0300] {processor.py:768} WARNING - No viable dags retrieved from /home/debian/etlhausz/venv/lib/python3.9/site-packages/airflow/example_dags/subdags/subdag.py
[2022-11-06T21:02:56.662-0300] {processor.py:176} INFO - Processing /home/debian/etlhausz/venv/lib/python3.9/site-packages/airflow/example_dags/subdags/subdag.py took 0.035 seconds
[2022-11-06T21:03:27.202-0300] {processor.py:154} INFO - Started process (PID=64515) to work on /home/debian/etlhausz/venv/lib/python3.9/site-packages/airflow/example_dags/subdags/subdag.py
[2022-11-06T21:03:27.204-0300] {processor.py:756} INFO - Processing file /home/debian/etlhausz/venv/lib/python3.9/site-packages/airflow/example_dags/subdags/subdag.py for tasks to queue
[2022-11-06T21:03:27.204-0300] {logging_mixin.py:120} INFO - [2022-11-06T21:03:27.204-0300] {dagbag.py:537} INFO - Filling up the DagBag from /home/debian/etlhausz/venv/lib/python3.9/site-packages/airflow/example_dags/subdags/subdag.py
[2022-11-06T21:03:27.212-0300] {processor.py:768} WARNING - No viable dags retrieved from /home/debian/etlhausz/venv/lib/python3.9/site-packages/airflow/example_dags/subdags/subdag.py
[2022-11-06T21:03:27.244-0300] {processor.py:176} INFO - Processing /home/debian/etlhausz/venv/lib/python3.9/site-packages/airflow/example_dags/subdags/subdag.py took 0.049 seconds
[2022-11-06T21:03:57.408-0300] {processor.py:154} INFO - Started process (PID=65197) to work on /home/debian/etlhausz/venv/lib/python3.9/site-packages/airflow/example_dags/subdags/subdag.py
[2022-11-06T21:03:57.410-0300] {processor.py:756} INFO - Processing file /home/debian/etlhausz/venv/lib/python3.9/site-packages/airflow/example_dags/subdags/subdag.py for tasks to queue
[2022-11-06T21:03:57.410-0300] {logging_mixin.py:120} INFO - [2022-11-06T21:03:57.410-0300] {dagbag.py:537} INFO - Filling up the DagBag from /home/debian/etlhausz/venv/lib/python3.9/site-packages/airflow/example_dags/subdags/subdag.py
[2022-11-06T21:03:57.413-0300] {processor.py:768} WARNING - No viable dags retrieved from /home/debian/etlhausz/venv/lib/python3.9/site-packages/airflow/example_dags/subdags/subdag.py
[2022-11-06T21:03:57.464-0300] {processor.py:176} INFO - Processing /home/debian/etlhausz/venv/lib/python3.9/site-packages/airflow/example_dags/subdags/subdag.py took 0.061 seconds
[2022-11-06T22:01:35.746-0300] {processor.py:154} INFO - Started process (PID=5072) to work on /home/debian/etlhausz/venv/lib/python3.9/site-packages/airflow/example_dags/subdags/subdag.py
[2022-11-06T22:01:35.751-0300] {processor.py:756} INFO - Processing file /home/debian/etlhausz/venv/lib/python3.9/site-packages/airflow/example_dags/subdags/subdag.py for tasks to queue
[2022-11-06T22:01:35.756-0300] {logging_mixin.py:120} INFO - [2022-11-06T22:01:35.755-0300] {dagbag.py:537} INFO - Filling up the DagBag from /home/debian/etlhausz/venv/lib/python3.9/site-packages/airflow/example_dags/subdags/subdag.py
[2022-11-06T22:01:35.789-0300] {processor.py:768} WARNING - No viable dags retrieved from /home/debian/etlhausz/venv/lib/python3.9/site-packages/airflow/example_dags/subdags/subdag.py
[2022-11-06T22:01:35.936-0300] {processor.py:176} INFO - Processing /home/debian/etlhausz/venv/lib/python3.9/site-packages/airflow/example_dags/subdags/subdag.py took 0.196 seconds
[2022-11-06T22:02:07.905-0300] {processor.py:154} INFO - Started process (PID=5723) to work on /home/debian/etlhausz/venv/lib/python3.9/site-packages/airflow/example_dags/subdags/subdag.py
[2022-11-06T22:02:07.907-0300] {processor.py:756} INFO - Processing file /home/debian/etlhausz/venv/lib/python3.9/site-packages/airflow/example_dags/subdags/subdag.py for tasks to queue
[2022-11-06T22:02:07.907-0300] {logging_mixin.py:120} INFO - [2022-11-06T22:02:07.907-0300] {dagbag.py:537} INFO - Filling up the DagBag from /home/debian/etlhausz/venv/lib/python3.9/site-packages/airflow/example_dags/subdags/subdag.py
[2022-11-06T22:02:07.910-0300] {processor.py:768} WARNING - No viable dags retrieved from /home/debian/etlhausz/venv/lib/python3.9/site-packages/airflow/example_dags/subdags/subdag.py
[2022-11-06T22:02:07.946-0300] {processor.py:176} INFO - Processing /home/debian/etlhausz/venv/lib/python3.9/site-packages/airflow/example_dags/subdags/subdag.py took 0.044 seconds
[2022-11-06T22:02:40.328-0300] {processor.py:154} INFO - Started process (PID=6382) to work on /home/debian/etlhausz/venv/lib/python3.9/site-packages/airflow/example_dags/subdags/subdag.py
[2022-11-06T22:02:40.329-0300] {processor.py:756} INFO - Processing file /home/debian/etlhausz/venv/lib/python3.9/site-packages/airflow/example_dags/subdags/subdag.py for tasks to queue
[2022-11-06T22:02:40.330-0300] {logging_mixin.py:120} INFO - [2022-11-06T22:02:40.330-0300] {dagbag.py:537} INFO - Filling up the DagBag from /home/debian/etlhausz/venv/lib/python3.9/site-packages/airflow/example_dags/subdags/subdag.py
[2022-11-06T22:02:40.376-0300] {processor.py:768} WARNING - No viable dags retrieved from /home/debian/etlhausz/venv/lib/python3.9/site-packages/airflow/example_dags/subdags/subdag.py
[2022-11-06T22:02:40.558-0300] {processor.py:176} INFO - Processing /home/debian/etlhausz/venv/lib/python3.9/site-packages/airflow/example_dags/subdags/subdag.py took 0.245 seconds
[2022-11-06T22:03:13.262-0300] {processor.py:154} INFO - Started process (PID=6959) to work on /home/debian/etlhausz/venv/lib/python3.9/site-packages/airflow/example_dags/subdags/subdag.py
[2022-11-06T22:03:13.276-0300] {processor.py:756} INFO - Processing file /home/debian/etlhausz/venv/lib/python3.9/site-packages/airflow/example_dags/subdags/subdag.py for tasks to queue
[2022-11-06T22:03:13.276-0300] {logging_mixin.py:120} INFO - [2022-11-06T22:03:13.276-0300] {dagbag.py:537} INFO - Filling up the DagBag from /home/debian/etlhausz/venv/lib/python3.9/site-packages/airflow/example_dags/subdags/subdag.py
[2022-11-06T22:03:13.279-0300] {processor.py:768} WARNING - No viable dags retrieved from /home/debian/etlhausz/venv/lib/python3.9/site-packages/airflow/example_dags/subdags/subdag.py
[2022-11-06T22:03:13.302-0300] {processor.py:176} INFO - Processing /home/debian/etlhausz/venv/lib/python3.9/site-packages/airflow/example_dags/subdags/subdag.py took 0.051 seconds
[2022-11-06T22:03:44.698-0300] {processor.py:154} INFO - Started process (PID=7577) to work on /home/debian/etlhausz/venv/lib/python3.9/site-packages/airflow/example_dags/subdags/subdag.py
[2022-11-06T22:03:44.700-0300] {processor.py:756} INFO - Processing file /home/debian/etlhausz/venv/lib/python3.9/site-packages/airflow/example_dags/subdags/subdag.py for tasks to queue
[2022-11-06T22:03:44.702-0300] {logging_mixin.py:120} INFO - [2022-11-06T22:03:44.702-0300] {dagbag.py:537} INFO - Filling up the DagBag from /home/debian/etlhausz/venv/lib/python3.9/site-packages/airflow/example_dags/subdags/subdag.py
[2022-11-06T22:03:44.709-0300] {processor.py:768} WARNING - No viable dags retrieved from /home/debian/etlhausz/venv/lib/python3.9/site-packages/airflow/example_dags/subdags/subdag.py
[2022-11-06T22:03:44.735-0300] {processor.py:176} INFO - Processing /home/debian/etlhausz/venv/lib/python3.9/site-packages/airflow/example_dags/subdags/subdag.py took 0.040 seconds
[2022-11-06T22:04:15.417-0300] {processor.py:154} INFO - Started process (PID=8134) to work on /home/debian/etlhausz/venv/lib/python3.9/site-packages/airflow/example_dags/subdags/subdag.py
[2022-11-06T22:04:15.419-0300] {processor.py:756} INFO - Processing file /home/debian/etlhausz/venv/lib/python3.9/site-packages/airflow/example_dags/subdags/subdag.py for tasks to queue
[2022-11-06T22:04:15.419-0300] {logging_mixin.py:120} INFO - [2022-11-06T22:04:15.419-0300] {dagbag.py:537} INFO - Filling up the DagBag from /home/debian/etlhausz/venv/lib/python3.9/site-packages/airflow/example_dags/subdags/subdag.py
[2022-11-06T22:04:15.422-0300] {processor.py:768} WARNING - No viable dags retrieved from /home/debian/etlhausz/venv/lib/python3.9/site-packages/airflow/example_dags/subdags/subdag.py
[2022-11-06T22:04:15.448-0300] {processor.py:176} INFO - Processing /home/debian/etlhausz/venv/lib/python3.9/site-packages/airflow/example_dags/subdags/subdag.py took 0.034 seconds
[2022-11-06T22:04:46.091-0300] {processor.py:154} INFO - Started process (PID=8632) to work on /home/debian/etlhausz/venv/lib/python3.9/site-packages/airflow/example_dags/subdags/subdag.py
[2022-11-06T22:04:46.093-0300] {processor.py:756} INFO - Processing file /home/debian/etlhausz/venv/lib/python3.9/site-packages/airflow/example_dags/subdags/subdag.py for tasks to queue
[2022-11-06T22:04:46.093-0300] {logging_mixin.py:120} INFO - [2022-11-06T22:04:46.093-0300] {dagbag.py:537} INFO - Filling up the DagBag from /home/debian/etlhausz/venv/lib/python3.9/site-packages/airflow/example_dags/subdags/subdag.py
[2022-11-06T22:04:46.095-0300] {processor.py:768} WARNING - No viable dags retrieved from /home/debian/etlhausz/venv/lib/python3.9/site-packages/airflow/example_dags/subdags/subdag.py
[2022-11-06T22:04:46.135-0300] {processor.py:176} INFO - Processing /home/debian/etlhausz/venv/lib/python3.9/site-packages/airflow/example_dags/subdags/subdag.py took 0.047 seconds
[2022-11-06T22:05:27.501-0300] {processor.py:154} INFO - Started process (PID=9690) to work on /home/debian/etlhausz/venv/lib/python3.9/site-packages/airflow/example_dags/subdags/subdag.py
[2022-11-06T22:05:27.556-0300] {processor.py:756} INFO - Processing file /home/debian/etlhausz/venv/lib/python3.9/site-packages/airflow/example_dags/subdags/subdag.py for tasks to queue
[2022-11-06T22:05:27.557-0300] {logging_mixin.py:120} INFO - [2022-11-06T22:05:27.557-0300] {dagbag.py:537} INFO - Filling up the DagBag from /home/debian/etlhausz/venv/lib/python3.9/site-packages/airflow/example_dags/subdags/subdag.py
[2022-11-06T22:05:27.570-0300] {processor.py:768} WARNING - No viable dags retrieved from /home/debian/etlhausz/venv/lib/python3.9/site-packages/airflow/example_dags/subdags/subdag.py
[2022-11-06T22:05:27.616-0300] {processor.py:176} INFO - Processing /home/debian/etlhausz/venv/lib/python3.9/site-packages/airflow/example_dags/subdags/subdag.py took 0.118 seconds
[2022-11-06T22:05:58.101-0300] {processor.py:154} INFO - Started process (PID=10229) to work on /home/debian/etlhausz/venv/lib/python3.9/site-packages/airflow/example_dags/subdags/subdag.py
[2022-11-06T22:05:58.102-0300] {processor.py:756} INFO - Processing file /home/debian/etlhausz/venv/lib/python3.9/site-packages/airflow/example_dags/subdags/subdag.py for tasks to queue
[2022-11-06T22:05:58.103-0300] {logging_mixin.py:120} INFO - [2022-11-06T22:05:58.102-0300] {dagbag.py:537} INFO - Filling up the DagBag from /home/debian/etlhausz/venv/lib/python3.9/site-packages/airflow/example_dags/subdags/subdag.py
[2022-11-06T22:05:58.106-0300] {processor.py:768} WARNING - No viable dags retrieved from /home/debian/etlhausz/venv/lib/python3.9/site-packages/airflow/example_dags/subdags/subdag.py
[2022-11-06T22:05:58.138-0300] {processor.py:176} INFO - Processing /home/debian/etlhausz/venv/lib/python3.9/site-packages/airflow/example_dags/subdags/subdag.py took 0.040 seconds
[2022-11-06T22:06:29.328-0300] {processor.py:154} INFO - Started process (PID=10838) to work on /home/debian/etlhausz/venv/lib/python3.9/site-packages/airflow/example_dags/subdags/subdag.py
[2022-11-06T22:06:29.329-0300] {processor.py:756} INFO - Processing file /home/debian/etlhausz/venv/lib/python3.9/site-packages/airflow/example_dags/subdags/subdag.py for tasks to queue
[2022-11-06T22:06:29.330-0300] {logging_mixin.py:120} INFO - [2022-11-06T22:06:29.330-0300] {dagbag.py:537} INFO - Filling up the DagBag from /home/debian/etlhausz/venv/lib/python3.9/site-packages/airflow/example_dags/subdags/subdag.py
[2022-11-06T22:06:29.333-0300] {processor.py:768} WARNING - No viable dags retrieved from /home/debian/etlhausz/venv/lib/python3.9/site-packages/airflow/example_dags/subdags/subdag.py
[2022-11-06T22:06:29.357-0300] {processor.py:176} INFO - Processing /home/debian/etlhausz/venv/lib/python3.9/site-packages/airflow/example_dags/subdags/subdag.py took 0.033 seconds
[2022-11-06T22:07:00.717-0300] {processor.py:154} INFO - Started process (PID=11384) to work on /home/debian/etlhausz/venv/lib/python3.9/site-packages/airflow/example_dags/subdags/subdag.py
[2022-11-06T22:07:00.718-0300] {processor.py:756} INFO - Processing file /home/debian/etlhausz/venv/lib/python3.9/site-packages/airflow/example_dags/subdags/subdag.py for tasks to queue
[2022-11-06T22:07:00.719-0300] {logging_mixin.py:120} INFO - [2022-11-06T22:07:00.719-0300] {dagbag.py:537} INFO - Filling up the DagBag from /home/debian/etlhausz/venv/lib/python3.9/site-packages/airflow/example_dags/subdags/subdag.py
[2022-11-06T22:07:00.722-0300] {processor.py:768} WARNING - No viable dags retrieved from /home/debian/etlhausz/venv/lib/python3.9/site-packages/airflow/example_dags/subdags/subdag.py
[2022-11-06T22:07:00.760-0300] {processor.py:176} INFO - Processing /home/debian/etlhausz/venv/lib/python3.9/site-packages/airflow/example_dags/subdags/subdag.py took 0.050 seconds
[2022-11-06T22:07:34.185-0300] {processor.py:154} INFO - Started process (PID=12084) to work on /home/debian/etlhausz/venv/lib/python3.9/site-packages/airflow/example_dags/subdags/subdag.py
[2022-11-06T22:07:34.187-0300] {processor.py:756} INFO - Processing file /home/debian/etlhausz/venv/lib/python3.9/site-packages/airflow/example_dags/subdags/subdag.py for tasks to queue
[2022-11-06T22:07:34.188-0300] {logging_mixin.py:120} INFO - [2022-11-06T22:07:34.187-0300] {dagbag.py:537} INFO - Filling up the DagBag from /home/debian/etlhausz/venv/lib/python3.9/site-packages/airflow/example_dags/subdags/subdag.py
[2022-11-06T22:07:34.191-0300] {processor.py:768} WARNING - No viable dags retrieved from /home/debian/etlhausz/venv/lib/python3.9/site-packages/airflow/example_dags/subdags/subdag.py
[2022-11-06T22:07:34.226-0300] {processor.py:176} INFO - Processing /home/debian/etlhausz/venv/lib/python3.9/site-packages/airflow/example_dags/subdags/subdag.py took 0.044 seconds
[2022-11-06T22:08:05.662-0300] {processor.py:154} INFO - Started process (PID=12794) to work on /home/debian/etlhausz/venv/lib/python3.9/site-packages/airflow/example_dags/subdags/subdag.py
[2022-11-06T22:08:05.663-0300] {processor.py:756} INFO - Processing file /home/debian/etlhausz/venv/lib/python3.9/site-packages/airflow/example_dags/subdags/subdag.py for tasks to queue
[2022-11-06T22:08:05.664-0300] {logging_mixin.py:120} INFO - [2022-11-06T22:08:05.664-0300] {dagbag.py:537} INFO - Filling up the DagBag from /home/debian/etlhausz/venv/lib/python3.9/site-packages/airflow/example_dags/subdags/subdag.py
[2022-11-06T22:08:05.667-0300] {processor.py:768} WARNING - No viable dags retrieved from /home/debian/etlhausz/venv/lib/python3.9/site-packages/airflow/example_dags/subdags/subdag.py
[2022-11-06T22:08:05.699-0300] {processor.py:176} INFO - Processing /home/debian/etlhausz/venv/lib/python3.9/site-packages/airflow/example_dags/subdags/subdag.py took 0.039 seconds
[2022-11-06T22:08:38.346-0300] {processor.py:154} INFO - Started process (PID=13496) to work on /home/debian/etlhausz/venv/lib/python3.9/site-packages/airflow/example_dags/subdags/subdag.py
[2022-11-06T22:08:38.348-0300] {processor.py:756} INFO - Processing file /home/debian/etlhausz/venv/lib/python3.9/site-packages/airflow/example_dags/subdags/subdag.py for tasks to queue
[2022-11-06T22:08:38.350-0300] {logging_mixin.py:120} INFO - [2022-11-06T22:08:38.349-0300] {dagbag.py:537} INFO - Filling up the DagBag from /home/debian/etlhausz/venv/lib/python3.9/site-packages/airflow/example_dags/subdags/subdag.py
[2022-11-06T22:08:38.355-0300] {processor.py:768} WARNING - No viable dags retrieved from /home/debian/etlhausz/venv/lib/python3.9/site-packages/airflow/example_dags/subdags/subdag.py
[2022-11-06T22:08:38.409-0300] {processor.py:176} INFO - Processing /home/debian/etlhausz/venv/lib/python3.9/site-packages/airflow/example_dags/subdags/subdag.py took 0.067 seconds
[2022-11-06T22:09:09.885-0300] {processor.py:154} INFO - Started process (PID=14140) to work on /home/debian/etlhausz/venv/lib/python3.9/site-packages/airflow/example_dags/subdags/subdag.py
[2022-11-06T22:09:09.887-0300] {processor.py:756} INFO - Processing file /home/debian/etlhausz/venv/lib/python3.9/site-packages/airflow/example_dags/subdags/subdag.py for tasks to queue
[2022-11-06T22:09:09.888-0300] {logging_mixin.py:120} INFO - [2022-11-06T22:09:09.888-0300] {dagbag.py:537} INFO - Filling up the DagBag from /home/debian/etlhausz/venv/lib/python3.9/site-packages/airflow/example_dags/subdags/subdag.py
[2022-11-06T22:09:09.891-0300] {processor.py:768} WARNING - No viable dags retrieved from /home/debian/etlhausz/venv/lib/python3.9/site-packages/airflow/example_dags/subdags/subdag.py
[2022-11-06T22:09:09.917-0300] {processor.py:176} INFO - Processing /home/debian/etlhausz/venv/lib/python3.9/site-packages/airflow/example_dags/subdags/subdag.py took 0.035 seconds
[2022-11-06T22:09:41.627-0300] {processor.py:154} INFO - Started process (PID=14765) to work on /home/debian/etlhausz/venv/lib/python3.9/site-packages/airflow/example_dags/subdags/subdag.py
[2022-11-06T22:09:41.629-0300] {processor.py:756} INFO - Processing file /home/debian/etlhausz/venv/lib/python3.9/site-packages/airflow/example_dags/subdags/subdag.py for tasks to queue
[2022-11-06T22:09:41.630-0300] {logging_mixin.py:120} INFO - [2022-11-06T22:09:41.630-0300] {dagbag.py:537} INFO - Filling up the DagBag from /home/debian/etlhausz/venv/lib/python3.9/site-packages/airflow/example_dags/subdags/subdag.py
[2022-11-06T22:09:41.638-0300] {processor.py:768} WARNING - No viable dags retrieved from /home/debian/etlhausz/venv/lib/python3.9/site-packages/airflow/example_dags/subdags/subdag.py
[2022-11-06T22:09:41.682-0300] {processor.py:176} INFO - Processing /home/debian/etlhausz/venv/lib/python3.9/site-packages/airflow/example_dags/subdags/subdag.py took 0.063 seconds
[2022-11-06T22:10:14.310-0300] {processor.py:154} INFO - Started process (PID=15387) to work on /home/debian/etlhausz/venv/lib/python3.9/site-packages/airflow/example_dags/subdags/subdag.py
[2022-11-06T22:10:14.311-0300] {processor.py:756} INFO - Processing file /home/debian/etlhausz/venv/lib/python3.9/site-packages/airflow/example_dags/subdags/subdag.py for tasks to queue
[2022-11-06T22:10:14.312-0300] {logging_mixin.py:120} INFO - [2022-11-06T22:10:14.312-0300] {dagbag.py:537} INFO - Filling up the DagBag from /home/debian/etlhausz/venv/lib/python3.9/site-packages/airflow/example_dags/subdags/subdag.py
[2022-11-06T22:10:14.314-0300] {processor.py:768} WARNING - No viable dags retrieved from /home/debian/etlhausz/venv/lib/python3.9/site-packages/airflow/example_dags/subdags/subdag.py
[2022-11-06T22:10:14.389-0300] {processor.py:176} INFO - Processing /home/debian/etlhausz/venv/lib/python3.9/site-packages/airflow/example_dags/subdags/subdag.py took 0.097 seconds
[2022-11-06T22:10:46.300-0300] {processor.py:154} INFO - Started process (PID=16007) to work on /home/debian/etlhausz/venv/lib/python3.9/site-packages/airflow/example_dags/subdags/subdag.py
[2022-11-06T22:10:46.301-0300] {processor.py:756} INFO - Processing file /home/debian/etlhausz/venv/lib/python3.9/site-packages/airflow/example_dags/subdags/subdag.py for tasks to queue
[2022-11-06T22:10:46.302-0300] {logging_mixin.py:120} INFO - [2022-11-06T22:10:46.302-0300] {dagbag.py:537} INFO - Filling up the DagBag from /home/debian/etlhausz/venv/lib/python3.9/site-packages/airflow/example_dags/subdags/subdag.py
[2022-11-06T22:10:46.306-0300] {processor.py:768} WARNING - No viable dags retrieved from /home/debian/etlhausz/venv/lib/python3.9/site-packages/airflow/example_dags/subdags/subdag.py
[2022-11-06T22:10:46.334-0300] {processor.py:176} INFO - Processing /home/debian/etlhausz/venv/lib/python3.9/site-packages/airflow/example_dags/subdags/subdag.py took 0.038 seconds
[2022-11-06T22:11:19.465-0300] {processor.py:154} INFO - Started process (PID=16608) to work on /home/debian/etlhausz/venv/lib/python3.9/site-packages/airflow/example_dags/subdags/subdag.py
[2022-11-06T22:11:19.467-0300] {processor.py:756} INFO - Processing file /home/debian/etlhausz/venv/lib/python3.9/site-packages/airflow/example_dags/subdags/subdag.py for tasks to queue
[2022-11-06T22:11:19.471-0300] {logging_mixin.py:120} INFO - [2022-11-06T22:11:19.468-0300] {dagbag.py:537} INFO - Filling up the DagBag from /home/debian/etlhausz/venv/lib/python3.9/site-packages/airflow/example_dags/subdags/subdag.py
[2022-11-06T22:11:19.485-0300] {processor.py:768} WARNING - No viable dags retrieved from /home/debian/etlhausz/venv/lib/python3.9/site-packages/airflow/example_dags/subdags/subdag.py
[2022-11-06T22:11:19.552-0300] {processor.py:176} INFO - Processing /home/debian/etlhausz/venv/lib/python3.9/site-packages/airflow/example_dags/subdags/subdag.py took 0.091 seconds
[2022-11-06T22:11:52.078-0300] {processor.py:154} INFO - Started process (PID=17147) to work on /home/debian/etlhausz/venv/lib/python3.9/site-packages/airflow/example_dags/subdags/subdag.py
[2022-11-06T22:11:52.080-0300] {processor.py:756} INFO - Processing file /home/debian/etlhausz/venv/lib/python3.9/site-packages/airflow/example_dags/subdags/subdag.py for tasks to queue
[2022-11-06T22:11:52.082-0300] {logging_mixin.py:120} INFO - [2022-11-06T22:11:52.081-0300] {dagbag.py:537} INFO - Filling up the DagBag from /home/debian/etlhausz/venv/lib/python3.9/site-packages/airflow/example_dags/subdags/subdag.py
[2022-11-06T22:11:52.085-0300] {processor.py:768} WARNING - No viable dags retrieved from /home/debian/etlhausz/venv/lib/python3.9/site-packages/airflow/example_dags/subdags/subdag.py
[2022-11-06T22:11:52.119-0300] {processor.py:176} INFO - Processing /home/debian/etlhausz/venv/lib/python3.9/site-packages/airflow/example_dags/subdags/subdag.py took 0.049 seconds
[2022-11-06T22:12:24.806-0300] {processor.py:154} INFO - Started process (PID=17740) to work on /home/debian/etlhausz/venv/lib/python3.9/site-packages/airflow/example_dags/subdags/subdag.py
[2022-11-06T22:12:24.807-0300] {processor.py:756} INFO - Processing file /home/debian/etlhausz/venv/lib/python3.9/site-packages/airflow/example_dags/subdags/subdag.py for tasks to queue
[2022-11-06T22:12:24.808-0300] {logging_mixin.py:120} INFO - [2022-11-06T22:12:24.808-0300] {dagbag.py:537} INFO - Filling up the DagBag from /home/debian/etlhausz/venv/lib/python3.9/site-packages/airflow/example_dags/subdags/subdag.py
[2022-11-06T22:12:24.811-0300] {processor.py:768} WARNING - No viable dags retrieved from /home/debian/etlhausz/venv/lib/python3.9/site-packages/airflow/example_dags/subdags/subdag.py
[2022-11-06T22:12:24.887-0300] {processor.py:176} INFO - Processing /home/debian/etlhausz/venv/lib/python3.9/site-packages/airflow/example_dags/subdags/subdag.py took 0.084 seconds
[2022-11-06T22:12:57.387-0300] {processor.py:154} INFO - Started process (PID=18391) to work on /home/debian/etlhausz/venv/lib/python3.9/site-packages/airflow/example_dags/subdags/subdag.py
[2022-11-06T22:12:57.391-0300] {processor.py:756} INFO - Processing file /home/debian/etlhausz/venv/lib/python3.9/site-packages/airflow/example_dags/subdags/subdag.py for tasks to queue
[2022-11-06T22:12:57.391-0300] {logging_mixin.py:120} INFO - [2022-11-06T22:12:57.391-0300] {dagbag.py:537} INFO - Filling up the DagBag from /home/debian/etlhausz/venv/lib/python3.9/site-packages/airflow/example_dags/subdags/subdag.py
[2022-11-06T22:12:57.399-0300] {processor.py:768} WARNING - No viable dags retrieved from /home/debian/etlhausz/venv/lib/python3.9/site-packages/airflow/example_dags/subdags/subdag.py
[2022-11-06T22:12:57.468-0300] {processor.py:176} INFO - Processing /home/debian/etlhausz/venv/lib/python3.9/site-packages/airflow/example_dags/subdags/subdag.py took 0.087 seconds
[2022-11-06T22:13:29.217-0300] {processor.py:154} INFO - Started process (PID=19007) to work on /home/debian/etlhausz/venv/lib/python3.9/site-packages/airflow/example_dags/subdags/subdag.py
[2022-11-06T22:13:29.218-0300] {processor.py:756} INFO - Processing file /home/debian/etlhausz/venv/lib/python3.9/site-packages/airflow/example_dags/subdags/subdag.py for tasks to queue
[2022-11-06T22:13:29.219-0300] {logging_mixin.py:120} INFO - [2022-11-06T22:13:29.219-0300] {dagbag.py:537} INFO - Filling up the DagBag from /home/debian/etlhausz/venv/lib/python3.9/site-packages/airflow/example_dags/subdags/subdag.py
[2022-11-06T22:13:29.223-0300] {processor.py:768} WARNING - No viable dags retrieved from /home/debian/etlhausz/venv/lib/python3.9/site-packages/airflow/example_dags/subdags/subdag.py
[2022-11-06T22:13:29.274-0300] {processor.py:176} INFO - Processing /home/debian/etlhausz/venv/lib/python3.9/site-packages/airflow/example_dags/subdags/subdag.py took 0.062 seconds
[2022-11-06T22:14:00.781-0300] {processor.py:154} INFO - Started process (PID=19596) to work on /home/debian/etlhausz/venv/lib/python3.9/site-packages/airflow/example_dags/subdags/subdag.py
[2022-11-06T22:14:00.783-0300] {processor.py:756} INFO - Processing file /home/debian/etlhausz/venv/lib/python3.9/site-packages/airflow/example_dags/subdags/subdag.py for tasks to queue
[2022-11-06T22:14:00.784-0300] {logging_mixin.py:120} INFO - [2022-11-06T22:14:00.784-0300] {dagbag.py:537} INFO - Filling up the DagBag from /home/debian/etlhausz/venv/lib/python3.9/site-packages/airflow/example_dags/subdags/subdag.py
[2022-11-06T22:14:00.787-0300] {processor.py:768} WARNING - No viable dags retrieved from /home/debian/etlhausz/venv/lib/python3.9/site-packages/airflow/example_dags/subdags/subdag.py
[2022-11-06T22:14:00.814-0300] {processor.py:176} INFO - Processing /home/debian/etlhausz/venv/lib/python3.9/site-packages/airflow/example_dags/subdags/subdag.py took 0.037 seconds
[2022-11-06T22:14:33.139-0300] {processor.py:154} INFO - Started process (PID=20219) to work on /home/debian/etlhausz/venv/lib/python3.9/site-packages/airflow/example_dags/subdags/subdag.py
[2022-11-06T22:14:33.141-0300] {processor.py:756} INFO - Processing file /home/debian/etlhausz/venv/lib/python3.9/site-packages/airflow/example_dags/subdags/subdag.py for tasks to queue
[2022-11-06T22:14:33.142-0300] {logging_mixin.py:120} INFO - [2022-11-06T22:14:33.142-0300] {dagbag.py:537} INFO - Filling up the DagBag from /home/debian/etlhausz/venv/lib/python3.9/site-packages/airflow/example_dags/subdags/subdag.py
[2022-11-06T22:14:33.151-0300] {processor.py:768} WARNING - No viable dags retrieved from /home/debian/etlhausz/venv/lib/python3.9/site-packages/airflow/example_dags/subdags/subdag.py
[2022-11-06T22:14:33.185-0300] {processor.py:176} INFO - Processing /home/debian/etlhausz/venv/lib/python3.9/site-packages/airflow/example_dags/subdags/subdag.py took 0.068 seconds
[2022-11-06T22:15:06.327-0300] {processor.py:154} INFO - Started process (PID=20819) to work on /home/debian/etlhausz/venv/lib/python3.9/site-packages/airflow/example_dags/subdags/subdag.py
[2022-11-06T22:15:06.329-0300] {processor.py:756} INFO - Processing file /home/debian/etlhausz/venv/lib/python3.9/site-packages/airflow/example_dags/subdags/subdag.py for tasks to queue
[2022-11-06T22:15:06.329-0300] {logging_mixin.py:120} INFO - [2022-11-06T22:15:06.329-0300] {dagbag.py:537} INFO - Filling up the DagBag from /home/debian/etlhausz/venv/lib/python3.9/site-packages/airflow/example_dags/subdags/subdag.py
[2022-11-06T22:15:06.332-0300] {processor.py:768} WARNING - No viable dags retrieved from /home/debian/etlhausz/venv/lib/python3.9/site-packages/airflow/example_dags/subdags/subdag.py
[2022-11-06T22:15:06.355-0300] {processor.py:176} INFO - Processing /home/debian/etlhausz/venv/lib/python3.9/site-packages/airflow/example_dags/subdags/subdag.py took 0.031 seconds
[2022-11-06T22:15:38.177-0300] {processor.py:154} INFO - Started process (PID=21459) to work on /home/debian/etlhausz/venv/lib/python3.9/site-packages/airflow/example_dags/subdags/subdag.py
[2022-11-06T22:15:38.178-0300] {processor.py:756} INFO - Processing file /home/debian/etlhausz/venv/lib/python3.9/site-packages/airflow/example_dags/subdags/subdag.py for tasks to queue
[2022-11-06T22:15:38.179-0300] {logging_mixin.py:120} INFO - [2022-11-06T22:15:38.179-0300] {dagbag.py:537} INFO - Filling up the DagBag from /home/debian/etlhausz/venv/lib/python3.9/site-packages/airflow/example_dags/subdags/subdag.py
[2022-11-06T22:15:38.181-0300] {processor.py:768} WARNING - No viable dags retrieved from /home/debian/etlhausz/venv/lib/python3.9/site-packages/airflow/example_dags/subdags/subdag.py
[2022-11-06T22:15:38.222-0300] {processor.py:176} INFO - Processing /home/debian/etlhausz/venv/lib/python3.9/site-packages/airflow/example_dags/subdags/subdag.py took 0.047 seconds
[2022-11-06T22:16:10.281-0300] {processor.py:154} INFO - Started process (PID=22105) to work on /home/debian/etlhausz/venv/lib/python3.9/site-packages/airflow/example_dags/subdags/subdag.py
[2022-11-06T22:16:10.282-0300] {processor.py:756} INFO - Processing file /home/debian/etlhausz/venv/lib/python3.9/site-packages/airflow/example_dags/subdags/subdag.py for tasks to queue
[2022-11-06T22:16:10.283-0300] {logging_mixin.py:120} INFO - [2022-11-06T22:16:10.282-0300] {dagbag.py:537} INFO - Filling up the DagBag from /home/debian/etlhausz/venv/lib/python3.9/site-packages/airflow/example_dags/subdags/subdag.py
[2022-11-06T22:16:10.285-0300] {processor.py:768} WARNING - No viable dags retrieved from /home/debian/etlhausz/venv/lib/python3.9/site-packages/airflow/example_dags/subdags/subdag.py
[2022-11-06T22:16:10.313-0300] {processor.py:176} INFO - Processing /home/debian/etlhausz/venv/lib/python3.9/site-packages/airflow/example_dags/subdags/subdag.py took 0.035 seconds
[2022-11-06T22:16:42.821-0300] {processor.py:154} INFO - Started process (PID=22730) to work on /home/debian/etlhausz/venv/lib/python3.9/site-packages/airflow/example_dags/subdags/subdag.py
[2022-11-06T22:16:42.827-0300] {processor.py:756} INFO - Processing file /home/debian/etlhausz/venv/lib/python3.9/site-packages/airflow/example_dags/subdags/subdag.py for tasks to queue
[2022-11-06T22:16:42.828-0300] {logging_mixin.py:120} INFO - [2022-11-06T22:16:42.828-0300] {dagbag.py:537} INFO - Filling up the DagBag from /home/debian/etlhausz/venv/lib/python3.9/site-packages/airflow/example_dags/subdags/subdag.py
[2022-11-06T22:16:42.834-0300] {processor.py:768} WARNING - No viable dags retrieved from /home/debian/etlhausz/venv/lib/python3.9/site-packages/airflow/example_dags/subdags/subdag.py
[2022-11-06T22:16:42.854-0300] {processor.py:176} INFO - Processing /home/debian/etlhausz/venv/lib/python3.9/site-packages/airflow/example_dags/subdags/subdag.py took 0.035 seconds
[2022-11-06T22:17:15.119-0300] {processor.py:154} INFO - Started process (PID=23354) to work on /home/debian/etlhausz/venv/lib/python3.9/site-packages/airflow/example_dags/subdags/subdag.py
[2022-11-06T22:17:15.120-0300] {processor.py:756} INFO - Processing file /home/debian/etlhausz/venv/lib/python3.9/site-packages/airflow/example_dags/subdags/subdag.py for tasks to queue
[2022-11-06T22:17:15.127-0300] {logging_mixin.py:120} INFO - [2022-11-06T22:17:15.124-0300] {dagbag.py:537} INFO - Filling up the DagBag from /home/debian/etlhausz/venv/lib/python3.9/site-packages/airflow/example_dags/subdags/subdag.py
[2022-11-06T22:17:15.135-0300] {processor.py:768} WARNING - No viable dags retrieved from /home/debian/etlhausz/venv/lib/python3.9/site-packages/airflow/example_dags/subdags/subdag.py
[2022-11-06T22:17:15.227-0300] {processor.py:176} INFO - Processing /home/debian/etlhausz/venv/lib/python3.9/site-packages/airflow/example_dags/subdags/subdag.py took 0.116 seconds
[2022-11-06T22:17:46.625-0300] {processor.py:154} INFO - Started process (PID=23995) to work on /home/debian/etlhausz/venv/lib/python3.9/site-packages/airflow/example_dags/subdags/subdag.py
[2022-11-06T22:17:46.627-0300] {processor.py:756} INFO - Processing file /home/debian/etlhausz/venv/lib/python3.9/site-packages/airflow/example_dags/subdags/subdag.py for tasks to queue
[2022-11-06T22:17:46.627-0300] {logging_mixin.py:120} INFO - [2022-11-06T22:17:46.627-0300] {dagbag.py:537} INFO - Filling up the DagBag from /home/debian/etlhausz/venv/lib/python3.9/site-packages/airflow/example_dags/subdags/subdag.py
[2022-11-06T22:17:46.630-0300] {processor.py:768} WARNING - No viable dags retrieved from /home/debian/etlhausz/venv/lib/python3.9/site-packages/airflow/example_dags/subdags/subdag.py
[2022-11-06T22:17:46.657-0300] {processor.py:176} INFO - Processing /home/debian/etlhausz/venv/lib/python3.9/site-packages/airflow/example_dags/subdags/subdag.py took 0.042 seconds
[2022-11-06T22:18:18.114-0300] {processor.py:154} INFO - Started process (PID=24619) to work on /home/debian/etlhausz/venv/lib/python3.9/site-packages/airflow/example_dags/subdags/subdag.py
[2022-11-06T22:18:18.115-0300] {processor.py:756} INFO - Processing file /home/debian/etlhausz/venv/lib/python3.9/site-packages/airflow/example_dags/subdags/subdag.py for tasks to queue
[2022-11-06T22:18:18.116-0300] {logging_mixin.py:120} INFO - [2022-11-06T22:18:18.116-0300] {dagbag.py:537} INFO - Filling up the DagBag from /home/debian/etlhausz/venv/lib/python3.9/site-packages/airflow/example_dags/subdags/subdag.py
[2022-11-06T22:18:18.119-0300] {processor.py:768} WARNING - No viable dags retrieved from /home/debian/etlhausz/venv/lib/python3.9/site-packages/airflow/example_dags/subdags/subdag.py
[2022-11-06T22:18:18.144-0300] {processor.py:176} INFO - Processing /home/debian/etlhausz/venv/lib/python3.9/site-packages/airflow/example_dags/subdags/subdag.py took 0.033 seconds
[2022-11-06T22:18:50.570-0300] {processor.py:154} INFO - Started process (PID=25271) to work on /home/debian/etlhausz/venv/lib/python3.9/site-packages/airflow/example_dags/subdags/subdag.py
[2022-11-06T22:18:50.571-0300] {processor.py:756} INFO - Processing file /home/debian/etlhausz/venv/lib/python3.9/site-packages/airflow/example_dags/subdags/subdag.py for tasks to queue
[2022-11-06T22:18:50.572-0300] {logging_mixin.py:120} INFO - [2022-11-06T22:18:50.571-0300] {dagbag.py:537} INFO - Filling up the DagBag from /home/debian/etlhausz/venv/lib/python3.9/site-packages/airflow/example_dags/subdags/subdag.py
[2022-11-06T22:18:50.576-0300] {processor.py:768} WARNING - No viable dags retrieved from /home/debian/etlhausz/venv/lib/python3.9/site-packages/airflow/example_dags/subdags/subdag.py
[2022-11-06T22:18:50.645-0300] {processor.py:176} INFO - Processing /home/debian/etlhausz/venv/lib/python3.9/site-packages/airflow/example_dags/subdags/subdag.py took 0.078 seconds
[2022-11-06T22:19:16.406-0300] {processor.py:154} INFO - Started process (PID=26091) to work on /home/debian/etlhausz/venv/lib/python3.9/site-packages/airflow/example_dags/subdags/subdag.py
[2022-11-06T22:19:16.407-0300] {processor.py:756} INFO - Processing file /home/debian/etlhausz/venv/lib/python3.9/site-packages/airflow/example_dags/subdags/subdag.py for tasks to queue
[2022-11-06T22:19:16.408-0300] {logging_mixin.py:120} INFO - [2022-11-06T22:19:16.408-0300] {dagbag.py:537} INFO - Filling up the DagBag from /home/debian/etlhausz/venv/lib/python3.9/site-packages/airflow/example_dags/subdags/subdag.py
[2022-11-06T22:19:16.423-0300] {processor.py:768} WARNING - No viable dags retrieved from /home/debian/etlhausz/venv/lib/python3.9/site-packages/airflow/example_dags/subdags/subdag.py
[2022-11-06T22:19:16.447-0300] {processor.py:176} INFO - Processing /home/debian/etlhausz/venv/lib/python3.9/site-packages/airflow/example_dags/subdags/subdag.py took 0.044 seconds
[2022-11-06T22:19:48.086-0300] {processor.py:154} INFO - Started process (PID=26666) to work on /home/debian/etlhausz/venv/lib/python3.9/site-packages/airflow/example_dags/subdags/subdag.py
[2022-11-06T22:19:48.088-0300] {processor.py:756} INFO - Processing file /home/debian/etlhausz/venv/lib/python3.9/site-packages/airflow/example_dags/subdags/subdag.py for tasks to queue
[2022-11-06T22:19:48.088-0300] {logging_mixin.py:120} INFO - [2022-11-06T22:19:48.088-0300] {dagbag.py:537} INFO - Filling up the DagBag from /home/debian/etlhausz/venv/lib/python3.9/site-packages/airflow/example_dags/subdags/subdag.py
[2022-11-06T22:19:48.093-0300] {processor.py:768} WARNING - No viable dags retrieved from /home/debian/etlhausz/venv/lib/python3.9/site-packages/airflow/example_dags/subdags/subdag.py
[2022-11-06T22:19:48.114-0300] {processor.py:176} INFO - Processing /home/debian/etlhausz/venv/lib/python3.9/site-packages/airflow/example_dags/subdags/subdag.py took 0.031 seconds
[2022-11-06T22:20:20.459-0300] {processor.py:154} INFO - Started process (PID=27472) to work on /home/debian/etlhausz/venv/lib/python3.9/site-packages/airflow/example_dags/subdags/subdag.py
[2022-11-06T22:20:20.460-0300] {processor.py:756} INFO - Processing file /home/debian/etlhausz/venv/lib/python3.9/site-packages/airflow/example_dags/subdags/subdag.py for tasks to queue
[2022-11-06T22:20:20.461-0300] {logging_mixin.py:120} INFO - [2022-11-06T22:20:20.461-0300] {dagbag.py:537} INFO - Filling up the DagBag from /home/debian/etlhausz/venv/lib/python3.9/site-packages/airflow/example_dags/subdags/subdag.py
[2022-11-06T22:20:20.464-0300] {processor.py:768} WARNING - No viable dags retrieved from /home/debian/etlhausz/venv/lib/python3.9/site-packages/airflow/example_dags/subdags/subdag.py
[2022-11-06T22:20:20.490-0300] {processor.py:176} INFO - Processing /home/debian/etlhausz/venv/lib/python3.9/site-packages/airflow/example_dags/subdags/subdag.py took 0.034 seconds
[2022-11-06T22:20:51.854-0300] {processor.py:154} INFO - Started process (PID=28128) to work on /home/debian/etlhausz/venv/lib/python3.9/site-packages/airflow/example_dags/subdags/subdag.py
[2022-11-06T22:20:51.856-0300] {processor.py:756} INFO - Processing file /home/debian/etlhausz/venv/lib/python3.9/site-packages/airflow/example_dags/subdags/subdag.py for tasks to queue
[2022-11-06T22:20:51.856-0300] {logging_mixin.py:120} INFO - [2022-11-06T22:20:51.856-0300] {dagbag.py:537} INFO - Filling up the DagBag from /home/debian/etlhausz/venv/lib/python3.9/site-packages/airflow/example_dags/subdags/subdag.py
[2022-11-06T22:20:51.861-0300] {processor.py:768} WARNING - No viable dags retrieved from /home/debian/etlhausz/venv/lib/python3.9/site-packages/airflow/example_dags/subdags/subdag.py
[2022-11-06T22:20:51.930-0300] {processor.py:176} INFO - Processing /home/debian/etlhausz/venv/lib/python3.9/site-packages/airflow/example_dags/subdags/subdag.py took 0.079 seconds
[2022-11-06T22:21:25.047-0300] {processor.py:154} INFO - Started process (PID=28788) to work on /home/debian/etlhausz/venv/lib/python3.9/site-packages/airflow/example_dags/subdags/subdag.py
[2022-11-06T22:21:25.050-0300] {processor.py:756} INFO - Processing file /home/debian/etlhausz/venv/lib/python3.9/site-packages/airflow/example_dags/subdags/subdag.py for tasks to queue
[2022-11-06T22:21:25.052-0300] {logging_mixin.py:120} INFO - [2022-11-06T22:21:25.051-0300] {dagbag.py:537} INFO - Filling up the DagBag from /home/debian/etlhausz/venv/lib/python3.9/site-packages/airflow/example_dags/subdags/subdag.py
[2022-11-06T22:21:25.054-0300] {processor.py:768} WARNING - No viable dags retrieved from /home/debian/etlhausz/venv/lib/python3.9/site-packages/airflow/example_dags/subdags/subdag.py
[2022-11-06T22:21:25.097-0300] {processor.py:176} INFO - Processing /home/debian/etlhausz/venv/lib/python3.9/site-packages/airflow/example_dags/subdags/subdag.py took 0.054 seconds
[2022-11-06T22:21:56.716-0300] {processor.py:154} INFO - Started process (PID=29327) to work on /home/debian/etlhausz/venv/lib/python3.9/site-packages/airflow/example_dags/subdags/subdag.py
[2022-11-06T22:21:56.717-0300] {processor.py:756} INFO - Processing file /home/debian/etlhausz/venv/lib/python3.9/site-packages/airflow/example_dags/subdags/subdag.py for tasks to queue
[2022-11-06T22:21:56.718-0300] {logging_mixin.py:120} INFO - [2022-11-06T22:21:56.718-0300] {dagbag.py:537} INFO - Filling up the DagBag from /home/debian/etlhausz/venv/lib/python3.9/site-packages/airflow/example_dags/subdags/subdag.py
[2022-11-06T22:21:56.720-0300] {processor.py:768} WARNING - No viable dags retrieved from /home/debian/etlhausz/venv/lib/python3.9/site-packages/airflow/example_dags/subdags/subdag.py
[2022-11-06T22:21:56.744-0300] {processor.py:176} INFO - Processing /home/debian/etlhausz/venv/lib/python3.9/site-packages/airflow/example_dags/subdags/subdag.py took 0.031 seconds
[2022-11-06T22:22:28.104-0300] {processor.py:154} INFO - Started process (PID=29945) to work on /home/debian/etlhausz/venv/lib/python3.9/site-packages/airflow/example_dags/subdags/subdag.py
[2022-11-06T22:22:28.106-0300] {processor.py:756} INFO - Processing file /home/debian/etlhausz/venv/lib/python3.9/site-packages/airflow/example_dags/subdags/subdag.py for tasks to queue
[2022-11-06T22:22:28.107-0300] {logging_mixin.py:120} INFO - [2022-11-06T22:22:28.107-0300] {dagbag.py:537} INFO - Filling up the DagBag from /home/debian/etlhausz/venv/lib/python3.9/site-packages/airflow/example_dags/subdags/subdag.py
[2022-11-06T22:22:28.111-0300] {processor.py:768} WARNING - No viable dags retrieved from /home/debian/etlhausz/venv/lib/python3.9/site-packages/airflow/example_dags/subdags/subdag.py
[2022-11-06T22:22:28.131-0300] {processor.py:176} INFO - Processing /home/debian/etlhausz/venv/lib/python3.9/site-packages/airflow/example_dags/subdags/subdag.py took 0.030 seconds
[2022-11-06T22:23:03.890-0300] {processor.py:154} INFO - Started process (PID=30705) to work on /home/debian/etlhausz/venv/lib/python3.9/site-packages/airflow/example_dags/subdags/subdag.py
[2022-11-06T22:23:03.893-0300] {processor.py:756} INFO - Processing file /home/debian/etlhausz/venv/lib/python3.9/site-packages/airflow/example_dags/subdags/subdag.py for tasks to queue
[2022-11-06T22:23:03.894-0300] {logging_mixin.py:120} INFO - [2022-11-06T22:23:03.894-0300] {dagbag.py:537} INFO - Filling up the DagBag from /home/debian/etlhausz/venv/lib/python3.9/site-packages/airflow/example_dags/subdags/subdag.py
[2022-11-06T22:23:03.900-0300] {processor.py:768} WARNING - No viable dags retrieved from /home/debian/etlhausz/venv/lib/python3.9/site-packages/airflow/example_dags/subdags/subdag.py
[2022-11-06T22:23:03.932-0300] {processor.py:176} INFO - Processing /home/debian/etlhausz/venv/lib/python3.9/site-packages/airflow/example_dags/subdags/subdag.py took 0.046 seconds
[2022-11-06T22:23:35.869-0300] {processor.py:154} INFO - Started process (PID=31277) to work on /home/debian/etlhausz/venv/lib/python3.9/site-packages/airflow/example_dags/subdags/subdag.py
[2022-11-06T22:23:35.869-0300] {processor.py:756} INFO - Processing file /home/debian/etlhausz/venv/lib/python3.9/site-packages/airflow/example_dags/subdags/subdag.py for tasks to queue
[2022-11-06T22:23:35.870-0300] {logging_mixin.py:120} INFO - [2022-11-06T22:23:35.870-0300] {dagbag.py:537} INFO - Filling up the DagBag from /home/debian/etlhausz/venv/lib/python3.9/site-packages/airflow/example_dags/subdags/subdag.py
[2022-11-06T22:23:35.887-0300] {processor.py:768} WARNING - No viable dags retrieved from /home/debian/etlhausz/venv/lib/python3.9/site-packages/airflow/example_dags/subdags/subdag.py
[2022-11-06T22:23:35.925-0300] {processor.py:176} INFO - Processing /home/debian/etlhausz/venv/lib/python3.9/site-packages/airflow/example_dags/subdags/subdag.py took 0.090 seconds
[2022-11-06T22:24:07.425-0300] {processor.py:154} INFO - Started process (PID=31927) to work on /home/debian/etlhausz/venv/lib/python3.9/site-packages/airflow/example_dags/subdags/subdag.py
[2022-11-06T22:24:07.427-0300] {processor.py:756} INFO - Processing file /home/debian/etlhausz/venv/lib/python3.9/site-packages/airflow/example_dags/subdags/subdag.py for tasks to queue
[2022-11-06T22:24:07.428-0300] {logging_mixin.py:120} INFO - [2022-11-06T22:24:07.428-0300] {dagbag.py:537} INFO - Filling up the DagBag from /home/debian/etlhausz/venv/lib/python3.9/site-packages/airflow/example_dags/subdags/subdag.py
[2022-11-06T22:24:07.435-0300] {processor.py:768} WARNING - No viable dags retrieved from /home/debian/etlhausz/venv/lib/python3.9/site-packages/airflow/example_dags/subdags/subdag.py
[2022-11-06T22:24:07.468-0300] {processor.py:176} INFO - Processing /home/debian/etlhausz/venv/lib/python3.9/site-packages/airflow/example_dags/subdags/subdag.py took 0.054 seconds
[2022-11-06T22:24:37.605-0300] {processor.py:154} INFO - Started process (PID=32434) to work on /home/debian/etlhausz/venv/lib/python3.9/site-packages/airflow/example_dags/subdags/subdag.py
[2022-11-06T22:24:37.607-0300] {processor.py:756} INFO - Processing file /home/debian/etlhausz/venv/lib/python3.9/site-packages/airflow/example_dags/subdags/subdag.py for tasks to queue
[2022-11-06T22:24:37.608-0300] {logging_mixin.py:120} INFO - [2022-11-06T22:24:37.608-0300] {dagbag.py:537} INFO - Filling up the DagBag from /home/debian/etlhausz/venv/lib/python3.9/site-packages/airflow/example_dags/subdags/subdag.py
[2022-11-06T22:24:37.630-0300] {processor.py:768} WARNING - No viable dags retrieved from /home/debian/etlhausz/venv/lib/python3.9/site-packages/airflow/example_dags/subdags/subdag.py
[2022-11-06T22:24:37.674-0300] {processor.py:176} INFO - Processing /home/debian/etlhausz/venv/lib/python3.9/site-packages/airflow/example_dags/subdags/subdag.py took 0.075 seconds
[2022-11-06T22:25:08.081-0300] {processor.py:154} INFO - Started process (PID=33049) to work on /home/debian/etlhausz/venv/lib/python3.9/site-packages/airflow/example_dags/subdags/subdag.py
[2022-11-06T22:25:08.082-0300] {processor.py:756} INFO - Processing file /home/debian/etlhausz/venv/lib/python3.9/site-packages/airflow/example_dags/subdags/subdag.py for tasks to queue
[2022-11-06T22:25:08.083-0300] {logging_mixin.py:120} INFO - [2022-11-06T22:25:08.083-0300] {dagbag.py:537} INFO - Filling up the DagBag from /home/debian/etlhausz/venv/lib/python3.9/site-packages/airflow/example_dags/subdags/subdag.py
[2022-11-06T22:25:08.086-0300] {processor.py:768} WARNING - No viable dags retrieved from /home/debian/etlhausz/venv/lib/python3.9/site-packages/airflow/example_dags/subdags/subdag.py
[2022-11-06T22:25:08.105-0300] {processor.py:176} INFO - Processing /home/debian/etlhausz/venv/lib/python3.9/site-packages/airflow/example_dags/subdags/subdag.py took 0.026 seconds
[2022-11-06T22:25:38.564-0300] {processor.py:154} INFO - Started process (PID=33676) to work on /home/debian/etlhausz/venv/lib/python3.9/site-packages/airflow/example_dags/subdags/subdag.py
[2022-11-06T22:25:38.571-0300] {processor.py:756} INFO - Processing file /home/debian/etlhausz/venv/lib/python3.9/site-packages/airflow/example_dags/subdags/subdag.py for tasks to queue
[2022-11-06T22:25:38.572-0300] {logging_mixin.py:120} INFO - [2022-11-06T22:25:38.572-0300] {dagbag.py:537} INFO - Filling up the DagBag from /home/debian/etlhausz/venv/lib/python3.9/site-packages/airflow/example_dags/subdags/subdag.py
[2022-11-06T22:25:38.578-0300] {processor.py:768} WARNING - No viable dags retrieved from /home/debian/etlhausz/venv/lib/python3.9/site-packages/airflow/example_dags/subdags/subdag.py
[2022-11-06T22:25:38.619-0300] {processor.py:176} INFO - Processing /home/debian/etlhausz/venv/lib/python3.9/site-packages/airflow/example_dags/subdags/subdag.py took 0.059 seconds
[2022-11-06T22:26:09.792-0300] {processor.py:154} INFO - Started process (PID=34221) to work on /home/debian/etlhausz/venv/lib/python3.9/site-packages/airflow/example_dags/subdags/subdag.py
[2022-11-06T22:26:09.793-0300] {processor.py:756} INFO - Processing file /home/debian/etlhausz/venv/lib/python3.9/site-packages/airflow/example_dags/subdags/subdag.py for tasks to queue
[2022-11-06T22:26:09.795-0300] {logging_mixin.py:120} INFO - [2022-11-06T22:26:09.795-0300] {dagbag.py:537} INFO - Filling up the DagBag from /home/debian/etlhausz/venv/lib/python3.9/site-packages/airflow/example_dags/subdags/subdag.py
[2022-11-06T22:26:09.799-0300] {processor.py:768} WARNING - No viable dags retrieved from /home/debian/etlhausz/venv/lib/python3.9/site-packages/airflow/example_dags/subdags/subdag.py
[2022-11-06T22:26:09.831-0300] {processor.py:176} INFO - Processing /home/debian/etlhausz/venv/lib/python3.9/site-packages/airflow/example_dags/subdags/subdag.py took 0.041 seconds
[2022-11-06T22:26:40.330-0300] {processor.py:154} INFO - Started process (PID=34700) to work on /home/debian/etlhausz/venv/lib/python3.9/site-packages/airflow/example_dags/subdags/subdag.py
[2022-11-06T22:26:40.331-0300] {processor.py:756} INFO - Processing file /home/debian/etlhausz/venv/lib/python3.9/site-packages/airflow/example_dags/subdags/subdag.py for tasks to queue
[2022-11-06T22:26:40.334-0300] {logging_mixin.py:120} INFO - [2022-11-06T22:26:40.332-0300] {dagbag.py:537} INFO - Filling up the DagBag from /home/debian/etlhausz/venv/lib/python3.9/site-packages/airflow/example_dags/subdags/subdag.py
[2022-11-06T22:26:40.338-0300] {processor.py:768} WARNING - No viable dags retrieved from /home/debian/etlhausz/venv/lib/python3.9/site-packages/airflow/example_dags/subdags/subdag.py
[2022-11-06T22:26:40.365-0300] {processor.py:176} INFO - Processing /home/debian/etlhausz/venv/lib/python3.9/site-packages/airflow/example_dags/subdags/subdag.py took 0.037 seconds
[2022-11-06T22:27:11.096-0300] {processor.py:154} INFO - Started process (PID=35230) to work on /home/debian/etlhausz/venv/lib/python3.9/site-packages/airflow/example_dags/subdags/subdag.py
[2022-11-06T22:27:11.104-0300] {processor.py:756} INFO - Processing file /home/debian/etlhausz/venv/lib/python3.9/site-packages/airflow/example_dags/subdags/subdag.py for tasks to queue
[2022-11-06T22:27:11.109-0300] {logging_mixin.py:120} INFO - [2022-11-06T22:27:11.109-0300] {dagbag.py:537} INFO - Filling up the DagBag from /home/debian/etlhausz/venv/lib/python3.9/site-packages/airflow/example_dags/subdags/subdag.py
[2022-11-06T22:27:11.112-0300] {processor.py:768} WARNING - No viable dags retrieved from /home/debian/etlhausz/venv/lib/python3.9/site-packages/airflow/example_dags/subdags/subdag.py
[2022-11-06T22:27:11.145-0300] {processor.py:176} INFO - Processing /home/debian/etlhausz/venv/lib/python3.9/site-packages/airflow/example_dags/subdags/subdag.py took 0.055 seconds
[2022-11-06T22:27:41.605-0300] {processor.py:154} INFO - Started process (PID=35772) to work on /home/debian/etlhausz/venv/lib/python3.9/site-packages/airflow/example_dags/subdags/subdag.py
[2022-11-06T22:27:41.607-0300] {processor.py:756} INFO - Processing file /home/debian/etlhausz/venv/lib/python3.9/site-packages/airflow/example_dags/subdags/subdag.py for tasks to queue
[2022-11-06T22:27:41.607-0300] {logging_mixin.py:120} INFO - [2022-11-06T22:27:41.607-0300] {dagbag.py:537} INFO - Filling up the DagBag from /home/debian/etlhausz/venv/lib/python3.9/site-packages/airflow/example_dags/subdags/subdag.py
[2022-11-06T22:27:41.619-0300] {processor.py:768} WARNING - No viable dags retrieved from /home/debian/etlhausz/venv/lib/python3.9/site-packages/airflow/example_dags/subdags/subdag.py
[2022-11-06T22:27:41.696-0300] {processor.py:176} INFO - Processing /home/debian/etlhausz/venv/lib/python3.9/site-packages/airflow/example_dags/subdags/subdag.py took 0.095 seconds
[2022-11-06T22:28:12.053-0300] {processor.py:154} INFO - Started process (PID=36387) to work on /home/debian/etlhausz/venv/lib/python3.9/site-packages/airflow/example_dags/subdags/subdag.py
[2022-11-06T22:28:12.063-0300] {processor.py:756} INFO - Processing file /home/debian/etlhausz/venv/lib/python3.9/site-packages/airflow/example_dags/subdags/subdag.py for tasks to queue
[2022-11-06T22:28:12.065-0300] {logging_mixin.py:120} INFO - [2022-11-06T22:28:12.065-0300] {dagbag.py:537} INFO - Filling up the DagBag from /home/debian/etlhausz/venv/lib/python3.9/site-packages/airflow/example_dags/subdags/subdag.py
[2022-11-06T22:28:12.072-0300] {processor.py:768} WARNING - No viable dags retrieved from /home/debian/etlhausz/venv/lib/python3.9/site-packages/airflow/example_dags/subdags/subdag.py
[2022-11-06T22:28:12.161-0300] {processor.py:176} INFO - Processing /home/debian/etlhausz/venv/lib/python3.9/site-packages/airflow/example_dags/subdags/subdag.py took 0.114 seconds
[2022-11-06T22:28:42.398-0300] {processor.py:154} INFO - Started process (PID=36971) to work on /home/debian/etlhausz/venv/lib/python3.9/site-packages/airflow/example_dags/subdags/subdag.py
[2022-11-06T22:28:42.418-0300] {processor.py:756} INFO - Processing file /home/debian/etlhausz/venv/lib/python3.9/site-packages/airflow/example_dags/subdags/subdag.py for tasks to queue
[2022-11-06T22:28:42.421-0300] {logging_mixin.py:120} INFO - [2022-11-06T22:28:42.421-0300] {dagbag.py:537} INFO - Filling up the DagBag from /home/debian/etlhausz/venv/lib/python3.9/site-packages/airflow/example_dags/subdags/subdag.py
[2022-11-06T22:28:42.425-0300] {processor.py:768} WARNING - No viable dags retrieved from /home/debian/etlhausz/venv/lib/python3.9/site-packages/airflow/example_dags/subdags/subdag.py
[2022-11-06T22:28:42.482-0300] {processor.py:176} INFO - Processing /home/debian/etlhausz/venv/lib/python3.9/site-packages/airflow/example_dags/subdags/subdag.py took 0.102 seconds
[2022-11-06T22:29:12.843-0300] {processor.py:154} INFO - Started process (PID=37512) to work on /home/debian/etlhausz/venv/lib/python3.9/site-packages/airflow/example_dags/subdags/subdag.py
[2022-11-06T22:29:12.844-0300] {processor.py:756} INFO - Processing file /home/debian/etlhausz/venv/lib/python3.9/site-packages/airflow/example_dags/subdags/subdag.py for tasks to queue
[2022-11-06T22:29:12.844-0300] {logging_mixin.py:120} INFO - [2022-11-06T22:29:12.844-0300] {dagbag.py:537} INFO - Filling up the DagBag from /home/debian/etlhausz/venv/lib/python3.9/site-packages/airflow/example_dags/subdags/subdag.py
[2022-11-06T22:29:12.854-0300] {processor.py:768} WARNING - No viable dags retrieved from /home/debian/etlhausz/venv/lib/python3.9/site-packages/airflow/example_dags/subdags/subdag.py
[2022-11-06T22:29:12.883-0300] {processor.py:176} INFO - Processing /home/debian/etlhausz/venv/lib/python3.9/site-packages/airflow/example_dags/subdags/subdag.py took 0.045 seconds
[2022-11-06T22:29:43.052-0300] {processor.py:154} INFO - Started process (PID=38055) to work on /home/debian/etlhausz/venv/lib/python3.9/site-packages/airflow/example_dags/subdags/subdag.py
[2022-11-06T22:29:43.053-0300] {processor.py:756} INFO - Processing file /home/debian/etlhausz/venv/lib/python3.9/site-packages/airflow/example_dags/subdags/subdag.py for tasks to queue
[2022-11-06T22:29:43.054-0300] {logging_mixin.py:120} INFO - [2022-11-06T22:29:43.054-0300] {dagbag.py:537} INFO - Filling up the DagBag from /home/debian/etlhausz/venv/lib/python3.9/site-packages/airflow/example_dags/subdags/subdag.py
[2022-11-06T22:29:43.057-0300] {processor.py:768} WARNING - No viable dags retrieved from /home/debian/etlhausz/venv/lib/python3.9/site-packages/airflow/example_dags/subdags/subdag.py
[2022-11-06T22:29:43.081-0300] {processor.py:176} INFO - Processing /home/debian/etlhausz/venv/lib/python3.9/site-packages/airflow/example_dags/subdags/subdag.py took 0.032 seconds
[2022-11-06T22:30:13.476-0300] {processor.py:154} INFO - Started process (PID=38650) to work on /home/debian/etlhausz/venv/lib/python3.9/site-packages/airflow/example_dags/subdags/subdag.py
[2022-11-06T22:30:13.478-0300] {processor.py:756} INFO - Processing file /home/debian/etlhausz/venv/lib/python3.9/site-packages/airflow/example_dags/subdags/subdag.py for tasks to queue
[2022-11-06T22:30:13.480-0300] {logging_mixin.py:120} INFO - [2022-11-06T22:30:13.480-0300] {dagbag.py:537} INFO - Filling up the DagBag from /home/debian/etlhausz/venv/lib/python3.9/site-packages/airflow/example_dags/subdags/subdag.py
[2022-11-06T22:30:13.487-0300] {processor.py:768} WARNING - No viable dags retrieved from /home/debian/etlhausz/venv/lib/python3.9/site-packages/airflow/example_dags/subdags/subdag.py
[2022-11-06T22:30:13.555-0300] {processor.py:176} INFO - Processing /home/debian/etlhausz/venv/lib/python3.9/site-packages/airflow/example_dags/subdags/subdag.py took 0.103 seconds
[2022-11-06T22:30:44.339-0300] {processor.py:154} INFO - Started process (PID=39263) to work on /home/debian/etlhausz/venv/lib/python3.9/site-packages/airflow/example_dags/subdags/subdag.py
[2022-11-06T22:30:44.356-0300] {processor.py:756} INFO - Processing file /home/debian/etlhausz/venv/lib/python3.9/site-packages/airflow/example_dags/subdags/subdag.py for tasks to queue
[2022-11-06T22:30:44.357-0300] {logging_mixin.py:120} INFO - [2022-11-06T22:30:44.357-0300] {dagbag.py:537} INFO - Filling up the DagBag from /home/debian/etlhausz/venv/lib/python3.9/site-packages/airflow/example_dags/subdags/subdag.py
[2022-11-06T22:30:44.372-0300] {processor.py:768} WARNING - No viable dags retrieved from /home/debian/etlhausz/venv/lib/python3.9/site-packages/airflow/example_dags/subdags/subdag.py
[2022-11-06T22:30:44.431-0300] {processor.py:176} INFO - Processing /home/debian/etlhausz/venv/lib/python3.9/site-packages/airflow/example_dags/subdags/subdag.py took 0.116 seconds
[2022-11-06T22:31:14.694-0300] {processor.py:154} INFO - Started process (PID=39796) to work on /home/debian/etlhausz/venv/lib/python3.9/site-packages/airflow/example_dags/subdags/subdag.py
[2022-11-06T22:31:14.695-0300] {processor.py:756} INFO - Processing file /home/debian/etlhausz/venv/lib/python3.9/site-packages/airflow/example_dags/subdags/subdag.py for tasks to queue
[2022-11-06T22:31:14.697-0300] {logging_mixin.py:120} INFO - [2022-11-06T22:31:14.696-0300] {dagbag.py:537} INFO - Filling up the DagBag from /home/debian/etlhausz/venv/lib/python3.9/site-packages/airflow/example_dags/subdags/subdag.py
[2022-11-06T22:31:14.703-0300] {processor.py:768} WARNING - No viable dags retrieved from /home/debian/etlhausz/venv/lib/python3.9/site-packages/airflow/example_dags/subdags/subdag.py
[2022-11-06T22:31:14.730-0300] {processor.py:176} INFO - Processing /home/debian/etlhausz/venv/lib/python3.9/site-packages/airflow/example_dags/subdags/subdag.py took 0.054 seconds
[2022-11-06T22:31:45.068-0300] {processor.py:154} INFO - Started process (PID=40344) to work on /home/debian/etlhausz/venv/lib/python3.9/site-packages/airflow/example_dags/subdags/subdag.py
[2022-11-06T22:31:45.069-0300] {processor.py:756} INFO - Processing file /home/debian/etlhausz/venv/lib/python3.9/site-packages/airflow/example_dags/subdags/subdag.py for tasks to queue
[2022-11-06T22:31:45.070-0300] {logging_mixin.py:120} INFO - [2022-11-06T22:31:45.070-0300] {dagbag.py:537} INFO - Filling up the DagBag from /home/debian/etlhausz/venv/lib/python3.9/site-packages/airflow/example_dags/subdags/subdag.py
[2022-11-06T22:31:45.074-0300] {processor.py:768} WARNING - No viable dags retrieved from /home/debian/etlhausz/venv/lib/python3.9/site-packages/airflow/example_dags/subdags/subdag.py
[2022-11-06T22:31:45.106-0300] {processor.py:176} INFO - Processing /home/debian/etlhausz/venv/lib/python3.9/site-packages/airflow/example_dags/subdags/subdag.py took 0.043 seconds
