[2022-11-06T18:26:09.716-0300] {taskinstance.py:1165} INFO - Dependencies all met for <TaskInstance: get_urls_deca.extract manual__2022-11-06T21:26:06.554161+00:00 [queued]>
[2022-11-06T18:26:09.726-0300] {taskinstance.py:1165} INFO - Dependencies all met for <TaskInstance: get_urls_deca.extract manual__2022-11-06T21:26:06.554161+00:00 [queued]>
[2022-11-06T18:26:09.726-0300] {taskinstance.py:1362} INFO - 
--------------------------------------------------------------------------------
[2022-11-06T18:26:09.727-0300] {taskinstance.py:1363} INFO - Starting attempt 1 of 1
[2022-11-06T18:26:09.727-0300] {taskinstance.py:1364} INFO - 
--------------------------------------------------------------------------------
[2022-11-06T18:26:09.768-0300] {taskinstance.py:1383} INFO - Executing <Task(_PythonDecoratedOperator): extract> on 2022-11-06 21:26:06.554161+00:00
[2022-11-06T18:26:09.776-0300] {standard_task_runner.py:55} INFO - Started process 48280 to run task
[2022-11-06T18:26:09.779-0300] {standard_task_runner.py:82} INFO - Running: ['airflow', 'tasks', 'run', 'get_urls_deca', 'extract', 'manual__2022-11-06T21:26:06.554161+00:00', '--job-id', '445', '--raw', '--subdir', 'DAGS_FOLDER/teste_excom.py', '--cfg-path', '/tmp/tmp9wnkhl7k']
[2022-11-06T18:26:09.780-0300] {standard_task_runner.py:83} INFO - Job 445: Subtask extract
[2022-11-06T18:26:09.882-0300] {task_command.py:376} INFO - Running <TaskInstance: get_urls_deca.extract manual__2022-11-06T21:26:06.554161+00:00 [running]> on host debian
[2022-11-06T18:26:09.960-0300] {taskinstance.py:1590} INFO - Exporting the following env vars:
AIRFLOW_CTX_DAG_OWNER=airflow
AIRFLOW_CTX_DAG_ID=get_urls_deca
AIRFLOW_CTX_TASK_ID=extract
AIRFLOW_CTX_EXECUTION_DATE=2022-11-06T21:26:06.554161+00:00
AIRFLOW_CTX_TRY_NUMBER=1
AIRFLOW_CTX_DAG_RUN_ID=manual__2022-11-06T21:26:06.554161+00:00
[2022-11-06T18:26:13.831-0300] {python.py:177} INFO - Done. Returned value was: []
[2022-11-06T18:26:13.992-0300] {taskinstance.py:1401} INFO - Marking task as SUCCESS. dag_id=get_urls_deca, task_id=extract, execution_date=20221106T212606, start_date=20221106T212609, end_date=20221106T212613
[2022-11-06T18:26:14.073-0300] {local_task_job.py:164} INFO - Task exited with return code 0
[2022-11-06T18:26:14.218-0300] {local_task_job.py:273} INFO - 1 downstream tasks scheduled from follow-on schedule check
