[2022-11-06T19:46:44.965-0300] {taskinstance.py:1165} INFO - Dependencies all met for <TaskInstance: Dag_ETL.task_deca manual__2022-11-06T22:46:43.197731+00:00 [queued]>
[2022-11-06T19:46:44.989-0300] {taskinstance.py:1165} INFO - Dependencies all met for <TaskInstance: Dag_ETL.task_deca manual__2022-11-06T22:46:43.197731+00:00 [queued]>
[2022-11-06T19:46:44.989-0300] {taskinstance.py:1362} INFO - 
--------------------------------------------------------------------------------
[2022-11-06T19:46:44.989-0300] {taskinstance.py:1363} INFO - Starting attempt 1 of 1
[2022-11-06T19:46:44.989-0300] {taskinstance.py:1364} INFO - 
--------------------------------------------------------------------------------
[2022-11-06T19:46:45.011-0300] {taskinstance.py:1383} INFO - Executing <Task(PythonOperator): task_deca> on 2022-11-06 22:46:43.197731+00:00
[2022-11-06T19:46:45.026-0300] {standard_task_runner.py:55} INFO - Started process 25176 to run task
[2022-11-06T19:46:45.042-0300] {standard_task_runner.py:82} INFO - Running: ['airflow', 'tasks', 'run', 'Dag_ETL', 'task_deca', 'manual__2022-11-06T22:46:43.197731+00:00', '--job-id', '508', '--raw', '--subdir', 'DAGS_FOLDER/teste_excom.py', '--cfg-path', '/tmp/tmpw27trgll']
[2022-11-06T19:46:45.043-0300] {standard_task_runner.py:83} INFO - Job 508: Subtask task_deca
[2022-11-06T19:46:45.293-0300] {task_command.py:376} INFO - Running <TaskInstance: Dag_ETL.task_deca manual__2022-11-06T22:46:43.197731+00:00 [running]> on host debian
[2022-11-06T19:46:45.447-0300] {taskinstance.py:1590} INFO - Exporting the following env vars:
AIRFLOW_CTX_DAG_OWNER=airflow
AIRFLOW_CTX_DAG_ID=Dag_ETL
AIRFLOW_CTX_TASK_ID=task_deca
AIRFLOW_CTX_EXECUTION_DATE=2022-11-06T22:46:43.197731+00:00
AIRFLOW_CTX_TRY_NUMBER=1
AIRFLOW_CTX_DAG_RUN_ID=manual__2022-11-06T22:46:43.197731+00:00
[2022-11-06T19:46:45.448-0300] {logging_mixin.py:120} INFO - data.txt /home/debian/etlhausz/produtos
[2022-11-06T19:46:45.449-0300] {python.py:177} INFO - Done. Returned value was: None
[2022-11-06T19:46:45.473-0300] {taskinstance.py:1401} INFO - Marking task as SUCCESS. dag_id=Dag_ETL, task_id=task_deca, execution_date=20221106T224643, start_date=20221106T224644, end_date=20221106T224645
[2022-11-06T19:46:45.526-0300] {local_task_job.py:164} INFO - Task exited with return code 0
[2022-11-06T19:46:45.554-0300] {local_task_job.py:273} INFO - 0 downstream tasks scheduled from follow-on schedule check
