[2022-11-02T16:59:55.036-0300] {processor.py:154} INFO - Started process (PID=51114) to work on /home/debian/etlhausz/airflow/dags/ETL_tarkett_imagens.py
[2022-11-02T16:59:55.040-0300] {processor.py:756} INFO - Processing file /home/debian/etlhausz/airflow/dags/ETL_tarkett_imagens.py for tasks to queue
[2022-11-02T16:59:55.046-0300] {logging_mixin.py:120} INFO - [2022-11-02T16:59:55.046-0300] {dagbag.py:537} INFO - Filling up the DagBag from /home/debian/etlhausz/airflow/dags/ETL_tarkett_imagens.py
[2022-11-02T16:59:57.234-0300] {processor.py:768} WARNING - No viable dags retrieved from /home/debian/etlhausz/airflow/dags/ETL_tarkett_imagens.py
[2022-11-02T16:59:57.393-0300] {processor.py:176} INFO - Processing /home/debian/etlhausz/airflow/dags/ETL_tarkett_imagens.py took 2.368 seconds
[2022-11-02T17:00:28.255-0300] {processor.py:154} INFO - Started process (PID=51514) to work on /home/debian/etlhausz/airflow/dags/ETL_tarkett_imagens.py
[2022-11-02T17:00:28.257-0300] {processor.py:756} INFO - Processing file /home/debian/etlhausz/airflow/dags/ETL_tarkett_imagens.py for tasks to queue
[2022-11-02T17:00:28.257-0300] {logging_mixin.py:120} INFO - [2022-11-02T17:00:28.257-0300] {dagbag.py:537} INFO - Filling up the DagBag from /home/debian/etlhausz/airflow/dags/ETL_tarkett_imagens.py
[2022-11-02T17:00:30.644-0300] {logging_mixin.py:120} WARNING - /home/debian/etlhausz/venv/lib/python3.9/site-packages/airflow/models/dag.py:3405 RemovedInAirflow3Warning: Param `schedule_interval` is deprecated and will be removed in a future release. Please use `schedule` instead.
[2022-11-02T17:00:30.666-0300] {processor.py:766} INFO - DAG(s) dict_keys(['get_tarkett_descricones_atributos']) retrieved from /home/debian/etlhausz/airflow/dags/ETL_tarkett_imagens.py
[2022-11-02T17:00:30.813-0300] {logging_mixin.py:120} INFO - [2022-11-02T17:00:30.813-0300] {manager.py:507} INFO - Created Permission View: can edit on DAG:get_tarkett_descricones_atributos
[2022-11-02T17:00:30.823-0300] {logging_mixin.py:120} INFO - [2022-11-02T17:00:30.823-0300] {manager.py:507} INFO - Created Permission View: can delete on DAG:get_tarkett_descricones_atributos
[2022-11-02T17:00:30.838-0300] {logging_mixin.py:120} INFO - [2022-11-02T17:00:30.838-0300] {manager.py:507} INFO - Created Permission View: can read on DAG:get_tarkett_descricones_atributos
[2022-11-02T17:00:30.838-0300] {logging_mixin.py:120} INFO - [2022-11-02T17:00:30.838-0300] {dag.py:2585} INFO - Sync 1 DAGs
[2022-11-02T17:00:30.850-0300] {logging_mixin.py:120} INFO - [2022-11-02T17:00:30.850-0300] {dag.py:2606} INFO - Creating ORM DAG for get_tarkett_descricones_atributos
[2022-11-02T17:00:30.859-0300] {logging_mixin.py:120} INFO - [2022-11-02T17:00:30.859-0300] {dag.py:3336} INFO - Setting next_dagrun for get_tarkett_descricones_atributos to None, run_after=None
[2022-11-02T17:00:30.879-0300] {processor.py:176} INFO - Processing /home/debian/etlhausz/airflow/dags/ETL_tarkett_imagens.py took 2.633 seconds
[2022-11-02T17:01:01.554-0300] {processor.py:154} INFO - Started process (PID=51923) to work on /home/debian/etlhausz/airflow/dags/ETL_tarkett_imagens.py
[2022-11-02T17:01:01.555-0300] {processor.py:756} INFO - Processing file /home/debian/etlhausz/airflow/dags/ETL_tarkett_imagens.py for tasks to queue
[2022-11-02T17:01:01.556-0300] {logging_mixin.py:120} INFO - [2022-11-02T17:01:01.556-0300] {dagbag.py:537} INFO - Filling up the DagBag from /home/debian/etlhausz/airflow/dags/ETL_tarkett_imagens.py
[2022-11-02T17:01:02.910-0300] {logging_mixin.py:120} WARNING - /home/debian/etlhausz/venv/lib/python3.9/site-packages/airflow/models/dag.py:3405 RemovedInAirflow3Warning: Param `schedule_interval` is deprecated and will be removed in a future release. Please use `schedule` instead.
[2022-11-02T17:01:02.921-0300] {processor.py:766} INFO - DAG(s) dict_keys(['get_tarkett_descricones_atributos']) retrieved from /home/debian/etlhausz/airflow/dags/ETL_tarkett_imagens.py
[2022-11-02T17:01:02.979-0300] {logging_mixin.py:120} INFO - [2022-11-02T17:01:02.979-0300] {dag.py:2585} INFO - Sync 1 DAGs
[2022-11-02T17:01:03.030-0300] {logging_mixin.py:120} INFO - [2022-11-02T17:01:03.030-0300] {dag.py:3336} INFO - Setting next_dagrun for get_tarkett_descricones_atributos to None, run_after=None
[2022-11-02T17:01:03.060-0300] {processor.py:176} INFO - Processing /home/debian/etlhausz/airflow/dags/ETL_tarkett_imagens.py took 1.510 seconds
[2022-11-02T17:01:33.369-0300] {processor.py:154} INFO - Started process (PID=52320) to work on /home/debian/etlhausz/airflow/dags/ETL_tarkett_imagens.py
[2022-11-02T17:01:33.373-0300] {processor.py:756} INFO - Processing file /home/debian/etlhausz/airflow/dags/ETL_tarkett_imagens.py for tasks to queue
[2022-11-02T17:01:33.374-0300] {logging_mixin.py:120} INFO - [2022-11-02T17:01:33.374-0300] {dagbag.py:537} INFO - Filling up the DagBag from /home/debian/etlhausz/airflow/dags/ETL_tarkett_imagens.py
[2022-11-02T17:01:34.567-0300] {logging_mixin.py:120} WARNING - /home/debian/etlhausz/venv/lib/python3.9/site-packages/airflow/models/dag.py:3405 RemovedInAirflow3Warning: Param `schedule_interval` is deprecated and will be removed in a future release. Please use `schedule` instead.
[2022-11-02T17:01:34.575-0300] {processor.py:766} INFO - DAG(s) dict_keys(['get_tarkett_descricones_atributos']) retrieved from /home/debian/etlhausz/airflow/dags/ETL_tarkett_imagens.py
[2022-11-02T17:01:34.649-0300] {logging_mixin.py:120} INFO - [2022-11-02T17:01:34.649-0300] {dag.py:2585} INFO - Sync 1 DAGs
[2022-11-02T17:01:34.689-0300] {logging_mixin.py:120} INFO - [2022-11-02T17:01:34.689-0300] {dag.py:3336} INFO - Setting next_dagrun for get_tarkett_descricones_atributos to None, run_after=None
[2022-11-02T17:01:34.713-0300] {processor.py:176} INFO - Processing /home/debian/etlhausz/airflow/dags/ETL_tarkett_imagens.py took 1.357 seconds
[2022-11-02T17:02:05.121-0300] {processor.py:154} INFO - Started process (PID=52719) to work on /home/debian/etlhausz/airflow/dags/ETL_tarkett_imagens.py
[2022-11-02T17:02:05.122-0300] {processor.py:756} INFO - Processing file /home/debian/etlhausz/airflow/dags/ETL_tarkett_imagens.py for tasks to queue
[2022-11-02T17:02:05.122-0300] {logging_mixin.py:120} INFO - [2022-11-02T17:02:05.122-0300] {dagbag.py:537} INFO - Filling up the DagBag from /home/debian/etlhausz/airflow/dags/ETL_tarkett_imagens.py
[2022-11-02T17:02:07.042-0300] {logging_mixin.py:120} WARNING - /home/debian/etlhausz/venv/lib/python3.9/site-packages/airflow/models/dag.py:3405 RemovedInAirflow3Warning: Param `schedule_interval` is deprecated and will be removed in a future release. Please use `schedule` instead.
[2022-11-02T17:02:07.058-0300] {processor.py:766} INFO - DAG(s) dict_keys(['get_tarkett_descricones_atributos']) retrieved from /home/debian/etlhausz/airflow/dags/ETL_tarkett_imagens.py
[2022-11-02T17:02:07.188-0300] {logging_mixin.py:120} INFO - [2022-11-02T17:02:07.187-0300] {dag.py:2585} INFO - Sync 1 DAGs
[2022-11-02T17:02:07.306-0300] {logging_mixin.py:120} INFO - [2022-11-02T17:02:07.306-0300] {dag.py:3336} INFO - Setting next_dagrun for get_tarkett_descricones_atributos to None, run_after=None
[2022-11-02T17:02:07.392-0300] {processor.py:176} INFO - Processing /home/debian/etlhausz/airflow/dags/ETL_tarkett_imagens.py took 2.275 seconds
[2022-11-02T17:02:38.309-0300] {processor.py:154} INFO - Started process (PID=53202) to work on /home/debian/etlhausz/airflow/dags/ETL_tarkett_imagens.py
[2022-11-02T17:02:38.310-0300] {processor.py:756} INFO - Processing file /home/debian/etlhausz/airflow/dags/ETL_tarkett_imagens.py for tasks to queue
[2022-11-02T17:02:38.310-0300] {logging_mixin.py:120} INFO - [2022-11-02T17:02:38.310-0300] {dagbag.py:537} INFO - Filling up the DagBag from /home/debian/etlhausz/airflow/dags/ETL_tarkett_imagens.py
[2022-11-02T17:02:39.332-0300] {logging_mixin.py:120} WARNING - /home/debian/etlhausz/venv/lib/python3.9/site-packages/airflow/models/dag.py:3405 RemovedInAirflow3Warning: Param `schedule_interval` is deprecated and will be removed in a future release. Please use `schedule` instead.
[2022-11-02T17:02:39.360-0300] {processor.py:766} INFO - DAG(s) dict_keys(['get_tarkett_descricones_atributos']) retrieved from /home/debian/etlhausz/airflow/dags/ETL_tarkett_imagens.py
[2022-11-02T17:02:39.440-0300] {logging_mixin.py:120} INFO - [2022-11-02T17:02:39.440-0300] {dag.py:2585} INFO - Sync 1 DAGs
[2022-11-02T17:02:39.496-0300] {logging_mixin.py:120} INFO - [2022-11-02T17:02:39.495-0300] {dag.py:3336} INFO - Setting next_dagrun for get_tarkett_descricones_atributos to None, run_after=None
[2022-11-02T17:02:39.518-0300] {processor.py:176} INFO - Processing /home/debian/etlhausz/airflow/dags/ETL_tarkett_imagens.py took 1.211 seconds
[2022-11-02T17:03:09.559-0300] {processor.py:154} INFO - Started process (PID=53598) to work on /home/debian/etlhausz/airflow/dags/ETL_tarkett_imagens.py
[2022-11-02T17:03:09.563-0300] {processor.py:756} INFO - Processing file /home/debian/etlhausz/airflow/dags/ETL_tarkett_imagens.py for tasks to queue
[2022-11-02T17:03:09.565-0300] {logging_mixin.py:120} INFO - [2022-11-02T17:03:09.565-0300] {dagbag.py:537} INFO - Filling up the DagBag from /home/debian/etlhausz/airflow/dags/ETL_tarkett_imagens.py
[2022-11-02T17:03:10.889-0300] {logging_mixin.py:120} WARNING - /home/debian/etlhausz/venv/lib/python3.9/site-packages/airflow/models/dag.py:3405 RemovedInAirflow3Warning: Param `schedule_interval` is deprecated and will be removed in a future release. Please use `schedule` instead.
[2022-11-02T17:03:10.900-0300] {processor.py:766} INFO - DAG(s) dict_keys(['get_tarkett_descricones_atributos']) retrieved from /home/debian/etlhausz/airflow/dags/ETL_tarkett_imagens.py
[2022-11-02T17:03:10.971-0300] {logging_mixin.py:120} INFO - [2022-11-02T17:03:10.970-0300] {dag.py:2585} INFO - Sync 1 DAGs
[2022-11-02T17:03:11.039-0300] {logging_mixin.py:120} INFO - [2022-11-02T17:03:11.039-0300] {dag.py:3336} INFO - Setting next_dagrun for get_tarkett_descricones_atributos to None, run_after=None
[2022-11-02T17:03:11.060-0300] {processor.py:176} INFO - Processing /home/debian/etlhausz/airflow/dags/ETL_tarkett_imagens.py took 1.506 seconds
[2022-11-02T17:03:41.124-0300] {processor.py:154} INFO - Started process (PID=53948) to work on /home/debian/etlhausz/airflow/dags/ETL_tarkett_imagens.py
[2022-11-02T17:03:41.125-0300] {processor.py:756} INFO - Processing file /home/debian/etlhausz/airflow/dags/ETL_tarkett_imagens.py for tasks to queue
[2022-11-02T17:03:41.126-0300] {logging_mixin.py:120} INFO - [2022-11-02T17:03:41.125-0300] {dagbag.py:537} INFO - Filling up the DagBag from /home/debian/etlhausz/airflow/dags/ETL_tarkett_imagens.py
[2022-11-02T17:03:43.493-0300] {logging_mixin.py:120} WARNING - /home/debian/etlhausz/venv/lib/python3.9/site-packages/airflow/models/dag.py:3405 RemovedInAirflow3Warning: Param `schedule_interval` is deprecated and will be removed in a future release. Please use `schedule` instead.
[2022-11-02T17:03:43.509-0300] {processor.py:766} INFO - DAG(s) dict_keys(['get_tarkett_descricones_atributos']) retrieved from /home/debian/etlhausz/airflow/dags/ETL_tarkett_imagens.py
[2022-11-02T17:03:43.575-0300] {logging_mixin.py:120} INFO - [2022-11-02T17:03:43.575-0300] {dag.py:2585} INFO - Sync 1 DAGs
[2022-11-02T17:03:43.665-0300] {logging_mixin.py:120} INFO - [2022-11-02T17:03:43.665-0300] {dag.py:3336} INFO - Setting next_dagrun for get_tarkett_descricones_atributos to None, run_after=None
[2022-11-02T17:03:43.748-0300] {processor.py:176} INFO - Processing /home/debian/etlhausz/airflow/dags/ETL_tarkett_imagens.py took 2.635 seconds
[2022-11-02T17:04:14.706-0300] {processor.py:154} INFO - Started process (PID=54345) to work on /home/debian/etlhausz/airflow/dags/ETL_tarkett_imagens.py
[2022-11-02T17:04:14.707-0300] {processor.py:756} INFO - Processing file /home/debian/etlhausz/airflow/dags/ETL_tarkett_imagens.py for tasks to queue
[2022-11-02T17:04:14.708-0300] {logging_mixin.py:120} INFO - [2022-11-02T17:04:14.708-0300] {dagbag.py:537} INFO - Filling up the DagBag from /home/debian/etlhausz/airflow/dags/ETL_tarkett_imagens.py
[2022-11-02T17:04:20.713-0300] {logging_mixin.py:120} WARNING - /home/debian/etlhausz/venv/lib/python3.9/site-packages/airflow/models/dag.py:3405 RemovedInAirflow3Warning: Param `schedule_interval` is deprecated and will be removed in a future release. Please use `schedule` instead.
[2022-11-02T17:04:20.769-0300] {processor.py:766} INFO - DAG(s) dict_keys(['get_tarkett_descricones_atributos']) retrieved from /home/debian/etlhausz/airflow/dags/ETL_tarkett_imagens.py
[2022-11-02T17:04:20.901-0300] {logging_mixin.py:120} INFO - [2022-11-02T17:04:20.901-0300] {dag.py:2585} INFO - Sync 1 DAGs
[2022-11-02T17:04:20.988-0300] {logging_mixin.py:120} INFO - [2022-11-02T17:04:20.988-0300] {dag.py:3336} INFO - Setting next_dagrun for get_tarkett_descricones_atributos to None, run_after=None
[2022-11-02T17:04:21.084-0300] {processor.py:176} INFO - Processing /home/debian/etlhausz/airflow/dags/ETL_tarkett_imagens.py took 6.382 seconds
[2022-11-02T17:04:52.834-0300] {processor.py:154} INFO - Started process (PID=54791) to work on /home/debian/etlhausz/airflow/dags/ETL_tarkett_imagens.py
[2022-11-02T17:04:52.836-0300] {processor.py:756} INFO - Processing file /home/debian/etlhausz/airflow/dags/ETL_tarkett_imagens.py for tasks to queue
[2022-11-02T17:04:52.837-0300] {logging_mixin.py:120} INFO - [2022-11-02T17:04:52.837-0300] {dagbag.py:537} INFO - Filling up the DagBag from /home/debian/etlhausz/airflow/dags/ETL_tarkett_imagens.py
[2022-11-02T17:05:11.893-0300] {logging_mixin.py:120} WARNING - /home/debian/etlhausz/venv/lib/python3.9/site-packages/airflow/models/dag.py:3405 RemovedInAirflow3Warning: Param `schedule_interval` is deprecated and will be removed in a future release. Please use `schedule` instead.
[2022-11-02T17:05:12.160-0300] {processor.py:766} INFO - DAG(s) dict_keys(['get_tarkett_descricones_atributos']) retrieved from /home/debian/etlhausz/airflow/dags/ETL_tarkett_imagens.py
[2022-11-02T17:05:13.699-0300] {logging_mixin.py:120} INFO - [2022-11-02T17:05:13.699-0300] {dag.py:2585} INFO - Sync 1 DAGs
[2022-11-02T17:05:14.172-0300] {logging_mixin.py:120} INFO - [2022-11-02T17:05:14.172-0300] {dag.py:3336} INFO - Setting next_dagrun for get_tarkett_descricones_atributos to None, run_after=None
[2022-11-02T17:05:14.420-0300] {processor.py:176} INFO - Processing /home/debian/etlhausz/airflow/dags/ETL_tarkett_imagens.py took 21.592 seconds
[2022-11-02T17:05:45.584-0300] {processor.py:154} INFO - Started process (PID=55456) to work on /home/debian/etlhausz/airflow/dags/ETL_tarkett_imagens.py
[2022-11-02T17:05:45.594-0300] {processor.py:756} INFO - Processing file /home/debian/etlhausz/airflow/dags/ETL_tarkett_imagens.py for tasks to queue
[2022-11-02T17:05:45.595-0300] {logging_mixin.py:120} INFO - [2022-11-02T17:05:45.594-0300] {dagbag.py:537} INFO - Filling up the DagBag from /home/debian/etlhausz/airflow/dags/ETL_tarkett_imagens.py
[2022-11-02T17:06:13.096-0300] {logging_mixin.py:120} WARNING - /home/debian/etlhausz/venv/lib/python3.9/site-packages/airflow/models/dag.py:3405 RemovedInAirflow3Warning: Param `schedule_interval` is deprecated and will be removed in a future release. Please use `schedule` instead.
[2022-11-02T17:06:13.505-0300] {logging_mixin.py:120} INFO - [2022-11-02T17:06:13.280-0300] {dagbag.py:342} ERROR - Failed to import: /home/debian/etlhausz/airflow/dags/ETL_tarkett_imagens.py
Traceback (most recent call last):
  File "/home/debian/etlhausz/venv/lib/python3.9/site-packages/airflow/models/dagbag.py", line 338, in parse
    loader.exec_module(new_module)
  File "<frozen importlib._bootstrap_external>", line 790, in exec_module
  File "<frozen importlib._bootstrap>", line 228, in _call_with_frames_removed
  File "/home/debian/etlhausz/airflow/dags/ETL_tarkett_imagens.py", line 146, in <module>
    tarkett = get_tarkett_descricones_atributos()
  File "/home/debian/etlhausz/venv/lib/python3.9/site-packages/airflow/models/dag.py", line 3454, in factory
    f(**f_kwargs)
  File "/home/debian/etlhausz/airflow/dags/ETL_tarkett_imagens.py", line 144, in get_tarkett_descricones_atributos
    get_produtos(descricao_linha())
  File "/home/debian/etlhausz/venv/lib/python3.9/site-packages/airflow/decorators/base.py", line 272, in __call__
    op = self.operator_class(
  File "/home/debian/etlhausz/venv/lib/python3.9/site-packages/airflow/models/baseoperator.py", line 408, in apply_defaults
    result = func(self, **kwargs, default_args=default_args)
  File "/home/debian/etlhausz/venv/lib/python3.9/site-packages/airflow/decorators/python.py", line 53, in __init__
    super().__init__(
  File "/home/debian/etlhausz/venv/lib/python3.9/site-packages/airflow/models/baseoperator.py", line 408, in apply_defaults
    result = func(self, **kwargs, default_args=default_args)
  File "/home/debian/etlhausz/venv/lib/python3.9/site-packages/airflow/decorators/base.py", line 180, in __init__
    inspect.signature(python_callable).bind(*op_args, **op_kwargs)
  File "/usr/lib/python3.9/inspect.py", line 3062, in bind
    return self._bind(args, kwargs)
  File "/usr/lib/python3.9/inspect.py", line 2983, in _bind
    raise TypeError('too many positional arguments') from None
TypeError: too many positional arguments
[2022-11-02T17:06:13.506-0300] {processor.py:768} WARNING - No viable dags retrieved from /home/debian/etlhausz/airflow/dags/ETL_tarkett_imagens.py
[2022-11-02T17:06:14.098-0300] {processor.py:176} INFO - Processing /home/debian/etlhausz/airflow/dags/ETL_tarkett_imagens.py took 28.534 seconds
[2022-11-02T17:06:49.146-0300] {processor.py:154} INFO - Started process (PID=56281) to work on /home/debian/etlhausz/airflow/dags/ETL_tarkett_imagens.py
[2022-11-02T17:06:49.284-0300] {processor.py:756} INFO - Processing file /home/debian/etlhausz/airflow/dags/ETL_tarkett_imagens.py for tasks to queue
[2022-11-02T17:06:49.335-0300] {logging_mixin.py:120} INFO - [2022-11-02T17:06:49.335-0300] {dagbag.py:537} INFO - Filling up the DagBag from /home/debian/etlhausz/airflow/dags/ETL_tarkett_imagens.py
[2022-11-02T17:07:19.488-0300] {logging_mixin.py:120} INFO - [2022-11-02T17:07:19.474-0300] {timeout.py:68} ERROR - Process timed out, PID: 56281
[2022-11-02T17:07:29.899-0300] {logging_mixin.py:120} INFO - [2022-11-02T17:07:29.826-0300] {dagbag.py:342} ERROR - Failed to import: /home/debian/etlhausz/airflow/dags/ETL_tarkett_imagens.py
Traceback (most recent call last):
  File "/home/debian/etlhausz/venv/lib/python3.9/site-packages/airflow/models/dagbag.py", line 338, in parse
    loader.exec_module(new_module)
  File "<frozen importlib._bootstrap_external>", line 790, in exec_module
  File "<frozen importlib._bootstrap>", line 228, in _call_with_frames_removed
  File "/home/debian/etlhausz/airflow/dags/ETL_tarkett_imagens.py", line 33, in <module>
    driver = webdriver.Chrome(options=options, executable_path=r"/home/debian/etlhausz/chromedriver/chromedriver")
  File "/home/debian/etlhausz/venv/lib/python3.9/site-packages/selenium/webdriver/chrome/webdriver.py", line 69, in __init__
    super().__init__(DesiredCapabilities.CHROME['browserName'], "goog",
  File "/home/debian/etlhausz/venv/lib/python3.9/site-packages/selenium/webdriver/chromium/webdriver.py", line 92, in __init__
    super().__init__(
  File "/home/debian/etlhausz/venv/lib/python3.9/site-packages/selenium/webdriver/remote/webdriver.py", line 272, in __init__
    self.start_session(capabilities, browser_profile)
  File "/home/debian/etlhausz/venv/lib/python3.9/site-packages/selenium/webdriver/remote/webdriver.py", line 364, in start_session
    response = self.execute(Command.NEW_SESSION, parameters)
  File "/home/debian/etlhausz/venv/lib/python3.9/site-packages/selenium/webdriver/remote/webdriver.py", line 427, in execute
    response = self.command_executor.execute(driver_command, params)
  File "/home/debian/etlhausz/venv/lib/python3.9/site-packages/selenium/webdriver/remote/remote_connection.py", line 344, in execute
    return self._request(command_info[0], url, body=data)
  File "/home/debian/etlhausz/venv/lib/python3.9/site-packages/selenium/webdriver/remote/remote_connection.py", line 366, in _request
    response = self._conn.request(method, url, body=body, headers=headers)
  File "/home/debian/etlhausz/venv/lib/python3.9/site-packages/urllib3/request.py", line 78, in request
    return self.request_encode_body(
  File "/home/debian/etlhausz/venv/lib/python3.9/site-packages/urllib3/request.py", line 170, in request_encode_body
    return self.urlopen(method, url, **extra_kw)
  File "/home/debian/etlhausz/venv/lib/python3.9/site-packages/urllib3/poolmanager.py", line 376, in urlopen
    response = conn.urlopen(method, u.request_uri, **kw)
  File "/home/debian/etlhausz/venv/lib/python3.9/site-packages/urllib3/connectionpool.py", line 703, in urlopen
    httplib_response = self._make_request(
  File "/home/debian/etlhausz/venv/lib/python3.9/site-packages/urllib3/connectionpool.py", line 449, in _make_request
    six.raise_from(e, None)
  File "<string>", line 3, in raise_from
  File "/home/debian/etlhausz/venv/lib/python3.9/site-packages/urllib3/connectionpool.py", line 444, in _make_request
    httplib_response = conn.getresponse()
  File "/usr/lib/python3.9/http/client.py", line 1347, in getresponse
    response.begin()
  File "/usr/lib/python3.9/http/client.py", line 307, in begin
    version, status, reason = self._read_status()
  File "/usr/lib/python3.9/http/client.py", line 268, in _read_status
    line = str(self.fp.readline(_MAXLINE + 1), "iso-8859-1")
  File "/usr/lib/python3.9/socket.py", line 704, in readinto
    return self._sock.recv_into(b)
  File "/home/debian/etlhausz/venv/lib/python3.9/site-packages/airflow/utils/timeout.py", line 69, in handle_timeout
    raise AirflowTaskTimeout(self.error_message)
airflow.exceptions.AirflowTaskTimeout: DagBag import timeout for /home/debian/etlhausz/airflow/dags/ETL_tarkett_imagens.py after 30.0s.
Please take a look at these docs to improve your DAG import time:
* https://airflow.apache.org/docs/apache-airflow/2.4.2/best-practices.html#top-level-python-code
* https://airflow.apache.org/docs/apache-airflow/2.4.2/best-practices.html#reducing-dag-complexity, PID: 56281
[2022-11-02T17:07:29.902-0300] {processor.py:768} WARNING - No viable dags retrieved from /home/debian/etlhausz/airflow/dags/ETL_tarkett_imagens.py
[2022-11-02T17:07:30.101-0300] {processor.py:176} INFO - Processing /home/debian/etlhausz/airflow/dags/ETL_tarkett_imagens.py took 40.967 seconds
[2022-11-02T17:08:12.600-0300] {processor.py:154} INFO - Started process (PID=57313) to work on /home/debian/etlhausz/airflow/dags/ETL_tarkett_imagens.py
[2022-11-02T17:08:12.603-0300] {processor.py:756} INFO - Processing file /home/debian/etlhausz/airflow/dags/ETL_tarkett_imagens.py for tasks to queue
[2022-11-02T17:08:12.604-0300] {logging_mixin.py:120} INFO - [2022-11-02T17:08:12.604-0300] {dagbag.py:537} INFO - Filling up the DagBag from /home/debian/etlhausz/airflow/dags/ETL_tarkett_imagens.py
[2022-11-02T17:08:15.264-0300] {logging_mixin.py:120} WARNING - /home/debian/etlhausz/venv/lib/python3.9/site-packages/airflow/models/dag.py:3405 RemovedInAirflow3Warning: Param `schedule_interval` is deprecated and will be removed in a future release. Please use `schedule` instead.
[2022-11-02T17:08:15.322-0300] {logging_mixin.py:120} INFO - [2022-11-02T17:08:15.268-0300] {dagbag.py:342} ERROR - Failed to import: /home/debian/etlhausz/airflow/dags/ETL_tarkett_imagens.py
Traceback (most recent call last):
  File "/home/debian/etlhausz/venv/lib/python3.9/site-packages/airflow/models/dagbag.py", line 338, in parse
    loader.exec_module(new_module)
  File "<frozen importlib._bootstrap_external>", line 790, in exec_module
  File "<frozen importlib._bootstrap>", line 228, in _call_with_frames_removed
  File "/home/debian/etlhausz/airflow/dags/ETL_tarkett_imagens.py", line 146, in <module>
    tarkett = get_tarkett_descricones_atributos()
  File "/home/debian/etlhausz/venv/lib/python3.9/site-packages/airflow/models/dag.py", line 3454, in factory
    f(**f_kwargs)
  File "/home/debian/etlhausz/airflow/dags/ETL_tarkett_imagens.py", line 144, in get_tarkett_descricones_atributos
    get_produtos(descricao_linha())
  File "/home/debian/etlhausz/venv/lib/python3.9/site-packages/airflow/decorators/base.py", line 272, in __call__
    op = self.operator_class(
  File "/home/debian/etlhausz/venv/lib/python3.9/site-packages/airflow/models/baseoperator.py", line 408, in apply_defaults
    result = func(self, **kwargs, default_args=default_args)
  File "/home/debian/etlhausz/venv/lib/python3.9/site-packages/airflow/decorators/python.py", line 53, in __init__
    super().__init__(
  File "/home/debian/etlhausz/venv/lib/python3.9/site-packages/airflow/models/baseoperator.py", line 408, in apply_defaults
    result = func(self, **kwargs, default_args=default_args)
  File "/home/debian/etlhausz/venv/lib/python3.9/site-packages/airflow/decorators/base.py", line 180, in __init__
    inspect.signature(python_callable).bind(*op_args, **op_kwargs)
  File "/usr/lib/python3.9/inspect.py", line 3062, in bind
    return self._bind(args, kwargs)
  File "/usr/lib/python3.9/inspect.py", line 2983, in _bind
    raise TypeError('too many positional arguments') from None
TypeError: too many positional arguments
[2022-11-02T17:08:15.323-0300] {processor.py:768} WARNING - No viable dags retrieved from /home/debian/etlhausz/airflow/dags/ETL_tarkett_imagens.py
[2022-11-02T17:08:15.672-0300] {processor.py:176} INFO - Processing /home/debian/etlhausz/airflow/dags/ETL_tarkett_imagens.py took 3.075 seconds
[2022-11-02T17:08:46.085-0300] {processor.py:154} INFO - Started process (PID=57746) to work on /home/debian/etlhausz/airflow/dags/ETL_tarkett_imagens.py
[2022-11-02T17:08:46.086-0300] {processor.py:756} INFO - Processing file /home/debian/etlhausz/airflow/dags/ETL_tarkett_imagens.py for tasks to queue
[2022-11-02T17:08:46.087-0300] {logging_mixin.py:120} INFO - [2022-11-02T17:08:46.087-0300] {dagbag.py:537} INFO - Filling up the DagBag from /home/debian/etlhausz/airflow/dags/ETL_tarkett_imagens.py
[2022-11-02T17:08:47.419-0300] {logging_mixin.py:120} WARNING - /home/debian/etlhausz/venv/lib/python3.9/site-packages/airflow/models/dag.py:3405 RemovedInAirflow3Warning: Param `schedule_interval` is deprecated and will be removed in a future release. Please use `schedule` instead.
[2022-11-02T17:08:47.425-0300] {logging_mixin.py:120} INFO - [2022-11-02T17:08:47.423-0300] {dagbag.py:342} ERROR - Failed to import: /home/debian/etlhausz/airflow/dags/ETL_tarkett_imagens.py
Traceback (most recent call last):
  File "/home/debian/etlhausz/venv/lib/python3.9/site-packages/airflow/models/dagbag.py", line 338, in parse
    loader.exec_module(new_module)
  File "<frozen importlib._bootstrap_external>", line 790, in exec_module
  File "<frozen importlib._bootstrap>", line 228, in _call_with_frames_removed
  File "/home/debian/etlhausz/airflow/dags/ETL_tarkett_imagens.py", line 146, in <module>
    tarkett = get_tarkett_descricones_atributos()
  File "/home/debian/etlhausz/venv/lib/python3.9/site-packages/airflow/models/dag.py", line 3454, in factory
    f(**f_kwargs)
  File "/home/debian/etlhausz/airflow/dags/ETL_tarkett_imagens.py", line 144, in get_tarkett_descricones_atributos
    get_produtos(descricao_linha())
  File "/home/debian/etlhausz/venv/lib/python3.9/site-packages/airflow/decorators/base.py", line 272, in __call__
    op = self.operator_class(
  File "/home/debian/etlhausz/venv/lib/python3.9/site-packages/airflow/models/baseoperator.py", line 408, in apply_defaults
    result = func(self, **kwargs, default_args=default_args)
  File "/home/debian/etlhausz/venv/lib/python3.9/site-packages/airflow/decorators/python.py", line 53, in __init__
    super().__init__(
  File "/home/debian/etlhausz/venv/lib/python3.9/site-packages/airflow/models/baseoperator.py", line 408, in apply_defaults
    result = func(self, **kwargs, default_args=default_args)
  File "/home/debian/etlhausz/venv/lib/python3.9/site-packages/airflow/decorators/base.py", line 180, in __init__
    inspect.signature(python_callable).bind(*op_args, **op_kwargs)
  File "/usr/lib/python3.9/inspect.py", line 3062, in bind
    return self._bind(args, kwargs)
  File "/usr/lib/python3.9/inspect.py", line 2983, in _bind
    raise TypeError('too many positional arguments') from None
TypeError: too many positional arguments
[2022-11-02T17:08:47.425-0300] {processor.py:768} WARNING - No viable dags retrieved from /home/debian/etlhausz/airflow/dags/ETL_tarkett_imagens.py
[2022-11-02T17:08:47.512-0300] {processor.py:176} INFO - Processing /home/debian/etlhausz/airflow/dags/ETL_tarkett_imagens.py took 1.437 seconds
[2022-11-02T17:09:17.847-0300] {processor.py:154} INFO - Started process (PID=58135) to work on /home/debian/etlhausz/airflow/dags/ETL_tarkett_imagens.py
[2022-11-02T17:09:17.865-0300] {processor.py:756} INFO - Processing file /home/debian/etlhausz/airflow/dags/ETL_tarkett_imagens.py for tasks to queue
[2022-11-02T17:09:17.865-0300] {logging_mixin.py:120} INFO - [2022-11-02T17:09:17.865-0300] {dagbag.py:537} INFO - Filling up the DagBag from /home/debian/etlhausz/airflow/dags/ETL_tarkett_imagens.py
[2022-11-02T17:09:19.436-0300] {logging_mixin.py:120} WARNING - /home/debian/etlhausz/venv/lib/python3.9/site-packages/airflow/models/dag.py:3405 RemovedInAirflow3Warning: Param `schedule_interval` is deprecated and will be removed in a future release. Please use `schedule` instead.
[2022-11-02T17:09:19.447-0300] {processor.py:766} INFO - DAG(s) dict_keys(['get_tarkett_descricones_atributos']) retrieved from /home/debian/etlhausz/airflow/dags/ETL_tarkett_imagens.py
[2022-11-02T17:09:19.516-0300] {logging_mixin.py:120} INFO - [2022-11-02T17:09:19.516-0300] {dag.py:2585} INFO - Sync 1 DAGs
[2022-11-02T17:09:19.537-0300] {logging_mixin.py:120} INFO - [2022-11-02T17:09:19.537-0300] {dag.py:3336} INFO - Setting next_dagrun for get_tarkett_descricones_atributos to None, run_after=None
[2022-11-02T17:09:19.560-0300] {processor.py:176} INFO - Processing /home/debian/etlhausz/airflow/dags/ETL_tarkett_imagens.py took 1.726 seconds
[2022-11-02T17:09:49.618-0300] {processor.py:154} INFO - Started process (PID=58535) to work on /home/debian/etlhausz/airflow/dags/ETL_tarkett_imagens.py
[2022-11-02T17:09:49.619-0300] {processor.py:756} INFO - Processing file /home/debian/etlhausz/airflow/dags/ETL_tarkett_imagens.py for tasks to queue
[2022-11-02T17:09:49.620-0300] {logging_mixin.py:120} INFO - [2022-11-02T17:09:49.619-0300] {dagbag.py:537} INFO - Filling up the DagBag from /home/debian/etlhausz/airflow/dags/ETL_tarkett_imagens.py
[2022-11-02T17:09:50.885-0300] {logging_mixin.py:120} WARNING - /home/debian/etlhausz/venv/lib/python3.9/site-packages/airflow/models/dag.py:3405 RemovedInAirflow3Warning: Param `schedule_interval` is deprecated and will be removed in a future release. Please use `schedule` instead.
[2022-11-02T17:09:50.892-0300] {processor.py:766} INFO - DAG(s) dict_keys(['get_tarkett_descricones_atributos']) retrieved from /home/debian/etlhausz/airflow/dags/ETL_tarkett_imagens.py
[2022-11-02T17:09:51.001-0300] {logging_mixin.py:120} INFO - [2022-11-02T17:09:50.995-0300] {dag.py:2585} INFO - Sync 1 DAGs
[2022-11-02T17:09:51.080-0300] {logging_mixin.py:120} INFO - [2022-11-02T17:09:51.080-0300] {dag.py:3336} INFO - Setting next_dagrun for get_tarkett_descricones_atributos to None, run_after=None
[2022-11-02T17:09:51.169-0300] {processor.py:176} INFO - Processing /home/debian/etlhausz/airflow/dags/ETL_tarkett_imagens.py took 1.554 seconds
[2022-11-02T17:10:21.616-0300] {processor.py:154} INFO - Started process (PID=59020) to work on /home/debian/etlhausz/airflow/dags/ETL_tarkett_imagens.py
[2022-11-02T17:10:21.617-0300] {processor.py:756} INFO - Processing file /home/debian/etlhausz/airflow/dags/ETL_tarkett_imagens.py for tasks to queue
[2022-11-02T17:10:21.620-0300] {logging_mixin.py:120} INFO - [2022-11-02T17:10:21.619-0300] {dagbag.py:537} INFO - Filling up the DagBag from /home/debian/etlhausz/airflow/dags/ETL_tarkett_imagens.py
[2022-11-02T17:10:22.788-0300] {logging_mixin.py:120} WARNING - /home/debian/etlhausz/venv/lib/python3.9/site-packages/airflow/models/dag.py:3405 RemovedInAirflow3Warning: Param `schedule_interval` is deprecated and will be removed in a future release. Please use `schedule` instead.
[2022-11-02T17:10:22.797-0300] {processor.py:766} INFO - DAG(s) dict_keys(['get_tarkett_descricones_atributos']) retrieved from /home/debian/etlhausz/airflow/dags/ETL_tarkett_imagens.py
[2022-11-02T17:10:22.862-0300] {logging_mixin.py:120} INFO - [2022-11-02T17:10:22.862-0300] {dag.py:2585} INFO - Sync 1 DAGs
[2022-11-02T17:10:22.886-0300] {logging_mixin.py:120} INFO - [2022-11-02T17:10:22.886-0300] {dag.py:3336} INFO - Setting next_dagrun for get_tarkett_descricones_atributos to None, run_after=None
[2022-11-02T17:10:22.914-0300] {processor.py:176} INFO - Processing /home/debian/etlhausz/airflow/dags/ETL_tarkett_imagens.py took 1.301 seconds
[2022-11-02T17:10:53.399-0300] {processor.py:154} INFO - Started process (PID=59411) to work on /home/debian/etlhausz/airflow/dags/ETL_tarkett_imagens.py
[2022-11-02T17:10:53.407-0300] {processor.py:756} INFO - Processing file /home/debian/etlhausz/airflow/dags/ETL_tarkett_imagens.py for tasks to queue
[2022-11-02T17:10:53.409-0300] {logging_mixin.py:120} INFO - [2022-11-02T17:10:53.408-0300] {dagbag.py:537} INFO - Filling up the DagBag from /home/debian/etlhausz/airflow/dags/ETL_tarkett_imagens.py
[2022-11-02T17:10:54.882-0300] {logging_mixin.py:120} WARNING - /home/debian/etlhausz/venv/lib/python3.9/site-packages/airflow/models/dag.py:3405 RemovedInAirflow3Warning: Param `schedule_interval` is deprecated and will be removed in a future release. Please use `schedule` instead.
[2022-11-02T17:10:54.891-0300] {processor.py:766} INFO - DAG(s) dict_keys(['get_tarkett_descricones_atributos']) retrieved from /home/debian/etlhausz/airflow/dags/ETL_tarkett_imagens.py
[2022-11-02T17:10:54.998-0300] {logging_mixin.py:120} INFO - [2022-11-02T17:10:54.998-0300] {dag.py:2585} INFO - Sync 1 DAGs
[2022-11-02T17:10:55.041-0300] {logging_mixin.py:120} INFO - [2022-11-02T17:10:55.041-0300] {dag.py:3336} INFO - Setting next_dagrun for get_tarkett_descricones_atributos to None, run_after=None
[2022-11-02T17:10:55.088-0300] {processor.py:176} INFO - Processing /home/debian/etlhausz/airflow/dags/ETL_tarkett_imagens.py took 1.692 seconds
[2022-11-02T17:11:25.450-0300] {processor.py:154} INFO - Started process (PID=59802) to work on /home/debian/etlhausz/airflow/dags/ETL_tarkett_imagens.py
[2022-11-02T17:11:25.451-0300] {processor.py:756} INFO - Processing file /home/debian/etlhausz/airflow/dags/ETL_tarkett_imagens.py for tasks to queue
[2022-11-02T17:11:25.451-0300] {logging_mixin.py:120} INFO - [2022-11-02T17:11:25.451-0300] {dagbag.py:537} INFO - Filling up the DagBag from /home/debian/etlhausz/airflow/dags/ETL_tarkett_imagens.py
[2022-11-02T17:11:26.794-0300] {logging_mixin.py:120} WARNING - /home/debian/etlhausz/venv/lib/python3.9/site-packages/airflow/models/dag.py:3405 RemovedInAirflow3Warning: Param `schedule_interval` is deprecated and will be removed in a future release. Please use `schedule` instead.
[2022-11-02T17:11:26.802-0300] {processor.py:766} INFO - DAG(s) dict_keys(['get_tarkett_descricones_atributos']) retrieved from /home/debian/etlhausz/airflow/dags/ETL_tarkett_imagens.py
[2022-11-02T17:11:26.847-0300] {logging_mixin.py:120} INFO - [2022-11-02T17:11:26.847-0300] {dag.py:2585} INFO - Sync 1 DAGs
[2022-11-02T17:11:26.871-0300] {logging_mixin.py:120} INFO - [2022-11-02T17:11:26.871-0300] {dag.py:3336} INFO - Setting next_dagrun for get_tarkett_descricones_atributos to None, run_after=None
[2022-11-02T17:11:26.886-0300] {processor.py:176} INFO - Processing /home/debian/etlhausz/airflow/dags/ETL_tarkett_imagens.py took 1.444 seconds
[2022-11-02T17:11:57.392-0300] {processor.py:154} INFO - Started process (PID=60201) to work on /home/debian/etlhausz/airflow/dags/ETL_tarkett_imagens.py
[2022-11-02T17:11:57.396-0300] {processor.py:756} INFO - Processing file /home/debian/etlhausz/airflow/dags/ETL_tarkett_imagens.py for tasks to queue
[2022-11-02T17:11:57.398-0300] {logging_mixin.py:120} INFO - [2022-11-02T17:11:57.397-0300] {dagbag.py:537} INFO - Filling up the DagBag from /home/debian/etlhausz/airflow/dags/ETL_tarkett_imagens.py
[2022-11-02T17:11:58.445-0300] {logging_mixin.py:120} WARNING - /home/debian/etlhausz/venv/lib/python3.9/site-packages/airflow/models/dag.py:3405 RemovedInAirflow3Warning: Param `schedule_interval` is deprecated and will be removed in a future release. Please use `schedule` instead.
[2022-11-02T17:11:58.450-0300] {processor.py:766} INFO - DAG(s) dict_keys(['get_tarkett_descricones_atributos']) retrieved from /home/debian/etlhausz/airflow/dags/ETL_tarkett_imagens.py
[2022-11-02T17:11:58.498-0300] {logging_mixin.py:120} INFO - [2022-11-02T17:11:58.498-0300] {dag.py:2585} INFO - Sync 1 DAGs
[2022-11-02T17:11:58.518-0300] {logging_mixin.py:120} INFO - [2022-11-02T17:11:58.518-0300] {dag.py:3336} INFO - Setting next_dagrun for get_tarkett_descricones_atributos to None, run_after=None
[2022-11-02T17:11:58.537-0300] {processor.py:176} INFO - Processing /home/debian/etlhausz/airflow/dags/ETL_tarkett_imagens.py took 1.148 seconds
[2022-11-02T17:12:29.174-0300] {processor.py:154} INFO - Started process (PID=60593) to work on /home/debian/etlhausz/airflow/dags/ETL_tarkett_imagens.py
[2022-11-02T17:12:29.176-0300] {processor.py:756} INFO - Processing file /home/debian/etlhausz/airflow/dags/ETL_tarkett_imagens.py for tasks to queue
[2022-11-02T17:12:29.177-0300] {logging_mixin.py:120} INFO - [2022-11-02T17:12:29.176-0300] {dagbag.py:537} INFO - Filling up the DagBag from /home/debian/etlhausz/airflow/dags/ETL_tarkett_imagens.py
[2022-11-02T17:12:30.325-0300] {logging_mixin.py:120} WARNING - /home/debian/etlhausz/venv/lib/python3.9/site-packages/airflow/models/dag.py:3405 RemovedInAirflow3Warning: Param `schedule_interval` is deprecated and will be removed in a future release. Please use `schedule` instead.
[2022-11-02T17:12:30.333-0300] {processor.py:766} INFO - DAG(s) dict_keys(['get_tarkett_descricones_atributos']) retrieved from /home/debian/etlhausz/airflow/dags/ETL_tarkett_imagens.py
[2022-11-02T17:12:30.368-0300] {logging_mixin.py:120} INFO - [2022-11-02T17:12:30.368-0300] {dag.py:2585} INFO - Sync 1 DAGs
[2022-11-02T17:12:30.398-0300] {logging_mixin.py:120} INFO - [2022-11-02T17:12:30.398-0300] {dag.py:3336} INFO - Setting next_dagrun for get_tarkett_descricones_atributos to None, run_after=None
[2022-11-02T17:12:30.423-0300] {processor.py:176} INFO - Processing /home/debian/etlhausz/airflow/dags/ETL_tarkett_imagens.py took 1.253 seconds
[2022-11-02T17:13:01.109-0300] {processor.py:154} INFO - Started process (PID=61007) to work on /home/debian/etlhausz/airflow/dags/ETL_tarkett_imagens.py
[2022-11-02T17:13:01.121-0300] {processor.py:756} INFO - Processing file /home/debian/etlhausz/airflow/dags/ETL_tarkett_imagens.py for tasks to queue
[2022-11-02T17:13:01.123-0300] {logging_mixin.py:120} INFO - [2022-11-02T17:13:01.122-0300] {dagbag.py:537} INFO - Filling up the DagBag from /home/debian/etlhausz/airflow/dags/ETL_tarkett_imagens.py
[2022-11-02T17:13:02.414-0300] {logging_mixin.py:120} WARNING - /home/debian/etlhausz/venv/lib/python3.9/site-packages/airflow/models/dag.py:3405 RemovedInAirflow3Warning: Param `schedule_interval` is deprecated and will be removed in a future release. Please use `schedule` instead.
[2022-11-02T17:13:02.426-0300] {processor.py:766} INFO - DAG(s) dict_keys(['get_tarkett_descricones_atributos']) retrieved from /home/debian/etlhausz/airflow/dags/ETL_tarkett_imagens.py
[2022-11-02T17:13:02.592-0300] {logging_mixin.py:120} INFO - [2022-11-02T17:13:02.591-0300] {dag.py:2585} INFO - Sync 1 DAGs
[2022-11-02T17:13:02.655-0300] {logging_mixin.py:120} INFO - [2022-11-02T17:13:02.655-0300] {dag.py:3336} INFO - Setting next_dagrun for get_tarkett_descricones_atributos to None, run_after=None
[2022-11-02T17:13:02.744-0300] {processor.py:176} INFO - Processing /home/debian/etlhausz/airflow/dags/ETL_tarkett_imagens.py took 1.644 seconds
[2022-11-02T17:13:32.900-0300] {processor.py:154} INFO - Started process (PID=61494) to work on /home/debian/etlhausz/airflow/dags/ETL_tarkett_imagens.py
[2022-11-02T17:13:32.905-0300] {processor.py:756} INFO - Processing file /home/debian/etlhausz/airflow/dags/ETL_tarkett_imagens.py for tasks to queue
[2022-11-02T17:13:32.909-0300] {logging_mixin.py:120} INFO - [2022-11-02T17:13:32.907-0300] {dagbag.py:537} INFO - Filling up the DagBag from /home/debian/etlhausz/airflow/dags/ETL_tarkett_imagens.py
[2022-11-02T17:13:33.952-0300] {logging_mixin.py:120} WARNING - /home/debian/etlhausz/venv/lib/python3.9/site-packages/airflow/models/dag.py:3405 RemovedInAirflow3Warning: Param `schedule_interval` is deprecated and will be removed in a future release. Please use `schedule` instead.
[2022-11-02T17:13:33.958-0300] {processor.py:766} INFO - DAG(s) dict_keys(['get_tarkett_descricones_atributos']) retrieved from /home/debian/etlhausz/airflow/dags/ETL_tarkett_imagens.py
[2022-11-02T17:13:34.001-0300] {logging_mixin.py:120} INFO - [2022-11-02T17:13:34.001-0300] {dag.py:2585} INFO - Sync 1 DAGs
[2022-11-02T17:13:34.019-0300] {logging_mixin.py:120} INFO - [2022-11-02T17:13:34.019-0300] {dag.py:3336} INFO - Setting next_dagrun for get_tarkett_descricones_atributos to None, run_after=None
[2022-11-02T17:13:34.033-0300] {processor.py:176} INFO - Processing /home/debian/etlhausz/airflow/dags/ETL_tarkett_imagens.py took 1.137 seconds
[2022-11-02T17:14:04.630-0300] {processor.py:154} INFO - Started process (PID=61956) to work on /home/debian/etlhausz/airflow/dags/ETL_tarkett_imagens.py
[2022-11-02T17:14:04.643-0300] {processor.py:756} INFO - Processing file /home/debian/etlhausz/airflow/dags/ETL_tarkett_imagens.py for tasks to queue
[2022-11-02T17:14:04.644-0300] {logging_mixin.py:120} INFO - [2022-11-02T17:14:04.644-0300] {dagbag.py:537} INFO - Filling up the DagBag from /home/debian/etlhausz/airflow/dags/ETL_tarkett_imagens.py
[2022-11-02T17:14:06.318-0300] {logging_mixin.py:120} WARNING - /home/debian/etlhausz/venv/lib/python3.9/site-packages/airflow/models/dag.py:3405 RemovedInAirflow3Warning: Param `schedule_interval` is deprecated and will be removed in a future release. Please use `schedule` instead.
[2022-11-02T17:14:06.385-0300] {processor.py:766} INFO - DAG(s) dict_keys(['get_tarkett_descricones_atributos']) retrieved from /home/debian/etlhausz/airflow/dags/ETL_tarkett_imagens.py
[2022-11-02T17:14:06.699-0300] {logging_mixin.py:120} INFO - [2022-11-02T17:14:06.699-0300] {dag.py:2585} INFO - Sync 1 DAGs
[2022-11-02T17:14:06.778-0300] {logging_mixin.py:120} INFO - [2022-11-02T17:14:06.778-0300] {dag.py:3336} INFO - Setting next_dagrun for get_tarkett_descricones_atributos to None, run_after=None
[2022-11-02T17:14:06.873-0300] {processor.py:176} INFO - Processing /home/debian/etlhausz/airflow/dags/ETL_tarkett_imagens.py took 2.246 seconds
[2022-11-02T17:14:37.308-0300] {processor.py:154} INFO - Started process (PID=62444) to work on /home/debian/etlhausz/airflow/dags/ETL_tarkett_imagens.py
[2022-11-02T17:14:37.310-0300] {processor.py:756} INFO - Processing file /home/debian/etlhausz/airflow/dags/ETL_tarkett_imagens.py for tasks to queue
[2022-11-02T17:14:37.310-0300] {logging_mixin.py:120} INFO - [2022-11-02T17:14:37.310-0300] {dagbag.py:537} INFO - Filling up the DagBag from /home/debian/etlhausz/airflow/dags/ETL_tarkett_imagens.py
[2022-11-02T17:14:38.594-0300] {logging_mixin.py:120} WARNING - /home/debian/etlhausz/venv/lib/python3.9/site-packages/airflow/models/dag.py:3405 RemovedInAirflow3Warning: Param `schedule_interval` is deprecated and will be removed in a future release. Please use `schedule` instead.
[2022-11-02T17:14:38.600-0300] {processor.py:766} INFO - DAG(s) dict_keys(['get_tarkett_descricones_atributos']) retrieved from /home/debian/etlhausz/airflow/dags/ETL_tarkett_imagens.py
[2022-11-02T17:14:38.635-0300] {logging_mixin.py:120} INFO - [2022-11-02T17:14:38.635-0300] {dag.py:2585} INFO - Sync 1 DAGs
[2022-11-02T17:14:38.665-0300] {logging_mixin.py:120} INFO - [2022-11-02T17:14:38.664-0300] {dag.py:3336} INFO - Setting next_dagrun for get_tarkett_descricones_atributos to None, run_after=None
[2022-11-02T17:14:38.685-0300] {processor.py:176} INFO - Processing /home/debian/etlhausz/airflow/dags/ETL_tarkett_imagens.py took 1.382 seconds
[2022-11-02T17:15:09.576-0300] {processor.py:154} INFO - Started process (PID=62911) to work on /home/debian/etlhausz/airflow/dags/ETL_tarkett_imagens.py
[2022-11-02T17:15:09.580-0300] {processor.py:756} INFO - Processing file /home/debian/etlhausz/airflow/dags/ETL_tarkett_imagens.py for tasks to queue
[2022-11-02T17:15:09.581-0300] {logging_mixin.py:120} INFO - [2022-11-02T17:15:09.581-0300] {dagbag.py:537} INFO - Filling up the DagBag from /home/debian/etlhausz/airflow/dags/ETL_tarkett_imagens.py
[2022-11-02T17:15:10.631-0300] {logging_mixin.py:120} WARNING - /home/debian/etlhausz/venv/lib/python3.9/site-packages/airflow/models/dag.py:3405 RemovedInAirflow3Warning: Param `schedule_interval` is deprecated and will be removed in a future release. Please use `schedule` instead.
[2022-11-02T17:15:10.643-0300] {processor.py:766} INFO - DAG(s) dict_keys(['get_tarkett_descricones_atributos']) retrieved from /home/debian/etlhausz/airflow/dags/ETL_tarkett_imagens.py
[2022-11-02T17:15:10.694-0300] {logging_mixin.py:120} INFO - [2022-11-02T17:15:10.694-0300] {dag.py:2585} INFO - Sync 1 DAGs
[2022-11-02T17:15:10.713-0300] {logging_mixin.py:120} INFO - [2022-11-02T17:15:10.713-0300] {dag.py:3336} INFO - Setting next_dagrun for get_tarkett_descricones_atributos to None, run_after=None
[2022-11-02T17:15:10.732-0300] {processor.py:176} INFO - Processing /home/debian/etlhausz/airflow/dags/ETL_tarkett_imagens.py took 1.159 seconds
[2022-11-02T17:15:41.012-0300] {processor.py:154} INFO - Started process (PID=63377) to work on /home/debian/etlhausz/airflow/dags/ETL_tarkett_imagens.py
[2022-11-02T17:15:41.021-0300] {processor.py:756} INFO - Processing file /home/debian/etlhausz/airflow/dags/ETL_tarkett_imagens.py for tasks to queue
[2022-11-02T17:15:41.021-0300] {logging_mixin.py:120} INFO - [2022-11-02T17:15:41.021-0300] {dagbag.py:537} INFO - Filling up the DagBag from /home/debian/etlhausz/airflow/dags/ETL_tarkett_imagens.py
[2022-11-02T17:15:42.267-0300] {logging_mixin.py:120} WARNING - /home/debian/etlhausz/venv/lib/python3.9/site-packages/airflow/models/dag.py:3405 RemovedInAirflow3Warning: Param `schedule_interval` is deprecated and will be removed in a future release. Please use `schedule` instead.
[2022-11-02T17:15:42.272-0300] {processor.py:766} INFO - DAG(s) dict_keys(['get_tarkett_descricones_atributos']) retrieved from /home/debian/etlhausz/airflow/dags/ETL_tarkett_imagens.py
[2022-11-02T17:15:42.319-0300] {logging_mixin.py:120} INFO - [2022-11-02T17:15:42.319-0300] {dag.py:2585} INFO - Sync 1 DAGs
[2022-11-02T17:15:42.341-0300] {logging_mixin.py:120} INFO - [2022-11-02T17:15:42.341-0300] {dag.py:3336} INFO - Setting next_dagrun for get_tarkett_descricones_atributos to None, run_after=None
[2022-11-02T17:15:42.377-0300] {processor.py:176} INFO - Processing /home/debian/etlhausz/airflow/dags/ETL_tarkett_imagens.py took 1.378 seconds
[2022-11-02T17:16:13.062-0300] {processor.py:154} INFO - Started process (PID=63853) to work on /home/debian/etlhausz/airflow/dags/ETL_tarkett_imagens.py
[2022-11-02T17:16:13.063-0300] {processor.py:756} INFO - Processing file /home/debian/etlhausz/airflow/dags/ETL_tarkett_imagens.py for tasks to queue
[2022-11-02T17:16:13.064-0300] {logging_mixin.py:120} INFO - [2022-11-02T17:16:13.064-0300] {dagbag.py:537} INFO - Filling up the DagBag from /home/debian/etlhausz/airflow/dags/ETL_tarkett_imagens.py
[2022-11-02T17:16:14.379-0300] {logging_mixin.py:120} WARNING - /home/debian/etlhausz/venv/lib/python3.9/site-packages/airflow/models/dag.py:3405 RemovedInAirflow3Warning: Param `schedule_interval` is deprecated and will be removed in a future release. Please use `schedule` instead.
[2022-11-02T17:16:14.391-0300] {processor.py:766} INFO - DAG(s) dict_keys(['get_tarkett_descricones_atributos']) retrieved from /home/debian/etlhausz/airflow/dags/ETL_tarkett_imagens.py
[2022-11-02T17:16:14.477-0300] {logging_mixin.py:120} INFO - [2022-11-02T17:16:14.477-0300] {dag.py:2585} INFO - Sync 1 DAGs
[2022-11-02T17:16:14.511-0300] {logging_mixin.py:120} INFO - [2022-11-02T17:16:14.511-0300] {dag.py:3336} INFO - Setting next_dagrun for get_tarkett_descricones_atributos to None, run_after=None
[2022-11-02T17:16:14.561-0300] {processor.py:176} INFO - Processing /home/debian/etlhausz/airflow/dags/ETL_tarkett_imagens.py took 1.504 seconds
