[2022-11-02T17:13:12.622-0300] {processor.py:154} INFO - Started process (PID=61396) to work on /home/debian/etlhausz/airflow/dags/ETL_leroy.py
[2022-11-02T17:13:12.623-0300] {processor.py:756} INFO - Processing file /home/debian/etlhausz/airflow/dags/ETL_leroy.py for tasks to queue
[2022-11-02T17:13:12.623-0300] {logging_mixin.py:120} INFO - [2022-11-02T17:13:12.623-0300] {dagbag.py:537} INFO - Filling up the DagBag from /home/debian/etlhausz/airflow/dags/ETL_leroy.py
[2022-11-02T17:13:13.823-0300] {processor.py:768} WARNING - No viable dags retrieved from /home/debian/etlhausz/airflow/dags/ETL_leroy.py
[2022-11-02T17:13:13.846-0300] {processor.py:176} INFO - Processing /home/debian/etlhausz/airflow/dags/ETL_leroy.py took 1.227 seconds
[2022-11-02T17:13:44.474-0300] {processor.py:154} INFO - Started process (PID=61865) to work on /home/debian/etlhausz/airflow/dags/ETL_leroy.py
[2022-11-02T17:13:44.475-0300] {processor.py:756} INFO - Processing file /home/debian/etlhausz/airflow/dags/ETL_leroy.py for tasks to queue
[2022-11-02T17:13:44.476-0300] {logging_mixin.py:120} INFO - [2022-11-02T17:13:44.476-0300] {dagbag.py:537} INFO - Filling up the DagBag from /home/debian/etlhausz/airflow/dags/ETL_leroy.py
[2022-11-02T17:13:45.561-0300] {processor.py:768} WARNING - No viable dags retrieved from /home/debian/etlhausz/airflow/dags/ETL_leroy.py
[2022-11-02T17:13:45.583-0300] {processor.py:176} INFO - Processing /home/debian/etlhausz/airflow/dags/ETL_leroy.py took 1.112 seconds
[2022-11-02T17:14:16.074-0300] {processor.py:154} INFO - Started process (PID=62343) to work on /home/debian/etlhausz/airflow/dags/ETL_leroy.py
[2022-11-02T17:14:16.075-0300] {processor.py:756} INFO - Processing file /home/debian/etlhausz/airflow/dags/ETL_leroy.py for tasks to queue
[2022-11-02T17:14:16.076-0300] {logging_mixin.py:120} INFO - [2022-11-02T17:14:16.075-0300] {dagbag.py:537} INFO - Filling up the DagBag from /home/debian/etlhausz/airflow/dags/ETL_leroy.py
[2022-11-02T17:14:16.744-0300] {processor.py:768} WARNING - No viable dags retrieved from /home/debian/etlhausz/airflow/dags/ETL_leroy.py
[2022-11-02T17:14:16.781-0300] {processor.py:176} INFO - Processing /home/debian/etlhausz/airflow/dags/ETL_leroy.py took 0.712 seconds
[2022-11-02T17:14:47.419-0300] {processor.py:154} INFO - Started process (PID=62815) to work on /home/debian/etlhausz/airflow/dags/ETL_leroy.py
[2022-11-02T17:14:47.420-0300] {processor.py:756} INFO - Processing file /home/debian/etlhausz/airflow/dags/ETL_leroy.py for tasks to queue
[2022-11-02T17:14:47.421-0300] {logging_mixin.py:120} INFO - [2022-11-02T17:14:47.421-0300] {dagbag.py:537} INFO - Filling up the DagBag from /home/debian/etlhausz/airflow/dags/ETL_leroy.py
[2022-11-02T17:14:48.442-0300] {processor.py:768} WARNING - No viable dags retrieved from /home/debian/etlhausz/airflow/dags/ETL_leroy.py
[2022-11-02T17:14:48.461-0300] {processor.py:176} INFO - Processing /home/debian/etlhausz/airflow/dags/ETL_leroy.py took 1.045 seconds
[2022-11-02T17:15:18.685-0300] {processor.py:154} INFO - Started process (PID=63286) to work on /home/debian/etlhausz/airflow/dags/ETL_leroy.py
[2022-11-02T17:15:18.686-0300] {processor.py:756} INFO - Processing file /home/debian/etlhausz/airflow/dags/ETL_leroy.py for tasks to queue
[2022-11-02T17:15:18.687-0300] {logging_mixin.py:120} INFO - [2022-11-02T17:15:18.686-0300] {dagbag.py:537} INFO - Filling up the DagBag from /home/debian/etlhausz/airflow/dags/ETL_leroy.py
[2022-11-02T17:15:19.715-0300] {logging_mixin.py:120} WARNING - /home/debian/etlhausz/venv/lib/python3.9/site-packages/airflow/models/dag.py:3405 RemovedInAirflow3Warning: Param `schedule_interval` is deprecated and will be removed in a future release. Please use `schedule` instead.
[2022-11-02T17:15:19.721-0300] {processor.py:766} INFO - DAG(s) dict_keys(['get_produtos_leroy']) retrieved from /home/debian/etlhausz/airflow/dags/ETL_leroy.py
[2022-11-02T17:15:19.811-0300] {logging_mixin.py:120} INFO - [2022-11-02T17:15:19.810-0300] {manager.py:507} INFO - Created Permission View: can read on DAG:get_produtos_leroy
[2022-11-02T17:15:19.818-0300] {logging_mixin.py:120} INFO - [2022-11-02T17:15:19.818-0300] {manager.py:507} INFO - Created Permission View: can edit on DAG:get_produtos_leroy
[2022-11-02T17:15:19.824-0300] {logging_mixin.py:120} INFO - [2022-11-02T17:15:19.823-0300] {manager.py:507} INFO - Created Permission View: can delete on DAG:get_produtos_leroy
[2022-11-02T17:15:19.824-0300] {logging_mixin.py:120} INFO - [2022-11-02T17:15:19.824-0300] {dag.py:2585} INFO - Sync 1 DAGs
[2022-11-02T17:15:19.833-0300] {logging_mixin.py:120} INFO - [2022-11-02T17:15:19.833-0300] {dag.py:2606} INFO - Creating ORM DAG for get_produtos_leroy
[2022-11-02T17:15:19.841-0300] {logging_mixin.py:120} INFO - [2022-11-02T17:15:19.841-0300] {dag.py:3336} INFO - Setting next_dagrun for get_produtos_leroy to None, run_after=None
[2022-11-02T17:15:19.872-0300] {processor.py:176} INFO - Processing /home/debian/etlhausz/airflow/dags/ETL_leroy.py took 1.190 seconds
[2022-11-02T17:15:50.898-0300] {processor.py:154} INFO - Started process (PID=63757) to work on /home/debian/etlhausz/airflow/dags/ETL_leroy.py
[2022-11-02T17:15:50.904-0300] {processor.py:756} INFO - Processing file /home/debian/etlhausz/airflow/dags/ETL_leroy.py for tasks to queue
[2022-11-02T17:15:50.905-0300] {logging_mixin.py:120} INFO - [2022-11-02T17:15:50.905-0300] {dagbag.py:537} INFO - Filling up the DagBag from /home/debian/etlhausz/airflow/dags/ETL_leroy.py
[2022-11-02T17:15:51.852-0300] {logging_mixin.py:120} WARNING - /home/debian/etlhausz/venv/lib/python3.9/site-packages/airflow/models/dag.py:3405 RemovedInAirflow3Warning: Param `schedule_interval` is deprecated and will be removed in a future release. Please use `schedule` instead.
[2022-11-02T17:15:51.855-0300] {logging_mixin.py:120} INFO - [2022-11-02T17:15:51.853-0300] {dagbag.py:342} ERROR - Failed to import: /home/debian/etlhausz/airflow/dags/ETL_leroy.py
Traceback (most recent call last):
  File "/home/debian/etlhausz/venv/lib/python3.9/site-packages/airflow/models/dagbag.py", line 338, in parse
    loader.exec_module(new_module)
  File "<frozen importlib._bootstrap_external>", line 790, in exec_module
  File "<frozen importlib._bootstrap>", line 228, in _call_with_frames_removed
  File "/home/debian/etlhausz/airflow/dags/ETL_leroy.py", line 147, in <module>
    leroy = get_produtos_leroy()
  File "/home/debian/etlhausz/venv/lib/python3.9/site-packages/airflow/models/dag.py", line 3454, in factory
    f(**f_kwargs)
  File "/home/debian/etlhausz/airflow/dags/ETL_leroy.py", line 145, in get_produtos_leroy
    paginacao(produtos_leroy())
  File "/home/debian/etlhausz/venv/lib/python3.9/site-packages/airflow/decorators/base.py", line 272, in __call__
    op = self.operator_class(
  File "/home/debian/etlhausz/venv/lib/python3.9/site-packages/airflow/models/baseoperator.py", line 408, in apply_defaults
    result = func(self, **kwargs, default_args=default_args)
  File "/home/debian/etlhausz/venv/lib/python3.9/site-packages/airflow/decorators/python.py", line 53, in __init__
    super().__init__(
  File "/home/debian/etlhausz/venv/lib/python3.9/site-packages/airflow/models/baseoperator.py", line 408, in apply_defaults
    result = func(self, **kwargs, default_args=default_args)
  File "/home/debian/etlhausz/venv/lib/python3.9/site-packages/airflow/decorators/base.py", line 180, in __init__
    inspect.signature(python_callable).bind(*op_args, **op_kwargs)
  File "/usr/lib/python3.9/inspect.py", line 3062, in bind
    return self._bind(args, kwargs)
  File "/usr/lib/python3.9/inspect.py", line 2983, in _bind
    raise TypeError('too many positional arguments') from None
TypeError: too many positional arguments
[2022-11-02T17:15:51.855-0300] {processor.py:768} WARNING - No viable dags retrieved from /home/debian/etlhausz/airflow/dags/ETL_leroy.py
[2022-11-02T17:15:51.887-0300] {processor.py:176} INFO - Processing /home/debian/etlhausz/airflow/dags/ETL_leroy.py took 0.994 seconds
[2022-11-02T17:16:22.019-0300] {processor.py:154} INFO - Started process (PID=64306) to work on /home/debian/etlhausz/airflow/dags/ETL_leroy.py
[2022-11-02T17:16:22.020-0300] {processor.py:756} INFO - Processing file /home/debian/etlhausz/airflow/dags/ETL_leroy.py for tasks to queue
[2022-11-02T17:16:22.021-0300] {logging_mixin.py:120} INFO - [2022-11-02T17:16:22.021-0300] {dagbag.py:537} INFO - Filling up the DagBag from /home/debian/etlhausz/airflow/dags/ETL_leroy.py
[2022-11-02T17:16:22.995-0300] {logging_mixin.py:120} WARNING - /home/debian/etlhausz/venv/lib/python3.9/site-packages/airflow/models/dag.py:3405 RemovedInAirflow3Warning: Param `schedule_interval` is deprecated and will be removed in a future release. Please use `schedule` instead.
[2022-11-02T17:16:22.999-0300] {logging_mixin.py:120} INFO - [2022-11-02T17:16:22.997-0300] {dagbag.py:342} ERROR - Failed to import: /home/debian/etlhausz/airflow/dags/ETL_leroy.py
Traceback (most recent call last):
  File "/home/debian/etlhausz/venv/lib/python3.9/site-packages/airflow/models/dagbag.py", line 338, in parse
    loader.exec_module(new_module)
  File "<frozen importlib._bootstrap_external>", line 790, in exec_module
  File "<frozen importlib._bootstrap>", line 228, in _call_with_frames_removed
  File "/home/debian/etlhausz/airflow/dags/ETL_leroy.py", line 148, in <module>
    leroy = get_produtos_leroy()
  File "/home/debian/etlhausz/venv/lib/python3.9/site-packages/airflow/models/dag.py", line 3454, in factory
    f(**f_kwargs)
  File "/home/debian/etlhausz/airflow/dags/ETL_leroy.py", line 146, in get_produtos_leroy
    paginacao(produtos_leroy())
  File "/home/debian/etlhausz/venv/lib/python3.9/site-packages/airflow/decorators/base.py", line 272, in __call__
    op = self.operator_class(
  File "/home/debian/etlhausz/venv/lib/python3.9/site-packages/airflow/models/baseoperator.py", line 408, in apply_defaults
    result = func(self, **kwargs, default_args=default_args)
  File "/home/debian/etlhausz/venv/lib/python3.9/site-packages/airflow/decorators/python.py", line 53, in __init__
    super().__init__(
  File "/home/debian/etlhausz/venv/lib/python3.9/site-packages/airflow/models/baseoperator.py", line 408, in apply_defaults
    result = func(self, **kwargs, default_args=default_args)
  File "/home/debian/etlhausz/venv/lib/python3.9/site-packages/airflow/decorators/base.py", line 180, in __init__
    inspect.signature(python_callable).bind(*op_args, **op_kwargs)
  File "/usr/lib/python3.9/inspect.py", line 3062, in bind
    return self._bind(args, kwargs)
  File "/usr/lib/python3.9/inspect.py", line 2983, in _bind
    raise TypeError('too many positional arguments') from None
TypeError: too many positional arguments
[2022-11-02T17:16:22.999-0300] {processor.py:768} WARNING - No viable dags retrieved from /home/debian/etlhausz/airflow/dags/ETL_leroy.py
[2022-11-02T17:16:23.048-0300] {processor.py:176} INFO - Processing /home/debian/etlhausz/airflow/dags/ETL_leroy.py took 1.032 seconds
[2022-11-02T17:16:55.353-0300] {processor.py:154} INFO - Started process (PID=64886) to work on /home/debian/etlhausz/airflow/dags/ETL_leroy.py
[2022-11-02T17:16:55.356-0300] {processor.py:756} INFO - Processing file /home/debian/etlhausz/airflow/dags/ETL_leroy.py for tasks to queue
[2022-11-02T17:16:55.357-0300] {logging_mixin.py:120} INFO - [2022-11-02T17:16:55.357-0300] {dagbag.py:537} INFO - Filling up the DagBag from /home/debian/etlhausz/airflow/dags/ETL_leroy.py
[2022-11-02T17:16:56.472-0300] {logging_mixin.py:120} WARNING - /home/debian/etlhausz/venv/lib/python3.9/site-packages/airflow/models/dag.py:3405 RemovedInAirflow3Warning: Param `schedule_interval` is deprecated and will be removed in a future release. Please use `schedule` instead.
[2022-11-02T17:16:56.477-0300] {logging_mixin.py:120} INFO - [2022-11-02T17:16:56.474-0300] {dagbag.py:342} ERROR - Failed to import: /home/debian/etlhausz/airflow/dags/ETL_leroy.py
Traceback (most recent call last):
  File "/home/debian/etlhausz/venv/lib/python3.9/site-packages/airflow/models/dagbag.py", line 338, in parse
    loader.exec_module(new_module)
  File "<frozen importlib._bootstrap_external>", line 790, in exec_module
  File "<frozen importlib._bootstrap>", line 228, in _call_with_frames_removed
  File "/home/debian/etlhausz/airflow/dags/ETL_leroy.py", line 148, in <module>
    leroy = get_produtos_leroy()
  File "/home/debian/etlhausz/venv/lib/python3.9/site-packages/airflow/models/dag.py", line 3454, in factory
    f(**f_kwargs)
  File "/home/debian/etlhausz/airflow/dags/ETL_leroy.py", line 146, in get_produtos_leroy
    paginacao(produtos_leroy())
  File "/home/debian/etlhausz/venv/lib/python3.9/site-packages/airflow/decorators/base.py", line 272, in __call__
    op = self.operator_class(
  File "/home/debian/etlhausz/venv/lib/python3.9/site-packages/airflow/models/baseoperator.py", line 408, in apply_defaults
    result = func(self, **kwargs, default_args=default_args)
  File "/home/debian/etlhausz/venv/lib/python3.9/site-packages/airflow/decorators/python.py", line 53, in __init__
    super().__init__(
  File "/home/debian/etlhausz/venv/lib/python3.9/site-packages/airflow/models/baseoperator.py", line 408, in apply_defaults
    result = func(self, **kwargs, default_args=default_args)
  File "/home/debian/etlhausz/venv/lib/python3.9/site-packages/airflow/decorators/base.py", line 180, in __init__
    inspect.signature(python_callable).bind(*op_args, **op_kwargs)
  File "/usr/lib/python3.9/inspect.py", line 3062, in bind
    return self._bind(args, kwargs)
  File "/usr/lib/python3.9/inspect.py", line 2983, in _bind
    raise TypeError('too many positional arguments') from None
TypeError: too many positional arguments
[2022-11-02T17:16:56.478-0300] {processor.py:768} WARNING - No viable dags retrieved from /home/debian/etlhausz/airflow/dags/ETL_leroy.py
[2022-11-02T17:16:56.507-0300] {processor.py:176} INFO - Processing /home/debian/etlhausz/airflow/dags/ETL_leroy.py took 1.157 seconds
[2022-11-02T17:17:17.458-0300] {processor.py:154} INFO - Started process (PID=65252) to work on /home/debian/etlhausz/airflow/dags/ETL_leroy.py
[2022-11-02T17:17:17.461-0300] {processor.py:756} INFO - Processing file /home/debian/etlhausz/airflow/dags/ETL_leroy.py for tasks to queue
[2022-11-02T17:17:17.462-0300] {logging_mixin.py:120} INFO - [2022-11-02T17:17:17.462-0300] {dagbag.py:537} INFO - Filling up the DagBag from /home/debian/etlhausz/airflow/dags/ETL_leroy.py
[2022-11-02T17:17:19.795-0300] {logging_mixin.py:120} WARNING - /home/debian/etlhausz/venv/lib/python3.9/site-packages/airflow/models/dag.py:3405 RemovedInAirflow3Warning: Param `schedule_interval` is deprecated and will be removed in a future release. Please use `schedule` instead.
[2022-11-02T17:17:19.799-0300] {logging_mixin.py:120} INFO - [2022-11-02T17:17:19.797-0300] {dagbag.py:342} ERROR - Failed to import: /home/debian/etlhausz/airflow/dags/ETL_leroy.py
Traceback (most recent call last):
  File "/home/debian/etlhausz/venv/lib/python3.9/site-packages/airflow/models/dagbag.py", line 338, in parse
    loader.exec_module(new_module)
  File "<frozen importlib._bootstrap_external>", line 790, in exec_module
  File "<frozen importlib._bootstrap>", line 228, in _call_with_frames_removed
  File "/home/debian/etlhausz/airflow/dags/ETL_leroy.py", line 148, in <module>
    leroy = get_produtos_leroy()
  File "/home/debian/etlhausz/venv/lib/python3.9/site-packages/airflow/models/dag.py", line 3454, in factory
    f(**f_kwargs)
  File "/home/debian/etlhausz/airflow/dags/ETL_leroy.py", line 146, in get_produtos_leroy
    paginacao(produtos_leroy())
  File "/home/debian/etlhausz/venv/lib/python3.9/site-packages/airflow/decorators/base.py", line 272, in __call__
    op = self.operator_class(
  File "/home/debian/etlhausz/venv/lib/python3.9/site-packages/airflow/models/baseoperator.py", line 408, in apply_defaults
    result = func(self, **kwargs, default_args=default_args)
  File "/home/debian/etlhausz/venv/lib/python3.9/site-packages/airflow/decorators/python.py", line 53, in __init__
    super().__init__(
  File "/home/debian/etlhausz/venv/lib/python3.9/site-packages/airflow/models/baseoperator.py", line 408, in apply_defaults
    result = func(self, **kwargs, default_args=default_args)
  File "/home/debian/etlhausz/venv/lib/python3.9/site-packages/airflow/decorators/base.py", line 180, in __init__
    inspect.signature(python_callable).bind(*op_args, **op_kwargs)
  File "/usr/lib/python3.9/inspect.py", line 3062, in bind
    return self._bind(args, kwargs)
  File "/usr/lib/python3.9/inspect.py", line 2983, in _bind
    raise TypeError('too many positional arguments') from None
TypeError: too many positional arguments
[2022-11-02T17:17:19.800-0300] {processor.py:768} WARNING - No viable dags retrieved from /home/debian/etlhausz/airflow/dags/ETL_leroy.py
[2022-11-02T17:17:19.943-0300] {processor.py:176} INFO - Processing /home/debian/etlhausz/airflow/dags/ETL_leroy.py took 2.487 seconds
[2022-11-02T17:17:50.237-0300] {processor.py:154} INFO - Started process (PID=65745) to work on /home/debian/etlhausz/airflow/dags/ETL_leroy.py
[2022-11-02T17:17:50.239-0300] {processor.py:756} INFO - Processing file /home/debian/etlhausz/airflow/dags/ETL_leroy.py for tasks to queue
[2022-11-02T17:17:50.239-0300] {logging_mixin.py:120} INFO - [2022-11-02T17:17:50.239-0300] {dagbag.py:537} INFO - Filling up the DagBag from /home/debian/etlhausz/airflow/dags/ETL_leroy.py
[2022-11-02T17:17:51.305-0300] {logging_mixin.py:120} WARNING - /home/debian/etlhausz/venv/lib/python3.9/site-packages/airflow/models/dag.py:3405 RemovedInAirflow3Warning: Param `schedule_interval` is deprecated and will be removed in a future release. Please use `schedule` instead.
[2022-11-02T17:17:51.308-0300] {logging_mixin.py:120} INFO - [2022-11-02T17:17:51.307-0300] {dagbag.py:342} ERROR - Failed to import: /home/debian/etlhausz/airflow/dags/ETL_leroy.py
Traceback (most recent call last):
  File "/home/debian/etlhausz/venv/lib/python3.9/site-packages/airflow/models/dagbag.py", line 338, in parse
    loader.exec_module(new_module)
  File "<frozen importlib._bootstrap_external>", line 790, in exec_module
  File "<frozen importlib._bootstrap>", line 228, in _call_with_frames_removed
  File "/home/debian/etlhausz/airflow/dags/ETL_leroy.py", line 148, in <module>
    leroy = get_produtos_leroy()
  File "/home/debian/etlhausz/venv/lib/python3.9/site-packages/airflow/models/dag.py", line 3454, in factory
    f(**f_kwargs)
  File "/home/debian/etlhausz/airflow/dags/ETL_leroy.py", line 146, in get_produtos_leroy
    paginacao(produtos_leroy())
  File "/home/debian/etlhausz/venv/lib/python3.9/site-packages/airflow/decorators/base.py", line 272, in __call__
    op = self.operator_class(
  File "/home/debian/etlhausz/venv/lib/python3.9/site-packages/airflow/models/baseoperator.py", line 408, in apply_defaults
    result = func(self, **kwargs, default_args=default_args)
  File "/home/debian/etlhausz/venv/lib/python3.9/site-packages/airflow/decorators/python.py", line 53, in __init__
    super().__init__(
  File "/home/debian/etlhausz/venv/lib/python3.9/site-packages/airflow/models/baseoperator.py", line 408, in apply_defaults
    result = func(self, **kwargs, default_args=default_args)
  File "/home/debian/etlhausz/venv/lib/python3.9/site-packages/airflow/decorators/base.py", line 180, in __init__
    inspect.signature(python_callable).bind(*op_args, **op_kwargs)
  File "/usr/lib/python3.9/inspect.py", line 3062, in bind
    return self._bind(args, kwargs)
  File "/usr/lib/python3.9/inspect.py", line 2983, in _bind
    raise TypeError('too many positional arguments') from None
TypeError: too many positional arguments
[2022-11-02T17:17:51.309-0300] {processor.py:768} WARNING - No viable dags retrieved from /home/debian/etlhausz/airflow/dags/ETL_leroy.py
[2022-11-02T17:17:51.338-0300] {processor.py:176} INFO - Processing /home/debian/etlhausz/airflow/dags/ETL_leroy.py took 1.107 seconds
[2022-11-02T17:18:22.179-0300] {processor.py:154} INFO - Started process (PID=66225) to work on /home/debian/etlhausz/airflow/dags/ETL_leroy.py
[2022-11-02T17:18:22.198-0300] {processor.py:756} INFO - Processing file /home/debian/etlhausz/airflow/dags/ETL_leroy.py for tasks to queue
[2022-11-02T17:18:22.199-0300] {logging_mixin.py:120} INFO - [2022-11-02T17:18:22.199-0300] {dagbag.py:537} INFO - Filling up the DagBag from /home/debian/etlhausz/airflow/dags/ETL_leroy.py
[2022-11-02T17:18:23.340-0300] {logging_mixin.py:120} WARNING - /home/debian/etlhausz/venv/lib/python3.9/site-packages/airflow/models/dag.py:3405 RemovedInAirflow3Warning: Param `schedule_interval` is deprecated and will be removed in a future release. Please use `schedule` instead.
[2022-11-02T17:18:23.343-0300] {logging_mixin.py:120} INFO - [2022-11-02T17:18:23.342-0300] {dagbag.py:342} ERROR - Failed to import: /home/debian/etlhausz/airflow/dags/ETL_leroy.py
Traceback (most recent call last):
  File "/home/debian/etlhausz/venv/lib/python3.9/site-packages/airflow/models/dagbag.py", line 338, in parse
    loader.exec_module(new_module)
  File "<frozen importlib._bootstrap_external>", line 790, in exec_module
  File "<frozen importlib._bootstrap>", line 228, in _call_with_frames_removed
  File "/home/debian/etlhausz/airflow/dags/ETL_leroy.py", line 148, in <module>
    leroy = get_produtos_leroy()
  File "/home/debian/etlhausz/venv/lib/python3.9/site-packages/airflow/models/dag.py", line 3454, in factory
    f(**f_kwargs)
  File "/home/debian/etlhausz/airflow/dags/ETL_leroy.py", line 146, in get_produtos_leroy
    paginacao(produtos_leroy())
  File "/home/debian/etlhausz/venv/lib/python3.9/site-packages/airflow/decorators/base.py", line 272, in __call__
    op = self.operator_class(
  File "/home/debian/etlhausz/venv/lib/python3.9/site-packages/airflow/models/baseoperator.py", line 408, in apply_defaults
    result = func(self, **kwargs, default_args=default_args)
  File "/home/debian/etlhausz/venv/lib/python3.9/site-packages/airflow/decorators/python.py", line 53, in __init__
    super().__init__(
  File "/home/debian/etlhausz/venv/lib/python3.9/site-packages/airflow/models/baseoperator.py", line 408, in apply_defaults
    result = func(self, **kwargs, default_args=default_args)
  File "/home/debian/etlhausz/venv/lib/python3.9/site-packages/airflow/decorators/base.py", line 180, in __init__
    inspect.signature(python_callable).bind(*op_args, **op_kwargs)
  File "/usr/lib/python3.9/inspect.py", line 3062, in bind
    return self._bind(args, kwargs)
  File "/usr/lib/python3.9/inspect.py", line 2983, in _bind
    raise TypeError('too many positional arguments') from None
TypeError: too many positional arguments
[2022-11-02T17:18:23.344-0300] {processor.py:768} WARNING - No viable dags retrieved from /home/debian/etlhausz/airflow/dags/ETL_leroy.py
[2022-11-02T17:18:23.368-0300] {processor.py:176} INFO - Processing /home/debian/etlhausz/airflow/dags/ETL_leroy.py took 1.192 seconds
[2022-11-02T17:18:53.643-0300] {processor.py:154} INFO - Started process (PID=66705) to work on /home/debian/etlhausz/airflow/dags/ETL_leroy.py
[2022-11-02T17:18:53.644-0300] {processor.py:756} INFO - Processing file /home/debian/etlhausz/airflow/dags/ETL_leroy.py for tasks to queue
[2022-11-02T17:18:53.645-0300] {logging_mixin.py:120} INFO - [2022-11-02T17:18:53.645-0300] {dagbag.py:537} INFO - Filling up the DagBag from /home/debian/etlhausz/airflow/dags/ETL_leroy.py
[2022-11-02T17:18:54.651-0300] {logging_mixin.py:120} WARNING - /home/debian/etlhausz/venv/lib/python3.9/site-packages/airflow/models/dag.py:3405 RemovedInAirflow3Warning: Param `schedule_interval` is deprecated and will be removed in a future release. Please use `schedule` instead.
[2022-11-02T17:18:54.655-0300] {logging_mixin.py:120} INFO - [2022-11-02T17:18:54.654-0300] {dagbag.py:342} ERROR - Failed to import: /home/debian/etlhausz/airflow/dags/ETL_leroy.py
Traceback (most recent call last):
  File "/home/debian/etlhausz/venv/lib/python3.9/site-packages/airflow/models/dagbag.py", line 338, in parse
    loader.exec_module(new_module)
  File "<frozen importlib._bootstrap_external>", line 790, in exec_module
  File "<frozen importlib._bootstrap>", line 228, in _call_with_frames_removed
  File "/home/debian/etlhausz/airflow/dags/ETL_leroy.py", line 148, in <module>
    leroy = get_produtos_leroy()
  File "/home/debian/etlhausz/venv/lib/python3.9/site-packages/airflow/models/dag.py", line 3454, in factory
    f(**f_kwargs)
  File "/home/debian/etlhausz/airflow/dags/ETL_leroy.py", line 146, in get_produtos_leroy
    paginacao(produtos_leroy())
  File "/home/debian/etlhausz/venv/lib/python3.9/site-packages/airflow/decorators/base.py", line 272, in __call__
    op = self.operator_class(
  File "/home/debian/etlhausz/venv/lib/python3.9/site-packages/airflow/models/baseoperator.py", line 408, in apply_defaults
    result = func(self, **kwargs, default_args=default_args)
  File "/home/debian/etlhausz/venv/lib/python3.9/site-packages/airflow/decorators/python.py", line 53, in __init__
    super().__init__(
  File "/home/debian/etlhausz/venv/lib/python3.9/site-packages/airflow/models/baseoperator.py", line 408, in apply_defaults
    result = func(self, **kwargs, default_args=default_args)
  File "/home/debian/etlhausz/venv/lib/python3.9/site-packages/airflow/decorators/base.py", line 180, in __init__
    inspect.signature(python_callable).bind(*op_args, **op_kwargs)
  File "/usr/lib/python3.9/inspect.py", line 3062, in bind
    return self._bind(args, kwargs)
  File "/usr/lib/python3.9/inspect.py", line 2983, in _bind
    raise TypeError('too many positional arguments') from None
TypeError: too many positional arguments
[2022-11-02T17:18:54.656-0300] {processor.py:768} WARNING - No viable dags retrieved from /home/debian/etlhausz/airflow/dags/ETL_leroy.py
[2022-11-02T17:18:54.683-0300] {processor.py:176} INFO - Processing /home/debian/etlhausz/airflow/dags/ETL_leroy.py took 1.047 seconds
[2022-11-02T17:19:25.449-0300] {processor.py:154} INFO - Started process (PID=67194) to work on /home/debian/etlhausz/airflow/dags/ETL_leroy.py
[2022-11-02T17:19:25.456-0300] {processor.py:756} INFO - Processing file /home/debian/etlhausz/airflow/dags/ETL_leroy.py for tasks to queue
[2022-11-02T17:19:25.457-0300] {logging_mixin.py:120} INFO - [2022-11-02T17:19:25.457-0300] {dagbag.py:537} INFO - Filling up the DagBag from /home/debian/etlhausz/airflow/dags/ETL_leroy.py
[2022-11-02T17:19:26.677-0300] {logging_mixin.py:120} WARNING - /home/debian/etlhausz/venv/lib/python3.9/site-packages/airflow/models/dag.py:3405 RemovedInAirflow3Warning: Param `schedule_interval` is deprecated and will be removed in a future release. Please use `schedule` instead.
[2022-11-02T17:19:26.681-0300] {logging_mixin.py:120} INFO - [2022-11-02T17:19:26.679-0300] {dagbag.py:342} ERROR - Failed to import: /home/debian/etlhausz/airflow/dags/ETL_leroy.py
Traceback (most recent call last):
  File "/home/debian/etlhausz/venv/lib/python3.9/site-packages/airflow/models/dagbag.py", line 338, in parse
    loader.exec_module(new_module)
  File "<frozen importlib._bootstrap_external>", line 790, in exec_module
  File "<frozen importlib._bootstrap>", line 228, in _call_with_frames_removed
  File "/home/debian/etlhausz/airflow/dags/ETL_leroy.py", line 148, in <module>
    leroy = get_produtos_leroy()
  File "/home/debian/etlhausz/venv/lib/python3.9/site-packages/airflow/models/dag.py", line 3454, in factory
    f(**f_kwargs)
  File "/home/debian/etlhausz/airflow/dags/ETL_leroy.py", line 146, in get_produtos_leroy
    paginacao(produtos_leroy())
  File "/home/debian/etlhausz/venv/lib/python3.9/site-packages/airflow/decorators/base.py", line 272, in __call__
    op = self.operator_class(
  File "/home/debian/etlhausz/venv/lib/python3.9/site-packages/airflow/models/baseoperator.py", line 408, in apply_defaults
    result = func(self, **kwargs, default_args=default_args)
  File "/home/debian/etlhausz/venv/lib/python3.9/site-packages/airflow/decorators/python.py", line 53, in __init__
    super().__init__(
  File "/home/debian/etlhausz/venv/lib/python3.9/site-packages/airflow/models/baseoperator.py", line 408, in apply_defaults
    result = func(self, **kwargs, default_args=default_args)
  File "/home/debian/etlhausz/venv/lib/python3.9/site-packages/airflow/decorators/base.py", line 180, in __init__
    inspect.signature(python_callable).bind(*op_args, **op_kwargs)
  File "/usr/lib/python3.9/inspect.py", line 3062, in bind
    return self._bind(args, kwargs)
  File "/usr/lib/python3.9/inspect.py", line 2983, in _bind
    raise TypeError('too many positional arguments') from None
TypeError: too many positional arguments
[2022-11-02T17:19:26.681-0300] {processor.py:768} WARNING - No viable dags retrieved from /home/debian/etlhausz/airflow/dags/ETL_leroy.py
[2022-11-02T17:19:26.707-0300] {processor.py:176} INFO - Processing /home/debian/etlhausz/airflow/dags/ETL_leroy.py took 1.261 seconds
[2022-11-02T17:19:56.794-0300] {processor.py:154} INFO - Started process (PID=67662) to work on /home/debian/etlhausz/airflow/dags/ETL_leroy.py
[2022-11-02T17:19:56.796-0300] {processor.py:756} INFO - Processing file /home/debian/etlhausz/airflow/dags/ETL_leroy.py for tasks to queue
[2022-11-02T17:19:56.796-0300] {logging_mixin.py:120} INFO - [2022-11-02T17:19:56.796-0300] {dagbag.py:537} INFO - Filling up the DagBag from /home/debian/etlhausz/airflow/dags/ETL_leroy.py
[2022-11-02T17:19:58.057-0300] {logging_mixin.py:120} WARNING - /home/debian/etlhausz/venv/lib/python3.9/site-packages/airflow/models/dag.py:3405 RemovedInAirflow3Warning: Param `schedule_interval` is deprecated and will be removed in a future release. Please use `schedule` instead.
[2022-11-02T17:19:58.060-0300] {logging_mixin.py:120} INFO - [2022-11-02T17:19:58.058-0300] {dagbag.py:342} ERROR - Failed to import: /home/debian/etlhausz/airflow/dags/ETL_leroy.py
Traceback (most recent call last):
  File "/home/debian/etlhausz/venv/lib/python3.9/site-packages/airflow/models/dagbag.py", line 338, in parse
    loader.exec_module(new_module)
  File "<frozen importlib._bootstrap_external>", line 790, in exec_module
  File "<frozen importlib._bootstrap>", line 228, in _call_with_frames_removed
  File "/home/debian/etlhausz/airflow/dags/ETL_leroy.py", line 148, in <module>
    leroy = get_produtos_leroy()
  File "/home/debian/etlhausz/venv/lib/python3.9/site-packages/airflow/models/dag.py", line 3454, in factory
    f(**f_kwargs)
  File "/home/debian/etlhausz/airflow/dags/ETL_leroy.py", line 146, in get_produtos_leroy
    paginacao(produtos_leroy())
  File "/home/debian/etlhausz/venv/lib/python3.9/site-packages/airflow/decorators/base.py", line 272, in __call__
    op = self.operator_class(
  File "/home/debian/etlhausz/venv/lib/python3.9/site-packages/airflow/models/baseoperator.py", line 408, in apply_defaults
    result = func(self, **kwargs, default_args=default_args)
  File "/home/debian/etlhausz/venv/lib/python3.9/site-packages/airflow/decorators/python.py", line 53, in __init__
    super().__init__(
  File "/home/debian/etlhausz/venv/lib/python3.9/site-packages/airflow/models/baseoperator.py", line 408, in apply_defaults
    result = func(self, **kwargs, default_args=default_args)
  File "/home/debian/etlhausz/venv/lib/python3.9/site-packages/airflow/decorators/base.py", line 180, in __init__
    inspect.signature(python_callable).bind(*op_args, **op_kwargs)
  File "/usr/lib/python3.9/inspect.py", line 3062, in bind
    return self._bind(args, kwargs)
  File "/usr/lib/python3.9/inspect.py", line 2983, in _bind
    raise TypeError('too many positional arguments') from None
TypeError: too many positional arguments
[2022-11-02T17:19:58.061-0300] {processor.py:768} WARNING - No viable dags retrieved from /home/debian/etlhausz/airflow/dags/ETL_leroy.py
[2022-11-02T17:19:58.083-0300] {processor.py:176} INFO - Processing /home/debian/etlhausz/airflow/dags/ETL_leroy.py took 1.293 seconds
[2022-11-02T17:20:28.219-0300] {processor.py:154} INFO - Started process (PID=68135) to work on /home/debian/etlhausz/airflow/dags/ETL_leroy.py
[2022-11-02T17:20:28.220-0300] {processor.py:756} INFO - Processing file /home/debian/etlhausz/airflow/dags/ETL_leroy.py for tasks to queue
[2022-11-02T17:20:28.221-0300] {logging_mixin.py:120} INFO - [2022-11-02T17:20:28.221-0300] {dagbag.py:537} INFO - Filling up the DagBag from /home/debian/etlhausz/airflow/dags/ETL_leroy.py
[2022-11-02T17:20:29.686-0300] {logging_mixin.py:120} WARNING - /home/debian/etlhausz/venv/lib/python3.9/site-packages/airflow/models/dag.py:3405 RemovedInAirflow3Warning: Param `schedule_interval` is deprecated and will be removed in a future release. Please use `schedule` instead.
[2022-11-02T17:20:29.691-0300] {processor.py:766} INFO - DAG(s) dict_keys(['get_produtos_leroy']) retrieved from /home/debian/etlhausz/airflow/dags/ETL_leroy.py
[2022-11-02T17:20:29.759-0300] {logging_mixin.py:120} INFO - [2022-11-02T17:20:29.759-0300] {dag.py:2585} INFO - Sync 1 DAGs
[2022-11-02T17:20:29.776-0300] {logging_mixin.py:120} INFO - [2022-11-02T17:20:29.776-0300] {dag.py:3336} INFO - Setting next_dagrun for get_produtos_leroy to None, run_after=None
[2022-11-02T17:20:29.844-0300] {processor.py:176} INFO - Processing /home/debian/etlhausz/airflow/dags/ETL_leroy.py took 1.629 seconds
[2022-11-02T17:21:00.800-0300] {processor.py:154} INFO - Started process (PID=68631) to work on /home/debian/etlhausz/airflow/dags/ETL_leroy.py
[2022-11-02T17:21:00.807-0300] {processor.py:756} INFO - Processing file /home/debian/etlhausz/airflow/dags/ETL_leroy.py for tasks to queue
[2022-11-02T17:21:00.808-0300] {logging_mixin.py:120} INFO - [2022-11-02T17:21:00.808-0300] {dagbag.py:537} INFO - Filling up the DagBag from /home/debian/etlhausz/airflow/dags/ETL_leroy.py
[2022-11-02T17:21:02.579-0300] {logging_mixin.py:120} WARNING - /home/debian/etlhausz/venv/lib/python3.9/site-packages/airflow/models/dag.py:3405 RemovedInAirflow3Warning: Param `schedule_interval` is deprecated and will be removed in a future release. Please use `schedule` instead.
[2022-11-02T17:21:02.626-0300] {processor.py:766} INFO - DAG(s) dict_keys(['get_produtos_leroy']) retrieved from /home/debian/etlhausz/airflow/dags/ETL_leroy.py
[2022-11-02T17:21:02.772-0300] {logging_mixin.py:120} INFO - [2022-11-02T17:21:02.771-0300] {dag.py:2585} INFO - Sync 1 DAGs
[2022-11-02T17:21:02.790-0300] {logging_mixin.py:120} INFO - [2022-11-02T17:21:02.790-0300] {dag.py:3336} INFO - Setting next_dagrun for get_produtos_leroy to None, run_after=None
[2022-11-02T17:21:02.835-0300] {processor.py:176} INFO - Processing /home/debian/etlhausz/airflow/dags/ETL_leroy.py took 2.038 seconds
[2022-11-02T17:21:33.125-0300] {processor.py:154} INFO - Started process (PID=69191) to work on /home/debian/etlhausz/airflow/dags/ETL_leroy.py
[2022-11-02T17:21:33.128-0300] {processor.py:756} INFO - Processing file /home/debian/etlhausz/airflow/dags/ETL_leroy.py for tasks to queue
[2022-11-02T17:21:33.130-0300] {logging_mixin.py:120} INFO - [2022-11-02T17:21:33.130-0300] {dagbag.py:537} INFO - Filling up the DagBag from /home/debian/etlhausz/airflow/dags/ETL_leroy.py
[2022-11-02T17:21:34.689-0300] {logging_mixin.py:120} WARNING - /home/debian/etlhausz/venv/lib/python3.9/site-packages/airflow/models/dag.py:3405 RemovedInAirflow3Warning: Param `schedule_interval` is deprecated and will be removed in a future release. Please use `schedule` instead.
[2022-11-02T17:21:34.697-0300] {processor.py:766} INFO - DAG(s) dict_keys(['get_produtos_leroy']) retrieved from /home/debian/etlhausz/airflow/dags/ETL_leroy.py
[2022-11-02T17:21:34.837-0300] {logging_mixin.py:120} INFO - [2022-11-02T17:21:34.837-0300] {dag.py:2585} INFO - Sync 1 DAGs
[2022-11-02T17:21:34.910-0300] {logging_mixin.py:120} INFO - [2022-11-02T17:21:34.910-0300] {dag.py:3336} INFO - Setting next_dagrun for get_produtos_leroy to None, run_after=None
[2022-11-02T17:21:34.985-0300] {processor.py:176} INFO - Processing /home/debian/etlhausz/airflow/dags/ETL_leroy.py took 1.864 seconds
[2022-11-02T17:22:05.605-0300] {processor.py:154} INFO - Started process (PID=69665) to work on /home/debian/etlhausz/airflow/dags/ETL_leroy.py
[2022-11-02T17:22:05.606-0300] {processor.py:756} INFO - Processing file /home/debian/etlhausz/airflow/dags/ETL_leroy.py for tasks to queue
[2022-11-02T17:22:05.610-0300] {logging_mixin.py:120} INFO - [2022-11-02T17:22:05.610-0300] {dagbag.py:537} INFO - Filling up the DagBag from /home/debian/etlhausz/airflow/dags/ETL_leroy.py
[2022-11-02T17:22:06.873-0300] {logging_mixin.py:120} WARNING - /home/debian/etlhausz/venv/lib/python3.9/site-packages/airflow/models/dag.py:3405 RemovedInAirflow3Warning: Param `schedule_interval` is deprecated and will be removed in a future release. Please use `schedule` instead.
[2022-11-02T17:22:06.883-0300] {processor.py:766} INFO - DAG(s) dict_keys(['get_produtos_leroy']) retrieved from /home/debian/etlhausz/airflow/dags/ETL_leroy.py
[2022-11-02T17:22:06.928-0300] {logging_mixin.py:120} INFO - [2022-11-02T17:22:06.927-0300] {dag.py:2585} INFO - Sync 1 DAGs
[2022-11-02T17:22:06.974-0300] {logging_mixin.py:120} INFO - [2022-11-02T17:22:06.974-0300] {dag.py:3336} INFO - Setting next_dagrun for get_produtos_leroy to None, run_after=None
[2022-11-02T17:22:07.010-0300] {processor.py:176} INFO - Processing /home/debian/etlhausz/airflow/dags/ETL_leroy.py took 1.408 seconds
[2022-11-02T17:22:37.245-0300] {processor.py:154} INFO - Started process (PID=70148) to work on /home/debian/etlhausz/airflow/dags/ETL_leroy.py
[2022-11-02T17:22:37.246-0300] {processor.py:756} INFO - Processing file /home/debian/etlhausz/airflow/dags/ETL_leroy.py for tasks to queue
[2022-11-02T17:22:37.247-0300] {logging_mixin.py:120} INFO - [2022-11-02T17:22:37.247-0300] {dagbag.py:537} INFO - Filling up the DagBag from /home/debian/etlhausz/airflow/dags/ETL_leroy.py
[2022-11-02T17:22:37.715-0300] {logging_mixin.py:120} WARNING - /home/debian/etlhausz/venv/lib/python3.9/site-packages/airflow/models/dag.py:3405 RemovedInAirflow3Warning: Param `schedule_interval` is deprecated and will be removed in a future release. Please use `schedule` instead.
[2022-11-02T17:22:37.720-0300] {processor.py:766} INFO - DAG(s) dict_keys(['get_produtos_leroy']) retrieved from /home/debian/etlhausz/airflow/dags/ETL_leroy.py
[2022-11-02T17:22:37.755-0300] {logging_mixin.py:120} INFO - [2022-11-02T17:22:37.755-0300] {dag.py:2585} INFO - Sync 1 DAGs
[2022-11-02T17:22:37.771-0300] {logging_mixin.py:120} INFO - [2022-11-02T17:22:37.771-0300] {dag.py:3336} INFO - Setting next_dagrun for get_produtos_leroy to None, run_after=None
[2022-11-02T17:22:37.790-0300] {processor.py:176} INFO - Processing /home/debian/etlhausz/airflow/dags/ETL_leroy.py took 0.548 seconds
[2022-11-02T17:23:08.501-0300] {processor.py:154} INFO - Started process (PID=70694) to work on /home/debian/etlhausz/airflow/dags/ETL_leroy.py
[2022-11-02T17:23:08.502-0300] {processor.py:756} INFO - Processing file /home/debian/etlhausz/airflow/dags/ETL_leroy.py for tasks to queue
[2022-11-02T17:23:08.503-0300] {logging_mixin.py:120} INFO - [2022-11-02T17:23:08.503-0300] {dagbag.py:537} INFO - Filling up the DagBag from /home/debian/etlhausz/airflow/dags/ETL_leroy.py
[2022-11-02T17:23:09.523-0300] {logging_mixin.py:120} WARNING - /home/debian/etlhausz/venv/lib/python3.9/site-packages/airflow/models/dag.py:3405 RemovedInAirflow3Warning: Param `schedule_interval` is deprecated and will be removed in a future release. Please use `schedule` instead.
[2022-11-02T17:23:09.529-0300] {processor.py:766} INFO - DAG(s) dict_keys(['get_produtos_leroy']) retrieved from /home/debian/etlhausz/airflow/dags/ETL_leroy.py
[2022-11-02T17:23:09.582-0300] {logging_mixin.py:120} INFO - [2022-11-02T17:23:09.582-0300] {dag.py:2585} INFO - Sync 1 DAGs
[2022-11-02T17:23:09.600-0300] {logging_mixin.py:120} INFO - [2022-11-02T17:23:09.600-0300] {dag.py:3336} INFO - Setting next_dagrun for get_produtos_leroy to None, run_after=None
[2022-11-02T17:23:09.616-0300] {processor.py:176} INFO - Processing /home/debian/etlhausz/airflow/dags/ETL_leroy.py took 1.118 seconds
[2022-11-02T17:23:39.818-0300] {processor.py:154} INFO - Started process (PID=71268) to work on /home/debian/etlhausz/airflow/dags/ETL_leroy.py
[2022-11-02T17:23:39.819-0300] {processor.py:756} INFO - Processing file /home/debian/etlhausz/airflow/dags/ETL_leroy.py for tasks to queue
[2022-11-02T17:23:39.820-0300] {logging_mixin.py:120} INFO - [2022-11-02T17:23:39.820-0300] {dagbag.py:537} INFO - Filling up the DagBag from /home/debian/etlhausz/airflow/dags/ETL_leroy.py
[2022-11-02T17:23:40.879-0300] {logging_mixin.py:120} WARNING - /home/debian/etlhausz/venv/lib/python3.9/site-packages/airflow/models/dag.py:3405 RemovedInAirflow3Warning: Param `schedule_interval` is deprecated and will be removed in a future release. Please use `schedule` instead.
[2022-11-02T17:23:40.884-0300] {processor.py:766} INFO - DAG(s) dict_keys(['get_produtos_leroy']) retrieved from /home/debian/etlhausz/airflow/dags/ETL_leroy.py
[2022-11-02T17:23:40.962-0300] {logging_mixin.py:120} INFO - [2022-11-02T17:23:40.962-0300] {dag.py:2585} INFO - Sync 1 DAGs
[2022-11-02T17:23:41.030-0300] {logging_mixin.py:120} INFO - [2022-11-02T17:23:41.030-0300] {dag.py:3336} INFO - Setting next_dagrun for get_produtos_leroy to None, run_after=None
[2022-11-02T17:23:41.062-0300] {processor.py:176} INFO - Processing /home/debian/etlhausz/airflow/dags/ETL_leroy.py took 1.246 seconds
[2022-11-02T17:24:11.384-0300] {processor.py:154} INFO - Started process (PID=71772) to work on /home/debian/etlhausz/airflow/dags/ETL_leroy.py
[2022-11-02T17:24:11.392-0300] {processor.py:756} INFO - Processing file /home/debian/etlhausz/airflow/dags/ETL_leroy.py for tasks to queue
[2022-11-02T17:24:11.392-0300] {logging_mixin.py:120} INFO - [2022-11-02T17:24:11.392-0300] {dagbag.py:537} INFO - Filling up the DagBag from /home/debian/etlhausz/airflow/dags/ETL_leroy.py
[2022-11-02T17:24:12.463-0300] {logging_mixin.py:120} WARNING - /home/debian/etlhausz/venv/lib/python3.9/site-packages/airflow/models/dag.py:3405 RemovedInAirflow3Warning: Param `schedule_interval` is deprecated and will be removed in a future release. Please use `schedule` instead.
[2022-11-02T17:24:12.507-0300] {processor.py:766} INFO - DAG(s) dict_keys(['get_produtos_leroy']) retrieved from /home/debian/etlhausz/airflow/dags/ETL_leroy.py
[2022-11-02T17:24:12.552-0300] {logging_mixin.py:120} INFO - [2022-11-02T17:24:12.551-0300] {dag.py:2585} INFO - Sync 1 DAGs
[2022-11-02T17:24:12.573-0300] {logging_mixin.py:120} INFO - [2022-11-02T17:24:12.573-0300] {dag.py:3336} INFO - Setting next_dagrun for get_produtos_leroy to None, run_after=None
[2022-11-02T17:24:12.598-0300] {processor.py:176} INFO - Processing /home/debian/etlhausz/airflow/dags/ETL_leroy.py took 1.219 seconds
[2022-11-02T17:24:43.253-0300] {processor.py:154} INFO - Started process (PID=72318) to work on /home/debian/etlhausz/airflow/dags/ETL_leroy.py
[2022-11-02T17:24:43.254-0300] {processor.py:756} INFO - Processing file /home/debian/etlhausz/airflow/dags/ETL_leroy.py for tasks to queue
[2022-11-02T17:24:43.254-0300] {logging_mixin.py:120} INFO - [2022-11-02T17:24:43.254-0300] {dagbag.py:537} INFO - Filling up the DagBag from /home/debian/etlhausz/airflow/dags/ETL_leroy.py
[2022-11-02T17:24:44.626-0300] {logging_mixin.py:120} WARNING - /home/debian/etlhausz/venv/lib/python3.9/site-packages/airflow/models/dag.py:3405 RemovedInAirflow3Warning: Param `schedule_interval` is deprecated and will be removed in a future release. Please use `schedule` instead.
[2022-11-02T17:24:44.632-0300] {processor.py:766} INFO - DAG(s) dict_keys(['get_produtos_leroy']) retrieved from /home/debian/etlhausz/airflow/dags/ETL_leroy.py
[2022-11-02T17:24:44.663-0300] {logging_mixin.py:120} INFO - [2022-11-02T17:24:44.663-0300] {dag.py:2585} INFO - Sync 1 DAGs
[2022-11-02T17:24:44.683-0300] {logging_mixin.py:120} INFO - [2022-11-02T17:24:44.683-0300] {dag.py:3336} INFO - Setting next_dagrun for get_produtos_leroy to None, run_after=None
[2022-11-02T17:24:44.701-0300] {processor.py:176} INFO - Processing /home/debian/etlhausz/airflow/dags/ETL_leroy.py took 1.452 seconds
[2022-11-02T17:25:14.868-0300] {processor.py:154} INFO - Started process (PID=72844) to work on /home/debian/etlhausz/airflow/dags/ETL_leroy.py
[2022-11-02T17:25:14.871-0300] {processor.py:756} INFO - Processing file /home/debian/etlhausz/airflow/dags/ETL_leroy.py for tasks to queue
[2022-11-02T17:25:14.872-0300] {logging_mixin.py:120} INFO - [2022-11-02T17:25:14.871-0300] {dagbag.py:537} INFO - Filling up the DagBag from /home/debian/etlhausz/airflow/dags/ETL_leroy.py
[2022-11-02T17:25:16.476-0300] {logging_mixin.py:120} WARNING - /home/debian/etlhausz/venv/lib/python3.9/site-packages/airflow/models/dag.py:3405 RemovedInAirflow3Warning: Param `schedule_interval` is deprecated and will be removed in a future release. Please use `schedule` instead.
[2022-11-02T17:25:16.492-0300] {processor.py:766} INFO - DAG(s) dict_keys(['get_produtos_leroy']) retrieved from /home/debian/etlhausz/airflow/dags/ETL_leroy.py
[2022-11-02T17:25:16.617-0300] {logging_mixin.py:120} INFO - [2022-11-02T17:25:16.617-0300] {dag.py:2585} INFO - Sync 1 DAGs
[2022-11-02T17:25:16.664-0300] {logging_mixin.py:120} INFO - [2022-11-02T17:25:16.664-0300] {dag.py:3336} INFO - Setting next_dagrun for get_produtos_leroy to None, run_after=None
[2022-11-02T17:25:16.707-0300] {processor.py:176} INFO - Processing /home/debian/etlhausz/airflow/dags/ETL_leroy.py took 1.855 seconds
[2022-11-02T17:25:47.545-0300] {processor.py:154} INFO - Started process (PID=73411) to work on /home/debian/etlhausz/airflow/dags/ETL_leroy.py
[2022-11-02T17:25:47.547-0300] {processor.py:756} INFO - Processing file /home/debian/etlhausz/airflow/dags/ETL_leroy.py for tasks to queue
[2022-11-02T17:25:47.547-0300] {logging_mixin.py:120} INFO - [2022-11-02T17:25:47.547-0300] {dagbag.py:537} INFO - Filling up the DagBag from /home/debian/etlhausz/airflow/dags/ETL_leroy.py
[2022-11-02T17:25:48.639-0300] {logging_mixin.py:120} WARNING - /home/debian/etlhausz/venv/lib/python3.9/site-packages/airflow/models/dag.py:3405 RemovedInAirflow3Warning: Param `schedule_interval` is deprecated and will be removed in a future release. Please use `schedule` instead.
[2022-11-02T17:25:48.647-0300] {processor.py:766} INFO - DAG(s) dict_keys(['get_produtos_leroy']) retrieved from /home/debian/etlhausz/airflow/dags/ETL_leroy.py
[2022-11-02T17:25:48.681-0300] {logging_mixin.py:120} INFO - [2022-11-02T17:25:48.681-0300] {dag.py:2585} INFO - Sync 1 DAGs
[2022-11-02T17:25:48.700-0300] {logging_mixin.py:120} INFO - [2022-11-02T17:25:48.700-0300] {dag.py:3336} INFO - Setting next_dagrun for get_produtos_leroy to None, run_after=None
[2022-11-02T17:25:48.717-0300] {processor.py:176} INFO - Processing /home/debian/etlhausz/airflow/dags/ETL_leroy.py took 1.179 seconds
[2022-11-02T17:26:19.080-0300] {processor.py:154} INFO - Started process (PID=73890) to work on /home/debian/etlhausz/airflow/dags/ETL_leroy.py
[2022-11-02T17:26:19.081-0300] {processor.py:756} INFO - Processing file /home/debian/etlhausz/airflow/dags/ETL_leroy.py for tasks to queue
[2022-11-02T17:26:19.081-0300] {logging_mixin.py:120} INFO - [2022-11-02T17:26:19.081-0300] {dagbag.py:537} INFO - Filling up the DagBag from /home/debian/etlhausz/airflow/dags/ETL_leroy.py
[2022-11-02T17:26:20.296-0300] {logging_mixin.py:120} WARNING - /home/debian/etlhausz/venv/lib/python3.9/site-packages/airflow/models/dag.py:3405 RemovedInAirflow3Warning: Param `schedule_interval` is deprecated and will be removed in a future release. Please use `schedule` instead.
[2022-11-02T17:26:20.303-0300] {processor.py:766} INFO - DAG(s) dict_keys(['get_produtos_leroy']) retrieved from /home/debian/etlhausz/airflow/dags/ETL_leroy.py
[2022-11-02T17:26:20.364-0300] {logging_mixin.py:120} INFO - [2022-11-02T17:26:20.364-0300] {dag.py:2585} INFO - Sync 1 DAGs
[2022-11-02T17:26:20.398-0300] {logging_mixin.py:120} INFO - [2022-11-02T17:26:20.398-0300] {dag.py:3336} INFO - Setting next_dagrun for get_produtos_leroy to None, run_after=None
[2022-11-02T17:26:20.427-0300] {processor.py:176} INFO - Processing /home/debian/etlhausz/airflow/dags/ETL_leroy.py took 1.350 seconds
[2022-11-02T17:26:51.973-0300] {processor.py:154} INFO - Started process (PID=74472) to work on /home/debian/etlhausz/airflow/dags/ETL_leroy.py
[2022-11-02T17:26:51.975-0300] {processor.py:756} INFO - Processing file /home/debian/etlhausz/airflow/dags/ETL_leroy.py for tasks to queue
[2022-11-02T17:26:51.975-0300] {logging_mixin.py:120} INFO - [2022-11-02T17:26:51.975-0300] {dagbag.py:537} INFO - Filling up the DagBag from /home/debian/etlhausz/airflow/dags/ETL_leroy.py
[2022-11-02T17:26:53.759-0300] {logging_mixin.py:120} WARNING - /home/debian/etlhausz/venv/lib/python3.9/site-packages/airflow/models/dag.py:3405 RemovedInAirflow3Warning: Param `schedule_interval` is deprecated and will be removed in a future release. Please use `schedule` instead.
[2022-11-02T17:26:53.780-0300] {processor.py:766} INFO - DAG(s) dict_keys(['get_produtos_leroy']) retrieved from /home/debian/etlhausz/airflow/dags/ETL_leroy.py
[2022-11-02T17:26:54.053-0300] {logging_mixin.py:120} INFO - [2022-11-02T17:26:54.053-0300] {dag.py:2585} INFO - Sync 1 DAGs
[2022-11-02T17:26:54.095-0300] {logging_mixin.py:120} INFO - [2022-11-02T17:26:54.095-0300] {dag.py:3336} INFO - Setting next_dagrun for get_produtos_leroy to None, run_after=None
[2022-11-02T17:26:54.126-0300] {processor.py:176} INFO - Processing /home/debian/etlhausz/airflow/dags/ETL_leroy.py took 2.163 seconds
[2022-11-02T17:27:24.208-0300] {processor.py:154} INFO - Started process (PID=74973) to work on /home/debian/etlhausz/airflow/dags/ETL_leroy.py
[2022-11-02T17:27:24.209-0300] {processor.py:756} INFO - Processing file /home/debian/etlhausz/airflow/dags/ETL_leroy.py for tasks to queue
[2022-11-02T17:27:24.210-0300] {logging_mixin.py:120} INFO - [2022-11-02T17:27:24.210-0300] {dagbag.py:537} INFO - Filling up the DagBag from /home/debian/etlhausz/airflow/dags/ETL_leroy.py
[2022-11-02T17:27:25.356-0300] {logging_mixin.py:120} WARNING - /home/debian/etlhausz/venv/lib/python3.9/site-packages/airflow/models/dag.py:3405 RemovedInAirflow3Warning: Param `schedule_interval` is deprecated and will be removed in a future release. Please use `schedule` instead.
[2022-11-02T17:27:25.363-0300] {processor.py:766} INFO - DAG(s) dict_keys(['get_produtos_leroy']) retrieved from /home/debian/etlhausz/airflow/dags/ETL_leroy.py
[2022-11-02T17:27:25.399-0300] {logging_mixin.py:120} INFO - [2022-11-02T17:27:25.399-0300] {dag.py:2585} INFO - Sync 1 DAGs
[2022-11-02T17:27:25.422-0300] {logging_mixin.py:120} INFO - [2022-11-02T17:27:25.422-0300] {dag.py:3336} INFO - Setting next_dagrun for get_produtos_leroy to None, run_after=None
[2022-11-02T17:27:25.450-0300] {processor.py:176} INFO - Processing /home/debian/etlhausz/airflow/dags/ETL_leroy.py took 1.246 seconds
[2022-11-02T18:16:28.641-0300] {processor.py:154} INFO - Started process (PID=75198) to work on /home/debian/etlhausz/airflow/dags/ETL_leroy.py
[2022-11-02T18:16:28.642-0300] {processor.py:756} INFO - Processing file /home/debian/etlhausz/airflow/dags/ETL_leroy.py for tasks to queue
[2022-11-02T18:16:28.642-0300] {logging_mixin.py:120} INFO - [2022-11-02T18:16:28.642-0300] {dagbag.py:537} INFO - Filling up the DagBag from /home/debian/etlhausz/airflow/dags/ETL_leroy.py
[2022-11-02T18:16:31.184-0300] {logging_mixin.py:120} WARNING - /home/debian/etlhausz/venv/lib/python3.9/site-packages/airflow/models/dag.py:3405 RemovedInAirflow3Warning: Param `schedule_interval` is deprecated and will be removed in a future release. Please use `schedule` instead.
[2022-11-02T18:16:31.194-0300] {processor.py:766} INFO - DAG(s) dict_keys(['get_produtos_leroy']) retrieved from /home/debian/etlhausz/airflow/dags/ETL_leroy.py
[2022-11-02T18:16:31.312-0300] {logging_mixin.py:120} INFO - [2022-11-02T18:16:31.312-0300] {dag.py:2585} INFO - Sync 1 DAGs
[2022-11-02T18:16:31.350-0300] {logging_mixin.py:120} INFO - [2022-11-02T18:16:31.349-0300] {dag.py:3336} INFO - Setting next_dagrun for get_produtos_leroy to None, run_after=None
[2022-11-02T18:16:31.395-0300] {processor.py:176} INFO - Processing /home/debian/etlhausz/airflow/dags/ETL_leroy.py took 2.759 seconds
[2022-11-02T18:17:01.896-0300] {processor.py:154} INFO - Started process (PID=75738) to work on /home/debian/etlhausz/airflow/dags/ETL_leroy.py
[2022-11-02T18:17:01.898-0300] {processor.py:756} INFO - Processing file /home/debian/etlhausz/airflow/dags/ETL_leroy.py for tasks to queue
[2022-11-02T18:17:01.898-0300] {logging_mixin.py:120} INFO - [2022-11-02T18:17:01.898-0300] {dagbag.py:537} INFO - Filling up the DagBag from /home/debian/etlhausz/airflow/dags/ETL_leroy.py
[2022-11-02T18:17:02.930-0300] {logging_mixin.py:120} WARNING - /home/debian/etlhausz/venv/lib/python3.9/site-packages/airflow/models/dag.py:3405 RemovedInAirflow3Warning: Param `schedule_interval` is deprecated and will be removed in a future release. Please use `schedule` instead.
[2022-11-02T18:17:02.936-0300] {processor.py:766} INFO - DAG(s) dict_keys(['get_produtos_leroy']) retrieved from /home/debian/etlhausz/airflow/dags/ETL_leroy.py
[2022-11-02T18:17:02.979-0300] {logging_mixin.py:120} INFO - [2022-11-02T18:17:02.979-0300] {dag.py:2585} INFO - Sync 1 DAGs
[2022-11-02T18:17:03.001-0300] {logging_mixin.py:120} INFO - [2022-11-02T18:17:03.001-0300] {dag.py:3336} INFO - Setting next_dagrun for get_produtos_leroy to None, run_after=None
[2022-11-02T18:17:03.023-0300] {processor.py:176} INFO - Processing /home/debian/etlhausz/airflow/dags/ETL_leroy.py took 1.131 seconds
[2022-11-02T18:17:33.605-0300] {processor.py:154} INFO - Started process (PID=76029) to work on /home/debian/etlhausz/airflow/dags/ETL_leroy.py
[2022-11-02T18:17:33.607-0300] {processor.py:756} INFO - Processing file /home/debian/etlhausz/airflow/dags/ETL_leroy.py for tasks to queue
[2022-11-02T18:17:33.608-0300] {logging_mixin.py:120} INFO - [2022-11-02T18:17:33.608-0300] {dagbag.py:537} INFO - Filling up the DagBag from /home/debian/etlhausz/airflow/dags/ETL_leroy.py
[2022-11-02T18:17:34.879-0300] {logging_mixin.py:120} WARNING - /home/debian/etlhausz/venv/lib/python3.9/site-packages/airflow/models/dag.py:3405 RemovedInAirflow3Warning: Param `schedule_interval` is deprecated and will be removed in a future release. Please use `schedule` instead.
[2022-11-02T18:17:34.907-0300] {processor.py:766} INFO - DAG(s) dict_keys(['get_produtos_leroy']) retrieved from /home/debian/etlhausz/airflow/dags/ETL_leroy.py
[2022-11-02T18:17:35.029-0300] {logging_mixin.py:120} INFO - [2022-11-02T18:17:35.029-0300] {dag.py:2585} INFO - Sync 1 DAGs
[2022-11-02T18:17:35.048-0300] {logging_mixin.py:120} INFO - [2022-11-02T18:17:35.048-0300] {dag.py:3336} INFO - Setting next_dagrun for get_produtos_leroy to None, run_after=None
[2022-11-02T18:17:35.069-0300] {processor.py:176} INFO - Processing /home/debian/etlhausz/airflow/dags/ETL_leroy.py took 1.467 seconds
[2022-11-02T18:18:05.118-0300] {processor.py:154} INFO - Started process (PID=76323) to work on /home/debian/etlhausz/airflow/dags/ETL_leroy.py
[2022-11-02T18:18:05.120-0300] {processor.py:756} INFO - Processing file /home/debian/etlhausz/airflow/dags/ETL_leroy.py for tasks to queue
[2022-11-02T18:18:05.121-0300] {logging_mixin.py:120} INFO - [2022-11-02T18:18:05.120-0300] {dagbag.py:537} INFO - Filling up the DagBag from /home/debian/etlhausz/airflow/dags/ETL_leroy.py
[2022-11-02T18:18:06.209-0300] {logging_mixin.py:120} WARNING - /home/debian/etlhausz/venv/lib/python3.9/site-packages/airflow/models/dag.py:3405 RemovedInAirflow3Warning: Param `schedule_interval` is deprecated and will be removed in a future release. Please use `schedule` instead.
[2022-11-02T18:18:06.219-0300] {processor.py:766} INFO - DAG(s) dict_keys(['get_produtos_leroy']) retrieved from /home/debian/etlhausz/airflow/dags/ETL_leroy.py
[2022-11-02T18:18:06.301-0300] {logging_mixin.py:120} INFO - [2022-11-02T18:18:06.300-0300] {dag.py:2585} INFO - Sync 1 DAGs
[2022-11-02T18:18:06.327-0300] {logging_mixin.py:120} INFO - [2022-11-02T18:18:06.327-0300] {dag.py:3336} INFO - Setting next_dagrun for get_produtos_leroy to None, run_after=None
[2022-11-02T18:18:06.358-0300] {processor.py:176} INFO - Processing /home/debian/etlhausz/airflow/dags/ETL_leroy.py took 1.242 seconds
[2022-11-02T18:18:36.490-0300] {processor.py:154} INFO - Started process (PID=76614) to work on /home/debian/etlhausz/airflow/dags/ETL_leroy.py
[2022-11-02T18:18:36.492-0300] {processor.py:756} INFO - Processing file /home/debian/etlhausz/airflow/dags/ETL_leroy.py for tasks to queue
[2022-11-02T18:18:36.493-0300] {logging_mixin.py:120} INFO - [2022-11-02T18:18:36.493-0300] {dagbag.py:537} INFO - Filling up the DagBag from /home/debian/etlhausz/airflow/dags/ETL_leroy.py
[2022-11-02T18:18:37.585-0300] {logging_mixin.py:120} WARNING - /home/debian/etlhausz/venv/lib/python3.9/site-packages/airflow/models/dag.py:3405 RemovedInAirflow3Warning: Param `schedule_interval` is deprecated and will be removed in a future release. Please use `schedule` instead.
[2022-11-02T18:18:37.591-0300] {processor.py:766} INFO - DAG(s) dict_keys(['get_produtos_leroy']) retrieved from /home/debian/etlhausz/airflow/dags/ETL_leroy.py
[2022-11-02T18:18:37.707-0300] {logging_mixin.py:120} INFO - [2022-11-02T18:18:37.707-0300] {dag.py:2585} INFO - Sync 1 DAGs
[2022-11-02T18:18:37.753-0300] {logging_mixin.py:120} INFO - [2022-11-02T18:18:37.753-0300] {dag.py:3336} INFO - Setting next_dagrun for get_produtos_leroy to None, run_after=None
[2022-11-02T18:18:37.794-0300] {processor.py:176} INFO - Processing /home/debian/etlhausz/airflow/dags/ETL_leroy.py took 1.309 seconds
[2022-11-02T18:19:08.379-0300] {processor.py:154} INFO - Started process (PID=76908) to work on /home/debian/etlhausz/airflow/dags/ETL_leroy.py
[2022-11-02T18:19:08.387-0300] {processor.py:756} INFO - Processing file /home/debian/etlhausz/airflow/dags/ETL_leroy.py for tasks to queue
[2022-11-02T18:19:08.392-0300] {logging_mixin.py:120} INFO - [2022-11-02T18:19:08.389-0300] {dagbag.py:537} INFO - Filling up the DagBag from /home/debian/etlhausz/airflow/dags/ETL_leroy.py
[2022-11-02T18:19:09.631-0300] {logging_mixin.py:120} WARNING - /home/debian/etlhausz/venv/lib/python3.9/site-packages/airflow/models/dag.py:3405 RemovedInAirflow3Warning: Param `schedule_interval` is deprecated and will be removed in a future release. Please use `schedule` instead.
[2022-11-02T18:19:09.639-0300] {processor.py:766} INFO - DAG(s) dict_keys(['get_produtos_leroy']) retrieved from /home/debian/etlhausz/airflow/dags/ETL_leroy.py
[2022-11-02T18:19:09.680-0300] {logging_mixin.py:120} INFO - [2022-11-02T18:19:09.680-0300] {dag.py:2585} INFO - Sync 1 DAGs
[2022-11-02T18:19:09.698-0300] {logging_mixin.py:120} INFO - [2022-11-02T18:19:09.698-0300] {dag.py:3336} INFO - Setting next_dagrun for get_produtos_leroy to None, run_after=None
[2022-11-02T18:19:09.713-0300] {processor.py:176} INFO - Processing /home/debian/etlhausz/airflow/dags/ETL_leroy.py took 1.337 seconds
[2022-11-02T18:19:40.630-0300] {processor.py:154} INFO - Started process (PID=77318) to work on /home/debian/etlhausz/airflow/dags/ETL_leroy.py
[2022-11-02T18:19:40.649-0300] {processor.py:756} INFO - Processing file /home/debian/etlhausz/airflow/dags/ETL_leroy.py for tasks to queue
[2022-11-02T18:19:40.650-0300] {logging_mixin.py:120} INFO - [2022-11-02T18:19:40.650-0300] {dagbag.py:537} INFO - Filling up the DagBag from /home/debian/etlhausz/airflow/dags/ETL_leroy.py
[2022-11-02T18:19:47.209-0300] {logging_mixin.py:120} WARNING - /home/debian/etlhausz/venv/lib/python3.9/site-packages/airflow/models/dag.py:3405 RemovedInAirflow3Warning: Param `schedule_interval` is deprecated and will be removed in a future release. Please use `schedule` instead.
[2022-11-02T18:19:47.358-0300] {processor.py:766} INFO - DAG(s) dict_keys(['get_produtos_leroy']) retrieved from /home/debian/etlhausz/airflow/dags/ETL_leroy.py
[2022-11-02T18:19:47.861-0300] {logging_mixin.py:120} INFO - [2022-11-02T18:19:47.861-0300] {dag.py:2585} INFO - Sync 1 DAGs
[2022-11-02T18:19:47.936-0300] {logging_mixin.py:120} INFO - [2022-11-02T18:19:47.936-0300] {dag.py:3336} INFO - Setting next_dagrun for get_produtos_leroy to None, run_after=None
[2022-11-02T18:19:48.121-0300] {processor.py:176} INFO - Processing /home/debian/etlhausz/airflow/dags/ETL_leroy.py took 7.511 seconds
[2022-11-02T18:20:18.417-0300] {processor.py:154} INFO - Started process (PID=77694) to work on /home/debian/etlhausz/airflow/dags/ETL_leroy.py
[2022-11-02T18:20:18.418-0300] {processor.py:756} INFO - Processing file /home/debian/etlhausz/airflow/dags/ETL_leroy.py for tasks to queue
[2022-11-02T18:20:18.419-0300] {logging_mixin.py:120} INFO - [2022-11-02T18:20:18.419-0300] {dagbag.py:537} INFO - Filling up the DagBag from /home/debian/etlhausz/airflow/dags/ETL_leroy.py
[2022-11-02T18:20:26.290-0300] {logging_mixin.py:120} WARNING - /home/debian/etlhausz/venv/lib/python3.9/site-packages/airflow/models/dag.py:3405 RemovedInAirflow3Warning: Param `schedule_interval` is deprecated and will be removed in a future release. Please use `schedule` instead.
[2022-11-02T18:20:26.338-0300] {processor.py:766} INFO - DAG(s) dict_keys(['get_produtos_leroy']) retrieved from /home/debian/etlhausz/airflow/dags/ETL_leroy.py
[2022-11-02T18:20:27.052-0300] {logging_mixin.py:120} INFO - [2022-11-02T18:20:27.052-0300] {dag.py:2585} INFO - Sync 1 DAGs
[2022-11-02T18:20:27.353-0300] {logging_mixin.py:120} INFO - [2022-11-02T18:20:27.353-0300] {dag.py:3336} INFO - Setting next_dagrun for get_produtos_leroy to None, run_after=None
[2022-11-02T18:20:27.507-0300] {processor.py:176} INFO - Processing /home/debian/etlhausz/airflow/dags/ETL_leroy.py took 9.093 seconds
[2022-11-02T18:21:16.749-0300] {processor.py:154} INFO - Started process (PID=78119) to work on /home/debian/etlhausz/airflow/dags/ETL_leroy.py
[2022-11-02T18:21:16.751-0300] {processor.py:756} INFO - Processing file /home/debian/etlhausz/airflow/dags/ETL_leroy.py for tasks to queue
[2022-11-02T18:21:16.752-0300] {logging_mixin.py:120} INFO - [2022-11-02T18:21:16.752-0300] {dagbag.py:537} INFO - Filling up the DagBag from /home/debian/etlhausz/airflow/dags/ETL_leroy.py
[2022-11-02T18:21:22.496-0300] {logging_mixin.py:120} WARNING - /home/debian/etlhausz/venv/lib/python3.9/site-packages/airflow/models/dag.py:3405 RemovedInAirflow3Warning: Param `schedule_interval` is deprecated and will be removed in a future release. Please use `schedule` instead.
[2022-11-02T18:21:22.520-0300] {processor.py:766} INFO - DAG(s) dict_keys(['get_produtos_leroy']) retrieved from /home/debian/etlhausz/airflow/dags/ETL_leroy.py
[2022-11-02T18:21:22.621-0300] {logging_mixin.py:120} INFO - [2022-11-02T18:21:22.620-0300] {dag.py:2585} INFO - Sync 1 DAGs
[2022-11-02T18:21:22.644-0300] {logging_mixin.py:120} INFO - [2022-11-02T18:21:22.644-0300] {dag.py:3336} INFO - Setting next_dagrun for get_produtos_leroy to None, run_after=None
[2022-11-02T18:21:22.673-0300] {processor.py:176} INFO - Processing /home/debian/etlhausz/airflow/dags/ETL_leroy.py took 5.931 seconds
[2022-11-02T18:21:53.392-0300] {processor.py:154} INFO - Started process (PID=78633) to work on /home/debian/etlhausz/airflow/dags/ETL_leroy.py
[2022-11-02T18:21:53.401-0300] {processor.py:756} INFO - Processing file /home/debian/etlhausz/airflow/dags/ETL_leroy.py for tasks to queue
[2022-11-02T18:21:53.402-0300] {logging_mixin.py:120} INFO - [2022-11-02T18:21:53.401-0300] {dagbag.py:537} INFO - Filling up the DagBag from /home/debian/etlhausz/airflow/dags/ETL_leroy.py
[2022-11-02T18:22:04.879-0300] {logging_mixin.py:120} WARNING - /home/debian/etlhausz/venv/lib/python3.9/site-packages/airflow/models/dag.py:3405 RemovedInAirflow3Warning: Param `schedule_interval` is deprecated and will be removed in a future release. Please use `schedule` instead.
[2022-11-02T18:22:04.897-0300] {processor.py:766} INFO - DAG(s) dict_keys(['get_produtos_leroy']) retrieved from /home/debian/etlhausz/airflow/dags/ETL_leroy.py
[2022-11-02T18:22:05.490-0300] {logging_mixin.py:120} INFO - [2022-11-02T18:22:05.490-0300] {dag.py:2585} INFO - Sync 1 DAGs
[2022-11-02T18:22:05.541-0300] {logging_mixin.py:120} INFO - [2022-11-02T18:22:05.541-0300] {dag.py:3336} INFO - Setting next_dagrun for get_produtos_leroy to None, run_after=None
[2022-11-02T18:22:05.587-0300] {processor.py:176} INFO - Processing /home/debian/etlhausz/airflow/dags/ETL_leroy.py took 12.198 seconds
