[2022-11-02T16:23:13.885-0300] {processor.py:154} INFO - Started process (PID=26543) to work on /home/debian/etlhausz/airflow/dags/ETL_google_urls_sellers.py
[2022-11-02T16:23:13.886-0300] {processor.py:756} INFO - Processing file /home/debian/etlhausz/airflow/dags/ETL_google_urls_sellers.py for tasks to queue
[2022-11-02T16:23:13.887-0300] {logging_mixin.py:120} INFO - [2022-11-02T16:23:13.886-0300] {dagbag.py:537} INFO - Filling up the DagBag from /home/debian/etlhausz/airflow/dags/ETL_google_urls_sellers.py
[2022-11-02T16:23:13.889-0300] {logging_mixin.py:120} INFO - [2022-11-02T16:23:13.888-0300] {dagbag.py:342} ERROR - Failed to import: /home/debian/etlhausz/airflow/dags/ETL_google_urls_sellers.py
Traceback (most recent call last):
  File "/home/debian/etlhausz/venv/lib/python3.9/site-packages/airflow/models/dagbag.py", line 338, in parse
    loader.exec_module(new_module)
  File "<frozen importlib._bootstrap_external>", line 786, in exec_module
  File "<frozen importlib._bootstrap_external>", line 923, in get_code
  File "<frozen importlib._bootstrap_external>", line 853, in source_to_code
  File "<frozen importlib._bootstrap>", line 228, in _call_with_frames_removed
  File "/home/debian/etlhausz/airflow/dags/ETL_google_urls_sellers.py", line 39
    )
     ^
SyntaxError: unexpected EOF while parsing
[2022-11-02T16:23:13.889-0300] {processor.py:768} WARNING - No viable dags retrieved from /home/debian/etlhausz/airflow/dags/ETL_google_urls_sellers.py
[2022-11-02T16:23:13.951-0300] {processor.py:176} INFO - Processing /home/debian/etlhausz/airflow/dags/ETL_google_urls_sellers.py took 0.069 seconds
[2022-11-02T16:23:44.176-0300] {processor.py:154} INFO - Started process (PID=26892) to work on /home/debian/etlhausz/airflow/dags/ETL_google_urls_sellers.py
[2022-11-02T16:23:44.177-0300] {processor.py:756} INFO - Processing file /home/debian/etlhausz/airflow/dags/ETL_google_urls_sellers.py for tasks to queue
[2022-11-02T16:23:44.178-0300] {logging_mixin.py:120} INFO - [2022-11-02T16:23:44.177-0300] {dagbag.py:537} INFO - Filling up the DagBag from /home/debian/etlhausz/airflow/dags/ETL_google_urls_sellers.py
[2022-11-02T16:23:44.180-0300] {logging_mixin.py:120} INFO - [2022-11-02T16:23:44.179-0300] {dagbag.py:342} ERROR - Failed to import: /home/debian/etlhausz/airflow/dags/ETL_google_urls_sellers.py
Traceback (most recent call last):
  File "/home/debian/etlhausz/venv/lib/python3.9/site-packages/airflow/models/dagbag.py", line 338, in parse
    loader.exec_module(new_module)
  File "<frozen importlib._bootstrap_external>", line 786, in exec_module
  File "<frozen importlib._bootstrap_external>", line 923, in get_code
  File "<frozen importlib._bootstrap_external>", line 853, in source_to_code
  File "<frozen importlib._bootstrap>", line 228, in _call_with_frames_removed
  File "/home/debian/etlhausz/airflow/dags/ETL_google_urls_sellers.py", line 39
    )
     ^
SyntaxError: unexpected EOF while parsing
[2022-11-02T16:23:44.180-0300] {processor.py:768} WARNING - No viable dags retrieved from /home/debian/etlhausz/airflow/dags/ETL_google_urls_sellers.py
[2022-11-02T16:23:44.209-0300] {processor.py:176} INFO - Processing /home/debian/etlhausz/airflow/dags/ETL_google_urls_sellers.py took 0.036 seconds
[2022-11-02T16:24:14.898-0300] {processor.py:154} INFO - Started process (PID=27188) to work on /home/debian/etlhausz/airflow/dags/ETL_google_urls_sellers.py
[2022-11-02T16:24:14.899-0300] {processor.py:756} INFO - Processing file /home/debian/etlhausz/airflow/dags/ETL_google_urls_sellers.py for tasks to queue
[2022-11-02T16:24:14.900-0300] {logging_mixin.py:120} INFO - [2022-11-02T16:24:14.900-0300] {dagbag.py:537} INFO - Filling up the DagBag from /home/debian/etlhausz/airflow/dags/ETL_google_urls_sellers.py
[2022-11-02T16:24:14.902-0300] {logging_mixin.py:120} INFO - [2022-11-02T16:24:14.902-0300] {dagbag.py:342} ERROR - Failed to import: /home/debian/etlhausz/airflow/dags/ETL_google_urls_sellers.py
Traceback (most recent call last):
  File "/home/debian/etlhausz/venv/lib/python3.9/site-packages/airflow/models/dagbag.py", line 338, in parse
    loader.exec_module(new_module)
  File "<frozen importlib._bootstrap_external>", line 786, in exec_module
  File "<frozen importlib._bootstrap_external>", line 923, in get_code
  File "<frozen importlib._bootstrap_external>", line 853, in source_to_code
  File "<frozen importlib._bootstrap>", line 228, in _call_with_frames_removed
  File "/home/debian/etlhausz/airflow/dags/ETL_google_urls_sellers.py", line 39
    )
     ^
SyntaxError: unexpected EOF while parsing
[2022-11-02T16:24:14.903-0300] {processor.py:768} WARNING - No viable dags retrieved from /home/debian/etlhausz/airflow/dags/ETL_google_urls_sellers.py
[2022-11-02T16:24:14.942-0300] {processor.py:176} INFO - Processing /home/debian/etlhausz/airflow/dags/ETL_google_urls_sellers.py took 0.047 seconds
[2022-11-02T16:24:45.386-0300] {processor.py:154} INFO - Started process (PID=27442) to work on /home/debian/etlhausz/airflow/dags/ETL_google_urls_sellers.py
[2022-11-02T16:24:45.388-0300] {processor.py:756} INFO - Processing file /home/debian/etlhausz/airflow/dags/ETL_google_urls_sellers.py for tasks to queue
[2022-11-02T16:24:45.389-0300] {logging_mixin.py:120} INFO - [2022-11-02T16:24:45.389-0300] {dagbag.py:537} INFO - Filling up the DagBag from /home/debian/etlhausz/airflow/dags/ETL_google_urls_sellers.py
[2022-11-02T16:24:45.391-0300] {logging_mixin.py:120} INFO - [2022-11-02T16:24:45.390-0300] {dagbag.py:342} ERROR - Failed to import: /home/debian/etlhausz/airflow/dags/ETL_google_urls_sellers.py
Traceback (most recent call last):
  File "/home/debian/etlhausz/venv/lib/python3.9/site-packages/airflow/models/dagbag.py", line 338, in parse
    loader.exec_module(new_module)
  File "<frozen importlib._bootstrap_external>", line 786, in exec_module
  File "<frozen importlib._bootstrap_external>", line 923, in get_code
  File "<frozen importlib._bootstrap_external>", line 853, in source_to_code
  File "<frozen importlib._bootstrap>", line 228, in _call_with_frames_removed
  File "/home/debian/etlhausz/airflow/dags/ETL_google_urls_sellers.py", line 39
    )
     ^
SyntaxError: unexpected EOF while parsing
[2022-11-02T16:24:45.391-0300] {processor.py:768} WARNING - No viable dags retrieved from /home/debian/etlhausz/airflow/dags/ETL_google_urls_sellers.py
[2022-11-02T16:24:45.425-0300] {processor.py:176} INFO - Processing /home/debian/etlhausz/airflow/dags/ETL_google_urls_sellers.py took 0.042 seconds
[2022-11-02T16:25:15.996-0300] {processor.py:154} INFO - Started process (PID=27705) to work on /home/debian/etlhausz/airflow/dags/ETL_google_urls_sellers.py
[2022-11-02T16:25:15.997-0300] {processor.py:756} INFO - Processing file /home/debian/etlhausz/airflow/dags/ETL_google_urls_sellers.py for tasks to queue
[2022-11-02T16:25:15.998-0300] {logging_mixin.py:120} INFO - [2022-11-02T16:25:15.998-0300] {dagbag.py:537} INFO - Filling up the DagBag from /home/debian/etlhausz/airflow/dags/ETL_google_urls_sellers.py
[2022-11-02T16:25:16.000-0300] {logging_mixin.py:120} INFO - [2022-11-02T16:25:15.999-0300] {dagbag.py:342} ERROR - Failed to import: /home/debian/etlhausz/airflow/dags/ETL_google_urls_sellers.py
Traceback (most recent call last):
  File "/home/debian/etlhausz/venv/lib/python3.9/site-packages/airflow/models/dagbag.py", line 338, in parse
    loader.exec_module(new_module)
  File "<frozen importlib._bootstrap_external>", line 786, in exec_module
  File "<frozen importlib._bootstrap_external>", line 923, in get_code
  File "<frozen importlib._bootstrap_external>", line 853, in source_to_code
  File "<frozen importlib._bootstrap>", line 228, in _call_with_frames_removed
  File "/home/debian/etlhausz/airflow/dags/ETL_google_urls_sellers.py", line 39
    )
     ^
SyntaxError: unexpected EOF while parsing
[2022-11-02T16:25:16.000-0300] {processor.py:768} WARNING - No viable dags retrieved from /home/debian/etlhausz/airflow/dags/ETL_google_urls_sellers.py
[2022-11-02T16:25:16.036-0300] {processor.py:176} INFO - Processing /home/debian/etlhausz/airflow/dags/ETL_google_urls_sellers.py took 0.044 seconds
[2022-11-02T16:25:46.619-0300] {processor.py:154} INFO - Started process (PID=27965) to work on /home/debian/etlhausz/airflow/dags/ETL_google_urls_sellers.py
[2022-11-02T16:25:46.622-0300] {processor.py:756} INFO - Processing file /home/debian/etlhausz/airflow/dags/ETL_google_urls_sellers.py for tasks to queue
[2022-11-02T16:25:46.623-0300] {logging_mixin.py:120} INFO - [2022-11-02T16:25:46.623-0300] {dagbag.py:537} INFO - Filling up the DagBag from /home/debian/etlhausz/airflow/dags/ETL_google_urls_sellers.py
[2022-11-02T16:25:46.630-0300] {logging_mixin.py:120} INFO - [2022-11-02T16:25:46.628-0300] {dagbag.py:342} ERROR - Failed to import: /home/debian/etlhausz/airflow/dags/ETL_google_urls_sellers.py
Traceback (most recent call last):
  File "/home/debian/etlhausz/venv/lib/python3.9/site-packages/airflow/models/dagbag.py", line 338, in parse
    loader.exec_module(new_module)
  File "<frozen importlib._bootstrap_external>", line 786, in exec_module
  File "<frozen importlib._bootstrap_external>", line 923, in get_code
  File "<frozen importlib._bootstrap_external>", line 853, in source_to_code
  File "<frozen importlib._bootstrap>", line 228, in _call_with_frames_removed
  File "/home/debian/etlhausz/airflow/dags/ETL_google_urls_sellers.py", line 39
    )
     ^
SyntaxError: unexpected EOF while parsing
[2022-11-02T16:25:46.630-0300] {processor.py:768} WARNING - No viable dags retrieved from /home/debian/etlhausz/airflow/dags/ETL_google_urls_sellers.py
[2022-11-02T16:25:46.676-0300] {processor.py:176} INFO - Processing /home/debian/etlhausz/airflow/dags/ETL_google_urls_sellers.py took 0.078 seconds
[2022-11-02T16:26:17.426-0300] {processor.py:154} INFO - Started process (PID=28224) to work on /home/debian/etlhausz/airflow/dags/ETL_google_urls_sellers.py
[2022-11-02T16:26:17.427-0300] {processor.py:756} INFO - Processing file /home/debian/etlhausz/airflow/dags/ETL_google_urls_sellers.py for tasks to queue
[2022-11-02T16:26:17.427-0300] {logging_mixin.py:120} INFO - [2022-11-02T16:26:17.427-0300] {dagbag.py:537} INFO - Filling up the DagBag from /home/debian/etlhausz/airflow/dags/ETL_google_urls_sellers.py
[2022-11-02T16:26:17.436-0300] {logging_mixin.py:120} INFO - [2022-11-02T16:26:17.429-0300] {dagbag.py:342} ERROR - Failed to import: /home/debian/etlhausz/airflow/dags/ETL_google_urls_sellers.py
Traceback (most recent call last):
  File "/home/debian/etlhausz/venv/lib/python3.9/site-packages/airflow/models/dagbag.py", line 338, in parse
    loader.exec_module(new_module)
  File "<frozen importlib._bootstrap_external>", line 786, in exec_module
  File "<frozen importlib._bootstrap_external>", line 923, in get_code
  File "<frozen importlib._bootstrap_external>", line 853, in source_to_code
  File "<frozen importlib._bootstrap>", line 228, in _call_with_frames_removed
  File "/home/debian/etlhausz/airflow/dags/ETL_google_urls_sellers.py", line 39
    )
     ^
SyntaxError: unexpected EOF while parsing
[2022-11-02T16:26:17.437-0300] {processor.py:768} WARNING - No viable dags retrieved from /home/debian/etlhausz/airflow/dags/ETL_google_urls_sellers.py
[2022-11-02T16:26:17.481-0300] {processor.py:176} INFO - Processing /home/debian/etlhausz/airflow/dags/ETL_google_urls_sellers.py took 0.058 seconds
[2022-11-02T16:26:47.912-0300] {processor.py:154} INFO - Started process (PID=28477) to work on /home/debian/etlhausz/airflow/dags/ETL_google_urls_sellers.py
[2022-11-02T16:26:47.925-0300] {processor.py:756} INFO - Processing file /home/debian/etlhausz/airflow/dags/ETL_google_urls_sellers.py for tasks to queue
[2022-11-02T16:26:47.926-0300] {logging_mixin.py:120} INFO - [2022-11-02T16:26:47.926-0300] {dagbag.py:537} INFO - Filling up the DagBag from /home/debian/etlhausz/airflow/dags/ETL_google_urls_sellers.py
[2022-11-02T16:26:50.214-0300] {logging_mixin.py:120} WARNING - /home/debian/etlhausz/venv/lib/python3.9/site-packages/airflow/models/dag.py:3405 RemovedInAirflow3Warning: Param `schedule_interval` is deprecated and will be removed in a future release. Please use `schedule` instead.
[2022-11-02T16:26:50.232-0300] {processor.py:766} INFO - DAG(s) dict_keys(['get_urls_googleshopping']) retrieved from /home/debian/etlhausz/airflow/dags/ETL_google_urls_sellers.py
[2022-11-02T16:26:50.488-0300] {logging_mixin.py:120} INFO - [2022-11-02T16:26:50.488-0300] {manager.py:507} INFO - Created Permission View: can delete on DAG:get_urls_googleshopping
[2022-11-02T16:26:50.501-0300] {logging_mixin.py:120} INFO - [2022-11-02T16:26:50.501-0300] {manager.py:507} INFO - Created Permission View: can read on DAG:get_urls_googleshopping
[2022-11-02T16:26:50.510-0300] {logging_mixin.py:120} INFO - [2022-11-02T16:26:50.510-0300] {manager.py:507} INFO - Created Permission View: can edit on DAG:get_urls_googleshopping
[2022-11-02T16:26:50.510-0300] {logging_mixin.py:120} INFO - [2022-11-02T16:26:50.510-0300] {dag.py:2585} INFO - Sync 1 DAGs
[2022-11-02T16:26:50.525-0300] {logging_mixin.py:120} INFO - [2022-11-02T16:26:50.525-0300] {dag.py:2606} INFO - Creating ORM DAG for get_urls_googleshopping
[2022-11-02T16:26:50.538-0300] {logging_mixin.py:120} INFO - [2022-11-02T16:26:50.538-0300] {dag.py:3336} INFO - Setting next_dagrun for get_urls_googleshopping to None, run_after=None
[2022-11-02T16:26:50.562-0300] {processor.py:176} INFO - Processing /home/debian/etlhausz/airflow/dags/ETL_google_urls_sellers.py took 2.656 seconds
[2022-11-02T16:27:21.394-0300] {processor.py:154} INFO - Started process (PID=28860) to work on /home/debian/etlhausz/airflow/dags/ETL_google_urls_sellers.py
[2022-11-02T16:27:21.395-0300] {processor.py:756} INFO - Processing file /home/debian/etlhausz/airflow/dags/ETL_google_urls_sellers.py for tasks to queue
[2022-11-02T16:27:21.396-0300] {logging_mixin.py:120} INFO - [2022-11-02T16:27:21.395-0300] {dagbag.py:537} INFO - Filling up the DagBag from /home/debian/etlhausz/airflow/dags/ETL_google_urls_sellers.py
[2022-11-02T16:27:23.353-0300] {logging_mixin.py:120} WARNING - /home/debian/etlhausz/venv/lib/python3.9/site-packages/airflow/models/dag.py:3405 RemovedInAirflow3Warning: Param `schedule_interval` is deprecated and will be removed in a future release. Please use `schedule` instead.
[2022-11-02T16:27:23.360-0300] {processor.py:766} INFO - DAG(s) dict_keys(['get_urls_googleshopping']) retrieved from /home/debian/etlhausz/airflow/dags/ETL_google_urls_sellers.py
[2022-11-02T16:27:23.438-0300] {logging_mixin.py:120} INFO - [2022-11-02T16:27:23.438-0300] {dag.py:2585} INFO - Sync 1 DAGs
[2022-11-02T16:27:23.474-0300] {logging_mixin.py:120} INFO - [2022-11-02T16:27:23.474-0300] {dag.py:3336} INFO - Setting next_dagrun for get_urls_googleshopping to None, run_after=None
[2022-11-02T16:27:23.497-0300] {processor.py:176} INFO - Processing /home/debian/etlhausz/airflow/dags/ETL_google_urls_sellers.py took 2.106 seconds
[2022-11-02T16:27:54.363-0300] {processor.py:154} INFO - Started process (PID=29233) to work on /home/debian/etlhausz/airflow/dags/ETL_google_urls_sellers.py
[2022-11-02T16:27:54.365-0300] {processor.py:756} INFO - Processing file /home/debian/etlhausz/airflow/dags/ETL_google_urls_sellers.py for tasks to queue
[2022-11-02T16:27:54.365-0300] {logging_mixin.py:120} INFO - [2022-11-02T16:27:54.365-0300] {dagbag.py:537} INFO - Filling up the DagBag from /home/debian/etlhausz/airflow/dags/ETL_google_urls_sellers.py
[2022-11-02T16:27:57.240-0300] {logging_mixin.py:120} WARNING - /home/debian/etlhausz/venv/lib/python3.9/site-packages/airflow/models/dag.py:3405 RemovedInAirflow3Warning: Param `schedule_interval` is deprecated and will be removed in a future release. Please use `schedule` instead.
[2022-11-02T16:27:57.251-0300] {processor.py:766} INFO - DAG(s) dict_keys(['get_urls_googleshopping']) retrieved from /home/debian/etlhausz/airflow/dags/ETL_google_urls_sellers.py
[2022-11-02T16:27:57.365-0300] {logging_mixin.py:120} INFO - [2022-11-02T16:27:57.365-0300] {dag.py:2585} INFO - Sync 1 DAGs
[2022-11-02T16:27:57.398-0300] {logging_mixin.py:120} INFO - [2022-11-02T16:27:57.398-0300] {dag.py:3336} INFO - Setting next_dagrun for get_urls_googleshopping to None, run_after=None
[2022-11-02T16:27:57.425-0300] {processor.py:176} INFO - Processing /home/debian/etlhausz/airflow/dags/ETL_google_urls_sellers.py took 3.066 seconds
[2022-11-02T16:28:28.221-0300] {processor.py:154} INFO - Started process (PID=29665) to work on /home/debian/etlhausz/airflow/dags/ETL_google_urls_sellers.py
[2022-11-02T16:28:28.228-0300] {processor.py:756} INFO - Processing file /home/debian/etlhausz/airflow/dags/ETL_google_urls_sellers.py for tasks to queue
[2022-11-02T16:28:28.229-0300] {logging_mixin.py:120} INFO - [2022-11-02T16:28:28.229-0300] {dagbag.py:537} INFO - Filling up the DagBag from /home/debian/etlhausz/airflow/dags/ETL_google_urls_sellers.py
[2022-11-02T16:28:31.019-0300] {logging_mixin.py:120} WARNING - /home/debian/etlhausz/venv/lib/python3.9/site-packages/airflow/models/dag.py:3405 RemovedInAirflow3Warning: Param `schedule_interval` is deprecated and will be removed in a future release. Please use `schedule` instead.
[2022-11-02T16:28:31.082-0300] {processor.py:766} INFO - DAG(s) dict_keys(['get_urls_googleshopping']) retrieved from /home/debian/etlhausz/airflow/dags/ETL_google_urls_sellers.py
[2022-11-02T16:28:31.190-0300] {logging_mixin.py:120} INFO - [2022-11-02T16:28:31.190-0300] {dag.py:2585} INFO - Sync 1 DAGs
[2022-11-02T16:28:31.221-0300] {logging_mixin.py:120} INFO - [2022-11-02T16:28:31.221-0300] {dag.py:3336} INFO - Setting next_dagrun for get_urls_googleshopping to None, run_after=None
[2022-11-02T16:28:31.286-0300] {processor.py:176} INFO - Processing /home/debian/etlhausz/airflow/dags/ETL_google_urls_sellers.py took 3.075 seconds
[2022-11-02T16:29:01.853-0300] {processor.py:154} INFO - Started process (PID=30045) to work on /home/debian/etlhausz/airflow/dags/ETL_google_urls_sellers.py
[2022-11-02T16:29:01.854-0300] {processor.py:756} INFO - Processing file /home/debian/etlhausz/airflow/dags/ETL_google_urls_sellers.py for tasks to queue
[2022-11-02T16:29:01.855-0300] {logging_mixin.py:120} INFO - [2022-11-02T16:29:01.855-0300] {dagbag.py:537} INFO - Filling up the DagBag from /home/debian/etlhausz/airflow/dags/ETL_google_urls_sellers.py
[2022-11-02T16:29:03.050-0300] {logging_mixin.py:120} WARNING - /home/debian/etlhausz/venv/lib/python3.9/site-packages/airflow/models/dag.py:3405 RemovedInAirflow3Warning: Param `schedule_interval` is deprecated and will be removed in a future release. Please use `schedule` instead.
[2022-11-02T16:29:03.067-0300] {processor.py:766} INFO - DAG(s) dict_keys(['get_urls_googleshopping']) retrieved from /home/debian/etlhausz/airflow/dags/ETL_google_urls_sellers.py
[2022-11-02T16:29:03.109-0300] {logging_mixin.py:120} INFO - [2022-11-02T16:29:03.108-0300] {dag.py:2585} INFO - Sync 1 DAGs
[2022-11-02T16:29:03.130-0300] {logging_mixin.py:120} INFO - [2022-11-02T16:29:03.130-0300] {dag.py:3336} INFO - Setting next_dagrun for get_urls_googleshopping to None, run_after=None
[2022-11-02T16:29:03.155-0300] {processor.py:176} INFO - Processing /home/debian/etlhausz/airflow/dags/ETL_google_urls_sellers.py took 1.305 seconds
[2022-11-02T16:29:33.911-0300] {processor.py:154} INFO - Started process (PID=30435) to work on /home/debian/etlhausz/airflow/dags/ETL_google_urls_sellers.py
[2022-11-02T16:29:33.912-0300] {processor.py:756} INFO - Processing file /home/debian/etlhausz/airflow/dags/ETL_google_urls_sellers.py for tasks to queue
[2022-11-02T16:29:33.912-0300] {logging_mixin.py:120} INFO - [2022-11-02T16:29:33.912-0300] {dagbag.py:537} INFO - Filling up the DagBag from /home/debian/etlhausz/airflow/dags/ETL_google_urls_sellers.py
[2022-11-02T16:29:35.366-0300] {logging_mixin.py:120} WARNING - /home/debian/etlhausz/venv/lib/python3.9/site-packages/airflow/models/dag.py:3405 RemovedInAirflow3Warning: Param `schedule_interval` is deprecated and will be removed in a future release. Please use `schedule` instead.
[2022-11-02T16:29:35.381-0300] {processor.py:766} INFO - DAG(s) dict_keys(['get_urls_googleshopping']) retrieved from /home/debian/etlhausz/airflow/dags/ETL_google_urls_sellers.py
[2022-11-02T16:29:35.426-0300] {logging_mixin.py:120} INFO - [2022-11-02T16:29:35.426-0300] {dag.py:2585} INFO - Sync 1 DAGs
[2022-11-02T16:29:35.444-0300] {logging_mixin.py:120} INFO - [2022-11-02T16:29:35.444-0300] {dag.py:3336} INFO - Setting next_dagrun for get_urls_googleshopping to None, run_after=None
[2022-11-02T16:29:35.464-0300] {processor.py:176} INFO - Processing /home/debian/etlhausz/airflow/dags/ETL_google_urls_sellers.py took 1.561 seconds
[2022-11-02T16:30:05.549-0300] {processor.py:154} INFO - Started process (PID=30765) to work on /home/debian/etlhausz/airflow/dags/ETL_google_urls_sellers.py
[2022-11-02T16:30:05.551-0300] {processor.py:756} INFO - Processing file /home/debian/etlhausz/airflow/dags/ETL_google_urls_sellers.py for tasks to queue
[2022-11-02T16:30:05.552-0300] {logging_mixin.py:120} INFO - [2022-11-02T16:30:05.552-0300] {dagbag.py:537} INFO - Filling up the DagBag from /home/debian/etlhausz/airflow/dags/ETL_google_urls_sellers.py
[2022-11-02T16:30:06.666-0300] {logging_mixin.py:120} WARNING - /home/debian/etlhausz/venv/lib/python3.9/site-packages/airflow/models/dag.py:3405 RemovedInAirflow3Warning: Param `schedule_interval` is deprecated and will be removed in a future release. Please use `schedule` instead.
[2022-11-02T16:30:06.675-0300] {processor.py:766} INFO - DAG(s) dict_keys(['get_urls_googleshopping']) retrieved from /home/debian/etlhausz/airflow/dags/ETL_google_urls_sellers.py
[2022-11-02T16:30:06.713-0300] {logging_mixin.py:120} INFO - [2022-11-02T16:30:06.713-0300] {dag.py:2585} INFO - Sync 1 DAGs
[2022-11-02T16:30:06.736-0300] {logging_mixin.py:120} INFO - [2022-11-02T16:30:06.736-0300] {dag.py:3336} INFO - Setting next_dagrun for get_urls_googleshopping to None, run_after=None
[2022-11-02T16:30:06.760-0300] {processor.py:176} INFO - Processing /home/debian/etlhausz/airflow/dags/ETL_google_urls_sellers.py took 1.213 seconds
[2022-11-02T16:30:36.942-0300] {processor.py:154} INFO - Started process (PID=31105) to work on /home/debian/etlhausz/airflow/dags/ETL_google_urls_sellers.py
[2022-11-02T16:30:36.968-0300] {processor.py:756} INFO - Processing file /home/debian/etlhausz/airflow/dags/ETL_google_urls_sellers.py for tasks to queue
[2022-11-02T16:30:36.978-0300] {logging_mixin.py:120} INFO - [2022-11-02T16:30:36.978-0300] {dagbag.py:537} INFO - Filling up the DagBag from /home/debian/etlhausz/airflow/dags/ETL_google_urls_sellers.py
[2022-11-02T16:30:38.676-0300] {logging_mixin.py:120} WARNING - /home/debian/etlhausz/venv/lib/python3.9/site-packages/airflow/models/dag.py:3405 RemovedInAirflow3Warning: Param `schedule_interval` is deprecated and will be removed in a future release. Please use `schedule` instead.
[2022-11-02T16:30:38.683-0300] {processor.py:766} INFO - DAG(s) dict_keys(['get_urls_googleshopping']) retrieved from /home/debian/etlhausz/airflow/dags/ETL_google_urls_sellers.py
[2022-11-02T16:30:38.720-0300] {logging_mixin.py:120} INFO - [2022-11-02T16:30:38.719-0300] {dag.py:2585} INFO - Sync 1 DAGs
[2022-11-02T16:30:38.747-0300] {logging_mixin.py:120} INFO - [2022-11-02T16:30:38.747-0300] {dag.py:3336} INFO - Setting next_dagrun for get_urls_googleshopping to None, run_after=None
[2022-11-02T16:30:38.774-0300] {processor.py:176} INFO - Processing /home/debian/etlhausz/airflow/dags/ETL_google_urls_sellers.py took 1.844 seconds
[2022-11-02T16:31:09.549-0300] {processor.py:154} INFO - Started process (PID=31511) to work on /home/debian/etlhausz/airflow/dags/ETL_google_urls_sellers.py
[2022-11-02T16:31:09.550-0300] {processor.py:756} INFO - Processing file /home/debian/etlhausz/airflow/dags/ETL_google_urls_sellers.py for tasks to queue
[2022-11-02T16:31:09.550-0300] {logging_mixin.py:120} INFO - [2022-11-02T16:31:09.550-0300] {dagbag.py:537} INFO - Filling up the DagBag from /home/debian/etlhausz/airflow/dags/ETL_google_urls_sellers.py
[2022-11-02T16:31:10.647-0300] {logging_mixin.py:120} WARNING - /home/debian/etlhausz/venv/lib/python3.9/site-packages/airflow/models/dag.py:3405 RemovedInAirflow3Warning: Param `schedule_interval` is deprecated and will be removed in a future release. Please use `schedule` instead.
[2022-11-02T16:31:10.654-0300] {processor.py:766} INFO - DAG(s) dict_keys(['get_urls_googleshopping']) retrieved from /home/debian/etlhausz/airflow/dags/ETL_google_urls_sellers.py
[2022-11-02T16:31:10.695-0300] {logging_mixin.py:120} INFO - [2022-11-02T16:31:10.695-0300] {dag.py:2585} INFO - Sync 1 DAGs
[2022-11-02T16:31:10.716-0300] {logging_mixin.py:120} INFO - [2022-11-02T16:31:10.716-0300] {dag.py:3336} INFO - Setting next_dagrun for get_urls_googleshopping to None, run_after=None
[2022-11-02T16:31:10.740-0300] {processor.py:176} INFO - Processing /home/debian/etlhausz/airflow/dags/ETL_google_urls_sellers.py took 1.195 seconds
[2022-11-02T16:31:40.783-0300] {processor.py:154} INFO - Started process (PID=31842) to work on /home/debian/etlhausz/airflow/dags/ETL_google_urls_sellers.py
[2022-11-02T16:31:40.786-0300] {processor.py:756} INFO - Processing file /home/debian/etlhausz/airflow/dags/ETL_google_urls_sellers.py for tasks to queue
[2022-11-02T16:31:40.787-0300] {logging_mixin.py:120} INFO - [2022-11-02T16:31:40.787-0300] {dagbag.py:537} INFO - Filling up the DagBag from /home/debian/etlhausz/airflow/dags/ETL_google_urls_sellers.py
[2022-11-02T16:31:41.794-0300] {logging_mixin.py:120} WARNING - /home/debian/etlhausz/venv/lib/python3.9/site-packages/airflow/models/dag.py:3405 RemovedInAirflow3Warning: Param `schedule_interval` is deprecated and will be removed in a future release. Please use `schedule` instead.
[2022-11-02T16:31:41.802-0300] {processor.py:766} INFO - DAG(s) dict_keys(['get_urls_googleshopping']) retrieved from /home/debian/etlhausz/airflow/dags/ETL_google_urls_sellers.py
[2022-11-02T16:31:41.862-0300] {logging_mixin.py:120} INFO - [2022-11-02T16:31:41.861-0300] {dag.py:2585} INFO - Sync 1 DAGs
[2022-11-02T16:31:41.888-0300] {logging_mixin.py:120} INFO - [2022-11-02T16:31:41.888-0300] {dag.py:3336} INFO - Setting next_dagrun for get_urls_googleshopping to None, run_after=None
[2022-11-02T16:31:41.911-0300] {processor.py:176} INFO - Processing /home/debian/etlhausz/airflow/dags/ETL_google_urls_sellers.py took 1.131 seconds
[2022-11-02T16:32:11.952-0300] {processor.py:154} INFO - Started process (PID=32181) to work on /home/debian/etlhausz/airflow/dags/ETL_google_urls_sellers.py
[2022-11-02T16:32:11.953-0300] {processor.py:756} INFO - Processing file /home/debian/etlhausz/airflow/dags/ETL_google_urls_sellers.py for tasks to queue
[2022-11-02T16:32:11.954-0300] {logging_mixin.py:120} INFO - [2022-11-02T16:32:11.954-0300] {dagbag.py:537} INFO - Filling up the DagBag from /home/debian/etlhausz/airflow/dags/ETL_google_urls_sellers.py
[2022-11-02T16:32:13.007-0300] {logging_mixin.py:120} WARNING - /home/debian/etlhausz/venv/lib/python3.9/site-packages/airflow/models/dag.py:3405 RemovedInAirflow3Warning: Param `schedule_interval` is deprecated and will be removed in a future release. Please use `schedule` instead.
[2022-11-02T16:32:13.015-0300] {processor.py:766} INFO - DAG(s) dict_keys(['get_urls_googleshopping']) retrieved from /home/debian/etlhausz/airflow/dags/ETL_google_urls_sellers.py
[2022-11-02T16:32:13.064-0300] {logging_mixin.py:120} INFO - [2022-11-02T16:32:13.064-0300] {dag.py:2585} INFO - Sync 1 DAGs
[2022-11-02T16:32:13.089-0300] {logging_mixin.py:120} INFO - [2022-11-02T16:32:13.089-0300] {dag.py:3336} INFO - Setting next_dagrun for get_urls_googleshopping to None, run_after=None
[2022-11-02T16:32:13.112-0300] {processor.py:176} INFO - Processing /home/debian/etlhausz/airflow/dags/ETL_google_urls_sellers.py took 1.163 seconds
[2022-11-02T16:32:43.410-0300] {processor.py:154} INFO - Started process (PID=32532) to work on /home/debian/etlhausz/airflow/dags/ETL_google_urls_sellers.py
[2022-11-02T16:32:43.412-0300] {processor.py:756} INFO - Processing file /home/debian/etlhausz/airflow/dags/ETL_google_urls_sellers.py for tasks to queue
[2022-11-02T16:32:43.412-0300] {logging_mixin.py:120} INFO - [2022-11-02T16:32:43.412-0300] {dagbag.py:537} INFO - Filling up the DagBag from /home/debian/etlhausz/airflow/dags/ETL_google_urls_sellers.py
[2022-11-02T16:32:44.547-0300] {logging_mixin.py:120} WARNING - /home/debian/etlhausz/venv/lib/python3.9/site-packages/airflow/models/dag.py:3405 RemovedInAirflow3Warning: Param `schedule_interval` is deprecated and will be removed in a future release. Please use `schedule` instead.
[2022-11-02T16:32:44.556-0300] {processor.py:766} INFO - DAG(s) dict_keys(['get_urls_googleshopping']) retrieved from /home/debian/etlhausz/airflow/dags/ETL_google_urls_sellers.py
[2022-11-02T16:32:44.595-0300] {logging_mixin.py:120} INFO - [2022-11-02T16:32:44.595-0300] {dag.py:2585} INFO - Sync 1 DAGs
[2022-11-02T16:32:44.638-0300] {logging_mixin.py:120} INFO - [2022-11-02T16:32:44.637-0300] {dag.py:3336} INFO - Setting next_dagrun for get_urls_googleshopping to None, run_after=None
[2022-11-02T16:32:44.668-0300] {processor.py:176} INFO - Processing /home/debian/etlhausz/airflow/dags/ETL_google_urls_sellers.py took 1.263 seconds
[2022-11-02T16:33:14.780-0300] {processor.py:154} INFO - Started process (PID=32901) to work on /home/debian/etlhausz/airflow/dags/ETL_google_urls_sellers.py
[2022-11-02T16:33:14.782-0300] {processor.py:756} INFO - Processing file /home/debian/etlhausz/airflow/dags/ETL_google_urls_sellers.py for tasks to queue
[2022-11-02T16:33:14.784-0300] {logging_mixin.py:120} INFO - [2022-11-02T16:33:14.783-0300] {dagbag.py:537} INFO - Filling up the DagBag from /home/debian/etlhausz/airflow/dags/ETL_google_urls_sellers.py
[2022-11-02T16:33:16.377-0300] {logging_mixin.py:120} WARNING - /home/debian/etlhausz/venv/lib/python3.9/site-packages/airflow/models/dag.py:3405 RemovedInAirflow3Warning: Param `schedule_interval` is deprecated and will be removed in a future release. Please use `schedule` instead.
[2022-11-02T16:33:16.417-0300] {processor.py:766} INFO - DAG(s) dict_keys(['get_urls_googleshopping']) retrieved from /home/debian/etlhausz/airflow/dags/ETL_google_urls_sellers.py
[2022-11-02T16:33:16.549-0300] {logging_mixin.py:120} INFO - [2022-11-02T16:33:16.547-0300] {dag.py:2585} INFO - Sync 1 DAGs
[2022-11-02T16:33:16.653-0300] {logging_mixin.py:120} INFO - [2022-11-02T16:33:16.652-0300] {dag.py:3336} INFO - Setting next_dagrun for get_urls_googleshopping to None, run_after=None
[2022-11-02T16:33:16.712-0300] {processor.py:176} INFO - Processing /home/debian/etlhausz/airflow/dags/ETL_google_urls_sellers.py took 1.935 seconds
[2022-11-02T16:33:46.937-0300] {processor.py:154} INFO - Started process (PID=33271) to work on /home/debian/etlhausz/airflow/dags/ETL_google_urls_sellers.py
[2022-11-02T16:33:46.939-0300] {processor.py:756} INFO - Processing file /home/debian/etlhausz/airflow/dags/ETL_google_urls_sellers.py for tasks to queue
[2022-11-02T16:33:46.939-0300] {logging_mixin.py:120} INFO - [2022-11-02T16:33:46.939-0300] {dagbag.py:537} INFO - Filling up the DagBag from /home/debian/etlhausz/airflow/dags/ETL_google_urls_sellers.py
[2022-11-02T16:33:48.209-0300] {logging_mixin.py:120} WARNING - /home/debian/etlhausz/venv/lib/python3.9/site-packages/airflow/models/dag.py:3405 RemovedInAirflow3Warning: Param `schedule_interval` is deprecated and will be removed in a future release. Please use `schedule` instead.
[2022-11-02T16:33:48.217-0300] {processor.py:766} INFO - DAG(s) dict_keys(['get_urls_googleshopping']) retrieved from /home/debian/etlhausz/airflow/dags/ETL_google_urls_sellers.py
[2022-11-02T16:33:48.269-0300] {logging_mixin.py:120} INFO - [2022-11-02T16:33:48.269-0300] {dag.py:2585} INFO - Sync 1 DAGs
[2022-11-02T16:33:48.311-0300] {logging_mixin.py:120} INFO - [2022-11-02T16:33:48.311-0300] {dag.py:3336} INFO - Setting next_dagrun for get_urls_googleshopping to None, run_after=None
[2022-11-02T16:33:48.368-0300] {processor.py:176} INFO - Processing /home/debian/etlhausz/airflow/dags/ETL_google_urls_sellers.py took 1.434 seconds
[2022-11-02T16:34:18.924-0300] {processor.py:154} INFO - Started process (PID=33630) to work on /home/debian/etlhausz/airflow/dags/ETL_google_urls_sellers.py
[2022-11-02T16:34:18.925-0300] {processor.py:756} INFO - Processing file /home/debian/etlhausz/airflow/dags/ETL_google_urls_sellers.py for tasks to queue
[2022-11-02T16:34:18.925-0300] {logging_mixin.py:120} INFO - [2022-11-02T16:34:18.925-0300] {dagbag.py:537} INFO - Filling up the DagBag from /home/debian/etlhausz/airflow/dags/ETL_google_urls_sellers.py
[2022-11-02T16:34:20.290-0300] {logging_mixin.py:120} WARNING - /home/debian/etlhausz/venv/lib/python3.9/site-packages/airflow/models/dag.py:3405 RemovedInAirflow3Warning: Param `schedule_interval` is deprecated and will be removed in a future release. Please use `schedule` instead.
[2022-11-02T16:34:20.303-0300] {processor.py:766} INFO - DAG(s) dict_keys(['get_urls_googleshopping']) retrieved from /home/debian/etlhausz/airflow/dags/ETL_google_urls_sellers.py
[2022-11-02T16:34:20.363-0300] {logging_mixin.py:120} INFO - [2022-11-02T16:34:20.362-0300] {dag.py:2585} INFO - Sync 1 DAGs
[2022-11-02T16:34:20.473-0300] {logging_mixin.py:120} INFO - [2022-11-02T16:34:20.473-0300] {dag.py:3336} INFO - Setting next_dagrun for get_urls_googleshopping to None, run_after=None
[2022-11-02T16:34:20.523-0300] {processor.py:176} INFO - Processing /home/debian/etlhausz/airflow/dags/ETL_google_urls_sellers.py took 1.603 seconds
[2022-11-02T16:34:52.455-0300] {processor.py:154} INFO - Started process (PID=34117) to work on /home/debian/etlhausz/airflow/dags/ETL_google_urls_sellers.py
[2022-11-02T16:34:52.456-0300] {processor.py:756} INFO - Processing file /home/debian/etlhausz/airflow/dags/ETL_google_urls_sellers.py for tasks to queue
[2022-11-02T16:34:52.457-0300] {logging_mixin.py:120} INFO - [2022-11-02T16:34:52.457-0300] {dagbag.py:537} INFO - Filling up the DagBag from /home/debian/etlhausz/airflow/dags/ETL_google_urls_sellers.py
[2022-11-02T16:34:56.093-0300] {logging_mixin.py:120} WARNING - /home/debian/etlhausz/venv/lib/python3.9/site-packages/airflow/models/dag.py:3405 RemovedInAirflow3Warning: Param `schedule_interval` is deprecated and will be removed in a future release. Please use `schedule` instead.
[2022-11-02T16:34:56.176-0300] {processor.py:766} INFO - DAG(s) dict_keys(['get_urls_googleshopping']) retrieved from /home/debian/etlhausz/airflow/dags/ETL_google_urls_sellers.py
[2022-11-02T16:34:56.496-0300] {logging_mixin.py:120} INFO - [2022-11-02T16:34:56.495-0300] {dag.py:2585} INFO - Sync 1 DAGs
[2022-11-02T16:34:56.625-0300] {logging_mixin.py:120} INFO - [2022-11-02T16:34:56.625-0300] {dag.py:3336} INFO - Setting next_dagrun for get_urls_googleshopping to None, run_after=None
[2022-11-02T16:34:56.742-0300] {processor.py:176} INFO - Processing /home/debian/etlhausz/airflow/dags/ETL_google_urls_sellers.py took 4.295 seconds
[2022-11-02T16:35:26.872-0300] {processor.py:154} INFO - Started process (PID=34526) to work on /home/debian/etlhausz/airflow/dags/ETL_google_urls_sellers.py
[2022-11-02T16:35:26.873-0300] {processor.py:756} INFO - Processing file /home/debian/etlhausz/airflow/dags/ETL_google_urls_sellers.py for tasks to queue
[2022-11-02T16:35:26.874-0300] {logging_mixin.py:120} INFO - [2022-11-02T16:35:26.873-0300] {dagbag.py:537} INFO - Filling up the DagBag from /home/debian/etlhausz/airflow/dags/ETL_google_urls_sellers.py
[2022-11-02T16:35:28.677-0300] {logging_mixin.py:120} WARNING - /home/debian/etlhausz/venv/lib/python3.9/site-packages/airflow/models/dag.py:3405 RemovedInAirflow3Warning: Param `schedule_interval` is deprecated and will be removed in a future release. Please use `schedule` instead.
[2022-11-02T16:35:28.705-0300] {processor.py:766} INFO - DAG(s) dict_keys(['get_urls_googleshopping']) retrieved from /home/debian/etlhausz/airflow/dags/ETL_google_urls_sellers.py
[2022-11-02T16:35:28.892-0300] {logging_mixin.py:120} INFO - [2022-11-02T16:35:28.892-0300] {dag.py:2585} INFO - Sync 1 DAGs
[2022-11-02T16:35:29.001-0300] {logging_mixin.py:120} INFO - [2022-11-02T16:35:29.001-0300] {dag.py:3336} INFO - Setting next_dagrun for get_urls_googleshopping to None, run_after=None
[2022-11-02T16:35:29.127-0300] {processor.py:176} INFO - Processing /home/debian/etlhausz/airflow/dags/ETL_google_urls_sellers.py took 2.258 seconds
[2022-11-02T16:35:59.339-0300] {processor.py:154} INFO - Started process (PID=34972) to work on /home/debian/etlhausz/airflow/dags/ETL_google_urls_sellers.py
[2022-11-02T16:35:59.347-0300] {processor.py:756} INFO - Processing file /home/debian/etlhausz/airflow/dags/ETL_google_urls_sellers.py for tasks to queue
[2022-11-02T16:35:59.348-0300] {logging_mixin.py:120} INFO - [2022-11-02T16:35:59.348-0300] {dagbag.py:537} INFO - Filling up the DagBag from /home/debian/etlhausz/airflow/dags/ETL_google_urls_sellers.py
[2022-11-02T16:36:00.919-0300] {logging_mixin.py:120} WARNING - /home/debian/etlhausz/venv/lib/python3.9/site-packages/airflow/models/dag.py:3405 RemovedInAirflow3Warning: Param `schedule_interval` is deprecated and will be removed in a future release. Please use `schedule` instead.
[2022-11-02T16:36:00.926-0300] {processor.py:766} INFO - DAG(s) dict_keys(['get_urls_googleshopping']) retrieved from /home/debian/etlhausz/airflow/dags/ETL_google_urls_sellers.py
[2022-11-02T16:36:00.961-0300] {logging_mixin.py:120} INFO - [2022-11-02T16:36:00.961-0300] {dag.py:2585} INFO - Sync 1 DAGs
[2022-11-02T16:36:00.976-0300] {logging_mixin.py:120} INFO - [2022-11-02T16:36:00.976-0300] {dag.py:3336} INFO - Setting next_dagrun for get_urls_googleshopping to None, run_after=None
[2022-11-02T16:36:00.992-0300] {processor.py:176} INFO - Processing /home/debian/etlhausz/airflow/dags/ETL_google_urls_sellers.py took 1.661 seconds
[2022-11-02T16:36:31.148-0300] {processor.py:154} INFO - Started process (PID=35318) to work on /home/debian/etlhausz/airflow/dags/ETL_google_urls_sellers.py
[2022-11-02T16:36:31.149-0300] {processor.py:756} INFO - Processing file /home/debian/etlhausz/airflow/dags/ETL_google_urls_sellers.py for tasks to queue
[2022-11-02T16:36:31.150-0300] {logging_mixin.py:120} INFO - [2022-11-02T16:36:31.149-0300] {dagbag.py:537} INFO - Filling up the DagBag from /home/debian/etlhausz/airflow/dags/ETL_google_urls_sellers.py
[2022-11-02T16:36:32.196-0300] {logging_mixin.py:120} WARNING - /home/debian/etlhausz/venv/lib/python3.9/site-packages/airflow/models/dag.py:3405 RemovedInAirflow3Warning: Param `schedule_interval` is deprecated and will be removed in a future release. Please use `schedule` instead.
[2022-11-02T16:36:32.202-0300] {processor.py:766} INFO - DAG(s) dict_keys(['get_urls_googleshopping']) retrieved from /home/debian/etlhausz/airflow/dags/ETL_google_urls_sellers.py
[2022-11-02T16:36:32.244-0300] {logging_mixin.py:120} INFO - [2022-11-02T16:36:32.244-0300] {dag.py:2585} INFO - Sync 1 DAGs
[2022-11-02T16:36:32.262-0300] {logging_mixin.py:120} INFO - [2022-11-02T16:36:32.262-0300] {dag.py:3336} INFO - Setting next_dagrun for get_urls_googleshopping to None, run_after=None
[2022-11-02T16:36:32.282-0300] {processor.py:176} INFO - Processing /home/debian/etlhausz/airflow/dags/ETL_google_urls_sellers.py took 1.137 seconds
[2022-11-02T16:37:03.110-0300] {processor.py:154} INFO - Started process (PID=35675) to work on /home/debian/etlhausz/airflow/dags/ETL_google_urls_sellers.py
[2022-11-02T16:37:03.112-0300] {processor.py:756} INFO - Processing file /home/debian/etlhausz/airflow/dags/ETL_google_urls_sellers.py for tasks to queue
[2022-11-02T16:37:03.112-0300] {logging_mixin.py:120} INFO - [2022-11-02T16:37:03.112-0300] {dagbag.py:537} INFO - Filling up the DagBag from /home/debian/etlhausz/airflow/dags/ETL_google_urls_sellers.py
[2022-11-02T16:37:04.381-0300] {logging_mixin.py:120} WARNING - /home/debian/etlhausz/venv/lib/python3.9/site-packages/airflow/models/dag.py:3405 RemovedInAirflow3Warning: Param `schedule_interval` is deprecated and will be removed in a future release. Please use `schedule` instead.
[2022-11-02T16:37:04.391-0300] {processor.py:766} INFO - DAG(s) dict_keys(['get_urls_googleshopping']) retrieved from /home/debian/etlhausz/airflow/dags/ETL_google_urls_sellers.py
[2022-11-02T16:37:04.522-0300] {logging_mixin.py:120} INFO - [2022-11-02T16:37:04.522-0300] {dag.py:2585} INFO - Sync 1 DAGs
[2022-11-02T16:37:04.560-0300] {logging_mixin.py:120} INFO - [2022-11-02T16:37:04.560-0300] {dag.py:3336} INFO - Setting next_dagrun for get_urls_googleshopping to None, run_after=None
[2022-11-02T16:37:04.611-0300] {processor.py:176} INFO - Processing /home/debian/etlhausz/airflow/dags/ETL_google_urls_sellers.py took 1.503 seconds
[2022-11-02T16:37:34.786-0300] {processor.py:154} INFO - Started process (PID=36093) to work on /home/debian/etlhausz/airflow/dags/ETL_google_urls_sellers.py
[2022-11-02T16:37:34.788-0300] {processor.py:756} INFO - Processing file /home/debian/etlhausz/airflow/dags/ETL_google_urls_sellers.py for tasks to queue
[2022-11-02T16:37:34.788-0300] {logging_mixin.py:120} INFO - [2022-11-02T16:37:34.788-0300] {dagbag.py:537} INFO - Filling up the DagBag from /home/debian/etlhausz/airflow/dags/ETL_google_urls_sellers.py
[2022-11-02T16:37:35.990-0300] {logging_mixin.py:120} WARNING - /home/debian/etlhausz/venv/lib/python3.9/site-packages/airflow/models/dag.py:3405 RemovedInAirflow3Warning: Param `schedule_interval` is deprecated and will be removed in a future release. Please use `schedule` instead.
[2022-11-02T16:37:36.017-0300] {processor.py:766} INFO - DAG(s) dict_keys(['get_urls_googleshopping']) retrieved from /home/debian/etlhausz/airflow/dags/ETL_google_urls_sellers.py
[2022-11-02T16:37:36.115-0300] {logging_mixin.py:120} INFO - [2022-11-02T16:37:36.115-0300] {dag.py:2585} INFO - Sync 1 DAGs
[2022-11-02T16:37:36.164-0300] {logging_mixin.py:120} INFO - [2022-11-02T16:37:36.163-0300] {dag.py:3336} INFO - Setting next_dagrun for get_urls_googleshopping to None, run_after=None
[2022-11-02T16:37:36.210-0300] {processor.py:176} INFO - Processing /home/debian/etlhausz/airflow/dags/ETL_google_urls_sellers.py took 1.428 seconds
[2022-11-02T16:38:06.774-0300] {processor.py:154} INFO - Started process (PID=36470) to work on /home/debian/etlhausz/airflow/dags/ETL_google_urls_sellers.py
[2022-11-02T16:38:06.775-0300] {processor.py:756} INFO - Processing file /home/debian/etlhausz/airflow/dags/ETL_google_urls_sellers.py for tasks to queue
[2022-11-02T16:38:06.782-0300] {logging_mixin.py:120} INFO - [2022-11-02T16:38:06.781-0300] {dagbag.py:537} INFO - Filling up the DagBag from /home/debian/etlhausz/airflow/dags/ETL_google_urls_sellers.py
[2022-11-02T16:38:09.125-0300] {logging_mixin.py:120} WARNING - /home/debian/etlhausz/venv/lib/python3.9/site-packages/airflow/models/dag.py:3405 RemovedInAirflow3Warning: Param `schedule_interval` is deprecated and will be removed in a future release. Please use `schedule` instead.
[2022-11-02T16:38:09.138-0300] {processor.py:766} INFO - DAG(s) dict_keys(['get_urls_googleshopping']) retrieved from /home/debian/etlhausz/airflow/dags/ETL_google_urls_sellers.py
[2022-11-02T16:38:09.208-0300] {logging_mixin.py:120} INFO - [2022-11-02T16:38:09.208-0300] {dag.py:2585} INFO - Sync 1 DAGs
[2022-11-02T16:38:09.239-0300] {logging_mixin.py:120} INFO - [2022-11-02T16:38:09.239-0300] {dag.py:3336} INFO - Setting next_dagrun for get_urls_googleshopping to None, run_after=None
[2022-11-02T16:38:09.258-0300] {processor.py:176} INFO - Processing /home/debian/etlhausz/airflow/dags/ETL_google_urls_sellers.py took 2.492 seconds
[2022-11-02T16:38:39.435-0300] {processor.py:154} INFO - Started process (PID=36964) to work on /home/debian/etlhausz/airflow/dags/ETL_google_urls_sellers.py
[2022-11-02T16:38:39.436-0300] {processor.py:756} INFO - Processing file /home/debian/etlhausz/airflow/dags/ETL_google_urls_sellers.py for tasks to queue
[2022-11-02T16:38:39.437-0300] {logging_mixin.py:120} INFO - [2022-11-02T16:38:39.437-0300] {dagbag.py:537} INFO - Filling up the DagBag from /home/debian/etlhausz/airflow/dags/ETL_google_urls_sellers.py
[2022-11-02T16:38:40.905-0300] {logging_mixin.py:120} WARNING - /home/debian/etlhausz/venv/lib/python3.9/site-packages/airflow/models/dag.py:3405 RemovedInAirflow3Warning: Param `schedule_interval` is deprecated and will be removed in a future release. Please use `schedule` instead.
[2022-11-02T16:38:40.922-0300] {processor.py:766} INFO - DAG(s) dict_keys(['get_urls_googleshopping']) retrieved from /home/debian/etlhausz/airflow/dags/ETL_google_urls_sellers.py
[2022-11-02T16:38:41.086-0300] {logging_mixin.py:120} INFO - [2022-11-02T16:38:41.085-0300] {dag.py:2585} INFO - Sync 1 DAGs
[2022-11-02T16:38:41.112-0300] {logging_mixin.py:120} INFO - [2022-11-02T16:38:41.112-0300] {dag.py:3336} INFO - Setting next_dagrun for get_urls_googleshopping to None, run_after=None
[2022-11-02T16:38:41.128-0300] {processor.py:176} INFO - Processing /home/debian/etlhausz/airflow/dags/ETL_google_urls_sellers.py took 1.701 seconds
[2022-11-02T16:39:11.763-0300] {processor.py:154} INFO - Started process (PID=37413) to work on /home/debian/etlhausz/airflow/dags/ETL_google_urls_sellers.py
[2022-11-02T16:39:11.765-0300] {processor.py:756} INFO - Processing file /home/debian/etlhausz/airflow/dags/ETL_google_urls_sellers.py for tasks to queue
[2022-11-02T16:39:11.766-0300] {logging_mixin.py:120} INFO - [2022-11-02T16:39:11.766-0300] {dagbag.py:537} INFO - Filling up the DagBag from /home/debian/etlhausz/airflow/dags/ETL_google_urls_sellers.py
[2022-11-02T16:39:12.638-0300] {logging_mixin.py:120} WARNING - /home/debian/etlhausz/venv/lib/python3.9/site-packages/airflow/models/dag.py:3405 RemovedInAirflow3Warning: Param `schedule_interval` is deprecated and will be removed in a future release. Please use `schedule` instead.
[2022-11-02T16:39:12.653-0300] {processor.py:766} INFO - DAG(s) dict_keys(['get_urls_googleshopping']) retrieved from /home/debian/etlhausz/airflow/dags/ETL_google_urls_sellers.py
[2022-11-02T16:39:12.703-0300] {logging_mixin.py:120} INFO - [2022-11-02T16:39:12.703-0300] {dag.py:2585} INFO - Sync 1 DAGs
[2022-11-02T16:39:12.726-0300] {logging_mixin.py:120} INFO - [2022-11-02T16:39:12.725-0300] {dag.py:3336} INFO - Setting next_dagrun for get_urls_googleshopping to None, run_after=None
[2022-11-02T16:39:12.760-0300] {processor.py:176} INFO - Processing /home/debian/etlhausz/airflow/dags/ETL_google_urls_sellers.py took 1.000 seconds
[2022-11-02T16:39:42.931-0300] {processor.py:154} INFO - Started process (PID=37790) to work on /home/debian/etlhausz/airflow/dags/ETL_google_urls_sellers.py
[2022-11-02T16:39:42.934-0300] {processor.py:756} INFO - Processing file /home/debian/etlhausz/airflow/dags/ETL_google_urls_sellers.py for tasks to queue
[2022-11-02T16:39:42.935-0300] {logging_mixin.py:120} INFO - [2022-11-02T16:39:42.935-0300] {dagbag.py:537} INFO - Filling up the DagBag from /home/debian/etlhausz/airflow/dags/ETL_google_urls_sellers.py
[2022-11-02T16:39:44.028-0300] {logging_mixin.py:120} WARNING - /home/debian/etlhausz/venv/lib/python3.9/site-packages/airflow/models/dag.py:3405 RemovedInAirflow3Warning: Param `schedule_interval` is deprecated and will be removed in a future release. Please use `schedule` instead.
[2022-11-02T16:39:44.037-0300] {processor.py:766} INFO - DAG(s) dict_keys(['get_urls_googleshopping']) retrieved from /home/debian/etlhausz/airflow/dags/ETL_google_urls_sellers.py
[2022-11-02T16:39:44.079-0300] {logging_mixin.py:120} INFO - [2022-11-02T16:39:44.079-0300] {dag.py:2585} INFO - Sync 1 DAGs
[2022-11-02T16:39:44.106-0300] {logging_mixin.py:120} INFO - [2022-11-02T16:39:44.106-0300] {dag.py:3336} INFO - Setting next_dagrun for get_urls_googleshopping to None, run_after=None
[2022-11-02T16:39:44.128-0300] {processor.py:176} INFO - Processing /home/debian/etlhausz/airflow/dags/ETL_google_urls_sellers.py took 1.202 seconds
[2022-11-02T16:40:14.707-0300] {processor.py:154} INFO - Started process (PID=38162) to work on /home/debian/etlhausz/airflow/dags/ETL_google_urls_sellers.py
[2022-11-02T16:40:14.708-0300] {processor.py:756} INFO - Processing file /home/debian/etlhausz/airflow/dags/ETL_google_urls_sellers.py for tasks to queue
[2022-11-02T16:40:14.709-0300] {logging_mixin.py:120} INFO - [2022-11-02T16:40:14.708-0300] {dagbag.py:537} INFO - Filling up the DagBag from /home/debian/etlhausz/airflow/dags/ETL_google_urls_sellers.py
[2022-11-02T16:40:16.399-0300] {logging_mixin.py:120} WARNING - /home/debian/etlhausz/venv/lib/python3.9/site-packages/airflow/models/dag.py:3405 RemovedInAirflow3Warning: Param `schedule_interval` is deprecated and will be removed in a future release. Please use `schedule` instead.
[2022-11-02T16:40:16.405-0300] {processor.py:766} INFO - DAG(s) dict_keys(['get_urls_googleshopping']) retrieved from /home/debian/etlhausz/airflow/dags/ETL_google_urls_sellers.py
[2022-11-02T16:40:16.456-0300] {logging_mixin.py:120} INFO - [2022-11-02T16:40:16.456-0300] {dag.py:2585} INFO - Sync 1 DAGs
[2022-11-02T16:40:16.514-0300] {logging_mixin.py:120} INFO - [2022-11-02T16:40:16.514-0300] {dag.py:3336} INFO - Setting next_dagrun for get_urls_googleshopping to None, run_after=None
[2022-11-02T16:40:16.588-0300] {processor.py:176} INFO - Processing /home/debian/etlhausz/airflow/dags/ETL_google_urls_sellers.py took 1.888 seconds
[2022-11-02T16:40:47.268-0300] {processor.py:154} INFO - Started process (PID=38621) to work on /home/debian/etlhausz/airflow/dags/ETL_google_urls_sellers.py
[2022-11-02T16:40:47.270-0300] {processor.py:756} INFO - Processing file /home/debian/etlhausz/airflow/dags/ETL_google_urls_sellers.py for tasks to queue
[2022-11-02T16:40:47.272-0300] {logging_mixin.py:120} INFO - [2022-11-02T16:40:47.272-0300] {dagbag.py:537} INFO - Filling up the DagBag from /home/debian/etlhausz/airflow/dags/ETL_google_urls_sellers.py
[2022-11-02T16:40:50.125-0300] {logging_mixin.py:120} WARNING - /home/debian/etlhausz/venv/lib/python3.9/site-packages/airflow/models/dag.py:3405 RemovedInAirflow3Warning: Param `schedule_interval` is deprecated and will be removed in a future release. Please use `schedule` instead.
[2022-11-02T16:40:50.203-0300] {processor.py:766} INFO - DAG(s) dict_keys(['get_urls_googleshopping']) retrieved from /home/debian/etlhausz/airflow/dags/ETL_google_urls_sellers.py
[2022-11-02T16:40:50.584-0300] {logging_mixin.py:120} INFO - [2022-11-02T16:40:50.584-0300] {dag.py:2585} INFO - Sync 1 DAGs
[2022-11-02T16:40:50.725-0300] {logging_mixin.py:120} INFO - [2022-11-02T16:40:50.725-0300] {dag.py:3336} INFO - Setting next_dagrun for get_urls_googleshopping to None, run_after=None
[2022-11-02T16:40:50.773-0300] {processor.py:176} INFO - Processing /home/debian/etlhausz/airflow/dags/ETL_google_urls_sellers.py took 3.508 seconds
[2022-11-02T16:41:20.863-0300] {processor.py:154} INFO - Started process (PID=39001) to work on /home/debian/etlhausz/airflow/dags/ETL_google_urls_sellers.py
[2022-11-02T16:41:20.865-0300] {processor.py:756} INFO - Processing file /home/debian/etlhausz/airflow/dags/ETL_google_urls_sellers.py for tasks to queue
[2022-11-02T16:41:20.868-0300] {logging_mixin.py:120} INFO - [2022-11-02T16:41:20.868-0300] {dagbag.py:537} INFO - Filling up the DagBag from /home/debian/etlhausz/airflow/dags/ETL_google_urls_sellers.py
[2022-11-02T16:41:22.032-0300] {logging_mixin.py:120} WARNING - /home/debian/etlhausz/venv/lib/python3.9/site-packages/airflow/models/dag.py:3405 RemovedInAirflow3Warning: Param `schedule_interval` is deprecated and will be removed in a future release. Please use `schedule` instead.
[2022-11-02T16:41:22.040-0300] {processor.py:766} INFO - DAG(s) dict_keys(['get_urls_googleshopping']) retrieved from /home/debian/etlhausz/airflow/dags/ETL_google_urls_sellers.py
[2022-11-02T16:41:22.095-0300] {logging_mixin.py:120} INFO - [2022-11-02T16:41:22.095-0300] {dag.py:2585} INFO - Sync 1 DAGs
[2022-11-02T16:41:22.120-0300] {logging_mixin.py:120} INFO - [2022-11-02T16:41:22.120-0300] {dag.py:3336} INFO - Setting next_dagrun for get_urls_googleshopping to None, run_after=None
[2022-11-02T16:41:22.143-0300] {processor.py:176} INFO - Processing /home/debian/etlhausz/airflow/dags/ETL_google_urls_sellers.py took 1.283 seconds
[2022-11-02T16:41:52.575-0300] {processor.py:154} INFO - Started process (PID=39354) to work on /home/debian/etlhausz/airflow/dags/ETL_google_urls_sellers.py
[2022-11-02T16:41:52.577-0300] {processor.py:756} INFO - Processing file /home/debian/etlhausz/airflow/dags/ETL_google_urls_sellers.py for tasks to queue
[2022-11-02T16:41:52.580-0300] {logging_mixin.py:120} INFO - [2022-11-02T16:41:52.579-0300] {dagbag.py:537} INFO - Filling up the DagBag from /home/debian/etlhausz/airflow/dags/ETL_google_urls_sellers.py
[2022-11-02T16:41:54.015-0300] {logging_mixin.py:120} WARNING - /home/debian/etlhausz/venv/lib/python3.9/site-packages/airflow/models/dag.py:3405 RemovedInAirflow3Warning: Param `schedule_interval` is deprecated and will be removed in a future release. Please use `schedule` instead.
[2022-11-02T16:41:54.023-0300] {processor.py:766} INFO - DAG(s) dict_keys(['get_urls_googleshopping']) retrieved from /home/debian/etlhausz/airflow/dags/ETL_google_urls_sellers.py
[2022-11-02T16:41:54.073-0300] {logging_mixin.py:120} INFO - [2022-11-02T16:41:54.073-0300] {dag.py:2585} INFO - Sync 1 DAGs
[2022-11-02T16:41:54.105-0300] {logging_mixin.py:120} INFO - [2022-11-02T16:41:54.105-0300] {dag.py:3336} INFO - Setting next_dagrun for get_urls_googleshopping to None, run_after=None
[2022-11-02T16:41:54.137-0300] {processor.py:176} INFO - Processing /home/debian/etlhausz/airflow/dags/ETL_google_urls_sellers.py took 1.564 seconds
