[2022-11-06T18:23:03.222-0300] {taskinstance.py:1165} INFO - Dependencies all met for <TaskInstance: tutorial_taskflow_api.extract manual__2022-11-06T21:23:01.339730+00:00 [queued]>
[2022-11-06T18:23:03.232-0300] {taskinstance.py:1165} INFO - Dependencies all met for <TaskInstance: tutorial_taskflow_api.extract manual__2022-11-06T21:23:01.339730+00:00 [queued]>
[2022-11-06T18:23:03.232-0300] {taskinstance.py:1362} INFO - 
--------------------------------------------------------------------------------
[2022-11-06T18:23:03.233-0300] {taskinstance.py:1363} INFO - Starting attempt 1 of 1
[2022-11-06T18:23:03.233-0300] {taskinstance.py:1364} INFO - 
--------------------------------------------------------------------------------
[2022-11-06T18:23:03.244-0300] {taskinstance.py:1383} INFO - Executing <Task(_PythonDecoratedOperator): extract> on 2022-11-06 21:23:01.339730+00:00
[2022-11-06T18:23:03.249-0300] {standard_task_runner.py:55} INFO - Started process 44760 to run task
[2022-11-06T18:23:03.252-0300] {standard_task_runner.py:82} INFO - Running: ['airflow', 'tasks', 'run', 'tutorial_taskflow_api', 'extract', 'manual__2022-11-06T21:23:01.339730+00:00', '--job-id', '441', '--raw', '--subdir', '/home/debian/etlhausz/venv/lib/python3.9/site-packages/airflow/example_dags/tutorial_taskflow_api.py', '--cfg-path', '/tmp/tmpsu48dgm9']
[2022-11-06T18:23:03.255-0300] {standard_task_runner.py:83} INFO - Job 441: Subtask extract
[2022-11-06T18:23:03.398-0300] {task_command.py:376} INFO - Running <TaskInstance: tutorial_taskflow_api.extract manual__2022-11-06T21:23:01.339730+00:00 [running]> on host debian
[2022-11-06T18:23:03.517-0300] {taskinstance.py:1590} INFO - Exporting the following env vars:
AIRFLOW_CTX_DAG_OWNER=airflow
AIRFLOW_CTX_DAG_ID=tutorial_taskflow_api
AIRFLOW_CTX_TASK_ID=extract
AIRFLOW_CTX_EXECUTION_DATE=2022-11-06T21:23:01.339730+00:00
AIRFLOW_CTX_TRY_NUMBER=1
AIRFLOW_CTX_DAG_RUN_ID=manual__2022-11-06T21:23:01.339730+00:00
[2022-11-06T18:23:03.517-0300] {python.py:177} INFO - Done. Returned value was: {'1001': 301.27, '1002': 433.21, '1003': 502.22}
[2022-11-06T18:23:03.575-0300] {taskinstance.py:1401} INFO - Marking task as SUCCESS. dag_id=tutorial_taskflow_api, task_id=extract, execution_date=20221106T2***01, start_date=20221106T2***03, end_date=20221106T2***03
[2022-11-06T18:23:03.605-0300] {local_task_job.py:164} INFO - Task exited with return code 0
[2022-11-06T18:23:03.668-0300] {local_task_job.py:273} INFO - 1 downstream tasks scheduled from follow-on schedule check
